[ 2017-07-02T02:56:54+08:00 ] 140.205.205.1 /
INFO: [ app_init ] --START--
INFO: Run Behavior\BuildLiteBehavior [ RunTime:0.000016s ]
INFO: [ app_init ] --END-- [ RunTime:0.000455s ]

[ 2017-07-02T07:05:23+08:00 ] 140.205.225.189 /index.php?m=member&c=index&a=register&siteid=1
INFO: [ app_init ] --START--
INFO: Run Behavior\BuildLiteBehavior [ RunTime:0.000017s ]
INFO: [ app_init ] --END-- [ RunTime:0.000476s ]
ERR: 非法操作:register

[ 2017-07-02T07:05:26+08:00 ] 140.205.225.189 /index.php?m=wap&a=index&siteid=1
INFO: [ app_init ] --START--
INFO: Run Behavior\BuildLiteBehavior [ RunTime:0.000016s ]
INFO: [ app_init ] --END-- [ RunTime:0.000386s ]

[ 2017-07-02T07:05:27+08:00 ] 140.205.225.189 /index.php?m=attachment&c=attachments&a=swfupload_json&aid=1&src=%26id=%*27a*nd%20ex*p(~(sele*ct%25*2afro*m(sele*ct+co*nc*at(0x7e,md5(233333),0x7e))x))%23%26m%3D1%26f%3Dtest%26modelid%3D2%26catid%3D6
INFO: [ app_init ] --START--
INFO: Run Behavior\BuildLiteBehavior [ RunTime:0.000016s ]
INFO: [ app_init ] --END-- [ RunTime:0.000362s ]
ERR: 非法操作:swfupload_json

[ 2017-07-02T07:25:46+08:00 ] 1.29.234.113 /
INFO: [ app_init ] --START--
INFO: Run Behavior\BuildLiteBehavior [ RunTime:0.000017s ]
INFO: [ app_init ] --END-- [ RunTime:0.000441s ]

[ 2017-07-02T07:25:55+08:00 ] 1.29.234.113 /index.php/Qt/Yl/yl.html
INFO: [ app_init ] --START--
INFO: Run Behavior\BuildLiteBehavior [ RunTime:0.000017s ]
INFO: [ app_init ] --END-- [ RunTime:0.000368s ]

[ 2017-07-02T07:25:56+08:00 ] 1.29.234.113 /index.php/Qt/Yl/yl.html
INFO: [ app_init ] --START--
INFO: Run Behavior\BuildLiteBehavior [ RunTime:0.000019s ]
INFO: [ app_init ] --END-- [ RunTime:0.000398s ]

[ 2017-07-02T07:26:00+08:00 ] 1.29.234.113 /index.php/Qt/Product/goumai.html
INFO: [ app_init ] --START--
INFO: Run Behavior\BuildLiteBehavior [ RunTime:0.000015s ]
INFO: [ app_init ] --END-- [ RunTime:0.000376s ]

[ 2017-07-02T07:26:01+08:00 ] 1.29.234.113 /index.php/Qt/Product/css/mr.css
INFO: [ app_init ] --START--
INFO: Run Behavior\BuildLiteBehavior [ RunTime:0.000017s ]
INFO: [ app_init ] --END-- [ RunTime:0.000366s ]
ERR: 非法操作:css

[ 2017-07-02T07:26:22+08:00 ] 1.29.234.113 /index.php/Qt/Product/goumai_dd
INFO: [ app_init ] --START--
INFO: Run Behavior\BuildLiteBehavior [ RunTime:0.000017s ]
INFO: [ app_init ] --END-- [ RunTime:0.000369s ]

[ 2017-07-02T07:26:23+08:00 ] 1.29.234.113 /index.php/Qt/Login/dl.html
INFO: [ app_init ] --START--
INFO: Run Behavior\BuildLiteBehavior [ RunTime:0.000016s ]
INFO: [ app_init ] --END-- [ RunTime:0.000364s ]

[ 2017-07-02T07:27:19+08:00 ] 111.161.57.63 /
INFO: [ app_init ] --START--
INFO: Run Behavior\BuildLiteBehavior [ RunTime:0.000018s ]
INFO: [ app_init ] --END-- [ RunTime:0.000402s ]

[ 2017-07-02T07:27:20+08:00 ] 111.30.132.205 /
INFO: [ app_init ] --START--
INFO: Run Behavior\BuildLiteBehavior [ RunTime:0.000017s ]
INFO: [ app_init ] --END-- [ RunTime:0.000467s ]

[ 2017-07-02T07:27:20+08:00 ] 123.151.42.52 /
INFO: [ app_init ] --START--
INFO: Run Behavior\BuildLiteBehavior [ RunTime:0.000016s ]
INFO: [ app_init ] --END-- [ RunTime:0.000466s ]

[ 2017-07-02T07:27:28+08:00 ] 101.226.33.224 /
INFO: [ app_init ] --START--
INFO: Run Behavior\BuildLiteBehavior [ RunTime:0.000017s ]
INFO: [ app_init ] --END-- [ RunTime:0.000376s ]

[ 2017-07-02T07:27:37+08:00 ] 123.151.42.52 /index.php/Qt/Yl/yl.html
INFO: [ app_init ] --START--
INFO: Run Behavior\BuildLiteBehavior [ RunTime:0.000017s ]
INFO: [ app_init ] --END-- [ RunTime:0.000373s ]

[ 2017-07-02T07:27:39+08:00 ] 123.151.42.52 /index.php/Qt/Yl/yl.html
INFO: [ app_init ] --START--
INFO: Run Behavior\BuildLiteBehavior [ RunTime:0.000016s ]
INFO: [ app_init ] --END-- [ RunTime:0.000362s ]

[ 2017-07-02T07:27:44+08:00 ] 123.151.42.52 /index.php/Qt/Product/goumai.html
INFO: [ app_init ] --START--
INFO: Run Behavior\BuildLiteBehavior [ RunTime:0.000016s ]
INFO: [ app_init ] --END-- [ RunTime:0.000408s ]

[ 2017-07-02T07:27:45+08:00 ] 42.226.118.155 /index.php/Qt/Product/css/mr.css
INFO: [ app_init ] --START--
INFO: Run Behavior\BuildLiteBehavior [ RunTime:0.000015s ]
INFO: [ app_init ] --END-- [ RunTime:0.000376s ]
ERR: 非法操作:css

[ 2017-07-02T07:37:18+08:00 ] 123.151.42.52 /index.php/Qt/Yl/yl.html
INFO: [ app_init ] --START--
INFO: Run Behavior\BuildLiteBehavior [ RunTime:0.000017s ]
INFO: [ app_init ] --END-- [ RunTime:0.000445s ]

[ 2017-07-02T07:38:05+08:00 ] 123.151.42.52 /
INFO: [ app_init ] --START--
INFO: Run Behavior\BuildLiteBehavior [ RunTime:0.000017s ]
INFO: [ app_init ] --END-- [ RunTime:0.000397s ]

[ 2017-07-02T07:38:55+08:00 ] 123.151.42.52 /
INFO: [ app_init ] --START--
INFO: Run Behavior\BuildLiteBehavior [ RunTime:0.000016s ]
INFO: [ app_init ] --END-- [ RunTime:0.000380s ]

[ 2017-07-02T07:42:02+08:00 ] 123.151.42.52 /
INFO: [ app_init ] --START--
INFO: Run Behavior\BuildLiteBehavior [ RunTime:0.000017s ]
INFO: [ app_init ] --END-- [ RunTime:0.000430s ]

[ 2017-07-02T07:42:18+08:00 ] 123.151.42.52 /index.php/Qt/Product/goumai.html
INFO: [ app_init ] --START--
INFO: Run Behavior\BuildLiteBehavior [ RunTime:0.000017s ]
INFO: [ app_init ] --END-- [ RunTime:0.000389s ]

[ 2017-07-02T07:42:19+08:00 ] 42.226.118.155 /index.php/Qt/Product/css/mr.css
INFO: [ app_init ] --START--
INFO: Run Behavior\BuildLiteBehavior [ RunTime:0.000016s ]
INFO: [ app_init ] --END-- [ RunTime:0.000367s ]
ERR: 非法操作:css

[ 2017-07-02T07:42:23+08:00 ] 123.151.42.52 /index.php/Qt/Product/goumai_dd
INFO: [ app_init ] --START--
INFO: Run Behavior\BuildLiteBehavior [ RunTime:0.000017s ]
INFO: [ app_init ] --END-- [ RunTime:0.000383s ]

[ 2017-07-02T07:42:24+08:00 ] 61.49.56.48 /
INFO: [ app_init ] --START--
INFO: Run Behavior\BuildLiteBehavior [ RunTime:0.000016s ]
INFO: [ app_init ] --END-- [ RunTime:0.000432s ]

[ 2017-07-02T07:42:24+08:00 ] 123.151.42.52 /index.php/Qt/Login/dl.html
INFO: [ app_init ] --START--
INFO: Run Behavior\BuildLiteBehavior [ RunTime:0.000015s ]
INFO: [ app_init ] --END-- [ RunTime:0.000401s ]

[ 2017-07-02T07:42:25+08:00 ] 111.30.141.104 /
INFO: [ app_init ] --START--
INFO: Run Behavior\BuildLiteBehavior [ RunTime:0.000015s ]
INFO: [ app_init ] --END-- [ RunTime:0.000408s ]

[ 2017-07-02T07:42:27+08:00 ] 123.151.42.52 /index.php/Qt/Product/goumai_dd
INFO: [ app_init ] --START--
INFO: Run Behavior\BuildLiteBehavior [ RunTime:0.000018s ]
INFO: [ app_init ] --END-- [ RunTime:0.000416s ]

[ 2017-07-02T07:42:29+08:00 ] 123.151.42.52 /index.php/Qt/Login/dl.html
INFO: [ app_init ] --START--
INFO: Run Behavior\BuildLiteBehavior [ RunTime:0.000017s ]
INFO: [ app_init ] --END-- [ RunTime:0.000516s ]

[ 2017-07-02T07:42:33+08:00 ] 101.226.33.228 /index.php/Qt/Product/goumai_dd
INFO: [ app_init ] --START--
INFO: Run Behavior\BuildLiteBehavior [ RunTime:0.000016s ]
INFO: [ app_init ] --END-- [ RunTime:0.000372s ]

[ 2017-07-02T07:42:33+08:00 ] 180.163.2.118 /index.php/Qt/Product/goumai_dd
INFO: [ app_init ] --START--
INFO: Run Behavior\BuildLiteBehavior [ RunTime:0.000016s ]
INFO: [ app_init ] --END-- [ RunTime:0.000371s ]

[ 2017-07-02T07:42:33+08:00 ] 61.151.226.202 /index.php/Qt/Product/goumai_dd
INFO: [ app_init ] --START--
INFO: Run Behavior\BuildLiteBehavior [ RunTime:0.000014s ]
INFO: [ app_init ] --END-- [ RunTime:0.000372s ]

[ 2017-07-02T07:42:34+08:00 ] 101.226.33.221 /index.php/Qt/Product/goumai_dd
INFO: [ app_init ] --START--
INFO: Run Behavior\BuildLiteBehavior [ RunTime:0.000016s ]
INFO: [ app_init ] --END-- [ RunTime:0.000456s ]

[ 2017-07-02T07:42:34+08:00 ] 123.151.42.52 /index.php/Qt/Product/goumai.html
INFO: [ app_init ] --START--
INFO: Run Behavior\BuildLiteBehavior [ RunTime:0.000015s ]
INFO: [ app_init ] --END-- [ RunTime:0.000358s ]

[ 2017-07-02T07:42:35+08:00 ] 42.226.118.155 /index.php/Qt/Product/css/mr.css
INFO: [ app_init ] --START--
INFO: Run Behavior\BuildLiteBehavior [ RunTime:0.000016s ]
INFO: [ app_init ] --END-- [ RunTime:0.000367s ]
ERR: 非法操作:css

[ 2017-07-02T07:42:38+08:00 ] 123.151.42.52 /index.php/Qt/Product/goumai_dd
INFO: [ app_init ] --START--
INFO: Run Behavior\BuildLiteBehavior [ RunTime:0.000016s ]
INFO: [ app_init ] --END-- [ RunTime:0.000370s ]

[ 2017-07-02T07:42:40+08:00 ] 123.151.42.52 /index.php/Qt/Login/dl.html
INFO: [ app_init ] --START--
INFO: Run Behavior\BuildLiteBehavior [ RunTime:0.000016s ]
INFO: [ app_init ] --END-- [ RunTime:0.000454s ]

[ 2017-07-02T07:42:42+08:00 ] 123.151.42.52 /index.php/Qt/Login/redirec.html
INFO: [ app_init ] --START--
INFO: Run Behavior\BuildLiteBehavior [ RunTime:0.000016s ]
INFO: [ app_init ] --END-- [ RunTime:0.000379s ]

[ 2017-07-02T07:42:43+08:00 ] 123.151.42.52 /index.php/Qt/Login/wxlogin
INFO: [ app_init ] --START--
INFO: Run Behavior\BuildLiteBehavior [ RunTime:0.000016s ]
INFO: [ app_init ] --END-- [ RunTime:0.000367s ]

[ 2017-07-02T07:42:46+08:00 ] 123.151.42.52 /index.php/Qt/Login/wxlogin?code=061tRPyD02pbig2LY7zD04nKyD0tRPyZ&state=STATE
INFO: [ app_init ] --START--
INFO: Run Behavior\BuildLiteBehavior [ RunTime:0.000017s ]
INFO: [ app_init ] --END-- [ RunTime:0.000375s ]

[ 2017-07-02T07:42:46+08:00 ] 123.151.42.52 /index.php/Qt/Login/wxlogin
INFO: [ app_init ] --START--
INFO: Run Behavior\BuildLiteBehavior [ RunTime:0.000016s ]
INFO: [ app_init ] --END-- [ RunTime:0.000374s ]

[ 2017-07-02T07:42:49+08:00 ] 123.151.42.52 /index.php/Qt/Login/wxlogin?code=011fU3uQ1bdTS715C1vQ1DWRtQ1fU3uq&state=STATE
INFO: [ app_init ] --START--
INFO: Run Behavior\BuildLiteBehavior [ RunTime:0.000015s ]
INFO: [ app_init ] --END-- [ RunTime:0.000364s ]

[ 2017-07-02T07:42:50+08:00 ] 123.151.42.52 /index.php/Qt/Login/wxlogin?code=031EXevG0mti2h2MPurG043avG0EXevH&state=STATE
INFO: [ app_init ] --START--
INFO: Run Behavior\BuildLiteBehavior [ RunTime:0.000016s ]
INFO: [ app_init ] --END-- [ RunTime:0.000425s ]

[ 2017-07-02T07:42:50+08:00 ] 123.151.42.52 /index.php/Qt/Login/wxlogin
INFO: [ app_init ] --START--
INFO: Run Behavior\BuildLiteBehavior [ RunTime:0.000017s ]
INFO: [ app_init ] --END-- [ RunTime:0.000371s ]

[ 2017-07-02T07:42:50+08:00 ] 123.151.42.52 /index.php/Qt/Login/wxlogin
INFO: [ app_init ] --START--
INFO: Run Behavior\BuildLiteBehavior [ RunTime:0.000017s ]
INFO: [ app_init ] --END-- [ RunTime:0.000426s ]

[ 2017-07-02T07:42:50+08:00 ] 123.151.42.52 /index.php/Qt/Login/wxlogin
INFO: [ app_init ] --START--
INFO: Run Behavior\BuildLiteBehavior [ RunTime:0.000016s ]
INFO: [ app_init ] --END-- [ RunTime:0.000367s ]

[ 2017-07-02T07:42:50+08:00 ] 123.151.42.52 /index.php/Qt/Login/wxlogin
INFO: [ app_init ] --START--
INFO: Run Behavior\BuildLiteBehavior [ RunTime:0.000016s ]
INFO: [ app_init ] --END-- [ RunTime:0.000439s ]

[ 2017-07-02T07:42:51+08:00 ] 123.151.42.52 /index.php/Qt/Login/wxlogin
INFO: [ app_init ] --START--
INFO: Run Behavior\BuildLiteBehavior [ RunTime:0.000016s ]
INFO: [ app_init ] --END-- [ RunTime:0.000370s ]

[ 2017-07-02T07:42:51+08:00 ] 123.151.42.52 /index.php/Qt/Login/wxlogin
INFO: [ app_init ] --START--
INFO: Run Behavior\BuildLiteBehavior [ RunTime:0.000017s ]
INFO: [ app_init ] --END-- [ RunTime:0.000366s ]

[ 2017-07-02T07:42:52+08:00 ] 101.226.33.225 /index.php/Qt/Login/redirec.html
INFO: [ app_init ] --START--
INFO: Run Behavior\BuildLiteBehavior [ RunTime:0.000015s ]
INFO: [ app_init ] --END-- [ RunTime:0.000362s ]

[ 2017-07-02T07:42:54+08:00 ] 123.151.42.52 /index.php/Qt/Login/wxlogin?code=071EJAF815aPoT1a47D819fSF81EJAFn&state=STATE
INFO: [ app_init ] --START--
INFO: Run Behavior\BuildLiteBehavior [ RunTime:0.000016s ]
INFO: [ app_init ] --END-- [ RunTime:0.000370s ]

[ 2017-07-02T07:42:55+08:00 ] 123.151.42.52 /index.php/Qt/Login/wxlogin?code=021R6c9t14d8ma0Yl0at1Zt39t1R6c95&state=STATE
INFO: [ app_init ] --START--
INFO: Run Behavior\BuildLiteBehavior [ RunTime:0.000056s ]
INFO: [ app_init ] --END-- [ RunTime:0.000417s ]

[ 2017-07-02T07:42:55+08:00 ] 123.151.42.52 /index.php/Qt/Login/wxlogin
INFO: [ app_init ] --START--
INFO: Run Behavior\BuildLiteBehavior [ RunTime:0.000015s ]
INFO: [ app_init ] --END-- [ RunTime:0.000428s ]

[ 2017-07-02T07:42:55+08:00 ] 123.151.42.52 /index.php/Qt/Login/wxlogin
INFO: [ app_init ] --START--
INFO: Run Behavior\BuildLiteBehavior [ RunTime:0.000017s ]
INFO: [ app_init ] --END-- [ RunTime:0.000366s ]

[ 2017-07-02T07:42:59+08:00 ] 123.151.42.52 /index.php/Qt/Product/goumai.html
INFO: [ app_init ] --START--
INFO: Run Behavior\BuildLiteBehavior [ RunTime:0.000017s ]
INFO: [ app_init ] --END-- [ RunTime:0.000428s ]

[ 2017-07-02T07:43:00+08:00 ] 42.226.118.155 /index.php/Qt/Product/css/mr.css
INFO: [ app_init ] --START--
INFO: Run Behavior\BuildLiteBehavior [ RunTime:0.000016s ]
INFO: [ app_init ] --END-- [ RunTime:0.000386s ]
ERR: 非法操作:css

[ 2017-07-02T07:43:04+08:00 ] 123.151.42.52 /index.php/Qt/Product/goumai_dd
INFO: [ app_init ] --START--
INFO: Run Behavior\BuildLiteBehavior [ RunTime:0.000017s ]
INFO: [ app_init ] --END-- [ RunTime:0.000390s ]

[ 2017-07-02T07:43:07+08:00 ] 123.151.42.52 /index.php/Qt/User/sfrz.html
INFO: [ app_init ] --START--
INFO: Run Behavior\BuildLiteBehavior [ RunTime:0.000017s ]
INFO: [ app_init ] --END-- [ RunTime:0.000413s ]

[ 2017-07-02T07:43:10+08:00 ] 123.151.42.52 /index.php/Qt/Product/goumai_dd
INFO: [ app_init ] --START--
INFO: Run Behavior\BuildLiteBehavior [ RunTime:0.000017s ]
INFO: [ app_init ] --END-- [ RunTime:0.000386s ]

[ 2017-07-02T07:43:12+08:00 ] 123.151.42.52 /index.php/Qt/User/sfrz.html
INFO: [ app_init ] --START--
INFO: Run Behavior\BuildLiteBehavior [ RunTime:0.000016s ]
INFO: [ app_init ] --END-- [ RunTime:0.000375s ]

[ 2017-07-02T07:43:23+08:00 ] 42.226.118.155 /index.php/Qt/Product/css/mr.css
INFO: [ app_init ] --START--
INFO: Run Behavior\BuildLiteBehavior [ RunTime:0.000016s ]
INFO: [ app_init ] --END-- [ RunTime:0.000368s ]
ERR: 非法操作:css

[ 2017-07-02T07:43:25+08:00 ] 42.226.118.155 /index.php/Qt/Product/css/mr.css
INFO: [ app_init ] --START--
INFO: Run Behavior\BuildLiteBehavior [ RunTime:0.000017s ]
INFO: [ app_init ] --END-- [ RunTime:0.000386s ]
ERR: 非法操作:css

[ 2017-07-02T07:49:01+08:00 ] 123.151.42.52 /
INFO: [ app_init ] --START--
INFO: Run Behavior\BuildLiteBehavior [ RunTime:0.000017s ]
INFO: [ app_init ] --END-- [ RunTime:0.000405s ]

[ 2017-07-02T07:49:16+08:00 ] 123.151.42.52 /index.php/Qt/Yl/yl.html
INFO: [ app_init ] --START--
INFO: Run Behavior\BuildLiteBehavior [ RunTime:0.000018s ]
INFO: [ app_init ] --END-- [ RunTime:0.000399s ]

[ 2017-07-02T07:49:17+08:00 ] 123.151.42.52 /index.php/Qt/Yl/yl.html
INFO: [ app_init ] --START--
INFO: Run Behavior\BuildLiteBehavior [ RunTime:0.000017s ]
INFO: [ app_init ] --END-- [ RunTime:0.000366s ]

[ 2017-07-02T07:49:22+08:00 ] 123.151.42.52 /index.php/Qt/Product/goumai.html
INFO: [ app_init ] --START--
INFO: Run Behavior\BuildLiteBehavior [ RunTime:0.000018s ]
INFO: [ app_init ] --END-- [ RunTime:0.000373s ]

[ 2017-07-02T07:49:24+08:00 ] 42.226.118.155 /index.php/Qt/Product/css/mr.css
INFO: [ app_init ] --START--
INFO: Run Behavior\BuildLiteBehavior [ RunTime:0.000017s ]
INFO: [ app_init ] --END-- [ RunTime:0.000457s ]
ERR: 非法操作:css

[ 2017-07-02T07:49:37+08:00 ] 123.151.42.52 /index.php/Qt/Product/goumai_dd
INFO: [ app_init ] --START--
INFO: Run Behavior\BuildLiteBehavior [ RunTime:0.000016s ]
INFO: [ app_init ] --END-- [ RunTime:0.000383s ]

[ 2017-07-02T07:49:39+08:00 ] 123.151.42.52 /index.php/Qt/User/sfrz.html
INFO: [ app_init ] --START--
INFO: Run Behavior\BuildLiteBehavior [ RunTime:0.000016s ]
INFO: [ app_init ] --END-- [ RunTime:0.000365s ]

[ 2017-07-02T07:49:41+08:00 ] 42.226.118.155 /index.php/Qt/Product/css/mr.css
INFO: [ app_init ] --START--
INFO: Run Behavior\BuildLiteBehavior [ RunTime:0.000018s ]
INFO: [ app_init ] --END-- [ RunTime:0.000373s ]
ERR: 非法操作:css

[ 2017-07-02T07:49:43+08:00 ] 123.151.42.52 /index.php/Qt/Yl/yl.html
INFO: [ app_init ] --START--
INFO: Run Behavior\BuildLiteBehavior [ RunTime:0.000017s ]
INFO: [ app_init ] --END-- [ RunTime:0.000366s ]

[ 2017-07-02T07:50:31+08:00 ] 123.151.42.52 /index.php/Qt/Product/goumai.html
INFO: [ app_init ] --START--
INFO: Run Behavior\BuildLiteBehavior [ RunTime:0.000017s ]
INFO: [ app_init ] --END-- [ RunTime:0.000467s ]

[ 2017-07-02T07:50:32+08:00 ] 42.226.118.155 /index.php/Qt/Product/css/mr.css
INFO: [ app_init ] --START--
INFO: Run Behavior\BuildLiteBehavior [ RunTime:0.000016s ]
INFO: [ app_init ] --END-- [ RunTime:0.000402s ]
ERR: 非法操作:css

[ 2017-07-02T07:50:46+08:00 ] 123.151.42.52 /index.php/Qt/Product/goumai_dd
INFO: [ app_init ] --START--
INFO: Run Behavior\BuildLiteBehavior [ RunTime:0.000017s ]
INFO: [ app_init ] --END-- [ RunTime:0.000404s ]

[ 2017-07-02T07:50:49+08:00 ] 123.151.42.52 /index.php/Qt/User/sfrz.html
INFO: [ app_init ] --START--
INFO: Run Behavior\BuildLiteBehavior [ RunTime:0.000016s ]
INFO: [ app_init ] --END-- [ RunTime:0.000385s ]

[ 2017-07-02T07:51:02+08:00 ] 123.151.42.52 /index.php/Qt/User/sfrz
INFO: [ app_init ] --START--
INFO: Run Behavior\BuildLiteBehavior [ RunTime:0.000015s ]
INFO: [ app_init ] --END-- [ RunTime:0.000371s ]

[ 2017-07-02T07:51:03+08:00 ] 123.151.42.52 /index.php/Qt/User/zl.html
INFO: [ app_init ] --START--
INFO: Run Behavior\BuildLiteBehavior [ RunTime:0.000017s ]
INFO: [ app_init ] --END-- [ RunTime:0.000362s ]

[ 2017-07-02T07:51:13+08:00 ] 101.226.33.204 /index.php/Qt/User/zl.html
INFO: [ app_init ] --START--
INFO: Run Behavior\BuildLiteBehavior [ RunTime:0.000017s ]
INFO: [ app_init ] --END-- [ RunTime:0.000373s ]

[ 2017-07-02T07:51:23+08:00 ] 123.151.42.52 /index.php/Qt/User/zl
INFO: [ app_init ] --START--
INFO: Run Behavior\BuildLiteBehavior [ RunTime:0.000015s ]
INFO: [ app_init ] --END-- [ RunTime:0.000376s ]

[ 2017-07-02T07:51:27+08:00 ] 123.151.42.52 /index.php/Qt/User/zl.html
INFO: [ app_init ] --START--
INFO: Run Behavior\BuildLiteBehavior [ RunTime:0.000016s ]
INFO: [ app_init ] --END-- [ RunTime:0.000409s ]

[ 2017-07-02T07:51:50+08:00 ] 42.226.118.155 /index.php/Qt/Product/css/mr.css
INFO: [ app_init ] --START--
INFO: Run Behavior\BuildLiteBehavior [ RunTime:0.000016s ]
INFO: [ app_init ] --END-- [ RunTime:0.000406s ]
ERR: 非法操作:css

[ 2017-07-02T08:21:04+08:00 ] 123.151.42.52 /
INFO: [ app_init ] --START--
INFO: Run Behavior\BuildLiteBehavior [ RunTime:0.000017s ]
INFO: [ app_init ] --END-- [ RunTime:0.000471s ]

[ 2017-07-02T08:21:05+08:00 ] 111.161.57.57 /
INFO: [ app_init ] --START--
INFO: Run Behavior\BuildLiteBehavior [ RunTime:0.000019s ]
INFO: [ app_init ] --END-- [ RunTime:0.000457s ]

[ 2017-07-02T08:21:05+08:00 ] 111.30.137.185 /
INFO: [ app_init ] --START--
INFO: Run Behavior\BuildLiteBehavior [ RunTime:0.000018s ]
INFO: [ app_init ] --END-- [ RunTime:0.000441s ]

[ 2017-07-02T08:21:14+08:00 ] 101.226.125.104 /
INFO: [ app_init ] --START--
INFO: Run Behavior\BuildLiteBehavior [ RunTime:0.000018s ]
INFO: [ app_init ] --END-- [ RunTime:0.000480s ]

[ 2017-07-02T08:29:15+08:00 ] 39.188.148.35 /
INFO: [ app_init ] --START--
INFO: Run Behavior\BuildLiteBehavior [ RunTime:0.000017s ]
INFO: [ app_init ] --END-- [ RunTime:0.000459s ]

[ 2017-07-02T08:31:44+08:00 ] 39.188.148.35 /index.php/Qt/News/zx_xx/id/6.html
INFO: [ app_init ] --START--
INFO: Run Behavior\BuildLiteBehavior [ RunTime:0.000017s ]
INFO: [ app_init ] --END-- [ RunTime:0.000510s ]

[ 2017-07-02T08:42:38+08:00 ] 123.151.138.60 /index.php/Qt/Tg/tg.html?scode=1389
INFO: [ app_init ] --START--
INFO: Run Behavior\BuildLiteBehavior [ RunTime:0.000018s ]
INFO: [ app_init ] --END-- [ RunTime:0.001123s ]

[ 2017-07-02T08:42:39+08:00 ] 111.161.57.57 /
INFO: [ app_init ] --START--
INFO: Run Behavior\BuildLiteBehavior [ RunTime:0.000017s ]
INFO: [ app_init ] --END-- [ RunTime:0.000468s ]

[ 2017-07-02T08:42:40+08:00 ] 111.30.132.208 /
INFO: [ app_init ] --START--
INFO: Run Behavior\BuildLiteBehavior [ RunTime:0.000017s ]
INFO: [ app_init ] --END-- [ RunTime:0.000442s ]

[ 2017-07-02T08:42:46+08:00 ] 140.207.185.112 /index.php/Qt/Tg/tg.html?scode=1389
INFO: [ app_init ] --START--
INFO: Run Behavior\BuildLiteBehavior [ RunTime:0.000027s ]
INFO: [ app_init ] --END-- [ RunTime:0.000586s ]

[ 2017-07-02T08:56:16+08:00 ] 123.151.153.36 /index.php/Qt/Tg/tg.html?scode=1389
INFO: [ app_init ] --START--
INFO: Run Behavior\BuildLiteBehavior [ RunTime:0.000016s ]
INFO: [ app_init ] --END-- [ RunTime:0.000433s ]

[ 2017-07-02T08:56:33+08:00 ] 123.151.153.36 /
INFO: [ app_init ] --START--
INFO: Run Behavior\BuildLiteBehavior [ RunTime:0.000018s ]
INFO: [ app_init ] --END-- [ RunTime:0.000394s ]

[ 2017-07-02T08:58:53+08:00 ] 113.9.27.6 /
INFO: [ app_init ] --START--
INFO: Run Behavior\BuildLiteBehavior [ RunTime:0.000016s ]
INFO: [ app_init ] --END-- [ RunTime:0.000432s ]

[ 2017-07-02T08:58:56+08:00 ] 113.9.27.6 /index.php/Qt/Mr/mr.html
INFO: [ app_init ] --START--
INFO: Run Behavior\BuildLiteBehavior [ RunTime:0.000017s ]
INFO: [ app_init ] --END-- [ RunTime:0.000392s ]

[ 2017-07-02T08:58:56+08:00 ] 113.9.27.6 /index.php/Qt/Login/dl.html
INFO: [ app_init ] --START--
INFO: Run Behavior\BuildLiteBehavior [ RunTime:0.000016s ]
INFO: [ app_init ] --END-- [ RunTime:0.000363s ]

[ 2017-07-02T08:58:57+08:00 ] 113.9.27.6 /index.php/Qt/Login/redirec.html
INFO: [ app_init ] --START--
INFO: Run Behavior\BuildLiteBehavior [ RunTime:0.000017s ]
INFO: [ app_init ] --END-- [ RunTime:0.000374s ]

[ 2017-07-02T08:58:58+08:00 ] 113.9.27.6 /index.php/Qt/Login/wxlogin
INFO: [ app_init ] --START--
INFO: Run Behavior\BuildLiteBehavior [ RunTime:0.000015s ]
INFO: [ app_init ] --END-- [ RunTime:0.000361s ]

[ 2017-07-02T08:59:01+08:00 ] 113.9.27.6 /index.php/Qt/Login/wxlogin?code=0719jPw42rZhTJ02DfA428IOw429jPw6&state=STATE
INFO: [ app_init ] --START--
INFO: Run Behavior\BuildLiteBehavior [ RunTime:0.000016s ]
INFO: [ app_init ] --END-- [ RunTime:0.000378s ]

[ 2017-07-02T08:59:02+08:00 ] 113.9.27.6 /index.php/Qt/index/index.html
INFO: [ app_init ] --START--
INFO: Run Behavior\BuildLiteBehavior [ RunTime:0.000018s ]
INFO: [ app_init ] --END-- [ RunTime:0.000381s ]

[ 2017-07-02T08:59:07+08:00 ] 113.9.27.6 /index.php/Qt/Mr/mr.html
INFO: [ app_init ] --START--
INFO: Run Behavior\BuildLiteBehavior [ RunTime:0.000016s ]
INFO: [ app_init ] --END-- [ RunTime:0.000374s ]

[ 2017-07-02T08:59:09+08:00 ] 101.226.64.177 /index.php/Qt/Login/wxlogin
INFO: [ app_init ] --START--
INFO: Run Behavior\BuildLiteBehavior [ RunTime:0.000016s ]
INFO: [ app_init ] --END-- [ RunTime:0.000398s ]

[ 2017-07-02T08:59:09+08:00 ] 113.9.27.6 /index.php/Qt/Tg/tg.html?scode=2149
INFO: [ app_init ] --START--
INFO: Run Behavior\BuildLiteBehavior [ RunTime:0.000016s ]
INFO: [ app_init ] --END-- [ RunTime:0.000383s ]

[ 2017-07-02T08:59:14+08:00 ] 101.226.125.104 /index.php/Qt/index/index.html
INFO: [ app_init ] --START--
INFO: Run Behavior\BuildLiteBehavior [ RunTime:0.000016s ]
INFO: [ app_init ] --END-- [ RunTime:0.000384s ]

[ 2017-07-02T08:59:19+08:00 ] 101.226.33.216 /index.php/Qt/Tg/tg.html?scode=2149
INFO: [ app_init ] --START--
INFO: Run Behavior\BuildLiteBehavior [ RunTime:0.000016s ]
INFO: [ app_init ] --END-- [ RunTime:0.000366s ]

[ 2017-07-02T08:59:39+08:00 ] 113.9.27.6 /index.php/Qt/News/gy.html
INFO: [ app_init ] --START--
INFO: Run Behavior\BuildLiteBehavior [ RunTime:0.000017s ]
INFO: [ app_init ] --END-- [ RunTime:0.000380s ]

[ 2017-07-02T08:59:44+08:00 ] 113.9.27.6 /index.php/Qt/Mr/mr.html
INFO: [ app_init ] --START--
INFO: Run Behavior\BuildLiteBehavior [ RunTime:0.000016s ]
INFO: [ app_init ] --END-- [ RunTime:0.000364s ]

[ 2017-07-02T08:59:48+08:00 ] 113.9.27.6 /index.php/Qt/Kefu/kf.html
INFO: [ app_init ] --START--
INFO: Run Behavior\BuildLiteBehavior [ RunTime:0.000028s ]
INFO: [ app_init ] --END-- [ RunTime:0.000583s ]

[ 2017-07-02T08:59:50+08:00 ] 101.226.33.223 /index.php/Qt/News/gy.html
INFO: [ app_init ] --START--
INFO: Run Behavior\BuildLiteBehavior [ RunTime:0.000017s ]
INFO: [ app_init ] --END-- [ RunTime:0.000384s ]

[ 2017-07-02T08:59:53+08:00 ] 113.9.27.6 /index.php/Qt/User/zl.html
INFO: [ app_init ] --START--
INFO: Run Behavior\BuildLiteBehavior [ RunTime:0.000017s ]
INFO: [ app_init ] --END-- [ RunTime:0.000424s ]

[ 2017-07-02T08:59:58+08:00 ] 101.226.66.191 /index.php/Qt/Kefu/kf.html
INFO: [ app_init ] --START--
INFO: Run Behavior\BuildLiteBehavior [ RunTime:0.000017s ]
INFO: [ app_init ] --END-- [ RunTime:0.000393s ]

[ 2017-07-02T08:59:59+08:00 ] 113.9.27.6 /index.php/Qt/News/zx.html
INFO: [ app_init ] --START--
INFO: Run Behavior\BuildLiteBehavior [ RunTime:0.000018s ]
INFO: [ app_init ] --END-- [ RunTime:0.000498s ]

[ 2017-07-02T09:00:03+08:00 ] 180.163.1.46 /index.php/Qt/User/zl.html
INFO: [ app_init ] --START--
INFO: Run Behavior\BuildLiteBehavior [ RunTime:0.000016s ]
INFO: [ app_init ] --END-- [ RunTime:0.000385s ]

[ 2017-07-02T09:00:06+08:00 ] 113.9.27.6 /index.php/Qt/Mr/mr.html
INFO: [ app_init ] --START--
INFO: Run Behavior\BuildLiteBehavior [ RunTime:0.000024s ]
INFO: [ app_init ] --END-- [ RunTime:0.000374s ]

[ 2017-07-02T09:00:09+08:00 ] 113.9.27.6 /index.php/Qt/Cont/ht.html
INFO: [ app_init ] --START--
INFO: Run Behavior\BuildLiteBehavior [ RunTime:0.000017s ]
INFO: [ app_init ] --END-- [ RunTime:0.000395s ]

[ 2017-07-02T09:00:13+08:00 ] 113.9.27.6 /index.php/Qt/Information/xx.html
INFO: [ app_init ] --START--
INFO: Run Behavior\BuildLiteBehavior [ RunTime:0.000015s ]
INFO: [ app_init ] --END-- [ RunTime:0.000363s ]

[ 2017-07-02T09:00:19+08:00 ] 113.9.27.6 /index.php/Qt/Video/mc.html
INFO: [ app_init ] --START--
INFO: Run Behavior\BuildLiteBehavior [ RunTime:0.000016s ]
INFO: [ app_init ] --END-- [ RunTime:0.000416s ]

[ 2017-07-02T09:00:21+08:00 ] 113.9.27.6 /index.php/Qt/Goods/sc.html
INFO: [ app_init ] --START--
INFO: Run Behavior\BuildLiteBehavior [ RunTime:0.000016s ]
INFO: [ app_init ] --END-- [ RunTime:0.000370s ]

[ 2017-07-02T09:00:22+08:00 ] 113.9.27.6 /index.php/Qt/Video/mc.html
INFO: [ app_init ] --START--
INFO: Run Behavior\BuildLiteBehavior [ RunTime:0.000016s ]
INFO: [ app_init ] --END-- [ RunTime:0.000373s ]

[ 2017-07-02T09:00:24+08:00 ] 113.9.27.6 /index.php/Qt/Video/mc_lb.html
INFO: [ app_init ] --START--
INFO: Run Behavior\BuildLiteBehavior [ RunTime:0.000016s ]
INFO: [ app_init ] --END-- [ RunTime:0.000364s ]

[ 2017-07-02T09:00:26+08:00 ] 113.9.27.6 /index.php/Qt/Video/mc.html
INFO: [ app_init ] --START--
INFO: Run Behavior\BuildLiteBehavior [ RunTime:0.000015s ]
INFO: [ app_init ] --END-- [ RunTime:0.000383s ]

[ 2017-07-02T09:00:28+08:00 ] 113.9.27.6 /index.php/Qt/Goods/sc.html
INFO: [ app_init ] --START--
INFO: Run Behavior\BuildLiteBehavior [ RunTime:0.000016s ]
INFO: [ app_init ] --END-- [ RunTime:0.000455s ]

[ 2017-07-02T09:00:29+08:00 ] 113.9.27.6 /index.php/Qt/Video/mc.html
INFO: [ app_init ] --START--
INFO: Run Behavior\BuildLiteBehavior [ RunTime:0.000018s ]
INFO: [ app_init ] --END-- [ RunTime:0.000384s ]

[ 2017-07-02T09:00:31+08:00 ] 113.9.27.6 /index.php/Qt/Mr/mr.html
INFO: [ app_init ] --START--
INFO: Run Behavior\BuildLiteBehavior [ RunTime:0.000024s ]
INFO: [ app_init ] --END-- [ RunTime:0.000456s ]

[ 2017-07-02T09:00:34+08:00 ] 101.226.33.202 /index.php/Qt/Video/mc_lb.html
INFO: [ app_init ] --START--
INFO: Run Behavior\BuildLiteBehavior [ RunTime:0.000016s ]
INFO: [ app_init ] --END-- [ RunTime:0.000365s ]

[ 2017-07-02T09:00:39+08:00 ] 101.226.64.177 /index.php/Qt/Video/mc.html
INFO: [ app_init ] --START--
INFO: Run Behavior\BuildLiteBehavior [ RunTime:0.000017s ]
INFO: [ app_init ] --END-- [ RunTime:0.000393s ]

[ 2017-07-02T09:06:28+08:00 ] 101.226.33.208 /index.php/Qt/index/index.html
INFO: [ app_init ] --START--
INFO: Run Behavior\BuildLiteBehavior [ RunTime:0.000017s ]
INFO: [ app_init ] --END-- [ RunTime:0.000458s ]

[ 2017-07-02T09:07:13+08:00 ] 101.226.33.208 /index.php/Qt/index/
INFO: [ app_init ] --START--
INFO: Run Behavior\BuildLiteBehavior [ RunTime:0.000027s ]
INFO: [ app_init ] --END-- [ RunTime:0.000396s ]

[ 2017-07-02T13:12:38+08:00 ] 125.39.57.39 /
INFO: [ app_init ] --START--
INFO: Run Behavior\BuildLiteBehavior [ RunTime:0.000015s ]
INFO: [ app_init ] --END-- [ RunTime:0.000440s ]

[ 2017-07-02T13:12:39+08:00 ] 111.30.132.205 /
INFO: [ app_init ] --START--
INFO: Run Behavior\BuildLiteBehavior [ RunTime:0.000016s ]
INFO: [ app_init ] --END-- [ RunTime:0.000410s ]

[ 2017-07-02T13:12:39+08:00 ] 123.151.148.172 /
INFO: [ app_init ] --START--
INFO: Run Behavior\BuildLiteBehavior [ RunTime:0.000016s ]
INFO: [ app_init ] --END-- [ RunTime:0.000425s ]

[ 2017-07-02T13:12:58+08:00 ] 123.151.148.172 /index.php/Qt/Video/mc.html
INFO: [ app_init ] --START--
INFO: Run Behavior\BuildLiteBehavior [ RunTime:0.000017s ]
INFO: [ app_init ] --END-- [ RunTime:0.000378s ]

[ 2017-07-02T13:13:01+08:00 ] 123.151.148.172 /index.php/Qt/Goods/sc.html
INFO: [ app_init ] --START--
INFO: Run Behavior\BuildLiteBehavior [ RunTime:0.000017s ]
INFO: [ app_init ] --END-- [ RunTime:0.000389s ]

[ 2017-07-02T13:13:07+08:00 ] 123.151.148.172 /index.php/Qt/Mr/mr.html
INFO: [ app_init ] --START--
INFO: Run Behavior\BuildLiteBehavior [ RunTime:0.000016s ]
INFO: [ app_init ] --END-- [ RunTime:0.000373s ]

[ 2017-07-02T13:13:07+08:00 ] 123.151.148.172 /index.php/Qt/Login/dl.html
INFO: [ app_init ] --START--
INFO: Run Behavior\BuildLiteBehavior [ RunTime:0.000017s ]
INFO: [ app_init ] --END-- [ RunTime:0.000375s ]

[ 2017-07-02T13:13:17+08:00 ] 101.226.33.237 /index.php/Qt/Mr/mr.html
INFO: [ app_init ] --START--
INFO: Run Behavior\BuildLiteBehavior [ RunTime:0.000016s ]
INFO: [ app_init ] --END-- [ RunTime:0.000364s ]

[ 2017-07-02T13:13:17+08:00 ] 101.226.33.237 /index.php/Qt/Login/dl.html
INFO: [ app_init ] --START--
INFO: Run Behavior\BuildLiteBehavior [ RunTime:0.000016s ]
INFO: [ app_init ] --END-- [ RunTime:0.000357s ]

[ 2017-07-02T13:13:28+08:00 ] 123.151.148.172 /index.php/Qt/Login/dl
INFO: [ app_init ] --START--
INFO: Run Behavior\BuildLiteBehavior [ RunTime:0.000016s ]
INFO: [ app_init ] --END-- [ RunTime:0.000433s ]

[ 2017-07-02T13:13:37+08:00 ] 101.226.66.178 /index.php/Qt/Login/dl
INFO: [ app_init ] --START--
INFO: Run Behavior\BuildLiteBehavior [ RunTime:0.000016s ]
INFO: [ app_init ] --END-- [ RunTime:0.000362s ]

[ 2017-07-02T13:27:01+08:00 ] 182.140.215.77 /
INFO: [ app_init ] --START--
INFO: Run Behavior\BuildLiteBehavior [ RunTime:0.000016s ]
INFO: [ app_init ] --END-- [ RunTime:0.000429s ]

[ 2017-07-02T13:27:04+08:00 ] 182.140.215.77 /
INFO: [ app_init ] --START--
INFO: Run Behavior\BuildLiteBehavior [ RunTime:0.000016s ]
INFO: [ app_init ] --END-- [ RunTime:0.000406s ]

[ 2017-07-02T13:27:07+08:00 ] 182.140.215.77 /
INFO: [ app_init ] --START--
INFO: Run Behavior\BuildLiteBehavior [ RunTime:0.000017s ]
INFO: [ app_init ] --END-- [ RunTime:0.000432s ]

[ 2017-07-02T13:27:09+08:00 ] 182.140.215.77 /
INFO: [ app_init ] --START--
INFO: Run Behavior\BuildLiteBehavior [ RunTime:0.000017s ]
INFO: [ app_init ] --END-- [ RunTime:0.000373s ]

[ 2017-07-02T13:27:09+08:00 ] 182.140.215.77 /index.php/Qt/Video/mc.html
INFO: [ app_init ] --START--
INFO: Run Behavior\BuildLiteBehavior [ RunTime:0.000016s ]
INFO: [ app_init ] --END-- [ RunTime:0.000362s ]

[ 2017-07-02T13:27:16+08:00 ] 182.140.215.77 /index.php/Qt/Goods/sc.html
INFO: [ app_init ] --START--
INFO: Run Behavior\BuildLiteBehavior [ RunTime:0.000016s ]
INFO: [ app_init ] --END-- [ RunTime:0.000370s ]

[ 2017-07-02T13:27:16+08:00 ] 182.140.215.77 /index.php/Qt/Mr/mr.html
INFO: [ app_init ] --START--
INFO: Run Behavior\BuildLiteBehavior [ RunTime:0.000016s ]
INFO: [ app_init ] --END-- [ RunTime:0.000385s ]

[ 2017-07-02T13:27:16+08:00 ] 182.140.215.77 /index.php/Qt/Login/dl.html
INFO: [ app_init ] --START--
INFO: Run Behavior\BuildLiteBehavior [ RunTime:0.000015s ]
INFO: [ app_init ] --END-- [ RunTime:0.000363s ]

[ 2017-07-02T13:27:18+08:00 ] 182.140.215.77 /
INFO: [ app_init ] --START--
INFO: Run Behavior\BuildLiteBehavior [ RunTime:0.000019s ]
INFO: [ app_init ] --END-- [ RunTime:0.000384s ]

[ 2017-07-02T13:27:19+08:00 ] 182.140.215.77 /
INFO: [ app_init ] --START--
INFO: Run Behavior\BuildLiteBehavior [ RunTime:0.000016s ]
INFO: [ app_init ] --END-- [ RunTime:0.000362s ]

[ 2017-07-02T13:27:20+08:00 ] 182.140.215.77 /
INFO: [ app_init ] --START--
INFO: Run Behavior\BuildLiteBehavior [ RunTime:0.000016s ]
INFO: [ app_init ] --END-- [ RunTime:0.000378s ]

[ 2017-07-02T13:27:20+08:00 ] 182.140.215.77 /index.php/Qt/Video/mc.html
INFO: [ app_init ] --START--
INFO: Run Behavior\BuildLiteBehavior [ RunTime:0.000015s ]
INFO: [ app_init ] --END-- [ RunTime:0.000374s ]

[ 2017-07-02T13:27:22+08:00 ] 182.140.215.77 /index.php/Qt/Goods/sc.html
INFO: [ app_init ] --START--
INFO: Run Behavior\BuildLiteBehavior [ RunTime:0.000016s ]
INFO: [ app_init ] --END-- [ RunTime:0.000360s ]

[ 2017-07-02T13:27:22+08:00 ] 182.140.215.77 /index.php/Qt/Mr/mr.html
INFO: [ app_init ] --START--
INFO: Run Behavior\BuildLiteBehavior [ RunTime:0.000017s ]
INFO: [ app_init ] --END-- [ RunTime:0.000430s ]

[ 2017-07-02T13:27:22+08:00 ] 182.140.215.77 /index.php/Qt/Login/dl.html
INFO: [ app_init ] --START--
INFO: Run Behavior\BuildLiteBehavior [ RunTime:0.000016s ]
INFO: [ app_init ] --END-- [ RunTime:0.000364s ]

[ 2017-07-02T13:27:23+08:00 ] 182.140.215.77 /index.php/Qt/Yl/yl.html
INFO: [ app_init ] --START--
INFO: Run Behavior\BuildLiteBehavior [ RunTime:0.000016s ]
INFO: [ app_init ] --END-- [ RunTime:0.000370s ]

[ 2017-07-02T13:27:25+08:00 ] 182.140.215.77 /index.php/Qt/Yl/yl.html
INFO: [ app_init ] --START--
INFO: Run Behavior\BuildLiteBehavior [ RunTime:0.000017s ]
INFO: [ app_init ] --END-- [ RunTime:0.000382s ]

[ 2017-07-02T13:34:02+08:00 ] 182.140.215.77 /
INFO: [ app_init ] --START--
INFO: Run Behavior\BuildLiteBehavior [ RunTime:0.000017s ]
INFO: [ app_init ] --END-- [ RunTime:0.000446s ]

[ 2017-07-02T13:34:03+08:00 ] 182.140.215.77 /
INFO: [ app_init ] --START--
INFO: Run Behavior\BuildLiteBehavior [ RunTime:0.000016s ]
INFO: [ app_init ] --END-- [ RunTime:0.000363s ]

[ 2017-07-02T13:34:05+08:00 ] 182.140.215.77 /
INFO: [ app_init ] --START--
INFO: Run Behavior\BuildLiteBehavior [ RunTime:0.000016s ]
INFO: [ app_init ] --END-- [ RunTime:0.000372s ]

[ 2017-07-02T13:34:06+08:00 ] 182.140.215.77 /
INFO: [ app_init ] --START--
INFO: Run Behavior\BuildLiteBehavior [ RunTime:0.000017s ]
INFO: [ app_init ] --END-- [ RunTime:0.000387s ]

[ 2017-07-02T13:34:06+08:00 ] 182.140.215.77 /index.php/Qt/Video/mc.html
INFO: [ app_init ] --START--
INFO: Run Behavior\BuildLiteBehavior [ RunTime:0.000017s ]
INFO: [ app_init ] --END-- [ RunTime:0.000368s ]

[ 2017-07-02T13:34:08+08:00 ] 182.140.215.77 /index.php/Qt/Goods/sc.html
INFO: [ app_init ] --START--
INFO: Run Behavior\BuildLiteBehavior [ RunTime:0.000016s ]
INFO: [ app_init ] --END-- [ RunTime:0.000417s ]

[ 2017-07-02T13:34:08+08:00 ] 182.140.215.77 /index.php/Qt/Mr/mr.html
INFO: [ app_init ] --START--
INFO: Run Behavior\BuildLiteBehavior [ RunTime:0.000016s ]
INFO: [ app_init ] --END-- [ RunTime:0.000373s ]

[ 2017-07-02T13:34:08+08:00 ] 182.140.215.77 /index.php/Qt/Login/dl.html
INFO: [ app_init ] --START--
INFO: Run Behavior\BuildLiteBehavior [ RunTime:0.000017s ]
INFO: [ app_init ] --END-- [ RunTime:0.000364s ]

[ 2017-07-02T13:34:10+08:00 ] 182.140.215.77 /
INFO: [ app_init ] --START--
INFO: Run Behavior\BuildLiteBehavior [ RunTime:0.000017s ]
INFO: [ app_init ] --END-- [ RunTime:0.000362s ]

[ 2017-07-02T13:34:11+08:00 ] 182.140.215.77 /
INFO: [ app_init ] --START--
INFO: Run Behavior\BuildLiteBehavior [ RunTime:0.000019s ]
INFO: [ app_init ] --END-- [ RunTime:0.000420s ]

[ 2017-07-02T13:34:12+08:00 ] 182.140.215.77 /
INFO: [ app_init ] --START--
INFO: Run Behavior\BuildLiteBehavior [ RunTime:0.000017s ]
INFO: [ app_init ] --END-- [ RunTime:0.000362s ]

[ 2017-07-02T13:34:13+08:00 ] 182.140.215.77 /index.php/Qt/Video/mc.html
INFO: [ app_init ] --START--
INFO: Run Behavior\BuildLiteBehavior [ RunTime:0.000018s ]
INFO: [ app_init ] --END-- [ RunTime:0.000434s ]

[ 2017-07-02T13:34:14+08:00 ] 182.140.215.77 /index.php/Qt/Goods/sc.html
INFO: [ app_init ] --START--
INFO: Run Behavior\BuildLiteBehavior [ RunTime:0.000016s ]
INFO: [ app_init ] --END-- [ RunTime:0.000362s ]

[ 2017-07-02T13:34:14+08:00 ] 182.140.215.77 /index.php/Qt/Mr/mr.html
INFO: [ app_init ] --START--
INFO: Run Behavior\BuildLiteBehavior [ RunTime:0.000017s ]
INFO: [ app_init ] --END-- [ RunTime:0.000428s ]

[ 2017-07-02T13:34:15+08:00 ] 182.140.215.77 /index.php/Qt/Login/dl.html
INFO: [ app_init ] --START--
INFO: Run Behavior\BuildLiteBehavior [ RunTime:0.000018s ]
INFO: [ app_init ] --END-- [ RunTime:0.000466s ]

[ 2017-07-02T13:34:16+08:00 ] 182.140.215.77 /index.php/Qt/Yl/yl.html
INFO: [ app_init ] --START--
INFO: Run Behavior\BuildLiteBehavior [ RunTime:0.000015s ]
INFO: [ app_init ] --END-- [ RunTime:0.000371s ]

[ 2017-07-02T13:34:17+08:00 ] 182.140.215.77 /index.php/Qt/Yl/yl.html
INFO: [ app_init ] --START--
INFO: Run Behavior\BuildLiteBehavior [ RunTime:0.000016s ]
INFO: [ app_init ] --END-- [ RunTime:0.000374s ]

[ 2017-07-02T13:40:54+08:00 ] 182.140.215.69 /
INFO: [ app_init ] --START--
INFO: Run Behavior\BuildLiteBehavior [ RunTime:0.000025s ]
INFO: [ app_init ] --END-- [ RunTime:0.000421s ]

[ 2017-07-02T13:41:02+08:00 ] 182.140.215.69 /
INFO: [ app_init ] --START--
INFO: Run Behavior\BuildLiteBehavior [ RunTime:0.000016s ]
INFO: [ app_init ] --END-- [ RunTime:0.000363s ]

[ 2017-07-02T13:41:10+08:00 ] 182.140.215.69 /
INFO: [ app_init ] --START--
INFO: Run Behavior\BuildLiteBehavior [ RunTime:0.000016s ]
INFO: [ app_init ] --END-- [ RunTime:0.000434s ]

[ 2017-07-02T13:41:17+08:00 ] 182.140.215.69 /
INFO: [ app_init ] --START--
INFO: Run Behavior\BuildLiteBehavior [ RunTime:0.000017s ]
INFO: [ app_init ] --END-- [ RunTime:0.000385s ]

[ 2017-07-02T13:41:23+08:00 ] 182.140.215.69 /index.php/Qt/Video/mc.html
INFO: [ app_init ] --START--
INFO: Run Behavior\BuildLiteBehavior [ RunTime:0.000015s ]
INFO: [ app_init ] --END-- [ RunTime:0.000368s ]

[ 2017-07-02T13:41:30+08:00 ] 182.140.215.69 /index.php/Qt/Goods/sc.html
INFO: [ app_init ] --START--
INFO: Run Behavior\BuildLiteBehavior [ RunTime:0.000016s ]
INFO: [ app_init ] --END-- [ RunTime:0.000359s ]

[ 2017-07-02T13:41:36+08:00 ] 182.140.215.69 /index.php/Qt/Mr/mr.html
INFO: [ app_init ] --START--
INFO: Run Behavior\BuildLiteBehavior [ RunTime:0.000019s ]
INFO: [ app_init ] --END-- [ RunTime:0.000391s ]

[ 2017-07-02T13:41:36+08:00 ] 182.140.215.69 /index.php/Qt/Login/dl.html
INFO: [ app_init ] --START--
INFO: Run Behavior\BuildLiteBehavior [ RunTime:0.000016s ]
INFO: [ app_init ] --END-- [ RunTime:0.000355s ]

[ 2017-07-02T13:41:43+08:00 ] 182.140.215.69 /
INFO: [ app_init ] --START--
INFO: Run Behavior\BuildLiteBehavior [ RunTime:0.000017s ]
INFO: [ app_init ] --END-- [ RunTime:0.000371s ]

[ 2017-07-02T13:42:06+08:00 ] 182.140.215.69 /
INFO: [ app_init ] --START--
INFO: Run Behavior\BuildLiteBehavior [ RunTime:0.000015s ]
INFO: [ app_init ] --END-- [ RunTime:0.000361s ]

[ 2017-07-02T13:42:13+08:00 ] 182.140.215.69 /
INFO: [ app_init ] --START--
INFO: Run Behavior\BuildLiteBehavior [ RunTime:0.000016s ]
INFO: [ app_init ] --END-- [ RunTime:0.000369s ]

[ 2017-07-02T13:42:24+08:00 ] 182.140.215.69 /index.php/Qt/Video/mc.html
INFO: [ app_init ] --START--
INFO: Run Behavior\BuildLiteBehavior [ RunTime:0.000016s ]
INFO: [ app_init ] --END-- [ RunTime:0.000364s ]

[ 2017-07-02T13:42:37+08:00 ] 182.140.215.69 /index.php/Qt/Goods/sc.html
INFO: [ app_init ] --START--
INFO: Run Behavior\BuildLiteBehavior [ RunTime:0.000016s ]
INFO: [ app_init ] --END-- [ RunTime:0.000525s ]

[ 2017-07-02T13:43:30+08:00 ] 182.140.215.69 /index.php/Qt/Yl/yl.html
INFO: [ app_init ] --START--
INFO: Run Behavior\BuildLiteBehavior [ RunTime:0.000016s ]
INFO: [ app_init ] --END-- [ RunTime:0.000413s ]

[ 2017-07-02T13:43:58+08:00 ] 182.140.215.69 /index.php/Qt/Yl/yl.html
INFO: [ app_init ] --START--
INFO: Run Behavior\BuildLiteBehavior [ RunTime:0.000015s ]
INFO: [ app_init ] --END-- [ RunTime:0.000374s ]

[ 2017-07-02T13:48:32+08:00 ] 182.140.215.77 /
INFO: [ app_init ] --START--
INFO: Run Behavior\BuildLiteBehavior [ RunTime:0.000017s ]
INFO: [ app_init ] --END-- [ RunTime:0.000461s ]

[ 2017-07-02T13:48:33+08:00 ] 182.140.215.77 /
INFO: [ app_init ] --START--
INFO: Run Behavior\BuildLiteBehavior [ RunTime:0.000016s ]
INFO: [ app_init ] --END-- [ RunTime:0.000359s ]

[ 2017-07-02T13:48:35+08:00 ] 182.140.215.77 /
INFO: [ app_init ] --START--
INFO: Run Behavior\BuildLiteBehavior [ RunTime:0.000015s ]
INFO: [ app_init ] --END-- [ RunTime:0.000396s ]

[ 2017-07-02T13:48:36+08:00 ] 182.140.215.77 /
INFO: [ app_init ] --START--
INFO: Run Behavior\BuildLiteBehavior [ RunTime:0.000016s ]
INFO: [ app_init ] --END-- [ RunTime:0.000442s ]

[ 2017-07-02T13:48:36+08:00 ] 182.140.215.77 /index.php/Qt/Video/mc.html
INFO: [ app_init ] --START--
INFO: Run Behavior\BuildLiteBehavior [ RunTime:0.000016s ]
INFO: [ app_init ] --END-- [ RunTime:0.000368s ]

[ 2017-07-02T13:48:38+08:00 ] 182.140.215.77 /index.php/Qt/Goods/sc.html
INFO: [ app_init ] --START--
INFO: Run Behavior\BuildLiteBehavior [ RunTime:0.000016s ]
INFO: [ app_init ] --END-- [ RunTime:0.000372s ]

[ 2017-07-02T13:48:38+08:00 ] 182.140.215.77 /index.php/Qt/Mr/mr.html
INFO: [ app_init ] --START--
INFO: Run Behavior\BuildLiteBehavior [ RunTime:0.000015s ]
INFO: [ app_init ] --END-- [ RunTime:0.000374s ]

[ 2017-07-02T13:48:38+08:00 ] 182.140.215.77 /index.php/Qt/Login/dl.html
INFO: [ app_init ] --START--
INFO: Run Behavior\BuildLiteBehavior [ RunTime:0.000016s ]
INFO: [ app_init ] --END-- [ RunTime:0.000362s ]

[ 2017-07-02T13:48:39+08:00 ] 182.140.215.77 /
INFO: [ app_init ] --START--
INFO: Run Behavior\BuildLiteBehavior [ RunTime:0.000017s ]
INFO: [ app_init ] --END-- [ RunTime:0.000373s ]

[ 2017-07-02T13:48:41+08:00 ] 182.140.215.77 /
INFO: [ app_init ] --START--
INFO: Run Behavior\BuildLiteBehavior [ RunTime:0.000015s ]
INFO: [ app_init ] --END-- [ RunTime:0.000371s ]

[ 2017-07-02T13:48:42+08:00 ] 182.140.215.77 /
INFO: [ app_init ] --START--
INFO: Run Behavior\BuildLiteBehavior [ RunTime:0.000016s ]
INFO: [ app_init ] --END-- [ RunTime:0.000429s ]

[ 2017-07-02T13:48:42+08:00 ] 182.140.215.77 /index.php/Qt/Video/mc.html
INFO: [ app_init ] --START--
INFO: Run Behavior\BuildLiteBehavior [ RunTime:0.000016s ]
INFO: [ app_init ] --END-- [ RunTime:0.000372s ]

[ 2017-07-02T13:48:43+08:00 ] 182.140.215.77 /index.php/Qt/Goods/sc.html
INFO: [ app_init ] --START--
INFO: Run Behavior\BuildLiteBehavior [ RunTime:0.000016s ]
INFO: [ app_init ] --END-- [ RunTime:0.000388s ]

[ 2017-07-02T13:48:43+08:00 ] 182.140.215.77 /index.php/Qt/Mr/mr.html
INFO: [ app_init ] --START--
INFO: Run Behavior\BuildLiteBehavior [ RunTime:0.000016s ]
INFO: [ app_init ] --END-- [ RunTime:0.000381s ]

[ 2017-07-02T13:48:44+08:00 ] 182.140.215.77 /index.php/Qt/Login/dl.html
INFO: [ app_init ] --START--
INFO: Run Behavior\BuildLiteBehavior [ RunTime:0.000016s ]
INFO: [ app_init ] --END-- [ RunTime:0.000366s ]

[ 2017-07-02T13:48:45+08:00 ] 182.140.215.77 /index.php/Qt/Yl/yl.html
INFO: [ app_init ] --START--
INFO: Run Behavior\BuildLiteBehavior [ RunTime:0.000015s ]
INFO: [ app_init ] --END-- [ RunTime:0.000428s ]

[ 2017-07-02T13:48:46+08:00 ] 182.140.215.77 /index.php/Qt/Yl/yl.html
INFO: [ app_init ] --START--
INFO: Run Behavior\BuildLiteBehavior [ RunTime:0.000016s ]
INFO: [ app_init ] --END-- [ RunTime:0.000386s ]

[ 2017-07-02T13:51:09+08:00 ] 124.88.203.129 /
INFO: [ app_init ] --START--
INFO: Run Behavior\BuildLiteBehavior [ RunTime:0.000017s ]
INFO: [ app_init ] --END-- [ RunTime:0.000422s ]

[ 2017-07-02T13:51:41+08:00 ] 124.88.203.129 /index.php/Qt/Video/mc.html
INFO: [ app_init ] --START--
INFO: Run Behavior\BuildLiteBehavior [ RunTime:0.000017s ]
INFO: [ app_init ] --END-- [ RunTime:0.000381s ]

[ 2017-07-02T13:56:45+08:00 ] 182.140.215.77 /
INFO: [ app_init ] --START--
INFO: Run Behavior\BuildLiteBehavior [ RunTime:0.000017s ]
INFO: [ app_init ] --END-- [ RunTime:0.000446s ]

[ 2017-07-02T13:56:47+08:00 ] 182.140.215.77 /
INFO: [ app_init ] --START--
INFO: Run Behavior\BuildLiteBehavior [ RunTime:0.000016s ]
INFO: [ app_init ] --END-- [ RunTime:0.000375s ]

[ 2017-07-02T13:56:48+08:00 ] 182.140.215.77 /
INFO: [ app_init ] --START--
INFO: Run Behavior\BuildLiteBehavior [ RunTime:0.000016s ]
INFO: [ app_init ] --END-- [ RunTime:0.000357s ]

[ 2017-07-02T13:56:49+08:00 ] 182.140.215.77 /
INFO: [ app_init ] --START--
INFO: Run Behavior\BuildLiteBehavior [ RunTime:0.000018s ]
INFO: [ app_init ] --END-- [ RunTime:0.000396s ]

[ 2017-07-02T13:56:49+08:00 ] 182.140.215.77 /index.php/Qt/Video/mc.html
INFO: [ app_init ] --START--
INFO: Run Behavior\BuildLiteBehavior [ RunTime:0.000016s ]
INFO: [ app_init ] --END-- [ RunTime:0.000372s ]

[ 2017-07-02T13:56:51+08:00 ] 182.140.215.77 /index.php/Qt/Goods/sc.html
INFO: [ app_init ] --START--
INFO: Run Behavior\BuildLiteBehavior [ RunTime:0.000017s ]
INFO: [ app_init ] --END-- [ RunTime:0.000371s ]

[ 2017-07-02T13:56:51+08:00 ] 182.140.215.77 /index.php/Qt/Mr/mr.html
INFO: [ app_init ] --START--
INFO: Run Behavior\BuildLiteBehavior [ RunTime:0.000016s ]
INFO: [ app_init ] --END-- [ RunTime:0.000382s ]

[ 2017-07-02T13:56:51+08:00 ] 182.140.215.77 /index.php/Qt/Login/dl.html
INFO: [ app_init ] --START--
INFO: Run Behavior\BuildLiteBehavior [ RunTime:0.000016s ]
INFO: [ app_init ] --END-- [ RunTime:0.000367s ]

[ 2017-07-02T13:56:53+08:00 ] 182.140.215.77 /
INFO: [ app_init ] --START--
INFO: Run Behavior\BuildLiteBehavior [ RunTime:0.000015s ]
INFO: [ app_init ] --END-- [ RunTime:0.000375s ]

[ 2017-07-02T13:56:54+08:00 ] 182.140.215.77 /
INFO: [ app_init ] --START--
INFO: Run Behavior\BuildLiteBehavior [ RunTime:0.000016s ]
INFO: [ app_init ] --END-- [ RunTime:0.000375s ]

[ 2017-07-02T13:56:55+08:00 ] 182.140.215.77 /
INFO: [ app_init ] --START--
INFO: Run Behavior\BuildLiteBehavior [ RunTime:0.000016s ]
INFO: [ app_init ] --END-- [ RunTime:0.000399s ]

[ 2017-07-02T13:56:55+08:00 ] 182.140.215.77 /index.php/Qt/Video/mc.html
INFO: [ app_init ] --START--
INFO: Run Behavior\BuildLiteBehavior [ RunTime:0.000016s ]
INFO: [ app_init ] --END-- [ RunTime:0.000386s ]

[ 2017-07-02T13:56:57+08:00 ] 182.140.215.77 /index.php/Qt/Goods/sc.html
INFO: [ app_init ] --START--
INFO: Run Behavior\BuildLiteBehavior [ RunTime:0.000017s ]
INFO: [ app_init ] --END-- [ RunTime:0.000366s ]

[ 2017-07-02T13:56:57+08:00 ] 182.140.215.77 /index.php/Qt/Mr/mr.html
INFO: [ app_init ] --START--
INFO: Run Behavior\BuildLiteBehavior [ RunTime:0.000017s ]
INFO: [ app_init ] --END-- [ RunTime:0.000359s ]

[ 2017-07-02T13:56:57+08:00 ] 182.140.215.77 /index.php/Qt/Login/dl.html
INFO: [ app_init ] --START--
INFO: Run Behavior\BuildLiteBehavior [ RunTime:0.000016s ]
INFO: [ app_init ] --END-- [ RunTime:0.000353s ]

[ 2017-07-02T13:56:58+08:00 ] 182.140.215.77 /index.php/Qt/Yl/yl.html
INFO: [ app_init ] --START--
INFO: Run Behavior\BuildLiteBehavior [ RunTime:0.000016s ]
INFO: [ app_init ] --END-- [ RunTime:0.000378s ]

[ 2017-07-02T13:56:59+08:00 ] 182.140.215.77 /index.php/Qt/Yl/yl.html
INFO: [ app_init ] --START--
INFO: Run Behavior\BuildLiteBehavior [ RunTime:0.000016s ]
INFO: [ app_init ] --END-- [ RunTime:0.000384s ]

[ 2017-07-02T14:02:23+08:00 ] 124.88.203.129 /index.php/Qt/Video/mc_lb.html
INFO: [ app_init ] --START--
INFO: Run Behavior\BuildLiteBehavior [ RunTime:0.000024s ]
INFO: [ app_init ] --END-- [ RunTime:0.000419s ]

[ 2017-07-02T14:02:24+08:00 ] 124.88.203.129 /index.php/Qt/Video/mc_xx.html
INFO: [ app_init ] --START--
INFO: Run Behavior\BuildLiteBehavior [ RunTime:0.000015s ]
INFO: [ app_init ] --END-- [ RunTime:0.000371s ]

[ 2017-07-02T14:02:24+08:00 ] 124.88.203.129 /index.php/Qt/Video/movie.ogg
INFO: [ app_init ] --START--
INFO: Run Behavior\BuildLiteBehavior [ RunTime:0.000016s ]
INFO: [ app_init ] --END-- [ RunTime:0.000364s ]
ERR: 非法操作:movie.ogg

[ 2017-07-02T18:11:30+08:00 ] 101.226.61.181 /
INFO: [ app_init ] --START--
INFO: Run Behavior\BuildLiteBehavior [ RunTime:0.000016s ]
INFO: [ app_init ] --END-- [ RunTime:0.000433s ]

[ 2017-07-02T18:11:42+08:00 ] 101.226.61.181 /index.php/Qt/Yl/yl.html
INFO: [ app_init ] --START--
INFO: Run Behavior\BuildLiteBehavior [ RunTime:0.000016s ]
INFO: [ app_init ] --END-- [ RunTime:0.000365s ]

[ 2017-07-02T18:11:43+08:00 ] 117.135.173.56 /
INFO: [ app_init ] --START--
INFO: Run Behavior\BuildLiteBehavior [ RunTime:0.000015s ]
INFO: [ app_init ] --END-- [ RunTime:0.000420s ]

[ 2017-07-02T18:11:43+08:00 ] 140.207.54.180 /
INFO: [ app_init ] --START--
INFO: Run Behavior\BuildLiteBehavior [ RunTime:0.000015s ]
INFO: [ app_init ] --END-- [ RunTime:0.000354s ]

[ 2017-07-02T18:11:44+08:00 ] 101.226.61.181 /index.php/Qt/Yl/yl.html
INFO: [ app_init ] --START--
INFO: Run Behavior\BuildLiteBehavior [ RunTime:0.000016s ]
INFO: [ app_init ] --END-- [ RunTime:0.000363s ]

[ 2017-07-02T18:11:44+08:00 ] 140.207.118.16 /
INFO: [ app_init ] --START--
INFO: Run Behavior\BuildLiteBehavior [ RunTime:0.000015s ]
INFO: [ app_init ] --END-- [ RunTime:0.000364s ]

[ 2017-07-02T18:11:50+08:00 ] 101.226.61.181 /index.php/Qt/Product/goumai.html
INFO: [ app_init ] --START--
INFO: Run Behavior\BuildLiteBehavior [ RunTime:0.000017s ]
INFO: [ app_init ] --END-- [ RunTime:0.000367s ]

[ 2017-07-02T18:11:51+08:00 ] 117.164.239.250 /index.php/Qt/Product/css/mr.css
INFO: [ app_init ] --START--
INFO: Run Behavior\BuildLiteBehavior [ RunTime:0.000015s ]
INFO: [ app_init ] --END-- [ RunTime:0.000379s ]
ERR: 非法操作:css

[ 2017-07-02T18:11:53+08:00 ] 180.163.2.117 /index.php/Qt/Yl/yl.html
INFO: [ app_init ] --START--
INFO: Run Behavior\BuildLiteBehavior [ RunTime:0.000016s ]
INFO: [ app_init ] --END-- [ RunTime:0.000387s ]

[ 2017-07-02T18:11:53+08:00 ] 117.185.24.151 /
INFO: [ app_init ] --START--
INFO: Run Behavior\BuildLiteBehavior [ RunTime:0.000024s ]
INFO: [ app_init ] --END-- [ RunTime:0.000372s ]

[ 2017-07-02T18:12:21+08:00 ] 101.226.61.181 /index.php/Qt/Yl/yl.html
INFO: [ app_init ] --START--
INFO: Run Behavior\BuildLiteBehavior [ RunTime:0.000016s ]
INFO: [ app_init ] --END-- [ RunTime:0.000380s ]

[ 2017-07-02T20:35:02+08:00 ] 182.140.215.77 /
INFO: [ app_init ] --START--
INFO: Run Behavior\BuildLiteBehavior [ RunTime:0.000016s ]
INFO: [ app_init ] --END-- [ RunTime:0.000425s ]

[ 2017-07-02T20:35:04+08:00 ] 182.140.215.77 /
INFO: [ app_init ] --START--
INFO: Run Behavior\BuildLiteBehavior [ RunTime:0.000016s ]
INFO: [ app_init ] --END-- [ RunTime:0.000367s ]

[ 2017-07-02T20:35:04+08:00 ] 182.140.215.77 /index.php/Qt/Video/mc.html
INFO: [ app_init ] --START--
INFO: Run Behavior\BuildLiteBehavior [ RunTime:0.000017s ]
INFO: [ app_init ] --END-- [ RunTime:0.000360s ]

[ 2017-07-02T20:35:07+08:00 ] 182.140.215.77 /index.php/Qt/Goods/sc.html
INFO: [ app_init ] --START--
INFO: Run Behavior\BuildLiteBehavior [ RunTime:0.000016s ]
INFO: [ app_init ] --END-- [ RunTime:0.000360s ]

[ 2017-07-02T20:35:08+08:00 ] 182.140.215.77 /index.php/Qt/Mr/mr.html
INFO: [ app_init ] --START--
INFO: Run Behavior\BuildLiteBehavior [ RunTime:0.000016s ]
INFO: [ app_init ] --END-- [ RunTime:0.000368s ]

[ 2017-07-02T20:35:08+08:00 ] 182.140.215.77 /index.php/Qt/Login/dl.html
INFO: [ app_init ] --START--
INFO: Run Behavior\BuildLiteBehavior [ RunTime:0.000015s ]
INFO: [ app_init ] --END-- [ RunTime:0.000354s ]

[ 2017-07-02T20:35:10+08:00 ] 182.140.215.77 /index.php/Qt/Yl/yl.html
INFO: [ app_init ] --START--
INFO: Run Behavior\BuildLiteBehavior [ RunTime:0.000016s ]
INFO: [ app_init ] --END-- [ RunTime:0.000433s ]

[ 2017-07-02T21:14:40+08:00 ] 42.102.178.123 /
INFO: [ app_init ] --START--
INFO: Run Behavior\BuildLiteBehavior [ RunTime:0.000016s ]
INFO: [ app_init ] --END-- [ RunTime:0.000441s ]

[ 2017-07-02T21:14:49+08:00 ] 42.102.178.123 /index.php/Qt/Mr/mr.html
INFO: [ app_init ] --START--
INFO: Run Behavior\BuildLiteBehavior [ RunTime:0.000015s ]
INFO: [ app_init ] --END-- [ RunTime:0.000397s ]

[ 2017-07-02T21:14:49+08:00 ] 42.102.178.123 /index.php/Qt/Login/dl.html
INFO: [ app_init ] --START--
INFO: Run Behavior\BuildLiteBehavior [ RunTime:0.000015s ]
INFO: [ app_init ] --END-- [ RunTime:0.000371s ]

[ 2017-07-02T21:16:12+08:00 ] 42.102.178.123 /index.php/Qt/Login/dl
INFO: [ app_init ] --START--
INFO: Run Behavior\BuildLiteBehavior [ RunTime:0.000016s ]
INFO: [ app_init ] --END-- [ RunTime:0.000404s ]

[ 2017-07-02T21:16:13+08:00 ] 42.102.178.123 /index.php/Qt/Mr/mr.html
INFO: [ app_init ] --START--
INFO: Run Behavior\BuildLiteBehavior [ RunTime:0.000016s ]
INFO: [ app_init ] --END-- [ RunTime:0.000361s ]

[ 2017-07-02T21:16:20+08:00 ] 42.102.178.123 /index.php/Qt/Product/goumai.html
INFO: [ app_init ] --START--
INFO: Run Behavior\BuildLiteBehavior [ RunTime:0.000016s ]
INFO: [ app_init ] --END-- [ RunTime:0.000383s ]

[ 2017-07-02T21:16:21+08:00 ] 42.102.178.123 /index.php/Qt/Product/css/mr.css
INFO: [ app_init ] --START--
INFO: Run Behavior\BuildLiteBehavior [ RunTime:0.000015s ]
INFO: [ app_init ] --END-- [ RunTime:0.000438s ]
ERR: 非法操作:css

[ 2017-07-02T21:16:25+08:00 ] 42.102.178.123 /index.php/Qt/Product/goumai_dd
INFO: [ app_init ] --START--
INFO: Run Behavior\BuildLiteBehavior [ RunTime:0.000016s ]
INFO: [ app_init ] --END-- [ RunTime:0.000378s ]

[ 2017-07-02T21:16:58+08:00 ] 42.102.178.123 /index.php/Qt/Product/goumai_dd
INFO: [ app_init ] --START--
INFO: Run Behavior\BuildLiteBehavior [ RunTime:0.000015s ]
INFO: [ app_init ] --END-- [ RunTime:0.000418s ]

[ 2017-07-02T21:17:11+08:00 ] 42.102.178.123 /index.php/Qt/Product/dd
INFO: [ app_init ] --START--
INFO: Run Behavior\BuildLiteBehavior [ RunTime:0.000016s ]
INFO: [ app_init ] --END-- [ RunTime:0.000375s ]

[ 2017-07-02T21:17:13+08:00 ] 42.102.178.123 /index.php/Qt/Goods/goumai_ddlb.html
INFO: [ app_init ] --START--
INFO: Run Behavior\BuildLiteBehavior [ RunTime:0.000016s ]
INFO: [ app_init ] --END-- [ RunTime:0.000376s ]

[ 2017-07-02T21:17:15+08:00 ] 42.102.178.123 /index.php/Qt/Goods/css/mr.css
INFO: [ app_init ] --START--
INFO: Run Behavior\BuildLiteBehavior [ RunTime:0.000016s ]
INFO: [ app_init ] --END-- [ RunTime:0.000363s ]
ERR: 非法操作:css

[ 2017-07-02T21:25:29+08:00 ] 182.140.215.77 /
INFO: [ app_init ] --START--
INFO: Run Behavior\BuildLiteBehavior [ RunTime:0.000017s ]
INFO: [ app_init ] --END-- [ RunTime:0.000432s ]

[ 2017-07-02T21:25:32+08:00 ] 182.140.215.77 /
INFO: [ app_init ] --START--
INFO: Run Behavior\BuildLiteBehavior [ RunTime:0.000016s ]
INFO: [ app_init ] --END-- [ RunTime:0.000378s ]

[ 2017-07-02T21:25:33+08:00 ] 182.140.215.77 /index.php/Qt/Video/mc.html
INFO: [ app_init ] --START--
INFO: Run Behavior\BuildLiteBehavior [ RunTime:0.000016s ]
INFO: [ app_init ] --END-- [ RunTime:0.000365s ]

[ 2017-07-02T21:25:35+08:00 ] 182.140.215.77 /index.php/Qt/Goods/sc.html
INFO: [ app_init ] --START--
INFO: Run Behavior\BuildLiteBehavior [ RunTime:0.000016s ]
INFO: [ app_init ] --END-- [ RunTime:0.000369s ]

[ 2017-07-02T21:25:35+08:00 ] 182.140.215.77 /index.php/Qt/Mr/mr.html
INFO: [ app_init ] --START--
INFO: Run Behavior\BuildLiteBehavior [ RunTime:0.000016s ]
INFO: [ app_init ] --END-- [ RunTime:0.000367s ]

[ 2017-07-02T21:25:35+08:00 ] 182.140.215.77 /index.php/Qt/Login/dl.html
INFO: [ app_init ] --START--
INFO: Run Behavior\BuildLiteBehavior [ RunTime:0.000016s ]
INFO: [ app_init ] --END-- [ RunTime:0.000354s ]

[ 2017-07-02T21:25:37+08:00 ] 182.140.215.77 /index.php/Qt/Yl/yl.html
INFO: [ app_init ] --START--
INFO: Run Behavior\BuildLiteBehavior [ RunTime:0.000017s ]
INFO: [ app_init ] --END-- [ RunTime:0.000393s ]

[ 2017-07-02T21:28:37+08:00 ] 42.102.178.123 /index.php/Qt/Goods/goumai_ddlb.html
INFO: [ app_init ] --START--
INFO: Run Behavior\BuildLiteBehavior [ RunTime:0.000016s ]
INFO: [ app_init ] --END-- [ RunTime:0.000412s ]

[ 2017-07-02T21:28:38+08:00 ] 42.102.178.123 /index.php/Qt/Goods/css/mr.css
INFO: [ app_init ] --START--
INFO: Run Behavior\BuildLiteBehavior [ RunTime:0.000016s ]
INFO: [ app_init ] --END-- [ RunTime:0.000373s ]
ERR: 非法操作:css

[ 2017-07-02T21:28:39+08:00 ] 42.102.178.123 /index.php/Qt/Goods/sc.html
INFO: [ app_init ] --START--
INFO: Run Behavior\BuildLiteBehavior [ RunTime:0.000016s ]
INFO: [ app_init ] --END-- [ RunTime:0.000373s ]

[ 2017-07-02T21:28:40+08:00 ] 42.102.178.123 /index.php/Qt/Mr/mr.html
INFO: [ app_init ] --START--
INFO: Run Behavior\BuildLiteBehavior [ RunTime:0.000017s ]
INFO: [ app_init ] --END-- [ RunTime:0.000373s ]

[ 2017-07-02T21:28:50+08:00 ] 42.102.178.123 /index.php/Qt/Product/goumai.html
INFO: [ app_init ] --START--
INFO: Run Behavior\BuildLiteBehavior [ RunTime:0.000017s ]
INFO: [ app_init ] --END-- [ RunTime:0.000366s ]

[ 2017-07-02T21:29:25+08:00 ] 42.102.178.123 /index.php/Qt/Product/goumai.html
INFO: [ app_init ] --START--
INFO: Run Behavior\BuildLiteBehavior [ RunTime:0.000017s ]
INFO: [ app_init ] --END-- [ RunTime:0.000363s ]

[ 2017-07-02T21:29:26+08:00 ] 42.102.178.123 /index.php/Qt/Product/css/mr.css
INFO: [ app_init ] --START--
INFO: Run Behavior\BuildLiteBehavior [ RunTime:0.000016s ]
INFO: [ app_init ] --END-- [ RunTime:0.000355s ]
ERR: 非法操作:css

[ 2017-07-02T21:29:32+08:00 ] 42.102.178.123 /index.php/Qt/Product/goumai_dd
INFO: [ app_init ] --START--
INFO: Run Behavior\BuildLiteBehavior [ RunTime:0.000016s ]
INFO: [ app_init ] --END-- [ RunTime:0.000375s ]

[ 2017-07-02T21:29:35+08:00 ] 42.102.178.123 /index.php/Qt/Product/ajax
INFO: [ app_init ] --START--
INFO: Run Behavior\BuildLiteBehavior [ RunTime:0.000017s ]
INFO: [ app_init ] --END-- [ RunTime:0.000391s ]
INFO: [ app_begin ] --START--
INFO: Run Behavior\ReadHtmlCacheBehavior [ RunTime:0.000491s ]
INFO: [ app_begin ] --END-- [ RunTime:0.000544s ]
SQL: SHOW COLUMNS FROM `db_product` [ RunTime:0.0193s ]
SQL: SHOW COLUMNS FROM `db_order` [ RunTime:0.0136s ]
SQL: SHOW COLUMNS FROM `db_vip` [ RunTime:0.0223s ]
SQL: SHOW COLUMNS FROM `db_dcht` [ RunTime:0.0113s ]
INFO: [ app_end ] --START--
INFO: Run Behavior\ShowPageTraceBehavior [ RunTime:0.000567s ]
INFO: [ app_end ] --END-- [ RunTime:0.000615s ]

[ 2017-07-02T21:29:38+08:00 ] 42.102.178.123 /index.php/Qt/Product/dd
INFO: [ app_init ] --START--
INFO: Run Behavior\BuildLiteBehavior [ RunTime:0.000017s ]
INFO: [ app_init ] --END-- [ RunTime:0.000376s ]
INFO: [ app_begin ] --START--
INFO: Run Behavior\ReadHtmlCacheBehavior [ RunTime:0.000473s ]
INFO: [ app_begin ] --END-- [ RunTime:0.000524s ]
SQL: SHOW COLUMNS FROM `db_product` [ RunTime:0.0330s ]
SQL: SHOW COLUMNS FROM `db_order` [ RunTime:0.0378s ]
SQL: SHOW COLUMNS FROM `db_vip` [ RunTime:0.0221s ]
SQL: SHOW COLUMNS FROM `db_dcht` [ RunTime:0.0119s ]
SQL: SHOW COLUMNS FROM `db_vip` [ RunTime:0.0177s ]
SQL: SHOW COLUMNS FROM `db_order` [ RunTime:0.0112s ]
SQL: SELECT * FROM `db_order` WHERE `vid` = 74 AND `buyer_status` = 1 LIMIT 1   [ RunTime:0.0004s ]
SQL: SELECT COUNT(*) AS tp_count FROM `db_order` WHERE `vid` = 74 AND `buyer_status` = 1 LIMIT 1   [ RunTime:0.0002s ]
SQL: SELECT * FROM `db_vip` WHERE `vid` = 74 LIMIT 1   [ RunTime:0.0003s ]
SQL: SELECT `code` FROM `db_vip`  [ RunTime:0.0002s ]
SQL: SELECT * FROM `db_vip` WHERE `vid` = '74' LIMIT 1   [ RunTime:0.0002s ]
SQL: SELECT * FROM `db_product` WHERE `pid` = 0 LIMIT 1   [ RunTime:0.0002s ]
NOTIC: [8] Undefined index: number C:\WWW\yy\Ds\Qt\Controller\ProductController.class.php 第 135 行.
NOTIC: [8] Undefined index: number C:\WWW\yy\Ds\Qt\Model\OrderModel.class.php 第 21 行.
NOTIC: [8] Undefined index: pmuch C:\WWW\yy\Ds\Qt\Model\OrderModel.class.php 第 21 行.
NOTIC: [8] Undefined index: pmuch C:\WWW\yy\Ds\Qt\Model\OrderModel.class.php 第 22 行.
SQL: SHOW COLUMNS FROM `db_product` [ RunTime:0.0125s ]
NOTIC: [8] Undefined index: pid C:\WWW\yy\Ds\Qt\Model\OrderModel.class.php 第 38 行.
SQL: SELECT `nowamout` FROM `db_product` WHERE `pid` = null LIMIT 1   [ RunTime:0.0002s ]
NOTIC: [8] Undefined index: number C:\WWW\yy\Ds\Qt\Model\OrderModel.class.php 第 39 行.
NOTIC: [8] Undefined index: pid C:\WWW\yy\Ds\Qt\Model\OrderModel.class.php 第 42 行.
SQL: INSERT INTO `db_order` (`buyer_name`,`tel`,`adds`,`order_money`,`price`,`vid`,`order_sn`,`status`,`buyer_status`,`del`,`g_style`,`remark`,`create_time`,`ftime`) VALUES ('林','18503696064','','0','0','74','2017070222280','0','0','0','0','无','1499002178','1499002178') [ RunTime:0.0040s ]
NOTIC: [8] Undefined index: number C:\WWW\yy\Ds\Qt\Controller\ProductController.class.php 第 140 行.
NOTIC: [8] Undefined index: pmuch C:\WWW\yy\Ds\Qt\Controller\ProductController.class.php 第 140 行.
NOTIC: [8] Undefined index: number C:\WWW\yy\Ds\Qt\Controller\ProductController.class.php 第 141 行.
SQL: INSERT INTO `db_dcht` (`jname`,`yname`,`phone`,`number`,`idnumber`,`money`,`cycle`,`earnings`,`order_sn`,`pmoney`,`pp`) VALUES ('黑龙江政兴农业有限公司','林','18503696064','0','123454545454544','0','','0','2017070222280','','') [ RunTime:0.0013s ]

[ 2017-07-02T21:29:40+08:00 ] 42.102.178.123 /index.php/Qt/Product/dd
INFO: [ app_init ] --START--
INFO: Run Behavior\BuildLiteBehavior [ RunTime:0.000017s ]
INFO: [ app_init ] --END-- [ RunTime:0.000445s ]

[ 2017-07-02T21:46:40+08:00 ] 42.102.178.123 /
INFO: [ app_init ] --START--
INFO: Run Behavior\BuildLiteBehavior [ RunTime:0.000016s ]
INFO: [ app_init ] --END-- [ RunTime:0.000454s ]

[ 2017-07-02T21:46:45+08:00 ] 42.102.178.123 /index.php/Qt/Mr/mr.html
INFO: [ app_init ] --START--
INFO: Run Behavior\BuildLiteBehavior [ RunTime:0.000016s ]
INFO: [ app_init ] --END-- [ RunTime:0.000369s ]

[ 2017-07-02T21:46:49+08:00 ] 42.102.178.123 /index.php/Qt/Product/goumai.html
INFO: [ app_init ] --START--
INFO: Run Behavior\BuildLiteBehavior [ RunTime:0.000016s ]
INFO: [ app_init ] --END-- [ RunTime:0.000376s ]

[ 2017-07-02T21:46:50+08:00 ] 42.102.178.123 /index.php/Qt/Product/css/mr.css
INFO: [ app_init ] --START--
INFO: Run Behavior\BuildLiteBehavior [ RunTime:0.000014s ]
INFO: [ app_init ] --END-- [ RunTime:0.000353s ]
ERR: 非法操作:css

[ 2017-07-02T21:46:55+08:00 ] 42.102.178.123 /index.php/Qt/Product/goumai_dd
INFO: [ app_init ] --START--
INFO: Run Behavior\BuildLiteBehavior [ RunTime:0.000016s ]
INFO: [ app_init ] --END-- [ RunTime:0.000367s ]

[ 2017-07-02T21:46:59+08:00 ] 42.102.178.123 /index.php/Qt/Product/dd
INFO: [ app_init ] --START--
INFO: Run Behavior\BuildLiteBehavior [ RunTime:0.000016s ]
INFO: [ app_init ] --END-- [ RunTime:0.000371s ]

[ 2017-07-02T21:47:01+08:00 ] 42.102.178.123 /index.php/Qt/Goods/goumai_ddlb.html
INFO: [ app_init ] --START--
INFO: Run Behavior\BuildLiteBehavior [ RunTime:0.000016s ]
INFO: [ app_init ] --END-- [ RunTime:0.000363s ]

[ 2017-07-02T21:47:02+08:00 ] 42.102.178.123 /index.php/Qt/Goods/css/mr.css
INFO: [ app_init ] --START--
INFO: Run Behavior\BuildLiteBehavior [ RunTime:0.000019s ]
INFO: [ app_init ] --END-- [ RunTime:0.000390s ]
ERR: 非法操作:css

[ 2017-07-02T21:48:08+08:00 ] 42.102.178.123 /
INFO: [ app_init ] --START--
INFO: Run Behavior\BuildLiteBehavior [ RunTime:0.000016s ]
INFO: [ app_init ] --END-- [ RunTime:0.000379s ]

[ 2017-07-02T21:48:13+08:00 ] 42.102.178.123 /index.php/Qt/Mr/mr.html
INFO: [ app_init ] --START--
INFO: Run Behavior\BuildLiteBehavior [ RunTime:0.000016s ]
INFO: [ app_init ] --END-- [ RunTime:0.000362s ]

[ 2017-07-02T21:48:18+08:00 ] 42.102.178.123 /index.php/Qt/Product/goumai.html
INFO: [ app_init ] --START--
INFO: Run Behavior\BuildLiteBehavior [ RunTime:0.000017s ]
INFO: [ app_init ] --END-- [ RunTime:0.000364s ]

[ 2017-07-02T21:48:19+08:00 ] 42.102.178.123 /index.php/Qt/Product/css/mr.css
INFO: [ app_init ] --START--
INFO: Run Behavior\BuildLiteBehavior [ RunTime:0.000015s ]
INFO: [ app_init ] --END-- [ RunTime:0.000354s ]
ERR: 非法操作:css

[ 2017-07-02T21:48:23+08:00 ] 42.102.178.123 /index.php/Qt/Product/goumai_dd
INFO: [ app_init ] --START--
INFO: Run Behavior\BuildLiteBehavior [ RunTime:0.000017s ]
INFO: [ app_init ] --END-- [ RunTime:0.000373s ]

[ 2017-07-02T21:48:32+08:00 ] 42.102.178.123 /index.php/Qt/Product/ioioio
INFO: [ app_init ] --START--
INFO: Run Behavior\BuildLiteBehavior [ RunTime:0.000016s ]
INFO: [ app_init ] --END-- [ RunTime:0.000364s ]
INFO: [ app_begin ] --START--
INFO: Run Behavior\ReadHtmlCacheBehavior [ RunTime:0.000484s ]
INFO: [ app_begin ] --END-- [ RunTime:0.000535s ]
SQL: SHOW COLUMNS FROM `db_product` [ RunTime:0.0202s ]
SQL: SHOW COLUMNS FROM `db_order` [ RunTime:0.0133s ]
SQL: SHOW COLUMNS FROM `db_vip` [ RunTime:0.0183s ]
SQL: SHOW COLUMNS FROM `db_dcht` [ RunTime:0.0106s ]
INFO: [ app_end ] --START--
INFO: Run Behavior\ShowPageTraceBehavior [ RunTime:0.000554s ]
INFO: [ app_end ] --END-- [ RunTime:0.000598s ]

[ 2017-07-02T21:49:27+08:00 ] 42.102.178.123 /index.php/Qt/Product/ioioio
INFO: [ app_init ] --START--
INFO: Run Behavior\BuildLiteBehavior [ RunTime:0.000016s ]
INFO: [ app_init ] --END-- [ RunTime:0.000401s ]
INFO: [ app_begin ] --START--
INFO: Run Behavior\ReadHtmlCacheBehavior [ RunTime:0.000514s ]
INFO: [ app_begin ] --END-- [ RunTime:0.000565s ]
SQL: SHOW COLUMNS FROM `db_product` [ RunTime:0.0201s ]
SQL: SHOW COLUMNS FROM `db_order` [ RunTime:0.0138s ]
SQL: SHOW COLUMNS FROM `db_vip` [ RunTime:0.0182s ]
SQL: SHOW COLUMNS FROM `db_dcht` [ RunTime:0.0107s ]
INFO: [ app_end ] --START--
INFO: Run Behavior\ShowPageTraceBehavior [ RunTime:0.000610s ]
INFO: [ app_end ] --END-- [ RunTime:0.000655s ]

[ 2017-07-02T21:49:28+08:00 ] 42.102.178.123 /index.php/Qt/Product/ioioio
INFO: [ app_init ] --START--
INFO: Run Behavior\BuildLiteBehavior [ RunTime:0.000016s ]
INFO: [ app_init ] --END-- [ RunTime:0.000361s ]
INFO: [ app_begin ] --START--
INFO: Run Behavior\ReadHtmlCacheBehavior [ RunTime:0.000486s ]
INFO: [ app_begin ] --END-- [ RunTime:0.000535s ]
SQL: SHOW COLUMNS FROM `db_product` [ RunTime:0.0192s ]
SQL: SHOW COLUMNS FROM `db_order` [ RunTime:0.0135s ]
SQL: SHOW COLUMNS FROM `db_vip` [ RunTime:0.0189s ]
SQL: SHOW COLUMNS FROM `db_dcht` [ RunTime:0.0112s ]
INFO: [ app_end ] --START--
INFO: Run Behavior\ShowPageTraceBehavior [ RunTime:0.000589s ]
INFO: [ app_end ] --END-- [ RunTime:0.000634s ]

[ 2017-07-02T21:49:29+08:00 ] 42.102.178.123 /index.php/Qt/Product/ioioio
INFO: [ app_init ] --START--
INFO: Run Behavior\BuildLiteBehavior [ RunTime:0.000016s ]
INFO: [ app_init ] --END-- [ RunTime:0.000433s ]
INFO: [ app_begin ] --START--
INFO: Run Behavior\ReadHtmlCacheBehavior [ RunTime:0.000524s ]
INFO: [ app_begin ] --END-- [ RunTime:0.000579s ]
SQL: SHOW COLUMNS FROM `db_product` [ RunTime:0.0193s ]
SQL: SHOW COLUMNS FROM `db_order` [ RunTime:0.0142s ]
SQL: SHOW COLUMNS FROM `db_vip` [ RunTime:0.0185s ]
SQL: SHOW COLUMNS FROM `db_dcht` [ RunTime:0.0109s ]
INFO: [ app_end ] --START--
INFO: Run Behavior\ShowPageTraceBehavior [ RunTime:0.000618s ]
INFO: [ app_end ] --END-- [ RunTime:0.000663s ]

[ 2017-07-02T21:49:30+08:00 ] 42.102.178.123 /index.php/Qt/Product/ioioio
INFO: [ app_init ] --START--
INFO: Run Behavior\BuildLiteBehavior [ RunTime:0.000017s ]
INFO: [ app_init ] --END-- [ RunTime:0.000432s ]
INFO: [ app_begin ] --START--
INFO: Run Behavior\ReadHtmlCacheBehavior [ RunTime:0.000507s ]
INFO: [ app_begin ] --END-- [ RunTime:0.000570s ]
SQL: SHOW COLUMNS FROM `db_product` [ RunTime:0.0207s ]
SQL: SHOW COLUMNS FROM `db_order` [ RunTime:0.0143s ]
SQL: SHOW COLUMNS FROM `db_vip` [ RunTime:0.0194s ]
SQL: SHOW COLUMNS FROM `db_dcht` [ RunTime:0.0129s ]
INFO: [ app_end ] --START--
INFO: Run Behavior\ShowPageTraceBehavior [ RunTime:0.000625s ]
INFO: [ app_end ] --END-- [ RunTime:0.000672s ]

[ 2017-07-02T21:54:04+08:00 ] 42.102.178.123 /
INFO: [ app_init ] --START--
INFO: Run Behavior\BuildLiteBehavior [ RunTime:0.000016s ]
INFO: [ app_init ] --END-- [ RunTime:0.000408s ]

[ 2017-07-02T21:54:10+08:00 ] 42.102.178.123 /index.php/Qt/Mr/mr.html
INFO: [ app_init ] --START--
INFO: Run Behavior\BuildLiteBehavior [ RunTime:0.000016s ]
INFO: [ app_init ] --END-- [ RunTime:0.000373s ]

[ 2017-07-02T21:54:13+08:00 ] 42.102.178.123 /index.php/Qt/Product/goumai.html
INFO: [ app_init ] --START--
INFO: Run Behavior\BuildLiteBehavior [ RunTime:0.000015s ]
INFO: [ app_init ] --END-- [ RunTime:0.000371s ]

[ 2017-07-02T21:54:14+08:00 ] 42.102.178.123 /index.php/Qt/Product/css/mr.css
INFO: [ app_init ] --START--
INFO: Run Behavior\BuildLiteBehavior [ RunTime:0.000018s ]
INFO: [ app_init ] --END-- [ RunTime:0.000389s ]
ERR: 非法操作:css

[ 2017-07-02T21:54:17+08:00 ] 42.102.178.123 /index.php/Qt/Product/goumai_xx
INFO: [ app_init ] --START--
INFO: Run Behavior\BuildLiteBehavior [ RunTime:0.000017s ]
INFO: [ app_init ] --END-- [ RunTime:0.000378s ]

[ 2017-07-02T21:54:28+08:00 ] 42.102.178.123 /index.php/Qt/Product/goumai_dd
INFO: [ app_init ] --START--
INFO: Run Behavior\BuildLiteBehavior [ RunTime:0.000016s ]
INFO: [ app_init ] --END-- [ RunTime:0.000531s ]

[ 2017-07-02T21:54:38+08:00 ] 42.102.178.123 /index.php/Qt/Product/ioioio
INFO: [ app_init ] --START--
INFO: Run Behavior\BuildLiteBehavior [ RunTime:0.000016s ]
INFO: [ app_init ] --END-- [ RunTime:0.000362s ]
INFO: [ app_begin ] --START--
INFO: Run Behavior\ReadHtmlCacheBehavior [ RunTime:0.000505s ]
INFO: [ app_begin ] --END-- [ RunTime:0.000556s ]
SQL: SHOW COLUMNS FROM `db_product` [ RunTime:0.0196s ]
SQL: SHOW COLUMNS FROM `db_order` [ RunTime:0.0136s ]
SQL: SHOW COLUMNS FROM `db_vip` [ RunTime:0.0187s ]
SQL: SHOW COLUMNS FROM `db_dcht` [ RunTime:0.0110s ]
INFO: [ app_end ] --START--
INFO: Run Behavior\ShowPageTraceBehavior [ RunTime:0.000578s ]
INFO: [ app_end ] --END-- [ RunTime:0.000624s ]

[ 2017-07-02T21:54:50+08:00 ] 42.102.178.123 /index.php/Qt/Product/ioioio
INFO: [ app_init ] --START--
INFO: Run Behavior\BuildLiteBehavior [ RunTime:0.000024s ]
INFO: [ app_init ] --END-- [ RunTime:0.000372s ]
INFO: [ app_begin ] --START--
INFO: Run Behavior\ReadHtmlCacheBehavior [ RunTime:0.000478s ]
INFO: [ app_begin ] --END-- [ RunTime:0.000529s ]
SQL: SHOW COLUMNS FROM `db_product` [ RunTime:0.0194s ]
SQL: SHOW COLUMNS FROM `db_order` [ RunTime:0.0142s ]
SQL: SHOW COLUMNS FROM `db_vip` [ RunTime:0.0183s ]
SQL: SHOW COLUMNS FROM `db_dcht` [ RunTime:0.0107s ]
INFO: [ app_end ] --START--
INFO: Run Behavior\ShowPageTraceBehavior [ RunTime:0.000549s ]
INFO: [ app_end ] --END-- [ RunTime:0.000596s ]

[ 2017-07-02T21:54:52+08:00 ] 42.102.178.123 /index.php/Qt/Product/ioioio
INFO: [ app_init ] --START--
INFO: Run Behavior\BuildLiteBehavior [ RunTime:0.000016s ]
INFO: [ app_init ] --END-- [ RunTime:0.000360s ]
INFO: [ app_begin ] --START--
INFO: Run Behavior\ReadHtmlCacheBehavior [ RunTime:0.000485s ]
INFO: [ app_begin ] --END-- [ RunTime:0.000535s ]
SQL: SHOW COLUMNS FROM `db_product` [ RunTime:0.0207s ]
SQL: SHOW COLUMNS FROM `db_order` [ RunTime:0.0135s ]
SQL: SHOW COLUMNS FROM `db_vip` [ RunTime:0.0186s ]
SQL: SHOW COLUMNS FROM `db_dcht` [ RunTime:0.0108s ]
INFO: [ app_end ] --START--
INFO: Run Behavior\ShowPageTraceBehavior [ RunTime:0.000573s ]
INFO: [ app_end ] --END-- [ RunTime:0.000619s ]

[ 2017-07-02T21:54:53+08:00 ] 42.102.178.123 /index.php/Qt/Product/ioioio
INFO: [ app_init ] --START--
INFO: Run Behavior\BuildLiteBehavior [ RunTime:0.000016s ]
INFO: [ app_init ] --END-- [ RunTime:0.000417s ]
INFO: [ app_begin ] --START--
INFO: Run Behavior\ReadHtmlCacheBehavior [ RunTime:0.000524s ]
INFO: [ app_begin ] --END-- [ RunTime:0.000575s ]
SQL: SHOW COLUMNS FROM `db_product` [ RunTime:0.0180s ]
SQL: SHOW COLUMNS FROM `db_order` [ RunTime:0.0132s ]
SQL: SHOW COLUMNS FROM `db_vip` [ RunTime:0.0183s ]
SQL: SHOW COLUMNS FROM `db_dcht` [ RunTime:0.0106s ]
INFO: [ app_end ] --START--
INFO: Run Behavior\ShowPageTraceBehavior [ RunTime:0.000601s ]
INFO: [ app_end ] --END-- [ RunTime:0.000645s ]

[ 2017-07-02T21:54:54+08:00 ] 42.102.178.123 /index.php/Qt/Product/ioioio
INFO: [ app_init ] --START--
INFO: Run Behavior\BuildLiteBehavior [ RunTime:0.000016s ]
INFO: [ app_init ] --END-- [ RunTime:0.000367s ]
INFO: [ app_begin ] --START--
INFO: Run Behavior\ReadHtmlCacheBehavior [ RunTime:0.000488s ]
INFO: [ app_begin ] --END-- [ RunTime:0.000539s ]
SQL: SHOW COLUMNS FROM `db_product` [ RunTime:0.0228s ]
SQL: SHOW COLUMNS FROM `db_order` [ RunTime:0.0131s ]
SQL: SHOW COLUMNS FROM `db_vip` [ RunTime:0.0184s ]
SQL: SHOW COLUMNS FROM `db_dcht` [ RunTime:0.0112s ]
INFO: [ app_end ] --START--
INFO: Run Behavior\ShowPageTraceBehavior [ RunTime:0.000563s ]
INFO: [ app_end ] --END-- [ RunTime:0.000608s ]

[ 2017-07-02T21:54:55+08:00 ] 42.102.178.123 /index.php/Qt/Product/ioioio
INFO: [ app_init ] --START--
INFO: Run Behavior\BuildLiteBehavior [ RunTime:0.000016s ]
INFO: [ app_init ] --END-- [ RunTime:0.000414s ]
INFO: [ app_begin ] --START--
INFO: Run Behavior\ReadHtmlCacheBehavior [ RunTime:0.000515s ]
INFO: [ app_begin ] --END-- [ RunTime:0.000568s ]
SQL: SHOW COLUMNS FROM `db_product` [ RunTime:0.0196s ]
SQL: SHOW COLUMNS FROM `db_order` [ RunTime:0.0134s ]
SQL: SHOW COLUMNS FROM `db_vip` [ RunTime:0.0202s ]
SQL: SHOW COLUMNS FROM `db_dcht` [ RunTime:0.0113s ]
INFO: [ app_end ] --START--
INFO: Run Behavior\ShowPageTraceBehavior [ RunTime:0.000617s ]
INFO: [ app_end ] --END-- [ RunTime:0.000664s ]

[ 2017-07-02T21:54:57+08:00 ] 42.102.178.123 /index.php/Qt/Product/ioioio
INFO: [ app_init ] --START--
INFO: Run Behavior\BuildLiteBehavior [ RunTime:0.000016s ]
INFO: [ app_init ] --END-- [ RunTime:0.000370s ]
INFO: [ app_begin ] --START--
INFO: Run Behavior\ReadHtmlCacheBehavior [ RunTime:0.000480s ]
INFO: [ app_begin ] --END-- [ RunTime:0.000540s ]
SQL: SHOW COLUMNS FROM `db_product` [ RunTime:0.0193s ]
SQL: SHOW COLUMNS FROM `db_order` [ RunTime:0.0135s ]
SQL: SHOW COLUMNS FROM `db_vip` [ RunTime:0.0186s ]
SQL: SHOW COLUMNS FROM `db_dcht` [ RunTime:0.0134s ]
INFO: [ app_end ] --START--
INFO: Run Behavior\ShowPageTraceBehavior [ RunTime:0.000556s ]
INFO: [ app_end ] --END-- [ RunTime:0.000603s ]

[ 2017-07-02T21:56:07+08:00 ] 42.102.178.123 /
INFO: [ app_init ] --START--
INFO: Run Behavior\BuildLiteBehavior [ RunTime:0.000019s ]
INFO: [ app_init ] --END-- [ RunTime:0.000391s ]

[ 2017-07-02T21:56:12+08:00 ] 42.102.178.123 /index.php/Qt/Mr/mr.html
INFO: [ app_init ] --START--
INFO: Run Behavior\BuildLiteBehavior [ RunTime:0.000016s ]
INFO: [ app_init ] --END-- [ RunTime:0.000368s ]

[ 2017-07-02T21:56:14+08:00 ] 42.102.178.123 /index.php/Qt/Product/goumai.html
INFO: [ app_init ] --START--
INFO: Run Behavior\BuildLiteBehavior [ RunTime:0.000016s ]
INFO: [ app_init ] --END-- [ RunTime:0.000359s ]

[ 2017-07-02T21:56:15+08:00 ] 42.102.178.123 /index.php/Qt/Product/css/mr.css
INFO: [ app_init ] --START--
INFO: Run Behavior\BuildLiteBehavior [ RunTime:0.000018s ]
INFO: [ app_init ] --END-- [ RunTime:0.000378s ]
ERR: 非法操作:css

[ 2017-07-02T21:56:18+08:00 ] 42.102.178.123 /index.php/Qt/Product/goumai_dd
INFO: [ app_init ] --START--
INFO: Run Behavior\BuildLiteBehavior [ RunTime:0.000015s ]
INFO: [ app_init ] --END-- [ RunTime:0.000375s ]

[ 2017-07-02T21:57:27+08:00 ] 42.102.178.123 /index.php/Qt/Goods/sc.html
INFO: [ app_init ] --START--
INFO: Run Behavior\BuildLiteBehavior [ RunTime:0.000016s ]
INFO: [ app_init ] --END-- [ RunTime:0.000408s ]

[ 2017-07-02T21:57:28+08:00 ] 42.102.178.123 /index.php/Qt/Mr/mr.html
INFO: [ app_init ] --START--
INFO: Run Behavior\BuildLiteBehavior [ RunTime:0.000016s ]
INFO: [ app_init ] --END-- [ RunTime:0.000409s ]

[ 2017-07-02T21:57:31+08:00 ] 42.102.178.123 /index.php/Qt/Product/goumai.html
INFO: [ app_init ] --START--
INFO: Run Behavior\BuildLiteBehavior [ RunTime:0.000015s ]
INFO: [ app_init ] --END-- [ RunTime:0.000372s ]

[ 2017-07-02T21:57:32+08:00 ] 42.102.178.123 /index.php/Qt/Product/css/mr.css
INFO: [ app_init ] --START--
INFO: Run Behavior\BuildLiteBehavior [ RunTime:0.000016s ]
INFO: [ app_init ] --END-- [ RunTime:0.000375s ]
ERR: 非法操作:css

[ 2017-07-02T21:57:35+08:00 ] 42.102.178.123 /index.php/Qt/Product/goumai_dd
INFO: [ app_init ] --START--
INFO: Run Behavior\BuildLiteBehavior [ RunTime:0.000016s ]
INFO: [ app_init ] --END-- [ RunTime:0.000359s ]

[ 2017-07-02T21:58:24+08:00 ] 42.102.178.123 /index.php/Qt/Goods/sc.html
INFO: [ app_init ] --START--
INFO: Run Behavior\BuildLiteBehavior [ RunTime:0.000016s ]
INFO: [ app_init ] --END-- [ RunTime:0.000362s ]

[ 2017-07-02T21:58:26+08:00 ] 42.102.178.123 /index.php/Qt/Mr/mr.html
INFO: [ app_init ] --START--
INFO: Run Behavior\BuildLiteBehavior [ RunTime:0.000016s ]
INFO: [ app_init ] --END-- [ RunTime:0.000372s ]

[ 2017-07-02T21:58:29+08:00 ] 42.102.178.123 /index.php/Qt/Product/goumai.html
INFO: [ app_init ] --START--
INFO: Run Behavior\BuildLiteBehavior [ RunTime:0.000016s ]
INFO: [ app_init ] --END-- [ RunTime:0.000362s ]

[ 2017-07-02T21:58:30+08:00 ] 42.102.178.123 /index.php/Qt/Product/css/mr.css
INFO: [ app_init ] --START--
INFO: Run Behavior\BuildLiteBehavior [ RunTime:0.000017s ]
INFO: [ app_init ] --END-- [ RunTime:0.000369s ]
ERR: 非法操作:css

[ 2017-07-02T21:58:33+08:00 ] 42.102.178.123 /index.php/Qt/Product/goumai_dd
INFO: [ app_init ] --START--
INFO: Run Behavior\BuildLiteBehavior [ RunTime:0.000015s ]
INFO: [ app_init ] --END-- [ RunTime:0.000375s ]

[ 2017-07-02T21:58:54+08:00 ] 42.102.178.123 /index.php/Qt/Goods/sc.html
INFO: [ app_init ] --START--
INFO: Run Behavior\BuildLiteBehavior [ RunTime:0.000017s ]
INFO: [ app_init ] --END-- [ RunTime:0.000376s ]

[ 2017-07-02T21:58:55+08:00 ] 42.102.178.123 /index.php/Qt/Mr/mr.html
INFO: [ app_init ] --START--
INFO: Run Behavior\BuildLiteBehavior [ RunTime:0.000016s ]
INFO: [ app_init ] --END-- [ RunTime:0.000369s ]

[ 2017-07-02T21:58:58+08:00 ] 42.102.178.123 /index.php/Qt/Product/goumai.html
INFO: [ app_init ] --START--
INFO: Run Behavior\BuildLiteBehavior [ RunTime:0.000016s ]
INFO: [ app_init ] --END-- [ RunTime:0.000364s ]

[ 2017-07-02T21:58:59+08:00 ] 42.102.178.123 /index.php/Qt/Product/css/mr.css
INFO: [ app_init ] --START--
INFO: Run Behavior\BuildLiteBehavior [ RunTime:0.000015s ]
INFO: [ app_init ] --END-- [ RunTime:0.000378s ]
ERR: 非法操作:css

[ 2017-07-02T21:59:02+08:00 ] 42.102.178.123 /index.php/Qt/Product/goumai_dd
INFO: [ app_init ] --START--
INFO: Run Behavior\BuildLiteBehavior [ RunTime:0.000016s ]
INFO: [ app_init ] --END-- [ RunTime:0.000382s ]

[ 2017-07-02T22:06:27+08:00 ] 42.102.178.123 /index.php/Qt/Goods/sc.html
INFO: [ app_init ] --START--
INFO: Run Behavior\BuildLiteBehavior [ RunTime:0.000017s ]
INFO: [ app_init ] --END-- [ RunTime:0.000437s ]

[ 2017-07-02T22:06:29+08:00 ] 42.102.178.123 /index.php/Qt/Mr/mr.html
INFO: [ app_init ] --START--
INFO: Run Behavior\BuildLiteBehavior [ RunTime:0.000016s ]
INFO: [ app_init ] --END-- [ RunTime:0.000380s ]

[ 2017-07-02T22:06:32+08:00 ] 42.102.178.123 /index.php/Qt/Product/goumai.html
INFO: [ app_init ] --START--
INFO: Run Behavior\BuildLiteBehavior [ RunTime:0.000015s ]
INFO: [ app_init ] --END-- [ RunTime:0.000366s ]

[ 2017-07-02T22:06:33+08:00 ] 42.102.178.123 /index.php/Qt/Product/css/mr.css
INFO: [ app_init ] --START--
INFO: Run Behavior\BuildLiteBehavior [ RunTime:0.000016s ]
INFO: [ app_init ] --END-- [ RunTime:0.000370s ]
ERR: 非法操作:css

[ 2017-07-02T22:06:36+08:00 ] 42.102.178.123 /index.php/Qt/Product/goumai_xx
INFO: [ app_init ] --START--
INFO: Run Behavior\BuildLiteBehavior [ RunTime:0.000016s ]
INFO: [ app_init ] --END-- [ RunTime:0.000375s ]

[ 2017-07-02T22:06:40+08:00 ] 42.102.178.123 /index.php/Qt/Product/goumai_dd
INFO: [ app_init ] --START--
INFO: Run Behavior\BuildLiteBehavior [ RunTime:0.000015s ]
INFO: [ app_init ] --END-- [ RunTime:0.000371s ]

[ 2017-07-02T22:06:55+08:00 ] 42.102.178.123 /index.php/Qt/Product/dd
INFO: [ app_init ] --START--
INFO: Run Behavior\BuildLiteBehavior [ RunTime:0.000015s ]
INFO: [ app_init ] --END-- [ RunTime:0.000375s ]

[ 2017-07-02T22:06:57+08:00 ] 42.102.178.123 /index.php/Qt/Goods/goumai_ddlb.html
INFO: [ app_init ] --START--
INFO: Run Behavior\BuildLiteBehavior [ RunTime:0.000016s ]
INFO: [ app_init ] --END-- [ RunTime:0.000362s ]

[ 2017-07-02T22:06:58+08:00 ] 42.102.178.123 /index.php/Qt/Goods/css/mr.css
INFO: [ app_init ] --START--
INFO: Run Behavior\BuildLiteBehavior [ RunTime:0.000016s ]
INFO: [ app_init ] --END-- [ RunTime:0.000372s ]
ERR: 非法操作:css

[ 2017-07-02T22:07:06+08:00 ] 42.102.178.123 /index.php/Qt/Goods/goumai_ddlb.html
INFO: [ app_init ] --START--
INFO: Run Behavior\BuildLiteBehavior [ RunTime:0.000017s ]
INFO: [ app_init ] --END-- [ RunTime:0.000381s ]

[ 2017-07-02T22:07:07+08:00 ] 42.102.178.123 /index.php/Qt/Mr/mr.html
INFO: [ app_init ] --START--
INFO: Run Behavior\BuildLiteBehavior [ RunTime:0.000016s ]
INFO: [ app_init ] --END-- [ RunTime:0.000369s ]

[ 2017-07-02T22:08:27+08:00 ] 42.102.178.123 /index.php/Qt/Mr/mr.html
INFO: [ app_init ] --START--
INFO: Run Behavior\BuildLiteBehavior [ RunTime:0.000017s ]
INFO: [ app_init ] --END-- [ RunTime:0.000386s ]

[ 2017-07-02T22:08:29+08:00 ] 42.102.178.123 /index.php/Qt/Product/goumai.html
INFO: [ app_init ] --START--
INFO: Run Behavior\BuildLiteBehavior [ RunTime:0.000026s ]
INFO: [ app_init ] --END-- [ RunTime:0.000431s ]

[ 2017-07-02T22:08:30+08:00 ] 42.102.178.123 /index.php/Qt/Product/css/mr.css
INFO: [ app_init ] --START--
INFO: Run Behavior\BuildLiteBehavior [ RunTime:0.000015s ]
INFO: [ app_init ] --END-- [ RunTime:0.000359s ]
ERR: 非法操作:css

[ 2017-07-02T22:08:33+08:00 ] 42.102.178.123 /index.php/Qt/Product/goumai_dd
INFO: [ app_init ] --START--
INFO: Run Behavior\BuildLiteBehavior [ RunTime:0.000016s ]
INFO: [ app_init ] --END-- [ RunTime:0.000359s ]

[ 2017-07-02T22:08:48+08:00 ] 42.102.178.123 /index.php/Qt/Product/dd
INFO: [ app_init ] --START--
INFO: Run Behavior\BuildLiteBehavior [ RunTime:0.000016s ]
INFO: [ app_init ] --END-- [ RunTime:0.000374s ]

[ 2017-07-02T22:08:50+08:00 ] 42.102.178.123 /index.php/Qt/Goods/goumai_ddlb.html
INFO: [ app_init ] --START--
INFO: Run Behavior\BuildLiteBehavior [ RunTime:0.000016s ]
INFO: [ app_init ] --END-- [ RunTime:0.000361s ]

[ 2017-07-02T22:08:51+08:00 ] 42.102.178.123 /index.php/Qt/Goods/css/mr.css
INFO: [ app_init ] --START--
INFO: Run Behavior\BuildLiteBehavior [ RunTime:0.000016s ]
INFO: [ app_init ] --END-- [ RunTime:0.000356s ]
ERR: 非法操作:css

[ 2017-07-02T22:18:49+08:00 ] 182.140.215.77 /
INFO: [ app_init ] --START--
INFO: Run Behavior\BuildLiteBehavior [ RunTime:0.000017s ]
INFO: [ app_init ] --END-- [ RunTime:0.000420s ]

[ 2017-07-02T22:18:50+08:00 ] 182.140.215.77 /
INFO: [ app_init ] --START--
INFO: Run Behavior\BuildLiteBehavior [ RunTime:0.000017s ]
INFO: [ app_init ] --END-- [ RunTime:0.000446s ]

[ 2017-07-02T22:18:50+08:00 ] 182.140.215.77 /index.php/Qt/Video/mc.html
INFO: [ app_init ] --START--
INFO: Run Behavior\BuildLiteBehavior [ RunTime:0.000016s ]
INFO: [ app_init ] --END-- [ RunTime:0.000379s ]

[ 2017-07-02T22:18:52+08:00 ] 182.140.215.77 /index.php/Qt/Goods/sc.html
INFO: [ app_init ] --START--
INFO: Run Behavior\BuildLiteBehavior [ RunTime:0.000016s ]
INFO: [ app_init ] --END-- [ RunTime:0.000356s ]

[ 2017-07-02T22:18:52+08:00 ] 182.140.215.77 /index.php/Qt/Mr/mr.html
INFO: [ app_init ] --START--
INFO: Run Behavior\BuildLiteBehavior [ RunTime:0.000016s ]
INFO: [ app_init ] --END-- [ RunTime:0.000359s ]

[ 2017-07-02T22:18:52+08:00 ] 182.140.215.77 /index.php/Qt/Login/dl.html
INFO: [ app_init ] --START--
INFO: Run Behavior\BuildLiteBehavior [ RunTime:0.000015s ]
INFO: [ app_init ] --END-- [ RunTime:0.000373s ]

[ 2017-07-02T22:18:53+08:00 ] 182.140.215.77 /index.php/Qt/Yl/yl.html
INFO: [ app_init ] --START--
INFO: Run Behavior\BuildLiteBehavior [ RunTime:0.000016s ]
INFO: [ app_init ] --END-- [ RunTime:0.000403s ]

[ 2017-07-02T23:11:50+08:00 ] 182.140.215.77 /
INFO: [ app_init ] --START--
INFO: Run Behavior\BuildLiteBehavior [ RunTime:0.000016s ]
INFO: [ app_init ] --END-- [ RunTime:0.000457s ]

[ 2017-07-02T23:11:53+08:00 ] 182.140.215.77 /
INFO: [ app_init ] --START--
INFO: Run Behavior\BuildLiteBehavior [ RunTime:0.000016s ]
INFO: [ app_init ] --END-- [ RunTime:0.000365s ]

[ 2017-07-02T23:11:53+08:00 ] 182.140.215.77 /index.php/Qt/Video/mc.html
INFO: [ app_init ] --START--
INFO: Run Behavior\BuildLiteBehavior [ RunTime:0.000017s ]
INFO: [ app_init ] --END-- [ RunTime:0.000377s ]

[ 2017-07-02T23:11:54+08:00 ] 182.140.215.77 /index.php/Qt/Goods/sc.html
INFO: [ app_init ] --START--
INFO: Run Behavior\BuildLiteBehavior [ RunTime:0.000016s ]
INFO: [ app_init ] --END-- [ RunTime:0.000370s ]

[ 2017-07-02T23:11:55+08:00 ] 182.140.215.77 /index.php/Qt/Mr/mr.html
INFO: [ app_init ] --START--
INFO: Run Behavior\BuildLiteBehavior [ RunTime:0.000018s ]
INFO: [ app_init ] --END-- [ RunTime:0.000393s ]

[ 2017-07-02T23:11:55+08:00 ] 182.140.215.77 /index.php/Qt/Login/dl.html
INFO: [ app_init ] --START--
INFO: Run Behavior\BuildLiteBehavior [ RunTime:0.000016s ]
INFO: [ app_init ] --END-- [ RunTime:0.000370s ]

[ 2017-07-02T23:11:56+08:00 ] 182.140.215.77 /index.php/Qt/Yl/yl.html
INFO: [ app_init ] --START--
INFO: Run Behavior\BuildLiteBehavior [ RunTime:0.000017s ]
INFO: [ app_init ] --END-- [ RunTime:0.000380s ]

