[ 2017-05-06T12:26:22+08:00 ] ::1 /yy/index.php/Qt/Index/mr.html
ERR: 非法操作:mr

[ 2017-05-06T12:26:22+08:00 ] ::1 /yy/index.php/Qt/Index/mr.html
ERR: 非法操作:mr

[ 2017-05-06T12:26:24+08:00 ] ::1 /yy/index.php/Qt/Index/mr.html
ERR: 非法操作:mr

[ 2017-05-06T12:26:25+08:00 ] ::1 /yy/index.php/Qt/Index/mr.html
ERR: 非法操作:mr

[ 2017-05-06T12:26:26+08:00 ] ::1 /yy/index.php/Qt/Index/sc.html
ERR: 非法操作:sc

[ 2017-05-06T12:26:53+08:00 ] ::1 /yy/index.php/Qt/Index/sc.html
ERR: 非法操作:sc

[ 2017-05-06T12:27:02+08:00 ] ::1 /yy/index.php/Qt/Index/mr.html
ERR: 非法操作:mr

[ 2017-05-06T12:27:21+08:00 ] ::1 /yy/index.php/Qt/Index/sc.html
ERR: 非法操作:sc

[ 2017-05-06T12:27:34+08:00 ] ::1 /yy/index.php/Qt/Index/mr.html
ERR: 非法操作:mr

[ 2017-05-06T12:27:42+08:00 ] ::1 /yy/index.php/Qt/Index/mr.html
ERR: 非法操作:mr

[ 2017-05-06T12:27:53+08:00 ] ::1 /yy/index.php/Qt/Index/sc.html
ERR: 非法操作:sc

[ 2017-05-06T12:28:03+08:00 ] ::1 /yy/index.php/Qt/Index/mr.html
ERR: 非法操作:mr

[ 2017-05-06T12:28:55+08:00 ] ::1 /yy/index.php/Qt/Index/mr.html
ERR: 非法操作:mr

[ 2017-05-06T12:28:56+08:00 ] ::1 /yy/index.php/Qt/Index/mr.html
ERR: 非法操作:mr

[ 2017-05-06T12:28:56+08:00 ] ::1 /yy/index.php/Qt/Index/mr.html
ERR: 非法操作:mr

[ 2017-05-06T12:28:56+08:00 ] ::1 /yy/index.php/Qt/Index/mr.html
ERR: 非法操作:mr

[ 2017-05-06T12:29:00+08:00 ] ::1 /yy/index.php/Qt/Index/mr.html
ERR: 非法操作:mr

[ 2017-05-06T12:29:13+08:00 ] ::1 /yy/index.php/Qt/Index/mr.html
ERR: 非法操作:mr

[ 2017-05-06T12:29:20+08:00 ] ::1 /yy/index.php/Qt/Index/mr.html
ERR: 非法操作:mr

[ 2017-05-06T12:29:24+08:00 ] ::1 /yy/index.php/Qt/Index/mr.html
ERR: 非法操作:mr

[ 2017-05-06T12:29:25+08:00 ] ::1 /yy/index.php/Qt/Index/mr.html
ERR: 非法操作:mr

[ 2017-05-06T12:29:25+08:00 ] ::1 /yy/index.php/Qt/Index/mr.html
ERR: 非法操作:mr

[ 2017-05-06T12:29:26+08:00 ] ::1 /yy/index.php/Qt/Index/mr.html
ERR: 非法操作:mr

[ 2017-05-06T12:29:26+08:00 ] ::1 /yy/index.php/Qt/Index/mr.html
ERR: 非法操作:mr

[ 2017-05-06T12:29:26+08:00 ] ::1 /yy/index.php/Qt/Index/mr.html
ERR: 非法操作:mr

[ 2017-05-06T12:29:32+08:00 ] ::1 /yy/index.php/Qt/Index/mr.html
ERR: 非法操作:mr

[ 2017-05-06T12:29:44+08:00 ] ::1 /yy/index.php/Qt/Index/mr.html
ERR: 非法操作:mr

[ 2017-05-06T12:30:03+08:00 ] ::1 /yy/index.php/Qt/Index/mr.html
ERR: 非法操作:mr

[ 2017-05-06T12:30:22+08:00 ] ::1 /yy/index.php/Qt/Index/mr.html
ERR: 非法操作:mr

[ 2017-05-06T12:30:25+08:00 ] ::1 /yy/index.php/Qt/Index/mr.html
ERR: 非法操作:mr

[ 2017-05-06T12:31:35+08:00 ] ::1 /yy/index.php/Qt/Index/mr.html
ERR: 非法操作:mr

[ 2017-05-06T12:31:38+08:00 ] ::1 /yy/index.php/Qt/Index/mr.html
ERR: 非法操作:mr

[ 2017-05-06T12:32:03+08:00 ] ::1 /yy/index.php/Qt/Index/mr.html
ERR: 非法操作:mr

[ 2017-05-06T12:32:08+08:00 ] ::1 /yy/index.php/Qt/Index/mr.html
ERR: 非法操作:mr

[ 2017-05-06T12:32:10+08:00 ] ::1 /yy/index.php/Qt/Index/mr.html
ERR: 非法操作:mr

[ 2017-05-06T12:32:23+08:00 ] ::1 /yy/index.php/Qt/Index/mr.html
ERR: 非法操作:mr

[ 2017-05-06T12:33:03+08:00 ] ::1 /yy/index.php/Qt/Index/sc.html
ERR: 非法操作:sc

[ 2017-05-06T12:33:25+08:00 ] ::1 /yy/index.php/Qt/Index/mr.html
ERR: 非法操作:mr

[ 2017-05-06T12:33:32+08:00 ] ::1 /yy/index.php/Qt/Index/mr.html
ERR: 非法操作:mr

[ 2017-05-06T12:33:55+08:00 ] ::1 /yy/index.php/Qt/Index/mr.html
ERR: 非法操作:mr

[ 2017-05-06T12:36:14+08:00 ] ::1 /yy/index.php/Qt/Index/mr.html
ERR: 非法操作:mr

[ 2017-05-06T12:36:20+08:00 ] ::1 /yy/index.php/Qt/Index/mr.html
ERR: 非法操作:mr

[ 2017-05-06T12:36:35+08:00 ] ::1 /yy/index.php/Qt/Index/mr.html
ERR: 非法操作:mr

[ 2017-05-06T12:36:39+08:00 ] ::1 /yy/index.php/Qt/Index/mr.html
ERR: 非法操作:mr

[ 2017-05-06T12:38:25+08:00 ] ::1 /yy/index.php/Qt/Index/sc.html
ERR: 非法操作:sc

[ 2017-05-06T12:38:31+08:00 ] ::1 /yy/index.php/Qt/Index/sc.html
ERR: 非法操作:sc

[ 2017-05-06T12:38:33+08:00 ] ::1 /yy/index.php/Qt/Index/mr.html
ERR: 非法操作:mr

[ 2017-05-06T12:39:20+08:00 ] ::1 /yy/index.php/Qt/Index/mr.html
ERR: 非法操作:mr

[ 2017-05-06T12:39:45+08:00 ] ::1 /yy/index.php/Qt/Index/mr.html
ERR: 非法操作:mr

[ 2017-05-06T12:39:51+08:00 ] ::1 /yy/index.php/Qt/Index/mr.html
ERR: 非法操作:mr

[ 2017-05-06T12:40:30+08:00 ] ::1 /yy/index.php/Qt/Index/mr.html
ERR: 非法操作:mr

[ 2017-05-06T12:45:41+08:00 ] ::1 /yy/index.php/Qt/Login/login.html
ERR: 非法操作:login

[ 2017-05-06T12:54:55+08:00 ] ::1 /yy/index.php/Qt/Login/dl.html
ERR: Think\Controller:baoMsg方法不存在！

[ 2017-05-06T13:02:43+08:00 ] ::1 /yy/index.php/Qt/Login/login.html
ERR: 非法操作:login

[ 2017-05-06T13:03:55+08:00 ] ::1 /yy/index.php/Qt/Index/IndE
ERR: 非法操作:IndE

