[ 2017-06-07T16:16:49+08:00 ] 1.189.203.240 /index.php/Qt/Alpay/pay
INFO: [ app_init ] --START--
INFO: Run Behavior\BuildLiteBehavior [ RunTime:0.000025s ]
INFO: [ app_init ] --END-- [ RunTime:0.000510s ]

[ 2017-06-07T16:17:16+08:00 ] 1.189.203.240 /index.php/Qt/Alpay/pay
INFO: [ app_init ] --START--
INFO: Run Behavior\BuildLiteBehavior [ RunTime:0.000026s ]
INFO: [ app_init ] --END-- [ RunTime:0.000457s ]

[ 2017-06-07T16:17:17+08:00 ] 1.189.203.240 /index.php/Qt/Alpay/pay
INFO: [ app_init ] --START--
INFO: Run Behavior\BuildLiteBehavior [ RunTime:0.000024s ]
INFO: [ app_init ] --END-- [ RunTime:0.000477s ]

[ 2017-06-07T16:17:41+08:00 ] 1.189.203.240 /index.php/Qt/Alpay/pay
INFO: [ app_init ] --START--
INFO: Run Behavior\BuildLiteBehavior [ RunTime:0.000027s ]
INFO: [ app_init ] --END-- [ RunTime:0.000466s ]

[ 2017-06-07T16:21:08+08:00 ] 1.189.203.240 /
INFO: [ app_init ] --START--
INFO: Run Behavior\BuildLiteBehavior [ RunTime:0.000028s ]
INFO: [ app_init ] --END-- [ RunTime:0.000727s ]

[ 2017-06-07T16:21:10+08:00 ] 1.189.203.240 /index.php/Qt/Goods/sc.html
INFO: [ app_init ] --START--
INFO: Run Behavior\BuildLiteBehavior [ RunTime:0.000029s ]
INFO: [ app_init ] --END-- [ RunTime:0.000575s ]

[ 2017-06-07T16:21:10+08:00 ] 1.189.203.240 /index.php/Qt/Video/mc.html
INFO: [ app_init ] --START--
INFO: Run Behavior\BuildLiteBehavior [ RunTime:0.000028s ]
INFO: [ app_init ] --END-- [ RunTime:0.000597s ]

[ 2017-06-07T16:21:10+08:00 ] 1.189.203.240 /index.php/Qt/Mr/mr.html
INFO: [ app_init ] --START--
INFO: Run Behavior\BuildLiteBehavior [ RunTime:0.000028s ]
INFO: [ app_init ] --END-- [ RunTime:0.000515s ]

[ 2017-06-07T16:21:10+08:00 ] 1.189.203.240 /index.php/Qt/Login/dl.html
INFO: [ app_init ] --START--
INFO: Run Behavior\BuildLiteBehavior [ RunTime:0.000028s ]
INFO: [ app_init ] --END-- [ RunTime:0.000527s ]

[ 2017-06-07T16:21:17+08:00 ] 101.226.102.97 /
INFO: [ app_init ] --START--
INFO: Run Behavior\BuildLiteBehavior [ RunTime:0.000025s ]
INFO: [ app_init ] --END-- [ RunTime:0.000501s ]

[ 2017-06-07T16:21:18+08:00 ] 101.226.102.97 /index.php/Qt/Video/mc.html
INFO: [ app_init ] --START--
INFO: Run Behavior\BuildLiteBehavior [ RunTime:0.000025s ]
INFO: [ app_init ] --END-- [ RunTime:0.000444s ]

[ 2017-06-07T16:21:19+08:00 ] 101.226.33.219 /index.php/Qt/Mr/mr.html
INFO: [ app_init ] --START--
INFO: Run Behavior\BuildLiteBehavior [ RunTime:0.000025s ]
INFO: [ app_init ] --END-- [ RunTime:0.000505s ]

[ 2017-06-07T16:21:19+08:00 ] 101.226.33.219 /index.php/Qt/Login/dl.html
INFO: [ app_init ] --START--
INFO: Run Behavior\BuildLiteBehavior [ RunTime:0.000024s ]
INFO: [ app_init ] --END-- [ RunTime:0.000440s ]

[ 2017-06-07T16:21:19+08:00 ] 101.226.51.228 /index.php/Qt/Goods/sc.html
INFO: [ app_init ] --START--
INFO: Run Behavior\BuildLiteBehavior [ RunTime:0.000026s ]
INFO: [ app_init ] --END-- [ RunTime:0.000463s ]

[ 2017-06-07T16:21:19+08:00 ] 101.226.102.97 /index.php/Qt/Goods/sc.html
INFO: [ app_init ] --START--
INFO: Run Behavior\BuildLiteBehavior [ RunTime:0.000027s ]
INFO: [ app_init ] --END-- [ RunTime:0.000467s ]

[ 2017-06-07T16:21:20+08:00 ] 101.226.102.97 /index.php/Qt/Mr/mr.html
INFO: [ app_init ] --START--
INFO: Run Behavior\BuildLiteBehavior [ RunTime:0.000028s ]
INFO: [ app_init ] --END-- [ RunTime:0.000459s ]

[ 2017-06-07T16:21:20+08:00 ] 101.226.102.97 /index.php/Qt/Login/dl.html
INFO: [ app_init ] --START--
INFO: Run Behavior\BuildLiteBehavior [ RunTime:0.000028s ]
INFO: [ app_init ] --END-- [ RunTime:0.000489s ]

[ 2017-06-07T16:21:20+08:00 ] 61.151.226.202 /index.php/Qt/Login/dl.html
INFO: [ app_init ] --START--
INFO: Run Behavior\BuildLiteBehavior [ RunTime:0.000024s ]
INFO: [ app_init ] --END-- [ RunTime:0.000503s ]

[ 2017-06-07T16:23:37+08:00 ] 1.189.203.240 /index.php/Qt/Goods/goumai_ddlb.html
INFO: [ app_init ] --START--
INFO: Run Behavior\BuildLiteBehavior [ RunTime:0.000027s ]
INFO: [ app_init ] --END-- [ RunTime:0.000514s ]

[ 2017-06-07T16:23:52+08:00 ] 1.189.203.240 /index.php/Qt/Login/dl
INFO: [ app_init ] --START--
INFO: Run Behavior\BuildLiteBehavior [ RunTime:0.000026s ]
INFO: [ app_init ] --END-- [ RunTime:0.000461s ]

[ 2017-06-07T16:23:53+08:00 ] 1.189.203.240 /index.php/Qt/Mr/mr.html
INFO: [ app_init ] --START--
INFO: Run Behavior\BuildLiteBehavior [ RunTime:0.000029s ]
INFO: [ app_init ] --END-- [ RunTime:0.000485s ]

[ 2017-06-07T16:24:13+08:00 ] 1.189.203.240 /index.php/Qt/Information/xx.html
INFO: [ app_init ] --START--
INFO: Run Behavior\BuildLiteBehavior [ RunTime:0.000045s ]
INFO: [ app_init ] --END-- [ RunTime:0.000579s ]

[ 2017-06-07T16:24:17+08:00 ] 1.189.203.240 /index.php/Qt/Money/qb.html
INFO: [ app_init ] --START--
INFO: Run Behavior\BuildLiteBehavior [ RunTime:0.000028s ]
INFO: [ app_init ] --END-- [ RunTime:0.000462s ]

[ 2017-06-07T16:24:20+08:00 ] 1.189.203.240 /index.php/Qt/Money/chongzhi.html
INFO: [ app_init ] --START--
INFO: Run Behavior\BuildLiteBehavior [ RunTime:0.000027s ]
INFO: [ app_init ] --END-- [ RunTime:0.000457s ]

[ 2017-06-07T16:24:23+08:00 ] 140.207.185.109 /index.php/Qt/Information/xx.html
INFO: [ app_init ] --START--
INFO: Run Behavior\BuildLiteBehavior [ RunTime:0.000026s ]
INFO: [ app_init ] --END-- [ RunTime:0.000506s ]

[ 2017-06-07T16:24:24+08:00 ] 1.189.203.240 /index.php/Qt/Shopping/wxpay2.html
INFO: [ app_init ] --START--
INFO: Run Behavior\BuildLiteBehavior [ RunTime:0.000027s ]
INFO: [ app_init ] --END-- [ RunTime:0.000455s ]

[ 2017-06-07T16:24:27+08:00 ] 61.151.226.202 /index.php/Qt/Money/qb.html
INFO: [ app_init ] --START--
INFO: Run Behavior\BuildLiteBehavior [ RunTime:0.000029s ]
INFO: [ app_init ] --END-- [ RunTime:0.000526s ]

[ 2017-06-07T16:24:30+08:00 ] 101.226.33.208 /index.php/Qt/Money/chongzhi.html
INFO: [ app_init ] --START--
INFO: Run Behavior\BuildLiteBehavior [ RunTime:0.000024s ]
INFO: [ app_init ] --END-- [ RunTime:0.000497s ]

[ 2017-06-07T16:27:22+08:00 ] 1.189.203.240 /index.php/Qt/Alpay/pay
INFO: [ app_init ] --START--
INFO: Run Behavior\BuildLiteBehavior [ RunTime:0.000026s ]
INFO: [ app_init ] --END-- [ RunTime:0.000513s ]

[ 2017-06-07T16:28:39+08:00 ] 101.226.66.193 /index.php/Qt/Goods/goumai_ddlb.html
INFO: [ app_init ] --START--
INFO: Run Behavior\BuildLiteBehavior [ RunTime:0.000026s ]
INFO: [ app_init ] --END-- [ RunTime:0.000516s ]

[ 2017-06-07T16:30:30+08:00 ] 1.189.203.240 /index.php/Qt/Alpay/pay
INFO: [ app_init ] --START--
INFO: Run Behavior\BuildLiteBehavior [ RunTime:0.000026s ]
INFO: [ app_init ] --END-- [ RunTime:0.000520s ]

[ 2017-06-07T16:30:34+08:00 ] 1.189.203.240 /index.php/Qt/Yl/yl.html
INFO: [ app_init ] --START--
INFO: Run Behavior\BuildLiteBehavior [ RunTime:0.000028s ]
INFO: [ app_init ] --END-- [ RunTime:0.000569s ]

[ 2017-06-07T16:30:43+08:00 ] 1.189.203.240 /index.php/Qt/Index/index.html
INFO: [ app_init ] --START--
INFO: Run Behavior\BuildLiteBehavior [ RunTime:0.000029s ]
INFO: [ app_init ] --END-- [ RunTime:0.000536s ]

[ 2017-06-07T16:30:44+08:00 ] 101.226.66.187 /index.php/Qt/Yl/yl.html
INFO: [ app_init ] --START--
INFO: Run Behavior\BuildLiteBehavior [ RunTime:0.000027s ]
INFO: [ app_init ] --END-- [ RunTime:0.000511s ]

[ 2017-06-07T16:30:44+08:00 ] 1.189.203.240 /index.php/Qt/Video/mc.html
INFO: [ app_init ] --START--
INFO: Run Behavior\BuildLiteBehavior [ RunTime:0.000029s ]
INFO: [ app_init ] --END-- [ RunTime:0.000538s ]

[ 2017-06-07T16:30:45+08:00 ] 1.189.203.240 /index.php/Qt/Goods/sc.html
INFO: [ app_init ] --START--
INFO: Run Behavior\BuildLiteBehavior [ RunTime:0.000029s ]
INFO: [ app_init ] --END-- [ RunTime:0.000523s ]

[ 2017-06-07T16:30:46+08:00 ] 1.189.203.240 /index.php/Qt/Mr/mr.html
INFO: [ app_init ] --START--
INFO: Run Behavior\BuildLiteBehavior [ RunTime:0.000028s ]
INFO: [ app_init ] --END-- [ RunTime:0.000526s ]

[ 2017-06-07T16:30:53+08:00 ] 101.226.33.225 /index.php/Qt/Index/index.html
INFO: [ app_init ] --START--
INFO: Run Behavior\BuildLiteBehavior [ RunTime:0.000027s ]
INFO: [ app_init ] --END-- [ RunTime:0.000523s ]

[ 2017-06-07T16:30:54+08:00 ] 101.226.33.225 /index.php/Qt/Video/mc.html
INFO: [ app_init ] --START--
INFO: Run Behavior\BuildLiteBehavior [ RunTime:0.000025s ]
INFO: [ app_init ] --END-- [ RunTime:0.000523s ]

[ 2017-06-07T16:30:56+08:00 ] 101.226.33.225 /index.php/Qt/Goods/sc.html
INFO: [ app_init ] --START--
INFO: Run Behavior\BuildLiteBehavior [ RunTime:0.000028s ]
INFO: [ app_init ] --END-- [ RunTime:0.000534s ]

[ 2017-06-07T16:30:56+08:00 ] 101.226.33.225 /index.php/Qt/Mr/mr.html
INFO: [ app_init ] --START--
INFO: Run Behavior\BuildLiteBehavior [ RunTime:0.000024s ]
INFO: [ app_init ] --END-- [ RunTime:0.000517s ]

[ 2017-06-07T16:30:56+08:00 ] 101.226.33.225 /index.php/Qt/Login/dl.html
INFO: [ app_init ] --START--
INFO: Run Behavior\BuildLiteBehavior [ RunTime:0.000024s ]
INFO: [ app_init ] --END-- [ RunTime:0.000509s ]

[ 2017-06-07T16:33:37+08:00 ] 101.226.61.206 /index.php/Qt/Alpay/pay
INFO: [ app_init ] --START--
INFO: Run Behavior\BuildLiteBehavior [ RunTime:0.000026s ]
INFO: [ app_init ] --END-- [ RunTime:0.000508s ]

[ 2017-06-07T18:06:53+08:00 ] 1.189.203.240 /index.php/Qt/Alpay/pay
INFO: [ app_init ] --START--
INFO: Run Behavior\BuildLiteBehavior [ RunTime:0.000025s ]
INFO: [ app_init ] --END-- [ RunTime:0.000512s ]

[ 2017-06-07T18:13:16+08:00 ] 1.189.203.240 /index.php/Qt/Alpay/pay
INFO: [ app_init ] --START--
INFO: Run Behavior\BuildLiteBehavior [ RunTime:0.000028s ]
INFO: [ app_init ] --END-- [ RunTime:0.000533s ]

[ 2017-06-07T18:13:19+08:00 ] 1.189.203.240 /index.php/Qt/Alpay/pay
INFO: [ app_init ] --START--
INFO: Run Behavior\BuildLiteBehavior [ RunTime:0.000029s ]
INFO: [ app_init ] --END-- [ RunTime:0.000537s ]

[ 2017-06-07T18:13:23+08:00 ] 1.189.203.240 /index.php/Qt/Alpay/pay
INFO: [ app_init ] --START--
INFO: Run Behavior\BuildLiteBehavior [ RunTime:0.000078s ]
INFO: [ app_init ] --END-- [ RunTime:0.000701s ]

[ 2017-06-07T18:13:24+08:00 ] 1.189.203.240 /index.php/Qt/Alpay/pay
INFO: [ app_init ] --START--
INFO: Run Behavior\BuildLiteBehavior [ RunTime:0.000025s ]
INFO: [ app_init ] --END-- [ RunTime:0.000529s ]

[ 2017-06-07T18:13:25+08:00 ] 1.189.203.240 /index.php/Qt/Alpay/pay
INFO: [ app_init ] --START--
INFO: Run Behavior\BuildLiteBehavior [ RunTime:0.000025s ]
INFO: [ app_init ] --END-- [ RunTime:0.000511s ]

[ 2017-06-07T18:13:26+08:00 ] 1.189.203.240 /index.php/Qt/Alpay/pay
INFO: [ app_init ] --START--
INFO: Run Behavior\BuildLiteBehavior [ RunTime:0.000030s ]
INFO: [ app_init ] --END-- [ RunTime:0.000533s ]

[ 2017-06-07T18:13:27+08:00 ] 1.189.203.240 /index.php/Qt/Alpay/pay
INFO: [ app_init ] --START--
INFO: Run Behavior\BuildLiteBehavior [ RunTime:0.000026s ]
INFO: [ app_init ] --END-- [ RunTime:0.000523s ]

[ 2017-06-07T18:13:28+08:00 ] 1.189.203.240 /index.php/Qt/Alpay/pay
INFO: [ app_init ] --START--
INFO: Run Behavior\BuildLiteBehavior [ RunTime:0.000025s ]
INFO: [ app_init ] --END-- [ RunTime:0.000510s ]

[ 2017-06-07T18:13:29+08:00 ] 1.189.203.240 /index.php/Qt/Alpay/pay
INFO: [ app_init ] --START--
INFO: Run Behavior\BuildLiteBehavior [ RunTime:0.000026s ]
INFO: [ app_init ] --END-- [ RunTime:0.000518s ]

[ 2017-06-07T18:13:31+08:00 ] 1.189.203.240 /index.php/Qt/Alpay/pay
INFO: [ app_init ] --START--
INFO: Run Behavior\BuildLiteBehavior [ RunTime:0.000031s ]
INFO: [ app_init ] --END-- [ RunTime:0.000646s ]

[ 2017-06-07T18:15:16+08:00 ] 1.189.203.240 /index.php/Qt/Alpay/pay
INFO: [ app_init ] --START--
INFO: Run Behavior\BuildLiteBehavior [ RunTime:0.000026s ]
INFO: [ app_init ] --END-- [ RunTime:0.000645s ]

[ 2017-06-07T18:15:21+08:00 ] 222.137.235.185 /index.php/Qt/Alpay/pay
INFO: [ app_init ] --START--
INFO: Run Behavior\BuildLiteBehavior [ RunTime:0.000026s ]
INFO: [ app_init ] --END-- [ RunTime:0.000520s ]

[ 2017-06-07T18:16:55+08:00 ] 1.189.203.240 /index.php/Qt/Alpay/pay
INFO: [ app_init ] --START--
INFO: Run Behavior\BuildLiteBehavior [ RunTime:0.000025s ]
INFO: [ app_init ] --END-- [ RunTime:0.000517s ]

[ 2017-06-07T18:20:32+08:00 ] 1.189.203.240 /index.php/Qt/Alpay/pay
INFO: [ app_init ] --START--
INFO: Run Behavior\BuildLiteBehavior [ RunTime:0.000029s ]
INFO: [ app_init ] --END-- [ RunTime:0.000534s ]

[ 2017-06-07T18:20:51+08:00 ] 222.137.235.185 /index.php/Qt/Alpay/pay
INFO: [ app_init ] --START--
INFO: Run Behavior\BuildLiteBehavior [ RunTime:0.000028s ]
INFO: [ app_init ] --END-- [ RunTime:0.000752s ]

[ 2017-06-07T18:21:20+08:00 ] 1.189.203.240 /index.php/Qt/Alpay/pay
INFO: [ app_init ] --START--
INFO: Run Behavior\BuildLiteBehavior [ RunTime:0.000041s ]
INFO: [ app_init ] --END-- [ RunTime:0.000788s ]

[ 2017-06-07T18:23:42+08:00 ] 1.189.203.240 /index.php/Qt/Alpay/pay
INFO: [ app_init ] --START--
INFO: Run Behavior\BuildLiteBehavior [ RunTime:0.000028s ]
INFO: [ app_init ] --END-- [ RunTime:0.000527s ]

[ 2017-06-07T18:24:05+08:00 ] 1.189.203.240 /index.php/Qt/Alpay/pay
INFO: [ app_init ] --START--
INFO: Run Behavior\BuildLiteBehavior [ RunTime:0.000029s ]
INFO: [ app_init ] --END-- [ RunTime:0.000528s ]

[ 2017-06-07T18:24:08+08:00 ] 1.189.203.240 /index.php/Qt/Alpay/pay
INFO: [ app_init ] --START--
INFO: Run Behavior\BuildLiteBehavior [ RunTime:0.000039s ]
INFO: [ app_init ] --END-- [ RunTime:0.000738s ]

[ 2017-06-07T18:24:13+08:00 ] 1.189.203.240 /index.php/Qt/Alpay/pay
INFO: [ app_init ] --START--
INFO: Run Behavior\BuildLiteBehavior [ RunTime:0.000026s ]
INFO: [ app_init ] --END-- [ RunTime:0.000520s ]

[ 2017-06-07T18:24:38+08:00 ] 1.189.203.240 /index.php/Qt/Alpay/pay
INFO: [ app_init ] --START--
INFO: Run Behavior\BuildLiteBehavior [ RunTime:0.000025s ]
INFO: [ app_init ] --END-- [ RunTime:0.000508s ]
ERR: 无法加载控制器:Alpay

[ 2017-06-07T18:24:39+08:00 ] 222.137.235.185 /index.php/Qt/Alpay/pay
INFO: [ app_init ] --START--
INFO: Run Behavior\BuildLiteBehavior [ RunTime:0.000036s ]
INFO: [ app_init ] --END-- [ RunTime:0.000949s ]
ERR: 无法加载控制器:Alpay

[ 2017-06-07T18:24:40+08:00 ] 1.189.203.240 /index.php/Qt/Alpay/pay
INFO: [ app_init ] --START--
INFO: Run Behavior\BuildLiteBehavior [ RunTime:0.000027s ]
INFO: [ app_init ] --END-- [ RunTime:0.000522s ]
ERR: 无法加载控制器:Alpay

[ 2017-06-07T18:25:05+08:00 ] 1.189.203.240 /index.php/Qt/Alpay/pay
INFO: [ app_init ] --START--
INFO: Run Behavior\BuildLiteBehavior [ RunTime:0.000025s ]
INFO: [ app_init ] --END-- [ RunTime:0.000513s ]
ERR: 无法加载控制器:Alpay

[ 2017-06-07T18:25:06+08:00 ] 1.189.203.240 /index.php/Qt/Alpay/pay
INFO: [ app_init ] --START--
INFO: Run Behavior\BuildLiteBehavior [ RunTime:0.000025s ]
INFO: [ app_init ] --END-- [ RunTime:0.000505s ]
ERR: 无法加载控制器:Alpay

[ 2017-06-07T18:25:08+08:00 ] 1.189.203.240 /index.php/Qt/Alpay/pay
INFO: [ app_init ] --START--
INFO: Run Behavior\BuildLiteBehavior [ RunTime:0.000024s ]
INFO: [ app_init ] --END-- [ RunTime:0.000591s ]
ERR: 无法加载控制器:Alpay

[ 2017-06-07T18:25:23+08:00 ] 1.189.203.240 /index.php/Qt/Alpay/pay
INFO: [ app_init ] --START--
INFO: Run Behavior\BuildLiteBehavior [ RunTime:0.000026s ]
INFO: [ app_init ] --END-- [ RunTime:0.000923s ]
ERR: 无法加载控制器:Alpay

[ 2017-06-07T18:25:39+08:00 ] 1.189.203.240 /index.php/Qt/Alpay/pay
INFO: [ app_init ] --START--
INFO: Run Behavior\BuildLiteBehavior [ RunTime:0.000025s ]
INFO: [ app_init ] --END-- [ RunTime:0.000547s ]
ERR: 无法加载控制器:Alpay

[ 2017-06-07T18:25:44+08:00 ] 1.189.203.240 /index.php/Qt/Alpay/pay
INFO: [ app_init ] --START--
INFO: Run Behavior\BuildLiteBehavior [ RunTime:0.000025s ]
INFO: [ app_init ] --END-- [ RunTime:0.000508s ]
ERR: 无法加载控制器:Alpay

[ 2017-06-07T18:25:48+08:00 ] 1.189.203.240 /index.php/Qt/Alpay/pay
INFO: [ app_init ] --START--
INFO: Run Behavior\BuildLiteBehavior [ RunTime:0.000027s ]
INFO: [ app_init ] --END-- [ RunTime:0.000520s ]
ERR: 无法加载控制器:Alpay

[ 2017-06-07T18:25:50+08:00 ] 1.189.203.240 /index.php/Qt/Alpay/pay
INFO: [ app_init ] --START--
INFO: Run Behavior\BuildLiteBehavior [ RunTime:0.000031s ]
INFO: [ app_init ] --END-- [ RunTime:0.000534s ]
ERR: 无法加载控制器:Alpay

[ 2017-06-07T18:25:51+08:00 ] 1.189.203.240 /index.php/Qt/Alpay/pay
INFO: [ app_init ] --START--
INFO: Run Behavior\BuildLiteBehavior [ RunTime:0.000025s ]
INFO: [ app_init ] --END-- [ RunTime:0.000506s ]
ERR: 无法加载控制器:Alpay

[ 2017-06-07T18:25:52+08:00 ] 1.189.203.240 /index.php/Qt/Alpay/pay
INFO: [ app_init ] --START--
INFO: Run Behavior\BuildLiteBehavior [ RunTime:0.000025s ]
INFO: [ app_init ] --END-- [ RunTime:0.000512s ]
ERR: 无法加载控制器:Alpay

[ 2017-06-07T18:25:54+08:00 ] 1.189.203.240 /index.php/Qt/Alpay/pay
INFO: [ app_init ] --START--
INFO: Run Behavior\BuildLiteBehavior [ RunTime:0.000025s ]
INFO: [ app_init ] --END-- [ RunTime:0.000507s ]
ERR: 无法加载控制器:Alpay

[ 2017-06-07T18:25:56+08:00 ] 1.189.203.240 /index.php/Qt/Alpay/pay
INFO: [ app_init ] --START--
INFO: Run Behavior\BuildLiteBehavior [ RunTime:0.000042s ]
INFO: [ app_init ] --END-- [ RunTime:0.000782s ]
ERR: 无法加载控制器:Alpay

[ 2017-06-07T18:25:57+08:00 ] 1.189.203.240 /index.php/Qt/Alpay/pay
INFO: [ app_init ] --START--
INFO: Run Behavior\BuildLiteBehavior [ RunTime:0.000026s ]
INFO: [ app_init ] --END-- [ RunTime:0.000524s ]
ERR: 无法加载控制器:Alpay

[ 2017-06-07T18:25:58+08:00 ] 1.189.203.240 /index.php/Qt/Alpay/pay
INFO: [ app_init ] --START--
INFO: Run Behavior\BuildLiteBehavior [ RunTime:0.000024s ]
INFO: [ app_init ] --END-- [ RunTime:0.000499s ]
ERR: 无法加载控制器:Alpay

[ 2017-06-07T18:25:58+08:00 ] 222.137.235.185 /index.php/Qt/Alpay/pay
INFO: [ app_init ] --START--
INFO: Run Behavior\BuildLiteBehavior [ RunTime:0.000025s ]
INFO: [ app_init ] --END-- [ RunTime:0.000576s ]
ERR: 无法加载控制器:Alpay

[ 2017-06-07T18:25:59+08:00 ] 1.189.203.240 /index.php/Qt/Alpay/pay
INFO: [ app_init ] --START--
INFO: Run Behavior\BuildLiteBehavior [ RunTime:0.000025s ]
INFO: [ app_init ] --END-- [ RunTime:0.000531s ]
ERR: 无法加载控制器:Alpay

[ 2017-06-07T18:26:00+08:00 ] 1.189.203.240 /index.php/Qt/Alpay/pay
INFO: [ app_init ] --START--
INFO: Run Behavior\BuildLiteBehavior [ RunTime:0.000025s ]
INFO: [ app_init ] --END-- [ RunTime:0.000534s ]
ERR: 无法加载控制器:Alpay

[ 2017-06-07T18:26:00+08:00 ] 1.189.203.240 /index.php/Qt/Alpay/pay
INFO: [ app_init ] --START--
INFO: Run Behavior\BuildLiteBehavior [ RunTime:0.000029s ]
INFO: [ app_init ] --END-- [ RunTime:0.000549s ]
ERR: 无法加载控制器:Alpay

[ 2017-06-07T18:26:03+08:00 ] 1.189.203.240 /index.php/Qt/Alpay/pay
INFO: [ app_init ] --START--
INFO: Run Behavior\BuildLiteBehavior [ RunTime:0.000024s ]
INFO: [ app_init ] --END-- [ RunTime:0.000586s ]
ERR: 无法加载控制器:Alpay

[ 2017-06-07T18:26:05+08:00 ] 1.189.203.240 /index.php/Qt/Alpay/pay
INFO: [ app_init ] --START--
INFO: Run Behavior\BuildLiteBehavior [ RunTime:0.000027s ]
INFO: [ app_init ] --END-- [ RunTime:0.000588s ]
ERR: 无法加载控制器:Alpay

[ 2017-06-07T18:26:15+08:00 ] 1.189.203.240 /index.php/Qt/Video/mc_lb.html
INFO: [ app_init ] --START--
INFO: Run Behavior\BuildLiteBehavior [ RunTime:0.000024s ]
INFO: [ app_init ] --END-- [ RunTime:0.000572s ]

[ 2017-06-07T18:26:19+08:00 ] 1.189.203.240 /index.php/Qt/Video/mc_xx.html
INFO: [ app_init ] --START--
INFO: Run Behavior\BuildLiteBehavior [ RunTime:0.000036s ]
INFO: [ app_init ] --END-- [ RunTime:0.000651s ]

[ 2017-06-07T18:26:19+08:00 ] 1.189.203.240 /index.php/Qt/Video/movie.ogg
INFO: [ app_init ] --START--
INFO: Run Behavior\BuildLiteBehavior [ RunTime:0.000027s ]
INFO: [ app_init ] --END-- [ RunTime:0.000470s ]
ERR: 非法操作:movie.ogg

[ 2017-06-07T18:26:25+08:00 ] 101.226.125.100 /index.php/Qt/Video/mc_lb.html
INFO: [ app_init ] --START--
INFO: Run Behavior\BuildLiteBehavior [ RunTime:0.000029s ]
INFO: [ app_init ] --END-- [ RunTime:0.000521s ]

[ 2017-06-07T18:26:29+08:00 ] 1.189.203.240 /index.php/Qt/Video/mc_lb.html
INFO: [ app_init ] --START--
INFO: Run Behavior\BuildLiteBehavior [ RunTime:0.000025s ]
INFO: [ app_init ] --END-- [ RunTime:0.000494s ]

[ 2017-06-07T18:26:29+08:00 ] 101.226.33.216 /index.php/Qt/Video/movie.ogg
INFO: [ app_init ] --START--
INFO: Run Behavior\BuildLiteBehavior [ RunTime:0.000023s ]
INFO: [ app_init ] --END-- [ RunTime:0.000543s ]
ERR: 非法操作:movie.ogg

[ 2017-06-07T18:26:29+08:00 ] 112.65.193.15 /index.php/Qt/Video/mc_xx.html
INFO: [ app_init ] --START--
INFO: Run Behavior\BuildLiteBehavior [ RunTime:0.000025s ]
INFO: [ app_init ] --END-- [ RunTime:0.000510s ]

[ 2017-06-07T18:26:30+08:00 ] 1.189.203.240 /index.php/Qt/Video/mc.html
INFO: [ app_init ] --START--
INFO: Run Behavior\BuildLiteBehavior [ RunTime:0.000025s ]
INFO: [ app_init ] --END-- [ RunTime:0.000450s ]

[ 2017-06-07T18:26:32+08:00 ] 1.189.203.240 /index.php/Qt/Video/mc_lb.html
INFO: [ app_init ] --START--
INFO: Run Behavior\BuildLiteBehavior [ RunTime:0.000026s ]
INFO: [ app_init ] --END-- [ RunTime:0.000449s ]

[ 2017-06-07T18:26:35+08:00 ] 1.189.203.240 /index.php/Qt/Video/mc.html
INFO: [ app_init ] --START--
INFO: Run Behavior\BuildLiteBehavior [ RunTime:0.000027s ]
INFO: [ app_init ] --END-- [ RunTime:0.000465s ]

[ 2017-06-07T18:26:40+08:00 ] 1.189.203.240 /index.php/Qt/Alpay/pay
INFO: [ app_init ] --START--
INFO: Run Behavior\BuildLiteBehavior [ RunTime:0.000025s ]
INFO: [ app_init ] --END-- [ RunTime:0.000453s ]

[ 2017-06-07T18:26:43+08:00 ] 1.189.203.240 /index.php/Qt/Alpay/pay
INFO: [ app_init ] --START--
INFO: Run Behavior\BuildLiteBehavior [ RunTime:0.000026s ]
INFO: [ app_init ] --END-- [ RunTime:0.000455s ]

[ 2017-06-07T18:26:49+08:00 ] 222.137.235.185 /index.php/Qt/Alpay/pay
INFO: [ app_init ] --START--
INFO: Run Behavior\BuildLiteBehavior [ RunTime:0.000025s ]
INFO: [ app_init ] --END-- [ RunTime:0.000454s ]

[ 2017-06-07T18:27:10+08:00 ] 1.189.203.240 /index.php/Qt/Alpay/pay
INFO: [ app_init ] --START--
INFO: Run Behavior\BuildLiteBehavior [ RunTime:0.000027s ]
INFO: [ app_init ] --END-- [ RunTime:0.000467s ]

[ 2017-06-07T18:27:14+08:00 ] 222.137.235.185 /index.php/Qt/Alpay/pay
INFO: [ app_init ] --START--
INFO: Run Behavior\BuildLiteBehavior [ RunTime:0.000030s ]
INFO: [ app_init ] --END-- [ RunTime:0.000738s ]

[ 2017-06-07T18:27:20+08:00 ] 1.189.203.240 /index.php/Qt/Alpay/pay
INFO: [ app_init ] --START--
INFO: Run Behavior\BuildLiteBehavior [ RunTime:0.000025s ]
INFO: [ app_init ] --END-- [ RunTime:0.000448s ]

[ 2017-06-07T18:27:22+08:00 ] 222.137.235.185 /index.php/Qt/Alpay/pay
INFO: [ app_init ] --START--
INFO: Run Behavior\BuildLiteBehavior [ RunTime:0.000029s ]
INFO: [ app_init ] --END-- [ RunTime:0.000718s ]

[ 2017-06-07T18:27:22+08:00 ] 1.189.203.240 /index.php/Qt/Alpay/pay
INFO: [ app_init ] --START--
INFO: Run Behavior\BuildLiteBehavior [ RunTime:0.000031s ]
INFO: [ app_init ] --END-- [ RunTime:0.000569s ]

[ 2017-06-07T18:27:23+08:00 ] 1.189.203.240 /index.php/Qt/Alpay/pay
INFO: [ app_init ] --START--
INFO: Run Behavior\BuildLiteBehavior [ RunTime:0.000029s ]
INFO: [ app_init ] --END-- [ RunTime:0.000479s ]

[ 2017-06-07T18:27:24+08:00 ] 1.189.203.240 /index.php/Qt/Alpay/pay
INFO: [ app_init ] --START--
INFO: Run Behavior\BuildLiteBehavior [ RunTime:0.000026s ]
INFO: [ app_init ] --END-- [ RunTime:0.000462s ]

[ 2017-06-07T18:27:24+08:00 ] 1.189.203.240 /index.php/Qt/Alpay/pay
INFO: [ app_init ] --START--
INFO: Run Behavior\BuildLiteBehavior [ RunTime:0.000025s ]
INFO: [ app_init ] --END-- [ RunTime:0.000447s ]

[ 2017-06-07T18:27:25+08:00 ] 1.189.203.240 /index.php/Qt/Alpay/pay
INFO: [ app_init ] --START--
INFO: Run Behavior\BuildLiteBehavior [ RunTime:0.000024s ]
INFO: [ app_init ] --END-- [ RunTime:0.000451s ]

[ 2017-06-07T18:27:25+08:00 ] 1.189.203.240 /index.php/Qt/Alpay/pay
INFO: [ app_init ] --START--
INFO: Run Behavior\BuildLiteBehavior [ RunTime:0.000027s ]
INFO: [ app_init ] --END-- [ RunTime:0.000465s ]

[ 2017-06-07T18:27:26+08:00 ] 1.189.203.240 /index.php/Qt/Alpay/pay
INFO: [ app_init ] --START--
INFO: Run Behavior\BuildLiteBehavior [ RunTime:0.000032s ]
INFO: [ app_init ] --END-- [ RunTime:0.000575s ]

[ 2017-06-07T18:27:27+08:00 ] 1.189.203.240 /index.php/Qt/Alpay/pay
INFO: [ app_init ] --START--
INFO: Run Behavior\BuildLiteBehavior [ RunTime:0.000026s ]
INFO: [ app_init ] --END-- [ RunTime:0.000457s ]

[ 2017-06-07T18:27:27+08:00 ] 1.189.203.240 /index.php/Qt/Alpay/pay
INFO: [ app_init ] --START--
INFO: Run Behavior\BuildLiteBehavior [ RunTime:0.000025s ]
INFO: [ app_init ] --END-- [ RunTime:0.000446s ]

[ 2017-06-07T18:27:28+08:00 ] 1.189.203.240 /index.php/Qt/Alpay/pay
INFO: [ app_init ] --START--
INFO: Run Behavior\BuildLiteBehavior [ RunTime:0.000026s ]
INFO: [ app_init ] --END-- [ RunTime:0.000456s ]

[ 2017-06-07T18:27:28+08:00 ] 1.189.203.240 /index.php/Qt/Alpay/pay
INFO: [ app_init ] --START--
INFO: Run Behavior\BuildLiteBehavior [ RunTime:0.000025s ]
INFO: [ app_init ] --END-- [ RunTime:0.000448s ]

[ 2017-06-07T18:27:29+08:00 ] 1.189.203.240 /index.php/Qt/Alpay/pay
INFO: [ app_init ] --START--
INFO: Run Behavior\BuildLiteBehavior [ RunTime:0.000025s ]
INFO: [ app_init ] --END-- [ RunTime:0.000447s ]

[ 2017-06-07T18:27:29+08:00 ] 1.189.203.240 /index.php/Qt/Alpay/pay
INFO: [ app_init ] --START--
INFO: Run Behavior\BuildLiteBehavior [ RunTime:0.000038s ]
INFO: [ app_init ] --END-- [ RunTime:0.000498s ]

[ 2017-06-07T18:27:30+08:00 ] 1.189.203.240 /index.php/Qt/Alpay/pay
INFO: [ app_init ] --START--
INFO: Run Behavior\BuildLiteBehavior [ RunTime:0.000036s ]
INFO: [ app_init ] --END-- [ RunTime:0.000687s ]

[ 2017-06-07T18:27:31+08:00 ] 1.189.203.240 /index.php/Qt/Alpay/pay
INFO: [ app_init ] --START--
INFO: Run Behavior\BuildLiteBehavior [ RunTime:0.000024s ]
INFO: [ app_init ] --END-- [ RunTime:0.000446s ]

[ 2017-06-07T18:27:31+08:00 ] 1.189.203.240 /index.php/Qt/Alpay/pay
INFO: [ app_init ] --START--
INFO: Run Behavior\BuildLiteBehavior [ RunTime:0.000024s ]
INFO: [ app_init ] --END-- [ RunTime:0.000448s ]

[ 2017-06-07T18:27:32+08:00 ] 1.189.203.240 /index.php/Qt/Alpay/pay
INFO: [ app_init ] --START--
INFO: Run Behavior\BuildLiteBehavior [ RunTime:0.000024s ]
INFO: [ app_init ] --END-- [ RunTime:0.000436s ]

[ 2017-06-07T18:27:32+08:00 ] 1.189.203.240 /index.php/Qt/Alpay/pay
INFO: [ app_init ] --START--
INFO: Run Behavior\BuildLiteBehavior [ RunTime:0.000024s ]
INFO: [ app_init ] --END-- [ RunTime:0.000445s ]

[ 2017-06-07T18:27:35+08:00 ] 222.137.235.185 /index.php/Qt/Alpay/pay
INFO: [ app_init ] --START--
INFO: Run Behavior\BuildLiteBehavior [ RunTime:0.000027s ]
INFO: [ app_init ] --END-- [ RunTime:0.000721s ]

[ 2017-06-07T18:27:35+08:00 ] 1.189.203.240 /index.php/Qt/Alpay/pay
INFO: [ app_init ] --START--
INFO: Run Behavior\BuildLiteBehavior [ RunTime:0.000024s ]
INFO: [ app_init ] --END-- [ RunTime:0.000439s ]

[ 2017-06-07T18:27:39+08:00 ] 222.137.235.185 /index.php/Qt/Alpay/pay
INFO: [ app_init ] --START--
INFO: Run Behavior\BuildLiteBehavior [ RunTime:0.000026s ]
INFO: [ app_init ] --END-- [ RunTime:0.000705s ]

[ 2017-06-07T18:27:50+08:00 ] 222.137.235.185 /index.php/Qt/Alpay/pay
INFO: [ app_init ] --START--
INFO: Run Behavior\BuildLiteBehavior [ RunTime:0.000026s ]
INFO: [ app_init ] --END-- [ RunTime:0.000717s ]

[ 2017-06-07T18:28:12+08:00 ] 1.189.203.240 /index.php/Qt/Alpay/pay
INFO: [ app_init ] --START--
INFO: Run Behavior\BuildLiteBehavior [ RunTime:0.000025s ]
INFO: [ app_init ] --END-- [ RunTime:0.000454s ]

[ 2017-06-07T18:28:16+08:00 ] 1.189.203.240 /index.php/Qt/Alpay/pay
INFO: [ app_init ] --START--
INFO: Run Behavior\BuildLiteBehavior [ RunTime:0.000028s ]
INFO: [ app_init ] --END-- [ RunTime:0.000462s ]

[ 2017-06-07T18:28:20+08:00 ] 1.189.203.240 /index.php/Qt/Alpay/pay
INFO: [ app_init ] --START--
INFO: Run Behavior\BuildLiteBehavior [ RunTime:0.000025s ]
INFO: [ app_init ] --END-- [ RunTime:0.000507s ]

[ 2017-06-07T18:28:29+08:00 ] 1.189.203.240 /index.php/Qt/Alpay/pay
INFO: [ app_init ] --START--
INFO: Run Behavior\BuildLiteBehavior [ RunTime:0.000025s ]
INFO: [ app_init ] --END-- [ RunTime:0.000448s ]

[ 2017-06-07T18:28:39+08:00 ] 1.189.203.240 /index.php/Qt/Alpay/pay
INFO: [ app_init ] --START--
INFO: Run Behavior\BuildLiteBehavior [ RunTime:0.000025s ]
INFO: [ app_init ] --END-- [ RunTime:0.000507s ]

[ 2017-06-07T18:28:42+08:00 ] 222.137.235.185 /index.php/Qt/Alpay/pay
INFO: [ app_init ] --START--
INFO: Run Behavior\BuildLiteBehavior [ RunTime:0.000025s ]
INFO: [ app_init ] --END-- [ RunTime:0.000436s ]

[ 2017-06-07T18:28:43+08:00 ] 1.189.203.240 /index.php/Qt/Alpay/pay
INFO: [ app_init ] --START--
INFO: Run Behavior\BuildLiteBehavior [ RunTime:0.000028s ]
INFO: [ app_init ] --END-- [ RunTime:0.000465s ]

[ 2017-06-07T18:28:44+08:00 ] 222.137.235.185 /index.php/Qt/Alpay/pay
INFO: [ app_init ] --START--
INFO: Run Behavior\BuildLiteBehavior [ RunTime:0.000027s ]
INFO: [ app_init ] --END-- [ RunTime:0.000462s ]

[ 2017-06-07T18:28:46+08:00 ] 1.189.203.240 /index.php/Qt/Alpay/pay
INFO: [ app_init ] --START--
INFO: Run Behavior\BuildLiteBehavior [ RunTime:0.000025s ]
INFO: [ app_init ] --END-- [ RunTime:0.000455s ]

[ 2017-06-07T18:28:48+08:00 ] 1.189.203.240 /index.php/Qt/Alpay/pay
INFO: [ app_init ] --START--
INFO: Run Behavior\BuildLiteBehavior [ RunTime:0.000026s ]
INFO: [ app_init ] --END-- [ RunTime:0.000445s ]

[ 2017-06-07T18:28:52+08:00 ] 1.189.203.240 /index.php/Qt/Alpay/pay
INFO: [ app_init ] --START--
INFO: Run Behavior\BuildLiteBehavior [ RunTime:0.000025s ]
INFO: [ app_init ] --END-- [ RunTime:0.000441s ]

[ 2017-06-07T18:28:55+08:00 ] 1.189.203.240 /index.php/Qt/Alpay/pay
INFO: [ app_init ] --START--
INFO: Run Behavior\BuildLiteBehavior [ RunTime:0.000027s ]
INFO: [ app_init ] --END-- [ RunTime:0.000452s ]

[ 2017-06-07T18:29:00+08:00 ] 1.189.203.240 /index.php/Qt/Alpay/pay
INFO: [ app_init ] --START--
INFO: Run Behavior\BuildLiteBehavior [ RunTime:0.000025s ]
INFO: [ app_init ] --END-- [ RunTime:0.000442s ]

[ 2017-06-07T18:29:02+08:00 ] 1.189.203.240 /index.php/Qt/Alpay/pay
INFO: [ app_init ] --START--
INFO: Run Behavior\BuildLiteBehavior [ RunTime:0.000031s ]
INFO: [ app_init ] --END-- [ RunTime:0.000486s ]

[ 2017-06-07T18:29:08+08:00 ] 1.189.203.240 /index.php/Qt/Alpay/pay
INFO: [ app_init ] --START--
INFO: Run Behavior\BuildLiteBehavior [ RunTime:0.000025s ]
INFO: [ app_init ] --END-- [ RunTime:0.000442s ]

[ 2017-06-07T18:29:12+08:00 ] 1.189.203.240 /index.php/Qt/Alpay/pay
INFO: [ app_init ] --START--
INFO: Run Behavior\BuildLiteBehavior [ RunTime:0.000034s ]
INFO: [ app_init ] --END-- [ RunTime:0.000808s ]

[ 2017-06-07T18:29:18+08:00 ] 1.189.203.240 /index.php/Qt/Alpay/pay
INFO: [ app_init ] --START--
INFO: Run Behavior\BuildLiteBehavior [ RunTime:0.000025s ]
INFO: [ app_init ] --END-- [ RunTime:0.000567s ]

[ 2017-06-07T18:29:22+08:00 ] 1.189.203.240 /index.php/Qt/Alpay/pay
INFO: [ app_init ] --START--
INFO: Run Behavior\BuildLiteBehavior [ RunTime:0.000025s ]
INFO: [ app_init ] --END-- [ RunTime:0.000494s ]

[ 2017-06-07T18:29:23+08:00 ] 1.189.203.240 /index.php/Qt/Alpay/pay
INFO: [ app_init ] --START--
INFO: Run Behavior\BuildLiteBehavior [ RunTime:0.000029s ]
INFO: [ app_init ] --END-- [ RunTime:0.000514s ]

[ 2017-06-07T18:29:24+08:00 ] 1.189.203.240 /index.php/Qt/Alpay/pay
INFO: [ app_init ] --START--
INFO: Run Behavior\BuildLiteBehavior [ RunTime:0.000027s ]
INFO: [ app_init ] --END-- [ RunTime:0.000508s ]

[ 2017-06-07T18:29:24+08:00 ] 1.189.203.240 /index.php/Qt/Alpay/pay
INFO: [ app_init ] --START--
INFO: Run Behavior\BuildLiteBehavior [ RunTime:0.000026s ]
INFO: [ app_init ] --END-- [ RunTime:0.000497s ]

[ 2017-06-07T18:29:25+08:00 ] 1.189.203.240 /index.php/Qt/Alpay/pay
INFO: [ app_init ] --START--
INFO: Run Behavior\BuildLiteBehavior [ RunTime:0.000027s ]
INFO: [ app_init ] --END-- [ RunTime:0.000512s ]

[ 2017-06-07T18:29:26+08:00 ] 1.189.203.240 /index.php/Qt/Alpay/pay
INFO: [ app_init ] --START--
INFO: Run Behavior\BuildLiteBehavior [ RunTime:0.000028s ]
INFO: [ app_init ] --END-- [ RunTime:0.000517s ]

[ 2017-06-07T18:29:26+08:00 ] 1.189.203.240 /index.php/Qt/Alpay/pay
INFO: [ app_init ] --START--
INFO: Run Behavior\BuildLiteBehavior [ RunTime:0.000026s ]
INFO: [ app_init ] --END-- [ RunTime:0.001620s ]

[ 2017-06-07T18:29:27+08:00 ] 1.189.203.240 /index.php/Qt/Alpay/pay
INFO: [ app_init ] --START--
INFO: Run Behavior\BuildLiteBehavior [ RunTime:0.000026s ]
INFO: [ app_init ] --END-- [ RunTime:0.000504s ]

[ 2017-06-07T18:29:28+08:00 ] 1.189.203.240 /index.php/Qt/Alpay/pay
INFO: [ app_init ] --START--
INFO: Run Behavior\BuildLiteBehavior [ RunTime:0.000028s ]
INFO: [ app_init ] --END-- [ RunTime:0.000531s ]

[ 2017-06-07T18:29:29+08:00 ] 1.189.203.240 /index.php/Qt/Alpay/pay
INFO: [ app_init ] --START--
INFO: Run Behavior\BuildLiteBehavior [ RunTime:0.000026s ]
INFO: [ app_init ] --END-- [ RunTime:0.000501s ]

[ 2017-06-07T18:29:30+08:00 ] 1.189.203.240 /index.php/Qt/Alpay/pay
INFO: [ app_init ] --START--
INFO: Run Behavior\BuildLiteBehavior [ RunTime:0.000030s ]
INFO: [ app_init ] --END-- [ RunTime:0.000511s ]

[ 2017-06-07T18:29:31+08:00 ] 1.189.203.240 /index.php/Qt/Alpay/pay
INFO: [ app_init ] --START--
INFO: Run Behavior\BuildLiteBehavior [ RunTime:0.000026s ]
INFO: [ app_init ] --END-- [ RunTime:0.000500s ]

[ 2017-06-07T18:29:31+08:00 ] 1.189.203.240 /index.php/Qt/Alpay/pay
INFO: [ app_init ] --START--
INFO: Run Behavior\BuildLiteBehavior [ RunTime:0.000025s ]
INFO: [ app_init ] --END-- [ RunTime:0.000506s ]

[ 2017-06-07T18:29:32+08:00 ] 1.189.203.240 /index.php/Qt/Alpay/pay
INFO: [ app_init ] --START--
INFO: Run Behavior\BuildLiteBehavior [ RunTime:0.000026s ]
INFO: [ app_init ] --END-- [ RunTime:0.000512s ]

[ 2017-06-07T18:29:35+08:00 ] 222.137.235.185 /index.php/Qt/Alpay/pay
INFO: [ app_init ] --START--
INFO: Run Behavior\BuildLiteBehavior [ RunTime:0.000024s ]
INFO: [ app_init ] --END-- [ RunTime:0.000427s ]

[ 2017-06-07T18:29:37+08:00 ] 222.137.235.185 /index.php/Qt/Alpay/pay
INFO: [ app_init ] --START--
INFO: Run Behavior\BuildLiteBehavior [ RunTime:0.000028s ]
INFO: [ app_init ] --END-- [ RunTime:0.000458s ]

[ 2017-06-07T18:29:50+08:00 ] 222.137.235.185 /index.php/Qt/Alpay/pay
INFO: [ app_init ] --START--
INFO: Run Behavior\BuildLiteBehavior [ RunTime:0.000027s ]
INFO: [ app_init ] --END-- [ RunTime:0.000450s ]

[ 2017-06-07T18:29:52+08:00 ] 222.137.235.185 /index.php/Qt/Alpay/pay
INFO: [ app_init ] --START--
INFO: Run Behavior\BuildLiteBehavior [ RunTime:0.000034s ]
INFO: [ app_init ] --END-- [ RunTime:0.000523s ]

[ 2017-06-07T18:29:59+08:00 ] 1.189.203.240 /index.php/Qt/Alpay/pay
INFO: [ app_init ] --START--
INFO: Run Behavior\BuildLiteBehavior [ RunTime:0.000025s ]
INFO: [ app_init ] --END-- [ RunTime:0.000508s ]

[ 2017-06-07T18:30:00+08:00 ] 101.226.65.102 /index.php/Qt/Alpay/pay
INFO: [ app_init ] --START--
INFO: Run Behavior\BuildLiteBehavior [ RunTime:0.000025s ]
INFO: [ app_init ] --END-- [ RunTime:0.000471s ]

[ 2017-06-07T18:30:00+08:00 ] 101.226.51.226 /index.php/Qt/Alpay/pay
INFO: [ app_init ] --START--
INFO: Run Behavior\BuildLiteBehavior [ RunTime:0.000026s ]
INFO: [ app_init ] --END-- [ RunTime:0.000686s ]

[ 2017-06-07T18:30:00+08:00 ] 101.226.33.237 /index.php/Qt/Alpay/pay
INFO: [ app_init ] --START--
INFO: Run Behavior\BuildLiteBehavior [ RunTime:0.000024s ]
INFO: [ app_init ] --END-- [ RunTime:0.000441s ]

[ 2017-06-07T18:30:00+08:00 ] 117.185.27.114 /index.php/Qt/Alpay/pay
INFO: [ app_init ] --START--
INFO: Run Behavior\BuildLiteBehavior [ RunTime:0.000026s ]
INFO: [ app_init ] --END-- [ RunTime:0.000514s ]

[ 2017-06-07T18:30:01+08:00 ] 222.137.235.185 /index.php/Qt/Alpay/pay
INFO: [ app_init ] --START--
INFO: Run Behavior\BuildLiteBehavior [ RunTime:0.000028s ]
INFO: [ app_init ] --END-- [ RunTime:0.000621s ]

[ 2017-06-07T18:30:02+08:00 ] 1.189.203.240 /index.php/Qt/Alpay/pay
INFO: [ app_init ] --START--
INFO: Run Behavior\BuildLiteBehavior [ RunTime:0.000026s ]
INFO: [ app_init ] --END-- [ RunTime:0.000501s ]

[ 2017-06-07T18:30:04+08:00 ] 222.137.235.185 /index.php/Qt/Alpay/pay
INFO: [ app_init ] --START--
INFO: Run Behavior\BuildLiteBehavior [ RunTime:0.000025s ]
INFO: [ app_init ] --END-- [ RunTime:0.000505s ]

[ 2017-06-07T18:30:10+08:00 ] 1.189.203.240 /index.php/Qt/Alpay/pay
INFO: [ app_init ] --START--
INFO: Run Behavior\BuildLiteBehavior [ RunTime:0.000024s ]
INFO: [ app_init ] --END-- [ RunTime:0.000434s ]

[ 2017-06-07T18:30:13+08:00 ] 1.189.203.240 /index.php/Qt/Alpay/pay
INFO: [ app_init ] --START--
INFO: Run Behavior\BuildLiteBehavior [ RunTime:0.000024s ]
INFO: [ app_init ] --END-- [ RunTime:0.000445s ]

[ 2017-06-07T18:30:13+08:00 ] 1.189.203.240 /index.php/Qt/Alpay/pay
INFO: [ app_init ] --START--
INFO: Run Behavior\BuildLiteBehavior [ RunTime:0.000027s ]
INFO: [ app_init ] --END-- [ RunTime:0.000467s ]

[ 2017-06-07T18:30:14+08:00 ] 1.189.203.240 /index.php/Qt/Alpay/pay
INFO: [ app_init ] --START--
INFO: Run Behavior\BuildLiteBehavior [ RunTime:0.000035s ]
INFO: [ app_init ] --END-- [ RunTime:0.000590s ]

[ 2017-06-07T18:30:15+08:00 ] 1.189.203.240 /index.php/Qt/Alpay/pay
INFO: [ app_init ] --START--
INFO: Run Behavior\BuildLiteBehavior [ RunTime:0.000026s ]
INFO: [ app_init ] --END-- [ RunTime:0.000446s ]

[ 2017-06-07T18:30:15+08:00 ] 1.189.203.240 /index.php/Qt/Alpay/pay
INFO: [ app_init ] --START--
INFO: Run Behavior\BuildLiteBehavior [ RunTime:0.000026s ]
INFO: [ app_init ] --END-- [ RunTime:0.000449s ]

[ 2017-06-07T18:30:29+08:00 ] 1.189.203.240 /index.php/Qt/Alpay/pay
INFO: [ app_init ] --START--
INFO: Run Behavior\BuildLiteBehavior [ RunTime:0.000027s ]
INFO: [ app_init ] --END-- [ RunTime:0.000576s ]

[ 2017-06-07T18:30:29+08:00 ] 1.189.203.240 /index.php/Qt/Alpay/pay
INFO: [ app_init ] --START--
INFO: Run Behavior\BuildLiteBehavior [ RunTime:0.000028s ]
INFO: [ app_init ] --END-- [ RunTime:0.000456s ]

[ 2017-06-07T18:30:30+08:00 ] 1.189.203.240 /index.php/Qt/Alpay/pay
INFO: [ app_init ] --START--
INFO: Run Behavior\BuildLiteBehavior [ RunTime:0.000030s ]
INFO: [ app_init ] --END-- [ RunTime:0.000462s ]

[ 2017-06-07T18:30:31+08:00 ] 1.189.203.240 /index.php/Qt/Alpay/pay
INFO: [ app_init ] --START--
INFO: Run Behavior\BuildLiteBehavior [ RunTime:0.000026s ]
INFO: [ app_init ] --END-- [ RunTime:0.000528s ]

[ 2017-06-07T18:30:32+08:00 ] 1.189.203.240 /index.php/Qt/Alpay/pay
INFO: [ app_init ] --START--
INFO: Run Behavior\BuildLiteBehavior [ RunTime:0.000027s ]
INFO: [ app_init ] --END-- [ RunTime:0.000471s ]

[ 2017-06-07T18:30:32+08:00 ] 1.189.203.240 /index.php/Qt/Alpay/pay
INFO: [ app_init ] --START--
INFO: Run Behavior\BuildLiteBehavior [ RunTime:0.000025s ]
INFO: [ app_init ] --END-- [ RunTime:0.000435s ]

[ 2017-06-07T18:30:33+08:00 ] 1.189.203.240 /index.php/Qt/Alpay/pay
INFO: [ app_init ] --START--
INFO: Run Behavior\BuildLiteBehavior [ RunTime:0.000030s ]
INFO: [ app_init ] --END-- [ RunTime:0.000464s ]

[ 2017-06-07T18:31:01+08:00 ] 1.189.203.240 /index.php/Qt/Alpay/pay
INFO: [ app_init ] --START--
INFO: Run Behavior\BuildLiteBehavior [ RunTime:0.000027s ]
INFO: [ app_init ] --END-- [ RunTime:0.000632s ]

[ 2017-06-07T18:31:33+08:00 ] 1.189.203.240 /index.php/Qt/Alpay/pay
INFO: [ app_init ] --START--
INFO: Run Behavior\BuildLiteBehavior [ RunTime:0.000029s ]
INFO: [ app_init ] --END-- [ RunTime:0.000520s ]

[ 2017-06-07T18:31:34+08:00 ] 1.189.203.240 /index.php/Qt/Alpay/pay
INFO: [ app_init ] --START--
INFO: Run Behavior\BuildLiteBehavior [ RunTime:0.000041s ]
INFO: [ app_init ] --END-- [ RunTime:0.000662s ]

[ 2017-06-07T18:31:35+08:00 ] 1.189.203.240 /index.php/Qt/Alpay/pay
INFO: [ app_init ] --START--
INFO: Run Behavior\BuildLiteBehavior [ RunTime:0.000028s ]
INFO: [ app_init ] --END-- [ RunTime:0.000463s ]

[ 2017-06-07T18:31:36+08:00 ] 1.189.203.240 /index.php/Qt/Alpay/pay
INFO: [ app_init ] --START--
INFO: Run Behavior\BuildLiteBehavior [ RunTime:0.000029s ]
INFO: [ app_init ] --END-- [ RunTime:0.000458s ]

[ 2017-06-07T18:31:38+08:00 ] 1.189.203.240 /index.php/Qt/Alpay/pay
INFO: [ app_init ] --START--
INFO: Run Behavior\BuildLiteBehavior [ RunTime:0.000025s ]
INFO: [ app_init ] --END-- [ RunTime:0.000444s ]

[ 2017-06-07T18:31:39+08:00 ] 1.189.203.240 /index.php/Qt/Alpay/pay
INFO: [ app_init ] --START--
INFO: Run Behavior\BuildLiteBehavior [ RunTime:0.000025s ]
INFO: [ app_init ] --END-- [ RunTime:0.000442s ]

[ 2017-06-07T18:31:40+08:00 ] 1.189.203.240 /index.php/Qt/Alpay/pay
INFO: [ app_init ] --START--
INFO: Run Behavior\BuildLiteBehavior [ RunTime:0.000026s ]
INFO: [ app_init ] --END-- [ RunTime:0.000437s ]

[ 2017-06-07T18:31:41+08:00 ] 1.189.203.240 /index.php/Qt/Alpay/pay
INFO: [ app_init ] --START--
INFO: Run Behavior\BuildLiteBehavior [ RunTime:0.000027s ]
INFO: [ app_init ] --END-- [ RunTime:0.000446s ]

[ 2017-06-07T18:32:02+08:00 ] 1.189.203.240 /index.php/Qt/Alpay/pay
INFO: [ app_init ] --START--
INFO: Run Behavior\BuildLiteBehavior [ RunTime:0.000025s ]
INFO: [ app_init ] --END-- [ RunTime:0.000443s ]

[ 2017-06-07T18:32:04+08:00 ] 1.189.203.240 /index.php/Qt/Alpay/pay
INFO: [ app_init ] --START--
INFO: Run Behavior\BuildLiteBehavior [ RunTime:0.000029s ]
INFO: [ app_init ] --END-- [ RunTime:0.000475s ]

[ 2017-06-07T18:32:12+08:00 ] 1.189.203.240 /index.php/Qt/Alpay/pay
INFO: [ app_init ] --START--
INFO: Run Behavior\BuildLiteBehavior [ RunTime:0.000025s ]
INFO: [ app_init ] --END-- [ RunTime:0.000449s ]

[ 2017-06-07T18:32:15+08:00 ] 1.189.203.240 /index.php/Qt/Alpay/pay
INFO: [ app_init ] --START--
INFO: Run Behavior\BuildLiteBehavior [ RunTime:0.000025s ]
INFO: [ app_init ] --END-- [ RunTime:0.000451s ]

[ 2017-06-07T18:32:31+08:00 ] 1.189.203.240 /index.php/Qt/Alpay/pay
INFO: [ app_init ] --START--
INFO: Run Behavior\BuildLiteBehavior [ RunTime:0.000040s ]
INFO: [ app_init ] --END-- [ RunTime:0.000556s ]

[ 2017-06-07T18:32:33+08:00 ] 1.189.203.240 /index.php/Qt/Alpay/pay
INFO: [ app_init ] --START--
INFO: Run Behavior\BuildLiteBehavior [ RunTime:0.000029s ]
INFO: [ app_init ] --END-- [ RunTime:0.000542s ]

[ 2017-06-07T18:32:37+08:00 ] 1.189.203.240 /index.php/Qt/Alpay/pay
INFO: [ app_init ] --START--
INFO: Run Behavior\BuildLiteBehavior [ RunTime:0.000028s ]
INFO: [ app_init ] --END-- [ RunTime:0.000590s ]

[ 2017-06-07T18:32:43+08:00 ] 1.189.203.240 /index.php/Qt/Alpay/pay
INFO: [ app_init ] --START--
INFO: Run Behavior\BuildLiteBehavior [ RunTime:0.000025s ]
INFO: [ app_init ] --END-- [ RunTime:0.000508s ]

[ 2017-06-07T18:32:44+08:00 ] 1.189.203.240 /index.php/Qt/Alpay/pay
INFO: [ app_init ] --START--
INFO: Run Behavior\BuildLiteBehavior [ RunTime:0.000028s ]
INFO: [ app_init ] --END-- [ RunTime:0.000527s ]

[ 2017-06-07T18:32:51+08:00 ] 1.189.203.240 /index.php/Qt/Alpay/pay
INFO: [ app_init ] --START--
INFO: Run Behavior\BuildLiteBehavior [ RunTime:0.000024s ]
INFO: [ app_init ] --END-- [ RunTime:0.000498s ]
ERR: 无法加载控制器:Alpay

[ 2017-06-07T18:32:53+08:00 ] 1.189.203.240 /index.php/Qt/Alpay/pay
INFO: [ app_init ] --START--
INFO: Run Behavior\BuildLiteBehavior [ RunTime:0.000025s ]
INFO: [ app_init ] --END-- [ RunTime:0.000516s ]
ERR: 无法加载控制器:Alpay

[ 2017-06-07T18:32:55+08:00 ] 1.189.203.240 /index.php/Qt/Alpay/pay
INFO: [ app_init ] --START--
INFO: Run Behavior\BuildLiteBehavior [ RunTime:0.000029s ]
INFO: [ app_init ] --END-- [ RunTime:0.000544s ]
ERR: 无法加载控制器:Alpay

[ 2017-06-07T18:32:57+08:00 ] 1.189.203.240 /index.php/Qt/Alpay/pay
INFO: [ app_init ] --START--
INFO: Run Behavior\BuildLiteBehavior [ RunTime:0.000025s ]
INFO: [ app_init ] --END-- [ RunTime:0.000501s ]
ERR: 无法加载控制器:Alpay

[ 2017-06-07T18:33:03+08:00 ] 1.189.203.240 /index.php/Qt/Alpay/pay
INFO: [ app_init ] --START--
INFO: Run Behavior\BuildLiteBehavior [ RunTime:0.000035s ]
INFO: [ app_init ] --END-- [ RunTime:0.000752s ]
ERR: 无法加载控制器:Alpay

[ 2017-06-07T18:33:07+08:00 ] 1.189.203.240 /index.php/Qt/Alpay/pay
INFO: [ app_init ] --START--
INFO: Run Behavior\BuildLiteBehavior [ RunTime:0.000027s ]
INFO: [ app_init ] --END-- [ RunTime:0.000524s ]
ERR: 无法加载控制器:Alpay

[ 2017-06-07T18:33:13+08:00 ] 1.189.203.240 /index.php/Qt/Alpay/pay
INFO: [ app_init ] --START--
INFO: Run Behavior\BuildLiteBehavior [ RunTime:0.000024s ]
INFO: [ app_init ] --END-- [ RunTime:0.000505s ]
ERR: 无法加载控制器:Alpay

[ 2017-06-07T18:33:15+08:00 ] 1.189.203.240 /index.php/Qt/Alpay/pay
INFO: [ app_init ] --START--
INFO: Run Behavior\BuildLiteBehavior [ RunTime:0.000025s ]
INFO: [ app_init ] --END-- [ RunTime:0.000510s ]
ERR: 无法加载控制器:Alpay

[ 2017-06-07T18:33:16+08:00 ] 1.189.203.240 /index.php/Qt/Alpay/pay
INFO: [ app_init ] --START--
INFO: Run Behavior\BuildLiteBehavior [ RunTime:0.000024s ]
INFO: [ app_init ] --END-- [ RunTime:0.000504s ]
ERR: 无法加载控制器:Alpay

[ 2017-06-07T18:34:51+08:00 ] 1.189.203.240 /index.php/Qt/Alpay/pay
INFO: [ app_init ] --START--
INFO: Run Behavior\BuildLiteBehavior [ RunTime:0.000025s ]
INFO: [ app_init ] --END-- [ RunTime:0.000574s ]
ERR: 无法加载控制器:Alpay

[ 2017-06-07T18:34:54+08:00 ] 1.189.203.240 /index.php/Qt/Alpay/pay
INFO: [ app_init ] --START--
INFO: Run Behavior\BuildLiteBehavior [ RunTime:0.000026s ]
INFO: [ app_init ] --END-- [ RunTime:0.000511s ]
ERR: 无法加载控制器:Alpay

[ 2017-06-07T18:34:56+08:00 ] 1.189.203.240 /index.php/Qt/Alpay/pay
INFO: [ app_init ] --START--
INFO: Run Behavior\BuildLiteBehavior [ RunTime:0.000024s ]
INFO: [ app_init ] --END-- [ RunTime:0.000508s ]
ERR: 无法加载控制器:Alpay

[ 2017-06-07T18:34:57+08:00 ] 1.189.203.240 /index.php/Qt/Alpay/pay
INFO: [ app_init ] --START--
INFO: Run Behavior\BuildLiteBehavior [ RunTime:0.000029s ]
INFO: [ app_init ] --END-- [ RunTime:0.000537s ]
ERR: 无法加载控制器:Alpay

[ 2017-06-07T18:36:14+08:00 ] 222.137.235.185 /index.php/Qt/Alpay/pay
INFO: [ app_init ] --START--
INFO: Run Behavior\BuildLiteBehavior [ RunTime:0.000028s ]
INFO: [ app_init ] --END-- [ RunTime:0.000524s ]
ERR: 无法加载控制器:Alpay

[ 2017-06-07T18:36:26+08:00 ] 222.137.235.185 /index.php/Qt/Alpay/pay
INFO: [ app_init ] --START--
INFO: Run Behavior\BuildLiteBehavior [ RunTime:0.000027s ]
INFO: [ app_init ] --END-- [ RunTime:0.000531s ]
ERR: 无法加载控制器:Alpay

[ 2017-06-07T18:36:32+08:00 ] 222.137.235.185 /index.php/Qt/Alpay/pay
INFO: [ app_init ] --START--
INFO: Run Behavior\BuildLiteBehavior [ RunTime:0.000042s ]
INFO: [ app_init ] --END-- [ RunTime:0.000773s ]
ERR: 无法加载控制器:Alpay

[ 2017-06-07T18:36:40+08:00 ] 222.137.235.185 /index.php/Qt/Alpay/pay
INFO: [ app_init ] --START--
INFO: Run Behavior\BuildLiteBehavior [ RunTime:0.000026s ]
INFO: [ app_init ] --END-- [ RunTime:0.000508s ]
ERR: 无法加载控制器:Alpay

[ 2017-06-07T18:36:53+08:00 ] 222.137.235.185 /index.php/Qt/Alpay/pay
INFO: [ app_init ] --START--
INFO: Run Behavior\BuildLiteBehavior [ RunTime:0.000029s ]
INFO: [ app_init ] --END-- [ RunTime:0.000542s ]
ERR: 无法加载控制器:Alpay

[ 2017-06-07T18:38:48+08:00 ] 1.189.203.240 /index.php/Qt/Alpay/pay
INFO: [ app_init ] --START--
INFO: Run Behavior\BuildLiteBehavior [ RunTime:0.000026s ]
INFO: [ app_init ] --END-- [ RunTime:0.000507s ]
ERR: 无法加载控制器:Alpay

[ 2017-06-07T18:38:50+08:00 ] 1.189.203.240 /index.php/Qt/Alpay/pay
INFO: [ app_init ] --START--
INFO: Run Behavior\BuildLiteBehavior [ RunTime:0.000025s ]
INFO: [ app_init ] --END-- [ RunTime:0.000500s ]
ERR: 无法加载控制器:Alpay

[ 2017-06-07T18:39:31+08:00 ] 1.189.203.240 /index.php/Qt/Alpay/pay
INFO: [ app_init ] --START--
INFO: Run Behavior\BuildLiteBehavior [ RunTime:0.000024s ]
INFO: [ app_init ] --END-- [ RunTime:0.000502s ]
ERR: 无法加载控制器:Alpay

[ 2017-06-07T18:39:32+08:00 ] 1.189.203.240 /index.php/Qt/Alpay/pay
INFO: [ app_init ] --START--
INFO: Run Behavior\BuildLiteBehavior [ RunTime:0.000025s ]
INFO: [ app_init ] --END-- [ RunTime:0.000508s ]
ERR: 无法加载控制器:Alpay

[ 2017-06-07T18:39:43+08:00 ] 1.189.203.240 /index.php/Qt/Alpay/pay
INFO: [ app_init ] --START--
INFO: Run Behavior\BuildLiteBehavior [ RunTime:0.000025s ]
INFO: [ app_init ] --END-- [ RunTime:0.000498s ]
ERR: 无法加载控制器:Alpay

[ 2017-06-07T18:39:44+08:00 ] 1.189.203.240 /index.php/Qt/Alpay/pay
INFO: [ app_init ] --START--
INFO: Run Behavior\BuildLiteBehavior [ RunTime:0.000028s ]
INFO: [ app_init ] --END-- [ RunTime:0.000520s ]
ERR: 无法加载控制器:Alpay

[ 2017-06-07T18:39:45+08:00 ] 1.189.203.240 /index.php/Qt/Alpay/pay
INFO: [ app_init ] --START--
INFO: Run Behavior\BuildLiteBehavior [ RunTime:0.000025s ]
INFO: [ app_init ] --END-- [ RunTime:0.000507s ]
ERR: 无法加载控制器:Alpay

[ 2017-06-07T18:39:45+08:00 ] 1.189.203.240 /index.php/Qt/Alpay/pay
INFO: [ app_init ] --START--
INFO: Run Behavior\BuildLiteBehavior [ RunTime:0.000029s ]
INFO: [ app_init ] --END-- [ RunTime:0.000530s ]
ERR: 无法加载控制器:Alpay

[ 2017-06-07T18:43:51+08:00 ] 222.137.235.185 /index.php/Qt/Alpay/pay
INFO: [ app_init ] --START--
INFO: Run Behavior\BuildLiteBehavior [ RunTime:0.000027s ]
INFO: [ app_init ] --END-- [ RunTime:0.000722s ]
ERR: 无法加载控制器:Alpay

[ 2017-06-07T18:45:27+08:00 ] 1.189.203.240 /index.php/Qt/Alpay/pay
INFO: [ app_init ] --START--
INFO: Run Behavior\BuildLiteBehavior [ RunTime:0.000031s ]
INFO: [ app_init ] --END-- [ RunTime:0.000543s ]
ERR: 无法加载控制器:Alpay

[ 2017-06-07T18:45:29+08:00 ] 1.189.203.240 /index.php/Qt/Alpay/pay
INFO: [ app_init ] --START--
INFO: Run Behavior\BuildLiteBehavior [ RunTime:0.000027s ]
INFO: [ app_init ] --END-- [ RunTime:0.000508s ]
ERR: 无法加载控制器:Alpay

[ 2017-06-07T18:46:52+08:00 ] 222.137.235.185 /index.php/Qt/Alpay/pay
INFO: [ app_init ] --START--
INFO: Run Behavior\BuildLiteBehavior [ RunTime:0.000029s ]
INFO: [ app_init ] --END-- [ RunTime:0.000534s ]
ERR: 无法加载控制器:Alpay

[ 2017-06-07T18:47:02+08:00 ] 1.189.203.240 /index.php/Qt/Alpay/pay
INFO: [ app_init ] --START--
INFO: Run Behavior\BuildLiteBehavior [ RunTime:0.000025s ]
INFO: [ app_init ] --END-- [ RunTime:0.000502s ]
ERR: 无法加载控制器:Alpay

[ 2017-06-07T18:47:28+08:00 ] 222.137.235.185 /index.php/Qt/Alpay/pay
INFO: [ app_init ] --START--
INFO: Run Behavior\BuildLiteBehavior [ RunTime:0.000030s ]
INFO: [ app_init ] --END-- [ RunTime:0.000519s ]
ERR: 无法加载控制器:Alpay

[ 2017-06-07T18:47:30+08:00 ] 222.137.235.185 /index.php/Qt/Alpay/pay
INFO: [ app_init ] --START--
INFO: Run Behavior\BuildLiteBehavior [ RunTime:0.000025s ]
INFO: [ app_init ] --END-- [ RunTime:0.000504s ]
ERR: 无法加载控制器:Alpay

[ 2017-06-07T18:48:00+08:00 ] 222.137.235.185 /index.php/Qt/Alpay/pay
INFO: [ app_init ] --START--
INFO: Run Behavior\BuildLiteBehavior [ RunTime:0.000025s ]
INFO: [ app_init ] --END-- [ RunTime:0.000506s ]

[ 2017-06-07T18:48:02+08:00 ] 222.137.235.185 /index.php/Qt/Alpay/pay
INFO: [ app_init ] --START--
INFO: Run Behavior\BuildLiteBehavior [ RunTime:0.000026s ]
INFO: [ app_init ] --END-- [ RunTime:0.000496s ]

[ 2017-06-07T18:48:36+08:00 ] 222.137.235.185 /index.php/Qt/Alpay/pay
INFO: [ app_init ] --START--
INFO: Run Behavior\BuildLiteBehavior [ RunTime:0.000025s ]
INFO: [ app_init ] --END-- [ RunTime:0.000894s ]

[ 2017-06-07T18:49:15+08:00 ] 1.189.203.240 /index.php/Qt/Alpay/pay
INFO: [ app_init ] --START--
INFO: Run Behavior\BuildLiteBehavior [ RunTime:0.000026s ]
INFO: [ app_init ] --END-- [ RunTime:0.000619s ]

[ 2017-06-07T18:51:31+08:00 ] 222.137.235.185 /index.php/Qt/Alpay/pay
INFO: [ app_init ] --START--
INFO: Run Behavior\BuildLiteBehavior [ RunTime:0.000026s ]
INFO: [ app_init ] --END-- [ RunTime:0.000516s ]

[ 2017-06-07T18:51:58+08:00 ] 1.189.203.240 /index.php/Qt/Alpay/pay
INFO: [ app_init ] --START--
INFO: Run Behavior\BuildLiteBehavior [ RunTime:0.000026s ]
INFO: [ app_init ] --END-- [ RunTime:0.000509s ]

[ 2017-06-07T18:52:39+08:00 ] 222.137.235.185 /index.php/Qt/Alpay/pay
INFO: [ app_init ] --START--
INFO: Run Behavior\BuildLiteBehavior [ RunTime:0.000028s ]
INFO: [ app_init ] --END-- [ RunTime:0.000535s ]

[ 2017-06-07T18:53:05+08:00 ] 1.189.203.240 /index.php/Qt/Alpay/pay
INFO: [ app_init ] --START--
INFO: Run Behavior\BuildLiteBehavior [ RunTime:0.000025s ]
INFO: [ app_init ] --END-- [ RunTime:0.000516s ]

[ 2017-06-07T18:53:25+08:00 ] 222.137.235.185 /index.php/Qt/Alpay/pay
INFO: [ app_init ] --START--
INFO: Run Behavior\BuildLiteBehavior [ RunTime:0.000027s ]
INFO: [ app_init ] --END-- [ RunTime:0.000523s ]

[ 2017-06-07T18:54:07+08:00 ] 222.137.235.185 /index.php/Qt/Alpay/pay
INFO: [ app_init ] --START--
INFO: Run Behavior\BuildLiteBehavior [ RunTime:0.000025s ]
INFO: [ app_init ] --END-- [ RunTime:0.000555s ]

[ 2017-06-07T18:54:49+08:00 ] 1.189.203.240 /index.php/Qt/Alpay/pay
INFO: [ app_init ] --START--
INFO: Run Behavior\BuildLiteBehavior [ RunTime:0.000026s ]
INFO: [ app_init ] --END-- [ RunTime:0.000507s ]

[ 2017-06-07T18:54:57+08:00 ] 222.137.235.185 /index.php/Qt/Alpay/pay
INFO: [ app_init ] --START--
INFO: Run Behavior\BuildLiteBehavior [ RunTime:0.000025s ]
INFO: [ app_init ] --END-- [ RunTime:0.000503s ]

[ 2017-06-07T18:56:28+08:00 ] 1.189.203.240 /index.php/Qt/Alpay/pay
INFO: [ app_init ] --START--
INFO: Run Behavior\BuildLiteBehavior [ RunTime:0.000026s ]
INFO: [ app_init ] --END-- [ RunTime:0.000517s ]

[ 2017-06-07T18:57:27+08:00 ] 1.189.203.240 /index.php/Qt/Alpay/pay
INFO: [ app_init ] --START--
INFO: Run Behavior\BuildLiteBehavior [ RunTime:0.000030s ]
INFO: [ app_init ] --END-- [ RunTime:0.000623s ]

[ 2017-06-07T19:00:08+08:00 ] 222.137.235.185 /index.php/Qt/Alpay/pay
INFO: [ app_init ] --START--
INFO: Run Behavior\BuildLiteBehavior [ RunTime:0.000055s ]
INFO: [ app_init ] --END-- [ RunTime:0.000705s ]

[ 2017-06-07T19:02:13+08:00 ] 222.137.235.185 /index.php/Qt/Alpay/pay
INFO: [ app_init ] --START--
INFO: Run Behavior\BuildLiteBehavior [ RunTime:0.000042s ]
INFO: [ app_init ] --END-- [ RunTime:0.070547s ]

[ 2017-06-07T19:05:20+08:00 ] 222.137.235.185 /index.php/Qt/Alpay/pay
INFO: [ app_init ] --START--
INFO: Run Behavior\BuildLiteBehavior [ RunTime:0.000031s ]
INFO: [ app_init ] --END-- [ RunTime:0.010226s ]

[ 2017-06-07T19:07:40+08:00 ] 123.125.45.10 /
INFO: [ app_init ] --START--
INFO: Run Behavior\BuildLiteBehavior [ RunTime:0.000029s ]
INFO: [ app_init ] --END-- [ RunTime:0.000751s ]

[ 2017-06-07T19:08:43+08:00 ] 1.189.203.240 /index.php/Qt/Alpay/pay
INFO: [ app_init ] --START--
INFO: Run Behavior\BuildLiteBehavior [ RunTime:0.000025s ]
INFO: [ app_init ] --END-- [ RunTime:0.000656s ]

[ 2017-06-07T19:09:06+08:00 ] 222.137.235.185 /index.php/Qt/Alpay/pay
INFO: [ app_init ] --START--
INFO: Run Behavior\BuildLiteBehavior [ RunTime:0.000025s ]
INFO: [ app_init ] --END-- [ RunTime:0.000641s ]

[ 2017-06-07T19:09:09+08:00 ] 222.137.235.185 /index.php/Qt/Alpay/pay
INFO: [ app_init ] --START--
INFO: Run Behavior\BuildLiteBehavior [ RunTime:0.000032s ]
INFO: [ app_init ] --END-- [ RunTime:0.000833s ]

[ 2017-06-07T19:09:19+08:00 ] 180.163.2.117 /index.php/Qt/Alpay/pay
INFO: [ app_init ] --START--
INFO: Run Behavior\BuildLiteBehavior [ RunTime:0.000025s ]
INFO: [ app_init ] --END-- [ RunTime:0.000574s ]

[ 2017-06-07T19:10:30+08:00 ] 222.137.235.185 /index.php/Qt/Alpay/pay
INFO: [ app_init ] --START--
INFO: Run Behavior\BuildLiteBehavior [ RunTime:0.000030s ]
INFO: [ app_init ] --END-- [ RunTime:0.010266s ]

[ 2017-06-07T19:12:25+08:00 ] 222.137.235.185 /index.php/Qt/Alpay/pay
INFO: [ app_init ] --START--
INFO: Run Behavior\BuildLiteBehavior [ RunTime:0.000023s ]
INFO: [ app_init ] --END-- [ RunTime:0.000493s ]

[ 2017-06-07T19:12:36+08:00 ] 1.189.203.240 /index.php/Qt/Alpay/pay
INFO: [ app_init ] --START--
INFO: Run Behavior\BuildLiteBehavior [ RunTime:0.000028s ]
INFO: [ app_init ] --END-- [ RunTime:0.000520s ]

[ 2017-06-07T19:12:55+08:00 ] 222.137.235.185 /index.php/Qt/Alpay/pay
INFO: [ app_init ] --START--
INFO: Run Behavior\BuildLiteBehavior [ RunTime:0.000025s ]
INFO: [ app_init ] --END-- [ RunTime:0.000572s ]

[ 2017-06-07T19:14:30+08:00 ] 1.189.203.240 /index.php/Qt/Alpay/pay
INFO: [ app_init ] --START--
INFO: Run Behavior\BuildLiteBehavior [ RunTime:0.000033s ]
INFO: [ app_init ] --END-- [ RunTime:0.010925s ]

[ 2017-06-07T19:17:19+08:00 ] 222.137.235.185 /index.php/Qt/Alpay/pay
INFO: [ app_init ] --START--
INFO: Run Behavior\BuildLiteBehavior [ RunTime:0.000040s ]
INFO: [ app_init ] --END-- [ RunTime:0.001005s ]

[ 2017-06-07T19:18:10+08:00 ] 222.137.235.185 /index.php/Qt/Alpay/pay
INFO: [ app_init ] --START--
INFO: Run Behavior\BuildLiteBehavior [ RunTime:0.000026s ]
INFO: [ app_init ] --END-- [ RunTime:0.000670s ]

[ 2017-06-07T19:19:09+08:00 ] 1.189.203.240 /index.php/Qt/Alpay/pay
INFO: [ app_init ] --START--
INFO: Run Behavior\BuildLiteBehavior [ RunTime:0.000030s ]
INFO: [ app_init ] --END-- [ RunTime:0.000646s ]

[ 2017-06-07T19:19:10+08:00 ] 1.189.203.240 /index.php/Qt/Alpay/pay
INFO: [ app_init ] --START--
INFO: Run Behavior\BuildLiteBehavior [ RunTime:0.000024s ]
INFO: [ app_init ] --END-- [ RunTime:0.000659s ]

[ 2017-06-07T19:19:11+08:00 ] 1.189.203.240 /index.php/Qt/Alpay/pay
INFO: [ app_init ] --START--
INFO: Run Behavior\BuildLiteBehavior [ RunTime:0.000026s ]
INFO: [ app_init ] --END-- [ RunTime:0.000541s ]

[ 2017-06-07T19:19:12+08:00 ] 1.189.203.240 /index.php/Qt/Alpay/pay
INFO: [ app_init ] --START--
INFO: Run Behavior\BuildLiteBehavior [ RunTime:0.000025s ]
INFO: [ app_init ] --END-- [ RunTime:0.000531s ]

[ 2017-06-07T19:19:43+08:00 ] 1.189.203.240 /index.php/Qt/Alpay/pay
INFO: [ app_init ] --START--
INFO: Run Behavior\BuildLiteBehavior [ RunTime:0.000026s ]
INFO: [ app_init ] --END-- [ RunTime:0.000545s ]

[ 2017-06-07T19:20:48+08:00 ] 222.137.235.185 /index.php/Qt/Alpay/pay
INFO: [ app_init ] --START--
INFO: Run Behavior\BuildLiteBehavior [ RunTime:0.000025s ]
INFO: [ app_init ] --END-- [ RunTime:0.000494s ]

[ 2017-06-07T19:20:50+08:00 ] 222.137.235.185 /index.php/Qt/Alpay/pay
INFO: [ app_init ] --START--
INFO: Run Behavior\BuildLiteBehavior [ RunTime:0.000023s ]
INFO: [ app_init ] --END-- [ RunTime:0.000484s ]

[ 2017-06-07T19:21:04+08:00 ] 1.189.203.240 /index.php/Qt/Alpay/pay
INFO: [ app_init ] --START--
INFO: Run Behavior\BuildLiteBehavior [ RunTime:0.000026s ]
INFO: [ app_init ] --END-- [ RunTime:0.000510s ]

[ 2017-06-07T19:21:13+08:00 ] 1.189.203.240 /index.php/Qt/Alpay/pay
INFO: [ app_init ] --START--
INFO: Run Behavior\BuildLiteBehavior [ RunTime:0.000028s ]
INFO: [ app_init ] --END-- [ RunTime:0.000505s ]

[ 2017-06-07T19:21:45+08:00 ] 1.189.203.240 /index.php/Qt/Alpay/pay
INFO: [ app_init ] --START--
INFO: Run Behavior\BuildLiteBehavior [ RunTime:0.000024s ]
INFO: [ app_init ] --END-- [ RunTime:0.000497s ]

[ 2017-06-07T19:21:47+08:00 ] 1.189.203.240 /index.php/Qt/Alpay/pay
INFO: [ app_init ] --START--
INFO: Run Behavior\BuildLiteBehavior [ RunTime:0.000029s ]
INFO: [ app_init ] --END-- [ RunTime:0.000537s ]

[ 2017-06-07T19:21:58+08:00 ] 1.189.203.240 /index.php/Qt/Alpay/pay
INFO: [ app_init ] --START--
INFO: Run Behavior\BuildLiteBehavior [ RunTime:0.000025s ]
INFO: [ app_init ] --END-- [ RunTime:0.000527s ]

[ 2017-06-07T19:22:08+08:00 ] 222.137.235.185 /index.php/Qt/Alpay/pay
INFO: [ app_init ] --START--
INFO: Run Behavior\BuildLiteBehavior [ RunTime:0.000027s ]
INFO: [ app_init ] --END-- [ RunTime:0.000564s ]

[ 2017-06-07T19:22:11+08:00 ] 222.137.235.185 /index.php/Qt/Alpay/pay
INFO: [ app_init ] --START--
INFO: Run Behavior\BuildLiteBehavior [ RunTime:0.000028s ]
INFO: [ app_init ] --END-- [ RunTime:0.000555s ]

[ 2017-06-07T19:22:22+08:00 ] 1.189.203.240 /index.php/Qt/Alpay/pay
INFO: [ app_init ] --START--
INFO: Run Behavior\BuildLiteBehavior [ RunTime:0.000030s ]
INFO: [ app_init ] --END-- [ RunTime:0.000567s ]

[ 2017-06-07T19:23:05+08:00 ] 1.189.203.240 /index.php/Qt/Alpay/pay
INFO: [ app_init ] --START--
INFO: Run Behavior\BuildLiteBehavior [ RunTime:0.000042s ]
INFO: [ app_init ] --END-- [ RunTime:0.000664s ]

[ 2017-06-07T19:23:10+08:00 ] 222.137.235.185 /index.php/Qt/Alpay/pay
INFO: [ app_init ] --START--
INFO: Run Behavior\BuildLiteBehavior [ RunTime:0.000024s ]
INFO: [ app_init ] --END-- [ RunTime:0.000495s ]

[ 2017-06-07T19:23:13+08:00 ] 222.137.235.185 /index.php/Qt/Alpay/pay
INFO: [ app_init ] --START--
INFO: Run Behavior\BuildLiteBehavior [ RunTime:0.000028s ]
INFO: [ app_init ] --END-- [ RunTime:0.000512s ]

[ 2017-06-07T19:23:29+08:00 ] 1.189.203.240 /index.php/Qt/Alpay/pay
INFO: [ app_init ] --START--
INFO: Run Behavior\BuildLiteBehavior [ RunTime:0.000027s ]
INFO: [ app_init ] --END-- [ RunTime:0.000512s ]

[ 2017-06-07T19:24:16+08:00 ] 1.189.203.240 /index.php/Qt/Alpay/pay
INFO: [ app_init ] --START--
INFO: Run Behavior\BuildLiteBehavior [ RunTime:0.000030s ]
INFO: [ app_init ] --END-- [ RunTime:0.000635s ]

[ 2017-06-07T19:25:02+08:00 ] 1.189.203.240 /index.php/Qt/Alpay/pay
INFO: [ app_init ] --START--
INFO: Run Behavior\BuildLiteBehavior [ RunTime:0.000029s ]
INFO: [ app_init ] --END-- [ RunTime:0.000584s ]

[ 2017-06-07T19:25:16+08:00 ] 1.189.203.240 /index.php/Qt/Alpay/pay
INFO: [ app_init ] --START--
INFO: Run Behavior\BuildLiteBehavior [ RunTime:0.000027s ]
INFO: [ app_init ] --END-- [ RunTime:0.000556s ]

[ 2017-06-07T19:25:18+08:00 ] 1.189.203.240 /index.php/Qt/Alpay/pay
INFO: [ app_init ] --START--
INFO: Run Behavior\BuildLiteBehavior [ RunTime:0.000026s ]
INFO: [ app_init ] --END-- [ RunTime:0.000549s ]

[ 2017-06-07T19:25:28+08:00 ] 222.137.235.185 /index.php/Qt/Alpay/pay
INFO: [ app_init ] --START--
INFO: Run Behavior\BuildLiteBehavior [ RunTime:0.000025s ]
INFO: [ app_init ] --END-- [ RunTime:0.000545s ]

[ 2017-06-07T19:25:30+08:00 ] 222.137.235.185 /index.php/Qt/Alpay/pay
INFO: [ app_init ] --START--
INFO: Run Behavior\BuildLiteBehavior [ RunTime:0.000025s ]
INFO: [ app_init ] --END-- [ RunTime:0.000535s ]

[ 2017-06-07T19:25:55+08:00 ] 1.189.203.240 /index.php/Qt/Alpay/pay
INFO: [ app_init ] --START--
INFO: Run Behavior\BuildLiteBehavior [ RunTime:0.000025s ]
INFO: [ app_init ] --END-- [ RunTime:0.000603s ]

[ 2017-06-07T19:26:19+08:00 ] 222.137.235.185 /index.php/Qt/Alpay/pay
INFO: [ app_init ] --START--
INFO: Run Behavior\BuildLiteBehavior [ RunTime:0.000024s ]
INFO: [ app_init ] --END-- [ RunTime:0.000537s ]

[ 2017-06-07T19:26:21+08:00 ] 222.137.235.185 /index.php/Qt/Alpay/pay
INFO: [ app_init ] --START--
INFO: Run Behavior\BuildLiteBehavior [ RunTime:0.000025s ]
INFO: [ app_init ] --END-- [ RunTime:0.000535s ]

[ 2017-06-07T19:26:25+08:00 ] 1.189.203.240 /index.php/Qt/Alpay/pay
INFO: [ app_init ] --START--
INFO: Run Behavior\BuildLiteBehavior [ RunTime:0.000026s ]
INFO: [ app_init ] --END-- [ RunTime:0.000600s ]

[ 2017-06-07T19:26:27+08:00 ] 1.189.203.240 /index.php/Qt/Alpay/pay
INFO: [ app_init ] --START--
INFO: Run Behavior\BuildLiteBehavior [ RunTime:0.000025s ]
INFO: [ app_init ] --END-- [ RunTime:0.000534s ]

[ 2017-06-07T19:26:52+08:00 ] 222.137.235.185 /index.php/Qt/Alpay/pay
INFO: [ app_init ] --START--
INFO: Run Behavior\BuildLiteBehavior [ RunTime:0.000028s ]
INFO: [ app_init ] --END-- [ RunTime:0.000576s ]

[ 2017-06-07T19:27:00+08:00 ] 222.137.235.185 /index.php/Qt/Alpay/pay
INFO: [ app_init ] --START--
INFO: Run Behavior\BuildLiteBehavior [ RunTime:0.000024s ]
INFO: [ app_init ] --END-- [ RunTime:0.000631s ]

[ 2017-06-07T19:27:04+08:00 ] 1.189.203.240 /index.php/Qt/Alpay/pay
INFO: [ app_init ] --START--
INFO: Run Behavior\BuildLiteBehavior [ RunTime:0.000025s ]
INFO: [ app_init ] --END-- [ RunTime:0.000503s ]

[ 2017-06-07T19:30:22+08:00 ] 1.189.203.240 /index.php/Qt/Alpay/pay
INFO: [ app_init ] --START--
INFO: Run Behavior\BuildLiteBehavior [ RunTime:0.000025s ]
INFO: [ app_init ] --END-- [ RunTime:0.000682s ]

[ 2017-06-07T19:31:39+08:00 ] 1.189.203.240 /index.php/Qt/Alpay/pay
INFO: [ app_init ] --START--
INFO: Run Behavior\BuildLiteBehavior [ RunTime:0.000024s ]
INFO: [ app_init ] --END-- [ RunTime:0.000628s ]

[ 2017-06-07T19:31:41+08:00 ] 1.189.203.240 /index.php/Qt/Alpay/pay
INFO: [ app_init ] --START--
INFO: Run Behavior\BuildLiteBehavior [ RunTime:0.000025s ]
INFO: [ app_init ] --END-- [ RunTime:0.000531s ]

[ 2017-06-07T19:35:40+08:00 ] 1.189.203.240 /index.php/Qt/Alpay/pay
INFO: [ app_init ] --START--
INFO: Run Behavior\BuildLiteBehavior [ RunTime:0.000028s ]
INFO: [ app_init ] --END-- [ RunTime:0.001172s ]

[ 2017-06-07T19:35:41+08:00 ] 1.189.203.240 /index.php/Qt/Alpay/pay
INFO: [ app_init ] --START--
INFO: Run Behavior\BuildLiteBehavior [ RunTime:0.000028s ]
INFO: [ app_init ] --END-- [ RunTime:0.000520s ]

[ 2017-06-07T19:40:56+08:00 ] 1.189.203.240 /index.php/Qt/Alpay/pay
INFO: [ app_init ] --START--
INFO: Run Behavior\BuildLiteBehavior [ RunTime:0.000028s ]
INFO: [ app_init ] --END-- [ RunTime:0.000539s ]

[ 2017-06-07T19:40:59+08:00 ] 1.189.203.240 /index.php/Qt/Alpay/pay
INFO: [ app_init ] --START--
INFO: Run Behavior\BuildLiteBehavior [ RunTime:0.000028s ]
INFO: [ app_init ] --END-- [ RunTime:0.000518s ]

[ 2017-06-07T19:43:01+08:00 ] 1.189.203.240 /index.php/Qt/Alpay/pay
INFO: [ app_init ] --START--
INFO: Run Behavior\BuildLiteBehavior [ RunTime:0.000029s ]
INFO: [ app_init ] --END-- [ RunTime:0.000558s ]

[ 2017-06-07T19:47:02+08:00 ] 1.189.203.240 /index.php/Qt/Alpay/pay
INFO: [ app_init ] --START--
INFO: Run Behavior\BuildLiteBehavior [ RunTime:0.000024s ]
INFO: [ app_init ] --END-- [ RunTime:0.000725s ]

[ 2017-06-07T19:47:04+08:00 ] 1.189.203.240 /index.php/Qt/Alpay/pay
INFO: [ app_init ] --START--
INFO: Run Behavior\BuildLiteBehavior [ RunTime:0.000025s ]
INFO: [ app_init ] --END-- [ RunTime:0.000611s ]

[ 2017-06-07T19:49:52+08:00 ] 1.189.203.240 /index.php/Qt/Alpay/pay
INFO: [ app_init ] --START--
INFO: Run Behavior\BuildLiteBehavior [ RunTime:0.000028s ]
INFO: [ app_init ] --END-- [ RunTime:0.000741s ]

[ 2017-06-07T19:49:53+08:00 ] 1.189.203.240 /index.php/Qt/Alpay/pay
INFO: [ app_init ] --START--
INFO: Run Behavior\BuildLiteBehavior [ RunTime:0.000027s ]
INFO: [ app_init ] --END-- [ RunTime:0.000724s ]

[ 2017-06-07T19:50:43+08:00 ] 1.189.203.240 /index.php/Qt/Alpay/pay
INFO: [ app_init ] --START--
INFO: Run Behavior\BuildLiteBehavior [ RunTime:0.000024s ]
INFO: [ app_init ] --END-- [ RunTime:0.000535s ]

[ 2017-06-07T19:50:45+08:00 ] 1.189.203.240 /index.php/Qt/Alpay/pay
INFO: [ app_init ] --START--
INFO: Run Behavior\BuildLiteBehavior [ RunTime:0.000029s ]
INFO: [ app_init ] --END-- [ RunTime:0.000823s ]

[ 2017-06-07T19:54:30+08:00 ] 1.189.203.240 /index.php/Qt/Alpay/pay
INFO: [ app_init ] --START--
INFO: Run Behavior\BuildLiteBehavior [ RunTime:0.000023s ]
INFO: [ app_init ] --END-- [ RunTime:0.000488s ]

[ 2017-06-07T19:54:32+08:00 ] 1.189.203.240 /index.php/Qt/Alpay/pay
INFO: [ app_init ] --START--
INFO: Run Behavior\BuildLiteBehavior [ RunTime:0.000029s ]
INFO: [ app_init ] --END-- [ RunTime:0.000549s ]

[ 2017-06-07T19:56:01+08:00 ] 1.189.203.240 /index.php/Qt/Alpay/pay
INFO: [ app_init ] --START--
INFO: Run Behavior\BuildLiteBehavior [ RunTime:0.000029s ]
INFO: [ app_init ] --END-- [ RunTime:0.000527s ]

[ 2017-06-07T19:56:03+08:00 ] 1.189.203.240 /index.php/Qt/Alpay/pay
INFO: [ app_init ] --START--
INFO: Run Behavior\BuildLiteBehavior [ RunTime:0.000024s ]
INFO: [ app_init ] --END-- [ RunTime:0.000501s ]

[ 2017-06-07T19:57:33+08:00 ] 1.189.203.240 /index.php/Qt/Alpay/pay
INFO: [ app_init ] --START--
INFO: Run Behavior\BuildLiteBehavior [ RunTime:0.000026s ]
INFO: [ app_init ] --END-- [ RunTime:0.000620s ]

[ 2017-06-07T19:57:34+08:00 ] 1.189.203.240 /index.php/Qt/Alpay/pay
INFO: [ app_init ] --START--
INFO: Run Behavior\BuildLiteBehavior [ RunTime:0.000025s ]
INFO: [ app_init ] --END-- [ RunTime:0.000496s ]

[ 2017-06-07T20:33:54+08:00 ] 1.189.203.240 /index.php/Qt/Alpay/pay
INFO: [ app_init ] --START--
INFO: Run Behavior\BuildLiteBehavior [ RunTime:0.000026s ]
INFO: [ app_init ] --END-- [ RunTime:0.000725s ]

[ 2017-06-07T20:33:56+08:00 ] 1.189.203.240 /index.php/Qt/Alpay/pay
INFO: [ app_init ] --START--
INFO: Run Behavior\BuildLiteBehavior [ RunTime:0.000030s ]
INFO: [ app_init ] --END-- [ RunTime:0.000738s ]

[ 2017-06-07T20:35:07+08:00 ] 1.189.203.240 /index.php/Qt/Alpay/pay
INFO: [ app_init ] --START--
INFO: Run Behavior\BuildLiteBehavior [ RunTime:0.000029s ]
INFO: [ app_init ] --END-- [ RunTime:0.000768s ]

[ 2017-06-07T20:35:09+08:00 ] 1.189.203.240 /index.php/Qt/Alpay/pay
INFO: [ app_init ] --START--
INFO: Run Behavior\BuildLiteBehavior [ RunTime:0.000025s ]
INFO: [ app_init ] --END-- [ RunTime:0.000689s ]

[ 2017-06-07T20:35:37+08:00 ] 1.189.203.240 /index.php/Qt/Alpay/pay
INFO: [ app_init ] --START--
INFO: Run Behavior\BuildLiteBehavior [ RunTime:0.000026s ]
INFO: [ app_init ] --END-- [ RunTime:0.000678s ]

[ 2017-06-07T20:35:38+08:00 ] 1.189.203.240 /index.php/Qt/Alpay/pay
INFO: [ app_init ] --START--
INFO: Run Behavior\BuildLiteBehavior [ RunTime:0.000027s ]
INFO: [ app_init ] --END-- [ RunTime:0.000673s ]

[ 2017-06-07T20:36:06+08:00 ] 1.189.203.240 /index.php/Qt/Alpay/pay
INFO: [ app_init ] --START--
INFO: Run Behavior\BuildLiteBehavior [ RunTime:0.000026s ]
INFO: [ app_init ] --END-- [ RunTime:0.000544s ]

[ 2017-06-07T20:39:57+08:00 ] 1.189.203.240 /index.php/Qt/Alpay/pay
INFO: [ app_init ] --START--
INFO: Run Behavior\BuildLiteBehavior [ RunTime:0.000028s ]
INFO: [ app_init ] --END-- [ RunTime:0.000569s ]

[ 2017-06-07T20:39:59+08:00 ] 1.189.203.240 /index.php/Qt/Alpay/pay
INFO: [ app_init ] --START--
INFO: Run Behavior\BuildLiteBehavior [ RunTime:0.000027s ]
INFO: [ app_init ] --END-- [ RunTime:0.000556s ]

[ 2017-06-07T20:40:20+08:00 ] 1.189.203.240 /index.php/Qt/Alpay/pay
INFO: [ app_init ] --START--
INFO: Run Behavior\BuildLiteBehavior [ RunTime:0.000044s ]
INFO: [ app_init ] --END-- [ RunTime:0.000801s ]

[ 2017-06-07T20:40:22+08:00 ] 1.189.203.240 /index.php/Qt/Alpay/pay
INFO: [ app_init ] --START--
INFO: Run Behavior\BuildLiteBehavior [ RunTime:0.000027s ]
INFO: [ app_init ] --END-- [ RunTime:0.000549s ]

[ 2017-06-07T20:41:40+08:00 ] 1.189.203.240 /index.php/Qt/Alpay/pay
INFO: [ app_init ] --START--
INFO: Run Behavior\BuildLiteBehavior [ RunTime:0.000025s ]
INFO: [ app_init ] --END-- [ RunTime:0.000543s ]

[ 2017-06-07T20:41:42+08:00 ] 1.189.203.240 /index.php/Qt/Alpay/pay
INFO: [ app_init ] --START--
INFO: Run Behavior\BuildLiteBehavior [ RunTime:0.000024s ]
INFO: [ app_init ] --END-- [ RunTime:0.000545s ]

[ 2017-06-07T20:42:36+08:00 ] 1.189.203.240 /index.php/Qt/Alpay/pay
INFO: [ app_init ] --START--
INFO: Run Behavior\BuildLiteBehavior [ RunTime:0.000025s ]
INFO: [ app_init ] --END-- [ RunTime:0.000550s ]

[ 2017-06-07T20:42:38+08:00 ] 1.189.203.240 /index.php/Qt/Alpay/pay
INFO: [ app_init ] --START--
INFO: Run Behavior\BuildLiteBehavior [ RunTime:0.000029s ]
INFO: [ app_init ] --END-- [ RunTime:0.000566s ]

[ 2017-06-07T20:42:54+08:00 ] 1.189.203.240 /index.php/Qt/Alpay/pay
INFO: [ app_init ] --START--
INFO: Run Behavior\BuildLiteBehavior [ RunTime:0.000024s ]
INFO: [ app_init ] --END-- [ RunTime:0.000538s ]

[ 2017-06-07T20:53:48+08:00 ] 1.189.203.240 /index.php/Qt/Alpay/pay
INFO: [ app_init ] --START--
INFO: Run Behavior\BuildLiteBehavior [ RunTime:0.000026s ]
INFO: [ app_init ] --END-- [ RunTime:0.000743s ]

[ 2017-06-07T20:53:49+08:00 ] 1.189.203.240 /index.php/Qt/Alpay/pay
INFO: [ app_init ] --START--
INFO: Run Behavior\BuildLiteBehavior [ RunTime:0.000029s ]
INFO: [ app_init ] --END-- [ RunTime:0.000728s ]

[ 2017-06-07T20:54:24+08:00 ] 1.189.203.240 /index.php/Qt/Alpay/pay
INFO: [ app_init ] --START--
INFO: Run Behavior\BuildLiteBehavior [ RunTime:0.000028s ]
INFO: [ app_init ] --END-- [ RunTime:0.000796s ]

[ 2017-06-07T20:54:26+08:00 ] 1.189.203.240 /index.php/Qt/Alpay/pay
INFO: [ app_init ] --START--
INFO: Run Behavior\BuildLiteBehavior [ RunTime:0.000026s ]
INFO: [ app_init ] --END-- [ RunTime:0.000716s ]

[ 2017-06-07T20:57:49+08:00 ] 1.189.203.240 /index.php/Qt/Alpay/pay
INFO: [ app_init ] --START--
INFO: Run Behavior\BuildLiteBehavior [ RunTime:0.000024s ]
INFO: [ app_init ] --END-- [ RunTime:0.000757s ]
ERR: 无法加载控制器:Alpay

[ 2017-06-07T20:57:53+08:00 ] 1.189.203.240 /index.php/Qt/Alpay/pay
INFO: [ app_init ] --START--
INFO: Run Behavior\BuildLiteBehavior [ RunTime:0.000025s ]
INFO: [ app_init ] --END-- [ RunTime:0.000705s ]
ERR: 无法加载控制器:Alpay

[ 2017-06-07T20:58:37+08:00 ] 1.189.203.240 /index.php/Qt/Alipay/pay
INFO: [ app_init ] --START--
INFO: Run Behavior\BuildLiteBehavior [ RunTime:0.000025s ]
INFO: [ app_init ] --END-- [ RunTime:0.000714s ]

[ 2017-06-07T20:58:39+08:00 ] 1.189.203.240 /index.php/Qt/Alipay/pay
INFO: [ app_init ] --START--
INFO: Run Behavior\BuildLiteBehavior [ RunTime:0.000025s ]
INFO: [ app_init ] --END-- [ RunTime:0.000761s ]

[ 2017-06-07T20:58:47+08:00 ] 101.226.125.103 /index.php/Qt/Alipay/pay
INFO: [ app_init ] --START--
INFO: Run Behavior\BuildLiteBehavior [ RunTime:0.000027s ]
INFO: [ app_init ] --END-- [ RunTime:0.000719s ]

[ 2017-06-07T21:00:56+08:00 ] 1.189.203.240 /index.php/Qt/Alipay/pay
INFO: [ app_init ] --START--
INFO: Run Behavior\BuildLiteBehavior [ RunTime:0.000024s ]
INFO: [ app_init ] --END-- [ RunTime:0.000496s ]

[ 2017-06-07T21:00:58+08:00 ] 1.189.203.240 /index.php/Qt/Alipay/pay
INFO: [ app_init ] --START--
INFO: Run Behavior\BuildLiteBehavior [ RunTime:0.000025s ]
INFO: [ app_init ] --END-- [ RunTime:0.000443s ]

[ 2017-06-07T21:14:18+08:00 ] 1.189.203.240 /index.php/Qt/Alpay/pay
INFO: [ app_init ] --START--
INFO: Run Behavior\BuildLiteBehavior [ RunTime:0.000026s ]
INFO: [ app_init ] --END-- [ RunTime:0.000727s ]
ERR: 无法加载控制器:Alpay

[ 2017-06-07T21:14:29+08:00 ] 1.189.203.240 /index.php/Qt/Alipay/pay
INFO: [ app_init ] --START--
INFO: Run Behavior\BuildLiteBehavior [ RunTime:0.000025s ]
INFO: [ app_init ] --END-- [ RunTime:0.000717s ]

[ 2017-06-07T21:14:31+08:00 ] 1.189.203.240 /index.php/Qt/Alipay/pay
INFO: [ app_init ] --START--
INFO: Run Behavior\BuildLiteBehavior [ RunTime:0.000027s ]
INFO: [ app_init ] --END-- [ RunTime:0.000711s ]

[ 2017-06-07T21:16:01+08:00 ] 1.189.203.240 /index.php/Qt/Alipay/pay
INFO: [ app_init ] --START--
INFO: Run Behavior\BuildLiteBehavior [ RunTime:0.000025s ]
INFO: [ app_init ] --END-- [ RunTime:0.000495s ]

[ 2017-06-07T21:16:03+08:00 ] 1.189.203.240 /index.php/Qt/Alipay/pay
INFO: [ app_init ] --START--
INFO: Run Behavior\BuildLiteBehavior [ RunTime:0.000031s ]
INFO: [ app_init ] --END-- [ RunTime:0.000609s ]

[ 2017-06-07T21:16:51+08:00 ] 1.189.203.240 /index.php/Qt/Alipay/pay
INFO: [ app_init ] --START--
INFO: Run Behavior\BuildLiteBehavior [ RunTime:0.000026s ]
INFO: [ app_init ] --END-- [ RunTime:0.000529s ]

[ 2017-06-07T21:16:53+08:00 ] 1.189.203.240 /index.php/Qt/Alipay/pay
INFO: [ app_init ] --START--
INFO: Run Behavior\BuildLiteBehavior [ RunTime:0.000025s ]
INFO: [ app_init ] --END-- [ RunTime:0.000553s ]

[ 2017-06-07T21:38:27+08:00 ] 1.189.203.38 /index.php/Qt/Alipay/pay
INFO: [ app_init ] --START--
INFO: Run Behavior\BuildLiteBehavior [ RunTime:0.000025s ]
INFO: [ app_init ] --END-- [ RunTime:0.000678s ]

[ 2017-06-07T21:38:29+08:00 ] 1.189.203.38 /index.php/Qt/Alipay/pay
INFO: [ app_init ] --START--
INFO: Run Behavior\BuildLiteBehavior [ RunTime:0.000037s ]
INFO: [ app_init ] --END-- [ RunTime:0.000974s ]

[ 2017-06-07T21:42:11+08:00 ] 1.189.203.38 /index.php/Qt/Alipay/pay
INFO: [ app_init ] --START--
INFO: Run Behavior\BuildLiteBehavior [ RunTime:0.000027s ]
INFO: [ app_init ] --END-- [ RunTime:0.000559s ]

[ 2017-06-07T21:43:12+08:00 ] 1.189.203.38 /index.php/Qt/Alipay/pay
INFO: [ app_init ] --START--
INFO: Run Behavior\BuildLiteBehavior [ RunTime:0.000026s ]
INFO: [ app_init ] --END-- [ RunTime:0.000553s ]

[ 2017-06-07T21:44:15+08:00 ] 1.189.203.38 /index.php/Qt/Alipay/pay
INFO: [ app_init ] --START--
INFO: Run Behavior\BuildLiteBehavior [ RunTime:0.000024s ]
INFO: [ app_init ] --END-- [ RunTime:0.000542s ]

[ 2017-06-07T21:45:00+08:00 ] 1.189.203.38 /index.php/Qt/Alipay/pay
INFO: [ app_init ] --START--
INFO: Run Behavior\BuildLiteBehavior [ RunTime:0.000026s ]
INFO: [ app_init ] --END-- [ RunTime:0.000549s ]

[ 2017-06-07T21:46:43+08:00 ] 1.189.203.38 /index.php/Qt/Alipay/pay
INFO: [ app_init ] --START--
INFO: Run Behavior\BuildLiteBehavior [ RunTime:0.000025s ]
INFO: [ app_init ] --END-- [ RunTime:0.000504s ]

[ 2017-06-07T21:47:35+08:00 ] 1.189.203.38 /index.php/Qt/Alipay/pay
INFO: [ app_init ] --START--
INFO: Run Behavior\BuildLiteBehavior [ RunTime:0.000029s ]
INFO: [ app_init ] --END-- [ RunTime:0.000562s ]

[ 2017-06-07T21:47:36+08:00 ] 1.189.203.38 /index.php/Qt/Alipay/pay
INFO: [ app_init ] --START--
INFO: Run Behavior\BuildLiteBehavior [ RunTime:0.000025s ]
INFO: [ app_init ] --END-- [ RunTime:0.000522s ]

[ 2017-06-07T21:47:38+08:00 ] 1.189.203.38 /index.php/Qt/Alipay/pay
INFO: [ app_init ] --START--
INFO: Run Behavior\BuildLiteBehavior [ RunTime:0.000026s ]
INFO: [ app_init ] --END-- [ RunTime:0.000512s ]

[ 2017-06-07T21:47:48+08:00 ] 1.189.203.38 /index.php/Qt/Alipay/pay
INFO: [ app_init ] --START--
INFO: Run Behavior\BuildLiteBehavior [ RunTime:0.000027s ]
INFO: [ app_init ] --END-- [ RunTime:0.000525s ]

[ 2017-06-07T21:48:57+08:00 ] 1.189.203.38 /index.php/Qt/Alipay/pay
INFO: [ app_init ] --START--
INFO: Run Behavior\BuildLiteBehavior [ RunTime:0.000025s ]
INFO: [ app_init ] --END-- [ RunTime:0.000505s ]

[ 2017-06-07T21:48:59+08:00 ] 1.189.203.38 /index.php/Qt/Alipay/pay
INFO: [ app_init ] --START--
INFO: Run Behavior\BuildLiteBehavior [ RunTime:0.000026s ]
INFO: [ app_init ] --END-- [ RunTime:0.000547s ]

[ 2017-06-07T21:49:00+08:00 ] 1.189.203.38 /index.php/Qt/Alipay/pay
INFO: [ app_init ] --START--
INFO: Run Behavior\BuildLiteBehavior [ RunTime:0.000028s ]
INFO: [ app_init ] --END-- [ RunTime:0.000561s ]

[ 2017-06-07T21:49:00+08:00 ] 1.189.203.38 /index.php/Qt/Alipay/pay
INFO: [ app_init ] --START--
INFO: Run Behavior\BuildLiteBehavior [ RunTime:0.000024s ]
INFO: [ app_init ] --END-- [ RunTime:0.000495s ]

[ 2017-06-07T21:49:01+08:00 ] 1.189.203.38 /index.php/Qt/Alipay/pay
INFO: [ app_init ] --START--
INFO: Run Behavior\BuildLiteBehavior [ RunTime:0.000026s ]
INFO: [ app_init ] --END-- [ RunTime:0.000500s ]

[ 2017-06-07T21:49:02+08:00 ] 1.189.203.38 /index.php/Qt/Alipay/pay
INFO: [ app_init ] --START--
INFO: Run Behavior\BuildLiteBehavior [ RunTime:0.000024s ]
INFO: [ app_init ] --END-- [ RunTime:0.000497s ]

[ 2017-06-07T21:49:02+08:00 ] 1.189.203.38 /index.php/Qt/Alipay/pay
INFO: [ app_init ] --START--
INFO: Run Behavior\BuildLiteBehavior [ RunTime:0.000027s ]
INFO: [ app_init ] --END-- [ RunTime:0.000500s ]

[ 2017-06-07T21:49:03+08:00 ] 1.189.203.38 /index.php/Qt/Alipay/pay
INFO: [ app_init ] --START--
INFO: Run Behavior\BuildLiteBehavior [ RunTime:0.000027s ]
INFO: [ app_init ] --END-- [ RunTime:0.000521s ]

[ 2017-06-07T21:54:35+08:00 ] 1.189.203.38 /index.php/Qt/Alipay/pay
INFO: [ app_init ] --START--
INFO: Run Behavior\BuildLiteBehavior [ RunTime:0.000027s ]
INFO: [ app_init ] --END-- [ RunTime:0.000714s ]

[ 2017-06-07T21:54:37+08:00 ] 1.189.203.38 /index.php/Qt/Alipay/pay
INFO: [ app_init ] --START--
INFO: Run Behavior\BuildLiteBehavior [ RunTime:0.000028s ]
INFO: [ app_init ] --END-- [ RunTime:0.000729s ]

[ 2017-06-07T21:54:45+08:00 ] 101.226.33.204 /index.php/Qt/Alipay/pay
INFO: [ app_init ] --START--
INFO: Run Behavior\BuildLiteBehavior [ RunTime:0.000026s ]
INFO: [ app_init ] --END-- [ RunTime:0.000745s ]

[ 2017-06-07T21:56:04+08:00 ] 1.189.203.38 /index.php/Qt/Alipay/pay
INFO: [ app_init ] --START--
INFO: Run Behavior\BuildLiteBehavior [ RunTime:0.000027s ]
INFO: [ app_init ] --END-- [ RunTime:0.000729s ]

[ 2017-06-07T21:56:06+08:00 ] 1.189.203.38 /index.php/Qt/Alipay/pay
INFO: [ app_init ] --START--
INFO: Run Behavior\BuildLiteBehavior [ RunTime:0.000025s ]
INFO: [ app_init ] --END-- [ RunTime:0.000704s ]

[ 2017-06-07T21:56:38+08:00 ] 1.189.203.38 /index.php/Qt/Alipay/pay
INFO: [ app_init ] --START--
INFO: Run Behavior\BuildLiteBehavior [ RunTime:0.000027s ]
INFO: [ app_init ] --END-- [ RunTime:0.000814s ]

[ 2017-06-07T21:56:40+08:00 ] 1.189.203.38 /index.php/Qt/Alipay/pay
INFO: [ app_init ] --START--
INFO: Run Behavior\BuildLiteBehavior [ RunTime:0.000025s ]
INFO: [ app_init ] --END-- [ RunTime:0.000705s ]

[ 2017-06-07T21:59:50+08:00 ] 1.189.203.38 /index.php/Qt/Alipay/pay
INFO: [ app_init ] --START--
INFO: Run Behavior\BuildLiteBehavior [ RunTime:0.000035s ]
INFO: [ app_init ] --END-- [ RunTime:0.000889s ]

[ 2017-06-07T22:00:33+08:00 ] 1.189.203.38 /index.php/Qt/Alipay/pay
INFO: [ app_init ] --START--
INFO: Run Behavior\BuildLiteBehavior [ RunTime:0.000029s ]
INFO: [ app_init ] --END-- [ RunTime:0.000478s ]

[ 2017-06-07T22:00:34+08:00 ] 1.189.203.38 /index.php/Qt/Alipay/pay
INFO: [ app_init ] --START--
INFO: Run Behavior\BuildLiteBehavior [ RunTime:0.000024s ]
INFO: [ app_init ] --END-- [ RunTime:0.000440s ]

[ 2017-06-07T22:16:31+08:00 ] 38.100.21.68 /
INFO: [ app_init ] --START--
INFO: Run Behavior\BuildLiteBehavior [ RunTime:0.000024s ]
INFO: [ app_init ] --END-- [ RunTime:0.000498s ]

[ 2017-06-07T22:16:33+08:00 ] 38.100.21.68 /index.php/Qt/Yl/yl.html
INFO: [ app_init ] --START--
INFO: Run Behavior\BuildLiteBehavior [ RunTime:0.000024s ]
INFO: [ app_init ] --END-- [ RunTime:0.000441s ]

[ 2017-06-07T22:16:35+08:00 ] 38.100.21.68 /index.php/Qt/Product/goumai.html
INFO: [ app_init ] --START--
INFO: Run Behavior\BuildLiteBehavior [ RunTime:0.000024s ]
INFO: [ app_init ] --END-- [ RunTime:0.000545s ]

[ 2017-06-07T22:16:37+08:00 ] 38.100.21.68 /index.php/Qt/Goods/sc.html
INFO: [ app_init ] --START--
INFO: Run Behavior\BuildLiteBehavior [ RunTime:0.000025s ]
INFO: [ app_init ] --END-- [ RunTime:0.000449s ]

[ 2017-06-07T22:16:38+08:00 ] 38.100.21.68 /index.php/Qt/Video/mc.html
INFO: [ app_init ] --START--
INFO: Run Behavior\BuildLiteBehavior [ RunTime:0.000025s ]
INFO: [ app_init ] --END-- [ RunTime:0.000447s ]

[ 2017-06-07T22:16:39+08:00 ] 38.100.21.68 /index.php/Qt/Mr/mr.html
INFO: [ app_init ] --START--
INFO: Run Behavior\BuildLiteBehavior [ RunTime:0.000028s ]
INFO: [ app_init ] --END-- [ RunTime:0.000461s ]

[ 2017-06-07T22:16:40+08:00 ] 38.100.21.68 /index.php/Qt/Index/index.html
INFO: [ app_init ] --START--
INFO: Run Behavior\BuildLiteBehavior [ RunTime:0.000029s ]
INFO: [ app_init ] --END-- [ RunTime:0.000463s ]

[ 2017-06-07T22:16:42+08:00 ] 38.100.21.68 /index.php/Qt/Product/goumai_xx.html
INFO: [ app_init ] --START--
INFO: Run Behavior\BuildLiteBehavior [ RunTime:0.000024s ]
INFO: [ app_init ] --END-- [ RunTime:0.000440s ]

[ 2017-06-07T22:32:48+08:00 ] 1.189.203.38 /index.php/Qt/WapPay/get_data
INFO: [ app_init ] --START--
INFO: Run Behavior\BuildLiteBehavior [ RunTime:0.000024s ]
INFO: [ app_init ] --END-- [ RunTime:0.000495s ]

[ 2017-06-07T22:32:54+08:00 ] 117.185.27.113 /index.php/Qt/WapPay/get_data
INFO: [ app_init ] --START--
INFO: Run Behavior\BuildLiteBehavior [ RunTime:0.000024s ]
INFO: [ app_init ] --END-- [ RunTime:0.000689s ]

[ 2017-06-07T22:33:18+08:00 ] 1.189.203.38 /index.php/Qt/WapPay/get_data
INFO: [ app_init ] --START--
INFO: Run Behavior\BuildLiteBehavior [ RunTime:0.000030s ]
INFO: [ app_init ] --END-- [ RunTime:0.000516s ]

[ 2017-06-07T22:33:27+08:00 ] 1.189.203.38 /index.php/Qt/WapPay/index
INFO: [ app_init ] --START--
INFO: Run Behavior\BuildLiteBehavior [ RunTime:0.000044s ]
INFO: [ app_init ] --END-- [ RunTime:0.000695s ]

[ 2017-06-07T22:33:28+08:00 ] 1.189.203.38 /index.php/Qt/WapPay/%7B:U('get_data')%7D
INFO: [ app_init ] --START--
INFO: Run Behavior\BuildLiteBehavior [ RunTime:0.000023s ]
INFO: [ app_init ] --END-- [ RunTime:0.000434s ]
ERR: 非法操作:{:U('get_data')}

[ 2017-06-07T22:33:36+08:00 ] 101.226.51.228 /index.php/Qt/WapPay/index
INFO: [ app_init ] --START--
INFO: Run Behavior\BuildLiteBehavior [ RunTime:0.000031s ]
INFO: [ app_init ] --END-- [ RunTime:0.000505s ]

[ 2017-06-07T22:36:16+08:00 ] 1.189.203.38 /index.php/Qt/WapPay/index
INFO: [ app_init ] --START--
INFO: Run Behavior\BuildLiteBehavior [ RunTime:0.000023s ]
INFO: [ app_init ] --END-- [ RunTime:0.000495s ]

[ 2017-06-07T22:36:18+08:00 ] 1.189.203.38 /index.php/Qt/WapPay/%7B:U('get_data')%7D
INFO: [ app_init ] --START--
INFO: Run Behavior\BuildLiteBehavior [ RunTime:0.000025s ]
INFO: [ app_init ] --END-- [ RunTime:0.000443s ]
ERR: 非法操作:{:U('get_data')}

[ 2017-06-07T22:38:32+08:00 ] 1.189.203.38 /index.php/Qt/WapPay/%7B:U('get_data')%7D
INFO: [ app_init ] --START--
INFO: Run Behavior\BuildLiteBehavior [ RunTime:0.000024s ]
INFO: [ app_init ] --END-- [ RunTime:0.000498s ]
ERR: 非法操作:{:U('get_data')}

[ 2017-06-07T22:38:35+08:00 ] 1.189.203.38 /index.php/Qt/WapPay/index
INFO: [ app_init ] --START--
INFO: Run Behavior\BuildLiteBehavior [ RunTime:0.000028s ]
INFO: [ app_init ] --END-- [ RunTime:0.000461s ]

[ 2017-06-07T22:38:37+08:00 ] 1.189.203.38 /index.php/Qt/WapPay/index
INFO: [ app_init ] --START--
INFO: Run Behavior\BuildLiteBehavior [ RunTime:0.000024s ]
INFO: [ app_init ] --END-- [ RunTime:0.000768s ]

[ 2017-06-07T22:38:39+08:00 ] 1.189.203.38 /index.php/Qt/WapPay/get_data.html
INFO: [ app_init ] --START--
INFO: Run Behavior\BuildLiteBehavior [ RunTime:0.000028s ]
INFO: [ app_init ] --END-- [ RunTime:0.000463s ]

[ 2017-06-07T22:38:42+08:00 ] 180.153.81.212 /index.php/Qt/WapPay/{:U('get_data')}
INFO: [ app_init ] --START--
INFO: Run Behavior\BuildLiteBehavior [ RunTime:0.000025s ]
INFO: [ app_init ] --END-- [ RunTime:0.000503s ]
ERR: 非法操作:{:U('get_data')}

[ 2017-06-07T22:38:42+08:00 ] 101.226.33.201 /index.php/Qt/WapPay/{:U('get_data')}
INFO: [ app_init ] --START--
INFO: Run Behavior\BuildLiteBehavior [ RunTime:0.000023s ]
INFO: [ app_init ] --END-- [ RunTime:0.000488s ]
ERR: 非法操作:{:U('get_data')}

[ 2017-06-07T22:39:00+08:00 ] 1.189.203.38 /index.php/Qt/WapPay/get_data.html
INFO: [ app_init ] --START--
INFO: Run Behavior\BuildLiteBehavior [ RunTime:0.000024s ]
INFO: [ app_init ] --END-- [ RunTime:0.000437s ]

[ 2017-06-07T22:50:14+08:00 ] 1.189.203.38 /
INFO: [ app_init ] --START--
INFO: Run Behavior\BuildLiteBehavior [ RunTime:0.000027s ]
INFO: [ app_init ] --END-- [ RunTime:0.000737s ]

[ 2017-06-07T22:50:15+08:00 ] 1.189.203.38 /index.php/Qt/Video/mc.html
INFO: [ app_init ] --START--
INFO: Run Behavior\BuildLiteBehavior [ RunTime:0.000028s ]
INFO: [ app_init ] --END-- [ RunTime:0.000643s ]

[ 2017-06-07T22:50:16+08:00 ] 1.189.203.38 /index.php/Qt/Goods/sc.html
INFO: [ app_init ] --START--
INFO: Run Behavior\BuildLiteBehavior [ RunTime:0.000025s ]
INFO: [ app_init ] --END-- [ RunTime:0.000504s ]

[ 2017-06-07T22:50:17+08:00 ] 1.189.203.38 /index.php/Qt/Mr/mr.html
INFO: [ app_init ] --START--
INFO: Run Behavior\BuildLiteBehavior [ RunTime:0.000026s ]
INFO: [ app_init ] --END-- [ RunTime:0.000502s ]

[ 2017-06-07T22:50:25+08:00 ] 101.226.33.238 /index.php/Qt/Video/mc.html
INFO: [ app_init ] --START--
INFO: Run Behavior\BuildLiteBehavior [ RunTime:0.000025s ]
INFO: [ app_init ] --END-- [ RunTime:0.000453s ]

[ 2017-06-07T22:50:25+08:00 ] 117.185.27.114 /index.php/Qt/Mr/mr.html
INFO: [ app_init ] --START--
INFO: Run Behavior\BuildLiteBehavior [ RunTime:0.000023s ]
INFO: [ app_init ] --END-- [ RunTime:0.000423s ]

[ 2017-06-07T22:50:25+08:00 ] 117.185.27.114 /index.php/Qt/Login/dl.html
INFO: [ app_init ] --START--
INFO: Run Behavior\BuildLiteBehavior [ RunTime:0.000024s ]
INFO: [ app_init ] --END-- [ RunTime:0.000449s ]

[ 2017-06-07T22:50:26+08:00 ] 101.226.33.206 /index.php/Qt/Goods/sc.html
INFO: [ app_init ] --START--
INFO: Run Behavior\BuildLiteBehavior [ RunTime:0.000024s ]
INFO: [ app_init ] --END-- [ RunTime:0.000704s ]

[ 2017-06-07T22:51:12+08:00 ] 1.189.203.38 /index.php/Qt/WapPay/get_data.html
INFO: [ app_init ] --START--
INFO: Run Behavior\BuildLiteBehavior [ RunTime:0.000028s ]
INFO: [ app_init ] --END-- [ RunTime:0.000731s ]

[ 2017-06-07T22:51:21+08:00 ] 101.226.66.173 /index.php/Qt/WapPay/get_data.html
INFO: [ app_init ] --START--
INFO: Run Behavior\BuildLiteBehavior [ RunTime:0.000024s ]
INFO: [ app_init ] --END-- [ RunTime:0.000502s ]

[ 2017-06-07T22:51:21+08:00 ] 1.189.203.38 /index.php/Qt/WapPay/index.html
INFO: [ app_init ] --START--
INFO: Run Behavior\BuildLiteBehavior [ RunTime:0.000024s ]
INFO: [ app_init ] --END-- [ RunTime:0.000698s ]

[ 2017-06-07T22:51:24+08:00 ] 1.189.203.38 /index.php/Qt/WapPay/get_data.html
INFO: [ app_init ] --START--
INFO: Run Behavior\BuildLiteBehavior [ RunTime:0.000027s ]
INFO: [ app_init ] --END-- [ RunTime:0.000727s ]

[ 2017-06-07T22:51:31+08:00 ] 101.226.33.223 /index.php/Qt/WapPay/index.html
INFO: [ app_init ] --START--
INFO: Run Behavior\BuildLiteBehavior [ RunTime:0.000025s ]
INFO: [ app_init ] --END-- [ RunTime:0.000541s ]

[ 2017-06-07T22:54:09+08:00 ] 1.189.203.38 /index.php/Qt/WapPay/get_data.html
INFO: [ app_init ] --START--
INFO: Run Behavior\BuildLiteBehavior [ RunTime:0.000027s ]
INFO: [ app_init ] --END-- [ RunTime:0.000570s ]

[ 2017-06-07T22:54:16+08:00 ] 1.189.203.38 /index.php/Qt/WapPay/index
INFO: [ app_init ] --START--
INFO: Run Behavior\BuildLiteBehavior [ RunTime:0.000028s ]
INFO: [ app_init ] --END-- [ RunTime:0.000573s ]

[ 2017-06-07T22:54:45+08:00 ] 1.189.203.38 /index.php/Qt/WapPay/index
INFO: [ app_init ] --START--
INFO: Run Behavior\BuildLiteBehavior [ RunTime:0.000032s ]
INFO: [ app_init ] --END-- [ RunTime:0.000566s ]

[ 2017-06-07T22:54:47+08:00 ] 1.189.203.38 /index.php/Qt/WapPay/get_data.html
INFO: [ app_init ] --START--
INFO: Run Behavior\BuildLiteBehavior [ RunTime:0.000029s ]
INFO: [ app_init ] --END-- [ RunTime:0.000506s ]

[ 2017-06-07T22:54:53+08:00 ] 113.108.67.24 /index.php/Qt/WapPay/index
INFO: [ app_init ] --START--
INFO: Run Behavior\BuildLiteBehavior [ RunTime:0.000028s ]
INFO: [ app_init ] --END-- [ RunTime:0.000706s ]

[ 2017-06-07T22:54:53+08:00 ] 183.57.53.196 /index.php/Qt/WapPay/index
INFO: [ app_init ] --START--
INFO: Run Behavior\BuildLiteBehavior [ RunTime:0.000028s ]
INFO: [ app_init ] --END-- [ RunTime:0.000565s ]

[ 2017-06-07T22:55:31+08:00 ] 1.189.203.38 /index.php/Qt/WapPay/get_data.html
INFO: [ app_init ] --START--
INFO: Run Behavior\BuildLiteBehavior [ RunTime:0.000025s ]
INFO: [ app_init ] --END-- [ RunTime:0.000464s ]

[ 2017-06-07T22:56:47+08:00 ] 1.189.203.38 /index.php/Qt/WapPay/index.html
INFO: [ app_init ] --START--
INFO: Run Behavior\BuildLiteBehavior [ RunTime:0.000024s ]
INFO: [ app_init ] --END-- [ RunTime:0.000589s ]

[ 2017-06-07T22:57:37+08:00 ] 1.189.203.38 /index.php/Qt/WapPay/get_data.html
INFO: [ app_init ] --START--
INFO: Run Behavior\BuildLiteBehavior [ RunTime:0.000028s ]
INFO: [ app_init ] --END-- [ RunTime:0.000558s ]

[ 2017-06-07T22:59:21+08:00 ] 1.189.203.38 /index.php/Qt/WapPay/get_data.html
INFO: [ app_init ] --START--
INFO: Run Behavior\BuildLiteBehavior [ RunTime:0.000024s ]
INFO: [ app_init ] --END-- [ RunTime:0.000506s ]

[ 2017-06-07T23:01:03+08:00 ] 1.189.203.38 /index.php/Qt/WapPay/get_data.html
INFO: [ app_init ] --START--
INFO: Run Behavior\BuildLiteBehavior [ RunTime:0.000028s ]
INFO: [ app_init ] --END-- [ RunTime:0.000851s ]

[ 2017-06-07T23:02:33+08:00 ] 101.226.61.207 /index.php/Qt/WapPay/index
INFO: [ app_init ] --START--
INFO: Run Behavior\BuildLiteBehavior [ RunTime:0.000025s ]
INFO: [ app_init ] --END-- [ RunTime:0.000516s ]

[ 2017-06-07T23:19:41+08:00 ] 1.189.203.38 /index.php/Qt/WapPay/get_data.html
INFO: [ app_init ] --START--
INFO: Run Behavior\BuildLiteBehavior [ RunTime:0.000026s ]
INFO: [ app_init ] --END-- [ RunTime:0.000648s ]

[ 2017-06-07T23:19:43+08:00 ] 1.189.203.38 /index.php/Qt/WapPay/get_data.html
INFO: [ app_init ] --START--
INFO: Run Behavior\BuildLiteBehavior [ RunTime:0.000027s ]
INFO: [ app_init ] --END-- [ RunTime:0.000570s ]

[ 2017-06-07T23:19:46+08:00 ] 1.189.203.38 /index.php/Qt/WapPay/get_data.html
INFO: [ app_init ] --START--
INFO: Run Behavior\BuildLiteBehavior [ RunTime:0.000024s ]
INFO: [ app_init ] --END-- [ RunTime:0.000551s ]

[ 2017-06-07T23:19:48+08:00 ] 1.189.203.38 /index.php/Qt/WapPay/get_data.html
INFO: [ app_init ] --START--
INFO: Run Behavior\BuildLiteBehavior [ RunTime:0.000025s ]
INFO: [ app_init ] --END-- [ RunTime:0.000545s ]

[ 2017-06-07T23:19:50+08:00 ] 1.189.203.38 /index.php/Qt/WapPay/get_data.html
INFO: [ app_init ] --START--
INFO: Run Behavior\BuildLiteBehavior [ RunTime:0.000031s ]
INFO: [ app_init ] --END-- [ RunTime:0.000615s ]

[ 2017-06-07T23:19:51+08:00 ] 1.189.203.38 /index.php/Qt/WapPay/get_data.html
INFO: [ app_init ] --START--
INFO: Run Behavior\BuildLiteBehavior [ RunTime:0.000027s ]
INFO: [ app_init ] --END-- [ RunTime:0.000694s ]

[ 2017-06-07T23:19:53+08:00 ] 1.189.203.38 /index.php/Qt/WapPay/get_data.html
INFO: [ app_init ] --START--
INFO: Run Behavior\BuildLiteBehavior [ RunTime:0.000026s ]
INFO: [ app_init ] --END-- [ RunTime:0.000561s ]

[ 2017-06-07T23:20:17+08:00 ] 1.189.203.38 /index.php/Qt/WapPay/index
INFO: [ app_init ] --START--
INFO: Run Behavior\BuildLiteBehavior [ RunTime:0.000026s ]
INFO: [ app_init ] --END-- [ RunTime:0.000507s ]

[ 2017-06-07T23:20:25+08:00 ] 1.189.203.38 /index.php/Qt/WapPay/get_data.html?WIDout_trade_no=sf+sd&WIDsubject=sdf+sd&WIDtotal_amount=0.01&WIDbody=sdf+sd+ds
INFO: [ app_init ] --START--
INFO: Run Behavior\BuildLiteBehavior [ RunTime:0.000025s ]
INFO: [ app_init ] --END-- [ RunTime:0.000502s ]

[ 2017-06-07T23:20:34+08:00 ] 101.226.33.237 /index.php/Qt/WapPay/get_data.html?WIDout_trade_no=sf+sd&WIDsubject=sdf+sd&WIDtotal_amount=0.01&WIDbody=sdf+sd+ds
INFO: [ app_init ] --START--
INFO: Run Behavior\BuildLiteBehavior [ RunTime:0.000025s ]
INFO: [ app_init ] --END-- [ RunTime:0.000569s ]

[ 2017-06-07T23:21:58+08:00 ] 1.189.203.38 /index.php/Qt/WapPay/index
INFO: [ app_init ] --START--
INFO: Run Behavior\BuildLiteBehavior [ RunTime:0.000025s ]
INFO: [ app_init ] --END-- [ RunTime:0.000467s ]

[ 2017-06-07T23:22:09+08:00 ] 1.189.203.38 /index.php/Qt/WapPay/get_data.html?WIDout_trade_no=4563465&WIDsubject=gfdgfd&WIDtotal_amount=0.01&WIDbody=vfdv+dvf+d
INFO: [ app_init ] --START--
INFO: Run Behavior\BuildLiteBehavior [ RunTime:0.000029s ]
INFO: [ app_init ] --END-- [ RunTime:0.000487s ]

[ 2017-06-07T23:22:18+08:00 ] 140.207.185.112 /index.php/Qt/WapPay/get_data.html?WIDout_trade_no=4563465&WIDsubject=gfdgfd&WIDtotal_amount=0.01&WIDbody=vfdv+dvf+d
INFO: [ app_init ] --START--
INFO: Run Behavior\BuildLiteBehavior [ RunTime:0.000023s ]
INFO: [ app_init ] --END-- [ RunTime:0.000435s ]

