[ 2017-05-09T08:14:53+08:00 ] ::1 /yy/index.php/Qt/Login/sendsms.html
INFO: [ app_begin ] --START--
INFO: Run Behavior\ReadHtmlCacheBehavior [ RunTime:0.000000s ]
INFO: [ app_begin ] --END-- [ RunTime:0.001000s ]
NOTIC: [8] Undefined variable: mobile D:\WWW\yy\Ds\Qt\Controller\LoginController.class.php 第 115 行.
ERR: SQLSTATE[28000] [1045] Access denied for user 'root'@'localhost' (using password: YES)

[ 2017-05-09T08:18:13+08:00 ] ::1 /yy/index.php/Qt/Login/sendsms.html
INFO: [ app_begin ] --START--
INFO: Run Behavior\ReadHtmlCacheBehavior [ RunTime:0.001000s ]
INFO: [ app_begin ] --END-- [ RunTime:0.001000s ]
NOTIC: [8] Undefined variable: mobile D:\WWW\yy\Ds\Qt\Controller\LoginController.class.php 第 115 行.
ERR: SQLSTATE[28000] [1045] Access denied for user 'root'@'localhost' (using password: YES)

[ 2017-05-09T08:18:17+08:00 ] ::1 /yy/index.php/Qt/Login/zc
ERR: SQLSTATE[28000] [1045] Access denied for user 'root'@'localhost' (using password: YES)

[ 2017-05-09T08:19:39+08:00 ] ::1 /yy/index.php/Qt/Login/sendsms.html
INFO: [ app_begin ] --START--
INFO: Run Behavior\ReadHtmlCacheBehavior [ RunTime:0.001000s ]
INFO: [ app_begin ] --END-- [ RunTime:0.001000s ]
NOTIC: [8] Undefined variable: mobile D:\WWW\yy\Ds\Qt\Controller\LoginController.class.php 第 115 行.
ERR: SQLSTATE[42S02]: Base table or view not found: 1146 Table 'yy.db_sms' doesn't exist

[ 2017-05-09T08:48:03+08:00 ] ::1 /yy/index.php/Qt/Login/sendsms.html
INFO: [ app_begin ] --START--
INFO: Run Behavior\ReadHtmlCacheBehavior [ RunTime:0.000000s ]
INFO: [ app_begin ] --END-- [ RunTime:0.001000s ]
NOTIC: [8] Undefined variable: mobile D:\WWW\yy\Ds\Qt\Controller\LoginController.class.php 第 115 行.
ERR: SQLSTATE[42S02]: Base table or view not found: 1146 Table 'yy.db_sms' doesn't exist

[ 2017-05-09T08:58:37+08:00 ] ::1 /yy/index.php/Qt/Login/sendsms.html
INFO: [ app_begin ] --START--
INFO: Run Behavior\ReadHtmlCacheBehavior [ RunTime:0.001000s ]
INFO: [ app_begin ] --END-- [ RunTime:0.001000s ]
NOTIC: [8] Undefined variable: mobile D:\WWW\yy\Ds\Qt\Controller\LoginController.class.php 第 115 行.
ERR: SQLSTATE[42S02]: Base table or view not found: 1146 Table 'yy.db_sms' doesn't exist

[ 2017-05-09T09:02:15+08:00 ] ::1 /yy/index.php/Qt/Login/sendsms.html
INFO: [ app_begin ] --START--
INFO: Run Behavior\ReadHtmlCacheBehavior [ RunTime:0.001000s ]
INFO: [ app_begin ] --END-- [ RunTime:0.002001s ]

[ 2017-05-09T10:27:46+08:00 ] ::1 /yy/index.php/Qt/Login/%7B:U('Qt/Login/regSms')%7D
INFO: [ app_begin ] --START--
INFO: Run Behavior\ReadHtmlCacheBehavior [ RunTime:0.001000s ]
INFO: [ app_begin ] --END-- [ RunTime:0.012001s ]
ERR: 非法操作:{:U('Qt

[ 2017-05-09T10:28:09+08:00 ] ::1 /yy/index.php/Qt/Login/%7B:U('Qt/Login/regSms')%7D
INFO: [ app_begin ] --START--
INFO: Run Behavior\ReadHtmlCacheBehavior [ RunTime:0.001000s ]
INFO: [ app_begin ] --END-- [ RunTime:0.001000s ]
ERR: 非法操作:{:U('Qt

[ 2017-05-09T10:36:19+08:00 ] ::1 /yy/index.php/Qt/Login/%7B:U('Qt/Login/regSms')%7D
INFO: [ app_begin ] --START--
INFO: Run Behavior\ReadHtmlCacheBehavior [ RunTime:0.001001s ]
INFO: [ app_begin ] --END-- [ RunTime:0.001001s ]
ERR: 非法操作:{:U('Qt

[ 2017-05-09T10:39:48+08:00 ] ::1 /yy/index.php/Qt/Login/%7B:U('Qt/Login/regSms')%7D
INFO: [ app_begin ] --START--
INFO: Run Behavior\ReadHtmlCacheBehavior [ RunTime:0.001000s ]
INFO: [ app_begin ] --END-- [ RunTime:0.001000s ]
ERR: 非法操作:{:U('Qt

[ 2017-05-09T10:44:03+08:00 ] ::1 /yy/index.php/Qt/Login/%7B:U('Qt/Login/regSms')%7D
INFO: [ app_begin ] --START--
INFO: Run Behavior\ReadHtmlCacheBehavior [ RunTime:0.001000s ]
INFO: [ app_begin ] --END-- [ RunTime:0.001000s ]
ERR: 非法操作:{:U('Qt

[ 2017-05-09T10:45:45+08:00 ] ::1 /yy/index.php/Qt/Login/%7B:U('Qt/Login/regSms')%7D
INFO: [ app_begin ] --START--
INFO: Run Behavior\ReadHtmlCacheBehavior [ RunTime:0.002000s ]
INFO: [ app_begin ] --END-- [ RunTime:0.002000s ]
ERR: 非法操作:{:U('Qt

[ 2017-05-09T11:05:55+08:00 ] ::1 /yy/index.php/Qt/Login/%7B:U('Qt/Login/regSms')%7D
INFO: [ app_begin ] --START--
INFO: Run Behavior\ReadHtmlCacheBehavior [ RunTime:0.000000s ]
INFO: [ app_begin ] --END-- [ RunTime:0.001000s ]
ERR: 非法操作:{:U('Qt

[ 2017-05-09T11:08:48+08:00 ] ::1 /yy/index.php/Qt/Login/%7B:U('Qt/Login/regSms')%7D
INFO: [ app_begin ] --START--
INFO: Run Behavior\ReadHtmlCacheBehavior [ RunTime:0.001000s ]
INFO: [ app_begin ] --END-- [ RunTime:0.001000s ]
ERR: 非法操作:{:U('Qt

[ 2017-05-09T11:09:17+08:00 ] ::1 /yy/index.php/Qt/Login/%7B:U('Qt/Login/regSms')%7D
INFO: [ app_begin ] --START--
INFO: Run Behavior\ReadHtmlCacheBehavior [ RunTime:0.000000s ]
INFO: [ app_begin ] --END-- [ RunTime:0.001000s ]
ERR: 非法操作:{:U('Qt

[ 2017-05-09T11:10:27+08:00 ] ::1 /yy/index.php/Qt/Login/%7B:U('Qt/Login/regSms')%7D
INFO: [ app_begin ] --START--
INFO: Run Behavior\ReadHtmlCacheBehavior [ RunTime:0.000000s ]
INFO: [ app_begin ] --END-- [ RunTime:0.001000s ]
ERR: 非法操作:{:U('Qt

[ 2017-05-09T11:12:23+08:00 ] ::1 /yy/index.php/Qt/Login/%7B:U('Qt/Login/regSms')%7D
INFO: [ app_begin ] --START--
INFO: Run Behavior\ReadHtmlCacheBehavior [ RunTime:0.001000s ]
INFO: [ app_begin ] --END-- [ RunTime:0.001000s ]
ERR: 非法操作:{:U('Qt

[ 2017-05-09T11:16:10+08:00 ] ::1 /yy/index.php/Qt/Login/%7B:U('Qt/Login/regSms')%7D
INFO: [ app_begin ] --START--
INFO: Run Behavior\ReadHtmlCacheBehavior [ RunTime:0.000000s ]
INFO: [ app_begin ] --END-- [ RunTime:0.001000s ]
ERR: 非法操作:{:U('Qt

[ 2017-05-09T11:26:32+08:00 ] ::1 /yy/index.php/Qt/Login/%7B:U('Qt/Login/regSms')%7D
INFO: [ app_begin ] --START--
INFO: Run Behavior\ReadHtmlCacheBehavior [ RunTime:0.002000s ]
INFO: [ app_begin ] --END-- [ RunTime:0.003000s ]
ERR: 非法操作:{:U('Qt

[ 2017-05-09T13:13:47+08:00 ] ::1 /yy/index.php/Qt/Login/%7B:U('Qt/Login/regSms')%7D
INFO: [ app_begin ] --START--
INFO: Run Behavior\ReadHtmlCacheBehavior [ RunTime:0.000000s ]
INFO: [ app_begin ] --END-- [ RunTime:0.001000s ]
ERR: 非法操作:{:U('Qt

[ 2017-05-09T13:15:06+08:00 ] ::1 /yy/index.php/Qt/Login/%7B:U('Qt/Login/regSms')%7D
INFO: [ app_begin ] --START--
INFO: Run Behavior\ReadHtmlCacheBehavior [ RunTime:0.000000s ]
INFO: [ app_begin ] --END-- [ RunTime:0.001000s ]
ERR: 非法操作:{:U('Qt

[ 2017-05-09T13:15:13+08:00 ] ::1 /yy/index.php/Qt/Login/%7B:U('Qt/Login/regSms')%7D
INFO: [ app_begin ] --START--
INFO: Run Behavior\ReadHtmlCacheBehavior [ RunTime:0.001000s ]
INFO: [ app_begin ] --END-- [ RunTime:0.001000s ]
ERR: 非法操作:{:U('Qt

[ 2017-05-09T13:18:29+08:00 ] ::1 /yy/index.php/Qt/Login/%7B:U('Qt/Login/regSms')%7D
INFO: [ app_begin ] --START--
INFO: Run Behavior\ReadHtmlCacheBehavior [ RunTime:0.000000s ]
INFO: [ app_begin ] --END-- [ RunTime:0.001000s ]
ERR: 非法操作:{:U('Qt

[ 2017-05-09T13:26:11+08:00 ] ::1 /yy/index.php/Qt/Login/%7B:U('regSms')%7D
INFO: [ app_begin ] --START--
INFO: Run Behavior\ReadHtmlCacheBehavior [ RunTime:0.000000s ]
INFO: [ app_begin ] --END-- [ RunTime:0.001000s ]
ERR: 非法操作:{:U('regSms')}

[ 2017-05-09T13:31:50+08:00 ] ::1 /yy/index.php/Qt/Login/regSms.html
INFO: [ app_begin ] --START--
INFO: Run Behavior\ReadHtmlCacheBehavior [ RunTime:0.001000s ]
INFO: [ app_begin ] --END-- [ RunTime:0.002000s ]
SQL: SHOW COLUMNS FROM `db_vip` [ RunTime:0.0050s ]
SQL: SELECT `vid` FROM `db_vip` WHERE `mobile` = '' LIMIT 1   [ RunTime:0.0630s ]

[ 2017-05-09T13:34:16+08:00 ] ::1 /yy/index.php/Qt/Login/regSms.html
INFO: [ app_begin ] --START--
INFO: Run Behavior\ReadHtmlCacheBehavior [ RunTime:0.001000s ]
INFO: [ app_begin ] --END-- [ RunTime:0.001000s ]
SQL: SHOW COLUMNS FROM `db_vip` [ RunTime:0.0090s ]
SQL: SELECT `vid` FROM `db_vip` WHERE `mobile` = '' LIMIT 1   [ RunTime:0.0010s ]

[ 2017-05-09T13:34:58+08:00 ] ::1 /yy/index.php/Qt/Login/regSms.html
INFO: [ app_begin ] --START--
INFO: Run Behavior\ReadHtmlCacheBehavior [ RunTime:0.001000s ]
INFO: [ app_begin ] --END-- [ RunTime:0.002000s ]

[ 2017-05-09T13:35:57+08:00 ] ::1 /yy/index.php/Qt/Login/regSms.html
INFO: [ app_begin ] --START--
INFO: Run Behavior\ReadHtmlCacheBehavior [ RunTime:0.001000s ]
INFO: [ app_begin ] --END-- [ RunTime:0.002000s ]

[ 2017-05-09T13:37:14+08:00 ] ::1 /yy/index.php/Qt/Login/regSms.html
INFO: [ app_begin ] --START--
INFO: Run Behavior\ReadHtmlCacheBehavior [ RunTime:0.001000s ]
INFO: [ app_begin ] --END-- [ RunTime:0.001000s ]

[ 2017-05-09T13:38:20+08:00 ] ::1 /yy/index.php/Qt/Login/regSms.html
INFO: [ app_begin ] --START--
INFO: Run Behavior\ReadHtmlCacheBehavior [ RunTime:0.001000s ]
INFO: [ app_begin ] --END-- [ RunTime:0.001000s ]

[ 2017-05-09T13:39:36+08:00 ] ::1 /yy/index.php/Qt/Login/regSms.html
INFO: [ app_begin ] --START--
INFO: Run Behavior\ReadHtmlCacheBehavior [ RunTime:0.001000s ]
INFO: [ app_begin ] --END-- [ RunTime:0.001000s ]

[ 2017-05-09T13:40:32+08:00 ] ::1 /yy/index.php/Qt/Login/regSms.html
INFO: [ app_begin ] --START--
INFO: Run Behavior\ReadHtmlCacheBehavior [ RunTime:0.001000s ]
INFO: [ app_begin ] --END-- [ RunTime:0.001000s ]

[ 2017-05-09T13:41:30+08:00 ] ::1 /yy/index.php/Qt/Login/regSms.html
INFO: [ app_begin ] --START--
INFO: Run Behavior\ReadHtmlCacheBehavior [ RunTime:0.000000s ]
INFO: [ app_begin ] --END-- [ RunTime:0.002000s ]

[ 2017-05-09T13:42:20+08:00 ] ::1 /yy/index.php/Qt/Login/regSms.html
INFO: [ app_begin ] --START--
INFO: Run Behavior\ReadHtmlCacheBehavior [ RunTime:0.001000s ]
INFO: [ app_begin ] --END-- [ RunTime:0.001000s ]
SQL: SHOW COLUMNS FROM `db_vip` [ RunTime:0.0060s ]
SQL: SELECT `vid` FROM `db_vip` WHERE `mobile` = '18612336366' LIMIT 1   [ RunTime:0.0010s ]

[ 2017-05-09T13:42:43+08:00 ] ::1 /yy/index.php/Qt/Login/regSms.html
INFO: [ app_begin ] --START--
INFO: Run Behavior\ReadHtmlCacheBehavior [ RunTime:0.000000s ]
INFO: [ app_begin ] --END-- [ RunTime:0.002000s ]
SQL: SHOW COLUMNS FROM `db_vip` [ RunTime:0.0100s ]
SQL: SELECT `vid` FROM `db_vip` WHERE `mobile` = '18612336366' LIMIT 1   [ RunTime:0.0010s ]

[ 2017-05-09T13:43:32+08:00 ] ::1 /yy/index.php/Qt/Login/regSms.html
INFO: [ app_begin ] --START--
INFO: Run Behavior\ReadHtmlCacheBehavior [ RunTime:0.001000s ]
INFO: [ app_begin ] --END-- [ RunTime:0.001000s ]
SQL: SHOW COLUMNS FROM `db_vip` [ RunTime:0.0050s ]
SQL: SELECT `vid` FROM `db_vip` WHERE `mobile` = '18612336366' LIMIT 1   [ RunTime:0.0010s ]

[ 2017-05-09T13:48:55+08:00 ] ::1 /yy/index.php/Qt/Login/regSms.html
INFO: [ app_begin ] --START--
INFO: Run Behavior\ReadHtmlCacheBehavior [ RunTime:0.001000s ]
INFO: [ app_begin ] --END-- [ RunTime:0.002000s ]
SQL: SHOW COLUMNS FROM `db_vip` [ RunTime:0.0060s ]
SQL: SELECT `vid` FROM `db_vip` WHERE `mobile` = '18612336366' LIMIT 1   [ RunTime:0.0010s ]

[ 2017-05-09T14:02:20+08:00 ] ::1 /yy/index.php/Qt/Login/regSms.html
INFO: [ app_begin ] --START--
INFO: Run Behavior\ReadHtmlCacheBehavior [ RunTime:0.001000s ]
INFO: [ app_begin ] --END-- [ RunTime:0.001000s ]
SQL: SHOW COLUMNS FROM `db_vip` [ RunTime:0.0090s ]
SQL: SELECT `vid` FROM `db_vip` WHERE `mobile` = '18612336366' LIMIT 1   [ RunTime:0.0000s ]

[ 2017-05-09T14:02:31+08:00 ] ::1 /yy/index.php/Qt/Login/regSms.html
INFO: [ app_begin ] --START--
INFO: Run Behavior\ReadHtmlCacheBehavior [ RunTime:0.001000s ]
INFO: [ app_begin ] --END-- [ RunTime:0.001000s ]
SQL: SHOW COLUMNS FROM `db_vip` [ RunTime:0.0050s ]
SQL: SELECT `vid` FROM `db_vip` WHERE `mobile` = '18612336366' LIMIT 1   [ RunTime:0.0010s ]

[ 2017-05-09T14:03:09+08:00 ] ::1 /yy/index.php/Qt/Login/regSms.html
INFO: [ app_begin ] --START--
INFO: Run Behavior\ReadHtmlCacheBehavior [ RunTime:0.001000s ]
INFO: [ app_begin ] --END-- [ RunTime:0.001000s ]
SQL: SHOW COLUMNS FROM `db_vip` [ RunTime:0.0100s ]
SQL: SELECT `vid` FROM `db_vip` WHERE `mobile` = '18612336366' LIMIT 1   [ RunTime:0.0010s ]

[ 2017-05-09T14:04:17+08:00 ] ::1 /yy/index.php/Qt/Login/regSms.html
INFO: [ app_begin ] --START--
INFO: Run Behavior\ReadHtmlCacheBehavior [ RunTime:0.001000s ]
INFO: [ app_begin ] --END-- [ RunTime:0.001000s ]

[ 2017-05-09T14:04:46+08:00 ] ::1 /yy/index.php/Qt/Login/regSms.html
INFO: [ app_begin ] --START--
INFO: Run Behavior\ReadHtmlCacheBehavior [ RunTime:0.001000s ]
INFO: [ app_begin ] --END-- [ RunTime:0.002000s ]

[ 2017-05-09T14:05:10+08:00 ] ::1 /yy/index.php/Qt/Login/regSms.html
INFO: [ app_begin ] --START--
INFO: Run Behavior\ReadHtmlCacheBehavior [ RunTime:0.001000s ]
INFO: [ app_begin ] --END-- [ RunTime:0.001000s ]

[ 2017-05-09T14:06:30+08:00 ] ::1 /yy/index.php/Qt/Login/regSms.html
INFO: [ app_begin ] --START--
INFO: Run Behavior\ReadHtmlCacheBehavior [ RunTime:0.001000s ]
INFO: [ app_begin ] --END-- [ RunTime:0.001000s ]
NOTIC: [8] Undefined index: code D:\WWW\yy\Ds\Qt\Controller\LoginController.class.php 第 70 行.
SQL: SHOW COLUMNS FROM `db_vip` [ RunTime:0.0070s ]
SQL: SELECT `vid` FROM `db_vip` WHERE `mobile` = '18612336366code={:rand(100000,999999)}' LIMIT 1   [ RunTime:0.0010s ]

[ 2017-05-09T14:10:57+08:00 ] ::1 /yy/index.php/Qt/Login/regSms.html
INFO: [ app_begin ] --START--
INFO: Run Behavior\ReadHtmlCacheBehavior [ RunTime:0.001000s ]
INFO: [ app_begin ] --END-- [ RunTime:0.001000s ]
NOTIC: [8] Undefined index: code D:\WWW\yy\Ds\Qt\Controller\LoginController.class.php 第 70 行.
SQL: SHOW COLUMNS FROM `db_vip` [ RunTime:0.0090s ]
SQL: SELECT `vid` FROM `db_vip` WHERE `mobile` = '18612336366code={:mt_rand(50,100)}' LIMIT 1   [ RunTime:0.0010s ]

[ 2017-05-09T14:12:01+08:00 ] ::1 /yy/index.php/Qt/Login/regSms.html
INFO: [ app_begin ] --START--
INFO: Run Behavior\ReadHtmlCacheBehavior [ RunTime:0.001000s ]
INFO: [ app_begin ] --END-- [ RunTime:0.001000s ]
SQL: SHOW COLUMNS FROM `db_vip` [ RunTime:0.0050s ]
SQL: SELECT `vid` FROM `db_vip` WHERE `mobile` = '18612336366code={:mt_rand(50,100)}' LIMIT 1   [ RunTime:0.0000s ]

[ 2017-05-09T14:12:48+08:00 ] ::1 /yy/index.php/Qt/Login/regSms.html
INFO: [ app_begin ] --START--
INFO: Run Behavior\ReadHtmlCacheBehavior [ RunTime:0.001000s ]
INFO: [ app_begin ] --END-- [ RunTime:0.002000s ]
SQL: SHOW COLUMNS FROM `db_vip` [ RunTime:0.0050s ]
SQL: SELECT `vid` FROM `db_vip` WHERE `mobile` = '18612336366code=67' LIMIT 1   [ RunTime:0.0010s ]

[ 2017-05-09T14:13:19+08:00 ] ::1 /yy/index.php/Qt/Login/regSms.html
INFO: [ app_begin ] --START--
INFO: Run Behavior\ReadHtmlCacheBehavior [ RunTime:0.001000s ]
INFO: [ app_begin ] --END-- [ RunTime:0.001000s ]
NOTIC: [8] Undefined index: code D:\WWW\yy\Ds\Qt\Controller\LoginController.class.php 第 70 行.
SQL: SHOW COLUMNS FROM `db_vip` [ RunTime:0.0050s ]
SQL: SELECT `vid` FROM `db_vip` WHERE `mobile` = '18612336366code=72' LIMIT 1   [ RunTime:0.0010s ]

[ 2017-05-09T14:13:47+08:00 ] ::1 /yy/index.php/Qt/Login/regSms.html
INFO: [ app_begin ] --START--
INFO: Run Behavior\ReadHtmlCacheBehavior [ RunTime:0.000000s ]
INFO: [ app_begin ] --END-- [ RunTime:0.001000s ]
NOTIC: [8] Undefined index: code D:\WWW\yy\Ds\Qt\Controller\LoginController.class.php 第 70 行.
SQL: SHOW COLUMNS FROM `db_vip` [ RunTime:0.0040s ]
SQL: SELECT `vid` FROM `db_vip` WHERE `mobile` = '18612336366code=917327' LIMIT 1   [ RunTime:0.0010s ]

[ 2017-05-09T14:17:03+08:00 ] ::1 /yy/index.php/Qt/Login/regSms.html
INFO: [ app_begin ] --START--
INFO: Run Behavior\ReadHtmlCacheBehavior [ RunTime:0.001000s ]
INFO: [ app_begin ] --END-- [ RunTime:0.001000s ]
NOTIC: [8] Undefined index: code D:\WWW\yy\Ds\Qt\Controller\LoginController.class.php 第 70 行.
SQL: SHOW COLUMNS FROM `db_vip` [ RunTime:0.0050s ]
SQL: SELECT `vid` FROM `db_vip` WHERE `mobile` = '18612336366code=230929' LIMIT 1   [ RunTime:0.0000s ]

[ 2017-05-09T14:21:22+08:00 ] ::1 /yy/index.php/Qt/Login/regSms.html
INFO: [ app_begin ] --START--
INFO: Run Behavior\ReadHtmlCacheBehavior [ RunTime:0.000000s ]
INFO: [ app_begin ] --END-- [ RunTime:0.001000s ]
NOTIC: [8] Undefined index: code D:\WWW\yy\Ds\Qt\Controller\LoginController.class.php 第 70 行.
SQL: SHOW COLUMNS FROM `db_vip` [ RunTime:0.0060s ]
SQL: SELECT `vid` FROM `db_vip` WHERE `mobile` = '18612336366code=211950' LIMIT 1   [ RunTime:0.0010s ]

[ 2017-05-09T14:22:02+08:00 ] ::1 /yy/index.php/Qt/Login/regSms.html
INFO: [ app_begin ] --START--
INFO: Run Behavior\ReadHtmlCacheBehavior [ RunTime:0.001001s ]
INFO: [ app_begin ] --END-- [ RunTime:0.001001s ]
NOTIC: [8] Undefined index: code D:\WWW\yy\Ds\Qt\Controller\LoginController.class.php 第 70 行.
SQL: SHOW COLUMNS FROM `db_vip` [ RunTime:0.0070s ]
SQL: SELECT `vid` FROM `db_vip` WHERE `mobile` = '18612336366code=211950' LIMIT 1   [ RunTime:0.0010s ]

[ 2017-05-09T14:22:30+08:00 ] ::1 /yy/index.php/Qt/Login/regSms.html
INFO: [ app_begin ] --START--
INFO: Run Behavior\ReadHtmlCacheBehavior [ RunTime:0.000000s ]
INFO: [ app_begin ] --END-- [ RunTime:0.000000s ]
NOTIC: [8] Undefined index: code D:\WWW\yy\Ds\Qt\Controller\LoginController.class.php 第 70 行.
SQL: SHOW COLUMNS FROM `db_vip` [ RunTime:0.0100s ]
SQL: SELECT `vid` FROM `db_vip` WHERE `mobile` = '18612336366code=772940' LIMIT 1   [ RunTime:0.0010s ]

[ 2017-05-09T14:31:44+08:00 ] ::1 /yy/index.php/Qt/Login/regSms.html
INFO: [ app_begin ] --START--
INFO: Run Behavior\ReadHtmlCacheBehavior [ RunTime:0.001000s ]
INFO: [ app_begin ] --END-- [ RunTime:0.002000s ]
NOTIC: [8] Undefined index: code D:\WWW\yy\Ds\Qt\Controller\LoginController.class.php 第 70 行.
SQL: SHOW COLUMNS FROM `db_vip` [ RunTime:0.0040s ]
SQL: SELECT `vid` FROM `db_vip` WHERE `mobile` = '18612336366code=359826' LIMIT 1   [ RunTime:0.0000s ]
NOTIC: [8] Undefined variable: res D:\WWW\yy\Ds\Qt\Controller\LoginController.class.php 第 78 行.

[ 2017-05-09T14:39:07+08:00 ] ::1 /yy/index.php/Qt/Login/regSms.html
INFO: [ app_begin ] --START--
INFO: Run Behavior\ReadHtmlCacheBehavior [ RunTime:0.001000s ]
INFO: [ app_begin ] --END-- [ RunTime:0.002000s ]
NOTIC: [8] Undefined index: code D:\WWW\yy\Ds\Qt\Controller\LoginController.class.php 第 70 行.
SQL: SHOW COLUMNS FROM `db_vip` [ RunTime:0.0100s ]
SQL: SELECT `vid` FROM `db_vip` WHERE `mobile` = '18612336366code=578921' LIMIT 1   [ RunTime:0.0620s ]
SQL: SHOW COLUMNS FROM `db_vip` [ RunTime:0.0070s ]

[ 2017-05-09T14:41:22+08:00 ] ::1 /yy/index.php/Qt/Login/regSms.html
INFO: [ app_begin ] --START--
INFO: Run Behavior\ReadHtmlCacheBehavior [ RunTime:0.001000s ]
INFO: [ app_begin ] --END-- [ RunTime:0.001000s ]
SQL: SHOW COLUMNS FROM `db_vip` [ RunTime:0.0070s ]
SQL: SELECT `vid` FROM `db_vip` WHERE `mobile` = '18612336366' LIMIT 1   [ RunTime:0.0000s ]
SQL: SHOW COLUMNS FROM `db_vip` [ RunTime:0.0070s ]

[ 2017-05-09T15:25:49+08:00 ] ::1 /yy/index.php/Qt/User/sfrz
ERR: Think\Model:depadd方法不存在！

[ 2017-05-09T15:46:39+08:00 ] ::1 /yy/index.php/Qt/user/wxlogin.html
ERR: 非法操作:wxlogin

[ 2017-05-09T15:47:57+08:00 ] ::1 /yy/index.php/Qt/Login/wxlogin.html
ERR: Think\Controller:loginReferer方法不存在！

[ 2017-05-09T16:17:45+08:00 ] ::1 /yy/index.php/Qt/Login/wxlogin.html
ERR: Think\Controller:loginReferer方法不存在！

