[ 2017-04-25T09:23:08+08:00 ] ::1 /yy/index.php/Qt/
ERR: 无法加载控制器:Index

[ 2017-04-25T09:37:32+08:00 ] ::1 /yy/index.php/Qt/
ERR: 无法加载控制器:Index

[ 2017-04-25T09:37:34+08:00 ] ::1 /yy/index.php/Qt/
ERR: 无法加载控制器:Index

[ 2017-04-25T09:37:49+08:00 ] ::1 /yy/index.php/Qt/Index
ERR: 无法加载控制器:Index

[ 2017-04-25T09:38:15+08:00 ] ::1 /yy/index.php/Qt/css/css.css
ERR: 无法加载控制器:Css

[ 2017-04-25T09:38:15+08:00 ] ::1 /yy/index.php/Qt/js/jquery-1.8.3.min.js
ERR: 无法加载控制器:Js

[ 2017-04-25T09:38:16+08:00 ] ::1 /yy/index.php/Qt/mc.html
ERR: 无法加载控制器:Mc

[ 2017-04-25T09:38:16+08:00 ] ::1 /yy/index.php/Qt/sc.html
ERR: 无法加载控制器:Sc

[ 2017-04-25T09:38:16+08:00 ] ::1 /yy/index.php/Qt/mic/mie.mp3
ERR: 无法加载控制器:Mic

[ 2017-04-25T09:38:16+08:00 ] ::1 /yy/index.php/Qt/mr.html
ERR: 无法加载控制器:Mr

[ 2017-04-25T09:40:49+08:00 ] ::1 /yy/index.php/Qt/sc.html
ERR: 无法加载控制器:Sc

[ 2017-04-25T09:40:49+08:00 ] ::1 /yy/index.php/Qt/mr.html
ERR: 无法加载控制器:Mr

[ 2017-04-25T09:40:49+08:00 ] ::1 /yy/index.php/Qt/mc.html
ERR: 无法加载控制器:Mc

[ 2017-04-25T09:54:13+08:00 ] ::1 /yy/index.php/Qt/sc.html
ERR: 无法加载控制器:Sc

[ 2017-04-25T09:54:13+08:00 ] ::1 /yy/index.php/Qt/mr.html
ERR: 无法加载控制器:Mr

[ 2017-04-25T09:54:13+08:00 ] ::1 /yy/index.php/Qt/mc.html
ERR: 模板不存在:./Ds/Qt/View/Mc/index.html

[ 2017-04-25T10:06:05+08:00 ] ::1 /yy/index.php/Qt/mr.html
ERR: 无法加载控制器:Mr

[ 2017-04-25T10:06:05+08:00 ] ::1 /yy/index.php/Qt/sc.html
ERR: 无法加载控制器:Sc

[ 2017-04-25T10:06:05+08:00 ] ::1 /yy/index.php/Qt/mc.html
ERR: 模板不存在:./Ds/Qt/View/Mc/index.html

[ 2017-04-25T10:06:43+08:00 ] ::1 /yy/index.php/Qt/Index/mc.html
ERR: 非法操作:mc

[ 2017-04-25T10:06:43+08:00 ] ::1 /yy/index.php/Qt/Index/sc.html
ERR: 非法操作:sc

[ 2017-04-25T10:06:43+08:00 ] ::1 /yy/index.php/Qt/Index/mr.html
ERR: 非法操作:mr

[ 2017-04-25T10:08:04+08:00 ] ::1 /yy/index.php/Qt/Index/mc.html
ERR: 非法操作:mc

[ 2017-04-25T10:08:04+08:00 ] ::1 /yy/index.php/Qt/Index/sc.html
ERR: 非法操作:sc

[ 2017-04-25T10:08:09+08:00 ] ::1 /yy/index.php/Qt/Index/mr.html
ERR: 非法操作:mr

[ 2017-04-25T10:36:51+08:00 ] ::1 /yy/index.php/Qt/Index/mc.html
ERR: 非法操作:mc

[ 2017-04-25T10:36:51+08:00 ] ::1 /yy/index.php/Qt/Index/mr.html
ERR: 非法操作:mr

[ 2017-04-25T10:36:51+08:00 ] ::1 /yy/index.php/Qt/Index/sc.html
ERR: 非法操作:sc

[ 2017-04-25T10:38:32+08:00 ] ::1 /yy/index.php/Qt/Index/mr.html
ERR: 非法操作:mr

[ 2017-04-25T10:38:32+08:00 ] ::1 /yy/index.php/Qt/Index/sc.html
ERR: 非法操作:sc

[ 2017-04-25T10:38:32+08:00 ] ::1 /yy/index.php/Qt/Index/mc.html
ERR: 非法操作:mc

[ 2017-04-25T10:40:06+08:00 ] ::1 /yy/index.php/Qt/Index/mc.html
ERR: 非法操作:mc

[ 2017-04-25T10:40:06+08:00 ] ::1 /yy/index.php/Qt/Index/sc.html
ERR: 非法操作:sc

[ 2017-04-25T10:40:06+08:00 ] ::1 /yy/index.php/Qt/Index/mr.html
ERR: 非法操作:mr

[ 2017-04-25T10:44:06+08:00 ] ::1 /yy/index.php/Qt/Index/yl2.html
ERR: 非法操作:yl2

[ 2017-04-25T10:44:14+08:00 ] ::1 /yy/index.php/Qt/Index/mr.html
ERR: 非法操作:mr

[ 2017-04-25T11:19:43+08:00 ] ::1 /yy/index.php/Qt/mc.html
ERR: 非法操作:index

[ 2017-04-25T11:19:43+08:00 ] ::1 /yy/index.php/Qt/sc.html
ERR: 无法加载控制器:Sc

[ 2017-04-25T11:19:48+08:00 ] ::1 /yy/index.php/Qt/mr.html
ERR: 非法操作:index

[ 2017-04-25T11:19:48+08:00 ] ::1 /yy/index.php/Qt/Index/sc.html
ERR: 非法操作:sc

[ 2017-04-25T11:19:48+08:00 ] ::1 /yy/index.php/Qt/Index/mc.html
ERR: 非法操作:mc

[ 2017-04-25T11:19:48+08:00 ] ::1 /yy/index.php/Qt/Index/mr.html
ERR: 非法操作:mr

[ 2017-04-25T11:20:00+08:00 ] ::1 /yy/index.php/Qt/Index/yl2.html
ERR: 非法操作:yl2

[ 2017-04-25T15:26:33+08:00 ] ::1 /yy/index.php/Qt/Index/mc.html
ERR: 非法操作:mc

[ 2017-04-25T15:26:33+08:00 ] ::1 /yy/index.php/Qt/Index/sc.html
ERR: 非法操作:sc

[ 2017-04-25T15:26:33+08:00 ] ::1 /yy/index.php/Qt/Index/mr.html
ERR: 非法操作:mr

[ 2017-04-25T15:27:33+08:00 ] ::1 /yy/index.php/Qt/Index/yl2.html
ERR: 非法操作:yl2

[ 2017-04-25T15:27:36+08:00 ] ::1 /yy/index.php/Qt/Index/mr.html
ERR: 非法操作:mr

[ 2017-04-25T15:32:42+08:00 ] ::1 /yy/index.php/Qt/Index/sc.html
ERR: 非法操作:sc

[ 2017-04-25T15:32:42+08:00 ] ::1 /yy/index.php/Qt/Video/css/mc.css
ERR: 非法操作:css

[ 2017-04-25T15:32:42+08:00 ] ::1 /yy/index.php/Qt/Video/js/jquery-1.8.3.min.js
ERR: 非法操作:js

[ 2017-04-25T15:32:42+08:00 ] ::1 /yy/index.php/Qt/Index/mr.html
ERR: 非法操作:mr

[ 2017-04-25T15:36:31+08:00 ] ::1 /yy/index.php/Qt/Index/mr.html
ERR: 非法操作:mr

[ 2017-04-25T15:36:31+08:00 ] ::1 /yy/index.php/Qt/Index/sc.html
ERR: 非法操作:sc

[ 2017-04-25T15:37:11+08:00 ] ::1 /yy/index.php/Qt/Index/sc.html
ERR: 非法操作:sc

[ 2017-04-25T15:37:11+08:00 ] ::1 /yy/index.php/Qt/Index/mr.html
ERR: 非法操作:mr

[ 2017-04-25T15:37:48+08:00 ] ::1 /yy/index.php/Qt/Index/sc.html
ERR: 非法操作:sc

[ 2017-04-25T15:38:49+08:00 ] ::1 /yy/index.php/Qt/Index/sc.html
ERR: 非法操作:sc

[ 2017-04-25T15:38:50+08:00 ] ::1 /yy/index.php/Qt/Index/sc.html
ERR: 非法操作:sc

[ 2017-04-25T15:38:50+08:00 ] ::1 /yy/index.php/Qt/Index/sc.html
ERR: 非法操作:sc

[ 2017-04-25T15:38:51+08:00 ] ::1 /yy/index.php/Qt/Index/sc.html
ERR: 非法操作:sc

[ 2017-04-25T15:38:51+08:00 ] ::1 /yy/index.php/Qt/Index/sc.html
ERR: 非法操作:sc

[ 2017-04-25T15:38:51+08:00 ] ::1 /yy/index.php/Qt/Index/sc.html
ERR: 非法操作:sc

[ 2017-04-25T15:38:51+08:00 ] ::1 /yy/index.php/Qt/Index/sc.html
ERR: 非法操作:sc

[ 2017-04-25T15:38:51+08:00 ] ::1 /yy/index.php/Qt/Index/sc.html
ERR: 非法操作:sc

[ 2017-04-25T15:38:52+08:00 ] ::1 /yy/index.php/Qt/Index/sc.html
ERR: 非法操作:sc

[ 2017-04-25T15:38:52+08:00 ] ::1 /yy/index.php/Qt/Index/sc.html
ERR: 非法操作:sc

[ 2017-04-25T15:38:56+08:00 ] ::1 /yy/index.php/Qt/Index/mr.html
ERR: 非法操作:mr

[ 2017-04-25T15:38:56+08:00 ] ::1 /yy/index.php/Qt/Goods/sc.html
ERR: 无法加载控制器:Goods

[ 2017-04-25T15:39:00+08:00 ] ::1 /yy/index.php/Qt/Index/sc.html
ERR: 非法操作:sc

[ 2017-04-25T15:39:59+08:00 ] ::1 /yy/index.php/Qt/Goods/sc.html
ERR: 无法加载控制器:Goods

[ 2017-04-25T15:40:05+08:00 ] ::1 /yy/index.php/Qt/Index/mr.html
ERR: 非法操作:mr

[ 2017-04-25T15:40:22+08:00 ] ::1 /yy/index.php/Qt/Index/sc.html
ERR: 非法操作:sc

[ 2017-04-25T15:41:17+08:00 ] ::1 /yy/index.php/Qt/Index/mr.html
ERR: 非法操作:mr

[ 2017-04-25T15:41:17+08:00 ] ::1 /yy/index.php/Qt/Goods/css/sc.css
ERR: 非法操作:css

[ 2017-04-25T15:41:17+08:00 ] ::1 /yy/index.php/Qt/Goods/js/jquery-1.8.3.min.js
ERR: 非法操作:js

[ 2017-04-25T15:41:18+08:00 ] ::1 /yy/index.php/Qt/Goods/css/slick.css
ERR: 非法操作:css

[ 2017-04-25T15:41:18+08:00 ] ::1 /yy/index.php/Qt/Goods/js/slick.min.js
ERR: 非法操作:js

[ 2017-04-25T15:41:22+08:00 ] ::1 /yy/index.php/Qt/Index/sc.html
ERR: 非法操作:sc

[ 2017-04-25T15:42:55+08:00 ] ::1 /yy/index.php/Qt/Index/mr.html
ERR: 非法操作:mr

[ 2017-04-25T15:42:55+08:00 ] ::1 /yy/index.php/Qt/Goods/css/slick.css
ERR: 非法操作:css

[ 2017-04-25T15:42:55+08:00 ] ::1 /yy/index.php/Qt/Goods/js/slick.min.js
ERR: 非法操作:js

[ 2017-04-25T15:42:55+08:00 ] ::1 /yy/index.php/Qt/Goods/js/jquery-1.8.3.min.js
ERR: 非法操作:js

[ 2017-04-25T15:42:55+08:00 ] ::1 /yy/index.php/Qt/Goods/css/sc.css
ERR: 非法操作:css

[ 2017-04-25T15:42:56+08:00 ] ::1 /yy/index.php/Qt/Goods/js/slick.min.js
ERR: 非法操作:js

[ 2017-04-25T15:43:04+08:00 ] ::1 /yy/index.php/Qt/Index/sc.html
ERR: 非法操作:sc

[ 2017-04-25T15:43:12+08:00 ] ::1 /yy/index.php/Qt/Index/sc.html
ERR: 非法操作:sc

[ 2017-04-25T15:43:13+08:00 ] ::1 /yy/index.php/Qt/Index/sc.html
ERR: 非法操作:sc

[ 2017-04-25T15:43:13+08:00 ] ::1 /yy/index.php/Qt/Index/sc.html
ERR: 非法操作:sc

[ 2017-04-25T15:43:13+08:00 ] ::1 /yy/index.php/Qt/Index/sc.html
ERR: 非法操作:sc

[ 2017-04-25T15:43:14+08:00 ] ::1 /yy/index.php/Qt/Index/sc.html
ERR: 非法操作:sc

[ 2017-04-25T15:43:14+08:00 ] ::1 /yy/index.php/Qt/Index/sc.html
ERR: 非法操作:sc

[ 2017-04-25T15:43:14+08:00 ] ::1 /yy/index.php/Qt/Index/sc.html
ERR: 非法操作:sc

[ 2017-04-25T15:43:14+08:00 ] ::1 /yy/index.php/Qt/Index/sc.html
ERR: 非法操作:sc

[ 2017-04-25T15:43:14+08:00 ] ::1 /yy/index.php/Qt/Index/sc.html
ERR: 非法操作:sc

[ 2017-04-25T15:43:15+08:00 ] ::1 /yy/index.php/Qt/Index/sc.html
ERR: 非法操作:sc

[ 2017-04-25T15:45:23+08:00 ] ::1 /yy/index.php/Qt/Index/mr.html
ERR: 非法操作:mr

[ 2017-04-25T15:45:25+08:00 ] ::1 /yy/index.php/Qt/Index/sc.html
ERR: 非法操作:sc

[ 2017-04-25T15:45:29+08:00 ] ::1 /yy/index.php/Qt/Index/sc.html
ERR: 非法操作:sc

[ 2017-04-25T15:46:12+08:00 ] ::1 /yy/index.php/Qt/Index/sc.html
ERR: 非法操作:sc

[ 2017-04-25T15:46:13+08:00 ] ::1 /yy/index.php/Qt/Index/sc.html
ERR: 非法操作:sc

[ 2017-04-25T15:46:14+08:00 ] ::1 /yy/index.php/Qt/Index/sc.html
ERR: 非法操作:sc

[ 2017-04-25T15:46:14+08:00 ] ::1 /yy/index.php/Qt/Index/sc.html
ERR: 非法操作:sc

[ 2017-04-25T15:46:14+08:00 ] ::1 /yy/index.php/Qt/Index/sc.html
ERR: 非法操作:sc

[ 2017-04-25T15:46:15+08:00 ] ::1 /yy/index.php/Qt/Index/sc.html
ERR: 非法操作:sc

[ 2017-04-25T15:46:15+08:00 ] ::1 /yy/index.php/Qt/Index/sc.html
ERR: 非法操作:sc

[ 2017-04-25T15:46:15+08:00 ] ::1 /yy/index.php/Qt/Index/sc.html
ERR: 非法操作:sc

[ 2017-04-25T15:46:16+08:00 ] ::1 /yy/index.php/Qt/Index/sc.html
ERR: 非法操作:sc

[ 2017-04-25T15:46:18+08:00 ] ::1 /yy/index.php/Qt/Index/sc.html
ERR: 非法操作:sc

[ 2017-04-25T15:46:26+08:00 ] ::1 /yy/index.php/Qt/Index/sc.html
ERR: 非法操作:sc

[ 2017-04-25T15:46:26+08:00 ] ::1 /yy/index.php/Qt/Index/sc.html
ERR: 非法操作:sc

[ 2017-04-25T15:46:27+08:00 ] ::1 /yy/index.php/Qt/Index/sc.html
ERR: 非法操作:sc

[ 2017-04-25T15:46:27+08:00 ] ::1 /yy/index.php/Qt/Index/sc.html
ERR: 非法操作:sc

[ 2017-04-25T15:46:27+08:00 ] ::1 /yy/index.php/Qt/Index/sc.html
ERR: 非法操作:sc

[ 2017-04-25T15:46:27+08:00 ] ::1 /yy/index.php/Qt/Index/sc.html
ERR: 非法操作:sc

[ 2017-04-25T15:46:28+08:00 ] ::1 /yy/index.php/Qt/Index/sc.html
ERR: 非法操作:sc

[ 2017-04-25T15:46:29+08:00 ] ::1 /yy/index.php/Qt/Index/sc.html
ERR: 非法操作:sc

[ 2017-04-25T15:46:59+08:00 ] ::1 /yy/index.php/Qt/Index/mr.html
ERR: 非法操作:mr

[ 2017-04-25T15:47:05+08:00 ] ::1 /yy/index.php/Qt/Index/sc.html
ERR: 非法操作:sc

[ 2017-04-25T15:48:34+08:00 ] ::1 /yy/index.php/Qt/Index/mr.html
ERR: 非法操作:mr

[ 2017-04-25T15:48:34+08:00 ] ::1 /yy/index.php/Qt/Index/mr.html
ERR: 非法操作:mr

[ 2017-04-25T15:48:34+08:00 ] ::1 /yy/index.php/Qt/Index/mr.html
ERR: 非法操作:mr

[ 2017-04-25T15:48:35+08:00 ] ::1 /yy/index.php/Qt/Index/mr.html
ERR: 非法操作:mr

[ 2017-04-25T15:48:37+08:00 ] ::1 /yy/index.php/Qt/Mr/css/mr.css
ERR: 非法操作:css

[ 2017-04-25T15:48:37+08:00 ] ::1 /yy/index.php/Qt/Mr/js/jquery-1.8.3.min.js
ERR: 非法操作:js

[ 2017-04-25T15:48:41+08:00 ] ::1 /yy/index.php/Qt/Index/mr.html
ERR: 非法操作:mr

[ 2017-04-25T15:50:58+08:00 ] ::1 /yy/index.php/Qt/Index/sc.html
ERR: 非法操作:sc

[ 2017-04-25T15:50:59+08:00 ] ::1 /yy/index.php/Qt/Index/mr.html
ERR: 非法操作:mr

[ 2017-04-25T15:51:00+08:00 ] ::1 /yy/index.php/Qt/Index/sc.html
ERR: 非法操作:sc

[ 2017-04-25T15:51:24+08:00 ] ::1 /yy/index.php/Qt/Index/sc.html
ERR: 非法操作:sc

[ 2017-04-25T15:52:28+08:00 ] ::1 /yy/index.php/Qt/Index/sc.html
ERR: 非法操作:sc

[ 2017-04-25T15:52:30+08:00 ] ::1 /yy/index.php/Qt/Index/mr.html
ERR: 非法操作:mr

[ 2017-04-25T15:52:36+08:00 ] ::1 /yy/index.php/Qt/Index/sc.html
ERR: 非法操作:sc

[ 2017-04-25T15:52:45+08:00 ] ::1 /yy/index.php/Qt/Index/sc.html
ERR: 非法操作:sc

[ 2017-04-25T15:52:52+08:00 ] ::1 /yy/index.php/Qt/Index/sc.html
ERR: 非法操作:sc

[ 2017-04-25T15:52:54+08:00 ] ::1 /yy/index.php/Qt/Index/mr.html
ERR: 非法操作:mr

[ 2017-04-25T15:52:55+08:00 ] ::1 /yy/index.php/Qt/Index/mr.html
ERR: 非法操作:mr

[ 2017-04-25T15:52:56+08:00 ] ::1 /yy/index.php/Qt/Index/mr.html
ERR: 非法操作:mr

[ 2017-04-25T15:52:57+08:00 ] ::1 /yy/index.php/Qt/Index/mr.html
ERR: 非法操作:mr

[ 2017-04-25T15:52:58+08:00 ] ::1 /yy/index.php/Qt/Index/mr.html
ERR: 非法操作:mr

[ 2017-04-25T15:53:04+08:00 ] ::1 /yy/index.php/Qt/Index/sc.html
ERR: 非法操作:sc

[ 2017-04-25T15:53:06+08:00 ] ::1 /yy/index.php/Qt/Index/mr.html
ERR: 非法操作:mr

[ 2017-04-25T15:53:07+08:00 ] ::1 /yy/index.php/Qt/Index/mr.html
ERR: 非法操作:mr

[ 2017-04-25T15:53:08+08:00 ] ::1 /yy/index.php/Qt/Index/mr.html
ERR: 非法操作:mr

[ 2017-04-25T15:54:59+08:00 ] ::1 /yy/index.php/Qt/Index/sc.html
ERR: 非法操作:sc

[ 2017-04-25T15:55:08+08:00 ] ::1 /yy/index.php/Qt/Index/sc.html
ERR: 非法操作:sc

[ 2017-04-25T15:56:38+08:00 ] ::1 /yy/index.php/Qt/Index/sc.html
ERR: 非法操作:sc

[ 2017-04-25T15:58:12+08:00 ] ::1 /yy/index.php/Qt/Index/sc.html
ERR: 非法操作:sc

[ 2017-04-25T15:58:45+08:00 ] ::1 /yy/index.php/Qt/Index/sc.html
ERR: 非法操作:sc

[ 2017-04-25T15:59:14+08:00 ] ::1 /yy/index.php/Qt/Index/sc.html
ERR: 非法操作:sc

[ 2017-04-25T15:59:23+08:00 ] ::1 /yy/index.php/Qt/Index/sc.html
ERR: 非法操作:sc

[ 2017-04-25T15:59:23+08:00 ] ::1 /yy/index.php/Qt/Index/sc.html
ERR: 非法操作:sc

[ 2017-04-25T15:59:24+08:00 ] ::1 /yy/index.php/Qt/Index/sc.html
ERR: 非法操作:sc

[ 2017-04-25T15:59:24+08:00 ] ::1 /yy/index.php/Qt/Index/sc.html
ERR: 非法操作:sc

[ 2017-04-25T15:59:24+08:00 ] ::1 /yy/index.php/Qt/Index/sc.html
ERR: 非法操作:sc

[ 2017-04-25T15:59:24+08:00 ] ::1 /yy/index.php/Qt/Index/sc.html
ERR: 非法操作:sc

[ 2017-04-25T15:59:24+08:00 ] ::1 /yy/index.php/Qt/Index/sc.html
ERR: 非法操作:sc

[ 2017-04-25T16:01:23+08:00 ] ::1 /yy/index.php/Qt/Index/mr.html
ERR: 非法操作:mr

[ 2017-04-25T16:01:27+08:00 ] ::1 /yy/index.php/Qt/Index/mr.html
ERR: 非法操作:mr

[ 2017-04-25T16:02:40+08:00 ] ::1 /yy/index.php/Qt/Index/yl2.html
ERR: 非法操作:yl2

[ 2017-04-25T16:02:48+08:00 ] ::1 /yy/index.php/Qt/Index/yl2.html
ERR: 非法操作:yl2

[ 2017-04-25T16:05:55+08:00 ] ::1 /yy/index.php/Qt/Index/yl2.html
ERR: 非法操作:yl2

[ 2017-04-25T16:06:06+08:00 ] ::1 /yy/index.php/Qt/Index/yl2.html
ERR: 非法操作:yl2

[ 2017-04-25T16:06:07+08:00 ] ::1 /yy/index.php/Qt/Yl/css/yl.css
ERR: 非法操作:css

[ 2017-04-25T16:06:07+08:00 ] ::1 /yy/index.php/Qt/Yl/js/jquery-1.8.3.min.js
ERR: 非法操作:js

[ 2017-04-25T16:09:45+08:00 ] ::1 /yy/index.php/Qt/Product/css/mr.css
ERR: 非法操作:css

[ 2017-04-25T16:09:45+08:00 ] ::1 /yy/index.php/Qt/Product/js/jquery-1.8.3.min.js
ERR: 非法操作:js

[ 2017-04-25T16:09:45+08:00 ] ::1 /yy/index.php/Qt/Product/js/slick.min.js
ERR: 非法操作:js

[ 2017-04-25T16:09:45+08:00 ] ::1 /yy/index.php/Qt/Product/css/slick.css
ERR: 非法操作:css

[ 2017-04-25T16:09:45+08:00 ] ::1 /yy/index.php/Qt/Product/js/slick.min.js
ERR: 非法操作:js

[ 2017-04-25T16:09:45+08:00 ] ::1 /yy/index.php/Qt/Product/css/slick.css
ERR: 非法操作:css

[ 2017-04-25T16:18:14+08:00 ] ::1 /yy/index.php/Qt/Product/css/mr.css
ERR: 非法操作:css

[ 2017-04-25T16:18:14+08:00 ] ::1 /yy/index.php/Qt/Product/js/jquery-1.8.3.min.js
ERR: 非法操作:js

[ 2017-04-25T16:18:49+08:00 ] ::1 /yy/index.php/Qt/Product/css/mr.css
ERR: 非法操作:css

[ 2017-04-25T16:18:49+08:00 ] ::1 /yy/index.php/Qt/Product/js/jquery-1.8.3.min.js
ERR: 非法操作:js

[ 2017-04-25T16:18:52+08:00 ] ::1 /yy/index.php/Qt/Product/css/mr.css
ERR: 非法操作:css

[ 2017-04-25T16:18:52+08:00 ] ::1 /yy/index.php/Qt/Product/js/jquery-1.8.3.min.js
ERR: 非法操作:js

[ 2017-04-25T16:18:56+08:00 ] ::1 /yy/index.php/Qt/Product/css/mr.css
ERR: 非法操作:css

[ 2017-04-25T16:18:56+08:00 ] ::1 /yy/index.php/Qt/Product/js/jquery-1.8.3.min.js
ERR: 非法操作:js

[ 2017-04-25T16:18:58+08:00 ] ::1 /yy/index.php/Qt/Product/css/mr.css
ERR: 非法操作:css

[ 2017-04-25T16:18:58+08:00 ] ::1 /yy/index.php/Qt/Product/js/jquery-1.8.3.min.js
ERR: 非法操作:js

[ 2017-04-25T16:19:01+08:00 ] ::1 /yy/index.php/Qt/Product/css/mr.css
ERR: 非法操作:css

[ 2017-04-25T16:19:01+08:00 ] ::1 /yy/index.php/Qt/Product/js/jquery-1.8.3.min.js
ERR: 非法操作:js

[ 2017-04-25T16:25:49+08:00 ] ::1 /yy/index.php/Qt/Index/sc.html
ERR: 非法操作:sc

[ 2017-04-25T16:25:50+08:00 ] ::1 /yy/index.php/Qt/Index/mr.html
ERR: 非法操作:mr

[ 2017-04-25T16:25:52+08:00 ] ::1 /yy/index.php/Qt/Index/sc.html
ERR: 非法操作:sc

[ 2017-04-25T16:25:53+08:00 ] ::1 /yy/index.php/Qt/Index/mr.html
ERR: 非法操作:mr

[ 2017-04-25T16:25:54+08:00 ] ::1 /yy/index.php/Qt/Index/sc.html
ERR: 非法操作:sc

[ 2017-04-25T16:25:56+08:00 ] ::1 /yy/index.php/Qt/Index/sc.html
ERR: 非法操作:sc

[ 2017-04-25T16:26:10+08:00 ] ::1 /yy/index.php/Qt/Index/sc.html
ERR: 非法操作:sc

[ 2017-04-25T16:26:13+08:00 ] ::1 /yy/index.php/Qt/Index/sc.html
ERR: 非法操作:sc

[ 2017-04-25T16:59:29+08:00 ] ::1 /yy/index.php/Qt/Index/goumai.html
ERR: 非法操作:goumai

