[ 2017-04-26T08:41:30+08:00 ] ::1 /yy/index.php/Qt/Index/goumai.html
ERR: 非法操作:goumai

[ 2017-04-26T08:41:47+08:00 ] ::1 /yy/index.php/Qt/Index/sc.html
ERR: 非法操作:sc

[ 2017-04-26T08:42:03+08:00 ] ::1 /yy/index.php/Qt/Index/sc.html
ERR: 非法操作:sc

[ 2017-04-26T08:42:07+08:00 ] ::1 /yy/index.php/Qt/Index/sc.html
ERR: 非法操作:sc

[ 2017-04-26T08:42:15+08:00 ] ::1 /yy/index.php/Qt/Index/mr.html
ERR: 非法操作:mr

[ 2017-04-26T08:42:29+08:00 ] ::1 /yy/index.php/Qt/Index/mr.html
ERR: 非法操作:mr

[ 2017-04-26T08:42:32+08:00 ] ::1 /yy/index.php/Qt/Index/mr.html
ERR: 非法操作:mr

[ 2017-04-26T08:42:52+08:00 ] ::1 /yy/index.php/Qt/Mr/yl2.html
ERR: 非法操作:yl2

[ 2017-04-26T08:51:00+08:00 ] ::1 /yy/index.php/Qt/News/css/mr.css
ERR: 非法操作:css

[ 2017-04-26T08:51:00+08:00 ] ::1 /yy/index.php/Qt/News/js/jquery-1.8.3.min.js
ERR: 非法操作:js

[ 2017-04-26T08:51:10+08:00 ] ::1 /yy/index.php/Qt/News/css/mr.css
ERR: 非法操作:css

[ 2017-04-26T08:51:10+08:00 ] ::1 /yy/index.php/Qt/News/js/jquery-1.8.3.min.js
ERR: 非法操作:js

[ 2017-04-26T09:00:21+08:00 ] ::1 /yy/index.php/Qt/Index/sc.html
ERR: 非法操作:sc

[ 2017-04-26T09:00:30+08:00 ] ::1 /yy/index.php/Qt/Index/sc.html
ERR: 非法操作:sc

[ 2017-04-26T09:00:42+08:00 ] ::1 /yy/index.php/Qt/Index/sc.html
ERR: 非法操作:sc

[ 2017-04-26T09:00:46+08:00 ] ::1 /yy/index.php/Qt/Index/mr.html
ERR: 非法操作:mr

[ 2017-04-26T09:00:49+08:00 ] ::1 /yy/index.php/Qt/Index/sc.html
ERR: 非法操作:sc

[ 2017-04-26T09:21:44+08:00 ] ::1 /yy/index.php/Qt/Index/mr.html
ERR: 非法操作:mr

[ 2017-04-26T09:21:45+08:00 ] ::1 /yy/index.php/Qt/Index/mr.html
ERR: 非法操作:mr

[ 2017-04-26T09:21:45+08:00 ] ::1 /yy/index.php/Qt/Index/mr.html
ERR: 非法操作:mr

[ 2017-04-26T09:21:45+08:00 ] ::1 /yy/index.php/Qt/Index/mr.html
ERR: 非法操作:mr

[ 2017-04-26T09:21:45+08:00 ] ::1 /yy/index.php/Qt/Index/mr.html
ERR: 非法操作:mr

[ 2017-04-26T09:21:45+08:00 ] ::1 /yy/index.php/Qt/Index/mr.html
ERR: 非法操作:mr

[ 2017-04-26T09:22:14+08:00 ] ::1 /yy/index.php/Qt/Mr/yl2.html
ERR: 非法操作:yl2

[ 2017-04-26T09:22:23+08:00 ] ::1 /yy/index.php/Qt/Index/mr.html
ERR: 非法操作:mr

[ 2017-04-26T09:22:27+08:00 ] ::1 /yy/index.php/Qt/Mr/yl2.html
ERR: 非法操作:yl2

[ 2017-04-26T09:29:08+08:00 ] ::1 /yy/index.php/Qt/Index/sc.html
ERR: 非法操作:sc

[ 2017-04-26T09:29:12+08:00 ] ::1 /yy/index.php/Qt/Index/sc.html
ERR: 非法操作:sc

[ 2017-04-26T09:29:26+08:00 ] ::1 /yy/index.php/Qt/Index/sc.html
ERR: 非法操作:sc

[ 2017-04-26T09:34:57+08:00 ] ::1 /yy/index.php/Qt/Index/sc.html
ERR: 非法操作:sc

[ 2017-04-26T09:35:36+08:00 ] ::1 /yy/index.php/Qt/Index/sc.html
ERR: 非法操作:sc

[ 2017-04-26T09:36:01+08:00 ] ::1 /yy/index.php/Qt/Index/sc.html
ERR: 非法操作:sc

[ 2017-04-26T09:36:09+08:00 ] ::1 /yy/index.php/Qt/Index/sc.html
ERR: 非法操作:sc

[ 2017-04-26T09:36:15+08:00 ] ::1 /yy/index.php/Qt/Index/sc.html
ERR: 非法操作:sc

[ 2017-04-26T09:36:16+08:00 ] ::1 /yy/index.php/Qt/Index/mr.html
ERR: 非法操作:mr

[ 2017-04-26T09:36:25+08:00 ] ::1 /yy/index.php/Qt/Index/sc.html
ERR: 非法操作:sc

[ 2017-04-26T09:36:36+08:00 ] ::1 /yy/index.php/Qt/Index/sc.html
ERR: 非法操作:sc

[ 2017-04-26T09:38:41+08:00 ] ::1 /yy/index.php/Qt/Index/sc.html
ERR: 非法操作:sc

[ 2017-04-26T09:38:56+08:00 ] ::1 /yy/index.php/Qt/Index/sc.html
ERR: 非法操作:sc

[ 2017-04-26T09:39:05+08:00 ] ::1 /yy/index.php/Qt/Index/sc.html
ERR: 非法操作:sc

[ 2017-04-26T09:50:19+08:00 ] ::1 /yy/index.php/Qt/Index/sc.html
ERR: 非法操作:sc

[ 2017-04-26T10:02:59+08:00 ] ::1 /yy/index.php/Qt/Index/zx_xx.html
ERR: 非法操作:zx_xx

[ 2017-04-26T10:03:43+08:00 ] ::1 /yy/index.php/Qt/Index/sc.html
ERR: 非法操作:sc

[ 2017-04-26T10:28:53+08:00 ] ::1 /yy/index.php/Qt/Index/sc.html
ERR: 非法操作:sc

[ 2017-04-26T10:28:59+08:00 ] ::1 /yy/index.php/Qt/Goods/css/sc.css
ERR: 非法操作:css

[ 2017-04-26T10:28:59+08:00 ] ::1 /yy/index.php/Qt/Goods/js/jquery-1.8.3.min.js
ERR: 非法操作:js

[ 2017-04-26T14:17:25+08:00 ] ::1 /yy/index.php/Qt/Index/mr.html
ERR: 非法操作:mr

[ 2017-04-26T14:18:05+08:00 ] ::1 /yy/index.php/Qt/Money/qb.html
ERR: 无法加载控制器:Money

[ 2017-04-26T14:18:18+08:00 ] ::1 /yy/index.php/Qt/Money/qb.html
ERR: 无法加载控制器:Money

[ 2017-04-26T15:29:12+08:00 ] ::1 /yy/index.php/Qt/Index/mr.html
ERR: 非法操作:mr

[ 2017-04-26T15:33:36+08:00 ] ::1 /yy/index.php/Qt/Index/mr.html
ERR: 非法操作:mr

[ 2017-04-26T15:45:24+08:00 ] ::1 /yy/index.php/Qt/News/zx_xx.htmlArray
ERR: 非法操作:zx_xx.htmlArray

[ 2017-04-26T15:55:22+08:00 ] ::1 /yy/index.php/Qt/News/zx_xx.htmlArray
ERR: 非法操作:zx_xx.htmlArray

[ 2017-04-26T15:56:48+08:00 ] ::1 /yy/index.php/Qt/News/zx_xx.htmlArray
ERR: 非法操作:zx_xx.htmlArray

[ 2017-04-26T16:34:20+08:00 ] ::1 /yy/index.php/Qt/Index/mr.html
ERR: 非法操作:mr

[ 2017-04-26T17:34:48+08:00 ] ::1 /yy/index.php/Qt/Index/mr.html
ERR: 非法操作:mr

