[ 2017-06-25T03:29:17+08:00 ] 202.108.211.56 /
INFO: [ app_init ] --START--
INFO: Run Behavior\BuildLiteBehavior [ RunTime:0.000016s ]
INFO: [ app_init ] --END-- [ RunTime:0.000444s ]

[ 2017-06-25T09:58:18+08:00 ] 117.136.3.119 /
INFO: [ app_init ] --START--
INFO: Run Behavior\BuildLiteBehavior [ RunTime:0.000021s ]
INFO: [ app_init ] --END-- [ RunTime:0.010319s ]

[ 2017-06-25T09:58:34+08:00 ] 117.136.3.119 /index.php/Qt/Yl/yl.html
INFO: [ app_init ] --START--
INFO: Run Behavior\BuildLiteBehavior [ RunTime:0.000016s ]
INFO: [ app_init ] --END-- [ RunTime:0.000393s ]

[ 2017-06-25T09:58:35+08:00 ] 117.136.3.119 /index.php/Qt/Yl/yl.html
INFO: [ app_init ] --START--
INFO: Run Behavior\BuildLiteBehavior [ RunTime:0.000015s ]
INFO: [ app_init ] --END-- [ RunTime:0.000415s ]

[ 2017-06-25T09:58:39+08:00 ] 117.136.3.119 /index.php/Qt/Product/goumai.html
INFO: [ app_init ] --START--
INFO: Run Behavior\BuildLiteBehavior [ RunTime:0.000024s ]
INFO: [ app_init ] --END-- [ RunTime:0.000385s ]

[ 2017-06-25T09:58:40+08:00 ] 117.136.3.119 /index.php/Qt/Product/css/mr.css
INFO: [ app_init ] --START--
INFO: Run Behavior\BuildLiteBehavior [ RunTime:0.000017s ]
INFO: [ app_init ] --END-- [ RunTime:0.000385s ]
ERR: 非法操作:css

[ 2017-06-25T09:58:49+08:00 ] 101.226.89.122 /index.php/Qt/Product/goumai.html
INFO: [ app_init ] --START--
INFO: Run Behavior\BuildLiteBehavior [ RunTime:0.000016s ]
INFO: [ app_init ] --END-- [ RunTime:0.000370s ]

[ 2017-06-25T09:59:03+08:00 ] 117.136.3.251 /index.php/Qt/Product/goumai.html
INFO: [ app_init ] --START--
INFO: Run Behavior\BuildLiteBehavior [ RunTime:0.000024s ]
INFO: [ app_init ] --END-- [ RunTime:0.000382s ]

[ 2017-06-25T09:59:04+08:00 ] 117.136.3.251 /index.php/Qt/Product/goumai.html
INFO: [ app_init ] --START--
INFO: Run Behavior\BuildLiteBehavior [ RunTime:0.000017s ]
INFO: [ app_init ] --END-- [ RunTime:0.000396s ]

[ 2017-06-25T09:59:05+08:00 ] 117.136.3.251 /index.php/Qt/Product/css/mr.css
INFO: [ app_init ] --START--
INFO: Run Behavior\BuildLiteBehavior [ RunTime:0.000016s ]
INFO: [ app_init ] --END-- [ RunTime:0.000395s ]
ERR: 非法操作:css

[ 2017-06-25T11:01:53+08:00 ] 112.102.73.66 /
INFO: [ app_init ] --START--
INFO: Run Behavior\BuildLiteBehavior [ RunTime:0.000019s ]
INFO: [ app_init ] --END-- [ RunTime:0.000482s ]

[ 2017-06-25T11:02:07+08:00 ] 112.102.73.66 /index.php/Qt/Goods/sc.html
INFO: [ app_init ] --START--
INFO: Run Behavior\BuildLiteBehavior [ RunTime:0.000018s ]
INFO: [ app_init ] --END-- [ RunTime:0.000399s ]

[ 2017-06-25T11:02:10+08:00 ] 112.102.73.66 /index.php/Qt/Mr/mr.html
INFO: [ app_init ] --START--
INFO: Run Behavior\BuildLiteBehavior [ RunTime:0.000016s ]
INFO: [ app_init ] --END-- [ RunTime:0.000375s ]

[ 2017-06-25T11:02:10+08:00 ] 112.102.73.66 /index.php/Qt/Login/dl.html
INFO: [ app_init ] --START--
INFO: Run Behavior\BuildLiteBehavior [ RunTime:0.000016s ]
INFO: [ app_init ] --END-- [ RunTime:0.000362s ]

[ 2017-06-25T11:02:16+08:00 ] 112.102.73.66 /index.php/Qt/Login/dl
INFO: [ app_init ] --START--
INFO: Run Behavior\BuildLiteBehavior [ RunTime:0.000022s ]
INFO: [ app_init ] --END-- [ RunTime:0.000567s ]

[ 2017-06-25T11:02:17+08:00 ] 112.102.73.66 /index.php/Qt/Mr/mr.html
INFO: [ app_init ] --START--
INFO: Run Behavior\BuildLiteBehavior [ RunTime:0.000016s ]
INFO: [ app_init ] --END-- [ RunTime:0.000366s ]

[ 2017-06-25T11:02:28+08:00 ] 112.102.73.66 /index.php/Qt/Product/goumai.html
INFO: [ app_init ] --START--
INFO: Run Behavior\BuildLiteBehavior [ RunTime:0.000016s ]
INFO: [ app_init ] --END-- [ RunTime:0.000376s ]

[ 2017-06-25T11:03:56+08:00 ] 112.102.73.66 /index.php/Qt/Goods/sc.html
INFO: [ app_init ] --START--
INFO: Run Behavior\BuildLiteBehavior [ RunTime:0.000018s ]
INFO: [ app_init ] --END-- [ RunTime:0.000430s ]

[ 2017-06-25T11:04:00+08:00 ] 112.102.73.66 /index.php/Qt/Mr/mr.html
INFO: [ app_init ] --START--
INFO: Run Behavior\BuildLiteBehavior [ RunTime:0.000016s ]
INFO: [ app_init ] --END-- [ RunTime:0.000388s ]

[ 2017-06-25T11:04:04+08:00 ] 112.102.73.66 /index.php/Qt/Product/goumai.html
INFO: [ app_init ] --START--
INFO: Run Behavior\BuildLiteBehavior [ RunTime:0.000016s ]
INFO: [ app_init ] --END-- [ RunTime:0.000375s ]

[ 2017-06-25T11:09:11+08:00 ] 112.102.73.66 /index.php/Qt/Product/goumai.html
INFO: [ app_init ] --START--
INFO: Run Behavior\BuildLiteBehavior [ RunTime:0.000015s ]
INFO: [ app_init ] --END-- [ RunTime:0.000432s ]

[ 2017-06-25T11:10:50+08:00 ] 112.102.73.66 /index.php/Qt/Product/goumai.html
INFO: [ app_init ] --START--
INFO: Run Behavior\BuildLiteBehavior [ RunTime:0.000016s ]
INFO: [ app_init ] --END-- [ RunTime:0.000410s ]
ERR: 表达式错误:nlt

[ 2017-06-25T11:14:40+08:00 ] 112.102.73.66 /index.php/Qt/Product/goumai.html
INFO: [ app_init ] --START--
INFO: Run Behavior\BuildLiteBehavior [ RunTime:0.000015s ]
INFO: [ app_init ] --END-- [ RunTime:0.000404s ]

[ 2017-06-25T11:14:41+08:00 ] 112.102.73.66 /index.php/Qt/Product/css/mr.css
INFO: [ app_init ] --START--
INFO: Run Behavior\BuildLiteBehavior [ RunTime:0.000016s ]
INFO: [ app_init ] --END-- [ RunTime:0.000369s ]
ERR: 非法操作:css

[ 2017-06-25T11:30:08+08:00 ] 140.205.205.9 /
INFO: [ app_init ] --START--
INFO: Run Behavior\BuildLiteBehavior [ RunTime:0.000016s ]
INFO: [ app_init ] --END-- [ RunTime:0.000433s ]

[ 2017-06-25T11:32:08+08:00 ] 112.102.73.66 /index.php/Qt/Product/goumai.html
INFO: [ app_init ] --START--
INFO: Run Behavior\BuildLiteBehavior [ RunTime:0.000017s ]
INFO: [ app_init ] --END-- [ RunTime:0.000393s ]

[ 2017-06-25T11:32:09+08:00 ] 112.102.73.66 /index.php/Qt/Product/css/mr.css
INFO: [ app_init ] --START--
INFO: Run Behavior\BuildLiteBehavior [ RunTime:0.000016s ]
INFO: [ app_init ] --END-- [ RunTime:0.000403s ]
ERR: 非法操作:css

[ 2017-06-25T11:57:20+08:00 ] 140.205.201.31 /index.php?m=member&c=index&a=register&siteid=1
INFO: [ app_init ] --START--
INFO: Run Behavior\BuildLiteBehavior [ RunTime:0.000015s ]
INFO: [ app_init ] --END-- [ RunTime:0.000639s ]
ERR: 非法操作:register

[ 2017-06-25T11:57:22+08:00 ] 140.205.201.31 /index.php?m=wap&a=index&siteid=1
INFO: [ app_init ] --START--
INFO: Run Behavior\BuildLiteBehavior [ RunTime:0.000015s ]
INFO: [ app_init ] --END-- [ RunTime:0.000365s ]

[ 2017-06-25T11:57:22+08:00 ] 140.205.201.31 /index.php?m=attachment&c=attachments&a=swfupload_json&aid=1&src=%26id=%*27a*nd%20ex*p(~(sele*ct%25*2afro*m(sele*ct+co*nc*at(0x7e,md5(233333),0x7e))x))%23%26m%3D1%26f%3Dtest%26modelid%3D2%26catid%3D6
INFO: [ app_init ] --START--
INFO: Run Behavior\BuildLiteBehavior [ RunTime:0.000015s ]
INFO: [ app_init ] --END-- [ RunTime:0.000370s ]
ERR: 非法操作:swfupload_json

[ 2017-06-25T12:17:14+08:00 ] 112.102.73.66 /index.php/Qt/Mr/mr.html
INFO: [ app_init ] --START--
INFO: Run Behavior\BuildLiteBehavior [ RunTime:0.000016s ]
INFO: [ app_init ] --END-- [ RunTime:0.000417s ]

[ 2017-06-25T12:17:16+08:00 ] 112.102.73.66 /index.php/Qt/Login/quit.html
INFO: [ app_init ] --START--
INFO: Run Behavior\BuildLiteBehavior [ RunTime:0.000016s ]
INFO: [ app_init ] --END-- [ RunTime:0.000368s ]

[ 2017-06-25T12:17:16+08:00 ] 112.102.73.66 /index.php/Qt/Login/dl.html
INFO: [ app_init ] --START--
INFO: Run Behavior\BuildLiteBehavior [ RunTime:0.000016s ]
INFO: [ app_init ] --END-- [ RunTime:0.000358s ]

[ 2017-06-25T12:17:22+08:00 ] 112.102.73.66 /index.php/Qt/Goods/sc.html
INFO: [ app_init ] --START--
INFO: Run Behavior\BuildLiteBehavior [ RunTime:0.000015s ]
INFO: [ app_init ] --END-- [ RunTime:0.000371s ]

[ 2017-06-25T12:22:16+08:00 ] 112.102.73.66 /index.php/Qt/Goods/dd.html
INFO: [ app_init ] --START--
INFO: Run Behavior\BuildLiteBehavior [ RunTime:0.000016s ]
INFO: [ app_init ] --END-- [ RunTime:0.000416s ]

[ 2017-06-25T12:24:01+08:00 ] 112.102.73.66 /index.php/Qt/Goods/dd.html
INFO: [ app_init ] --START--
INFO: Run Behavior\BuildLiteBehavior [ RunTime:0.000017s ]
INFO: [ app_init ] --END-- [ RunTime:0.000436s ]

[ 2017-06-25T12:24:04+08:00 ] 112.102.73.66 /index.php/Qt/Goods/dd.html
INFO: [ app_init ] --START--
INFO: Run Behavior\BuildLiteBehavior [ RunTime:0.000016s ]
INFO: [ app_init ] --END-- [ RunTime:0.000360s ]

[ 2017-06-25T12:26:48+08:00 ] 112.102.73.66 /
INFO: [ app_init ] --START--
INFO: Run Behavior\BuildLiteBehavior [ RunTime:0.000017s ]
INFO: [ app_init ] --END-- [ RunTime:0.000427s ]

[ 2017-06-25T12:26:52+08:00 ] 112.102.73.66 /index.php/Qt/Goods/sc.html
INFO: [ app_init ] --START--
INFO: Run Behavior\BuildLiteBehavior [ RunTime:0.000016s ]
INFO: [ app_init ] --END-- [ RunTime:0.000362s ]

[ 2017-06-25T12:26:57+08:00 ] 112.102.73.66 /index.php/Qt/Goods/sc.html
INFO: [ app_init ] --START--
INFO: Run Behavior\BuildLiteBehavior [ RunTime:0.000017s ]
INFO: [ app_init ] --END-- [ RunTime:0.000401s ]

[ 2017-06-25T12:26:57+08:00 ] 112.102.73.66 /index.php/Qt/Goods/sc.html
INFO: [ app_init ] --START--
INFO: Run Behavior\BuildLiteBehavior [ RunTime:0.000015s ]
INFO: [ app_init ] --END-- [ RunTime:0.000361s ]

[ 2017-06-25T12:26:57+08:00 ] 112.102.73.66 /index.php/Qt/Goods/sc.html
INFO: [ app_init ] --START--
INFO: Run Behavior\BuildLiteBehavior [ RunTime:0.000016s ]
INFO: [ app_init ] --END-- [ RunTime:0.000360s ]

[ 2017-06-25T12:27:54+08:00 ] 112.102.73.66 /
INFO: [ app_init ] --START--
INFO: Run Behavior\BuildLiteBehavior [ RunTime:0.000016s ]
INFO: [ app_init ] --END-- [ RunTime:0.000363s ]

[ 2017-06-25T12:28:04+08:00 ] 112.102.73.66 /index.php/Qt/Goods/sc.html
INFO: [ app_init ] --START--
INFO: Run Behavior\BuildLiteBehavior [ RunTime:0.000016s ]
INFO: [ app_init ] --END-- [ RunTime:0.000355s ]

[ 2017-06-25T12:28:57+08:00 ] 112.102.73.66 /
INFO: [ app_init ] --START--
INFO: Run Behavior\BuildLiteBehavior [ RunTime:0.000015s ]
INFO: [ app_init ] --END-- [ RunTime:0.000415s ]

[ 2017-06-25T12:29:04+08:00 ] 112.102.73.66 /index.php/Qt/Goods/sc.html
INFO: [ app_init ] --START--
INFO: Run Behavior\BuildLiteBehavior [ RunTime:0.000016s ]
INFO: [ app_init ] --END-- [ RunTime:0.000372s ]

[ 2017-06-25T12:29:09+08:00 ] 112.102.73.66 /index.php/Qt/Goods/dd.html
INFO: [ app_init ] --START--
INFO: Run Behavior\BuildLiteBehavior [ RunTime:0.000016s ]
INFO: [ app_init ] --END-- [ RunTime:0.000375s ]

[ 2017-06-25T12:29:10+08:00 ] 112.102.73.66 /index.php/Qt/Login/dl.html
INFO: [ app_init ] --START--
INFO: Run Behavior\BuildLiteBehavior [ RunTime:0.000018s ]
INFO: [ app_init ] --END-- [ RunTime:0.000370s ]

[ 2017-06-25T12:29:19+08:00 ] 112.102.73.66 /index.php/Qt/Mr/mr.html
INFO: [ app_init ] --START--
INFO: Run Behavior\BuildLiteBehavior [ RunTime:0.000016s ]
INFO: [ app_init ] --END-- [ RunTime:0.000364s ]

[ 2017-06-25T12:29:19+08:00 ] 112.102.73.66 /index.php/Qt/Login/dl.html
INFO: [ app_init ] --START--
INFO: Run Behavior\BuildLiteBehavior [ RunTime:0.000016s ]
INFO: [ app_init ] --END-- [ RunTime:0.000365s ]

[ 2017-06-25T12:29:24+08:00 ] 112.102.73.66 /index.php/Qt/Goods/sc.html
INFO: [ app_init ] --START--
INFO: Run Behavior\BuildLiteBehavior [ RunTime:0.000016s ]
INFO: [ app_init ] --END-- [ RunTime:0.000370s ]

[ 2017-06-25T12:29:28+08:00 ] 112.102.73.66 /index.php/Qt/Goods/dd.html
INFO: [ app_init ] --START--
INFO: Run Behavior\BuildLiteBehavior [ RunTime:0.000016s ]
INFO: [ app_init ] --END-- [ RunTime:0.000364s ]

[ 2017-06-25T12:29:28+08:00 ] 112.102.73.66 /index.php/Qt/Login/dl.html
INFO: [ app_init ] --START--
INFO: Run Behavior\BuildLiteBehavior [ RunTime:0.000017s ]
INFO: [ app_init ] --END-- [ RunTime:0.000370s ]

[ 2017-06-25T12:29:33+08:00 ] 112.102.73.66 /index.php/Qt/Login/dl
INFO: [ app_init ] --START--
INFO: Run Behavior\BuildLiteBehavior [ RunTime:0.000016s ]
INFO: [ app_init ] --END-- [ RunTime:0.000357s ]

[ 2017-06-25T12:29:34+08:00 ] 112.102.73.66 /index.php/Qt/Mr/mr.html
INFO: [ app_init ] --START--
INFO: Run Behavior\BuildLiteBehavior [ RunTime:0.000015s ]
INFO: [ app_init ] --END-- [ RunTime:0.000361s ]

[ 2017-06-25T12:29:39+08:00 ] 112.102.73.66 /index.php/Qt/Mr/mr.html
INFO: [ app_init ] --START--
INFO: Run Behavior\BuildLiteBehavior [ RunTime:0.000016s ]
INFO: [ app_init ] --END-- [ RunTime:0.000361s ]

[ 2017-06-25T12:29:44+08:00 ] 112.102.73.66 /index.php/Qt/Goods/sc.html
INFO: [ app_init ] --START--
INFO: Run Behavior\BuildLiteBehavior [ RunTime:0.000016s ]
INFO: [ app_init ] --END-- [ RunTime:0.000384s ]

[ 2017-06-25T12:34:07+08:00 ] 123.151.139.155 /
INFO: [ app_init ] --START--
INFO: Run Behavior\BuildLiteBehavior [ RunTime:0.000016s ]
INFO: [ app_init ] --END-- [ RunTime:0.000420s ]

[ 2017-06-25T12:34:08+08:00 ] 111.161.105.17 /
INFO: [ app_init ] --START--
INFO: Run Behavior\BuildLiteBehavior [ RunTime:0.000017s ]
INFO: [ app_init ] --END-- [ RunTime:0.000421s ]

[ 2017-06-25T12:34:08+08:00 ] 111.30.131.238 /
INFO: [ app_init ] --START--
INFO: Run Behavior\BuildLiteBehavior [ RunTime:0.000016s ]
INFO: [ app_init ] --END-- [ RunTime:0.000372s ]

[ 2017-06-25T12:34:12+08:00 ] 123.151.139.155 /index.php/Qt/Mr/mr.html
INFO: [ app_init ] --START--
INFO: Run Behavior\BuildLiteBehavior [ RunTime:0.000016s ]
INFO: [ app_init ] --END-- [ RunTime:0.000373s ]

[ 2017-06-25T12:34:16+08:00 ] 123.151.139.155 /index.php/Qt/Login/quit.html
INFO: [ app_init ] --START--
INFO: Run Behavior\BuildLiteBehavior [ RunTime:0.000015s ]
INFO: [ app_init ] --END-- [ RunTime:0.000373s ]

[ 2017-06-25T12:34:16+08:00 ] 123.151.139.155 /index.php/Qt/Login/dl.html
INFO: [ app_init ] --START--
INFO: Run Behavior\BuildLiteBehavior [ RunTime:0.000015s ]
INFO: [ app_init ] --END-- [ RunTime:0.000356s ]

[ 2017-06-25T12:34:18+08:00 ] 123.151.139.155 /index.php/Qt/Login/redirec.html
INFO: [ app_init ] --START--
INFO: Run Behavior\BuildLiteBehavior [ RunTime:0.000016s ]
INFO: [ app_init ] --END-- [ RunTime:0.000357s ]

[ 2017-06-25T12:34:20+08:00 ] 123.151.139.155 /index.php/Qt/Login/wxlogin
INFO: [ app_init ] --START--
INFO: Run Behavior\BuildLiteBehavior [ RunTime:0.000015s ]
INFO: [ app_init ] --END-- [ RunTime:0.000382s ]

[ 2017-06-25T12:34:23+08:00 ] 123.151.139.155 /index.php/Qt/Login/wxlogin?code=001DL7es1pOhep0hYncs1RfUds1DL7eW&state=STATE
INFO: [ app_init ] --START--
INFO: Run Behavior\BuildLiteBehavior [ RunTime:0.000023s ]
INFO: [ app_init ] --END-- [ RunTime:0.000562s ]

[ 2017-06-25T12:34:23+08:00 ] 123.151.139.155 /index.php/Qt/Login/wxlogin
INFO: [ app_init ] --START--
INFO: Run Behavior\BuildLiteBehavior [ RunTime:0.000016s ]
INFO: [ app_init ] --END-- [ RunTime:0.000362s ]

[ 2017-06-25T12:34:25+08:00 ] 123.151.139.155 /index.php/Qt/Login/wxlogin?code=071FhDav1AA4Mc0LTI8v1Xbuav1FhDal&state=STATE
INFO: [ app_init ] --START--
INFO: Run Behavior\BuildLiteBehavior [ RunTime:0.000016s ]
INFO: [ app_init ] --END-- [ RunTime:0.000367s ]

[ 2017-06-25T12:34:26+08:00 ] 101.226.125.103 /index.php/Qt/Login/quit.html
INFO: [ app_init ] --START--
INFO: Run Behavior\BuildLiteBehavior [ RunTime:0.000016s ]
INFO: [ app_init ] --END-- [ RunTime:0.000379s ]

[ 2017-06-25T12:34:26+08:00 ] 101.226.125.103 /index.php/Qt/Login/dl.html
INFO: [ app_init ] --START--
INFO: Run Behavior\BuildLiteBehavior [ RunTime:0.000024s ]
INFO: [ app_init ] --END-- [ RunTime:0.000368s ]

[ 2017-06-25T12:34:27+08:00 ] 123.151.139.155 /index.php/Qt/Login/wxlogin?code=041E0oh70hXd2K1kOWe70Ixdh70E0ohu&state=STATE
INFO: [ app_init ] --START--
INFO: Run Behavior\BuildLiteBehavior [ RunTime:0.000016s ]
INFO: [ app_init ] --END-- [ RunTime:0.000377s ]

[ 2017-06-25T12:34:28+08:00 ] 123.151.139.155 /index.php/Qt/index/index.html
INFO: [ app_init ] --START--
INFO: Run Behavior\BuildLiteBehavior [ RunTime:0.000017s ]
INFO: [ app_init ] --END-- [ RunTime:0.000381s ]

[ 2017-06-25T12:34:33+08:00 ] 123.151.139.155 /index.php/Qt/Mr/mr.html
INFO: [ app_init ] --START--
INFO: Run Behavior\BuildLiteBehavior [ RunTime:0.000018s ]
INFO: [ app_init ] --END-- [ RunTime:0.000394s ]

[ 2017-06-25T12:34:38+08:00 ] 123.151.139.155 /index.php/Qt/User/zl.html
INFO: [ app_init ] --START--
INFO: Run Behavior\BuildLiteBehavior [ RunTime:0.000017s ]
INFO: [ app_init ] --END-- [ RunTime:0.000363s ]

[ 2017-06-25T12:40:36+08:00 ] 112.102.73.66 /index.php/Qt/Mr/mr.html
INFO: [ app_init ] --START--
INFO: Run Behavior\BuildLiteBehavior [ RunTime:0.000016s ]
INFO: [ app_init ] --END-- [ RunTime:0.000441s ]

[ 2017-06-25T12:40:39+08:00 ] 112.102.73.66 /index.php/Qt/Login/quit.html
INFO: [ app_init ] --START--
INFO: Run Behavior\BuildLiteBehavior [ RunTime:0.000015s ]
INFO: [ app_init ] --END-- [ RunTime:0.000368s ]

[ 2017-06-25T12:40:39+08:00 ] 112.102.73.66 /index.php/Qt/Login/dl.html
INFO: [ app_init ] --START--
INFO: Run Behavior\BuildLiteBehavior [ RunTime:0.000014s ]
INFO: [ app_init ] --END-- [ RunTime:0.000357s ]

[ 2017-06-25T12:40:45+08:00 ] 112.102.73.66 /index.php/Qt/Goods/sc.html
INFO: [ app_init ] --START--
INFO: Run Behavior\BuildLiteBehavior [ RunTime:0.000017s ]
INFO: [ app_init ] --END-- [ RunTime:0.000360s ]

[ 2017-06-25T12:40:50+08:00 ] 112.102.73.66 /index.php/Qt/Mr/mr.html
INFO: [ app_init ] --START--
INFO: Run Behavior\BuildLiteBehavior [ RunTime:0.000016s ]
INFO: [ app_init ] --END-- [ RunTime:0.000384s ]

[ 2017-06-25T12:40:50+08:00 ] 112.102.73.66 /index.php/Qt/Login/dl.html
INFO: [ app_init ] --START--
INFO: Run Behavior\BuildLiteBehavior [ RunTime:0.000015s ]
INFO: [ app_init ] --END-- [ RunTime:0.000364s ]

[ 2017-06-25T12:40:55+08:00 ] 123.151.139.155 /index.php/Qt/Login/quit.html
INFO: [ app_init ] --START--
INFO: Run Behavior\BuildLiteBehavior [ RunTime:0.000015s ]
INFO: [ app_init ] --END-- [ RunTime:0.000373s ]

[ 2017-06-25T12:40:55+08:00 ] 123.151.139.155 /index.php/Qt/Login/dl.html
INFO: [ app_init ] --START--
INFO: Run Behavior\BuildLiteBehavior [ RunTime:0.000015s ]
INFO: [ app_init ] --END-- [ RunTime:0.000364s ]

[ 2017-06-25T12:40:56+08:00 ] 123.151.139.155 /index.php/Qt/Login/redirec.html
INFO: [ app_init ] --START--
INFO: Run Behavior\BuildLiteBehavior [ RunTime:0.000022s ]
INFO: [ app_init ] --END-- [ RunTime:0.000370s ]

[ 2017-06-25T12:40:57+08:00 ] 123.151.139.155 /index.php/Qt/Login/wxlogin
INFO: [ app_init ] --START--
INFO: Run Behavior\BuildLiteBehavior [ RunTime:0.000016s ]
INFO: [ app_init ] --END-- [ RunTime:0.000358s ]

[ 2017-06-25T12:41:00+08:00 ] 123.151.139.155 /index.php/Qt/Login/wxlogin?code=061Cl1wn10buzk0v4Qvn1T1Jvn1Cl1w1&state=STATE
INFO: [ app_init ] --START--
INFO: Run Behavior\BuildLiteBehavior [ RunTime:0.000015s ]
INFO: [ app_init ] --END-- [ RunTime:0.000358s ]

[ 2017-06-25T12:41:03+08:00 ] 123.151.139.155 /index.php/Qt/Login/wxlogin?code=041dQwqA1Zv8ai0DzjrA1c5wqA1dQwql&state=STATE
INFO: [ app_init ] --START--
INFO: Run Behavior\BuildLiteBehavior [ RunTime:0.000016s ]
INFO: [ app_init ] --END-- [ RunTime:0.000430s ]

[ 2017-06-25T12:41:04+08:00 ] 123.151.139.155 /index.php/Qt/index/index.html
INFO: [ app_init ] --START--
INFO: Run Behavior\BuildLiteBehavior [ RunTime:0.000016s ]
INFO: [ app_init ] --END-- [ RunTime:0.000372s ]

[ 2017-06-25T12:41:04+08:00 ] 123.151.139.155 /index.php/Qt/Login/wxlogin
INFO: [ app_init ] --START--
INFO: Run Behavior\BuildLiteBehavior [ RunTime:0.000018s ]
INFO: [ app_init ] --END-- [ RunTime:0.000375s ]

[ 2017-06-25T12:41:06+08:00 ] 123.151.139.155 /index.php/Qt/Login/wxlogin?code=021w37C90eIGdu1gEsA905fXB90w37Cx&state=STATE
INFO: [ app_init ] --START--
INFO: Run Behavior\BuildLiteBehavior [ RunTime:0.000016s ]
INFO: [ app_init ] --END-- [ RunTime:0.000392s ]

[ 2017-06-25T12:41:07+08:00 ] 123.151.139.155 /index.php/Qt/Login/wxlogin?code=051cE4OV00sdeY1I9hPV061TNV0cE4OY&state=STATE
INFO: [ app_init ] --START--
INFO: Run Behavior\BuildLiteBehavior [ RunTime:0.000015s ]
INFO: [ app_init ] --END-- [ RunTime:0.000355s ]

[ 2017-06-25T12:41:08+08:00 ] 123.151.139.155 /index.php/Qt/index/index.html
INFO: [ app_init ] --START--
INFO: Run Behavior\BuildLiteBehavior [ RunTime:0.000016s ]
INFO: [ app_init ] --END-- [ RunTime:0.000383s ]

[ 2017-06-25T12:41:13+08:00 ] 123.151.139.155 /index.php/Qt/Mr/mr.html
INFO: [ app_init ] --START--
INFO: Run Behavior\BuildLiteBehavior [ RunTime:0.000018s ]
INFO: [ app_init ] --END-- [ RunTime:0.000397s ]

[ 2017-06-25T12:41:42+08:00 ] 112.102.73.66 /index.php/Qt/Login/dl
INFO: [ app_init ] --START--
INFO: Run Behavior\BuildLiteBehavior [ RunTime:0.000016s ]
INFO: [ app_init ] --END-- [ RunTime:0.000375s ]

[ 2017-06-25T12:41:43+08:00 ] 112.102.73.66 /index.php/Qt/Mr/mr.html
INFO: [ app_init ] --START--
INFO: Run Behavior\BuildLiteBehavior [ RunTime:0.000016s ]
INFO: [ app_init ] --END-- [ RunTime:0.000351s ]

[ 2017-06-25T12:41:58+08:00 ] 112.102.73.66 /index.php/Qt/User/zl.html
INFO: [ app_init ] --START--
INFO: Run Behavior\BuildLiteBehavior [ RunTime:0.000016s ]
INFO: [ app_init ] --END-- [ RunTime:0.000358s ]

[ 2017-06-25T12:42:02+08:00 ] 112.102.73.66 /index.php/Qt/Mr/mr.html
INFO: [ app_init ] --START--
INFO: Run Behavior\BuildLiteBehavior [ RunTime:0.000016s ]
INFO: [ app_init ] --END-- [ RunTime:0.000384s ]

[ 2017-06-25T12:43:31+08:00 ] 123.151.139.155 /index.php/Qt/Login/quit.html
INFO: [ app_init ] --START--
INFO: Run Behavior\BuildLiteBehavior [ RunTime:0.000016s ]
INFO: [ app_init ] --END-- [ RunTime:0.000432s ]

[ 2017-06-25T12:43:31+08:00 ] 123.151.139.155 /index.php/Qt/Login/dl.html
INFO: [ app_init ] --START--
INFO: Run Behavior\BuildLiteBehavior [ RunTime:0.000015s ]
INFO: [ app_init ] --END-- [ RunTime:0.000372s ]

[ 2017-06-25T12:43:33+08:00 ] 123.151.139.155 /index.php/Qt/Login/redirec.html
INFO: [ app_init ] --START--
INFO: Run Behavior\BuildLiteBehavior [ RunTime:0.000015s ]
INFO: [ app_init ] --END-- [ RunTime:0.000371s ]

[ 2017-06-25T12:43:34+08:00 ] 123.151.139.155 /index.php/Qt/Login/wxlogin
INFO: [ app_init ] --START--
INFO: Run Behavior\BuildLiteBehavior [ RunTime:0.000016s ]
INFO: [ app_init ] --END-- [ RunTime:0.000372s ]

[ 2017-06-25T12:43:36+08:00 ] 123.151.139.155 /index.php/Qt/Login/wxlogin?code=031fDbl00lLN3D1REKk00lUil00fDblj&state=STATE
INFO: [ app_init ] --START--
INFO: Run Behavior\BuildLiteBehavior [ RunTime:0.000016s ]
INFO: [ app_init ] --END-- [ RunTime:0.000357s ]

[ 2017-06-25T12:43:37+08:00 ] 123.151.139.155 /index.php/Qt/Login/wxlogin?code=001bJqHW0rkftX19KKHW0QLdHW0bJqHl&state=STATE
INFO: [ app_init ] --START--
INFO: Run Behavior\BuildLiteBehavior [ RunTime:0.000015s ]
INFO: [ app_init ] --END-- [ RunTime:0.000390s ]

[ 2017-06-25T12:43:39+08:00 ] 123.151.139.155 /index.php/Qt/Login/wxlogin?code=011gRsye1Wj7Gt0htdve1Fzsye1gRsyc&state=STATE
INFO: [ app_init ] --START--
INFO: Run Behavior\BuildLiteBehavior [ RunTime:0.000015s ]
INFO: [ app_init ] --END-- [ RunTime:0.000422s ]

[ 2017-06-25T12:43:41+08:00 ] 123.151.139.155 /index.php/Qt/index/index.html
INFO: [ app_init ] --START--
INFO: Run Behavior\BuildLiteBehavior [ RunTime:0.000016s ]
INFO: [ app_init ] --END-- [ RunTime:0.000357s ]

[ 2017-06-25T12:43:56+08:00 ] 123.151.139.155 /index.php/Qt/Mr/mr.html
INFO: [ app_init ] --START--
INFO: Run Behavior\BuildLiteBehavior [ RunTime:0.000023s ]
INFO: [ app_init ] --END-- [ RunTime:0.000368s ]

[ 2017-06-25T12:44:05+08:00 ] 123.151.139.155 /
INFO: [ app_init ] --START--
INFO: Run Behavior\BuildLiteBehavior [ RunTime:0.000015s ]
INFO: [ app_init ] --END-- [ RunTime:0.000380s ]

[ 2017-06-25T12:44:15+08:00 ] 123.151.139.155 /index.php/Qt/Mr/mr.html
INFO: [ app_init ] --START--
INFO: Run Behavior\BuildLiteBehavior [ RunTime:0.000016s ]
INFO: [ app_init ] --END-- [ RunTime:0.000383s ]

[ 2017-06-25T12:44:21+08:00 ] 123.151.139.155 /index.php/Qt/User/zl.html
INFO: [ app_init ] --START--
INFO: Run Behavior\BuildLiteBehavior [ RunTime:0.000016s ]
INFO: [ app_init ] --END-- [ RunTime:0.002171s ]

[ 2017-06-25T12:44:31+08:00 ] 61.151.226.199 /index.php/Qt/User/zl.html
INFO: [ app_init ] --START--
INFO: Run Behavior\BuildLiteBehavior [ RunTime:0.000016s ]
INFO: [ app_init ] --END-- [ RunTime:0.000362s ]

[ 2017-06-25T12:45:00+08:00 ] 123.151.139.155 /index.php/Qt/Product/goumai.html
INFO: [ app_init ] --START--
INFO: Run Behavior\BuildLiteBehavior [ RunTime:0.000016s ]
INFO: [ app_init ] --END-- [ RunTime:0.000368s ]

[ 2017-06-25T12:45:01+08:00 ] 112.102.73.66 /index.php/Qt/Product/css/mr.css
INFO: [ app_init ] --START--
INFO: Run Behavior\BuildLiteBehavior [ RunTime:0.000022s ]
INFO: [ app_init ] --END-- [ RunTime:0.000397s ]
ERR: 非法操作:css

[ 2017-06-25T12:45:20+08:00 ] 112.102.73.66 /
INFO: [ app_init ] --START--
INFO: Run Behavior\BuildLiteBehavior [ RunTime:0.000015s ]
INFO: [ app_init ] --END-- [ RunTime:0.000372s ]

[ 2017-06-25T12:45:41+08:00 ] 112.102.73.66 /index.php/Qt/Mr/mr.html
INFO: [ app_init ] --START--
INFO: Run Behavior\BuildLiteBehavior [ RunTime:0.000015s ]
INFO: [ app_init ] --END-- [ RunTime:0.000404s ]

[ 2017-06-25T12:45:42+08:00 ] 112.102.73.66 /index.php/Qt/Login/quit.html
INFO: [ app_init ] --START--
INFO: Run Behavior\BuildLiteBehavior [ RunTime:0.000018s ]
INFO: [ app_init ] --END-- [ RunTime:0.000393s ]

[ 2017-06-25T12:45:42+08:00 ] 112.102.73.66 /index.php/Qt/Login/dl.html
INFO: [ app_init ] --START--
INFO: Run Behavior\BuildLiteBehavior [ RunTime:0.000017s ]
INFO: [ app_init ] --END-- [ RunTime:0.000385s ]

[ 2017-06-25T12:45:48+08:00 ] 112.102.73.66 /index.php/Qt/Product/goumai.html
INFO: [ app_init ] --START--
INFO: Run Behavior\BuildLiteBehavior [ RunTime:0.000016s ]
INFO: [ app_init ] --END-- [ RunTime:0.000364s ]

[ 2017-06-25T12:45:49+08:00 ] 112.102.73.66 /index.php/Qt/Product/css/mr.css
INFO: [ app_init ] --START--
INFO: Run Behavior\BuildLiteBehavior [ RunTime:0.000016s ]
INFO: [ app_init ] --END-- [ RunTime:0.000380s ]
ERR: 非法操作:css

[ 2017-06-25T12:48:37+08:00 ] 112.102.73.66 /index.php/Qt/Mr/mr.html
INFO: [ app_init ] --START--
INFO: Run Behavior\BuildLiteBehavior [ RunTime:0.000016s ]
INFO: [ app_init ] --END-- [ RunTime:0.000423s ]

[ 2017-06-25T12:48:37+08:00 ] 112.102.73.66 /index.php/Qt/Login/dl.html
INFO: [ app_init ] --START--
INFO: Run Behavior\BuildLiteBehavior [ RunTime:0.000016s ]
INFO: [ app_init ] --END-- [ RunTime:0.000363s ]

[ 2017-06-25T12:48:47+08:00 ] 112.102.73.66 /
INFO: [ app_init ] --START--
INFO: Run Behavior\BuildLiteBehavior [ RunTime:0.000016s ]
INFO: [ app_init ] --END-- [ RunTime:0.000359s ]

[ 2017-06-25T12:48:53+08:00 ] 112.102.73.66 /index.php/Qt/Product/goumai.html
INFO: [ app_init ] --START--
INFO: Run Behavior\BuildLiteBehavior [ RunTime:0.000016s ]
INFO: [ app_init ] --END-- [ RunTime:0.000371s ]

[ 2017-06-25T12:48:53+08:00 ] 112.102.73.66 /index.php/Qt/Login/dl.html
INFO: [ app_init ] --START--
INFO: Run Behavior\BuildLiteBehavior [ RunTime:0.000015s ]
INFO: [ app_init ] --END-- [ RunTime:0.000369s ]

[ 2017-06-25T12:49:07+08:00 ] 112.102.73.66 /index.php/Qt/Yl/yl.html
INFO: [ app_init ] --START--
INFO: Run Behavior\BuildLiteBehavior [ RunTime:0.000018s ]
INFO: [ app_init ] --END-- [ RunTime:0.000385s ]

[ 2017-06-25T12:49:08+08:00 ] 112.102.73.66 /index.php/Qt/Yl/yl.html
INFO: [ app_init ] --START--
INFO: Run Behavior\BuildLiteBehavior [ RunTime:0.000015s ]
INFO: [ app_init ] --END-- [ RunTime:0.000347s ]

[ 2017-06-25T12:50:46+08:00 ] 112.102.73.66 /
INFO: [ app_init ] --START--
INFO: Run Behavior\BuildLiteBehavior [ RunTime:0.000015s ]
INFO: [ app_init ] --END-- [ RunTime:0.000435s ]

[ 2017-06-25T12:50:49+08:00 ] 112.102.73.66 /index.php/Qt/Mr/mr.html
INFO: [ app_init ] --START--
INFO: Run Behavior\BuildLiteBehavior [ RunTime:0.000015s ]
INFO: [ app_init ] --END-- [ RunTime:0.000372s ]

[ 2017-06-25T12:50:49+08:00 ] 112.102.73.66 /index.php/Qt/Login/dl.html
INFO: [ app_init ] --START--
INFO: Run Behavior\BuildLiteBehavior [ RunTime:0.000022s ]
INFO: [ app_init ] --END-- [ RunTime:0.000536s ]

[ 2017-06-25T12:50:56+08:00 ] 112.102.73.66 /index.php/Qt/Yl/yl.html
INFO: [ app_init ] --START--
INFO: Run Behavior\BuildLiteBehavior [ RunTime:0.000017s ]
INFO: [ app_init ] --END-- [ RunTime:0.000370s ]

[ 2017-06-25T12:50:57+08:00 ] 112.102.73.66 /index.php/Qt/Yl/yl.html
INFO: [ app_init ] --START--
INFO: Run Behavior\BuildLiteBehavior [ RunTime:0.000016s ]
INFO: [ app_init ] --END-- [ RunTime:0.000371s ]

[ 2017-06-25T12:51:33+08:00 ] 112.102.73.66 /
INFO: [ app_init ] --START--
INFO: Run Behavior\BuildLiteBehavior [ RunTime:0.000015s ]
INFO: [ app_init ] --END-- [ RunTime:0.000357s ]

[ 2017-06-25T12:53:24+08:00 ] 112.102.73.66 /index.php/Qt/Mr/mr.html
INFO: [ app_init ] --START--
INFO: Run Behavior\BuildLiteBehavior [ RunTime:0.000017s ]
INFO: [ app_init ] --END-- [ RunTime:0.000429s ]

[ 2017-06-25T12:53:25+08:00 ] 112.102.73.66 /index.php/Qt/Login/dl.html
INFO: [ app_init ] --START--
INFO: Run Behavior\BuildLiteBehavior [ RunTime:0.000016s ]
INFO: [ app_init ] --END-- [ RunTime:0.000371s ]

[ 2017-06-25T12:55:40+08:00 ] 112.102.73.66 /index.php/Qt/Goods/sc.html
INFO: [ app_init ] --START--
INFO: Run Behavior\BuildLiteBehavior [ RunTime:0.000019s ]
INFO: [ app_init ] --END-- [ RunTime:0.000437s ]

[ 2017-06-25T12:55:44+08:00 ] 112.102.73.66 /index.php/Qt/Goods/sc_xx/gid/12.html
INFO: [ app_init ] --START--
INFO: Run Behavior\BuildLiteBehavior [ RunTime:0.000015s ]
INFO: [ app_init ] --END-- [ RunTime:0.000368s ]

[ 2017-06-25T12:57:14+08:00 ] 112.102.73.66 /index.php/Qt/Goods/dd_xx/gid/12.html
INFO: [ app_init ] --START--
INFO: Run Behavior\BuildLiteBehavior [ RunTime:0.000016s ]
INFO: [ app_init ] --END-- [ RunTime:0.000370s ]

[ 2017-06-25T12:57:15+08:00 ] 112.102.73.66 /index.php/Qt/Login/dl.html
INFO: [ app_init ] --START--
INFO: Run Behavior\BuildLiteBehavior [ RunTime:0.000016s ]
INFO: [ app_init ] --END-- [ RunTime:0.000364s ]

[ 2017-06-25T12:58:54+08:00 ] 112.102.73.66 /index.php/Qt/Login/dl
INFO: [ app_init ] --START--
INFO: Run Behavior\BuildLiteBehavior [ RunTime:0.000016s ]
INFO: [ app_init ] --END-- [ RunTime:0.000437s ]

[ 2017-06-25T12:58:55+08:00 ] 112.102.73.66 /index.php/Qt/Mr/mr.html
INFO: [ app_init ] --START--
INFO: Run Behavior\BuildLiteBehavior [ RunTime:0.000015s ]
INFO: [ app_init ] --END-- [ RunTime:0.000372s ]

[ 2017-06-25T12:59:00+08:00 ] 112.102.73.66 /index.php/Qt/User/zl.html
INFO: [ app_init ] --START--
INFO: Run Behavior\BuildLiteBehavior [ RunTime:0.000016s ]
INFO: [ app_init ] --END-- [ RunTime:0.000375s ]

[ 2017-06-25T12:59:04+08:00 ] 112.102.73.66 /index.php/Qt/User/sfrz.html
INFO: [ app_init ] --START--
INFO: Run Behavior\BuildLiteBehavior [ RunTime:0.000016s ]
INFO: [ app_init ] --END-- [ RunTime:0.000366s ]

[ 2017-06-25T13:00:06+08:00 ] 112.102.73.66 /index.php/Qt/User/sfrz.html
INFO: [ app_init ] --START--
INFO: Run Behavior\BuildLiteBehavior [ RunTime:0.000026s ]
INFO: [ app_init ] --END-- [ RunTime:0.000383s ]

[ 2017-06-25T13:02:27+08:00 ] 110.75.145.1 /
INFO: [ app_init ] --START--
INFO: Run Behavior\BuildLiteBehavior [ RunTime:0.000015s ]
INFO: [ app_init ] --END-- [ RunTime:0.000419s ]

[ 2017-06-25T13:02:33+08:00 ] 110.75.145.1 /index.php/Qt/Yl/yl.html
INFO: [ app_init ] --START--
INFO: Run Behavior\BuildLiteBehavior [ RunTime:0.000017s ]
INFO: [ app_init ] --END-- [ RunTime:0.000361s ]

[ 2017-06-25T13:02:37+08:00 ] 110.75.145.2 /index.php/Qt/Product/goumai.html
INFO: [ app_init ] --START--
INFO: Run Behavior\BuildLiteBehavior [ RunTime:0.000017s ]
INFO: [ app_init ] --END-- [ RunTime:0.000362s ]

[ 2017-06-25T13:02:37+08:00 ] 110.75.145.1 /index.php/Qt/Login/dl.html
INFO: [ app_init ] --START--
INFO: Run Behavior\BuildLiteBehavior [ RunTime:0.000019s ]
INFO: [ app_init ] --END-- [ RunTime:0.000391s ]

[ 2017-06-25T13:02:41+08:00 ] 110.75.145.2 /index.php/Qt/Login/zc.html
INFO: [ app_init ] --START--
INFO: Run Behavior\BuildLiteBehavior [ RunTime:0.000016s ]
INFO: [ app_init ] --END-- [ RunTime:0.000364s ]

[ 2017-06-25T13:02:46+08:00 ] 110.75.145.1 /index.php/Qt/Login/redirec.html
INFO: [ app_init ] --START--
INFO: Run Behavior\BuildLiteBehavior [ RunTime:0.000015s ]
INFO: [ app_init ] --END-- [ RunTime:0.000368s ]

[ 2017-06-25T13:02:52+08:00 ] 110.75.145.1 /index.php/Qt/Login/wjmm.html
INFO: [ app_init ] --START--
INFO: Run Behavior\BuildLiteBehavior [ RunTime:0.000016s ]
INFO: [ app_init ] --END-- [ RunTime:0.000361s ]

[ 2017-06-25T13:03:15+08:00 ] 112.102.73.66 /
INFO: [ app_init ] --START--
INFO: Run Behavior\BuildLiteBehavior [ RunTime:0.000017s ]
INFO: [ app_init ] --END-- [ RunTime:0.000367s ]

[ 2017-06-25T13:03:56+08:00 ] 112.102.73.66 /index.php/Qt/Mr/mr.html
INFO: [ app_init ] --START--
INFO: Run Behavior\BuildLiteBehavior [ RunTime:0.000016s ]
INFO: [ app_init ] --END-- [ RunTime:0.000369s ]

[ 2017-06-25T13:04:01+08:00 ] 112.102.73.66 /index.php/Qt/User/zl.html
INFO: [ app_init ] --START--
INFO: Run Behavior\BuildLiteBehavior [ RunTime:0.000016s ]
INFO: [ app_init ] --END-- [ RunTime:0.000403s ]

[ 2017-06-25T13:09:27+08:00 ] 112.102.73.66 /
INFO: [ app_init ] --START--
INFO: Run Behavior\BuildLiteBehavior [ RunTime:0.000016s ]
INFO: [ app_init ] --END-- [ RunTime:0.000418s ]

[ 2017-06-25T13:09:57+08:00 ] 112.102.73.66 /index.php/Qt/Mr/mr.html
INFO: [ app_init ] --START--
INFO: Run Behavior\BuildLiteBehavior [ RunTime:0.000016s ]
INFO: [ app_init ] --END-- [ RunTime:0.000367s ]

[ 2017-06-25T13:10:01+08:00 ] 112.102.73.66 /index.php/Qt/Product/goumai.html
INFO: [ app_init ] --START--
INFO: Run Behavior\BuildLiteBehavior [ RunTime:0.000016s ]
INFO: [ app_init ] --END-- [ RunTime:0.000366s ]

[ 2017-06-25T13:10:03+08:00 ] 112.102.73.66 /index.php/Qt/Product/css/mr.css
INFO: [ app_init ] --START--
INFO: Run Behavior\BuildLiteBehavior [ RunTime:0.000016s ]
INFO: [ app_init ] --END-- [ RunTime:0.000367s ]
ERR: 非法操作:css

[ 2017-06-25T13:10:06+08:00 ] 112.102.73.66 /index.php/Qt/Product/goumai_xx
INFO: [ app_init ] --START--
INFO: Run Behavior\BuildLiteBehavior [ RunTime:0.000016s ]
INFO: [ app_init ] --END-- [ RunTime:0.000361s ]

[ 2017-06-25T13:12:12+08:00 ] 112.102.73.66 /index.php/Qt/Product/css/mr.css
INFO: [ app_init ] --START--
INFO: Run Behavior\BuildLiteBehavior [ RunTime:0.000016s ]
INFO: [ app_init ] --END-- [ RunTime:0.000437s ]
ERR: 非法操作:css

[ 2017-06-25T13:12:14+08:00 ] 112.102.73.66 /index.php/Qt/Product/goumai_xx
INFO: [ app_init ] --START--
INFO: Run Behavior\BuildLiteBehavior [ RunTime:0.000016s ]
INFO: [ app_init ] --END-- [ RunTime:0.000372s ]

[ 2017-06-25T13:16:47+08:00 ] 112.102.73.66 /index.php/Qt/Product/css/mr.css
INFO: [ app_init ] --START--
INFO: Run Behavior\BuildLiteBehavior [ RunTime:0.000016s ]
INFO: [ app_init ] --END-- [ RunTime:0.000419s ]
ERR: 非法操作:css

[ 2017-06-25T13:16:57+08:00 ] 112.102.73.66 /index.php/Qt/Product/goumai_dd
INFO: [ app_init ] --START--
INFO: Run Behavior\BuildLiteBehavior [ RunTime:0.000016s ]
INFO: [ app_init ] --END-- [ RunTime:0.000372s ]

[ 2017-06-25T13:17:02+08:00 ] 112.102.73.66 /index.php/Qt/Product/goumai.html
INFO: [ app_init ] --START--
INFO: Run Behavior\BuildLiteBehavior [ RunTime:0.000016s ]
INFO: [ app_init ] --END-- [ RunTime:0.000374s ]

[ 2017-06-25T13:17:03+08:00 ] 112.102.73.66 /index.php/Qt/Product/css/mr.css
INFO: [ app_init ] --START--
INFO: Run Behavior\BuildLiteBehavior [ RunTime:0.000016s ]
INFO: [ app_init ] --END-- [ RunTime:0.000379s ]
ERR: 非法操作:css

[ 2017-06-25T13:19:07+08:00 ] 123.166.78.71 /
INFO: [ app_init ] --START--
INFO: Run Behavior\BuildLiteBehavior [ RunTime:0.000016s ]
INFO: [ app_init ] --END-- [ RunTime:0.000407s ]

[ 2017-06-25T13:19:12+08:00 ] 123.166.78.71 /
INFO: [ app_init ] --START--
INFO: Run Behavior\BuildLiteBehavior [ RunTime:0.000016s ]
INFO: [ app_init ] --END-- [ RunTime:0.000371s ]

[ 2017-06-25T13:24:35+08:00 ] 112.102.73.66 /
INFO: [ app_init ] --START--
INFO: Run Behavior\BuildLiteBehavior [ RunTime:0.000016s ]
INFO: [ app_init ] --END-- [ RunTime:0.000419s ]

[ 2017-06-25T13:25:39+08:00 ] 112.102.73.66 /index.php/Qt/Mr/mr.html
INFO: [ app_init ] --START--
INFO: Run Behavior\BuildLiteBehavior [ RunTime:0.000016s ]
INFO: [ app_init ] --END-- [ RunTime:0.000428s ]

[ 2017-06-25T13:25:42+08:00 ] 112.102.73.66 /index.php/Qt/Product/goumai.html
INFO: [ app_init ] --START--
INFO: Run Behavior\BuildLiteBehavior [ RunTime:0.000016s ]
INFO: [ app_init ] --END-- [ RunTime:0.000374s ]

[ 2017-06-25T13:26:35+08:00 ] 112.102.73.66 /index.php/Qt/Product/goumai.html
INFO: [ app_init ] --START--
INFO: Run Behavior\BuildLiteBehavior [ RunTime:0.000016s ]
INFO: [ app_init ] --END-- [ RunTime:0.000368s ]

[ 2017-06-25T13:26:36+08:00 ] 112.102.73.66 /index.php/Qt/User/sfrz.html
INFO: [ app_init ] --START--
INFO: Run Behavior\BuildLiteBehavior [ RunTime:0.000016s ]
INFO: [ app_init ] --END-- [ RunTime:0.000361s ]

[ 2017-06-25T13:27:13+08:00 ] 112.102.73.66 /index.php/Qt/Product/goumai.html
INFO: [ app_init ] --START--
INFO: Run Behavior\BuildLiteBehavior [ RunTime:0.000016s ]
INFO: [ app_init ] --END-- [ RunTime:0.000374s ]

[ 2017-06-25T13:27:14+08:00 ] 112.102.73.66 /index.php/Qt/Product/css/mr.css
INFO: [ app_init ] --START--
INFO: Run Behavior\BuildLiteBehavior [ RunTime:0.000016s ]
INFO: [ app_init ] --END-- [ RunTime:0.000361s ]
ERR: 非法操作:css

[ 2017-06-25T13:29:00+08:00 ] 123.166.78.71 /
INFO: [ app_init ] --START--
INFO: Run Behavior\BuildLiteBehavior [ RunTime:0.000016s ]
INFO: [ app_init ] --END-- [ RunTime:0.000403s ]

[ 2017-06-25T13:29:04+08:00 ] 123.166.78.71 /
INFO: [ app_init ] --START--
INFO: Run Behavior\BuildLiteBehavior [ RunTime:0.000016s ]
INFO: [ app_init ] --END-- [ RunTime:0.000430s ]

[ 2017-06-25T13:29:19+08:00 ] 123.166.78.71 /index.php/Qt/Yl/yl.html
INFO: [ app_init ] --START--
INFO: Run Behavior\BuildLiteBehavior [ RunTime:0.000022s ]
INFO: [ app_init ] --END-- [ RunTime:0.000554s ]

[ 2017-06-25T13:29:20+08:00 ] 123.166.78.71 /index.php/Qt/Yl/yl.html
INFO: [ app_init ] --START--
INFO: Run Behavior\BuildLiteBehavior [ RunTime:0.000024s ]
INFO: [ app_init ] --END-- [ RunTime:0.000365s ]

[ 2017-06-25T13:30:31+08:00 ] 123.166.78.71 /index.php/Qt/Mr/mr.html
INFO: [ app_init ] --START--
INFO: Run Behavior\BuildLiteBehavior [ RunTime:0.000016s ]
INFO: [ app_init ] --END-- [ RunTime:0.000381s ]

[ 2017-06-25T13:30:31+08:00 ] 123.166.78.71 /index.php/Qt/Login/dl.html
INFO: [ app_init ] --START--
INFO: Run Behavior\BuildLiteBehavior [ RunTime:0.000015s ]
INFO: [ app_init ] --END-- [ RunTime:0.000351s ]

[ 2017-06-25T13:30:40+08:00 ] 123.166.78.71 /index.php/Qt/Product/goumai.html
INFO: [ app_init ] --START--
INFO: Run Behavior\BuildLiteBehavior [ RunTime:0.000016s ]
INFO: [ app_init ] --END-- [ RunTime:0.000369s ]

[ 2017-06-25T13:30:40+08:00 ] 123.166.78.71 /index.php/Qt/Login/dl.html
INFO: [ app_init ] --START--
INFO: Run Behavior\BuildLiteBehavior [ RunTime:0.000016s ]
INFO: [ app_init ] --END-- [ RunTime:0.000391s ]

[ 2017-06-25T13:30:46+08:00 ] 123.166.78.71 /index.php/Qt/Product/goumai.html
INFO: [ app_init ] --START--
INFO: Run Behavior\BuildLiteBehavior [ RunTime:0.000016s ]
INFO: [ app_init ] --END-- [ RunTime:0.000354s ]

[ 2017-06-25T13:30:46+08:00 ] 123.166.78.71 /index.php/Qt/Login/dl.html
INFO: [ app_init ] --START--
INFO: Run Behavior\BuildLiteBehavior [ RunTime:0.000015s ]
INFO: [ app_init ] --END-- [ RunTime:0.000360s ]

[ 2017-06-25T13:30:56+08:00 ] 123.166.78.71 /index.php/Qt/Mr/mr.html
INFO: [ app_init ] --START--
INFO: Run Behavior\BuildLiteBehavior [ RunTime:0.000015s ]
INFO: [ app_init ] --END-- [ RunTime:0.000360s ]

[ 2017-06-25T13:30:56+08:00 ] 123.166.78.71 /index.php/Qt/Login/dl.html
INFO: [ app_init ] --START--
INFO: Run Behavior\BuildLiteBehavior [ RunTime:0.000015s ]
INFO: [ app_init ] --END-- [ RunTime:0.000345s ]

[ 2017-06-25T13:31:00+08:00 ] 123.166.78.71 /index.php/Qt/Goods/sc.html
INFO: [ app_init ] --START--
INFO: Run Behavior\BuildLiteBehavior [ RunTime:0.000016s ]
INFO: [ app_init ] --END-- [ RunTime:0.000369s ]

[ 2017-06-25T13:31:03+08:00 ] 123.166.78.71 /index.php/Qt/Goods/dd.html
INFO: [ app_init ] --START--
INFO: Run Behavior\BuildLiteBehavior [ RunTime:0.000016s ]
INFO: [ app_init ] --END-- [ RunTime:0.000414s ]

[ 2017-06-25T13:31:03+08:00 ] 123.166.78.71 /index.php/Qt/Login/dl.html
INFO: [ app_init ] --START--
INFO: Run Behavior\BuildLiteBehavior [ RunTime:0.000015s ]
INFO: [ app_init ] --END-- [ RunTime:0.000358s ]

[ 2017-06-25T13:31:06+08:00 ] 123.166.78.71 /index.php/Qt/Goods/sc.html
INFO: [ app_init ] --START--
INFO: Run Behavior\BuildLiteBehavior [ RunTime:0.000016s ]
INFO: [ app_init ] --END-- [ RunTime:0.000368s ]

[ 2017-06-25T13:31:08+08:00 ] 123.166.78.71 /index.php/Qt/Goods/sc_xx/gid/12.html
INFO: [ app_init ] --START--
INFO: Run Behavior\BuildLiteBehavior [ RunTime:0.000015s ]
INFO: [ app_init ] --END-- [ RunTime:0.000384s ]

[ 2017-06-25T13:31:11+08:00 ] 123.166.78.71 /index.php/Qt/Goods/dd_xx/gid/12.html
INFO: [ app_init ] --START--
INFO: Run Behavior\BuildLiteBehavior [ RunTime:0.000016s ]
INFO: [ app_init ] --END-- [ RunTime:0.000384s ]

[ 2017-06-25T13:31:11+08:00 ] 123.166.78.71 /index.php/Qt/Login/dl.html
INFO: [ app_init ] --START--
INFO: Run Behavior\BuildLiteBehavior [ RunTime:0.000015s ]
INFO: [ app_init ] --END-- [ RunTime:0.000351s ]

[ 2017-06-25T13:31:13+08:00 ] 123.166.78.71 /index.php/Qt/Mr/mr.html
INFO: [ app_init ] --START--
INFO: Run Behavior\BuildLiteBehavior [ RunTime:0.000015s ]
INFO: [ app_init ] --END-- [ RunTime:0.000368s ]

[ 2017-06-25T13:31:13+08:00 ] 123.166.78.71 /index.php/Qt/Login/dl.html
INFO: [ app_init ] --START--
INFO: Run Behavior\BuildLiteBehavior [ RunTime:0.000015s ]
INFO: [ app_init ] --END-- [ RunTime:0.000350s ]

[ 2017-06-25T13:31:17+08:00 ] 123.166.78.71 /index.php/Qt/Product/goumai.html
INFO: [ app_init ] --START--
INFO: Run Behavior\BuildLiteBehavior [ RunTime:0.000016s ]
INFO: [ app_init ] --END-- [ RunTime:0.000372s ]

[ 2017-06-25T13:31:17+08:00 ] 123.166.78.71 /index.php/Qt/Login/dl.html
INFO: [ app_init ] --START--
INFO: Run Behavior\BuildLiteBehavior [ RunTime:0.000015s ]
INFO: [ app_init ] --END-- [ RunTime:0.000357s ]

[ 2017-06-25T19:29:33+08:00 ] 123.151.139.155 /
INFO: [ app_init ] --START--
INFO: Run Behavior\BuildLiteBehavior [ RunTime:0.000017s ]
INFO: [ app_init ] --END-- [ RunTime:0.000432s ]

[ 2017-06-25T19:29:35+08:00 ] 125.39.57.39 /
INFO: [ app_init ] --START--
INFO: Run Behavior\BuildLiteBehavior [ RunTime:0.000016s ]
INFO: [ app_init ] --END-- [ RunTime:0.000369s ]

[ 2017-06-25T19:29:35+08:00 ] 111.30.132.212 /
INFO: [ app_init ] --START--
INFO: Run Behavior\BuildLiteBehavior [ RunTime:0.000017s ]
INFO: [ app_init ] --END-- [ RunTime:0.000442s ]

[ 2017-06-25T19:29:50+08:00 ] 123.151.139.155 /index.php/Qt/Mr/mr.html
INFO: [ app_init ] --START--
INFO: Run Behavior\BuildLiteBehavior [ RunTime:0.000017s ]
INFO: [ app_init ] --END-- [ RunTime:0.000368s ]

[ 2017-06-25T19:29:53+08:00 ] 123.151.139.155 /index.php/Qt/Money/qb.html
INFO: [ app_init ] --START--
INFO: Run Behavior\BuildLiteBehavior [ RunTime:0.000016s ]
INFO: [ app_init ] --END-- [ RunTime:0.000375s ]

[ 2017-06-25T19:29:55+08:00 ] 112.102.73.66 /index.php/Qt/Money/css/mr.css
INFO: [ app_init ] --START--
INFO: Run Behavior\BuildLiteBehavior [ RunTime:0.000019s ]
INFO: [ app_init ] --END-- [ RunTime:0.000388s ]
ERR: 非法操作:css

[ 2017-06-25T19:29:57+08:00 ] 123.151.139.155 /index.php/Qt/Money/chongzhi.html
INFO: [ app_init ] --START--
INFO: Run Behavior\BuildLiteBehavior [ RunTime:0.000017s ]
INFO: [ app_init ] --END-- [ RunTime:0.000377s ]

[ 2017-06-25T19:31:23+08:00 ] 123.151.139.155 /
INFO: [ app_init ] --START--
INFO: Run Behavior\BuildLiteBehavior [ RunTime:0.000016s ]
INFO: [ app_init ] --END-- [ RunTime:0.000378s ]

[ 2017-06-25T19:31:54+08:00 ] 123.151.139.155 /index.php/Qt/Mr/mr.html
INFO: [ app_init ] --START--
INFO: Run Behavior\BuildLiteBehavior [ RunTime:0.000017s ]
INFO: [ app_init ] --END-- [ RunTime:0.000412s ]

[ 2017-06-25T19:31:58+08:00 ] 123.151.139.155 /index.php/Qt/Money/qb.html
INFO: [ app_init ] --START--
INFO: Run Behavior\BuildLiteBehavior [ RunTime:0.000016s ]
INFO: [ app_init ] --END-- [ RunTime:0.000364s ]

[ 2017-06-25T19:31:59+08:00 ] 112.102.73.66 /index.php/Qt/Money/css/mr.css
INFO: [ app_init ] --START--
INFO: Run Behavior\BuildLiteBehavior [ RunTime:0.000016s ]
INFO: [ app_init ] --END-- [ RunTime:0.000363s ]
ERR: 非法操作:css

[ 2017-06-25T19:32:01+08:00 ] 123.151.139.155 /index.php/Qt/Money/chongzhi.html
INFO: [ app_init ] --START--
INFO: Run Behavior\BuildLiteBehavior [ RunTime:0.000017s ]
INFO: [ app_init ] --END-- [ RunTime:0.000373s ]

[ 2017-06-25T19:32:19+08:00 ] 123.151.139.155 /index.php/Qt/Mr/mr?pp=+1pay=1
INFO: [ app_init ] --START--
INFO: Run Behavior\BuildLiteBehavior [ RunTime:0.000016s ]
INFO: [ app_init ] --END-- [ RunTime:0.000380s ]

[ 2017-06-25T19:32:34+08:00 ] 123.151.139.155 /index.php/Qt/Money/qb.html
INFO: [ app_init ] --START--
INFO: Run Behavior\BuildLiteBehavior [ RunTime:0.000015s ]
INFO: [ app_init ] --END-- [ RunTime:0.000412s ]

[ 2017-06-25T19:32:35+08:00 ] 112.102.73.66 /index.php/Qt/Money/css/mr.css
INFO: [ app_init ] --START--
INFO: Run Behavior\BuildLiteBehavior [ RunTime:0.000016s ]
INFO: [ app_init ] --END-- [ RunTime:0.000541s ]
ERR: 非法操作:css

[ 2017-06-25T19:32:39+08:00 ] 123.151.139.155 /index.php/Qt/Money/chongzhi.html
INFO: [ app_init ] --START--
INFO: Run Behavior\BuildLiteBehavior [ RunTime:0.000016s ]
INFO: [ app_init ] --END-- [ RunTime:0.000382s ]

[ 2017-06-25T19:33:04+08:00 ] 112.102.73.66 /index.php/Qt/Money/css/mr.css
INFO: [ app_init ] --START--
INFO: Run Behavior\BuildLiteBehavior [ RunTime:0.000017s ]
INFO: [ app_init ] --END-- [ RunTime:0.000381s ]
ERR: 非法操作:css

[ 2017-06-25T19:49:53+08:00 ] 123.151.139.155 /
INFO: [ app_init ] --START--
INFO: Run Behavior\BuildLiteBehavior [ RunTime:0.000015s ]
INFO: [ app_init ] --END-- [ RunTime:0.000449s ]

[ 2017-06-25T19:49:54+08:00 ] 111.30.132.212 /
INFO: [ app_init ] --START--
INFO: Run Behavior\BuildLiteBehavior [ RunTime:0.000016s ]
INFO: [ app_init ] --END-- [ RunTime:0.000417s ]

[ 2017-06-25T19:49:54+08:00 ] 111.161.105.14 /
INFO: [ app_init ] --START--
INFO: Run Behavior\BuildLiteBehavior [ RunTime:0.000016s ]
INFO: [ app_init ] --END-- [ RunTime:0.000411s ]

[ 2017-06-25T19:49:57+08:00 ] 123.151.139.155 /index.php/Qt/Mr/mr.html
INFO: [ app_init ] --START--
INFO: Run Behavior\BuildLiteBehavior [ RunTime:0.000016s ]
INFO: [ app_init ] --END-- [ RunTime:0.000376s ]

[ 2017-06-25T19:50:01+08:00 ] 123.151.139.155 /index.php/Qt/Money/qb.html
INFO: [ app_init ] --START--
INFO: Run Behavior\BuildLiteBehavior [ RunTime:0.000018s ]
INFO: [ app_init ] --END-- [ RunTime:0.000391s ]

[ 2017-06-25T19:50:02+08:00 ] 112.102.73.66 /index.php/Qt/Money/css/mr.css
INFO: [ app_init ] --START--
INFO: Run Behavior\BuildLiteBehavior [ RunTime:0.000017s ]
INFO: [ app_init ] --END-- [ RunTime:0.000380s ]
ERR: 非法操作:css

[ 2017-06-25T19:50:05+08:00 ] 123.151.139.155 /index.php/Qt/Money/chongzhi.html
INFO: [ app_init ] --START--
INFO: Run Behavior\BuildLiteBehavior [ RunTime:0.000015s ]
INFO: [ app_init ] --END-- [ RunTime:0.000374s ]

[ 2017-06-25T19:51:21+08:00 ] 123.151.139.155 /index.php/Qt/Mr/mr.html
INFO: [ app_init ] --START--
INFO: Run Behavior\BuildLiteBehavior [ RunTime:0.000016s ]
INFO: [ app_init ] --END-- [ RunTime:0.000359s ]

[ 2017-06-25T19:51:24+08:00 ] 123.151.139.155 /index.php/Qt/Money/qb.html
INFO: [ app_init ] --START--
INFO: Run Behavior\BuildLiteBehavior [ RunTime:0.000017s ]
INFO: [ app_init ] --END-- [ RunTime:0.000367s ]

[ 2017-06-25T19:51:25+08:00 ] 112.102.73.66 /index.php/Qt/Money/css/mr.css
INFO: [ app_init ] --START--
INFO: Run Behavior\BuildLiteBehavior [ RunTime:0.000016s ]
INFO: [ app_init ] --END-- [ RunTime:0.000378s ]
ERR: 非法操作:css

[ 2017-06-25T19:51:28+08:00 ] 123.151.139.155 /index.php/Qt/Money/chongzhi.html
INFO: [ app_init ] --START--
INFO: Run Behavior\BuildLiteBehavior [ RunTime:0.000025s ]
INFO: [ app_init ] --END-- [ RunTime:0.000382s ]

[ 2017-06-25T19:52:19+08:00 ] 123.151.139.155 /index.php/Qt/Goods/sc.html
INFO: [ app_init ] --START--
INFO: Run Behavior\BuildLiteBehavior [ RunTime:0.000016s ]
INFO: [ app_init ] --END-- [ RunTime:0.000418s ]

[ 2017-06-25T19:52:26+08:00 ] 123.151.139.155 /index.php/Qt/Mr/mr.html
INFO: [ app_init ] --START--
INFO: Run Behavior\BuildLiteBehavior [ RunTime:0.000017s ]
INFO: [ app_init ] --END-- [ RunTime:0.000423s ]

[ 2017-06-25T19:52:33+08:00 ] 123.151.139.155 /index.php/Qt/Money/qb.html
INFO: [ app_init ] --START--
INFO: Run Behavior\BuildLiteBehavior [ RunTime:0.000015s ]
INFO: [ app_init ] --END-- [ RunTime:0.000374s ]

[ 2017-06-25T19:52:34+08:00 ] 112.102.73.66 /index.php/Qt/Money/css/mr.css
INFO: [ app_init ] --START--
INFO: Run Behavior\BuildLiteBehavior [ RunTime:0.000019s ]
INFO: [ app_init ] --END-- [ RunTime:0.000409s ]
ERR: 非法操作:css

[ 2017-06-25T19:52:37+08:00 ] 123.151.139.155 /index.php/Qt/Money/chongzhi.html
INFO: [ app_init ] --START--
INFO: Run Behavior\BuildLiteBehavior [ RunTime:0.000015s ]
INFO: [ app_init ] --END-- [ RunTime:0.000366s ]

[ 2017-06-25T19:56:12+08:00 ] 123.151.139.155 /
INFO: [ app_init ] --START--
INFO: Run Behavior\BuildLiteBehavior [ RunTime:0.000022s ]
INFO: [ app_init ] --END-- [ RunTime:0.000437s ]

[ 2017-06-25T19:56:16+08:00 ] 123.151.139.155 /index.php/Qt/Mr/mr.html
INFO: [ app_init ] --START--
INFO: Run Behavior\BuildLiteBehavior [ RunTime:0.000016s ]
INFO: [ app_init ] --END-- [ RunTime:0.000410s ]

[ 2017-06-25T19:56:38+08:00 ] 123.151.139.155 /
INFO: [ app_init ] --START--
INFO: Run Behavior\BuildLiteBehavior [ RunTime:0.000018s ]
INFO: [ app_init ] --END-- [ RunTime:0.000378s ]

[ 2017-06-25T19:56:43+08:00 ] 123.151.139.155 /index.php/Qt/Mr/mr.html
INFO: [ app_init ] --START--
INFO: Run Behavior\BuildLiteBehavior [ RunTime:0.000016s ]
INFO: [ app_init ] --END-- [ RunTime:0.000359s ]

[ 2017-06-25T19:56:46+08:00 ] 123.151.139.155 /index.php/Qt/Money/qb.html
INFO: [ app_init ] --START--
INFO: Run Behavior\BuildLiteBehavior [ RunTime:0.000016s ]
INFO: [ app_init ] --END-- [ RunTime:0.000382s ]

[ 2017-06-25T19:56:47+08:00 ] 112.102.73.66 /index.php/Qt/Money/css/mr.css
INFO: [ app_init ] --START--
INFO: Run Behavior\BuildLiteBehavior [ RunTime:0.000017s ]
INFO: [ app_init ] --END-- [ RunTime:0.000371s ]
ERR: 非法操作:css

[ 2017-06-25T19:56:50+08:00 ] 123.151.139.155 /index.php/Qt/Money/chongzhi.html
INFO: [ app_init ] --START--
INFO: Run Behavior\BuildLiteBehavior [ RunTime:0.000016s ]
INFO: [ app_init ] --END-- [ RunTime:0.000380s ]

[ 2017-06-25T19:57:37+08:00 ] 123.151.139.155 /index.php/Qt/Mr/mr?pp=1
INFO: [ app_init ] --START--
INFO: Run Behavior\BuildLiteBehavior [ RunTime:0.000016s ]
INFO: [ app_init ] --END-- [ RunTime:0.000419s ]

[ 2017-06-25T19:57:46+08:00 ] 101.226.33.208 /index.php/Qt/Mr/mr?pp=1
INFO: [ app_init ] --START--
INFO: Run Behavior\BuildLiteBehavior [ RunTime:0.000016s ]
INFO: [ app_init ] --END-- [ RunTime:0.000372s ]

[ 2017-06-25T19:57:46+08:00 ] 101.226.33.208 /index.php/Qt/Login/dl.html
INFO: [ app_init ] --START--
INFO: Run Behavior\BuildLiteBehavior [ RunTime:0.000016s ]
INFO: [ app_init ] --END-- [ RunTime:0.000360s ]

[ 2017-06-25T19:59:57+08:00 ] 112.102.73.66 /index.php/Qt/Money/css/mr.css
INFO: [ app_init ] --START--
INFO: Run Behavior\BuildLiteBehavior [ RunTime:0.000016s ]
INFO: [ app_init ] --END-- [ RunTime:0.000449s ]
ERR: 非法操作:css

[ 2017-06-25T20:00:00+08:00 ] 123.151.139.155 /index.php/Qt/Mr/mr.html
INFO: [ app_init ] --START--
INFO: Run Behavior\BuildLiteBehavior [ RunTime:0.000016s ]
INFO: [ app_init ] --END-- [ RunTime:0.000391s ]

[ 2017-06-25T20:00:23+08:00 ] 123.151.139.155 /index.php/Qt/Money/qb.html
INFO: [ app_init ] --START--
INFO: Run Behavior\BuildLiteBehavior [ RunTime:0.000016s ]
INFO: [ app_init ] --END-- [ RunTime:0.000376s ]

[ 2017-06-25T20:00:24+08:00 ] 112.102.73.66 /index.php/Qt/Money/css/mr.css
INFO: [ app_init ] --START--
INFO: Run Behavior\BuildLiteBehavior [ RunTime:0.000016s ]
INFO: [ app_init ] --END-- [ RunTime:0.000358s ]
ERR: 非法操作:css

[ 2017-06-25T20:00:27+08:00 ] 123.151.139.155 /index.php/Qt/Money/chongzhi.html
INFO: [ app_init ] --START--
INFO: Run Behavior\BuildLiteBehavior [ RunTime:0.000016s ]
INFO: [ app_init ] --END-- [ RunTime:0.000367s ]

[ 2017-06-25T20:01:04+08:00 ] 123.151.139.155 /index.php/Qt/Mr/mr?pp=2&se=1
INFO: [ app_init ] --START--
INFO: Run Behavior\BuildLiteBehavior [ RunTime:0.000015s ]
INFO: [ app_init ] --END-- [ RunTime:0.000375s ]

[ 2017-06-25T20:01:13+08:00 ] 101.226.33.205 /index.php/Qt/Mr/mr?pp=2&se=1
INFO: [ app_init ] --START--
INFO: Run Behavior\BuildLiteBehavior [ RunTime:0.000016s ]
INFO: [ app_init ] --END-- [ RunTime:0.000364s ]

[ 2017-06-25T20:01:13+08:00 ] 101.226.33.205 /index.php/Qt/Login/dl.html
INFO: [ app_init ] --START--
INFO: Run Behavior\BuildLiteBehavior [ RunTime:0.000015s ]
INFO: [ app_init ] --END-- [ RunTime:0.000403s ]

[ 2017-06-25T20:04:13+08:00 ] 218.8.74.232 /
INFO: [ app_init ] --START--
INFO: Run Behavior\BuildLiteBehavior [ RunTime:0.000016s ]
INFO: [ app_init ] --END-- [ RunTime:0.000412s ]

[ 2017-06-25T20:04:26+08:00 ] 218.8.74.232 /index.php/Qt/Video/mc.html
INFO: [ app_init ] --START--
INFO: Run Behavior\BuildLiteBehavior [ RunTime:0.000016s ]
INFO: [ app_init ] --END-- [ RunTime:0.000377s ]

[ 2017-06-25T20:04:29+08:00 ] 218.8.74.232 /index.php/Qt/Goods/sc.html
INFO: [ app_init ] --START--
INFO: Run Behavior\BuildLiteBehavior [ RunTime:0.000024s ]
INFO: [ app_init ] --END-- [ RunTime:0.008047s ]

[ 2017-06-25T20:04:45+08:00 ] 218.8.74.232 /index.php/Qt/Goods/sc_xx/gid/12.html
INFO: [ app_init ] --START--
INFO: Run Behavior\BuildLiteBehavior [ RunTime:0.000016s ]
INFO: [ app_init ] --END-- [ RunTime:0.000392s ]

[ 2017-06-25T20:04:59+08:00 ] 218.8.74.232 /index.php/Qt/Goods/sc.html
INFO: [ app_init ] --START--
INFO: Run Behavior\BuildLiteBehavior [ RunTime:0.000016s ]
INFO: [ app_init ] --END-- [ RunTime:0.000377s ]

[ 2017-06-25T20:05:00+08:00 ] 218.8.74.232 /index.php/Qt/Goods/sc.html
INFO: [ app_init ] --START--
INFO: Run Behavior\BuildLiteBehavior [ RunTime:0.000016s ]
INFO: [ app_init ] --END-- [ RunTime:0.000431s ]

[ 2017-06-25T20:05:01+08:00 ] 218.8.74.232 /index.php/Qt/Goods/sc.html
INFO: [ app_init ] --START--
INFO: Run Behavior\BuildLiteBehavior [ RunTime:0.000016s ]
INFO: [ app_init ] --END-- [ RunTime:0.000438s ]

[ 2017-06-25T20:05:13+08:00 ] 101.226.89.115 /index.php/Qt/Goods/sc_xx/gid/12.html
INFO: [ app_init ] --START--
INFO: Run Behavior\BuildLiteBehavior [ RunTime:0.000017s ]
INFO: [ app_init ] --END-- [ RunTime:0.000377s ]

[ 2017-06-25T20:06:57+08:00 ] 123.151.139.155 /index.php/Qt/Mr/mr.html
INFO: [ app_init ] --START--
INFO: Run Behavior\BuildLiteBehavior [ RunTime:0.000015s ]
INFO: [ app_init ] --END-- [ RunTime:0.000384s ]

[ 2017-06-25T20:06:57+08:00 ] 61.49.56.47 /
INFO: [ app_init ] --START--
INFO: Run Behavior\BuildLiteBehavior [ RunTime:0.000015s ]
INFO: [ app_init ] --END-- [ RunTime:0.000355s ]

[ 2017-06-25T20:06:59+08:00 ] 111.30.132.176 /
INFO: [ app_init ] --START--
INFO: Run Behavior\BuildLiteBehavior [ RunTime:0.000016s ]
INFO: [ app_init ] --END-- [ RunTime:0.000415s ]

[ 2017-06-25T20:07:03+08:00 ] 123.151.139.155 /
INFO: [ app_init ] --START--
INFO: Run Behavior\BuildLiteBehavior [ RunTime:0.000018s ]
INFO: [ app_init ] --END-- [ RunTime:0.000481s ]

[ 2017-06-25T20:07:07+08:00 ] 123.151.139.155 /index.php/Qt/Mr/mr.html
INFO: [ app_init ] --START--
INFO: Run Behavior\BuildLiteBehavior [ RunTime:0.000021s ]
INFO: [ app_init ] --END-- [ RunTime:0.000526s ]

[ 2017-06-25T20:07:08+08:00 ] 123.151.139.155 /index.php/Qt/Mr/mr.html
INFO: [ app_init ] --START--
INFO: Run Behavior\BuildLiteBehavior [ RunTime:0.000033s ]
INFO: [ app_init ] --END-- [ RunTime:0.000428s ]

[ 2017-06-25T20:10:40+08:00 ] 123.151.139.155 /
INFO: [ app_init ] --START--
INFO: Run Behavior\BuildLiteBehavior [ RunTime:0.000015s ]
INFO: [ app_init ] --END-- [ RunTime:0.000428s ]

[ 2017-06-25T20:10:50+08:00 ] 101.226.33.206 /
INFO: [ app_init ] --START--
INFO: Run Behavior\BuildLiteBehavior [ RunTime:0.000015s ]
INFO: [ app_init ] --END-- [ RunTime:0.000414s ]

[ 2017-06-25T20:10:59+08:00 ] 123.151.139.155 /index.php/Qt/Mr/mr.html
INFO: [ app_init ] --START--
INFO: Run Behavior\BuildLiteBehavior [ RunTime:0.000023s ]
INFO: [ app_init ] --END-- [ RunTime:0.000467s ]

[ 2017-06-25T20:11:04+08:00 ] 123.151.139.155 /index.php/Qt/Money/qb.html
INFO: [ app_init ] --START--
INFO: Run Behavior\BuildLiteBehavior [ RunTime:0.000017s ]
INFO: [ app_init ] --END-- [ RunTime:0.000372s ]

[ 2017-06-25T20:11:05+08:00 ] 112.102.73.66 /index.php/Qt/Money/css/mr.css
INFO: [ app_init ] --START--
INFO: Run Behavior\BuildLiteBehavior [ RunTime:0.000015s ]
INFO: [ app_init ] --END-- [ RunTime:0.000369s ]
ERR: 非法操作:css

[ 2017-06-25T20:11:08+08:00 ] 123.151.139.155 /index.php/Qt/Money/chongzhi.html
INFO: [ app_init ] --START--
INFO: Run Behavior\BuildLiteBehavior [ RunTime:0.000015s ]
INFO: [ app_init ] --END-- [ RunTime:0.000377s ]

[ 2017-06-25T20:11:25+08:00 ] 123.151.139.155 /index.php/Qt/Mr/mr?pp=1&se=1
INFO: [ app_init ] --START--
INFO: Run Behavior\BuildLiteBehavior [ RunTime:0.000016s ]
INFO: [ app_init ] --END-- [ RunTime:0.000375s ]

[ 2017-06-25T20:11:32+08:00 ] 123.151.139.155 /index.php/Qt/Money/qb.html
INFO: [ app_init ] --START--
INFO: Run Behavior\BuildLiteBehavior [ RunTime:0.000021s ]
INFO: [ app_init ] --END-- [ RunTime:0.000591s ]

[ 2017-06-25T20:11:33+08:00 ] 140.207.185.107 /index.php/Qt/Mr/mr?pp=1&se=1
INFO: [ app_init ] --START--
INFO: Run Behavior\BuildLiteBehavior [ RunTime:0.000017s ]
INFO: [ app_init ] --END-- [ RunTime:0.000422s ]

[ 2017-06-25T20:11:33+08:00 ] 140.207.185.107 /index.php/Qt/Login/dl.html
INFO: [ app_init ] --START--
INFO: Run Behavior\BuildLiteBehavior [ RunTime:0.000017s ]
INFO: [ app_init ] --END-- [ RunTime:0.000386s ]

[ 2017-06-25T20:11:33+08:00 ] 112.102.73.66 /index.php/Qt/Money/css/mr.css
INFO: [ app_init ] --START--
INFO: Run Behavior\BuildLiteBehavior [ RunTime:0.000016s ]
INFO: [ app_init ] --END-- [ RunTime:0.000363s ]
ERR: 非法操作:css

