[ 2017-05-05T07:55:49+08:00 ] ::1 /yy/index.php/Qt/sc.html
ERR: 无法加载控制器:Sc

[ 2017-05-05T07:56:59+08:00 ] ::1 /yy/index.php/Qt/mr.html
ERR: 非法操作:index

[ 2017-05-05T13:56:38+08:00 ] ::1 /yy/index.php/Qt/sc.html
ERR: 无法加载控制器:Sc

[ 2017-05-05T13:59:21+08:00 ] ::1 /yy/index.php/Qt/sc.html
ERR: 无法加载控制器:Sc

[ 2017-05-05T14:00:26+08:00 ] ::1 /yy/index.php/Qt/sc.html
ERR: 无法加载控制器:Sc

[ 2017-05-05T14:00:42+08:00 ] ::1 /yy/index.php/Qt/mr.html
ERR: 非法操作:index

[ 2017-05-05T14:11:05+08:00 ] ::1 /yy/index.php/Qt/Login/dl.html
ERR: Think\Controller:isPost方法不存在！

[ 2017-05-05T15:04:23+08:00 ] ::1 /yy/index.php/Qt/Index/yl2.html
ERR: 非法操作:yl2

[ 2017-05-05T15:31:54+08:00 ] ::1 /yy/index.php/Qt/Login/dl.html
ERR: Think\Controller:isPost方法不存在！

[ 2017-05-05T15:32:04+08:00 ] ::1 /yy/index.php/Qt/Login/dl.html
ERR: Think\Controller:isPost方法不存在！

[ 2017-05-05T15:54:15+08:00 ] ::1 /yy/index.php/Qt/Index/yl2.html
ERR: 非法操作:yl2

