[ 2017-07-05T03:49:04+08:00 ] 182.140.215.77 /
INFO: [ app_init ] --START--
INFO: Run Behavior\BuildLiteBehavior [ RunTime:0.000016s ]
INFO: [ app_init ] --END-- [ RunTime:0.000436s ]

[ 2017-07-05T03:49:26+08:00 ] 182.140.215.77 /
INFO: [ app_init ] --START--
INFO: Run Behavior\BuildLiteBehavior [ RunTime:0.000017s ]
INFO: [ app_init ] --END-- [ RunTime:0.000398s ]

[ 2017-07-05T03:49:46+08:00 ] 182.140.215.77 /
INFO: [ app_init ] --START--
INFO: Run Behavior\BuildLiteBehavior [ RunTime:0.000016s ]
INFO: [ app_init ] --END-- [ RunTime:0.000364s ]

[ 2017-07-05T03:50:02+08:00 ] 182.140.215.77 /
INFO: [ app_init ] --START--
INFO: Run Behavior\BuildLiteBehavior [ RunTime:0.000016s ]
INFO: [ app_init ] --END-- [ RunTime:0.000381s ]

[ 2017-07-05T03:50:05+08:00 ] 182.140.215.77 /index.php/Qt/Video/mc.html
INFO: [ app_init ] --START--
INFO: Run Behavior\BuildLiteBehavior [ RunTime:0.000016s ]
INFO: [ app_init ] --END-- [ RunTime:0.000376s ]

[ 2017-07-05T03:50:08+08:00 ] 182.140.215.77 /index.php/Qt/Video/mc.html
INFO: [ app_init ] --START--
INFO: Run Behavior\BuildLiteBehavior [ RunTime:0.000015s ]
INFO: [ app_init ] --END-- [ RunTime:0.000369s ]

[ 2017-07-05T03:50:18+08:00 ] 182.140.215.77 /index.php/Qt/Goods/sc.html
INFO: [ app_init ] --START--
INFO: Run Behavior\BuildLiteBehavior [ RunTime:0.000016s ]
INFO: [ app_init ] --END-- [ RunTime:0.000400s ]

[ 2017-07-05T03:50:26+08:00 ] 182.140.215.77 /index.php/Qt/Goods/sc.html
INFO: [ app_init ] --START--
INFO: Run Behavior\BuildLiteBehavior [ RunTime:0.000016s ]
INFO: [ app_init ] --END-- [ RunTime:0.000377s ]

[ 2017-07-05T03:51:04+08:00 ] 182.140.215.77 /index.php/Qt/Mr/mr.html
INFO: [ app_init ] --START--
INFO: Run Behavior\BuildLiteBehavior [ RunTime:0.000015s ]
INFO: [ app_init ] --END-- [ RunTime:0.000437s ]

[ 2017-07-05T03:51:04+08:00 ] 182.140.215.77 /index.php/Qt/Login/dl.html
INFO: [ app_init ] --START--
INFO: Run Behavior\BuildLiteBehavior [ RunTime:0.000015s ]
INFO: [ app_init ] --END-- [ RunTime:0.000368s ]

[ 2017-07-05T03:51:07+08:00 ] 182.140.215.77 /index.php/Qt/Mr/mr.html
INFO: [ app_init ] --START--
INFO: Run Behavior\BuildLiteBehavior [ RunTime:0.000016s ]
INFO: [ app_init ] --END-- [ RunTime:0.000364s ]

[ 2017-07-05T03:51:07+08:00 ] 182.140.215.77 /index.php/Qt/Login/dl.html
INFO: [ app_init ] --START--
INFO: Run Behavior\BuildLiteBehavior [ RunTime:0.000015s ]
INFO: [ app_init ] --END-- [ RunTime:0.000361s ]

[ 2017-07-05T03:51:10+08:00 ] 182.140.215.77 /index.php/Qt/Yl/yl.html
INFO: [ app_init ] --START--
INFO: Run Behavior\BuildLiteBehavior [ RunTime:0.000016s ]
INFO: [ app_init ] --END-- [ RunTime:0.000369s ]

[ 2017-07-05T03:51:26+08:00 ] 182.140.215.77 /index.php/Qt/Yl/yl.html
INFO: [ app_init ] --START--
INFO: Run Behavior\BuildLiteBehavior [ RunTime:0.000016s ]
INFO: [ app_init ] --END-- [ RunTime:0.000370s ]

[ 2017-07-05T07:02:29+08:00 ] 182.140.215.77 /
INFO: [ app_init ] --START--
INFO: Run Behavior\BuildLiteBehavior [ RunTime:0.000016s ]
INFO: [ app_init ] --END-- [ RunTime:0.000489s ]

[ 2017-07-05T07:02:32+08:00 ] 182.140.215.77 /
INFO: [ app_init ] --START--
INFO: Run Behavior\BuildLiteBehavior [ RunTime:0.000016s ]
INFO: [ app_init ] --END-- [ RunTime:0.000367s ]

[ 2017-07-05T07:02:39+08:00 ] 182.140.215.77 /
INFO: [ app_init ] --START--
INFO: Run Behavior\BuildLiteBehavior [ RunTime:0.000017s ]
INFO: [ app_init ] --END-- [ RunTime:0.000370s ]

[ 2017-07-05T07:02:43+08:00 ] 182.140.215.77 /
INFO: [ app_init ] --START--
INFO: Run Behavior\BuildLiteBehavior [ RunTime:0.000016s ]
INFO: [ app_init ] --END-- [ RunTime:0.000370s ]

[ 2017-07-05T07:03:19+08:00 ] 182.140.215.77 /index.php/Qt/Video/mc.html
INFO: [ app_init ] --START--
INFO: Run Behavior\BuildLiteBehavior [ RunTime:0.000016s ]
INFO: [ app_init ] --END-- [ RunTime:0.000369s ]

[ 2017-07-05T07:03:38+08:00 ] 182.140.215.77 /index.php/Qt/Video/mc.html
INFO: [ app_init ] --START--
INFO: Run Behavior\BuildLiteBehavior [ RunTime:0.000015s ]
INFO: [ app_init ] --END-- [ RunTime:0.000358s ]

[ 2017-07-05T07:03:45+08:00 ] 182.140.215.77 /index.php/Qt/Goods/sc.html
INFO: [ app_init ] --START--
INFO: Run Behavior\BuildLiteBehavior [ RunTime:0.000016s ]
INFO: [ app_init ] --END-- [ RunTime:0.000359s ]

[ 2017-07-05T07:03:58+08:00 ] 182.140.215.77 /index.php/Qt/Goods/sc.html
INFO: [ app_init ] --START--
INFO: Run Behavior\BuildLiteBehavior [ RunTime:0.000015s ]
INFO: [ app_init ] --END-- [ RunTime:0.000386s ]

[ 2017-07-05T07:04:03+08:00 ] 182.140.215.77 /index.php/Qt/Mr/mr.html
INFO: [ app_init ] --START--
INFO: Run Behavior\BuildLiteBehavior [ RunTime:0.000017s ]
INFO: [ app_init ] --END-- [ RunTime:0.000379s ]

[ 2017-07-05T07:04:03+08:00 ] 182.140.215.77 /index.php/Qt/Login/dl.html
INFO: [ app_init ] --START--
INFO: Run Behavior\BuildLiteBehavior [ RunTime:0.000016s ]
INFO: [ app_init ] --END-- [ RunTime:0.000373s ]

[ 2017-07-05T07:04:13+08:00 ] 182.140.215.77 /index.php/Qt/Mr/mr.html
INFO: [ app_init ] --START--
INFO: Run Behavior\BuildLiteBehavior [ RunTime:0.000015s ]
INFO: [ app_init ] --END-- [ RunTime:0.000372s ]

[ 2017-07-05T07:04:13+08:00 ] 182.140.215.77 /index.php/Qt/Login/dl.html
INFO: [ app_init ] --START--
INFO: Run Behavior\BuildLiteBehavior [ RunTime:0.000015s ]
INFO: [ app_init ] --END-- [ RunTime:0.000351s ]

[ 2017-07-05T07:04:51+08:00 ] 182.140.215.77 /index.php/Qt/Yl/yl.html
INFO: [ app_init ] --START--
INFO: Run Behavior\BuildLiteBehavior [ RunTime:0.000016s ]
INFO: [ app_init ] --END-- [ RunTime:0.000409s ]

[ 2017-07-05T07:05:09+08:00 ] 182.140.215.77 /index.php/Qt/Yl/yl.html
INFO: [ app_init ] --START--
INFO: Run Behavior\BuildLiteBehavior [ RunTime:0.000016s ]
INFO: [ app_init ] --END-- [ RunTime:0.000356s ]

[ 2017-07-05T08:25:08+08:00 ] 1.189.208.194 /
INFO: [ app_init ] --START--
INFO: Run Behavior\BuildLiteBehavior [ RunTime:0.000016s ]
INFO: [ app_init ] --END-- [ RunTime:0.000438s ]

[ 2017-07-05T08:27:46+08:00 ] 1.189.208.194 /
INFO: [ app_init ] --START--
INFO: Run Behavior\BuildLiteBehavior [ RunTime:0.000017s ]
INFO: [ app_init ] --END-- [ RunTime:0.000437s ]

[ 2017-07-05T08:27:52+08:00 ] 1.189.208.194 /
INFO: [ app_init ] --START--
INFO: Run Behavior\BuildLiteBehavior [ RunTime:0.000015s ]
INFO: [ app_init ] --END-- [ RunTime:0.000361s ]

[ 2017-07-05T08:27:55+08:00 ] 1.189.208.194 /index.php/Qt/Mr/mr.html
INFO: [ app_init ] --START--
INFO: Run Behavior\BuildLiteBehavior [ RunTime:0.000016s ]
INFO: [ app_init ] --END-- [ RunTime:0.000365s ]

[ 2017-07-05T08:27:55+08:00 ] 1.189.208.194 /index.php/Qt/Login/dl.html
INFO: [ app_init ] --START--
INFO: Run Behavior\BuildLiteBehavior [ RunTime:0.000026s ]
INFO: [ app_init ] --END-- [ RunTime:0.000368s ]

[ 2017-07-05T08:28:02+08:00 ] 1.189.208.194 /index.php/Qt/Login/dl
INFO: [ app_init ] --START--
INFO: Run Behavior\BuildLiteBehavior [ RunTime:0.000015s ]
INFO: [ app_init ] --END-- [ RunTime:0.000401s ]

[ 2017-07-05T08:28:03+08:00 ] 1.189.208.194 /index.php/Qt/Mr/mr.html
INFO: [ app_init ] --START--
INFO: Run Behavior\BuildLiteBehavior [ RunTime:0.000017s ]
INFO: [ app_init ] --END-- [ RunTime:0.000380s ]

[ 2017-07-05T08:28:09+08:00 ] 1.189.208.194 /index.php/Qt/Mr/mr.html
INFO: [ app_init ] --START--
INFO: Run Behavior\BuildLiteBehavior [ RunTime:0.000017s ]
INFO: [ app_init ] --END-- [ RunTime:0.000434s ]

[ 2017-07-05T08:28:11+08:00 ] 1.189.208.194 /index.php/Qt/Login/quit.html
INFO: [ app_init ] --START--
INFO: Run Behavior\BuildLiteBehavior [ RunTime:0.000016s ]
INFO: [ app_init ] --END-- [ RunTime:0.000362s ]

[ 2017-07-05T08:28:11+08:00 ] 1.189.208.194 /index.php/Qt/Login/dl.html
INFO: [ app_init ] --START--
INFO: Run Behavior\BuildLiteBehavior [ RunTime:0.000015s ]
INFO: [ app_init ] --END-- [ RunTime:0.000350s ]

[ 2017-07-05T08:28:19+08:00 ] 1.189.208.194 /index.php/Qt/Login/dl
INFO: [ app_init ] --START--
INFO: Run Behavior\BuildLiteBehavior [ RunTime:0.000015s ]
INFO: [ app_init ] --END-- [ RunTime:0.000371s ]

[ 2017-07-05T08:28:20+08:00 ] 1.189.208.194 /index.php/Qt/Mr/mr.html
INFO: [ app_init ] --START--
INFO: Run Behavior\BuildLiteBehavior [ RunTime:0.000015s ]
INFO: [ app_init ] --END-- [ RunTime:0.000349s ]

[ 2017-07-05T08:28:26+08:00 ] 1.189.208.194 /
INFO: [ app_init ] --START--
INFO: Run Behavior\BuildLiteBehavior [ RunTime:0.000016s ]
INFO: [ app_init ] --END-- [ RunTime:0.000365s ]

[ 2017-07-05T08:28:37+08:00 ] 123.151.42.57 /
INFO: [ app_init ] --START--
INFO: Run Behavior\BuildLiteBehavior [ RunTime:0.000017s ]
INFO: [ app_init ] --END-- [ RunTime:0.000380s ]

[ 2017-07-05T08:28:37+08:00 ] 123.151.153.36 /
INFO: [ app_init ] --START--
INFO: Run Behavior\BuildLiteBehavior [ RunTime:0.000015s ]
INFO: [ app_init ] --END-- [ RunTime:0.000348s ]

[ 2017-07-05T08:28:38+08:00 ] 111.30.137.188 /
INFO: [ app_init ] --START--
INFO: Run Behavior\BuildLiteBehavior [ RunTime:0.000016s ]
INFO: [ app_init ] --END-- [ RunTime:0.000423s ]

[ 2017-07-05T08:28:42+08:00 ] 123.151.42.57 /index.php/Qt/Video/mc.html
INFO: [ app_init ] --START--
INFO: Run Behavior\BuildLiteBehavior [ RunTime:0.000017s ]
INFO: [ app_init ] --END-- [ RunTime:0.000394s ]

[ 2017-07-05T08:28:51+08:00 ] 123.151.42.57 /index.php/Qt/Mr/mr.html
INFO: [ app_init ] --START--
INFO: Run Behavior\BuildLiteBehavior [ RunTime:0.000016s ]
INFO: [ app_init ] --END-- [ RunTime:0.000368s ]

[ 2017-07-05T08:28:52+08:00 ] 101.226.33.201 /index.php/Qt/Video/mc.html
INFO: [ app_init ] --START--
INFO: Run Behavior\BuildLiteBehavior [ RunTime:0.000026s ]
INFO: [ app_init ] --END-- [ RunTime:0.000382s ]

[ 2017-07-05T08:28:53+08:00 ] 123.151.42.57 /index.php/Qt/Video/mc.html
INFO: [ app_init ] --START--
INFO: Run Behavior\BuildLiteBehavior [ RunTime:0.000016s ]
INFO: [ app_init ] --END-- [ RunTime:0.000358s ]

[ 2017-07-05T08:29:08+08:00 ] 123.151.42.57 /index.php/Qt/Mr/mr.html
INFO: [ app_init ] --START--
INFO: Run Behavior\BuildLiteBehavior [ RunTime:0.000016s ]
INFO: [ app_init ] --END-- [ RunTime:0.000364s ]

[ 2017-07-05T08:37:59+08:00 ] 1.189.208.194 /
INFO: [ app_init ] --START--
INFO: Run Behavior\BuildLiteBehavior [ RunTime:0.000015s ]
INFO: [ app_init ] --END-- [ RunTime:0.000440s ]

[ 2017-07-05T08:40:32+08:00 ] 1.189.208.194 /
INFO: [ app_init ] --START--
INFO: Run Behavior\BuildLiteBehavior [ RunTime:0.000016s ]
INFO: [ app_init ] --END-- [ RunTime:0.000419s ]

[ 2017-07-05T10:31:31+08:00 ] 182.140.215.77 /
INFO: [ app_init ] --START--
INFO: Run Behavior\BuildLiteBehavior [ RunTime:0.000017s ]
INFO: [ app_init ] --END-- [ RunTime:0.000439s ]

[ 2017-07-05T10:31:32+08:00 ] 182.140.215.77 /
INFO: [ app_init ] --START--
INFO: Run Behavior\BuildLiteBehavior [ RunTime:0.000017s ]
INFO: [ app_init ] --END-- [ RunTime:0.000367s ]

[ 2017-07-05T10:31:37+08:00 ] 182.140.215.77 /
INFO: [ app_init ] --START--
INFO: Run Behavior\BuildLiteBehavior [ RunTime:0.000015s ]
INFO: [ app_init ] --END-- [ RunTime:0.000367s ]

[ 2017-07-05T10:31:40+08:00 ] 182.140.215.77 /
INFO: [ app_init ] --START--
INFO: Run Behavior\BuildLiteBehavior [ RunTime:0.000016s ]
INFO: [ app_init ] --END-- [ RunTime:0.000367s ]

[ 2017-07-05T10:31:53+08:00 ] 182.140.215.77 /index.php/Qt/Video/mc.html
INFO: [ app_init ] --START--
INFO: Run Behavior\BuildLiteBehavior [ RunTime:0.000016s ]
INFO: [ app_init ] --END-- [ RunTime:0.000376s ]

[ 2017-07-05T10:31:55+08:00 ] 182.140.215.77 /index.php/Qt/Video/mc.html
INFO: [ app_init ] --START--
INFO: Run Behavior\BuildLiteBehavior [ RunTime:0.000016s ]
INFO: [ app_init ] --END-- [ RunTime:0.000374s ]

[ 2017-07-05T10:31:59+08:00 ] 182.140.215.77 /index.php/Qt/Goods/sc.html
INFO: [ app_init ] --START--
INFO: Run Behavior\BuildLiteBehavior [ RunTime:0.000015s ]
INFO: [ app_init ] --END-- [ RunTime:0.000365s ]

[ 2017-07-05T10:32:19+08:00 ] 182.140.215.77 /index.php/Qt/Goods/sc.html
INFO: [ app_init ] --START--
INFO: Run Behavior\BuildLiteBehavior [ RunTime:0.000016s ]
INFO: [ app_init ] --END-- [ RunTime:0.000373s ]

[ 2017-07-05T10:32:21+08:00 ] 182.140.215.77 /index.php/Qt/Mr/mr.html
INFO: [ app_init ] --START--
INFO: Run Behavior\BuildLiteBehavior [ RunTime:0.000015s ]
INFO: [ app_init ] --END-- [ RunTime:0.000364s ]

[ 2017-07-05T10:32:21+08:00 ] 182.140.215.77 /index.php/Qt/Login/dl.html
INFO: [ app_init ] --START--
INFO: Run Behavior\BuildLiteBehavior [ RunTime:0.000016s ]
INFO: [ app_init ] --END-- [ RunTime:0.000356s ]

[ 2017-07-05T10:32:23+08:00 ] 182.140.215.77 /index.php/Qt/Mr/mr.html
INFO: [ app_init ] --START--
INFO: Run Behavior\BuildLiteBehavior [ RunTime:0.000016s ]
INFO: [ app_init ] --END-- [ RunTime:0.000369s ]

[ 2017-07-05T10:32:23+08:00 ] 182.140.215.77 /index.php/Qt/Login/dl.html
INFO: [ app_init ] --START--
INFO: Run Behavior\BuildLiteBehavior [ RunTime:0.000015s ]
INFO: [ app_init ] --END-- [ RunTime:0.000380s ]

[ 2017-07-05T10:32:48+08:00 ] 182.140.215.77 /index.php/Qt/Yl/yl.html
INFO: [ app_init ] --START--
INFO: Run Behavior\BuildLiteBehavior [ RunTime:0.000016s ]
INFO: [ app_init ] --END-- [ RunTime:0.000367s ]

[ 2017-07-05T10:32:54+08:00 ] 182.140.215.77 /index.php/Qt/Yl/yl.html
INFO: [ app_init ] --START--
INFO: Run Behavior\BuildLiteBehavior [ RunTime:0.000016s ]
INFO: [ app_init ] --END-- [ RunTime:0.000372s ]

[ 2017-07-05T10:44:51+08:00 ] 1.189.208.194 /
INFO: [ app_init ] --START--
INFO: Run Behavior\BuildLiteBehavior [ RunTime:0.000016s ]
INFO: [ app_init ] --END-- [ RunTime:0.000419s ]

[ 2017-07-05T10:44:52+08:00 ] 42.102.178.123 /index.php/Qt/Mr/mr.html
INFO: [ app_init ] --START--
INFO: Run Behavior\BuildLiteBehavior [ RunTime:0.000016s ]
INFO: [ app_init ] --END-- [ RunTime:0.000360s ]

[ 2017-07-05T10:45:05+08:00 ] 42.102.178.123 /index.php/Qt/Yl/yl.html
INFO: [ app_init ] --START--
INFO: Run Behavior\BuildLiteBehavior [ RunTime:0.000016s ]
INFO: [ app_init ] --END-- [ RunTime:0.000357s ]

[ 2017-07-05T10:45:06+08:00 ] 42.102.178.123 /index.php/Qt/Yl/yl.html
INFO: [ app_init ] --START--
INFO: Run Behavior\BuildLiteBehavior [ RunTime:0.000015s ]
INFO: [ app_init ] --END-- [ RunTime:0.000354s ]

[ 2017-07-05T10:47:36+08:00 ] 42.102.178.123 /
INFO: [ app_init ] --START--
INFO: Run Behavior\BuildLiteBehavior [ RunTime:0.000015s ]
INFO: [ app_init ] --END-- [ RunTime:0.000426s ]

[ 2017-07-05T10:48:01+08:00 ] 42.102.178.123 /
INFO: [ app_init ] --START--
INFO: Run Behavior\BuildLiteBehavior [ RunTime:0.000018s ]
INFO: [ app_init ] --END-- [ RunTime:0.000376s ]

[ 2017-07-05T10:48:19+08:00 ] 42.102.178.123 /index.php/Qt/Mr/mr.html
INFO: [ app_init ] --START--
INFO: Run Behavior\BuildLiteBehavior [ RunTime:0.000016s ]
INFO: [ app_init ] --END-- [ RunTime:0.000361s ]

[ 2017-07-05T10:48:47+08:00 ] 42.102.178.123 /
INFO: [ app_init ] --START--
INFO: Run Behavior\BuildLiteBehavior [ RunTime:0.000017s ]
INFO: [ app_init ] --END-- [ RunTime:0.000363s ]

[ 2017-07-05T10:48:55+08:00 ] 42.102.178.123 /index.php/Qt/Mr/mr.html
INFO: [ app_init ] --START--
INFO: Run Behavior\BuildLiteBehavior [ RunTime:0.000025s ]
INFO: [ app_init ] --END-- [ RunTime:0.000538s ]

[ 2017-07-05T10:49:16+08:00 ] 42.102.178.123 /
INFO: [ app_init ] --START--
INFO: Run Behavior\BuildLiteBehavior [ RunTime:0.000015s ]
INFO: [ app_init ] --END-- [ RunTime:0.000364s ]

[ 2017-07-05T10:49:22+08:00 ] 42.102.178.123 /index.php/Qt/Mr/mr.html
INFO: [ app_init ] --START--
INFO: Run Behavior\BuildLiteBehavior [ RunTime:0.000016s ]
INFO: [ app_init ] --END-- [ RunTime:0.000390s ]

[ 2017-07-05T10:49:26+08:00 ] 42.102.178.123 /index.php/Qt/Product/goumai.html
INFO: [ app_init ] --START--
INFO: Run Behavior\BuildLiteBehavior [ RunTime:0.000016s ]
INFO: [ app_init ] --END-- [ RunTime:0.000393s ]

[ 2017-07-05T10:49:27+08:00 ] 42.102.178.123 /index.php/Qt/Product/css/mr.css
INFO: [ app_init ] --START--
INFO: Run Behavior\BuildLiteBehavior [ RunTime:0.000016s ]
INFO: [ app_init ] --END-- [ RunTime:0.000367s ]
ERR: 非法操作:css

[ 2017-07-05T10:50:39+08:00 ] 42.102.178.123 /index.php/Qt/Product/goumai_dd
INFO: [ app_init ] --START--
INFO: Run Behavior\BuildLiteBehavior [ RunTime:0.000016s ]
INFO: [ app_init ] --END-- [ RunTime:0.000427s ]

[ 2017-07-05T10:50:46+08:00 ] 42.102.178.123 /index.php/Qt/Product/dd
INFO: [ app_init ] --START--
INFO: Run Behavior\BuildLiteBehavior [ RunTime:0.000015s ]
INFO: [ app_init ] --END-- [ RunTime:0.000373s ]

[ 2017-07-05T10:50:49+08:00 ] 42.102.178.123 /index.php/Qt/Goods/goumai_ddlb.html
INFO: [ app_init ] --START--
INFO: Run Behavior\BuildLiteBehavior [ RunTime:0.000017s ]
INFO: [ app_init ] --END-- [ RunTime:0.000374s ]

[ 2017-07-05T10:50:50+08:00 ] 42.102.178.123 /index.php/Qt/Goods/css/mr.css
INFO: [ app_init ] --START--
INFO: Run Behavior\BuildLiteBehavior [ RunTime:0.000015s ]
INFO: [ app_init ] --END-- [ RunTime:0.000359s ]
ERR: 非法操作:css

[ 2017-07-05T10:50:53+08:00 ] 42.102.178.123 /index.php/Qt/Goods/ggdd
INFO: [ app_init ] --START--
INFO: Run Behavior\BuildLiteBehavior [ RunTime:0.000016s ]
INFO: [ app_init ] --END-- [ RunTime:0.000364s ]

[ 2017-07-05T10:50:54+08:00 ] 42.102.178.123 /index.php/Qt/Goods/zhifu/oid/349/money/3000.html
INFO: [ app_init ] --START--
INFO: Run Behavior\BuildLiteBehavior [ RunTime:0.000016s ]
INFO: [ app_init ] --END-- [ RunTime:0.000370s ]

[ 2017-07-05T10:51:00+08:00 ] 42.102.178.123 /index.php/Qt/Goods/zhifu
INFO: [ app_init ] --START--
INFO: Run Behavior\BuildLiteBehavior [ RunTime:0.000016s ]
INFO: [ app_init ] --END-- [ RunTime:0.000369s ]

[ 2017-07-05T10:51:01+08:00 ] 42.102.178.123 /index.php/Qt/Index/index.html
INFO: [ app_init ] --START--
INFO: Run Behavior\BuildLiteBehavior [ RunTime:0.000016s ]
INFO: [ app_init ] --END-- [ RunTime:0.000373s ]

[ 2017-07-05T10:51:15+08:00 ] 42.102.178.123 /index.php/Qt/Mr/mr.html
INFO: [ app_init ] --START--
INFO: Run Behavior\BuildLiteBehavior [ RunTime:0.000017s ]
INFO: [ app_init ] --END-- [ RunTime:0.000397s ]

[ 2017-07-05T10:51:51+08:00 ] 42.102.178.123 /index.php/Qt/Product/goumai.html
INFO: [ app_init ] --START--
INFO: Run Behavior\BuildLiteBehavior [ RunTime:0.000016s ]
INFO: [ app_init ] --END-- [ RunTime:0.000371s ]

[ 2017-07-05T10:51:52+08:00 ] 42.102.178.123 /index.php/Qt/Product/css/mr.css
INFO: [ app_init ] --START--
INFO: Run Behavior\BuildLiteBehavior [ RunTime:0.000016s ]
INFO: [ app_init ] --END-- [ RunTime:0.000361s ]
ERR: 非法操作:css

[ 2017-07-05T10:52:03+08:00 ] 42.102.178.123 /index.php/Qt/Product/goumai_dd
INFO: [ app_init ] --START--
INFO: Run Behavior\BuildLiteBehavior [ RunTime:0.000016s ]
INFO: [ app_init ] --END-- [ RunTime:0.000377s ]

[ 2017-07-05T10:52:07+08:00 ] 42.102.178.123 /index.php/Qt/Product/ajax
INFO: [ app_init ] --START--
INFO: Run Behavior\BuildLiteBehavior [ RunTime:0.000015s ]
INFO: [ app_init ] --END-- [ RunTime:0.000361s ]
INFO: [ app_begin ] --START--
INFO: Run Behavior\ReadHtmlCacheBehavior [ RunTime:0.000477s ]
INFO: [ app_begin ] --END-- [ RunTime:0.000527s ]
SQL: SHOW COLUMNS FROM `db_product` [ RunTime:0.0204s ]
SQL: SHOW COLUMNS FROM `db_order` [ RunTime:0.0139s ]
SQL: SHOW COLUMNS FROM `db_vip` [ RunTime:0.0187s ]
SQL: SHOW COLUMNS FROM `db_dcht` [ RunTime:0.0111s ]
INFO: [ app_end ] --START--
INFO: Run Behavior\ShowPageTraceBehavior [ RunTime:0.000571s ]
INFO: [ app_end ] --END-- [ RunTime:0.000617s ]

[ 2017-07-05T10:52:09+08:00 ] 42.102.178.123 /index.php/Qt/Product/ajax
INFO: [ app_init ] --START--
INFO: Run Behavior\BuildLiteBehavior [ RunTime:0.000016s ]
INFO: [ app_init ] --END-- [ RunTime:0.000426s ]
INFO: [ app_begin ] --START--
INFO: Run Behavior\ReadHtmlCacheBehavior [ RunTime:0.000485s ]
INFO: [ app_begin ] --END-- [ RunTime:0.000535s ]
SQL: SHOW COLUMNS FROM `db_product` [ RunTime:0.0196s ]
SQL: SHOW COLUMNS FROM `db_order` [ RunTime:0.0134s ]
SQL: SHOW COLUMNS FROM `db_vip` [ RunTime:0.0192s ]
SQL: SHOW COLUMNS FROM `db_dcht` [ RunTime:0.0113s ]
INFO: [ app_end ] --START--
INFO: Run Behavior\ShowPageTraceBehavior [ RunTime:0.000579s ]
INFO: [ app_end ] --END-- [ RunTime:0.000624s ]

[ 2017-07-05T10:52:11+08:00 ] 42.102.178.123 /index.php/Qt/Product/ajax
INFO: [ app_init ] --START--
INFO: Run Behavior\BuildLiteBehavior [ RunTime:0.000015s ]
INFO: [ app_init ] --END-- [ RunTime:0.000376s ]
INFO: [ app_begin ] --START--
INFO: Run Behavior\ReadHtmlCacheBehavior [ RunTime:0.000544s ]
INFO: [ app_begin ] --END-- [ RunTime:0.000594s ]
SQL: SHOW COLUMNS FROM `db_product` [ RunTime:0.0196s ]
SQL: SHOW COLUMNS FROM `db_order` [ RunTime:0.0161s ]
SQL: SHOW COLUMNS FROM `db_vip` [ RunTime:0.0189s ]
SQL: SHOW COLUMNS FROM `db_dcht` [ RunTime:0.0115s ]
INFO: [ app_end ] --START--
INFO: Run Behavior\ShowPageTraceBehavior [ RunTime:0.000562s ]
INFO: [ app_end ] --END-- [ RunTime:0.000608s ]

[ 2017-07-05T10:52:15+08:00 ] 42.102.178.123 /index.php/Qt/Product/dd
INFO: [ app_init ] --START--
INFO: Run Behavior\BuildLiteBehavior [ RunTime:0.000015s ]
INFO: [ app_init ] --END-- [ RunTime:0.000373s ]

[ 2017-07-05T10:52:18+08:00 ] 42.102.178.123 /index.php/Qt/Goods/goumai_ddlb.html
INFO: [ app_init ] --START--
INFO: Run Behavior\BuildLiteBehavior [ RunTime:0.000016s ]
INFO: [ app_init ] --END-- [ RunTime:0.000376s ]

[ 2017-07-05T10:52:19+08:00 ] 42.102.178.123 /index.php/Qt/Goods/css/mr.css
INFO: [ app_init ] --START--
INFO: Run Behavior\BuildLiteBehavior [ RunTime:0.000016s ]
INFO: [ app_init ] --END-- [ RunTime:0.000360s ]
ERR: 非法操作:css

[ 2017-07-05T10:52:21+08:00 ] 42.102.178.123 /index.php/Qt/Goods/ggdd
INFO: [ app_init ] --START--
INFO: Run Behavior\BuildLiteBehavior [ RunTime:0.000015s ]
INFO: [ app_init ] --END-- [ RunTime:0.000364s ]

[ 2017-07-05T10:52:23+08:00 ] 42.102.178.123 /index.php/Qt/Goods/zhifu/oid/350/money/6000.html
INFO: [ app_init ] --START--
INFO: Run Behavior\BuildLiteBehavior [ RunTime:0.000016s ]
INFO: [ app_init ] --END-- [ RunTime:0.000388s ]

[ 2017-07-05T10:52:28+08:00 ] 42.102.178.123 /index.php/Qt/Goods/zhifu
INFO: [ app_init ] --START--
INFO: Run Behavior\BuildLiteBehavior [ RunTime:0.000016s ]
INFO: [ app_init ] --END-- [ RunTime:0.000390s ]

[ 2017-07-05T10:52:29+08:00 ] 42.102.178.123 /index.php/Qt/Index/index.html
INFO: [ app_init ] --START--
INFO: Run Behavior\BuildLiteBehavior [ RunTime:0.000016s ]
INFO: [ app_init ] --END-- [ RunTime:0.000377s ]

[ 2017-07-05T10:53:56+08:00 ] 42.102.178.123 /
INFO: [ app_init ] --START--
INFO: Run Behavior\BuildLiteBehavior [ RunTime:0.000017s ]
INFO: [ app_init ] --END-- [ RunTime:0.000433s ]

[ 2017-07-05T10:54:04+08:00 ] 42.102.178.123 /index.php/Qt/Mr/mr.html
INFO: [ app_init ] --START--
INFO: Run Behavior\BuildLiteBehavior [ RunTime:0.000017s ]
INFO: [ app_init ] --END-- [ RunTime:0.000430s ]

[ 2017-07-05T10:55:38+08:00 ] 42.102.178.123 /index.php/Qt/Product/goumai.html
INFO: [ app_init ] --START--
INFO: Run Behavior\BuildLiteBehavior [ RunTime:0.000016s ]
INFO: [ app_init ] --END-- [ RunTime:0.000418s ]

[ 2017-07-05T10:55:39+08:00 ] 42.102.178.123 /index.php/Qt/Product/css/mr.css
INFO: [ app_init ] --START--
INFO: Run Behavior\BuildLiteBehavior [ RunTime:0.000016s ]
INFO: [ app_init ] --END-- [ RunTime:0.000469s ]
ERR: 非法操作:css

[ 2017-07-05T10:56:13+08:00 ] 42.102.178.123 /index.php/Qt/Product/goumai_dd
INFO: [ app_init ] --START--
INFO: Run Behavior\BuildLiteBehavior [ RunTime:0.000019s ]
INFO: [ app_init ] --END-- [ RunTime:0.000402s ]

[ 2017-07-05T10:56:16+08:00 ] 42.102.178.123 /index.php/Qt/Product/ajax
INFO: [ app_init ] --START--
INFO: Run Behavior\BuildLiteBehavior [ RunTime:0.000016s ]
INFO: [ app_init ] --END-- [ RunTime:0.000371s ]
INFO: [ app_begin ] --START--
INFO: Run Behavior\ReadHtmlCacheBehavior [ RunTime:0.000487s ]
INFO: [ app_begin ] --END-- [ RunTime:0.000537s ]
SQL: SHOW COLUMNS FROM `db_product` [ RunTime:0.0194s ]
SQL: SHOW COLUMNS FROM `db_order` [ RunTime:0.0138s ]
SQL: SHOW COLUMNS FROM `db_vip` [ RunTime:0.0186s ]
SQL: SHOW COLUMNS FROM `db_dcht` [ RunTime:0.0107s ]
INFO: [ app_end ] --START--
INFO: Run Behavior\ShowPageTraceBehavior [ RunTime:0.000538s ]
INFO: [ app_end ] --END-- [ RunTime:0.000583s ]

[ 2017-07-05T10:56:20+08:00 ] 42.102.178.123 /index.php/Qt/Product/dd
INFO: [ app_init ] --START--
INFO: Run Behavior\BuildLiteBehavior [ RunTime:0.000016s ]
INFO: [ app_init ] --END-- [ RunTime:0.000368s ]

[ 2017-07-05T10:56:23+08:00 ] 42.102.178.123 /index.php/Qt/Goods/goumai_ddlb.html
INFO: [ app_init ] --START--
INFO: Run Behavior\BuildLiteBehavior [ RunTime:0.000016s ]
INFO: [ app_init ] --END-- [ RunTime:0.000379s ]

[ 2017-07-05T10:56:24+08:00 ] 42.102.178.123 /index.php/Qt/Goods/css/mr.css
INFO: [ app_init ] --START--
INFO: Run Behavior\BuildLiteBehavior [ RunTime:0.000017s ]
INFO: [ app_init ] --END-- [ RunTime:0.000375s ]
ERR: 非法操作:css

[ 2017-07-05T10:56:27+08:00 ] 42.102.178.123 /index.php/Qt/Goods/ggdd
INFO: [ app_init ] --START--
INFO: Run Behavior\BuildLiteBehavior [ RunTime:0.000017s ]
INFO: [ app_init ] --END-- [ RunTime:0.000371s ]

[ 2017-07-05T10:56:28+08:00 ] 42.102.178.123 /index.php/Qt/Goods/zhifu/oid/351/money/6000.html
INFO: [ app_init ] --START--
INFO: Run Behavior\BuildLiteBehavior [ RunTime:0.000015s ]
INFO: [ app_init ] --END-- [ RunTime:0.000362s ]

[ 2017-07-05T10:56:32+08:00 ] 42.102.178.123 /index.php/Qt/Goods/zhifu
INFO: [ app_init ] --START--
INFO: Run Behavior\BuildLiteBehavior [ RunTime:0.000016s ]
INFO: [ app_init ] --END-- [ RunTime:0.000386s ]

[ 2017-07-05T10:56:33+08:00 ] 42.102.178.123 /index.php/Qt/Index/index.html
INFO: [ app_init ] --START--
INFO: Run Behavior\BuildLiteBehavior [ RunTime:0.000016s ]
INFO: [ app_init ] --END-- [ RunTime:0.000362s ]

[ 2017-07-05T10:58:33+08:00 ] 42.102.178.123 /index.php/Qt/Mr/mr.html
INFO: [ app_init ] --START--
INFO: Run Behavior\BuildLiteBehavior [ RunTime:0.000017s ]
INFO: [ app_init ] --END-- [ RunTime:0.000426s ]

[ 2017-07-05T10:58:35+08:00 ] 42.102.178.123 /index.php/Qt/Mr/mr.html
INFO: [ app_init ] --START--
INFO: Run Behavior\BuildLiteBehavior [ RunTime:0.000015s ]
INFO: [ app_init ] --END-- [ RunTime:0.000367s ]

[ 2017-07-05T10:58:36+08:00 ] 42.102.178.123 /index.php/Qt/Mr/mr.html
INFO: [ app_init ] --START--
INFO: Run Behavior\BuildLiteBehavior [ RunTime:0.000016s ]
INFO: [ app_init ] --END-- [ RunTime:0.000422s ]

[ 2017-07-05T10:58:37+08:00 ] 42.102.178.123 /index.php/Qt/Mr/mr.html
INFO: [ app_init ] --START--
INFO: Run Behavior\BuildLiteBehavior [ RunTime:0.000017s ]
INFO: [ app_init ] --END-- [ RunTime:0.000472s ]

[ 2017-07-05T10:58:38+08:00 ] 42.102.178.123 /index.php/Qt/Yl/yl.html
INFO: [ app_init ] --START--
INFO: Run Behavior\BuildLiteBehavior [ RunTime:0.000016s ]
INFO: [ app_init ] --END-- [ RunTime:0.000372s ]

[ 2017-07-05T10:59:45+08:00 ] 42.102.178.123 /index.php/Qt/News/zx_xx/id/6.html
INFO: [ app_init ] --START--
INFO: Run Behavior\BuildLiteBehavior [ RunTime:0.000017s ]
INFO: [ app_init ] --END-- [ RunTime:0.000357s ]

[ 2017-07-05T10:59:53+08:00 ] 42.102.178.123 /index.php/Qt/Mr/mr.html
INFO: [ app_init ] --START--
INFO: Run Behavior\BuildLiteBehavior [ RunTime:0.000015s ]
INFO: [ app_init ] --END-- [ RunTime:0.000362s ]

[ 2017-07-05T10:59:54+08:00 ] 42.102.178.123 /index.php/Qt/Mr/mr.html
INFO: [ app_init ] --START--
INFO: Run Behavior\BuildLiteBehavior [ RunTime:0.000016s ]
INFO: [ app_init ] --END-- [ RunTime:0.000358s ]

[ 2017-07-05T10:59:55+08:00 ] 42.102.178.123 /index.php/Qt/Mr/mr.html
INFO: [ app_init ] --START--
INFO: Run Behavior\BuildLiteBehavior [ RunTime:0.000015s ]
INFO: [ app_init ] --END-- [ RunTime:0.000370s ]

[ 2017-07-05T11:06:36+08:00 ] 42.102.178.123 /
INFO: [ app_init ] --START--
INFO: Run Behavior\BuildLiteBehavior [ RunTime:0.000017s ]
INFO: [ app_init ] --END-- [ RunTime:0.000525s ]

[ 2017-07-05T11:06:43+08:00 ] 42.102.178.123 /index.php/Qt/Mr/mr.html
INFO: [ app_init ] --START--
INFO: Run Behavior\BuildLiteBehavior [ RunTime:0.000016s ]
INFO: [ app_init ] --END-- [ RunTime:0.000384s ]

[ 2017-07-05T11:06:45+08:00 ] 42.102.178.123 /index.php/Qt/Product/goumai.html
INFO: [ app_init ] --START--
INFO: Run Behavior\BuildLiteBehavior [ RunTime:0.000017s ]
INFO: [ app_init ] --END-- [ RunTime:0.000381s ]

[ 2017-07-05T11:06:47+08:00 ] 42.102.178.123 /index.php/Qt/Product/css/mr.css
INFO: [ app_init ] --START--
INFO: Run Behavior\BuildLiteBehavior [ RunTime:0.000022s ]
INFO: [ app_init ] --END-- [ RunTime:0.000513s ]
ERR: 非法操作:css

[ 2017-07-05T11:06:59+08:00 ] 42.102.178.123 /index.php/Qt/Product/goumai_dd
INFO: [ app_init ] --START--
INFO: Run Behavior\BuildLiteBehavior [ RunTime:0.000016s ]
INFO: [ app_init ] --END-- [ RunTime:0.000383s ]

[ 2017-07-05T11:07:04+08:00 ] 42.102.178.123 /index.php/Qt/Product/ajax
INFO: [ app_init ] --START--
INFO: Run Behavior\BuildLiteBehavior [ RunTime:0.000018s ]
INFO: [ app_init ] --END-- [ RunTime:0.000385s ]
INFO: [ app_begin ] --START--
INFO: Run Behavior\ReadHtmlCacheBehavior [ RunTime:0.000498s ]
INFO: [ app_begin ] --END-- [ RunTime:0.000565s ]
SQL: SHOW COLUMNS FROM `db_product` [ RunTime:0.0340s ]
SQL: SHOW COLUMNS FROM `db_order` [ RunTime:0.0245s ]
SQL: SHOW COLUMNS FROM `db_vip` [ RunTime:0.0357s ]
SQL: SHOW COLUMNS FROM `db_dcht` [ RunTime:0.0185s ]
INFO: [ app_end ] --START--
INFO: Run Behavior\ShowPageTraceBehavior [ RunTime:0.000888s ]
INFO: [ app_end ] --END-- [ RunTime:0.000954s ]

[ 2017-07-05T11:07:06+08:00 ] 42.102.178.123 /index.php/Qt/Product/dd
INFO: [ app_init ] --START--
INFO: Run Behavior\BuildLiteBehavior [ RunTime:0.000018s ]
INFO: [ app_init ] --END-- [ RunTime:0.000385s ]

[ 2017-07-05T11:07:09+08:00 ] 42.102.178.123 /index.php/Qt/Goods/goumai_ddlb.html
INFO: [ app_init ] --START--
INFO: Run Behavior\BuildLiteBehavior [ RunTime:0.000016s ]
INFO: [ app_init ] --END-- [ RunTime:0.000377s ]

[ 2017-07-05T11:07:10+08:00 ] 42.102.178.123 /index.php/Qt/Goods/css/mr.css
INFO: [ app_init ] --START--
INFO: Run Behavior\BuildLiteBehavior [ RunTime:0.000023s ]
INFO: [ app_init ] --END-- [ RunTime:0.000529s ]
ERR: 非法操作:css

[ 2017-07-05T11:11:08+08:00 ] 42.102.178.123 /index.php/Qt/Mr/mr.html
INFO: [ app_init ] --START--
INFO: Run Behavior\BuildLiteBehavior [ RunTime:0.000016s ]
INFO: [ app_init ] --END-- [ RunTime:0.000402s ]

[ 2017-07-05T11:11:10+08:00 ] 42.102.178.123 /index.php/Qt/Money/qb.html
INFO: [ app_init ] --START--
INFO: Run Behavior\BuildLiteBehavior [ RunTime:0.000017s ]
INFO: [ app_init ] --END-- [ RunTime:0.000397s ]

[ 2017-07-05T11:11:11+08:00 ] 42.102.178.123 /index.php/Qt/Money/css/mr.css
INFO: [ app_init ] --START--
INFO: Run Behavior\BuildLiteBehavior [ RunTime:0.000018s ]
INFO: [ app_init ] --END-- [ RunTime:0.000404s ]
ERR: 非法操作:css

[ 2017-07-05T11:11:17+08:00 ] 42.102.178.123 /index.php/Qt/Product/goumai.html
INFO: [ app_init ] --START--
INFO: Run Behavior\BuildLiteBehavior [ RunTime:0.000016s ]
INFO: [ app_init ] --END-- [ RunTime:0.000368s ]

[ 2017-07-05T11:11:18+08:00 ] 42.102.178.123 /index.php/Qt/Product/css/mr.css
INFO: [ app_init ] --START--
INFO: Run Behavior\BuildLiteBehavior [ RunTime:0.000017s ]
INFO: [ app_init ] --END-- [ RunTime:0.000385s ]
ERR: 非法操作:css

[ 2017-07-05T11:11:20+08:00 ] 110.75.145.2 /
INFO: [ app_init ] --START--
INFO: Run Behavior\BuildLiteBehavior [ RunTime:0.000016s ]
INFO: [ app_init ] --END-- [ RunTime:0.000374s ]

[ 2017-07-05T11:11:23+08:00 ] 42.102.178.123 /index.php/Qt/Product/goumai_dd
INFO: [ app_init ] --START--
INFO: Run Behavior\BuildLiteBehavior [ RunTime:0.000018s ]
INFO: [ app_init ] --END-- [ RunTime:0.000386s ]

[ 2017-07-05T11:11:26+08:00 ] 42.102.178.123 /index.php/Qt/Product/ajax
INFO: [ app_init ] --START--
INFO: Run Behavior\BuildLiteBehavior [ RunTime:0.000015s ]
INFO: [ app_init ] --END-- [ RunTime:0.000362s ]
INFO: [ app_begin ] --START--
INFO: Run Behavior\ReadHtmlCacheBehavior [ RunTime:0.000475s ]
INFO: [ app_begin ] --END-- [ RunTime:0.000525s ]
SQL: SHOW COLUMNS FROM `db_product` [ RunTime:0.0195s ]
SQL: SHOW COLUMNS FROM `db_order` [ RunTime:0.0133s ]
SQL: SHOW COLUMNS FROM `db_vip` [ RunTime:0.0181s ]
SQL: SHOW COLUMNS FROM `db_dcht` [ RunTime:0.0107s ]
INFO: [ app_end ] --START--
INFO: Run Behavior\ShowPageTraceBehavior [ RunTime:0.000537s ]
INFO: [ app_end ] --END-- [ RunTime:0.000582s ]

[ 2017-07-05T11:11:29+08:00 ] 42.102.178.123 /index.php/Qt/Product/dd
INFO: [ app_init ] --START--
INFO: Run Behavior\BuildLiteBehavior [ RunTime:0.000016s ]
INFO: [ app_init ] --END-- [ RunTime:0.000369s ]

[ 2017-07-05T11:11:32+08:00 ] 42.102.178.123 /index.php/Qt/Goods/goumai_ddlb.html
INFO: [ app_init ] --START--
INFO: Run Behavior\BuildLiteBehavior [ RunTime:0.000016s ]
INFO: [ app_init ] --END-- [ RunTime:0.000362s ]

[ 2017-07-05T11:11:33+08:00 ] 42.102.178.123 /index.php/Qt/Goods/css/mr.css
INFO: [ app_init ] --START--
INFO: Run Behavior\BuildLiteBehavior [ RunTime:0.000015s ]
INFO: [ app_init ] --END-- [ RunTime:0.000358s ]
ERR: 非法操作:css

[ 2017-07-05T11:11:36+08:00 ] 42.102.178.123 /index.php/Qt/Goods/ggdd
INFO: [ app_init ] --START--
INFO: Run Behavior\BuildLiteBehavior [ RunTime:0.000016s ]
INFO: [ app_init ] --END-- [ RunTime:0.000367s ]

[ 2017-07-05T11:11:37+08:00 ] 42.102.178.123 /index.php/Qt/Goods/zhifu/oid/353/money/6000.html
INFO: [ app_init ] --START--
INFO: Run Behavior\BuildLiteBehavior [ RunTime:0.000015s ]
INFO: [ app_init ] --END-- [ RunTime:0.000401s ]

[ 2017-07-05T11:11:41+08:00 ] 42.102.178.123 /index.php/Qt/Goods/zhifu
INFO: [ app_init ] --START--
INFO: Run Behavior\BuildLiteBehavior [ RunTime:0.000017s ]
INFO: [ app_init ] --END-- [ RunTime:0.000370s ]

[ 2017-07-05T11:11:42+08:00 ] 42.102.178.123 /index.php/Qt/Index/index.html
INFO: [ app_init ] --START--
INFO: Run Behavior\BuildLiteBehavior [ RunTime:0.000015s ]
INFO: [ app_init ] --END-- [ RunTime:0.000354s ]

[ 2017-07-05T11:16:41+08:00 ] 42.102.178.123 /
INFO: [ app_init ] --START--
INFO: Run Behavior\BuildLiteBehavior [ RunTime:0.000016s ]
INFO: [ app_init ] --END-- [ RunTime:0.000426s ]

[ 2017-07-05T11:18:57+08:00 ] 42.102.178.123 /
INFO: [ app_init ] --START--
INFO: Run Behavior\BuildLiteBehavior [ RunTime:0.000017s ]
INFO: [ app_init ] --END-- [ RunTime:0.000416s ]

[ 2017-07-05T11:19:36+08:00 ] 42.102.178.123 /
INFO: [ app_init ] --START--
INFO: Run Behavior\BuildLiteBehavior [ RunTime:0.000015s ]
INFO: [ app_init ] --END-- [ RunTime:0.000420s ]

[ 2017-07-05T11:20:32+08:00 ] 42.102.178.123 /
INFO: [ app_init ] --START--
INFO: Run Behavior\BuildLiteBehavior [ RunTime:0.000015s ]
INFO: [ app_init ] --END-- [ RunTime:0.000418s ]

[ 2017-07-05T11:21:46+08:00 ] 42.102.178.123 /
INFO: [ app_init ] --START--
INFO: Run Behavior\BuildLiteBehavior [ RunTime:0.000018s ]
INFO: [ app_init ] --END-- [ RunTime:0.000427s ]

[ 2017-07-05T11:22:23+08:00 ] 42.102.178.123 /
INFO: [ app_init ] --START--
INFO: Run Behavior\BuildLiteBehavior [ RunTime:0.000016s ]
INFO: [ app_init ] --END-- [ RunTime:0.000373s ]

[ 2017-07-05T11:22:45+08:00 ] 42.102.178.123 /
INFO: [ app_init ] --START--
INFO: Run Behavior\BuildLiteBehavior [ RunTime:0.000016s ]
INFO: [ app_init ] --END-- [ RunTime:0.000363s ]

[ 2017-07-05T11:23:34+08:00 ] 42.102.178.123 /
INFO: [ app_init ] --START--
INFO: Run Behavior\BuildLiteBehavior [ RunTime:0.000018s ]
INFO: [ app_init ] --END-- [ RunTime:0.000423s ]

[ 2017-07-05T11:24:13+08:00 ] 42.102.178.123 /
INFO: [ app_init ] --START--
INFO: Run Behavior\BuildLiteBehavior [ RunTime:0.000017s ]
INFO: [ app_init ] --END-- [ RunTime:0.000448s ]

[ 2017-07-05T11:25:49+08:00 ] 42.102.178.123 /
INFO: [ app_init ] --START--
INFO: Run Behavior\BuildLiteBehavior [ RunTime:0.000017s ]
INFO: [ app_init ] --END-- [ RunTime:0.000372s ]

[ 2017-07-05T11:26:05+08:00 ] 42.102.178.123 /index.php/Qt/Mr/mr.html
INFO: [ app_init ] --START--
INFO: Run Behavior\BuildLiteBehavior [ RunTime:0.000015s ]
INFO: [ app_init ] --END-- [ RunTime:0.000362s ]

[ 2017-07-05T11:26:44+08:00 ] 42.102.178.123 /
INFO: [ app_init ] --START--
INFO: Run Behavior\BuildLiteBehavior [ RunTime:0.000016s ]
INFO: [ app_init ] --END-- [ RunTime:0.000409s ]

[ 2017-07-05T11:26:48+08:00 ] 42.102.178.123 /index.php/Qt/Mr/mr.html
INFO: [ app_init ] --START--
INFO: Run Behavior\BuildLiteBehavior [ RunTime:0.000016s ]
INFO: [ app_init ] --END-- [ RunTime:0.000370s ]

[ 2017-07-05T11:29:38+08:00 ] 42.102.178.123 /
INFO: [ app_init ] --START--
INFO: Run Behavior\BuildLiteBehavior [ RunTime:0.000016s ]
INFO: [ app_init ] --END-- [ RunTime:0.000422s ]

[ 2017-07-05T11:29:44+08:00 ] 42.102.178.123 /index.php/Qt/Mr/mr.html
INFO: [ app_init ] --START--
INFO: Run Behavior\BuildLiteBehavior [ RunTime:0.000017s ]
INFO: [ app_init ] --END-- [ RunTime:0.000478s ]

[ 2017-07-05T11:30:27+08:00 ] 42.102.178.123 /index.php/Qt/Product/goumai.html
INFO: [ app_init ] --START--
INFO: Run Behavior\BuildLiteBehavior [ RunTime:0.000025s ]
INFO: [ app_init ] --END-- [ RunTime:0.000372s ]

[ 2017-07-05T11:30:28+08:00 ] 42.102.178.123 /index.php/Qt/Product/css/mr.css
INFO: [ app_init ] --START--
INFO: Run Behavior\BuildLiteBehavior [ RunTime:0.000016s ]
INFO: [ app_init ] --END-- [ RunTime:0.000372s ]
ERR: 非法操作:css

[ 2017-07-05T11:30:33+08:00 ] 42.102.178.123 /index.php/Qt/Product/goumai_dd
INFO: [ app_init ] --START--
INFO: Run Behavior\BuildLiteBehavior [ RunTime:0.000016s ]
INFO: [ app_init ] --END-- [ RunTime:0.000369s ]

[ 2017-07-05T11:30:37+08:00 ] 42.102.178.123 /index.php/Qt/Product/dd
INFO: [ app_init ] --START--
INFO: Run Behavior\BuildLiteBehavior [ RunTime:0.000015s ]
INFO: [ app_init ] --END-- [ RunTime:0.000361s ]

[ 2017-07-05T11:30:39+08:00 ] 42.102.178.123 /index.php/Qt/Goods/goumai_ddlb.html
INFO: [ app_init ] --START--
INFO: Run Behavior\BuildLiteBehavior [ RunTime:0.000016s ]
INFO: [ app_init ] --END-- [ RunTime:0.000365s ]

[ 2017-07-05T11:30:40+08:00 ] 42.102.178.123 /index.php/Qt/Goods/css/mr.css
INFO: [ app_init ] --START--
INFO: Run Behavior\BuildLiteBehavior [ RunTime:0.000016s ]
INFO: [ app_init ] --END-- [ RunTime:0.000371s ]
ERR: 非法操作:css

[ 2017-07-05T11:30:42+08:00 ] 42.102.178.123 /index.php/Qt/Goods/ggdd
INFO: [ app_init ] --START--
INFO: Run Behavior\BuildLiteBehavior [ RunTime:0.000015s ]
INFO: [ app_init ] --END-- [ RunTime:0.000359s ]

[ 2017-07-05T11:30:44+08:00 ] 42.102.178.123 /index.php/Qt/Goods/zhifu/oid/354/money/3000.html
INFO: [ app_init ] --START--
INFO: Run Behavior\BuildLiteBehavior [ RunTime:0.000016s ]
INFO: [ app_init ] --END-- [ RunTime:0.000368s ]

[ 2017-07-05T11:30:47+08:00 ] 42.102.178.123 /index.php/Qt/Goods/zhifu
INFO: [ app_init ] --START--
INFO: Run Behavior\BuildLiteBehavior [ RunTime:0.000015s ]
INFO: [ app_init ] --END-- [ RunTime:0.000368s ]

[ 2017-07-05T11:30:49+08:00 ] 42.102.178.123 /index.php/Qt/Index/index.html
INFO: [ app_init ] --START--
INFO: Run Behavior\BuildLiteBehavior [ RunTime:0.000015s ]
INFO: [ app_init ] --END-- [ RunTime:0.000364s ]

[ 2017-07-05T11:31:00+08:00 ] 42.102.178.123 /index.php/Qt/Mr/mr.html
INFO: [ app_init ] --START--
INFO: Run Behavior\BuildLiteBehavior [ RunTime:0.000015s ]
INFO: [ app_init ] --END-- [ RunTime:0.000375s ]

[ 2017-07-05T11:31:02+08:00 ] 42.102.178.123 /index.php/Qt/Product/goumai.html
INFO: [ app_init ] --START--
INFO: Run Behavior\BuildLiteBehavior [ RunTime:0.000016s ]
INFO: [ app_init ] --END-- [ RunTime:0.000360s ]

[ 2017-07-05T11:31:03+08:00 ] 42.102.178.123 /index.php/Qt/Product/css/mr.css
INFO: [ app_init ] --START--
INFO: Run Behavior\BuildLiteBehavior [ RunTime:0.000016s ]
INFO: [ app_init ] --END-- [ RunTime:0.000367s ]
ERR: 非法操作:css

[ 2017-07-05T11:31:09+08:00 ] 42.102.178.123 /index.php/Qt/Product/goumai_dd
INFO: [ app_init ] --START--
INFO: Run Behavior\BuildLiteBehavior [ RunTime:0.000018s ]
INFO: [ app_init ] --END-- [ RunTime:0.000391s ]

[ 2017-07-05T11:31:15+08:00 ] 42.102.178.123 /index.php/Qt/Product/dd
INFO: [ app_init ] --START--
INFO: Run Behavior\BuildLiteBehavior [ RunTime:0.000016s ]
INFO: [ app_init ] --END-- [ RunTime:0.000359s ]

[ 2017-07-05T11:31:17+08:00 ] 42.102.178.123 /index.php/Qt/Goods/goumai_ddlb.html
INFO: [ app_init ] --START--
INFO: Run Behavior\BuildLiteBehavior [ RunTime:0.000016s ]
INFO: [ app_init ] --END-- [ RunTime:0.000373s ]

[ 2017-07-05T11:31:18+08:00 ] 42.102.178.123 /index.php/Qt/Goods/css/mr.css
INFO: [ app_init ] --START--
INFO: Run Behavior\BuildLiteBehavior [ RunTime:0.000016s ]
INFO: [ app_init ] --END-- [ RunTime:0.000363s ]
ERR: 非法操作:css

[ 2017-07-05T11:31:20+08:00 ] 42.102.178.123 /index.php/Qt/Goods/ggdd
INFO: [ app_init ] --START--
INFO: Run Behavior\BuildLiteBehavior [ RunTime:0.000022s ]
INFO: [ app_init ] --END-- [ RunTime:0.000507s ]

[ 2017-07-05T11:31:21+08:00 ] 42.102.178.123 /index.php/Qt/Goods/zhifu/oid/355/money/3000.html
INFO: [ app_init ] --START--
INFO: Run Behavior\BuildLiteBehavior [ RunTime:0.000016s ]
INFO: [ app_init ] --END-- [ RunTime:0.000427s ]

[ 2017-07-05T11:31:27+08:00 ] 42.102.178.123 /index.php/Qt/Goods/zhifu
INFO: [ app_init ] --START--
INFO: Run Behavior\BuildLiteBehavior [ RunTime:0.000015s ]
INFO: [ app_init ] --END-- [ RunTime:0.000358s ]

[ 2017-07-05T11:31:28+08:00 ] 42.102.178.123 /index.php/Qt/Index/index.html
INFO: [ app_init ] --START--
INFO: Run Behavior\BuildLiteBehavior [ RunTime:0.000016s ]
INFO: [ app_init ] --END-- [ RunTime:0.000433s ]

[ 2017-07-05T11:32:09+08:00 ] 42.102.178.123 /index.php/Qt/Mr/mr.html
INFO: [ app_init ] --START--
INFO: Run Behavior\BuildLiteBehavior [ RunTime:0.000017s ]
INFO: [ app_init ] --END-- [ RunTime:0.000418s ]

[ 2017-07-05T11:32:16+08:00 ] 42.102.178.123 /index.php/Qt/Yl/yl.html
INFO: [ app_init ] --START--
INFO: Run Behavior\BuildLiteBehavior [ RunTime:0.000017s ]
INFO: [ app_init ] --END-- [ RunTime:0.000371s ]

[ 2017-07-05T11:32:17+08:00 ] 42.102.178.123 /index.php/Qt/Yl/yl.html
INFO: [ app_init ] --START--
INFO: Run Behavior\BuildLiteBehavior [ RunTime:0.000015s ]
INFO: [ app_init ] --END-- [ RunTime:0.000371s ]

[ 2017-07-05T11:33:52+08:00 ] 42.102.178.123 /index.php/Qt/Yl/yl.html
INFO: [ app_init ] --START--
INFO: Run Behavior\BuildLiteBehavior [ RunTime:0.000015s ]
INFO: [ app_init ] --END-- [ RunTime:0.000372s ]

[ 2017-07-05T11:33:53+08:00 ] 42.102.178.123 /index.php/Qt/Yl/yl.html
INFO: [ app_init ] --START--
INFO: Run Behavior\BuildLiteBehavior [ RunTime:0.000016s ]
INFO: [ app_init ] --END-- [ RunTime:0.000357s ]

[ 2017-07-05T11:35:28+08:00 ] 42.102.178.123 /
INFO: [ app_init ] --START--
INFO: Run Behavior\BuildLiteBehavior [ RunTime:0.000016s ]
INFO: [ app_init ] --END-- [ RunTime:0.000404s ]

[ 2017-07-05T11:35:30+08:00 ] 1.189.208.194 /
INFO: [ app_init ] --START--
INFO: Run Behavior\BuildLiteBehavior [ RunTime:0.000016s ]
INFO: [ app_init ] --END-- [ RunTime:0.000363s ]

[ 2017-07-05T11:36:08+08:00 ] 1.189.208.194 /index.php/Qt/Yl/yl.html
INFO: [ app_init ] --START--
INFO: Run Behavior\BuildLiteBehavior [ RunTime:0.000017s ]
INFO: [ app_init ] --END-- [ RunTime:0.000370s ]

[ 2017-07-05T11:36:09+08:00 ] 1.189.208.194 /index.php/Qt/Yl/yl.html
INFO: [ app_init ] --START--
INFO: Run Behavior\BuildLiteBehavior [ RunTime:0.000016s ]
INFO: [ app_init ] --END-- [ RunTime:0.000371s ]

[ 2017-07-05T11:36:52+08:00 ] 1.189.208.194 /index.php/Qt/Mr/mr.html
INFO: [ app_init ] --START--
INFO: Run Behavior\BuildLiteBehavior [ RunTime:0.000017s ]
INFO: [ app_init ] --END-- [ RunTime:0.000373s ]

[ 2017-07-05T11:37:33+08:00 ] 1.189.208.194 /index.php/Qt/Product/goumai.html
INFO: [ app_init ] --START--
INFO: Run Behavior\BuildLiteBehavior [ RunTime:0.000016s ]
INFO: [ app_init ] --END-- [ RunTime:0.000418s ]

[ 2017-07-05T11:37:34+08:00 ] 1.189.208.194 /index.php/Qt/Product/css/mr.css
INFO: [ app_init ] --START--
INFO: Run Behavior\BuildLiteBehavior [ RunTime:0.000016s ]
INFO: [ app_init ] --END-- [ RunTime:0.000367s ]
ERR: 非法操作:css

[ 2017-07-05T11:37:39+08:00 ] 1.189.208.194 /index.php/Qt/Product/goumai_xx
INFO: [ app_init ] --START--
INFO: Run Behavior\BuildLiteBehavior [ RunTime:0.000016s ]
INFO: [ app_init ] --END-- [ RunTime:0.000368s ]

[ 2017-07-05T11:38:40+08:00 ] 1.189.208.194 /index.php/Qt/Mr/mr.html
INFO: [ app_init ] --START--
INFO: Run Behavior\BuildLiteBehavior [ RunTime:0.000016s ]
INFO: [ app_init ] --END-- [ RunTime:0.000385s ]

[ 2017-07-05T11:38:44+08:00 ] 1.189.208.194 /index.php/Qt/Yl/yl.html
INFO: [ app_init ] --START--
INFO: Run Behavior\BuildLiteBehavior [ RunTime:0.000016s ]
INFO: [ app_init ] --END-- [ RunTime:0.000381s ]

[ 2017-07-05T12:11:40+08:00 ] 123.151.148.187 /
INFO: [ app_init ] --START--
INFO: Run Behavior\BuildLiteBehavior [ RunTime:0.000016s ]
INFO: [ app_init ] --END-- [ RunTime:0.000443s ]

[ 2017-07-05T12:11:41+08:00 ] 123.151.152.151 /
INFO: [ app_init ] --START--
INFO: Run Behavior\BuildLiteBehavior [ RunTime:0.000016s ]
INFO: [ app_init ] --END-- [ RunTime:0.000428s ]

[ 2017-07-05T12:11:41+08:00 ] 111.30.137.183 /
INFO: [ app_init ] --START--
INFO: Run Behavior\BuildLiteBehavior [ RunTime:0.000015s ]
INFO: [ app_init ] --END-- [ RunTime:0.000412s ]

[ 2017-07-05T12:12:39+08:00 ] 123.126.118.139 /
INFO: [ app_init ] --START--
INFO: Run Behavior\BuildLiteBehavior [ RunTime:0.000016s ]
INFO: [ app_init ] --END-- [ RunTime:0.000364s ]

[ 2017-07-05T12:26:16+08:00 ] 1.189.208.194 /
INFO: [ app_init ] --START--
INFO: Run Behavior\BuildLiteBehavior [ RunTime:0.000017s ]
INFO: [ app_init ] --END-- [ RunTime:0.000428s ]

[ 2017-07-05T13:04:39+08:00 ] 123.151.152.151 /
INFO: [ app_init ] --START--
INFO: Run Behavior\BuildLiteBehavior [ RunTime:0.000022s ]
INFO: [ app_init ] --END-- [ RunTime:0.000431s ]

[ 2017-07-05T13:04:40+08:00 ] 123.151.153.36 /
INFO: [ app_init ] --START--
INFO: Run Behavior\BuildLiteBehavior [ RunTime:0.000016s ]
INFO: [ app_init ] --END-- [ RunTime:0.000426s ]

[ 2017-07-05T13:04:40+08:00 ] 111.30.132.148 /
INFO: [ app_init ] --START--
INFO: Run Behavior\BuildLiteBehavior [ RunTime:0.000018s ]
INFO: [ app_init ] --END-- [ RunTime:0.000382s ]

[ 2017-07-05T13:04:50+08:00 ] 123.151.152.151 /index.php/Qt/Video/mc.html
INFO: [ app_init ] --START--
INFO: Run Behavior\BuildLiteBehavior [ RunTime:0.000015s ]
INFO: [ app_init ] --END-- [ RunTime:0.000372s ]

[ 2017-07-05T13:04:55+08:00 ] 123.151.152.151 /index.php/Qt/Goods/sc.html
INFO: [ app_init ] --START--
INFO: Run Behavior\BuildLiteBehavior [ RunTime:0.000016s ]
INFO: [ app_init ] --END-- [ RunTime:0.000370s ]

[ 2017-07-05T13:05:05+08:00 ] 123.151.152.151 /index.php/Qt/Mr/mr.html
INFO: [ app_init ] --START--
INFO: Run Behavior\BuildLiteBehavior [ RunTime:0.000017s ]
INFO: [ app_init ] --END-- [ RunTime:0.000364s ]

[ 2017-07-05T13:05:05+08:00 ] 101.226.89.120 /index.php/Qt/Goods/sc.html
INFO: [ app_init ] --START--
INFO: Run Behavior\BuildLiteBehavior [ RunTime:0.000016s ]
INFO: [ app_init ] --END-- [ RunTime:0.000370s ]

[ 2017-07-05T13:05:05+08:00 ] 123.151.152.151 /index.php/Qt/Login/dl.html
INFO: [ app_init ] --START--
INFO: Run Behavior\BuildLiteBehavior [ RunTime:0.000015s ]
INFO: [ app_init ] --END-- [ RunTime:0.000350s ]

[ 2017-07-05T13:05:13+08:00 ] 123.151.152.151 /index.php/Qt/Yl/yl.html
INFO: [ app_init ] --START--
INFO: Run Behavior\BuildLiteBehavior [ RunTime:0.000016s ]
INFO: [ app_init ] --END-- [ RunTime:0.000370s ]

[ 2017-07-05T13:05:15+08:00 ] 123.151.152.151 /index.php/Qt/Yl/yl.html
INFO: [ app_init ] --START--
INFO: Run Behavior\BuildLiteBehavior [ RunTime:0.000016s ]
INFO: [ app_init ] --END-- [ RunTime:0.000388s ]

[ 2017-07-05T13:05:20+08:00 ] 123.151.152.151 /index.php/Qt/Product/goumai.html
INFO: [ app_init ] --START--
INFO: Run Behavior\BuildLiteBehavior [ RunTime:0.000016s ]
INFO: [ app_init ] --END-- [ RunTime:0.000368s ]

[ 2017-07-05T13:05:21+08:00 ] 223.104.178.237 /index.php/Qt/Product/css/mr.css
INFO: [ app_init ] --START--
INFO: Run Behavior\BuildLiteBehavior [ RunTime:0.000018s ]
INFO: [ app_init ] --END-- [ RunTime:0.000390s ]
ERR: 非法操作:css

[ 2017-07-05T13:05:23+08:00 ] 123.151.152.151 /index.php/Qt/Product/goumai.html
INFO: [ app_init ] --START--
INFO: Run Behavior\BuildLiteBehavior [ RunTime:0.000015s ]
INFO: [ app_init ] --END-- [ RunTime:0.000364s ]

[ 2017-07-05T13:05:23+08:00 ] 101.226.33.239 /index.php/Qt/Yl/yl.html
INFO: [ app_init ] --START--
INFO: Run Behavior\BuildLiteBehavior [ RunTime:0.000016s ]
INFO: [ app_init ] --END-- [ RunTime:0.000359s ]

[ 2017-07-05T13:05:24+08:00 ] 223.104.178.237 /index.php/Qt/Product/css/mr.css
INFO: [ app_init ] --START--
INFO: Run Behavior\BuildLiteBehavior [ RunTime:0.000016s ]
INFO: [ app_init ] --END-- [ RunTime:0.000368s ]
ERR: 非法操作:css

[ 2017-07-05T13:26:48+08:00 ] 42.102.178.123 /
INFO: [ app_init ] --START--
INFO: Run Behavior\BuildLiteBehavior [ RunTime:0.000017s ]
INFO: [ app_init ] --END-- [ RunTime:0.000446s ]

[ 2017-07-05T13:26:54+08:00 ] 42.102.178.123 /index.php/Qt/Yl/yl.html
INFO: [ app_init ] --START--
INFO: Run Behavior\BuildLiteBehavior [ RunTime:0.000016s ]
INFO: [ app_init ] --END-- [ RunTime:0.000410s ]

[ 2017-07-05T13:26:55+08:00 ] 42.102.178.123 /index.php/Qt/Yl/yl.html
INFO: [ app_init ] --START--
INFO: Run Behavior\BuildLiteBehavior [ RunTime:0.000015s ]
INFO: [ app_init ] --END-- [ RunTime:0.000372s ]

[ 2017-07-05T13:28:52+08:00 ] 42.102.178.123 /index.php/Qt/Product/goumai.html
INFO: [ app_init ] --START--
INFO: Run Behavior\BuildLiteBehavior [ RunTime:0.000018s ]
INFO: [ app_init ] --END-- [ RunTime:0.000436s ]

[ 2017-07-05T13:28:53+08:00 ] 42.102.178.123 /index.php/Qt/Product/css/mr.css
INFO: [ app_init ] --START--
INFO: Run Behavior\BuildLiteBehavior [ RunTime:0.000015s ]
INFO: [ app_init ] --END-- [ RunTime:0.000363s ]
ERR: 非法操作:css

[ 2017-07-05T13:29:11+08:00 ] 42.102.178.123 /index.php/Qt/Yl/yl.html
INFO: [ app_init ] --START--
INFO: Run Behavior\BuildLiteBehavior [ RunTime:0.000015s ]
INFO: [ app_init ] --END-- [ RunTime:0.000370s ]

[ 2017-07-05T13:29:12+08:00 ] 42.102.178.123 /index.php/Qt/Yl/yl.html
INFO: [ app_init ] --START--
INFO: Run Behavior\BuildLiteBehavior [ RunTime:0.000015s ]
INFO: [ app_init ] --END-- [ RunTime:0.000364s ]

[ 2017-07-05T13:31:39+08:00 ] 1.189.208.194 /
INFO: [ app_init ] --START--
INFO: Run Behavior\BuildLiteBehavior [ RunTime:0.000016s ]
INFO: [ app_init ] --END-- [ RunTime:0.000406s ]

[ 2017-07-05T13:31:44+08:00 ] 1.189.208.194 /index.php/Qt/Yl/yl.html
INFO: [ app_init ] --START--
INFO: Run Behavior\BuildLiteBehavior [ RunTime:0.000017s ]
INFO: [ app_init ] --END-- [ RunTime:0.000404s ]

[ 2017-07-05T13:31:45+08:00 ] 1.189.208.194 /index.php/Qt/Yl/yl.html
INFO: [ app_init ] --START--
INFO: Run Behavior\BuildLiteBehavior [ RunTime:0.000016s ]
INFO: [ app_init ] --END-- [ RunTime:0.000380s ]

[ 2017-07-05T13:43:51+08:00 ] 140.205.225.195 /
INFO: [ app_init ] --START--
INFO: Run Behavior\BuildLiteBehavior [ RunTime:0.000016s ]
INFO: [ app_init ] --END-- [ RunTime:0.000422s ]

[ 2017-07-05T14:12:00+08:00 ] 182.140.215.77 /
INFO: [ app_init ] --START--
INFO: Run Behavior\BuildLiteBehavior [ RunTime:0.000015s ]
INFO: [ app_init ] --END-- [ RunTime:0.000429s ]

[ 2017-07-05T14:12:01+08:00 ] 182.140.215.77 /
INFO: [ app_init ] --START--
INFO: Run Behavior\BuildLiteBehavior [ RunTime:0.000016s ]
INFO: [ app_init ] --END-- [ RunTime:0.000370s ]

[ 2017-07-05T14:12:05+08:00 ] 182.140.215.77 /index.php/Qt/Video/mc.html
INFO: [ app_init ] --START--
INFO: Run Behavior\BuildLiteBehavior [ RunTime:0.000016s ]
INFO: [ app_init ] --END-- [ RunTime:0.000362s ]

[ 2017-07-05T14:12:05+08:00 ] 182.140.215.77 /index.php/Qt/Video/mc.html
INFO: [ app_init ] --START--
INFO: Run Behavior\BuildLiteBehavior [ RunTime:0.000015s ]
INFO: [ app_init ] --END-- [ RunTime:0.000354s ]

[ 2017-07-05T14:12:07+08:00 ] 182.140.215.77 /index.php/Qt/Goods/sc.html
INFO: [ app_init ] --START--
INFO: Run Behavior\BuildLiteBehavior [ RunTime:0.000016s ]
INFO: [ app_init ] --END-- [ RunTime:0.000363s ]

[ 2017-07-05T14:12:12+08:00 ] 182.140.215.77 /index.php/Qt/Goods/sc.html
INFO: [ app_init ] --START--
INFO: Run Behavior\BuildLiteBehavior [ RunTime:0.000016s ]
INFO: [ app_init ] --END-- [ RunTime:0.000359s ]

[ 2017-07-05T14:12:12+08:00 ] 182.140.215.77 /index.php/Qt/Mr/mr.html
INFO: [ app_init ] --START--
INFO: Run Behavior\BuildLiteBehavior [ RunTime:0.000016s ]
INFO: [ app_init ] --END-- [ RunTime:0.000369s ]

[ 2017-07-05T14:12:12+08:00 ] 182.140.215.77 /index.php/Qt/Login/dl.html
INFO: [ app_init ] --START--
INFO: Run Behavior\BuildLiteBehavior [ RunTime:0.000015s ]
INFO: [ app_init ] --END-- [ RunTime:0.000366s ]

[ 2017-07-05T14:12:15+08:00 ] 182.140.215.77 /index.php/Qt/Mr/mr.html
INFO: [ app_init ] --START--
INFO: Run Behavior\BuildLiteBehavior [ RunTime:0.000017s ]
INFO: [ app_init ] --END-- [ RunTime:0.000391s ]

[ 2017-07-05T14:12:16+08:00 ] 182.140.215.77 /index.php/Qt/Login/dl.html
INFO: [ app_init ] --START--
INFO: Run Behavior\BuildLiteBehavior [ RunTime:0.000016s ]
INFO: [ app_init ] --END-- [ RunTime:0.000378s ]

[ 2017-07-05T14:12:17+08:00 ] 182.140.215.77 /index.php/Qt/Yl/yl.html
INFO: [ app_init ] --START--
INFO: Run Behavior\BuildLiteBehavior [ RunTime:0.000017s ]
INFO: [ app_init ] --END-- [ RunTime:0.000382s ]

[ 2017-07-05T14:12:18+08:00 ] 182.140.215.77 /index.php/Qt/Yl/yl.html
INFO: [ app_init ] --START--
INFO: Run Behavior\BuildLiteBehavior [ RunTime:0.000017s ]
INFO: [ app_init ] --END-- [ RunTime:0.000374s ]

[ 2017-07-05T14:19:58+08:00 ] 123.151.152.151 /index.php/Qt/Yl/yl.html
INFO: [ app_init ] --START--
INFO: Run Behavior\BuildLiteBehavior [ RunTime:0.000015s ]
INFO: [ app_init ] --END-- [ RunTime:0.000437s ]

[ 2017-07-05T14:19:59+08:00 ] 125.39.57.39 /
INFO: [ app_init ] --START--
INFO: Run Behavior\BuildLiteBehavior [ RunTime:0.000015s ]
INFO: [ app_init ] --END-- [ RunTime:0.000417s ]

[ 2017-07-05T14:20:00+08:00 ] 111.30.141.47 /
INFO: [ app_init ] --START--
INFO: Run Behavior\BuildLiteBehavior [ RunTime:0.000017s ]
INFO: [ app_init ] --END-- [ RunTime:0.000381s ]

[ 2017-07-05T14:23:06+08:00 ] 101.226.125.16 /index.php/Qt/Login/dl.html
INFO: [ app_init ] --START--
INFO: Run Behavior\BuildLiteBehavior [ RunTime:0.000016s ]
INFO: [ app_init ] --END-- [ RunTime:0.000405s ]

[ 2017-07-05T14:50:08+08:00 ] 163.177.90.152 /index.php
INFO: [ app_init ] --START--
INFO: Run Behavior\BuildLiteBehavior [ RunTime:0.000016s ]
INFO: [ app_init ] --END-- [ RunTime:0.000426s ]

[ 2017-07-05T14:50:52+08:00 ] 101.226.102.97 /index.php/Qt/Goods/goumai_ddlb?total_amount=0.01&timestamp=2017-06-12+16%3A34%3A54&sign=hDgflBgSqXYAMh82j06kB%2FDAOX73DBdnTdyImZoHSISSyJFHe7425y3KVPxg6DD55rLMZvWA6DhHaHAMLAFCSKcpIQhM4wHLNdDVrwzdh%2BpIEPUKtx2TSPF7q5ZySaE2lQkIH8nRL8S1xmiIAZ9z3nZ8PDUGJNXYuhtKO5sAa5CvhwZ0QWeHa6KpFUm2jfJDBUFgkU4%2FJgxcgQLR9QTWQ2%2Bs3hHe31VHbXX54JtQVjYBhAD82lr06pdTU79eMT3CD1ergOvBM4cQPQQhme9zKBBQYp47qrrGTPvpEOpiG1LGwoS1W6J7HF7s0NasUvl6zVfN6RQCQLF5PYxDSe5y3g%3D%3D&trade_no=2017061221001004810273494649&sign_type=RSA2&auth_app_id=2017052707362444&charset=UTF-8&seller_id=2088621871468584&method=alipay.trade.wap.pay.return&app_id=2017052707362444&out_trade_no=1497256483&version=1.0
INFO: [ app_init ] --START--
INFO: Run Behavior\BuildLiteBehavior [ RunTime:0.000016s ]
INFO: [ app_init ] --END-- [ RunTime:0.000374s ]

[ 2017-07-05T15:39:13+08:00 ] 175.167.146.248 /index.php/Qt/Tg/tg.html?scode=1389
INFO: [ app_init ] --START--
INFO: Run Behavior\BuildLiteBehavior [ RunTime:0.000016s ]
INFO: [ app_init ] --END-- [ RunTime:0.000425s ]

[ 2017-07-05T15:39:13+08:00 ] 175.167.146.248 /index.php/Qt/Tg/css/mr.css
INFO: [ app_init ] --START--
INFO: Run Behavior\BuildLiteBehavior [ RunTime:0.000016s ]
INFO: [ app_init ] --END-- [ RunTime:0.000360s ]
ERR: 非法操作:css

[ 2017-07-05T15:39:22+08:00 ] 101.226.65.107 /index.php/Qt/Tg/tg.html?scode=1389
INFO: [ app_init ] --START--
INFO: Run Behavior\BuildLiteBehavior [ RunTime:0.000016s ]
INFO: [ app_init ] --END-- [ RunTime:0.000371s ]

[ 2017-07-05T15:39:43+08:00 ] 175.167.146.248 /index.php/Qt/Tg/tg.html?scode=1389
INFO: [ app_init ] --START--
INFO: Run Behavior\BuildLiteBehavior [ RunTime:0.000016s ]
INFO: [ app_init ] --END-- [ RunTime:0.000386s ]

[ 2017-07-05T15:39:44+08:00 ] 175.167.146.248 /index.php/Qt/Tg/css/mr.css
INFO: [ app_init ] --START--
INFO: Run Behavior\BuildLiteBehavior [ RunTime:0.000017s ]
INFO: [ app_init ] --END-- [ RunTime:0.000377s ]
ERR: 非法操作:css

[ 2017-07-05T15:51:40+08:00 ] 101.226.79.182 /index.php/Qt/Tg/tg.html?scode=1389
INFO: [ app_init ] --START--
INFO: Run Behavior\BuildLiteBehavior [ RunTime:0.000016s ]
INFO: [ app_init ] --END-- [ RunTime:0.000420s ]

[ 2017-07-05T15:52:37+08:00 ] 123.189.141.104 /
INFO: [ app_init ] --START--
INFO: Run Behavior\BuildLiteBehavior [ RunTime:0.000017s ]
INFO: [ app_init ] --END-- [ RunTime:0.000383s ]

[ 2017-07-05T15:52:40+08:00 ] 123.189.141.104 /index.php/Qt/Yl/yl.html
INFO: [ app_init ] --START--
INFO: Run Behavior\BuildLiteBehavior [ RunTime:0.000017s ]
INFO: [ app_init ] --END-- [ RunTime:0.000377s ]

[ 2017-07-05T15:52:41+08:00 ] 123.189.141.104 /index.php/Qt/Yl/yl.html
INFO: [ app_init ] --START--
INFO: Run Behavior\BuildLiteBehavior [ RunTime:0.000015s ]
INFO: [ app_init ] --END-- [ RunTime:0.000361s ]

[ 2017-07-05T15:52:46+08:00 ] 123.189.141.104 /index.php/Qt/Product/goumai.html
INFO: [ app_init ] --START--
INFO: Run Behavior\BuildLiteBehavior [ RunTime:0.000015s ]
INFO: [ app_init ] --END-- [ RunTime:0.000358s ]

[ 2017-07-05T15:52:47+08:00 ] 123.189.141.104 /index.php/Qt/Product/css/mr.css
INFO: [ app_init ] --START--
INFO: Run Behavior\BuildLiteBehavior [ RunTime:0.000017s ]
INFO: [ app_init ] --END-- [ RunTime:0.000390s ]
ERR: 非法操作:css

[ 2017-07-05T15:53:12+08:00 ] 123.189.141.104 /index.php/Qt/Goods/goumai_ddlb.html
INFO: [ app_init ] --START--
INFO: Run Behavior\BuildLiteBehavior [ RunTime:0.000016s ]
INFO: [ app_init ] --END-- [ RunTime:0.000370s ]

[ 2017-07-05T15:53:14+08:00 ] 123.189.141.104 /index.php/Qt/Login/dl.html
INFO: [ app_init ] --START--
INFO: Run Behavior\BuildLiteBehavior [ RunTime:0.000017s ]
INFO: [ app_init ] --END-- [ RunTime:0.000386s ]

[ 2017-07-05T15:53:22+08:00 ] 101.226.68.197 /index.php/Qt/Goods/goumai_ddlb.html
INFO: [ app_init ] --START--
INFO: Run Behavior\BuildLiteBehavior [ RunTime:0.000022s ]
INFO: [ app_init ] --END-- [ RunTime:0.000526s ]

[ 2017-07-05T15:53:26+08:00 ] 123.189.141.104 /index.php/Qt/Login/dl
INFO: [ app_init ] --START--
INFO: Run Behavior\BuildLiteBehavior [ RunTime:0.000017s ]
INFO: [ app_init ] --END-- [ RunTime:0.000375s ]

[ 2017-07-05T15:55:16+08:00 ] 101.226.125.121 /
INFO: [ app_init ] --START--
INFO: Run Behavior\BuildLiteBehavior [ RunTime:0.000016s ]
INFO: [ app_init ] --END-- [ RunTime:0.000407s ]

[ 2017-07-05T15:55:17+08:00 ] 140.207.62.210 /
INFO: [ app_init ] --START--
INFO: Run Behavior\BuildLiteBehavior [ RunTime:0.000016s ]
INFO: [ app_init ] --END-- [ RunTime:0.000359s ]

[ 2017-07-05T15:55:26+08:00 ] 101.226.125.121 /
INFO: [ app_init ] --START--
INFO: Run Behavior\BuildLiteBehavior [ RunTime:0.000016s ]
INFO: [ app_init ] --END-- [ RunTime:0.000373s ]

[ 2017-07-05T15:55:28+08:00 ] 117.185.27.142 /
INFO: [ app_init ] --START--
INFO: Run Behavior\BuildLiteBehavior [ RunTime:0.000015s ]
INFO: [ app_init ] --END-- [ RunTime:0.000377s ]

[ 2017-07-05T15:55:36+08:00 ] 101.226.125.121 /index.php/Qt/Product/goumai.html
INFO: [ app_init ] --START--
INFO: Run Behavior\BuildLiteBehavior [ RunTime:0.000016s ]
INFO: [ app_init ] --END-- [ RunTime:0.000375s ]

[ 2017-07-05T15:55:38+08:00 ] 223.104.105.164 /index.php/Qt/Product/css/mr.css
INFO: [ app_init ] --START--
INFO: Run Behavior\BuildLiteBehavior [ RunTime:0.000015s ]
INFO: [ app_init ] --END-- [ RunTime:0.000361s ]
ERR: 非法操作:css

[ 2017-07-05T15:55:54+08:00 ] 101.226.125.121 /index.php/Qt/Product/goumai_xx
INFO: [ app_init ] --START--
INFO: Run Behavior\BuildLiteBehavior [ RunTime:0.000016s ]
INFO: [ app_init ] --END-- [ RunTime:0.000385s ]

[ 2017-07-05T15:56:05+08:00 ] 223.104.105.164 /index.php/Qt/Product/css/mr.css
INFO: [ app_init ] --START--
INFO: Run Behavior\BuildLiteBehavior [ RunTime:0.000016s ]
INFO: [ app_init ] --END-- [ RunTime:0.000383s ]
ERR: 非法操作:css

[ 2017-07-05T15:56:14+08:00 ] 101.226.125.121 /index.php/Qt/Product/goumai_dd
INFO: [ app_init ] --START--
INFO: Run Behavior\BuildLiteBehavior [ RunTime:0.000016s ]
INFO: [ app_init ] --END-- [ RunTime:0.000381s ]

[ 2017-07-05T15:56:15+08:00 ] 101.226.125.121 /index.php/Qt/Login/dl.html
INFO: [ app_init ] --START--
INFO: Run Behavior\BuildLiteBehavior [ RunTime:0.000018s ]
INFO: [ app_init ] --END-- [ RunTime:0.000377s ]

[ 2017-07-05T15:56:29+08:00 ] 123.189.141.104 /index.php/Qt/Kefu/kf
INFO: [ app_init ] --START--
INFO: Run Behavior\BuildLiteBehavior [ RunTime:0.000016s ]
INFO: [ app_init ] --END-- [ RunTime:0.000375s ]

[ 2017-07-05T15:56:30+08:00 ] 101.226.125.121 /index.php/Qt/Login/dl
INFO: [ app_init ] --START--
INFO: Run Behavior\BuildLiteBehavior [ RunTime:0.000025s ]
INFO: [ app_init ] --END-- [ RunTime:0.000372s ]

[ 2017-07-05T15:56:32+08:00 ] 101.226.125.121 /index.php/Qt/Mr/mr.html
INFO: [ app_init ] --START--
INFO: Run Behavior\BuildLiteBehavior [ RunTime:0.000017s ]
INFO: [ app_init ] --END-- [ RunTime:0.000373s ]

[ 2017-07-05T15:56:37+08:00 ] 123.189.141.104 /
INFO: [ app_init ] --START--
INFO: Run Behavior\BuildLiteBehavior [ RunTime:0.000015s ]
INFO: [ app_init ] --END-- [ RunTime:0.000370s ]

[ 2017-07-05T15:56:39+08:00 ] 61.151.226.199 /index.php/Qt/Kefu/kf
INFO: [ app_init ] --START--
INFO: Run Behavior\BuildLiteBehavior [ RunTime:0.000017s ]
INFO: [ app_init ] --END-- [ RunTime:0.000375s ]

[ 2017-07-05T15:56:41+08:00 ] 123.189.141.104 /index.php/Qt/Mr/mr.html
INFO: [ app_init ] --START--
INFO: Run Behavior\BuildLiteBehavior [ RunTime:0.000016s ]
INFO: [ app_init ] --END-- [ RunTime:0.000365s ]

[ 2017-07-05T15:56:41+08:00 ] 123.189.141.104 /index.php/Qt/Login/dl.html
INFO: [ app_init ] --START--
INFO: Run Behavior\BuildLiteBehavior [ RunTime:0.000015s ]
INFO: [ app_init ] --END-- [ RunTime:0.000359s ]

[ 2017-07-05T15:56:42+08:00 ] 101.226.125.121 /index.php/Qt/Product/goumai.html
INFO: [ app_init ] --START--
INFO: Run Behavior\BuildLiteBehavior [ RunTime:0.000016s ]
INFO: [ app_init ] --END-- [ RunTime:0.000365s ]

[ 2017-07-05T15:56:43+08:00 ] 223.104.105.164 /index.php/Qt/Product/css/mr.css
INFO: [ app_init ] --START--
INFO: Run Behavior\BuildLiteBehavior [ RunTime:0.000016s ]
INFO: [ app_init ] --END-- [ RunTime:0.000366s ]
ERR: 非法操作:css

[ 2017-07-05T15:56:49+08:00 ] 101.226.125.121 /index.php/Qt/Product/goumai_dd
INFO: [ app_init ] --START--
INFO: Run Behavior\BuildLiteBehavior [ RunTime:0.000016s ]
INFO: [ app_init ] --END-- [ RunTime:0.000360s ]

[ 2017-07-05T15:56:51+08:00 ] 101.226.125.121 /index.php/Qt/User/sfrz.html
INFO: [ app_init ] --START--
INFO: Run Behavior\BuildLiteBehavior [ RunTime:0.000016s ]
INFO: [ app_init ] --END-- [ RunTime:0.000377s ]

[ 2017-07-05T15:56:53+08:00 ] 123.189.141.104 /index.php/Qt/Login/dl
INFO: [ app_init ] --START--
INFO: Run Behavior\BuildLiteBehavior [ RunTime:0.000016s ]
INFO: [ app_init ] --END-- [ RunTime:0.000359s ]

[ 2017-07-05T15:56:56+08:00 ] 123.189.141.104 /index.php/Qt/Login/redirec.html
INFO: [ app_init ] --START--
INFO: Run Behavior\BuildLiteBehavior [ RunTime:0.000017s ]
INFO: [ app_init ] --END-- [ RunTime:0.000372s ]

[ 2017-07-05T15:56:57+08:00 ] 123.189.141.104 /index.php/Qt/Login/wxlogin
INFO: [ app_init ] --START--
INFO: Run Behavior\BuildLiteBehavior [ RunTime:0.000020s ]
INFO: [ app_init ] --END-- [ RunTime:0.000471s ]

[ 2017-07-05T15:57:00+08:00 ] 123.189.141.104 /index.php/Qt/Login/wxlogin?code=051xTpqK1o7LX603ZAnK1zLGqK1xTpqe&state=STATE
INFO: [ app_init ] --START--
INFO: Run Behavior\BuildLiteBehavior [ RunTime:0.000016s ]
INFO: [ app_init ] --END-- [ RunTime:0.000377s ]

[ 2017-07-05T15:57:00+08:00 ] 123.189.141.104 /index.php/Qt/Login/wxlogin
INFO: [ app_init ] --START--
INFO: Run Behavior\BuildLiteBehavior [ RunTime:0.000017s ]
INFO: [ app_init ] --END-- [ RunTime:0.000374s ]

[ 2017-07-05T15:57:02+08:00 ] 123.189.141.104 /index.php/Qt/Login/wxlogin?code=061VliDP0C28S72qRgDP0bpcDP0VliDq&state=STATE
INFO: [ app_init ] --START--
INFO: Run Behavior\BuildLiteBehavior [ RunTime:0.000015s ]
INFO: [ app_init ] --END-- [ RunTime:0.000368s ]

[ 2017-07-05T15:57:02+08:00 ] 123.189.141.104 /index.php/Qt/Login/wxlogin
INFO: [ app_init ] --START--
INFO: Run Behavior\BuildLiteBehavior [ RunTime:0.000017s ]
INFO: [ app_init ] --END-- [ RunTime:0.000367s ]

[ 2017-07-05T15:57:04+08:00 ] 123.189.141.104 /index.php/Qt/Login/wxlogin?code=021o0jN30olFeE1sgjO309RdN30o0jNY&state=STATE
INFO: [ app_init ] --START--
INFO: Run Behavior\BuildLiteBehavior [ RunTime:0.000017s ]
INFO: [ app_init ] --END-- [ RunTime:0.000365s ]

[ 2017-07-05T15:57:05+08:00 ] 123.189.141.104 /index.php/Qt/index/index.html
INFO: [ app_init ] --START--
INFO: Run Behavior\BuildLiteBehavior [ RunTime:0.000016s ]
INFO: [ app_init ] --END-- [ RunTime:0.000378s ]

[ 2017-07-05T15:57:07+08:00 ] 101.226.125.121 /index.php/Qt/User/sfrz
INFO: [ app_init ] --START--
INFO: Run Behavior\BuildLiteBehavior [ RunTime:0.000016s ]
INFO: [ app_init ] --END-- [ RunTime:0.000377s ]

[ 2017-07-05T15:57:07+08:00 ] 101.226.33.228 /index.php/Qt/Login/wxlogin
INFO: [ app_init ] --START--
INFO: Run Behavior\BuildLiteBehavior [ RunTime:0.000016s ]
INFO: [ app_init ] --END-- [ RunTime:0.000365s ]

[ 2017-07-05T15:57:09+08:00 ] 101.226.125.121 /index.php/Qt/User/zl.html
INFO: [ app_init ] --START--
INFO: Run Behavior\BuildLiteBehavior [ RunTime:0.000016s ]
INFO: [ app_init ] --END-- [ RunTime:0.000360s ]

[ 2017-07-05T15:57:11+08:00 ] 123.189.141.104 /index.php/Qt/Mr/mr.html
INFO: [ app_init ] --START--
INFO: Run Behavior\BuildLiteBehavior [ RunTime:0.000015s ]
INFO: [ app_init ] --END-- [ RunTime:0.000370s ]

[ 2017-07-05T15:57:17+08:00 ] 101.226.66.178 /index.php/Qt/User/sfrz
INFO: [ app_init ] --START--
INFO: Run Behavior\BuildLiteBehavior [ RunTime:0.000022s ]
INFO: [ app_init ] --END-- [ RunTime:0.000462s ]

[ 2017-07-05T15:57:19+08:00 ] 123.189.141.104 /index.php/Qt/Product/goumai.html
INFO: [ app_init ] --START--
INFO: Run Behavior\BuildLiteBehavior [ RunTime:0.000017s ]
INFO: [ app_init ] --END-- [ RunTime:0.000360s ]

[ 2017-07-05T15:57:20+08:00 ] 123.189.141.104 /index.php/Qt/Product/css/mr.css
INFO: [ app_init ] --START--
INFO: Run Behavior\BuildLiteBehavior [ RunTime:0.000016s ]
INFO: [ app_init ] --END-- [ RunTime:0.000435s ]
ERR: 非法操作:css

[ 2017-07-05T15:57:21+08:00 ] 101.226.66.172 /index.php/Qt/index/index.html
INFO: [ app_init ] --START--
INFO: Run Behavior\BuildLiteBehavior [ RunTime:0.000022s ]
INFO: [ app_init ] --END-- [ RunTime:0.000608s ]

[ 2017-07-05T15:57:24+08:00 ] 101.226.125.121 /index.php/Qt/User/zl
INFO: [ app_init ] --START--
INFO: Run Behavior\BuildLiteBehavior [ RunTime:0.000015s ]
INFO: [ app_init ] --END-- [ RunTime:0.000374s ]

[ 2017-07-05T15:57:29+08:00 ] 101.226.125.121 /index.php/Qt/User/zl.html
INFO: [ app_init ] --START--
INFO: Run Behavior\BuildLiteBehavior [ RunTime:0.000017s ]
INFO: [ app_init ] --END-- [ RunTime:0.000437s ]

[ 2017-07-05T15:57:34+08:00 ] 117.185.27.115 /index.php/Qt/User/zl
INFO: [ app_init ] --START--
INFO: Run Behavior\BuildLiteBehavior [ RunTime:0.000019s ]
INFO: [ app_init ] --END-- [ RunTime:0.000491s ]

[ 2017-07-05T15:57:42+08:00 ] 101.226.125.121 /index.php/Qt/Product/goumai.html
INFO: [ app_init ] --START--
INFO: Run Behavior\BuildLiteBehavior [ RunTime:0.000016s ]
INFO: [ app_init ] --END-- [ RunTime:0.000427s ]

[ 2017-07-05T15:57:43+08:00 ] 223.104.105.164 /index.php/Qt/Product/css/mr.css
INFO: [ app_init ] --START--
INFO: Run Behavior\BuildLiteBehavior [ RunTime:0.000016s ]
INFO: [ app_init ] --END-- [ RunTime:0.000423s ]
ERR: 非法操作:css

[ 2017-07-05T15:57:48+08:00 ] 101.226.66.172 /index.php/Qt/index/
INFO: [ app_init ] --START--
INFO: Run Behavior\BuildLiteBehavior [ RunTime:0.000016s ]
INFO: [ app_init ] --END-- [ RunTime:0.000413s ]

[ 2017-07-05T15:57:48+08:00 ] 140.207.118.16 /index.php/Qt/Product/goumai_dd
INFO: [ app_init ] --START--
INFO: Run Behavior\BuildLiteBehavior [ RunTime:0.000015s ]
INFO: [ app_init ] --END-- [ RunTime:0.000369s ]

[ 2017-07-05T15:57:51+08:00 ] 101.226.125.121 /index.php/Qt/User/sfrz.html
INFO: [ app_init ] --START--
INFO: Run Behavior\BuildLiteBehavior [ RunTime:0.000015s ]
INFO: [ app_init ] --END-- [ RunTime:0.000402s ]

[ 2017-07-05T15:58:01+08:00 ] 101.226.125.121 /index.php/Qt/Product/goumai_dd
INFO: [ app_init ] --START--
INFO: Run Behavior\BuildLiteBehavior [ RunTime:0.000015s ]
INFO: [ app_init ] --END-- [ RunTime:0.000433s ]

[ 2017-07-05T15:58:02+08:00 ] 223.104.105.164 /index.php/Qt/Product/css/mr.css
INFO: [ app_init ] --START--
INFO: Run Behavior\BuildLiteBehavior [ RunTime:0.000017s ]
INFO: [ app_init ] --END-- [ RunTime:0.000460s ]
ERR: 非法操作:css

[ 2017-07-05T15:58:05+08:00 ] 101.226.125.121 /index.php/Qt/Product/goumai_dd
INFO: [ app_init ] --START--
INFO: Run Behavior\BuildLiteBehavior [ RunTime:0.000022s ]
INFO: [ app_init ] --END-- [ RunTime:0.000442s ]

[ 2017-07-05T15:58:08+08:00 ] 101.226.125.121 /index.php/Qt/User/sfrz.html
INFO: [ app_init ] --START--
INFO: Run Behavior\BuildLiteBehavior [ RunTime:0.000017s ]
INFO: [ app_init ] --END-- [ RunTime:0.000417s ]

[ 2017-07-05T15:59:30+08:00 ] 101.226.125.121 /
INFO: [ app_init ] --START--
INFO: Run Behavior\BuildLiteBehavior [ RunTime:0.000017s ]
INFO: [ app_init ] --END-- [ RunTime:0.000425s ]

[ 2017-07-05T15:59:36+08:00 ] 101.226.125.121 /index.php/Qt/Mr/mr.html
INFO: [ app_init ] --START--
INFO: Run Behavior\BuildLiteBehavior [ RunTime:0.000016s ]
INFO: [ app_init ] --END-- [ RunTime:0.000414s ]

[ 2017-07-05T15:59:39+08:00 ] 101.226.125.121 /index.php/Qt/Product/goumai.html
INFO: [ app_init ] --START--
INFO: Run Behavior\BuildLiteBehavior [ RunTime:0.000017s ]
INFO: [ app_init ] --END-- [ RunTime:0.000459s ]

[ 2017-07-05T15:59:41+08:00 ] 223.104.105.164 /index.php/Qt/Product/css/mr.css
INFO: [ app_init ] --START--
INFO: Run Behavior\BuildLiteBehavior [ RunTime:0.000017s ]
INFO: [ app_init ] --END-- [ RunTime:0.000464s ]
ERR: 非法操作:css

[ 2017-07-05T15:59:45+08:00 ] 101.226.68.213 /
INFO: [ app_init ] --START--
INFO: Run Behavior\BuildLiteBehavior [ RunTime:0.000017s ]
INFO: [ app_init ] --END-- [ RunTime:0.000463s ]

[ 2017-07-05T15:59:47+08:00 ] 101.226.125.121 /index.php/Qt/Product/goumai_dd
INFO: [ app_init ] --START--
INFO: Run Behavior\BuildLiteBehavior [ RunTime:0.000016s ]
INFO: [ app_init ] --END-- [ RunTime:0.000435s ]

[ 2017-07-05T15:59:50+08:00 ] 101.226.125.121 /index.php/Qt/User/sfrz.html
INFO: [ app_init ] --START--
INFO: Run Behavior\BuildLiteBehavior [ RunTime:0.000016s ]
INFO: [ app_init ] --END-- [ RunTime:0.000455s ]

[ 2017-07-05T15:59:57+08:00 ] 117.185.27.115 /index.php/Qt/Product/goumai_dd
INFO: [ app_init ] --START--
INFO: Run Behavior\BuildLiteBehavior [ RunTime:0.000015s ]
INFO: [ app_init ] --END-- [ RunTime:0.000424s ]

[ 2017-07-05T16:00:05+08:00 ] 101.226.125.121 /index.php/Qt/User/sfrz
INFO: [ app_init ] --START--
INFO: Run Behavior\BuildLiteBehavior [ RunTime:0.000016s ]
INFO: [ app_init ] --END-- [ RunTime:0.000451s ]

[ 2017-07-05T16:00:07+08:00 ] 140.207.118.16 /index.php/Qt/User/zl.html
INFO: [ app_init ] --START--
INFO: Run Behavior\BuildLiteBehavior [ RunTime:0.000016s ]
INFO: [ app_init ] --END-- [ RunTime:0.000422s ]

[ 2017-07-05T16:00:15+08:00 ] 61.151.226.202 /index.php/Qt/User/sfrz
INFO: [ app_init ] --START--
INFO: Run Behavior\BuildLiteBehavior [ RunTime:0.000017s ]
INFO: [ app_init ] --END-- [ RunTime:0.000437s ]

[ 2017-07-05T16:00:30+08:00 ] 223.104.105.164 /index.php/Qt/User/zl
INFO: [ app_init ] --START--
INFO: Run Behavior\BuildLiteBehavior [ RunTime:0.000022s ]
INFO: [ app_init ] --END-- [ RunTime:0.000386s ]

[ 2017-07-05T16:00:32+08:00 ] 223.104.105.164 /index.php/Qt/User/zl
INFO: [ app_init ] --START--
INFO: Run Behavior\BuildLiteBehavior [ RunTime:0.000017s ]
INFO: [ app_init ] --END-- [ RunTime:0.000471s ]

[ 2017-07-05T16:00:34+08:00 ] 223.104.105.164 /index.php/Qt/User/zl
INFO: [ app_init ] --START--
INFO: Run Behavior\BuildLiteBehavior [ RunTime:0.000026s ]
INFO: [ app_init ] --END-- [ RunTime:0.000602s ]

[ 2017-07-05T16:00:39+08:00 ] 223.104.105.164 /index.php/Qt/User/zl.html
INFO: [ app_init ] --START--
INFO: Run Behavior\BuildLiteBehavior [ RunTime:0.000016s ]
INFO: [ app_init ] --END-- [ RunTime:0.000413s ]

[ 2017-07-05T16:00:52+08:00 ] 101.226.125.121 /index.php/Qt/Mr/mr.html
INFO: [ app_init ] --START--
INFO: Run Behavior\BuildLiteBehavior [ RunTime:0.000017s ]
INFO: [ app_init ] --END-- [ RunTime:0.000434s ]

[ 2017-07-05T16:00:57+08:00 ] 101.226.125.121 /index.php/Qt/Product/goumai.html
INFO: [ app_init ] --START--
INFO: Run Behavior\BuildLiteBehavior [ RunTime:0.000016s ]
INFO: [ app_init ] --END-- [ RunTime:0.000421s ]

[ 2017-07-05T16:00:59+08:00 ] 223.104.105.164 /index.php/Qt/Product/css/mr.css
INFO: [ app_init ] --START--
INFO: Run Behavior\BuildLiteBehavior [ RunTime:0.000017s ]
INFO: [ app_init ] --END-- [ RunTime:0.000426s ]
ERR: 非法操作:css

[ 2017-07-05T16:01:03+08:00 ] 101.226.125.121 /index.php/Qt/Product/goumai_dd
INFO: [ app_init ] --START--
INFO: Run Behavior\BuildLiteBehavior [ RunTime:0.000018s ]
INFO: [ app_init ] --END-- [ RunTime:0.000430s ]

[ 2017-07-05T16:01:05+08:00 ] 101.226.125.121 /index.php/Qt/User/sfrz.html
INFO: [ app_init ] --START--
INFO: Run Behavior\BuildLiteBehavior [ RunTime:0.000016s ]
INFO: [ app_init ] --END-- [ RunTime:0.000463s ]

[ 2017-07-05T16:01:28+08:00 ] 101.226.33.201 /index.php/Qt/Yl/yl.html
INFO: [ app_init ] --START--
INFO: Run Behavior\BuildLiteBehavior [ RunTime:0.000017s ]
INFO: [ app_init ] --END-- [ RunTime:0.000447s ]

[ 2017-07-05T16:03:30+08:00 ] 101.226.33.238 /index.php/Qt/Login/redirec.html
INFO: [ app_init ] --START--
INFO: Run Behavior\BuildLiteBehavior [ RunTime:0.000017s ]
INFO: [ app_init ] --END-- [ RunTime:0.000459s ]

[ 2017-07-05T16:04:09+08:00 ] 101.226.66.187 /index.php/Qt/Product/goumai_xx
INFO: [ app_init ] --START--
INFO: Run Behavior\BuildLiteBehavior [ RunTime:0.000016s ]
INFO: [ app_init ] --END-- [ RunTime:0.000417s ]

[ 2017-07-05T16:04:15+08:00 ] 123.189.141.104 /
INFO: [ app_init ] --START--
INFO: Run Behavior\BuildLiteBehavior [ RunTime:0.000016s ]
INFO: [ app_init ] --END-- [ RunTime:0.000466s ]

[ 2017-07-05T16:04:21+08:00 ] 123.189.141.104 /index.php/Qt/Mr/mr.html
INFO: [ app_init ] --START--
INFO: Run Behavior\BuildLiteBehavior [ RunTime:0.000017s ]
INFO: [ app_init ] --END-- [ RunTime:0.000452s ]

[ 2017-07-05T16:04:28+08:00 ] 123.189.141.104 /index.php/Qt/Information/xx.html
INFO: [ app_init ] --START--
INFO: Run Behavior\BuildLiteBehavior [ RunTime:0.000016s ]
INFO: [ app_init ] --END-- [ RunTime:0.000475s ]

[ 2017-07-05T16:04:56+08:00 ] 123.189.141.104 /
INFO: [ app_init ] --START--
INFO: Run Behavior\BuildLiteBehavior [ RunTime:0.000016s ]
INFO: [ app_init ] --END-- [ RunTime:0.000415s ]

[ 2017-07-05T16:05:00+08:00 ] 123.189.141.104 /index.php/Qt/Mr/mr.html
INFO: [ app_init ] --START--
INFO: Run Behavior\BuildLiteBehavior [ RunTime:0.000017s ]
INFO: [ app_init ] --END-- [ RunTime:0.000426s ]

[ 2017-07-05T16:05:08+08:00 ] 123.189.141.104 /index.php/Qt/User/zl.html
INFO: [ app_init ] --START--
INFO: Run Behavior\BuildLiteBehavior [ RunTime:0.000015s ]
INFO: [ app_init ] --END-- [ RunTime:0.000423s ]

[ 2017-07-05T16:05:17+08:00 ] 101.226.33.224 /index.php/Qt/User/zl.html
INFO: [ app_init ] --START--
INFO: Run Behavior\BuildLiteBehavior [ RunTime:0.000018s ]
INFO: [ app_init ] --END-- [ RunTime:0.000432s ]

[ 2017-07-05T16:05:42+08:00 ] 101.226.79.182 /index.php/Qt/User/sfrz.html
INFO: [ app_init ] --START--
INFO: Run Behavior\BuildLiteBehavior [ RunTime:0.000016s ]
INFO: [ app_init ] --END-- [ RunTime:0.000411s ]

[ 2017-07-05T16:08:42+08:00 ] 117.136.5.23 /index.php/Qt/User/sfrz.html
INFO: [ app_init ] --START--
INFO: Run Behavior\BuildLiteBehavior [ RunTime:0.000017s ]
INFO: [ app_init ] --END-- [ RunTime:0.000484s ]

[ 2017-07-05T16:08:56+08:00 ] 117.136.5.23 /index.php/Qt/User/sfrz
INFO: [ app_init ] --START--
INFO: Run Behavior\BuildLiteBehavior [ RunTime:0.000018s ]
INFO: [ app_init ] --END-- [ RunTime:0.000421s ]

[ 2017-07-05T16:08:57+08:00 ] 117.136.5.23 /index.php/Qt/User/zl.html
INFO: [ app_init ] --START--
INFO: Run Behavior\BuildLiteBehavior [ RunTime:0.000016s ]
INFO: [ app_init ] --END-- [ RunTime:0.000361s ]

[ 2017-07-05T16:09:23+08:00 ] 117.136.5.23 /index.php/Qt/User/zl
INFO: [ app_init ] --START--
INFO: Run Behavior\BuildLiteBehavior [ RunTime:0.000017s ]
INFO: [ app_init ] --END-- [ RunTime:0.000365s ]

[ 2017-07-05T16:09:27+08:00 ] 117.136.5.23 /index.php/Qt/User/zl.html
INFO: [ app_init ] --START--
INFO: Run Behavior\BuildLiteBehavior [ RunTime:0.000016s ]
INFO: [ app_init ] --END-- [ RunTime:0.000423s ]

[ 2017-07-05T16:09:30+08:00 ] 117.136.5.23 /index.php/Qt/User/zl.html
INFO: [ app_init ] --START--
INFO: Run Behavior\BuildLiteBehavior [ RunTime:0.000016s ]
INFO: [ app_init ] --END-- [ RunTime:0.000438s ]

[ 2017-07-05T16:09:39+08:00 ] 101.226.89.122 /index.php/Qt/User/zl
INFO: [ app_init ] --START--
INFO: Run Behavior\BuildLiteBehavior [ RunTime:0.000017s ]
INFO: [ app_init ] --END-- [ RunTime:0.000414s ]

[ 2017-07-05T16:10:32+08:00 ] 58.217.192.54 /
INFO: [ app_init ] --START--
INFO: Run Behavior\BuildLiteBehavior [ RunTime:0.000017s ]
INFO: [ app_init ] --END-- [ RunTime:0.000420s ]

[ 2017-07-05T16:15:03+08:00 ] 101.226.125.121 /
INFO: [ app_init ] --START--
INFO: Run Behavior\BuildLiteBehavior [ RunTime:0.000018s ]
INFO: [ app_init ] --END-- [ RunTime:0.000425s ]

[ 2017-07-05T16:15:11+08:00 ] 101.226.125.121 /index.php/Qt/Product/goumai.html
INFO: [ app_init ] --START--
INFO: Run Behavior\BuildLiteBehavior [ RunTime:0.000016s ]
INFO: [ app_init ] --END-- [ RunTime:0.000425s ]

[ 2017-07-05T16:15:12+08:00 ] 223.104.105.164 /index.php/Qt/Product/css/mr.css
INFO: [ app_init ] --START--
INFO: Run Behavior\BuildLiteBehavior [ RunTime:0.000018s ]
INFO: [ app_init ] --END-- [ RunTime:0.000460s ]
ERR: 非法操作:css

[ 2017-07-05T16:15:17+08:00 ] 101.226.125.121 /index.php/Qt/Product/goumai_dd
INFO: [ app_init ] --START--
INFO: Run Behavior\BuildLiteBehavior [ RunTime:0.000016s ]
INFO: [ app_init ] --END-- [ RunTime:0.000433s ]

[ 2017-07-05T16:15:20+08:00 ] 101.226.125.121 /index.php/Qt/User/sfrz.html
INFO: [ app_init ] --START--
INFO: Run Behavior\BuildLiteBehavior [ RunTime:0.000016s ]
INFO: [ app_init ] --END-- [ RunTime:0.000432s ]

[ 2017-07-05T16:15:36+08:00 ] 101.226.125.121 /index.php/Qt/User/sfrz
INFO: [ app_init ] --START--
INFO: Run Behavior\BuildLiteBehavior [ RunTime:0.000016s ]
INFO: [ app_init ] --END-- [ RunTime:0.000428s ]

[ 2017-07-05T16:15:37+08:00 ] 101.226.125.121 /index.php/Qt/User/zl.html
INFO: [ app_init ] --START--
INFO: Run Behavior\BuildLiteBehavior [ RunTime:0.000022s ]
INFO: [ app_init ] --END-- [ RunTime:0.000469s ]

[ 2017-07-05T16:16:13+08:00 ] 101.226.125.121 /index.php/Qt/User/sfrz.html
INFO: [ app_init ] --START--
INFO: Run Behavior\BuildLiteBehavior [ RunTime:0.000016s ]
INFO: [ app_init ] --END-- [ RunTime:0.000430s ]

[ 2017-07-05T16:16:26+08:00 ] 101.226.125.121 /index.php/Qt/Product/goumai.html
INFO: [ app_init ] --START--
INFO: Run Behavior\BuildLiteBehavior [ RunTime:0.000018s ]
INFO: [ app_init ] --END-- [ RunTime:0.000436s ]

[ 2017-07-05T16:16:27+08:00 ] 223.104.105.164 /index.php/Qt/Product/css/mr.css
INFO: [ app_init ] --START--
INFO: Run Behavior\BuildLiteBehavior [ RunTime:0.000017s ]
INFO: [ app_init ] --END-- [ RunTime:0.000434s ]
ERR: 非法操作:css

[ 2017-07-05T16:16:31+08:00 ] 101.226.125.121 /index.php/Qt/Product/goumai_dd
INFO: [ app_init ] --START--
INFO: Run Behavior\BuildLiteBehavior [ RunTime:0.000016s ]
INFO: [ app_init ] --END-- [ RunTime:0.000413s ]

[ 2017-07-05T16:16:34+08:00 ] 101.226.125.121 /index.php/Qt/User/sfrz.html
INFO: [ app_init ] --START--
INFO: Run Behavior\BuildLiteBehavior [ RunTime:0.000016s ]
INFO: [ app_init ] --END-- [ RunTime:0.000462s ]

[ 2017-07-05T16:16:35+08:00 ] 101.226.125.121 /index.php/Qt/Product/goumai_dd
INFO: [ app_init ] --START--
INFO: Run Behavior\BuildLiteBehavior [ RunTime:0.000016s ]
INFO: [ app_init ] --END-- [ RunTime:0.000472s ]

[ 2017-07-05T16:16:36+08:00 ] 101.226.125.121 /index.php/Qt/User/sfrz.html
INFO: [ app_init ] --START--
INFO: Run Behavior\BuildLiteBehavior [ RunTime:0.000017s ]
INFO: [ app_init ] --END-- [ RunTime:0.000445s ]

[ 2017-07-05T16:16:37+08:00 ] 223.104.105.164 /index.php/Qt/Product/css/mr.css
INFO: [ app_init ] --START--
INFO: Run Behavior\BuildLiteBehavior [ RunTime:0.000016s ]
INFO: [ app_init ] --END-- [ RunTime:0.000414s ]
ERR: 非法操作:css

[ 2017-07-05T16:19:05+08:00 ] 101.226.125.121 /
INFO: [ app_init ] --START--
INFO: Run Behavior\BuildLiteBehavior [ RunTime:0.000016s ]
INFO: [ app_init ] --END-- [ RunTime:0.000406s ]

[ 2017-07-05T16:19:11+08:00 ] 101.226.125.121 /index.php/Qt/Product/goumai.html
INFO: [ app_init ] --START--
INFO: Run Behavior\BuildLiteBehavior [ RunTime:0.000023s ]
INFO: [ app_init ] --END-- [ RunTime:0.000523s ]

[ 2017-07-05T16:19:13+08:00 ] 223.104.105.164 /index.php/Qt/Product/css/mr.css
INFO: [ app_init ] --START--
INFO: Run Behavior\BuildLiteBehavior [ RunTime:0.000016s ]
INFO: [ app_init ] --END-- [ RunTime:0.000376s ]
ERR: 非法操作:css

[ 2017-07-05T16:19:17+08:00 ] 140.207.118.16 /index.php/Qt/Product/goumai_dd
INFO: [ app_init ] --START--
INFO: Run Behavior\BuildLiteBehavior [ RunTime:0.000023s ]
INFO: [ app_init ] --END-- [ RunTime:0.000497s ]

[ 2017-07-05T16:19:20+08:00 ] 101.226.125.121 /index.php/Qt/User/sfrz.html
INFO: [ app_init ] --START--
INFO: Run Behavior\BuildLiteBehavior [ RunTime:0.000016s ]
INFO: [ app_init ] --END-- [ RunTime:0.000372s ]

[ 2017-07-05T16:19:30+08:00 ] 101.226.33.208 /index.php/Qt/User/sfrz.html
INFO: [ app_init ] --START--
INFO: Run Behavior\BuildLiteBehavior [ RunTime:0.000016s ]
INFO: [ app_init ] --END-- [ RunTime:0.000366s ]

[ 2017-07-05T16:19:32+08:00 ] 140.207.118.16 /index.php/Qt/Product/goumai_dd
INFO: [ app_init ] --START--
INFO: Run Behavior\BuildLiteBehavior [ RunTime:0.000017s ]
INFO: [ app_init ] --END-- [ RunTime:0.000375s ]

[ 2017-07-05T16:19:34+08:00 ] 223.104.105.164 /index.php/Qt/Product/css/mr.css
INFO: [ app_init ] --START--
INFO: Run Behavior\BuildLiteBehavior [ RunTime:0.000016s ]
INFO: [ app_init ] --END-- [ RunTime:0.000371s ]
ERR: 非法操作:css

[ 2017-07-05T16:20:23+08:00 ] 111.161.57.23 /
INFO: [ app_init ] --START--
INFO: Run Behavior\BuildLiteBehavior [ RunTime:0.000016s ]
INFO: [ app_init ] --END-- [ RunTime:0.000379s ]

[ 2017-07-05T16:20:25+08:00 ] 111.30.137.184 /
INFO: [ app_init ] --START--
INFO: Run Behavior\BuildLiteBehavior [ RunTime:0.000017s ]
INFO: [ app_init ] --END-- [ RunTime:0.000454s ]

[ 2017-07-05T16:20:25+08:00 ] 123.151.42.57 /
INFO: [ app_init ] --START--
INFO: Run Behavior\BuildLiteBehavior [ RunTime:0.000017s ]
INFO: [ app_init ] --END-- [ RunTime:0.000443s ]

[ 2017-07-05T16:41:47+08:00 ] 101.226.125.121 /
INFO: [ app_init ] --START--
INFO: Run Behavior\BuildLiteBehavior [ RunTime:0.000015s ]
INFO: [ app_init ] --END-- [ RunTime:0.000461s ]

[ 2017-07-05T16:41:48+08:00 ] 101.226.125.115 /
INFO: [ app_init ] --START--
INFO: Run Behavior\BuildLiteBehavior [ RunTime:0.000016s ]
INFO: [ app_init ] --END-- [ RunTime:0.000436s ]

[ 2017-07-05T16:41:55+08:00 ] 101.226.125.121 /index.php/Qt/Product/goumai.html
INFO: [ app_init ] --START--
INFO: Run Behavior\BuildLiteBehavior [ RunTime:0.000016s ]
INFO: [ app_init ] --END-- [ RunTime:0.000370s ]

[ 2017-07-05T16:41:56+08:00 ] 101.226.33.220 /
INFO: [ app_init ] --START--
INFO: Run Behavior\BuildLiteBehavior [ RunTime:0.000017s ]
INFO: [ app_init ] --END-- [ RunTime:0.000389s ]

[ 2017-07-05T16:41:57+08:00 ] 223.104.105.164 /index.php/Qt/Product/css/mr.css
INFO: [ app_init ] --START--
INFO: Run Behavior\BuildLiteBehavior [ RunTime:0.000015s ]
INFO: [ app_init ] --END-- [ RunTime:0.000360s ]
ERR: 非法操作:css

[ 2017-07-05T16:42:03+08:00 ] 101.226.125.121 /index.php/Qt/Product/goumai_dd
INFO: [ app_init ] --START--
INFO: Run Behavior\BuildLiteBehavior [ RunTime:0.000016s ]
INFO: [ app_init ] --END-- [ RunTime:0.000364s ]

[ 2017-07-05T16:42:05+08:00 ] 101.226.125.121 /index.php/Qt/User/sfrz.html
INFO: [ app_init ] --START--
INFO: Run Behavior\BuildLiteBehavior [ RunTime:0.000022s ]
INFO: [ app_init ] --END-- [ RunTime:0.000395s ]

[ 2017-07-05T16:42:08+08:00 ] 101.226.125.121 /index.php/Qt/Product/goumai_dd
INFO: [ app_init ] --START--
INFO: Run Behavior\BuildLiteBehavior [ RunTime:0.000016s ]
INFO: [ app_init ] --END-- [ RunTime:0.000363s ]

[ 2017-07-05T16:42:09+08:00 ] 223.104.105.164 /index.php/Qt/Product/css/mr.css
INFO: [ app_init ] --START--
INFO: Run Behavior\BuildLiteBehavior [ RunTime:0.000016s ]
INFO: [ app_init ] --END-- [ RunTime:0.000433s ]
ERR: 非法操作:css

[ 2017-07-05T17:06:05+08:00 ] 111.161.57.23 /
INFO: [ app_init ] --START--
INFO: Run Behavior\BuildLiteBehavior [ RunTime:0.000018s ]
INFO: [ app_init ] --END-- [ RunTime:0.000470s ]

[ 2017-07-05T17:06:05+08:00 ] 111.30.131.199 /
INFO: [ app_init ] --START--
INFO: Run Behavior\BuildLiteBehavior [ RunTime:0.000016s ]
INFO: [ app_init ] --END-- [ RunTime:0.000413s ]

[ 2017-07-05T17:06:05+08:00 ] 123.151.42.52 /index.php/Qt/Shopping/wxpay
INFO: [ app_init ] --START--
INFO: Run Behavior\BuildLiteBehavior [ RunTime:0.000016s ]
INFO: [ app_init ] --END-- [ RunTime:0.000418s ]

[ 2017-07-05T17:06:06+08:00 ] 123.151.42.52 /index.php/Qt/Shopping/wxpay?code=0017cLFW1CYOZV0Cn4FW1MwTFW17cLFA&state=STATE
INFO: [ app_init ] --START--
INFO: Run Behavior\BuildLiteBehavior [ RunTime:0.000015s ]
INFO: [ app_init ] --END-- [ RunTime:0.000410s ]

[ 2017-07-05T17:13:26+08:00 ] 101.226.66.172 /index.php/Qt/Shopping/wxpay
INFO: [ app_init ] --START--
INFO: Run Behavior\BuildLiteBehavior [ RunTime:0.000015s ]
INFO: [ app_init ] --END-- [ RunTime:0.000432s ]

[ 2017-07-05T17:59:17+08:00 ] 182.140.215.77 /
INFO: [ app_init ] --START--
INFO: Run Behavior\BuildLiteBehavior [ RunTime:0.000023s ]
INFO: [ app_init ] --END-- [ RunTime:0.000469s ]

[ 2017-07-05T17:59:22+08:00 ] 182.140.215.77 /
INFO: [ app_init ] --START--
INFO: Run Behavior\BuildLiteBehavior [ RunTime:0.000016s ]
INFO: [ app_init ] --END-- [ RunTime:0.000372s ]

[ 2017-07-05T17:59:27+08:00 ] 182.140.215.77 /index.php/Qt/Video/mc.html
INFO: [ app_init ] --START--
INFO: Run Behavior\BuildLiteBehavior [ RunTime:0.000016s ]
INFO: [ app_init ] --END-- [ RunTime:0.000362s ]

[ 2017-07-05T17:59:27+08:00 ] 182.140.215.77 /index.php/Qt/Video/mc.html
INFO: [ app_init ] --START--
INFO: Run Behavior\BuildLiteBehavior [ RunTime:0.000023s ]
INFO: [ app_init ] --END-- [ RunTime:0.000391s ]

[ 2017-07-05T17:59:29+08:00 ] 182.140.215.77 /index.php/Qt/Goods/sc.html
INFO: [ app_init ] --START--
INFO: Run Behavior\BuildLiteBehavior [ RunTime:0.000016s ]
INFO: [ app_init ] --END-- [ RunTime:0.000366s ]

[ 2017-07-05T17:59:31+08:00 ] 182.140.215.77 /index.php/Qt/Goods/sc.html
INFO: [ app_init ] --START--
INFO: Run Behavior\BuildLiteBehavior [ RunTime:0.000018s ]
INFO: [ app_init ] --END-- [ RunTime:0.000369s ]

[ 2017-07-05T17:59:31+08:00 ] 182.140.215.77 /index.php/Qt/Mr/mr.html
INFO: [ app_init ] --START--
INFO: Run Behavior\BuildLiteBehavior [ RunTime:0.000021s ]
INFO: [ app_init ] --END-- [ RunTime:0.000390s ]

[ 2017-07-05T17:59:31+08:00 ] 182.140.215.77 /index.php/Qt/Login/dl.html
INFO: [ app_init ] --START--
INFO: Run Behavior\BuildLiteBehavior [ RunTime:0.000015s ]
INFO: [ app_init ] --END-- [ RunTime:0.000373s ]

[ 2017-07-05T17:59:31+08:00 ] 182.140.215.77 /index.php/Qt/Mr/mr.html
INFO: [ app_init ] --START--
INFO: Run Behavior\BuildLiteBehavior [ RunTime:0.000016s ]
INFO: [ app_init ] --END-- [ RunTime:0.000377s ]

[ 2017-07-05T17:59:31+08:00 ] 182.140.215.77 /index.php/Qt/Login/dl.html
INFO: [ app_init ] --START--
INFO: Run Behavior\BuildLiteBehavior [ RunTime:0.000015s ]
INFO: [ app_init ] --END-- [ RunTime:0.000369s ]

[ 2017-07-05T17:59:32+08:00 ] 182.140.215.77 /index.php/Qt/Yl/yl.html
INFO: [ app_init ] --START--
INFO: Run Behavior\BuildLiteBehavior [ RunTime:0.000016s ]
INFO: [ app_init ] --END-- [ RunTime:0.000362s ]

[ 2017-07-05T17:59:34+08:00 ] 182.140.215.77 /index.php/Qt/Yl/yl.html
INFO: [ app_init ] --START--
INFO: Run Behavior\BuildLiteBehavior [ RunTime:0.000016s ]
INFO: [ app_init ] --END-- [ RunTime:0.000360s ]

[ 2017-07-05T18:46:36+08:00 ] 101.246.123.31 /
INFO: [ app_init ] --START--
INFO: Run Behavior\BuildLiteBehavior [ RunTime:0.000016s ]
INFO: [ app_init ] --END-- [ RunTime:0.000410s ]

[ 2017-07-05T18:46:41+08:00 ] 101.246.123.31 /index.php/Qt/Mr/mr.html
INFO: [ app_init ] --START--
INFO: Run Behavior\BuildLiteBehavior [ RunTime:0.000016s ]
INFO: [ app_init ] --END-- [ RunTime:0.000401s ]

[ 2017-07-05T18:48:24+08:00 ] 101.226.125.121 /
INFO: [ app_init ] --START--
INFO: Run Behavior\BuildLiteBehavior [ RunTime:0.000015s ]
INFO: [ app_init ] --END-- [ RunTime:0.000364s ]

[ 2017-07-05T18:48:25+08:00 ] 101.226.102.52 /
INFO: [ app_init ] --START--
INFO: Run Behavior\BuildLiteBehavior [ RunTime:0.000015s ]
INFO: [ app_init ] --END-- [ RunTime:0.000395s ]

[ 2017-07-05T18:48:35+08:00 ] 117.185.27.144 /
INFO: [ app_init ] --START--
INFO: Run Behavior\BuildLiteBehavior [ RunTime:0.000016s ]
INFO: [ app_init ] --END-- [ RunTime:0.000360s ]

[ 2017-07-05T18:48:36+08:00 ] 101.226.125.121 /index.php/Qt/Product/goumai.html
INFO: [ app_init ] --START--
INFO: Run Behavior\BuildLiteBehavior [ RunTime:0.000016s ]
INFO: [ app_init ] --END-- [ RunTime:0.000372s ]

[ 2017-07-05T18:48:38+08:00 ] 223.104.105.164 /index.php/Qt/Product/css/mr.css
INFO: [ app_init ] --START--
INFO: Run Behavior\BuildLiteBehavior [ RunTime:0.000015s ]
INFO: [ app_init ] --END-- [ RunTime:0.000421s ]
ERR: 非法操作:css

[ 2017-07-05T18:48:51+08:00 ] 101.226.125.121 /index.php/Qt/Yl/yl.html
INFO: [ app_init ] --START--
INFO: Run Behavior\BuildLiteBehavior [ RunTime:0.000016s ]
INFO: [ app_init ] --END-- [ RunTime:0.000375s ]

[ 2017-07-05T18:48:53+08:00 ] 101.226.125.121 /index.php/Qt/Yl/yl.html
INFO: [ app_init ] --START--
INFO: Run Behavior\BuildLiteBehavior [ RunTime:0.000016s ]
INFO: [ app_init ] --END-- [ RunTime:0.000370s ]

[ 2017-07-05T18:49:06+08:00 ] 101.226.125.121 /index.php/Qt/Product/goumai.html
INFO: [ app_init ] --START--
INFO: Run Behavior\BuildLiteBehavior [ RunTime:0.000017s ]
INFO: [ app_init ] --END-- [ RunTime:0.000371s ]

[ 2017-07-05T18:49:07+08:00 ] 223.104.105.164 /index.php/Qt/Product/css/mr.css
INFO: [ app_init ] --START--
INFO: Run Behavior\BuildLiteBehavior [ RunTime:0.000016s ]
INFO: [ app_init ] --END-- [ RunTime:0.000364s ]
ERR: 非法操作:css

[ 2017-07-05T18:49:14+08:00 ] 101.226.125.121 /index.php/Qt/Product/goumai_dd
INFO: [ app_init ] --START--
INFO: Run Behavior\BuildLiteBehavior [ RunTime:0.000016s ]
INFO: [ app_init ] --END-- [ RunTime:0.000360s ]

[ 2017-07-05T18:49:17+08:00 ] 101.226.125.121 /index.php/Qt/User/sfrz.html
INFO: [ app_init ] --START--
INFO: Run Behavior\BuildLiteBehavior [ RunTime:0.000016s ]
INFO: [ app_init ] --END-- [ RunTime:0.000626s ]

[ 2017-07-05T18:49:23+08:00 ] 223.104.105.164 /index.php/Qt/Product/css/mr.css
INFO: [ app_init ] --START--
INFO: Run Behavior\BuildLiteBehavior [ RunTime:0.000015s ]
INFO: [ app_init ] --END-- [ RunTime:0.000371s ]
ERR: 非法操作:css

[ 2017-07-05T18:49:24+08:00 ] 101.226.125.121 /index.php/Qt/Yl/yl.html
INFO: [ app_init ] --START--
INFO: Run Behavior\BuildLiteBehavior [ RunTime:0.000017s ]
INFO: [ app_init ] --END-- [ RunTime:0.000368s ]

[ 2017-07-05T18:49:25+08:00 ] 223.104.105.164 /index.php/Qt/Product/css/mr.css
INFO: [ app_init ] --START--
INFO: Run Behavior\BuildLiteBehavior [ RunTime:0.000016s ]
INFO: [ app_init ] --END-- [ RunTime:0.000364s ]
ERR: 非法操作:css

[ 2017-07-05T18:49:26+08:00 ] 101.226.125.121 /index.php/Qt/Yl/yl.html
INFO: [ app_init ] --START--
INFO: Run Behavior\BuildLiteBehavior [ RunTime:0.000017s ]
INFO: [ app_init ] --END-- [ RunTime:0.000420s ]

[ 2017-07-05T19:42:53+08:00 ] 123.151.139.145 /index.php/Qt/Tg/tg.html?scode=1389
INFO: [ app_init ] --START--
INFO: Run Behavior\BuildLiteBehavior [ RunTime:0.000015s ]
INFO: [ app_init ] --END-- [ RunTime:0.000458s ]

[ 2017-07-05T19:42:53+08:00 ] 175.149.65.244 /index.php/Qt/Tg/css/mr.css
INFO: [ app_init ] --START--
INFO: Run Behavior\BuildLiteBehavior [ RunTime:0.000016s ]
INFO: [ app_init ] --END-- [ RunTime:0.000362s ]
ERR: 非法操作:css

[ 2017-07-05T19:42:54+08:00 ] 175.149.65.244 /index.php/Qt/Tg/css/mr.css
INFO: [ app_init ] --START--
INFO: Run Behavior\BuildLiteBehavior [ RunTime:0.000016s ]
INFO: [ app_init ] --END-- [ RunTime:0.000358s ]
ERR: 非法操作:css

[ 2017-07-05T19:42:55+08:00 ] 111.30.131.238 /
INFO: [ app_init ] --START--
INFO: Run Behavior\BuildLiteBehavior [ RunTime:0.000017s ]
INFO: [ app_init ] --END-- [ RunTime:0.000370s ]

[ 2017-07-05T19:42:55+08:00 ] 111.161.105.17 /
INFO: [ app_init ] --START--
INFO: Run Behavior\BuildLiteBehavior [ RunTime:0.000016s ]
INFO: [ app_init ] --END-- [ RunTime:0.000453s ]

[ 2017-07-05T19:43:27+08:00 ] 123.151.139.145 /
INFO: [ app_init ] --START--
INFO: Run Behavior\BuildLiteBehavior [ RunTime:0.000016s ]
INFO: [ app_init ] --END-- [ RunTime:0.000368s ]

[ 2017-07-05T19:43:35+08:00 ] 123.151.139.145 /index.php/Qt/Video/mc.html
INFO: [ app_init ] --START--
INFO: Run Behavior\BuildLiteBehavior [ RunTime:0.000016s ]
INFO: [ app_init ] --END-- [ RunTime:0.000362s ]

[ 2017-07-05T19:43:39+08:00 ] 123.151.139.145 /index.php/Qt/Goods/sc.html
INFO: [ app_init ] --START--
INFO: Run Behavior\BuildLiteBehavior [ RunTime:0.000016s ]
INFO: [ app_init ] --END-- [ RunTime:0.000364s ]

[ 2017-07-05T19:43:58+08:00 ] 123.151.139.145 /index.php/Qt/Mr/mr.html
INFO: [ app_init ] --START--
INFO: Run Behavior\BuildLiteBehavior [ RunTime:0.000015s ]
INFO: [ app_init ] --END-- [ RunTime:0.000359s ]

[ 2017-07-05T19:43:58+08:00 ] 123.151.139.145 /index.php/Qt/Login/dl.html
INFO: [ app_init ] --START--
INFO: Run Behavior\BuildLiteBehavior [ RunTime:0.000015s ]
INFO: [ app_init ] --END-- [ RunTime:0.000347s ]

[ 2017-07-05T23:25:36+08:00 ] 120.27.194.31 /
INFO: [ app_init ] --START--
INFO: Run Behavior\BuildLiteBehavior [ RunTime:0.000017s ]
INFO: [ app_init ] --END-- [ RunTime:0.000443s ]

