[ 2017-05-26T05:18:12+08:00 ] 111.206.36.139 /
INFO: [ app_init ] --START--
INFO: Run Behavior\BuildLiteBehavior [ RunTime:0.000026s ]
INFO: [ app_init ] --END-- [ RunTime:0.000560s ]

[ 2017-05-26T08:28:56+08:00 ] 113.4.139.55 /index.php/Qt/Mr/mr
INFO: [ app_init ] --START--
INFO: Run Behavior\BuildLiteBehavior [ RunTime:0.000028s ]
INFO: [ app_init ] --END-- [ RunTime:0.000753s ]

[ 2017-05-26T08:28:56+08:00 ] 113.4.139.55 /index.php/Qt/Login/dl.html
INFO: [ app_init ] --START--
INFO: Run Behavior\BuildLiteBehavior [ RunTime:0.000025s ]
INFO: [ app_init ] --END-- [ RunTime:0.000718s ]

[ 2017-05-26T08:28:59+08:00 ] 113.4.139.55 /index.php/Qt/Login/redirec
INFO: [ app_init ] --START--
INFO: Run Behavior\BuildLiteBehavior [ RunTime:0.000026s ]
INFO: [ app_init ] --END-- [ RunTime:0.000721s ]

[ 2017-05-26T08:29:00+08:00 ] 113.4.139.55 /index.php/Qt/Login/wxlogin
INFO: [ app_init ] --START--
INFO: Run Behavior\BuildLiteBehavior [ RunTime:0.000030s ]
INFO: [ app_init ] --END-- [ RunTime:0.000743s ]

[ 2017-05-26T08:29:02+08:00 ] 113.4.139.55 /index.php/Qt/Login/wxlogin?code=021icXbM0kfhX62ed2cM0dXRbM0icXbD&state=STATE
INFO: [ app_init ] --START--
INFO: Run Behavior\BuildLiteBehavior [ RunTime:0.000030s ]
INFO: [ app_init ] --END-- [ RunTime:0.000754s ]

[ 2017-05-26T08:29:03+08:00 ] 113.4.139.55 /index.php/Qt/index/index.html
INFO: [ app_init ] --START--
INFO: Run Behavior\BuildLiteBehavior [ RunTime:0.000027s ]
INFO: [ app_init ] --END-- [ RunTime:0.000727s ]

[ 2017-05-26T08:29:03+08:00 ] 113.4.139.55 /index.php/Qt/Login/wxlogin
INFO: [ app_init ] --START--
INFO: Run Behavior\BuildLiteBehavior [ RunTime:0.000025s ]
INFO: [ app_init ] --END-- [ RunTime:0.000635s ]

[ 2017-05-26T08:29:05+08:00 ] 113.4.139.55 /index.php/Qt/Login/wxlogin?code=021Fh6K01YKul12wAiN01mOUJ01Fh6Ku&state=STATE
INFO: [ app_init ] --START--
INFO: Run Behavior\BuildLiteBehavior [ RunTime:0.000026s ]
INFO: [ app_init ] --END-- [ RunTime:0.000634s ]

[ 2017-05-26T08:29:06+08:00 ] 113.4.139.55 /index.php/Qt/index/index.html
INFO: [ app_init ] --START--
INFO: Run Behavior\BuildLiteBehavior [ RunTime:0.000025s ]
INFO: [ app_init ] --END-- [ RunTime:0.000630s ]

[ 2017-05-26T08:29:07+08:00 ] 113.4.139.55 /index.php/Qt/Login/wxlogin
INFO: [ app_init ] --START--
INFO: Run Behavior\BuildLiteBehavior [ RunTime:0.000026s ]
INFO: [ app_init ] --END-- [ RunTime:0.000640s ]

[ 2017-05-26T08:29:08+08:00 ] 113.4.139.55 /index.php/Qt/Login/wxlogin?code=031i1WrK11Xgx70GIDsK1UTZrK1i1WrL&state=STATE
INFO: [ app_init ] --START--
INFO: Run Behavior\BuildLiteBehavior [ RunTime:0.000026s ]
INFO: [ app_init ] --END-- [ RunTime:0.000633s ]

[ 2017-05-26T08:29:08+08:00 ] 113.4.139.55 /index.php/Qt/Login/wxlogin
INFO: [ app_init ] --START--
INFO: Run Behavior\BuildLiteBehavior [ RunTime:0.000029s ]
INFO: [ app_init ] --END-- [ RunTime:0.000687s ]

[ 2017-05-26T08:29:10+08:00 ] 113.4.139.55 /index.php/Qt/Login/wxlogin?code=0412sSWH1fKl450NEjXH1PcTWH12sSWB&state=STATE
INFO: [ app_init ] --START--
INFO: Run Behavior\BuildLiteBehavior [ RunTime:0.000025s ]
INFO: [ app_init ] --END-- [ RunTime:0.000630s ]

[ 2017-05-26T08:29:10+08:00 ] 113.4.139.55 /index.php/Qt/Login/wxlogin
INFO: [ app_init ] --START--
INFO: Run Behavior\BuildLiteBehavior [ RunTime:0.000024s ]
INFO: [ app_init ] --END-- [ RunTime:0.000500s ]

[ 2017-05-26T08:29:12+08:00 ] 113.4.139.55 /index.php/Qt/Login/wxlogin?code=031m39oE1o7as30U8LkE1Yw1oE1m39oY&state=STATE
INFO: [ app_init ] --START--
INFO: Run Behavior\BuildLiteBehavior [ RunTime:0.000025s ]
INFO: [ app_init ] --END-- [ RunTime:0.000497s ]

[ 2017-05-26T08:29:12+08:00 ] 113.4.139.55 /index.php/Qt/Login/wxlogin
INFO: [ app_init ] --START--
INFO: Run Behavior\BuildLiteBehavior [ RunTime:0.000025s ]
INFO: [ app_init ] --END-- [ RunTime:0.000626s ]

[ 2017-05-26T08:29:14+08:00 ] 113.4.139.55 /index.php/Qt/Login/wxlogin?code=001ezg3N0oCLw52DdI4N0Bah3N0ezg3x&state=STATE
INFO: [ app_init ] --START--
INFO: Run Behavior\BuildLiteBehavior [ RunTime:0.000027s ]
INFO: [ app_init ] --END-- [ RunTime:0.000647s ]

[ 2017-05-26T08:29:15+08:00 ] 113.4.139.55 /index.php/Qt/index/index.html
INFO: [ app_init ] --START--
INFO: Run Behavior\BuildLiteBehavior [ RunTime:0.000025s ]
INFO: [ app_init ] --END-- [ RunTime:0.000631s ]

[ 2017-05-26T08:29:16+08:00 ] 113.4.139.55 /index.php/Qt/Video/mc.html
INFO: [ app_init ] --START--
INFO: Run Behavior\BuildLiteBehavior [ RunTime:0.000024s ]
INFO: [ app_init ] --END-- [ RunTime:0.000629s ]

[ 2017-05-26T08:29:17+08:00 ] 113.4.139.55 /index.php/Qt/Goods/sc.html
INFO: [ app_init ] --START--
INFO: Run Behavior\BuildLiteBehavior [ RunTime:0.000024s ]
INFO: [ app_init ] --END-- [ RunTime:0.000581s ]

[ 2017-05-26T08:29:18+08:00 ] 113.4.139.55 /index.php/Qt/Mr/mr.html
INFO: [ app_init ] --START--
INFO: Run Behavior\BuildLiteBehavior [ RunTime:0.000024s ]
INFO: [ app_init ] --END-- [ RunTime:0.000531s ]

[ 2017-05-26T08:29:31+08:00 ] 113.4.139.55 /index.php/Qt/Goods/sc_xx/gid/1.html
INFO: [ app_init ] --START--
INFO: Run Behavior\BuildLiteBehavior [ RunTime:0.000027s ]
INFO: [ app_init ] --END-- [ RunTime:0.000503s ]

[ 2017-05-26T08:29:37+08:00 ] 113.4.139.55 /index.php/Qt/Goods/dd_xx/gid/1.html
INFO: [ app_init ] --START--
INFO: Run Behavior\BuildLiteBehavior [ RunTime:0.000025s ]
INFO: [ app_init ] --END-- [ RunTime:0.000500s ]

[ 2017-05-26T08:29:42+08:00 ] 113.4.139.55 /index.php/Qt/Goods/dd_xx
INFO: [ app_init ] --START--
INFO: Run Behavior\BuildLiteBehavior [ RunTime:0.000025s ]
INFO: [ app_init ] --END-- [ RunTime:0.000501s ]

[ 2017-05-26T08:29:43+08:00 ] 113.4.139.55 /index.php/Qt/Goods/goumai_ddlb.html
INFO: [ app_init ] --START--
INFO: Run Behavior\BuildLiteBehavior [ RunTime:0.000025s ]
INFO: [ app_init ] --END-- [ RunTime:0.000504s ]

[ 2017-05-26T08:29:46+08:00 ] 113.4.139.55 /index.php/Qt/Goods/zhifufangshi.html
INFO: [ app_init ] --START--
INFO: Run Behavior\BuildLiteBehavior [ RunTime:0.000026s ]
INFO: [ app_init ] --END-- [ RunTime:0.000508s ]

[ 2017-05-26T08:29:51+08:00 ] 101.226.64.177 /index.php/Qt/Goods/dd_xx
INFO: [ app_init ] --START--
INFO: Run Behavior\BuildLiteBehavior [ RunTime:0.000024s ]
INFO: [ app_init ] --END-- [ RunTime:0.000544s ]

[ 2017-05-26T08:29:53+08:00 ] 101.226.89.122 /index.php/Qt/Goods/goumai_ddlb.html
INFO: [ app_init ] --START--
INFO: Run Behavior\BuildLiteBehavior [ RunTime:0.000031s ]
INFO: [ app_init ] --END-- [ RunTime:0.000662s ]

[ 2017-05-26T08:29:54+08:00 ] 101.226.85.67 /index.php/Qt/Goods/dd_xx
INFO: [ app_init ] --START--
INFO: Run Behavior\BuildLiteBehavior [ RunTime:0.000024s ]
INFO: [ app_init ] --END-- [ RunTime:0.001270s ]

[ 2017-05-26T08:29:56+08:00 ] 101.226.99.196 /index.php/Qt/Goods/zhifufangshi.html
INFO: [ app_init ] --START--
INFO: Run Behavior\BuildLiteBehavior [ RunTime:0.000026s ]
INFO: [ app_init ] --END-- [ RunTime:0.000788s ]

[ 2017-05-26T08:29:57+08:00 ] 101.226.66.172 /index.php/Qt/Goods/goumai_ddlb.html
INFO: [ app_init ] --START--
INFO: Run Behavior\BuildLiteBehavior [ RunTime:0.000027s ]
INFO: [ app_init ] --END-- [ RunTime:0.000513s ]

[ 2017-05-26T08:29:57+08:00 ] 113.4.139.55 /index.php/Qt/Goods/zhifufangshi
INFO: [ app_init ] --START--
INFO: Run Behavior\BuildLiteBehavior [ RunTime:0.000025s ]
INFO: [ app_init ] --END-- [ RunTime:0.000485s ]

[ 2017-05-26T08:30:04+08:00 ] 113.4.139.55 /index.php/Qt/Goods/zhifufangshi.html
INFO: [ app_init ] --START--
INFO: Run Behavior\BuildLiteBehavior [ RunTime:0.000028s ]
INFO: [ app_init ] --END-- [ RunTime:0.000464s ]

[ 2017-05-26T08:30:07+08:00 ] 180.153.205.252 /index.php/Qt/Goods/zhifufangshi
INFO: [ app_init ] --START--
INFO: Run Behavior\BuildLiteBehavior [ RunTime:0.000026s ]
INFO: [ app_init ] --END-- [ RunTime:0.000452s ]

[ 2017-05-26T08:30:10+08:00 ] 101.226.33.225 /index.php/Qt/Goods/zhifufangshi
INFO: [ app_init ] --START--
INFO: Run Behavior\BuildLiteBehavior [ RunTime:0.000026s ]
INFO: [ app_init ] --END-- [ RunTime:0.000505s ]

[ 2017-05-26T08:30:12+08:00 ] 113.4.139.55 /index.php/Qt/Goods/ggdd
INFO: [ app_init ] --START--
INFO: Run Behavior\BuildLiteBehavior [ RunTime:0.000029s ]
INFO: [ app_init ] --END-- [ RunTime:0.000630s ]

[ 2017-05-26T08:30:13+08:00 ] 113.4.139.55 /index.php/Qt/Goods/zhifu/oid/5/money/30.html
INFO: [ app_init ] --START--
INFO: Run Behavior\BuildLiteBehavior [ RunTime:0.000024s ]
INFO: [ app_init ] --END-- [ RunTime:0.000620s ]

[ 2017-05-26T08:30:15+08:00 ] 101.226.89.120 /index.php/Qt/Goods/goumai_ddlb.html
INFO: [ app_init ] --START--
INFO: Run Behavior\BuildLiteBehavior [ RunTime:0.000025s ]
INFO: [ app_init ] --END-- [ RunTime:0.000439s ]

[ 2017-05-26T08:30:18+08:00 ] 113.4.139.55 /index.php/Qt/Goods/dd
INFO: [ app_init ] --START--
INFO: Run Behavior\BuildLiteBehavior [ RunTime:0.000027s ]
INFO: [ app_init ] --END-- [ RunTime:0.000642s ]

[ 2017-05-26T08:30:20+08:00 ] 113.4.139.55 /index.php/Qt/Goods/dd
INFO: [ app_init ] --START--
INFO: Run Behavior\BuildLiteBehavior [ RunTime:0.000025s ]
INFO: [ app_init ] --END-- [ RunTime:0.000636s ]

[ 2017-05-26T08:30:23+08:00 ] 112.65.193.15 /index.php/Qt/Goods/zhifu/oid/5/money/30.html
INFO: [ app_init ] --START--
INFO: Run Behavior\BuildLiteBehavior [ RunTime:0.000024s ]
INFO: [ app_init ] --END-- [ RunTime:0.000448s ]

[ 2017-05-26T08:30:28+08:00 ] 101.226.89.115 /index.php/Qt/Goods/dd
INFO: [ app_init ] --START--
INFO: Run Behavior\BuildLiteBehavior [ RunTime:0.000029s ]
INFO: [ app_init ] --END-- [ RunTime:0.000637s ]

[ 2017-05-26T08:30:28+08:00 ] 123.151.64.201 /index.php/Qt/Goods/zhifu/oid/5/money/30.html
INFO: [ app_init ] --START--
INFO: Run Behavior\BuildLiteBehavior [ RunTime:0.000023s ]
INFO: [ app_init ] --END-- [ RunTime:0.000641s ]

[ 2017-05-26T08:30:29+08:00 ] 113.4.139.55 /index.php/Qt/Goods/zhifufangshi.html
INFO: [ app_init ] --START--
INFO: Run Behavior\BuildLiteBehavior [ RunTime:0.000036s ]
INFO: [ app_init ] --END-- [ RunTime:0.000704s ]

[ 2017-05-26T08:30:31+08:00 ] 180.153.206.20 /index.php/Qt/Goods/dd
INFO: [ app_init ] --START--
INFO: Run Behavior\BuildLiteBehavior [ RunTime:0.000026s ]
INFO: [ app_init ] --END-- [ RunTime:0.000448s ]

[ 2017-05-26T08:30:37+08:00 ] 113.4.139.55 /index.php/Qt/Goods/zhifufangshi
INFO: [ app_init ] --START--
INFO: Run Behavior\BuildLiteBehavior [ RunTime:0.000025s ]
INFO: [ app_init ] --END-- [ RunTime:0.000638s ]

[ 2017-05-26T08:39:26+08:00 ] 113.4.139.55 /index.php/Qt/Goods/zhifufangshi.html
INFO: [ app_init ] --START--
INFO: Run Behavior\BuildLiteBehavior [ RunTime:0.000025s ]
INFO: [ app_init ] --END-- [ RunTime:0.000496s ]

[ 2017-05-26T08:40:06+08:00 ] 113.4.139.55 /index.php/Qt/Goods/dd_xx/gid/1.html
INFO: [ app_init ] --START--
INFO: Run Behavior\BuildLiteBehavior [ RunTime:0.000025s ]
INFO: [ app_init ] --END-- [ RunTime:0.000545s ]

[ 2017-05-26T08:54:21+08:00 ] 113.4.139.55 /index.php/Qt/Goods/dd_xx/gid/1.html
INFO: [ app_init ] --START--
INFO: Run Behavior\BuildLiteBehavior [ RunTime:0.000025s ]
INFO: [ app_init ] --END-- [ RunTime:0.000606s ]

[ 2017-05-26T08:54:24+08:00 ] 113.4.139.55 /index.php/Qt/Goods/zhifufangshi
INFO: [ app_init ] --START--
INFO: Run Behavior\BuildLiteBehavior [ RunTime:0.000025s ]
INFO: [ app_init ] --END-- [ RunTime:0.000498s ]

[ 2017-05-26T08:54:36+08:00 ] 113.4.139.55 /index.php/Qt/Goods/zhifu.html
INFO: [ app_init ] --START--
INFO: Run Behavior\BuildLiteBehavior [ RunTime:0.000025s ]
INFO: [ app_init ] --END-- [ RunTime:0.000500s ]

[ 2017-05-26T08:54:46+08:00 ] 180.153.201.15 /index.php/Qt/Goods/zhifu.html
INFO: [ app_init ] --START--
INFO: Run Behavior\BuildLiteBehavior [ RunTime:0.000040s ]
INFO: [ app_init ] --END-- [ RunTime:0.000611s ]

[ 2017-05-26T08:54:49+08:00 ] 113.4.139.55 /index.php/Qt/Goods/zhifu.html
INFO: [ app_init ] --START--
INFO: Run Behavior\BuildLiteBehavior [ RunTime:0.000024s ]
INFO: [ app_init ] --END-- [ RunTime:0.000697s ]

[ 2017-05-26T08:54:49+08:00 ] 180.163.2.116 /index.php/Qt/Goods/zhifu.html
INFO: [ app_init ] --START--
INFO: Run Behavior\BuildLiteBehavior [ RunTime:0.000028s ]
INFO: [ app_init ] --END-- [ RunTime:0.000679s ]

[ 2017-05-26T08:54:56+08:00 ] 113.4.139.55 /index.php/Qt/Goods/zhifu
INFO: [ app_init ] --START--
INFO: Run Behavior\BuildLiteBehavior [ RunTime:0.000025s ]
INFO: [ app_init ] --END-- [ RunTime:0.000705s ]

[ 2017-05-26T08:55:05+08:00 ] 180.153.81.203 /index.php/Qt/Goods/zhifu
INFO: [ app_init ] --START--
INFO: Run Behavior\BuildLiteBehavior [ RunTime:0.000025s ]
INFO: [ app_init ] --END-- [ RunTime:0.000731s ]

[ 2017-05-26T08:55:09+08:00 ] 101.226.33.227 /index.php/Qt/Goods/zhifu
INFO: [ app_init ] --START--
INFO: Run Behavior\BuildLiteBehavior [ RunTime:0.000027s ]
INFO: [ app_init ] --END-- [ RunTime:0.000737s ]

[ 2017-05-26T08:55:34+08:00 ] 61.148.242.40 /index.php/Qt/Goods/zhifu.html
INFO: [ app_init ] --START--
INFO: Run Behavior\BuildLiteBehavior [ RunTime:0.000029s ]
INFO: [ app_init ] --END-- [ RunTime:0.000526s ]

[ 2017-05-26T08:55:39+08:00 ] 113.4.139.55 /index.php/Qt/Goods/dd_xx/gid/1.html
INFO: [ app_init ] --START--
INFO: Run Behavior\BuildLiteBehavior [ RunTime:0.000026s ]
INFO: [ app_init ] --END-- [ RunTime:0.000499s ]

[ 2017-05-26T08:55:43+08:00 ] 113.4.139.55 /index.php/Qt/Goods/dd_xx/gid/1.html
INFO: [ app_init ] --START--
INFO: Run Behavior\BuildLiteBehavior [ RunTime:0.000024s ]
INFO: [ app_init ] --END-- [ RunTime:0.000495s ]

[ 2017-05-26T08:55:48+08:00 ] 113.4.139.55 /index.php/Qt/Goods/zhifufangshi
INFO: [ app_init ] --START--
INFO: Run Behavior\BuildLiteBehavior [ RunTime:0.000036s ]
INFO: [ app_init ] --END-- [ RunTime:0.000753s ]

[ 2017-05-26T08:56:35+08:00 ] 113.4.139.55 /index.php/Qt/Goods/zhifufangshi
INFO: [ app_init ] --START--
INFO: Run Behavior\BuildLiteBehavior [ RunTime:0.000026s ]
INFO: [ app_init ] --END-- [ RunTime:0.000499s ]

[ 2017-05-26T08:57:19+08:00 ] 113.4.139.55 /index.php/Qt/Goods/zhifufangshi
INFO: [ app_init ] --START--
INFO: Run Behavior\BuildLiteBehavior [ RunTime:0.000025s ]
INFO: [ app_init ] --END-- [ RunTime:0.000504s ]

[ 2017-05-26T08:58:21+08:00 ] 113.4.139.55 /
INFO: [ app_init ] --START--
INFO: Run Behavior\BuildLiteBehavior [ RunTime:0.000025s ]
INFO: [ app_init ] --END-- [ RunTime:0.000504s ]

[ 2017-05-26T08:58:22+08:00 ] 113.4.139.55 /index.php/Qt/Video/mc.html
INFO: [ app_init ] --START--
INFO: Run Behavior\BuildLiteBehavior [ RunTime:0.000024s ]
INFO: [ app_init ] --END-- [ RunTime:0.000491s ]

[ 2017-05-26T08:58:23+08:00 ] 113.4.139.55 /index.php/Qt/Goods/sc.html
INFO: [ app_init ] --START--
INFO: Run Behavior\BuildLiteBehavior [ RunTime:0.000024s ]
INFO: [ app_init ] --END-- [ RunTime:0.000476s ]

[ 2017-05-26T08:58:23+08:00 ] 113.4.139.55 /index.php/Qt/Mr/mr.html
INFO: [ app_init ] --START--
INFO: Run Behavior\BuildLiteBehavior [ RunTime:0.000025s ]
INFO: [ app_init ] --END-- [ RunTime:0.000543s ]

[ 2017-05-26T08:58:25+08:00 ] 113.4.139.55 /index.php/Qt/Login/dl.html
INFO: [ app_init ] --START--
INFO: Run Behavior\BuildLiteBehavior [ RunTime:0.000025s ]
INFO: [ app_init ] --END-- [ RunTime:0.000504s ]

[ 2017-05-26T08:58:47+08:00 ] 113.4.139.55 /index.php/Qt/Login/dl
INFO: [ app_init ] --START--
INFO: Run Behavior\BuildLiteBehavior [ RunTime:0.000026s ]
INFO: [ app_init ] --END-- [ RunTime:0.000546s ]

[ 2017-05-26T08:59:07+08:00 ] 113.4.139.55 /index.php/Qt/Login/dl
INFO: [ app_init ] --START--
INFO: Run Behavior\BuildLiteBehavior [ RunTime:0.000031s ]
INFO: [ app_init ] --END-- [ RunTime:0.000933s ]

[ 2017-05-26T08:59:08+08:00 ] 113.4.139.55 /index.php/Qt/Mr/mr.html
INFO: [ app_init ] --START--
INFO: Run Behavior\BuildLiteBehavior [ RunTime:0.000025s ]
INFO: [ app_init ] --END-- [ RunTime:0.000544s ]

[ 2017-05-26T08:59:16+08:00 ] 113.4.139.55 /index.php/Qt/Goods/sc_xx/gid/1.html
INFO: [ app_init ] --START--
INFO: Run Behavior\BuildLiteBehavior [ RunTime:0.000040s ]
INFO: [ app_init ] --END-- [ RunTime:0.000543s ]

[ 2017-05-26T08:59:20+08:00 ] 113.4.139.55 /index.php/Qt/Goods/dd_xx/gid/1.html
INFO: [ app_init ] --START--
INFO: Run Behavior\BuildLiteBehavior [ RunTime:0.000025s ]
INFO: [ app_init ] --END-- [ RunTime:0.000510s ]

[ 2017-05-26T08:59:23+08:00 ] 113.4.139.55 /index.php/Qt/Goods/zhifufangshi
INFO: [ app_init ] --START--
INFO: Run Behavior\BuildLiteBehavior [ RunTime:0.000024s ]
INFO: [ app_init ] --END-- [ RunTime:0.000447s ]

[ 2017-05-26T09:00:01+08:00 ] 113.4.139.55 /index.php/Qt/Goods/zhifufangshi
INFO: [ app_init ] --START--
INFO: Run Behavior\BuildLiteBehavior [ RunTime:0.000030s ]
INFO: [ app_init ] --END-- [ RunTime:0.000783s ]

[ 2017-05-26T09:00:06+08:00 ] 113.4.139.55 /
INFO: [ app_init ] --START--
INFO: Run Behavior\BuildLiteBehavior [ RunTime:0.000028s ]
INFO: [ app_init ] --END-- [ RunTime:0.000728s ]

[ 2017-05-26T09:00:06+08:00 ] 113.4.139.55 /index.php/Qt/Video/mc.html
INFO: [ app_init ] --START--
INFO: Run Behavior\BuildLiteBehavior [ RunTime:0.000027s ]
INFO: [ app_init ] --END-- [ RunTime:0.000778s ]

[ 2017-05-26T09:00:07+08:00 ] 113.4.139.55 /index.php/Qt/Goods/sc.html
INFO: [ app_init ] --START--
INFO: Run Behavior\BuildLiteBehavior [ RunTime:0.000023s ]
INFO: [ app_init ] --END-- [ RunTime:0.000556s ]

[ 2017-05-26T09:00:09+08:00 ] 113.4.139.55 /index.php/Qt/Mr/mr.html
INFO: [ app_init ] --START--
INFO: Run Behavior\BuildLiteBehavior [ RunTime:0.000023s ]
INFO: [ app_init ] --END-- [ RunTime:0.000476s ]

[ 2017-05-26T09:00:13+08:00 ] 113.4.139.55 /index.php/Qt/Goods/sc_xx/gid/1.html
INFO: [ app_init ] --START--
INFO: Run Behavior\BuildLiteBehavior [ RunTime:0.000026s ]
INFO: [ app_init ] --END-- [ RunTime:0.000718s ]

[ 2017-05-26T09:00:16+08:00 ] 113.4.139.55 /index.php/Qt/Goods/dd_xx/gid/1.html
INFO: [ app_init ] --START--
INFO: Run Behavior\BuildLiteBehavior [ RunTime:0.000039s ]
INFO: [ app_init ] --END-- [ RunTime:0.000818s ]

[ 2017-05-26T09:00:18+08:00 ] 113.4.139.55 /index.php/Qt/Goods/dd_xx
INFO: [ app_init ] --START--
INFO: Run Behavior\BuildLiteBehavior [ RunTime:0.000028s ]
INFO: [ app_init ] --END-- [ RunTime:0.000520s ]

[ 2017-05-26T09:00:20+08:00 ] 113.4.139.55 /index.php/Qt/Goods/goumai_ddlb.html
INFO: [ app_init ] --START--
INFO: Run Behavior\BuildLiteBehavior [ RunTime:0.000025s ]
INFO: [ app_init ] --END-- [ RunTime:0.000497s ]

[ 2017-05-26T09:02:30+08:00 ] 113.4.139.55 /
INFO: [ app_init ] --START--
INFO: Run Behavior\BuildLiteBehavior [ RunTime:0.000027s ]
INFO: [ app_init ] --END-- [ RunTime:0.000507s ]

[ 2017-05-26T09:02:31+08:00 ] 113.4.139.55 /index.php/Qt/Video/mc.html
INFO: [ app_init ] --START--
INFO: Run Behavior\BuildLiteBehavior [ RunTime:0.000027s ]
INFO: [ app_init ] --END-- [ RunTime:0.000509s ]

[ 2017-05-26T09:02:32+08:00 ] 113.4.139.55 /index.php/Qt/Goods/sc.html
INFO: [ app_init ] --START--
INFO: Run Behavior\BuildLiteBehavior [ RunTime:0.000025s ]
INFO: [ app_init ] --END-- [ RunTime:0.000703s ]

[ 2017-05-26T09:02:33+08:00 ] 113.4.139.55 /index.php/Qt/Mr/mr.html
INFO: [ app_init ] --START--
INFO: Run Behavior\BuildLiteBehavior [ RunTime:0.000024s ]
INFO: [ app_init ] --END-- [ RunTime:0.000488s ]

[ 2017-05-26T09:02:37+08:00 ] 113.4.139.55 /index.php/Qt/Goods/sc_xx/gid/1.html
INFO: [ app_init ] --START--
INFO: Run Behavior\BuildLiteBehavior [ RunTime:0.000029s ]
INFO: [ app_init ] --END-- [ RunTime:0.000522s ]

[ 2017-05-26T09:02:40+08:00 ] 113.4.139.55 /index.php/Qt/Goods/dd_xx/gid/1.html
INFO: [ app_init ] --START--
INFO: Run Behavior\BuildLiteBehavior [ RunTime:0.000041s ]
INFO: [ app_init ] --END-- [ RunTime:0.000585s ]

[ 2017-05-26T09:02:42+08:00 ] 113.4.139.55 /index.php/Qt/Goods/dd_xx
INFO: [ app_init ] --START--
INFO: Run Behavior\BuildLiteBehavior [ RunTime:0.000026s ]
INFO: [ app_init ] --END-- [ RunTime:0.000499s ]

[ 2017-05-26T09:02:44+08:00 ] 113.4.139.55 /index.php/Qt/Goods/goumai_ddlb.html
INFO: [ app_init ] --START--
INFO: Run Behavior\BuildLiteBehavior [ RunTime:0.000025s ]
INFO: [ app_init ] --END-- [ RunTime:0.000546s ]

[ 2017-05-26T09:02:47+08:00 ] 113.4.139.55 /index.php/Qt/Goods/zhifufangshi
INFO: [ app_init ] --START--
INFO: Run Behavior\BuildLiteBehavior [ RunTime:0.000029s ]
INFO: [ app_init ] --END-- [ RunTime:0.000553s ]

[ 2017-05-26T09:02:50+08:00 ] 113.4.139.55 /index.php/Qt/Goods/ggdd.html
INFO: [ app_init ] --START--
INFO: Run Behavior\BuildLiteBehavior [ RunTime:0.000029s ]
INFO: [ app_init ] --END-- [ RunTime:0.000514s ]

[ 2017-05-26T09:02:51+08:00 ] 113.4.139.55 /index.php/Qt/Goods/zhifu.html
INFO: [ app_init ] --START--
INFO: Run Behavior\BuildLiteBehavior [ RunTime:0.000025s ]
INFO: [ app_init ] --END-- [ RunTime:0.000498s ]

[ 2017-05-26T09:02:57+08:00 ] 113.4.139.55 /index.php/Qt/Goods/zhifu
INFO: [ app_init ] --START--
INFO: Run Behavior\BuildLiteBehavior [ RunTime:0.000025s ]
INFO: [ app_init ] --END-- [ RunTime:0.000502s ]

[ 2017-05-26T09:05:00+08:00 ] 113.4.139.55 /index.php/Qt/Goods/ggdd.html
INFO: [ app_init ] --START--
INFO: Run Behavior\BuildLiteBehavior [ RunTime:0.000026s ]
INFO: [ app_init ] --END-- [ RunTime:0.000503s ]

[ 2017-05-26T09:05:01+08:00 ] 113.4.139.55 /index.php/Qt/Goods/zhifu.html
INFO: [ app_init ] --START--
INFO: Run Behavior\BuildLiteBehavior [ RunTime:0.000026s ]
INFO: [ app_init ] --END-- [ RunTime:0.000459s ]

[ 2017-05-26T09:05:30+08:00 ] 113.4.139.55 /index.php/Qt/Goods/zhifu
INFO: [ app_init ] --START--
INFO: Run Behavior\BuildLiteBehavior [ RunTime:0.000025s ]
INFO: [ app_init ] --END-- [ RunTime:0.000449s ]

[ 2017-05-26T09:07:40+08:00 ] 113.4.139.55 /index.php/Qt/Goods/ggdd.html
INFO: [ app_init ] --START--
INFO: Run Behavior\BuildLiteBehavior [ RunTime:0.000027s ]
INFO: [ app_init ] --END-- [ RunTime:0.000548s ]

[ 2017-05-26T09:07:42+08:00 ] 113.4.139.55 /index.php/Qt/Goods/zhifu.html
INFO: [ app_init ] --START--
INFO: Run Behavior\BuildLiteBehavior [ RunTime:0.000025s ]
INFO: [ app_init ] --END-- [ RunTime:0.000539s ]

[ 2017-05-26T09:07:52+08:00 ] 113.4.139.55 /index.php/Qt/Goods/ggdd.html
INFO: [ app_init ] --START--
INFO: Run Behavior\BuildLiteBehavior [ RunTime:0.000024s ]
INFO: [ app_init ] --END-- [ RunTime:0.000492s ]

[ 2017-05-26T09:07:53+08:00 ] 113.4.139.55 /index.php/Qt/Goods/zhifu.html
INFO: [ app_init ] --START--
INFO: Run Behavior\BuildLiteBehavior [ RunTime:0.000024s ]
INFO: [ app_init ] --END-- [ RunTime:0.000496s ]

[ 2017-05-26T09:09:07+08:00 ] 113.4.139.55 /index.php/Qt/Goods/ggdd.html
INFO: [ app_init ] --START--
INFO: Run Behavior\BuildLiteBehavior [ RunTime:0.000025s ]
INFO: [ app_init ] --END-- [ RunTime:0.000528s ]

[ 2017-05-26T09:09:08+08:00 ] 113.4.139.55 /index.php/Qt/Goods/zhifu.html
INFO: [ app_init ] --START--
INFO: Run Behavior\BuildLiteBehavior [ RunTime:0.000027s ]
INFO: [ app_init ] --END-- [ RunTime:0.000510s ]

[ 2017-05-26T09:11:08+08:00 ] 113.4.139.55 /index.php/Qt/Goods/zhifufangshi
INFO: [ app_init ] --START--
INFO: Run Behavior\BuildLiteBehavior [ RunTime:0.000024s ]
INFO: [ app_init ] --END-- [ RunTime:0.000486s ]

[ 2017-05-26T09:11:13+08:00 ] 113.4.139.55 /index.php/Qt/Goods/ggdd
INFO: [ app_init ] --START--
INFO: Run Behavior\BuildLiteBehavior [ RunTime:0.000027s ]
INFO: [ app_init ] --END-- [ RunTime:0.000511s ]

[ 2017-05-26T09:11:14+08:00 ] 113.4.139.55 /index.php/Qt/Goods/zhifu.html
INFO: [ app_init ] --START--
INFO: Run Behavior\BuildLiteBehavior [ RunTime:0.000036s ]
INFO: [ app_init ] --END-- [ RunTime:0.000491s ]

[ 2017-05-26T09:11:22+08:00 ] 113.4.139.55 /index.php/Qt/Goods/zhifufangshi
INFO: [ app_init ] --START--
INFO: Run Behavior\BuildLiteBehavior [ RunTime:0.000025s ]
INFO: [ app_init ] --END-- [ RunTime:0.000498s ]

[ 2017-05-26T09:12:28+08:00 ] 113.4.139.55 /index.php/Qt/Goods/zhifufangshi
INFO: [ app_init ] --START--
INFO: Run Behavior\BuildLiteBehavior [ RunTime:0.000026s ]
INFO: [ app_init ] --END-- [ RunTime:0.000502s ]

[ 2017-05-26T09:12:35+08:00 ] 113.4.139.55 /index.php/Qt/Goods/ggdd
INFO: [ app_init ] --START--
INFO: Run Behavior\BuildLiteBehavior [ RunTime:0.000024s ]
INFO: [ app_init ] --END-- [ RunTime:0.000498s ]

[ 2017-05-26T09:12:36+08:00 ] 113.4.139.55 /index.php/Qt/Goods/zhifu.html
INFO: [ app_init ] --START--
INFO: Run Behavior\BuildLiteBehavior [ RunTime:0.000025s ]
INFO: [ app_init ] --END-- [ RunTime:0.000494s ]

[ 2017-05-26T09:12:47+08:00 ] 113.4.139.55 /index.php/Qt/Yl/yl.html
INFO: [ app_init ] --START--
INFO: Run Behavior\BuildLiteBehavior [ RunTime:0.000032s ]
INFO: [ app_init ] --END-- [ RunTime:0.000677s ]

[ 2017-05-26T09:12:51+08:00 ] 113.4.139.55 /index.php/Qt/Index/index.html
INFO: [ app_init ] --START--
INFO: Run Behavior\BuildLiteBehavior [ RunTime:0.000024s ]
INFO: [ app_init ] --END-- [ RunTime:0.000440s ]

[ 2017-05-26T09:12:52+08:00 ] 113.4.139.55 /index.php/Qt/Video/mc.html
INFO: [ app_init ] --START--
INFO: Run Behavior\BuildLiteBehavior [ RunTime:0.000025s ]
INFO: [ app_init ] --END-- [ RunTime:0.000457s ]

[ 2017-05-26T09:12:53+08:00 ] 113.4.139.55 /index.php/Qt/Goods/sc.html
INFO: [ app_init ] --START--
INFO: Run Behavior\BuildLiteBehavior [ RunTime:0.000024s ]
INFO: [ app_init ] --END-- [ RunTime:0.000488s ]

[ 2017-05-26T09:12:54+08:00 ] 113.4.139.55 /index.php/Qt/Mr/mr.html
INFO: [ app_init ] --START--
INFO: Run Behavior\BuildLiteBehavior [ RunTime:0.000024s ]
INFO: [ app_init ] --END-- [ RunTime:0.000489s ]

[ 2017-05-26T09:12:57+08:00 ] 101.226.51.228 /index.php/Qt/Yl/yl.html
INFO: [ app_init ] --START--
INFO: Run Behavior\BuildLiteBehavior [ RunTime:0.000025s ]
INFO: [ app_init ] --END-- [ RunTime:0.000503s ]

[ 2017-05-26T09:13:07+08:00 ] 113.4.139.55 /
INFO: [ app_init ] --START--
INFO: Run Behavior\BuildLiteBehavior [ RunTime:0.000025s ]
INFO: [ app_init ] --END-- [ RunTime:0.000498s ]

[ 2017-05-26T09:13:07+08:00 ] 113.4.139.55 /index.php/Qt/Video/mc.html
INFO: [ app_init ] --START--
INFO: Run Behavior\BuildLiteBehavior [ RunTime:0.000026s ]
INFO: [ app_init ] --END-- [ RunTime:0.000499s ]

[ 2017-05-26T09:13:09+08:00 ] 113.4.139.55 /index.php/Qt/Goods/sc.html
INFO: [ app_init ] --START--
INFO: Run Behavior\BuildLiteBehavior [ RunTime:0.000026s ]
INFO: [ app_init ] --END-- [ RunTime:0.000512s ]

[ 2017-05-26T09:13:10+08:00 ] 113.4.139.55 /index.php/Qt/Mr/mr.html
INFO: [ app_init ] --START--
INFO: Run Behavior\BuildLiteBehavior [ RunTime:0.000024s ]
INFO: [ app_init ] --END-- [ RunTime:0.000480s ]

[ 2017-05-26T09:13:16+08:00 ] 113.4.139.55 /index.php/Qt/Goods/sc_xx/gid/1.html
INFO: [ app_init ] --START--
INFO: Run Behavior\BuildLiteBehavior [ RunTime:0.000026s ]
INFO: [ app_init ] --END-- [ RunTime:0.000514s ]

[ 2017-05-26T09:13:19+08:00 ] 113.4.139.55 /index.php/Qt/Goods/dd_xx/gid/1.html
INFO: [ app_init ] --START--
INFO: Run Behavior\BuildLiteBehavior [ RunTime:0.000026s ]
INFO: [ app_init ] --END-- [ RunTime:0.000512s ]

[ 2017-05-26T09:13:23+08:00 ] 113.4.139.55 /index.php/Qt/Goods/dd_xx
INFO: [ app_init ] --START--
INFO: Run Behavior\BuildLiteBehavior [ RunTime:0.000025s ]
INFO: [ app_init ] --END-- [ RunTime:0.000495s ]

[ 2017-05-26T09:13:24+08:00 ] 113.4.139.55 /index.php/Qt/Goods/goumai_ddlb.html
INFO: [ app_init ] --START--
INFO: Run Behavior\BuildLiteBehavior [ RunTime:0.000027s ]
INFO: [ app_init ] --END-- [ RunTime:0.000512s ]

[ 2017-05-26T09:13:33+08:00 ] 113.4.139.55 /index.php/Qt/Goods/zhifufangshi
INFO: [ app_init ] --START--
INFO: Run Behavior\BuildLiteBehavior [ RunTime:0.000025s ]
INFO: [ app_init ] --END-- [ RunTime:0.000496s ]

[ 2017-05-26T09:13:41+08:00 ] 113.4.139.55 /index.php/Qt/Goods/ggdd
INFO: [ app_init ] --START--
INFO: Run Behavior\BuildLiteBehavior [ RunTime:0.000024s ]
INFO: [ app_init ] --END-- [ RunTime:0.000528s ]

[ 2017-05-26T09:13:42+08:00 ] 113.4.139.55 /index.php/Qt/Goods/zhifu.html
INFO: [ app_init ] --START--
INFO: Run Behavior\BuildLiteBehavior [ RunTime:0.000024s ]
INFO: [ app_init ] --END-- [ RunTime:0.000502s ]

[ 2017-05-26T09:18:02+08:00 ] 113.4.139.55 /index.php/Qt/Goods/zhifufangshi
INFO: [ app_init ] --START--
INFO: Run Behavior\BuildLiteBehavior [ RunTime:0.000027s ]
INFO: [ app_init ] --END-- [ RunTime:0.000484s ]

[ 2017-05-26T09:18:05+08:00 ] 113.4.139.55 /index.php/Qt/Goods/ggdd.html
INFO: [ app_init ] --START--
INFO: Run Behavior\BuildLiteBehavior [ RunTime:0.000025s ]
INFO: [ app_init ] --END-- [ RunTime:0.000491s ]

[ 2017-05-26T09:18:06+08:00 ] 113.4.139.55 /index.php/Qt/Goods/zhifu.html
INFO: [ app_init ] --START--
INFO: Run Behavior\BuildLiteBehavior [ RunTime:0.000025s ]
INFO: [ app_init ] --END-- [ RunTime:0.000779s ]

[ 2017-05-26T09:24:51+08:00 ] 113.4.139.55 /
INFO: [ app_init ] --START--
INFO: Run Behavior\BuildLiteBehavior [ RunTime:0.000033s ]
INFO: [ app_init ] --END-- [ RunTime:0.000551s ]

[ 2017-05-26T09:24:51+08:00 ] 113.4.139.55 /index.php/Qt/Video/mc.html
INFO: [ app_init ] --START--
INFO: Run Behavior\BuildLiteBehavior [ RunTime:0.000025s ]
INFO: [ app_init ] --END-- [ RunTime:0.000499s ]

[ 2017-05-26T09:24:52+08:00 ] 113.4.139.55 /index.php/Qt/Goods/sc.html
INFO: [ app_init ] --START--
INFO: Run Behavior\BuildLiteBehavior [ RunTime:0.000025s ]
INFO: [ app_init ] --END-- [ RunTime:0.000496s ]

[ 2017-05-26T09:24:54+08:00 ] 113.4.139.55 /index.php/Qt/Mr/mr.html
INFO: [ app_init ] --START--
INFO: Run Behavior\BuildLiteBehavior [ RunTime:0.000024s ]
INFO: [ app_init ] --END-- [ RunTime:0.000492s ]

[ 2017-05-26T09:24:58+08:00 ] 113.4.139.55 /index.php/Qt/Goods/sc_xx/gid/1.html
INFO: [ app_init ] --START--
INFO: Run Behavior\BuildLiteBehavior [ RunTime:0.000024s ]
INFO: [ app_init ] --END-- [ RunTime:0.000491s ]

[ 2017-05-26T09:25:01+08:00 ] 113.4.139.55 /index.php/Qt/Goods/dd_xx/gid/1.html
INFO: [ app_init ] --START--
INFO: Run Behavior\BuildLiteBehavior [ RunTime:0.000028s ]
INFO: [ app_init ] --END-- [ RunTime:0.000512s ]

[ 2017-05-26T09:25:03+08:00 ] 113.4.139.55 /index.php/Qt/Goods/dd_xx
INFO: [ app_init ] --START--
INFO: Run Behavior\BuildLiteBehavior [ RunTime:0.000032s ]
INFO: [ app_init ] --END-- [ RunTime:0.000655s ]

[ 2017-05-26T09:25:05+08:00 ] 113.4.139.55 /index.php/Qt/Goods/goumai_ddlb.html
INFO: [ app_init ] --START--
INFO: Run Behavior\BuildLiteBehavior [ RunTime:0.000025s ]
INFO: [ app_init ] --END-- [ RunTime:0.000501s ]

[ 2017-05-26T09:25:08+08:00 ] 113.4.139.55 /index.php/Qt/Goods/ggdd
INFO: [ app_init ] --START--
INFO: Run Behavior\BuildLiteBehavior [ RunTime:0.000028s ]
INFO: [ app_init ] --END-- [ RunTime:0.000515s ]

[ 2017-05-26T09:25:09+08:00 ] 113.4.139.55 /index.php/Qt/Goods/zhifu/oid/9/money/30.html
INFO: [ app_init ] --START--
INFO: Run Behavior\BuildLiteBehavior [ RunTime:0.000025s ]
INFO: [ app_init ] --END-- [ RunTime:0.000498s ]

[ 2017-05-26T09:25:14+08:00 ] 113.4.139.55 /index.php/Qt/Goods/zhifu
INFO: [ app_init ] --START--
INFO: Run Behavior\BuildLiteBehavior [ RunTime:0.000026s ]
INFO: [ app_init ] --END-- [ RunTime:0.000508s ]

[ 2017-05-26T09:25:16+08:00 ] 113.4.139.55 /index.php/Qt/Goods/goumai_ddlb.html
INFO: [ app_init ] --START--
INFO: Run Behavior\BuildLiteBehavior [ RunTime:0.000025s ]
INFO: [ app_init ] --END-- [ RunTime:0.000495s ]

[ 2017-05-26T09:25:20+08:00 ] 113.4.139.55 /index.php/Qt/Goods/zhifufangshi.html
INFO: [ app_init ] --START--
INFO: Run Behavior\BuildLiteBehavior [ RunTime:0.000025s ]
INFO: [ app_init ] --END-- [ RunTime:0.000499s ]

[ 2017-05-26T09:25:24+08:00 ] 113.4.139.55 /index.php/Qt/Goods/zhifufangshi
INFO: [ app_init ] --START--
INFO: Run Behavior\BuildLiteBehavior [ RunTime:0.000024s ]
INFO: [ app_init ] --END-- [ RunTime:0.000495s ]

[ 2017-05-26T09:25:24+08:00 ] 113.4.139.55 /index.php/Qt/Login/dl.html
INFO: [ app_init ] --START--
INFO: Run Behavior\BuildLiteBehavior [ RunTime:0.000025s ]
INFO: [ app_init ] --END-- [ RunTime:0.000492s ]

[ 2017-05-26T09:25:30+08:00 ] 61.151.226.16 /index.php/Qt/Goods/zhifufangshi.html
INFO: [ app_init ] --START--
INFO: Run Behavior\BuildLiteBehavior [ RunTime:0.000025s ]
INFO: [ app_init ] --END-- [ RunTime:0.000499s ]

[ 2017-05-26T09:26:16+08:00 ] 101.226.125.105 /index.php/Qt/Goods/zhifu/oid/9/money/30.html
INFO: [ app_init ] --START--
INFO: Run Behavior\BuildLiteBehavior [ RunTime:0.000029s ]
INFO: [ app_init ] --END-- [ RunTime:0.000533s ]

[ 2017-05-26T09:30:10+08:00 ] 113.4.139.55 /
INFO: [ app_init ] --START--
INFO: Run Behavior\BuildLiteBehavior [ RunTime:0.000024s ]
INFO: [ app_init ] --END-- [ RunTime:0.000495s ]

[ 2017-05-26T09:30:10+08:00 ] 113.4.139.55 /index.php/Qt/Video/mc.html
INFO: [ app_init ] --START--
INFO: Run Behavior\BuildLiteBehavior [ RunTime:0.000024s ]
INFO: [ app_init ] --END-- [ RunTime:0.000666s ]

[ 2017-05-26T09:30:11+08:00 ] 113.4.139.55 /index.php/Qt/Goods/sc.html
INFO: [ app_init ] --START--
INFO: Run Behavior\BuildLiteBehavior [ RunTime:0.000024s ]
INFO: [ app_init ] --END-- [ RunTime:0.000493s ]

[ 2017-05-26T09:30:12+08:00 ] 113.4.139.55 /index.php/Qt/Mr/mr.html
INFO: [ app_init ] --START--
INFO: Run Behavior\BuildLiteBehavior [ RunTime:0.000023s ]
INFO: [ app_init ] --END-- [ RunTime:0.000488s ]

[ 2017-05-26T09:30:17+08:00 ] 113.4.139.55 /index.php/Qt/Goods/goumai_ddlb.html
INFO: [ app_init ] --START--
INFO: Run Behavior\BuildLiteBehavior [ RunTime:0.000025s ]
INFO: [ app_init ] --END-- [ RunTime:0.000554s ]

[ 2017-05-26T09:30:23+08:00 ] 113.4.139.55 /index.php/Qt/Goods/zhifufangshi.html
INFO: [ app_init ] --START--
INFO: Run Behavior\BuildLiteBehavior [ RunTime:0.000025s ]
INFO: [ app_init ] --END-- [ RunTime:0.000489s ]

[ 2017-05-26T09:30:27+08:00 ] 113.4.139.55 /index.php/Qt/Goods/zhifufangshi
INFO: [ app_init ] --START--
INFO: Run Behavior\BuildLiteBehavior [ RunTime:0.000027s ]
INFO: [ app_init ] --END-- [ RunTime:0.000687s ]

[ 2017-05-26T09:30:38+08:00 ] 113.4.139.55 /index.php/Qt/Goods/zhifufangshi
INFO: [ app_init ] --START--
INFO: Run Behavior\BuildLiteBehavior [ RunTime:0.000025s ]
INFO: [ app_init ] --END-- [ RunTime:0.000492s ]

[ 2017-05-26T09:30:43+08:00 ] 113.4.139.55 /index.php/Qt/Goods/zhifufangshi
INFO: [ app_init ] --START--
INFO: Run Behavior\BuildLiteBehavior [ RunTime:0.000025s ]
INFO: [ app_init ] --END-- [ RunTime:0.000957s ]

[ 2017-05-26T09:30:46+08:00 ] 113.4.139.55 /index.php/Qt/Goods/zhifufangshi
INFO: [ app_init ] --START--
INFO: Run Behavior\BuildLiteBehavior [ RunTime:0.000025s ]
INFO: [ app_init ] --END-- [ RunTime:0.000493s ]

[ 2017-05-26T09:31:43+08:00 ] 113.4.139.55 /
INFO: [ app_init ] --START--
INFO: Run Behavior\BuildLiteBehavior [ RunTime:0.000025s ]
INFO: [ app_init ] --END-- [ RunTime:0.000493s ]

[ 2017-05-26T09:31:44+08:00 ] 113.4.139.55 /index.php/Qt/Video/mc.html
INFO: [ app_init ] --START--
INFO: Run Behavior\BuildLiteBehavior [ RunTime:0.000024s ]
INFO: [ app_init ] --END-- [ RunTime:0.000487s ]

[ 2017-05-26T09:31:45+08:00 ] 113.4.139.55 /index.php/Qt/Goods/sc.html
INFO: [ app_init ] --START--
INFO: Run Behavior\BuildLiteBehavior [ RunTime:0.000023s ]
INFO: [ app_init ] --END-- [ RunTime:0.000478s ]

[ 2017-05-26T09:31:46+08:00 ] 113.4.139.55 /index.php/Qt/Mr/mr.html
INFO: [ app_init ] --START--
INFO: Run Behavior\BuildLiteBehavior [ RunTime:0.000024s ]
INFO: [ app_init ] --END-- [ RunTime:0.000484s ]

[ 2017-05-26T09:31:50+08:00 ] 113.4.139.55 /index.php/Qt/Goods/goumai_ddlb.html
INFO: [ app_init ] --START--
INFO: Run Behavior\BuildLiteBehavior [ RunTime:0.000025s ]
INFO: [ app_init ] --END-- [ RunTime:0.000493s ]

[ 2017-05-26T09:31:53+08:00 ] 113.4.139.55 /index.php/Qt/Goods/zhifufangshi.html
INFO: [ app_init ] --START--
INFO: Run Behavior\BuildLiteBehavior [ RunTime:0.000026s ]
INFO: [ app_init ] --END-- [ RunTime:0.000531s ]

[ 2017-05-26T09:31:56+08:00 ] 113.4.139.55 /index.php/Qt/Goods/zhifufangshi
INFO: [ app_init ] --START--
INFO: Run Behavior\BuildLiteBehavior [ RunTime:0.000025s ]
INFO: [ app_init ] --END-- [ RunTime:0.000496s ]

[ 2017-05-26T09:31:57+08:00 ] 113.4.139.55 /index.php/Qt/Wxinpay/index.html
INFO: [ app_init ] --START--
INFO: Run Behavior\BuildLiteBehavior [ RunTime:0.000024s ]
INFO: [ app_init ] --END-- [ RunTime:0.000495s ]
ERR: 无法加载控制器:Wxinpay

[ 2017-05-26T09:32:07+08:00 ] 61.151.226.199 /index.php/Qt/Wxinpay/index.html
INFO: [ app_init ] --START--
INFO: Run Behavior\BuildLiteBehavior [ RunTime:0.000029s ]
INFO: [ app_init ] --END-- [ RunTime:0.000516s ]
ERR: 无法加载控制器:Wxinpay

[ 2017-05-26T09:33:17+08:00 ] 113.4.139.55 /
INFO: [ app_init ] --START--
INFO: Run Behavior\BuildLiteBehavior [ RunTime:0.000029s ]
INFO: [ app_init ] --END-- [ RunTime:0.000552s ]

[ 2017-05-26T09:33:17+08:00 ] 113.4.139.55 /index.php/Qt/Video/mc.html
INFO: [ app_init ] --START--
INFO: Run Behavior\BuildLiteBehavior [ RunTime:0.000025s ]
INFO: [ app_init ] --END-- [ RunTime:0.000492s ]

[ 2017-05-26T09:33:18+08:00 ] 113.4.139.55 /index.php/Qt/Goods/sc.html
INFO: [ app_init ] --START--
INFO: Run Behavior\BuildLiteBehavior [ RunTime:0.000025s ]
INFO: [ app_init ] --END-- [ RunTime:0.000526s ]

[ 2017-05-26T09:33:20+08:00 ] 113.4.139.55 /index.php/Qt/Mr/mr.html
INFO: [ app_init ] --START--
INFO: Run Behavior\BuildLiteBehavior [ RunTime:0.000023s ]
INFO: [ app_init ] --END-- [ RunTime:0.000494s ]

[ 2017-05-26T09:33:26+08:00 ] 113.4.139.55 /index.php/Qt/Goods/goumai_ddlb.html
INFO: [ app_init ] --START--
INFO: Run Behavior\BuildLiteBehavior [ RunTime:0.000028s ]
INFO: [ app_init ] --END-- [ RunTime:0.000608s ]

[ 2017-05-26T09:33:29+08:00 ] 113.4.139.55 /index.php/Qt/Goods/zhifufangshi.html
INFO: [ app_init ] --START--
INFO: Run Behavior\BuildLiteBehavior [ RunTime:0.000026s ]
INFO: [ app_init ] --END-- [ RunTime:0.000519s ]

[ 2017-05-26T09:33:33+08:00 ] 113.4.139.55 /index.php/Qt/Goods/zhifufangshi
INFO: [ app_init ] --START--
INFO: Run Behavior\BuildLiteBehavior [ RunTime:0.000024s ]
INFO: [ app_init ] --END-- [ RunTime:0.000518s ]

[ 2017-05-26T09:33:33+08:00 ] 113.4.139.55 /index.php/Qt/Wxpay/index.html
INFO: [ app_init ] --START--
INFO: Run Behavior\BuildLiteBehavior [ RunTime:0.000028s ]
INFO: [ app_init ] --END-- [ RunTime:0.000693s ]
ERR: 无法加载控制器:Wxpay

[ 2017-05-26T09:34:43+08:00 ] 113.4.139.55 /index.php/Qt/Goods/zhifufangshi
INFO: [ app_init ] --START--
INFO: Run Behavior\BuildLiteBehavior [ RunTime:0.000029s ]
INFO: [ app_init ] --END-- [ RunTime:0.000520s ]

[ 2017-05-26T09:34:43+08:00 ] 113.4.139.55 /index.php/Qt/Wxpay/index.html
INFO: [ app_init ] --START--
INFO: Run Behavior\BuildLiteBehavior [ RunTime:0.000025s ]
INFO: [ app_init ] --END-- [ RunTime:0.000493s ]

[ 2017-05-26T09:35:19+08:00 ] 101.226.33.221 /index.php/Qt/Wxpay/index.html
INFO: [ app_init ] --START--
INFO: Run Behavior\BuildLiteBehavior [ RunTime:0.000027s ]
INFO: [ app_init ] --END-- [ RunTime:0.000509s ]

[ 2017-05-26T09:36:11+08:00 ] 113.4.139.55 /
INFO: [ app_init ] --START--
INFO: Run Behavior\BuildLiteBehavior [ RunTime:0.000025s ]
INFO: [ app_init ] --END-- [ RunTime:0.000497s ]

[ 2017-05-26T09:36:12+08:00 ] 113.4.139.55 /index.php/Qt/Video/mc.html
INFO: [ app_init ] --START--
INFO: Run Behavior\BuildLiteBehavior [ RunTime:0.000025s ]
INFO: [ app_init ] --END-- [ RunTime:0.000500s ]

[ 2017-05-26T09:36:13+08:00 ] 113.4.139.55 /index.php/Qt/Mr/mr.html
INFO: [ app_init ] --START--
INFO: Run Behavior\BuildLiteBehavior [ RunTime:0.000024s ]
INFO: [ app_init ] --END-- [ RunTime:0.000489s ]

[ 2017-05-26T09:36:14+08:00 ] 113.4.139.55 /index.php/Qt/Goods/sc.html
INFO: [ app_init ] --START--
INFO: Run Behavior\BuildLiteBehavior [ RunTime:0.000027s ]
INFO: [ app_init ] --END-- [ RunTime:0.000620s ]

[ 2017-05-26T09:36:19+08:00 ] 113.4.139.55 /index.php/Qt/Goods/goumai_ddlb.html
INFO: [ app_init ] --START--
INFO: Run Behavior\BuildLiteBehavior [ RunTime:0.000025s ]
INFO: [ app_init ] --END-- [ RunTime:0.000492s ]

[ 2017-05-26T09:36:22+08:00 ] 113.4.139.55 /index.php/Qt/Goods/zhifufangshi.html
INFO: [ app_init ] --START--
INFO: Run Behavior\BuildLiteBehavior [ RunTime:0.000025s ]
INFO: [ app_init ] --END-- [ RunTime:0.000484s ]

[ 2017-05-26T09:36:26+08:00 ] 113.4.139.55 /index.php/Qt/Goods/zhifufangshi
INFO: [ app_init ] --START--
INFO: Run Behavior\BuildLiteBehavior [ RunTime:0.000025s ]
INFO: [ app_init ] --END-- [ RunTime:0.000504s ]

[ 2017-05-26T09:36:26+08:00 ] 113.4.139.55 /index.php/Qt/Wxpay/index.html
INFO: [ app_init ] --START--
INFO: Run Behavior\BuildLiteBehavior [ RunTime:0.000024s ]
INFO: [ app_init ] --END-- [ RunTime:0.000487s ]

[ 2017-05-26T09:37:29+08:00 ] 113.4.139.55 /index.php/Qt/Goods/zhifufangshi
INFO: [ app_init ] --START--
INFO: Run Behavior\BuildLiteBehavior [ RunTime:0.000026s ]
INFO: [ app_init ] --END-- [ RunTime:0.000502s ]

[ 2017-05-26T09:37:29+08:00 ] 113.4.139.55 /index.php/Qt/Wxpay/index.html
INFO: [ app_init ] --START--
INFO: Run Behavior\BuildLiteBehavior [ RunTime:0.000024s ]
INFO: [ app_init ] --END-- [ RunTime:0.000627s ]

[ 2017-05-26T09:37:39+08:00 ] 113.4.139.55 /index.php/Qt/Wxpay/%7B:U('Qt/wxpay/jsapi')%7D
INFO: [ app_init ] --START--
INFO: Run Behavior\BuildLiteBehavior [ RunTime:0.000025s ]
INFO: [ app_init ] --END-- [ RunTime:0.000493s ]
ERR: 非法操作:{:U('Qt

[ 2017-05-26T09:44:17+08:00 ] 113.4.139.55 /index.php/Qt/Goods/zhifufangshi
INFO: [ app_init ] --START--
INFO: Run Behavior\BuildLiteBehavior [ RunTime:0.000024s ]
INFO: [ app_init ] --END-- [ RunTime:0.000495s ]

[ 2017-05-26T09:44:17+08:00 ] 113.4.139.55 /index.php/Qt/Wxpay/jsapi.html
INFO: [ app_init ] --START--
INFO: Run Behavior\BuildLiteBehavior [ RunTime:0.000023s ]
INFO: [ app_init ] --END-- [ RunTime:0.000487s ]

[ 2017-05-26T09:45:51+08:00 ] 117.185.27.114 /index.php/Qt/Wxpay/jsapi.html
INFO: [ app_init ] --START--
INFO: Run Behavior\BuildLiteBehavior [ RunTime:0.000027s ]
INFO: [ app_init ] --END-- [ RunTime:0.000513s ]

[ 2017-05-26T09:46:08+08:00 ] 180.153.201.66 /index.php/Qt/Wxpay/jsapi.html
INFO: [ app_init ] --START--
INFO: Run Behavior\BuildLiteBehavior [ RunTime:0.000026s ]
INFO: [ app_init ] --END-- [ RunTime:0.000521s ]

[ 2017-05-26T09:46:45+08:00 ] 113.4.139.55 /
INFO: [ app_init ] --START--
INFO: Run Behavior\BuildLiteBehavior [ RunTime:0.000025s ]
INFO: [ app_init ] --END-- [ RunTime:0.000524s ]

[ 2017-05-26T09:46:46+08:00 ] 113.4.139.55 /index.php/Qt/Video/mc.html
INFO: [ app_init ] --START--
INFO: Run Behavior\BuildLiteBehavior [ RunTime:0.000024s ]
INFO: [ app_init ] --END-- [ RunTime:0.000496s ]

[ 2017-05-26T09:46:47+08:00 ] 113.4.139.55 /index.php/Qt/Goods/sc.html
INFO: [ app_init ] --START--
INFO: Run Behavior\BuildLiteBehavior [ RunTime:0.000026s ]
INFO: [ app_init ] --END-- [ RunTime:0.000511s ]

[ 2017-05-26T09:46:49+08:00 ] 113.4.139.55 /index.php/Qt/Mr/mr.html
INFO: [ app_init ] --START--
INFO: Run Behavior\BuildLiteBehavior [ RunTime:0.000027s ]
INFO: [ app_init ] --END-- [ RunTime:0.000548s ]

[ 2017-05-26T09:46:54+08:00 ] 113.4.139.55 /index.php/Qt/Goods/goumai_ddlb.html
INFO: [ app_init ] --START--
INFO: Run Behavior\BuildLiteBehavior [ RunTime:0.000029s ]
INFO: [ app_init ] --END-- [ RunTime:0.000544s ]

[ 2017-05-26T09:46:56+08:00 ] 113.4.139.55 /index.php/Qt/Goods/zhifufangshi.html
INFO: [ app_init ] --START--
INFO: Run Behavior\BuildLiteBehavior [ RunTime:0.000026s ]
INFO: [ app_init ] --END-- [ RunTime:0.000497s ]

[ 2017-05-26T09:46:59+08:00 ] 113.4.139.55 /index.php/Qt/Goods/zhifufangshi
INFO: [ app_init ] --START--
INFO: Run Behavior\BuildLiteBehavior [ RunTime:0.000026s ]
INFO: [ app_init ] --END-- [ RunTime:0.000508s ]

[ 2017-05-26T09:47:00+08:00 ] 113.4.139.55 /index.php/Qt/Wxpay/jsapi.html
INFO: [ app_init ] --START--
INFO: Run Behavior\BuildLiteBehavior [ RunTime:0.000026s ]
INFO: [ app_init ] --END-- [ RunTime:0.000627s ]

[ 2017-05-26T09:47:00+08:00 ] 113.4.139.55 /index.php/Qt/Wxpay/jsapi.html?code=031Rhy6F0VTN0i2NUs5F0xhH6F0Rhy6t&state=STATE
INFO: [ app_init ] --START--
INFO: Run Behavior\BuildLiteBehavior [ RunTime:0.000028s ]
INFO: [ app_init ] --END-- [ RunTime:0.000603s ]
ERR: 参数错误

[ 2017-05-26T09:48:17+08:00 ] 113.4.139.55 /index.php/Qt/Goods/zhifufangshi
INFO: [ app_init ] --START--
INFO: Run Behavior\BuildLiteBehavior [ RunTime:0.000026s ]
INFO: [ app_init ] --END-- [ RunTime:0.000539s ]

[ 2017-05-26T09:48:17+08:00 ] 113.4.139.55 /index.php/Qt/Wxpay/jsapi.html
INFO: [ app_init ] --START--
INFO: Run Behavior\BuildLiteBehavior [ RunTime:0.000026s ]
INFO: [ app_init ] --END-- [ RunTime:0.000513s ]

[ 2017-05-26T09:48:19+08:00 ] 113.4.139.55 /index.php/Qt/Goods/zhifufangshi
INFO: [ app_init ] --START--
INFO: Run Behavior\BuildLiteBehavior [ RunTime:0.000025s ]
INFO: [ app_init ] --END-- [ RunTime:0.000500s ]

[ 2017-05-26T09:48:20+08:00 ] 113.4.139.55 /index.php/Qt/Goods/zhifufangshi
INFO: [ app_init ] --START--
INFO: Run Behavior\BuildLiteBehavior [ RunTime:0.000024s ]
INFO: [ app_init ] --END-- [ RunTime:0.000598s ]

[ 2017-05-26T09:48:21+08:00 ] 113.4.139.55 /index.php/Qt/Goods/zhifufangshi
INFO: [ app_init ] --START--
INFO: Run Behavior\BuildLiteBehavior [ RunTime:0.000029s ]
INFO: [ app_init ] --END-- [ RunTime:0.000564s ]

[ 2017-05-26T09:48:24+08:00 ] 113.4.139.55 /index.php/Qt/Goods/zhifufangshi.html
INFO: [ app_init ] --START--
INFO: Run Behavior\BuildLiteBehavior [ RunTime:0.000028s ]
INFO: [ app_init ] --END-- [ RunTime:0.000514s ]

[ 2017-05-26T09:48:28+08:00 ] 113.4.139.55 /index.php/Qt/Goods/zhifufangshi
INFO: [ app_init ] --START--
INFO: Run Behavior\BuildLiteBehavior [ RunTime:0.000029s ]
INFO: [ app_init ] --END-- [ RunTime:0.000536s ]

[ 2017-05-26T09:48:28+08:00 ] 113.4.139.55 /index.php/Qt/Wxpay/jsapi.html
INFO: [ app_init ] --START--
INFO: Run Behavior\BuildLiteBehavior [ RunTime:0.000023s ]
INFO: [ app_init ] --END-- [ RunTime:0.000501s ]

[ 2017-05-26T09:48:28+08:00 ] 113.4.139.55 /index.php/Qt/Wxpay/jsapi.html?code=021RSgvS19ewma1HgVuS1MxivS1RSgv4&state=STATE
INFO: [ app_init ] --START--
INFO: Run Behavior\BuildLiteBehavior [ RunTime:0.000025s ]
INFO: [ app_init ] --END-- [ RunTime:0.000500s ]
ERR: 参数错误

[ 2017-05-26T10:00:22+08:00 ] 113.4.139.55 /index.php/Qt/Video/mc.html
INFO: [ app_init ] --START--
INFO: Run Behavior\BuildLiteBehavior [ RunTime:0.000026s ]
INFO: [ app_init ] --END-- [ RunTime:0.000736s ]

[ 2017-05-26T10:00:39+08:00 ] 113.4.139.55 /index.php/Qt/Goods/sc
INFO: [ app_init ] --START--
INFO: Run Behavior\BuildLiteBehavior [ RunTime:0.000024s ]
INFO: [ app_init ] --END-- [ RunTime:0.000730s ]

[ 2017-05-26T10:00:42+08:00 ] 113.4.139.55 /index.php/Qt/Goods/goumai_ddlb.html
INFO: [ app_init ] --START--
INFO: Run Behavior\BuildLiteBehavior [ RunTime:0.000028s ]
INFO: [ app_init ] --END-- [ RunTime:0.000758s ]

[ 2017-05-26T10:00:45+08:00 ] 113.4.139.55 /index.php/Qt/Goods/zhifufangshi.html
INFO: [ app_init ] --START--
INFO: Run Behavior\BuildLiteBehavior [ RunTime:0.000028s ]
INFO: [ app_init ] --END-- [ RunTime:0.000742s ]

[ 2017-05-26T10:00:46+08:00 ] 123.151.153.36 /
INFO: [ app_init ] --START--
INFO: Run Behavior\BuildLiteBehavior [ RunTime:0.000030s ]
INFO: [ app_init ] --END-- [ RunTime:0.000548s ]

[ 2017-05-26T10:00:46+08:00 ] 123.151.42.52 /
INFO: [ app_init ] --START--
INFO: Run Behavior\BuildLiteBehavior [ RunTime:0.000024s ]
INFO: [ app_init ] --END-- [ RunTime:0.000479s ]

[ 2017-05-26T10:00:46+08:00 ] 111.30.137.186 /
INFO: [ app_init ] --START--
INFO: Run Behavior\BuildLiteBehavior [ RunTime:0.000024s ]
INFO: [ app_init ] --END-- [ RunTime:0.000488s ]

[ 2017-05-26T10:00:47+08:00 ] 123.151.42.52 /index.php/Qt/Video/mc.html
INFO: [ app_init ] --START--
INFO: Run Behavior\BuildLiteBehavior [ RunTime:0.000025s ]
INFO: [ app_init ] --END-- [ RunTime:0.000503s ]

[ 2017-05-26T10:00:48+08:00 ] 123.151.42.52 /index.php/Qt/Goods/sc.html
INFO: [ app_init ] --START--
INFO: Run Behavior\BuildLiteBehavior [ RunTime:0.000024s ]
INFO: [ app_init ] --END-- [ RunTime:0.000517s ]

[ 2017-05-26T10:00:48+08:00 ] 123.151.42.52 /index.php/Qt/Mr/mr.html
INFO: [ app_init ] --START--
INFO: Run Behavior\BuildLiteBehavior [ RunTime:0.000025s ]
INFO: [ app_init ] --END-- [ RunTime:0.000511s ]

[ 2017-05-26T10:00:48+08:00 ] 123.151.42.52 /index.php/Qt/Login/dl.html
INFO: [ app_init ] --START--
INFO: Run Behavior\BuildLiteBehavior [ RunTime:0.000024s ]
INFO: [ app_init ] --END-- [ RunTime:0.000497s ]

[ 2017-05-26T10:00:49+08:00 ] 113.4.139.55 /index.php/Qt/Goods/zhifufangshi
INFO: [ app_init ] --START--
INFO: Run Behavior\BuildLiteBehavior [ RunTime:0.000025s ]
INFO: [ app_init ] --END-- [ RunTime:0.000728s ]

[ 2017-05-26T10:00:49+08:00 ] 113.4.139.55 /index.php/Qt/Wxpay/jsapi.html
INFO: [ app_init ] --START--
INFO: Run Behavior\BuildLiteBehavior [ RunTime:0.000023s ]
INFO: [ app_init ] --END-- [ RunTime:0.000708s ]

[ 2017-05-26T10:00:50+08:00 ] 113.4.139.55 /index.php/Qt/Wxpay/jsapi.html?code=001B6BZT1OxJi915IpXT1iYrZT1B6BZm&state=STATE
INFO: [ app_init ] --START--
INFO: Run Behavior\BuildLiteBehavior [ RunTime:0.000026s ]
INFO: [ app_init ] --END-- [ RunTime:0.000791s ]
ERR: 参数错误

[ 2017-05-26T10:00:59+08:00 ] 61.151.226.202 /index.php/Qt/Wxpay/jsapi.html
INFO: [ app_init ] --START--
INFO: Run Behavior\BuildLiteBehavior [ RunTime:0.000026s ]
INFO: [ app_init ] --END-- [ RunTime:0.000508s ]

[ 2017-05-26T10:01:06+08:00 ] 123.151.42.52 /index.php/Qt/Goods/goumai_ddlb.html
INFO: [ app_init ] --START--
INFO: Run Behavior\BuildLiteBehavior [ RunTime:0.000024s ]
INFO: [ app_init ] --END-- [ RunTime:0.000496s ]

[ 2017-05-26T10:05:24+08:00 ] 101.226.66.173 /index.php/Qt/Wxpay/jsapi.html
INFO: [ app_init ] --START--
INFO: Run Behavior\BuildLiteBehavior [ RunTime:0.000025s ]
INFO: [ app_init ] --END-- [ RunTime:0.000495s ]

[ 2017-05-26T10:43:32+08:00 ] 113.4.139.55 /index.php/Qt/Goods/sc
INFO: [ app_init ] --START--
INFO: Run Behavior\BuildLiteBehavior [ RunTime:0.000025s ]
INFO: [ app_init ] --END-- [ RunTime:0.000547s ]

[ 2017-05-26T10:43:38+08:00 ] 113.4.139.55 /index.php/Qt/Goods/goumai_ddlb.html
INFO: [ app_init ] --START--
INFO: Run Behavior\BuildLiteBehavior [ RunTime:0.000025s ]
INFO: [ app_init ] --END-- [ RunTime:0.000497s ]

[ 2017-05-26T10:43:41+08:00 ] 113.4.139.55 /index.php/Qt/Goods/zhifufangshi.html
INFO: [ app_init ] --START--
INFO: Run Behavior\BuildLiteBehavior [ RunTime:0.000025s ]
INFO: [ app_init ] --END-- [ RunTime:0.000496s ]

[ 2017-05-26T10:43:44+08:00 ] 113.4.139.55 /index.php/Qt/Goods/zhifufangshi
INFO: [ app_init ] --START--
INFO: Run Behavior\BuildLiteBehavior [ RunTime:0.000025s ]
INFO: [ app_init ] --END-- [ RunTime:0.000494s ]

[ 2017-05-26T10:43:44+08:00 ] 113.4.139.55 /index.php/Qt/Wxpay/jsapi.html
INFO: [ app_init ] --START--
INFO: Run Behavior\BuildLiteBehavior [ RunTime:0.000024s ]
INFO: [ app_init ] --END-- [ RunTime:0.000502s ]

[ 2017-05-26T10:44:22+08:00 ] 113.4.139.55 /index.php/Qt/Goods/zhifufangshi
INFO: [ app_init ] --START--
INFO: Run Behavior\BuildLiteBehavior [ RunTime:0.000028s ]
INFO: [ app_init ] --END-- [ RunTime:0.000516s ]

[ 2017-05-26T10:44:22+08:00 ] 113.4.139.55 /index.php/Qt/Wxpay/jsapi.html
INFO: [ app_init ] --START--
INFO: Run Behavior\BuildLiteBehavior [ RunTime:0.000035s ]
INFO: [ app_init ] --END-- [ RunTime:0.000951s ]

[ 2017-05-26T10:44:22+08:00 ] 113.4.139.55 /index.php/Qt/Wxpay/jsapi.html?code=011NEieC0zI1Sc2DRleC0F0ieC0NEies&state=STATE
INFO: [ app_init ] --START--
INFO: Run Behavior\BuildLiteBehavior [ RunTime:0.000031s ]
INFO: [ app_init ] --END-- [ RunTime:0.000756s ]

[ 2017-05-26T10:44:38+08:00 ] 123.151.42.52 /
INFO: [ app_init ] --START--
INFO: Run Behavior\BuildLiteBehavior [ RunTime:0.000025s ]
INFO: [ app_init ] --END-- [ RunTime:0.000603s ]

[ 2017-05-26T10:44:38+08:00 ] 123.151.176.198 /
INFO: [ app_init ] --START--
INFO: Run Behavior\BuildLiteBehavior [ RunTime:0.000024s ]
INFO: [ app_init ] --END-- [ RunTime:0.000485s ]

[ 2017-05-26T10:44:38+08:00 ] 111.30.131.212 /
INFO: [ app_init ] --START--
INFO: Run Behavior\BuildLiteBehavior [ RunTime:0.000024s ]
INFO: [ app_init ] --END-- [ RunTime:0.000484s ]

[ 2017-05-26T10:44:38+08:00 ] 123.151.42.52 /index.php/Qt/Video/mc.html
INFO: [ app_init ] --START--
INFO: Run Behavior\BuildLiteBehavior [ RunTime:0.000026s ]
INFO: [ app_init ] --END-- [ RunTime:0.000529s ]

[ 2017-05-26T10:44:39+08:00 ] 123.151.42.52 /index.php/Qt/Goods/sc.html
INFO: [ app_init ] --START--
INFO: Run Behavior\BuildLiteBehavior [ RunTime:0.000024s ]
INFO: [ app_init ] --END-- [ RunTime:0.000525s ]

[ 2017-05-26T10:44:39+08:00 ] 123.151.42.52 /index.php/Qt/Mr/mr.html
INFO: [ app_init ] --START--
INFO: Run Behavior\BuildLiteBehavior [ RunTime:0.000023s ]
INFO: [ app_init ] --END-- [ RunTime:0.000471s ]

[ 2017-05-26T10:44:40+08:00 ] 123.151.42.52 /index.php/Qt/Login/dl.html
INFO: [ app_init ] --START--
INFO: Run Behavior\BuildLiteBehavior [ RunTime:0.000024s ]
INFO: [ app_init ] --END-- [ RunTime:0.000458s ]

[ 2017-05-26T10:44:43+08:00 ] 123.151.42.52 /index.php/Qt/Login/redirec
INFO: [ app_init ] --START--
INFO: Run Behavior\BuildLiteBehavior [ RunTime:0.000024s ]
INFO: [ app_init ] --END-- [ RunTime:0.000492s ]

[ 2017-05-26T10:44:45+08:00 ] 123.151.42.52 /index.php/Qt/Login/wxlogin
INFO: [ app_init ] --START--
INFO: Run Behavior\BuildLiteBehavior [ RunTime:0.000027s ]
INFO: [ app_init ] --END-- [ RunTime:0.000512s ]

[ 2017-05-26T10:45:26+08:00 ] 123.151.42.52 /index.php/Qt/Goods/goumai_ddlb.html
INFO: [ app_init ] --START--
INFO: Run Behavior\BuildLiteBehavior [ RunTime:0.000024s ]
INFO: [ app_init ] --END-- [ RunTime:0.000502s ]

[ 2017-05-26T10:45:29+08:00 ] 123.126.118.139 /index.php/Qt/Yl/yl.html
INFO: [ app_init ] --START--
INFO: Run Behavior\BuildLiteBehavior [ RunTime:0.000025s ]
INFO: [ app_init ] --END-- [ RunTime:0.000443s ]

[ 2017-05-26T10:45:33+08:00 ] 123.151.42.52 /index.php/Qt/Product/goumai.html
INFO: [ app_init ] --START--
INFO: Run Behavior\BuildLiteBehavior [ RunTime:0.000028s ]
INFO: [ app_init ] --END-- [ RunTime:0.000517s ]

[ 2017-05-26T10:45:36+08:00 ] 123.151.42.52 /index.php/Qt/Product/goumai_dd
INFO: [ app_init ] --START--
INFO: Run Behavior\BuildLiteBehavior [ RunTime:0.000024s ]
INFO: [ app_init ] --END-- [ RunTime:0.000489s ]

[ 2017-05-26T10:45:38+08:00 ] 113.4.139.55 /index.php/Qt/Goods/sc
INFO: [ app_init ] --START--
INFO: Run Behavior\BuildLiteBehavior [ RunTime:0.000025s ]
INFO: [ app_init ] --END-- [ RunTime:0.000495s ]

[ 2017-05-26T10:45:42+08:00 ] 113.4.139.55 /index.php/Qt/Goods/goumai_ddlb.html
INFO: [ app_init ] --START--
INFO: Run Behavior\BuildLiteBehavior [ RunTime:0.000026s ]
INFO: [ app_init ] --END-- [ RunTime:0.000493s ]

[ 2017-05-26T10:45:42+08:00 ] 101.226.33.223 /index.php/Qt/Product/goumai.html
INFO: [ app_init ] --START--
INFO: Run Behavior\BuildLiteBehavior [ RunTime:0.000029s ]
INFO: [ app_init ] --END-- [ RunTime:0.000565s ]

[ 2017-05-26T10:45:44+08:00 ] 113.4.139.55 /index.php/Qt/Goods/zhifufangshi.html
INFO: [ app_init ] --START--
INFO: Run Behavior\BuildLiteBehavior [ RunTime:0.000025s ]
INFO: [ app_init ] --END-- [ RunTime:0.000526s ]

[ 2017-05-26T10:45:46+08:00 ] 101.226.89.120 /index.php/Qt/Product/goumai_dd
INFO: [ app_init ] --START--
INFO: Run Behavior\BuildLiteBehavior [ RunTime:0.000025s ]
INFO: [ app_init ] --END-- [ RunTime:0.000498s ]

[ 2017-05-26T10:45:47+08:00 ] 101.226.33.223 /index.php/Qt/Product/goumai.html
INFO: [ app_init ] --START--
INFO: Run Behavior\BuildLiteBehavior [ RunTime:0.000025s ]
INFO: [ app_init ] --END-- [ RunTime:0.000541s ]

[ 2017-05-26T10:45:47+08:00 ] 113.4.139.55 /index.php/Qt/Goods/zhifufangshi
INFO: [ app_init ] --START--
INFO: Run Behavior\BuildLiteBehavior [ RunTime:0.000025s ]
INFO: [ app_init ] --END-- [ RunTime:0.000526s ]

[ 2017-05-26T10:45:47+08:00 ] 113.4.139.55 /index.php/Qt/Wxpay/jsapi.html
INFO: [ app_init ] --START--
INFO: Run Behavior\BuildLiteBehavior [ RunTime:0.000025s ]
INFO: [ app_init ] --END-- [ RunTime:0.000526s ]

[ 2017-05-26T10:45:48+08:00 ] 113.4.139.55 /index.php/Qt/Wxpay/jsapi.html?code=0413evGe1fG1iu0xnCGe19ptGe13evGQ&state=STATE
INFO: [ app_init ] --START--
INFO: Run Behavior\BuildLiteBehavior [ RunTime:0.000025s ]
INFO: [ app_init ] --END-- [ RunTime:0.000569s ]

[ 2017-05-26T10:45:58+08:00 ] 123.151.42.52 /index.php/Qt/Mr/mr
INFO: [ app_init ] --START--
INFO: Run Behavior\BuildLiteBehavior [ RunTime:0.000027s ]
INFO: [ app_init ] --END-- [ RunTime:0.000520s ]

[ 2017-05-26T10:45:58+08:00 ] 123.126.118.139 /index.php/Qt/Login/dl.html
INFO: [ app_init ] --START--
INFO: Run Behavior\BuildLiteBehavior [ RunTime:0.000026s ]
INFO: [ app_init ] --END-- [ RunTime:0.000442s ]

[ 2017-05-26T10:46:00+08:00 ] 123.151.42.52 /index.php/Qt/Login/redirec
INFO: [ app_init ] --START--
INFO: Run Behavior\BuildLiteBehavior [ RunTime:0.000027s ]
INFO: [ app_init ] --END-- [ RunTime:0.000524s ]

[ 2017-05-26T10:46:01+08:00 ] 123.151.42.52 /index.php/Qt/Login/wxlogin
INFO: [ app_init ] --START--
INFO: Run Behavior\BuildLiteBehavior [ RunTime:0.000037s ]
INFO: [ app_init ] --END-- [ RunTime:0.000856s ]

[ 2017-05-26T10:46:03+08:00 ] 123.151.42.52 /index.php/Qt/Login/wxlogin?code=031Wqj4w04Kcsg155v4w0Jxa4w0Wqj40&state=STATE
INFO: [ app_init ] --START--
INFO: Run Behavior\BuildLiteBehavior [ RunTime:0.000025s ]
INFO: [ app_init ] --END-- [ RunTime:0.000504s ]

[ 2017-05-26T10:46:03+08:00 ] 123.126.118.139 /index.php/Qt/Login/wxlogin
INFO: [ app_init ] --START--
INFO: Run Behavior\BuildLiteBehavior [ RunTime:0.000025s ]
INFO: [ app_init ] --END-- [ RunTime:0.000460s ]

[ 2017-05-26T10:46:05+08:00 ] 123.151.42.52 /index.php/Qt/Login/wxlogin?code=051P9yRD0hUDMe2AHqSD0NfzRD0P9yRh&state=STATE
INFO: [ app_init ] --START--
INFO: Run Behavior\BuildLiteBehavior [ RunTime:0.000025s ]
INFO: [ app_init ] --END-- [ RunTime:0.000471s ]

[ 2017-05-26T10:46:07+08:00 ] 123.151.42.52 /index.php/Qt/Login/wxlogin?code=001LD3dd1lwTLu09fycd1AOVcd1LD3dH&state=STATE
INFO: [ app_init ] --START--
INFO: Run Behavior\BuildLiteBehavior [ RunTime:0.000025s ]
INFO: [ app_init ] --END-- [ RunTime:0.000600s ]

[ 2017-05-26T10:46:07+08:00 ] 123.151.42.52 /index.php/Qt/Login/wxlogin
INFO: [ app_init ] --START--
INFO: Run Behavior\BuildLiteBehavior [ RunTime:0.000029s ]
INFO: [ app_init ] --END-- [ RunTime:0.000462s ]

[ 2017-05-26T10:46:09+08:00 ] 123.151.42.52 /index.php/Qt/Login/wxlogin?code=061orz5S0VSXya29S57S04wi5S0orz5s&state=STATE
INFO: [ app_init ] --START--
INFO: Run Behavior\BuildLiteBehavior [ RunTime:0.000025s ]
INFO: [ app_init ] --END-- [ RunTime:0.000519s ]

[ 2017-05-26T10:46:10+08:00 ] 123.126.118.139 /index.php/Qt/Login/wxlogin?code=0814SQLK1dx3R703ZpIK1mQILK14SQLy&state=STATE
INFO: [ app_init ] --START--
INFO: Run Behavior\BuildLiteBehavior [ RunTime:0.000025s ]
INFO: [ app_init ] --END-- [ RunTime:0.000504s ]

[ 2017-05-26T10:46:12+08:00 ] 123.151.42.52 /index.php/Qt/index/index.html
INFO: [ app_init ] --START--
INFO: Run Behavior\BuildLiteBehavior [ RunTime:0.000025s ]
INFO: [ app_init ] --END-- [ RunTime:0.000517s ]

[ 2017-05-26T10:46:12+08:00 ] 123.151.42.52 /index.php/Qt/Login/wxlogin
INFO: [ app_init ] --START--
INFO: Run Behavior\BuildLiteBehavior [ RunTime:0.000024s ]
INFO: [ app_init ] --END-- [ RunTime:0.000446s ]

[ 2017-05-26T10:46:14+08:00 ] 123.151.42.52 /index.php/Qt/Login/wxlogin?code=001Z1y6V1NzvuU06IF5V1pxv6V1Z1y6x&state=STATE
INFO: [ app_init ] --START--
INFO: Run Behavior\BuildLiteBehavior [ RunTime:0.000026s ]
INFO: [ app_init ] --END-- [ RunTime:0.000532s ]

[ 2017-05-26T10:46:15+08:00 ] 123.126.118.139 /index.php/Qt/Login/wxlogin?code=041662mm1aie3m0fdWjm1qj0mm1662mW&state=STATE
INFO: [ app_init ] --START--
INFO: Run Behavior\BuildLiteBehavior [ RunTime:0.000024s ]
INFO: [ app_init ] --END-- [ RunTime:0.000497s ]

[ 2017-05-26T10:46:16+08:00 ] 123.151.42.52 /index.php/Qt/index/index.html
INFO: [ app_init ] --START--
INFO: Run Behavior\BuildLiteBehavior [ RunTime:0.000025s ]
INFO: [ app_init ] --END-- [ RunTime:0.000517s ]

[ 2017-05-26T10:46:17+08:00 ] 123.126.118.139 /index.php/Qt/Video/mc.html
INFO: [ app_init ] --START--
INFO: Run Behavior\BuildLiteBehavior [ RunTime:0.000025s ]
INFO: [ app_init ] --END-- [ RunTime:0.001993s ]

[ 2017-05-26T10:46:18+08:00 ] 123.151.42.52 /index.php/Qt/Goods/sc.html
INFO: [ app_init ] --START--
INFO: Run Behavior\BuildLiteBehavior [ RunTime:0.000024s ]
INFO: [ app_init ] --END-- [ RunTime:0.000499s ]

[ 2017-05-26T10:46:19+08:00 ] 123.151.42.52 /index.php/Qt/Mr/mr.html
INFO: [ app_init ] --START--
INFO: Run Behavior\BuildLiteBehavior [ RunTime:0.000023s ]
INFO: [ app_init ] --END-- [ RunTime:0.000418s ]

[ 2017-05-26T10:46:26+08:00 ] 123.151.42.52 /index.php/Qt/User/zl.html
INFO: [ app_init ] --START--
INFO: Run Behavior\BuildLiteBehavior [ RunTime:0.000026s ]
INFO: [ app_init ] --END-- [ RunTime:0.000540s ]

[ 2017-05-26T10:46:45+08:00 ] 61.148.243.15 /index.php/Qt/Goods/zhifufangshi
INFO: [ app_init ] --START--
INFO: Run Behavior\BuildLiteBehavior [ RunTime:0.000023s ]
INFO: [ app_init ] --END-- [ RunTime:0.000491s ]

[ 2017-05-26T10:46:45+08:00 ] 61.148.243.15 /index.php/Qt/Wxpay/jsapi.html
INFO: [ app_init ] --START--
INFO: Run Behavior\BuildLiteBehavior [ RunTime:0.000026s ]
INFO: [ app_init ] --END-- [ RunTime:0.000497s ]

[ 2017-05-26T10:46:47+08:00 ] 61.148.243.15 /index.php/Qt/Wxpay/jsapi.html?code=06197LPo07lvop1XIGMo0fnHPo097LP9&state=STATE
INFO: [ app_init ] --START--
INFO: Run Behavior\BuildLiteBehavior [ RunTime:0.000025s ]
INFO: [ app_init ] --END-- [ RunTime:0.000507s ]

[ 2017-05-26T10:47:01+08:00 ] 123.151.42.52 /index.php/Qt/User/zl
INFO: [ app_init ] --START--
INFO: Run Behavior\BuildLiteBehavior [ RunTime:0.000045s ]
INFO: [ app_init ] --END-- [ RunTime:0.000608s ]

[ 2017-05-26T10:47:03+08:00 ] 123.126.118.139 /index.php/Qt/User/zl.html
INFO: [ app_init ] --START--
INFO: Run Behavior\BuildLiteBehavior [ RunTime:0.000024s ]
INFO: [ app_init ] --END-- [ RunTime:0.000499s ]

[ 2017-05-26T10:50:33+08:00 ] 61.148.243.15 /index.php/Qt/Goods/zhifufangshi
INFO: [ app_init ] --START--
INFO: Run Behavior\BuildLiteBehavior [ RunTime:0.000027s ]
INFO: [ app_init ] --END-- [ RunTime:0.000640s ]

[ 2017-05-26T10:50:35+08:00 ] 123.151.42.52 /index.php/Qt/Goods/sc_xx/gid/1.html
INFO: [ app_init ] --START--
INFO: Run Behavior\BuildLiteBehavior [ RunTime:0.000026s ]
INFO: [ app_init ] --END-- [ RunTime:0.000507s ]

[ 2017-05-26T10:50:38+08:00 ] 123.151.42.52 /index.php/Qt/Goods/dd_xx/gid/1.html
INFO: [ app_init ] --START--
INFO: Run Behavior\BuildLiteBehavior [ RunTime:0.000024s ]
INFO: [ app_init ] --END-- [ RunTime:0.000494s ]

[ 2017-05-26T10:50:41+08:00 ] 123.126.118.139 /index.php/Qt/Goods/dd_xx
INFO: [ app_init ] --START--
INFO: Run Behavior\BuildLiteBehavior [ RunTime:0.000025s ]
INFO: [ app_init ] --END-- [ RunTime:0.000508s ]

[ 2017-05-26T10:50:42+08:00 ] 123.151.42.52 /index.php/Qt/Goods/goumai_ddlb.html
INFO: [ app_init ] --START--
INFO: Run Behavior\BuildLiteBehavior [ RunTime:0.000026s ]
INFO: [ app_init ] --END-- [ RunTime:0.000505s ]

[ 2017-05-26T10:50:44+08:00 ] 61.148.243.15 /index.php/Qt/Wxpay/jsapi.html
INFO: [ app_init ] --START--
INFO: Run Behavior\BuildLiteBehavior [ RunTime:0.000025s ]
INFO: [ app_init ] --END-- [ RunTime:0.000528s ]

[ 2017-05-26T10:50:45+08:00 ] 61.148.243.15 /index.php/Qt/Wxpay/jsapi.html?code=041jXSIX1Ry6RU0Bn8KX1jHQIX1jXSIb&state=STATE
INFO: [ app_init ] --START--
INFO: Run Behavior\BuildLiteBehavior [ RunTime:0.000024s ]
INFO: [ app_init ] --END-- [ RunTime:0.000528s ]
ERR: 参数错误

[ 2017-05-26T10:50:45+08:00 ] 123.151.42.52 /index.php/Qt/Goods/zhifufangshi.html
INFO: [ app_init ] --START--
INFO: Run Behavior\BuildLiteBehavior [ RunTime:0.000024s ]
INFO: [ app_init ] --END-- [ RunTime:0.000505s ]

[ 2017-05-26T10:50:49+08:00 ] 123.151.42.52 /index.php/Qt/Goods/zhifufangshi
INFO: [ app_init ] --START--
INFO: Run Behavior\BuildLiteBehavior [ RunTime:0.000030s ]
INFO: [ app_init ] --END-- [ RunTime:0.000697s ]

[ 2017-05-26T10:50:49+08:00 ] 123.126.118.139 /index.php/Qt/Wxpay/jsapi.html
INFO: [ app_init ] --START--
INFO: Run Behavior\BuildLiteBehavior [ RunTime:0.000027s ]
INFO: [ app_init ] --END-- [ RunTime:0.000520s ]

[ 2017-05-26T10:51:40+08:00 ] 123.151.42.52 /index.php/Qt/News/zx.html
INFO: [ app_init ] --START--
INFO: Run Behavior\BuildLiteBehavior [ RunTime:0.000030s ]
INFO: [ app_init ] --END-- [ RunTime:0.000642s ]

[ 2017-05-26T10:51:44+08:00 ] 123.151.42.52 /index.php/Qt/Mr/mr.html
INFO: [ app_init ] --START--
INFO: Run Behavior\BuildLiteBehavior [ RunTime:0.000038s ]
INFO: [ app_init ] --END-- [ RunTime:0.000537s ]

[ 2017-05-26T10:52:08+08:00 ] 123.151.42.52 /index.php/Qt/Information/xx.html
INFO: [ app_init ] --START--
INFO: Run Behavior\BuildLiteBehavior [ RunTime:0.000028s ]
INFO: [ app_init ] --END-- [ RunTime:0.000510s ]

[ 2017-05-26T10:53:29+08:00 ] 123.151.42.52 /index.php/Qt/User/zl.html
INFO: [ app_init ] --START--
INFO: Run Behavior\BuildLiteBehavior [ RunTime:0.000033s ]
INFO: [ app_init ] --END-- [ RunTime:0.000579s ]

[ 2017-05-26T10:54:08+08:00 ] 123.151.42.52 /index.php/Qt/Goods/zhifufangshi
INFO: [ app_init ] --START--
INFO: Run Behavior\BuildLiteBehavior [ RunTime:0.000029s ]
INFO: [ app_init ] --END-- [ RunTime:0.000518s ]

[ 2017-05-26T10:54:08+08:00 ] 123.151.42.52 /index.php/Qt/Wxpay/jsapi.html
INFO: [ app_init ] --START--
INFO: Run Behavior\BuildLiteBehavior [ RunTime:0.000025s ]
INFO: [ app_init ] --END-- [ RunTime:0.000496s ]

[ 2017-05-26T10:57:10+08:00 ] 101.226.66.191 /index.php/Qt/Information/xx.html
INFO: [ app_init ] --START--
INFO: Run Behavior\BuildLiteBehavior [ RunTime:0.000027s ]
INFO: [ app_init ] --END-- [ RunTime:0.000513s ]

[ 2017-05-26T10:57:48+08:00 ] 101.226.68.200 /index.php/Qt/Information/xx.html
INFO: [ app_init ] --START--
INFO: Run Behavior\BuildLiteBehavior [ RunTime:0.000025s ]
INFO: [ app_init ] --END-- [ RunTime:0.000495s ]

[ 2017-05-26T11:31:04+08:00 ] 163.172.4.153 /
INFO: [ app_init ] --START--
INFO: Run Behavior\BuildLiteBehavior [ RunTime:0.000024s ]
INFO: [ app_init ] --END-- [ RunTime:0.000502s ]

[ 2017-05-26T11:53:19+08:00 ] 140.205.225.205 /index.php?m=member&c=index&a=register&siteid=1
INFO: [ app_init ] --START--
INFO: Run Behavior\BuildLiteBehavior [ RunTime:0.000025s ]
INFO: [ app_init ] --END-- [ RunTime:0.000504s ]
ERR: 非法操作:register

[ 2017-05-26T11:55:38+08:00 ] 140.205.225.205 /index.php?m=wap&a=index&siteid=1
INFO: [ app_init ] --START--
INFO: Run Behavior\BuildLiteBehavior [ RunTime:0.000028s ]
INFO: [ app_init ] --END-- [ RunTime:0.000634s ]

[ 2017-05-26T11:55:38+08:00 ] 140.205.225.205 /index.php?m=attachment&c=attachments&a=swfupload_json&aid=1&src=%26id=%*27a*nd%20ex*p(~(sele*ct%25*2afro*m(sele*ct+co*nc*at(0x7e,md5(233333),0x7e))x))%23%26m%3D1%26f%3Dtest%26modelid%3D2%26catid%3D6
INFO: [ app_init ] --START--
INFO: Run Behavior\BuildLiteBehavior [ RunTime:0.000026s ]
INFO: [ app_init ] --END-- [ RunTime:0.000504s ]
ERR: 非法操作:swfupload_json

[ 2017-05-26T12:05:16+08:00 ] 140.205.201.44 /index.php?m=member&c=index&a=register&siteid=1
INFO: [ app_init ] --START--
INFO: Run Behavior\BuildLiteBehavior [ RunTime:0.000025s ]
INFO: [ app_init ] --END-- [ RunTime:0.000495s ]
ERR: 非法操作:register

[ 2017-05-26T12:05:19+08:00 ] 140.205.201.44 /index.php?m=wap&a=index&siteid=1
INFO: [ app_init ] --START--
INFO: Run Behavior\BuildLiteBehavior [ RunTime:0.000029s ]
INFO: [ app_init ] --END-- [ RunTime:0.000527s ]

[ 2017-05-26T12:05:19+08:00 ] 140.205.201.44 /index.php?m=attachment&c=attachments&a=swfupload_json&aid=1&src=%26id=%*27a*nd%20ex*p(~(sele*ct%25*2afro*m(sele*ct+co*nc*at(0x7e,md5(233333),0x7e))x))%23%26m%3D1%26f%3Dtest%26modelid%3D2%26catid%3D6
INFO: [ app_init ] --START--
INFO: Run Behavior\BuildLiteBehavior [ RunTime:0.000025s ]
INFO: [ app_init ] --END-- [ RunTime:0.000662s ]
ERR: 非法操作:swfupload_json

[ 2017-05-26T13:24:56+08:00 ] 113.4.139.55 /index.php/Qt/Goods/sc
INFO: [ app_init ] --START--
INFO: Run Behavior\BuildLiteBehavior [ RunTime:0.000033s ]
INFO: [ app_init ] --END-- [ RunTime:0.000717s ]

[ 2017-05-26T13:25:00+08:00 ] 113.4.139.55 /index.php/Qt/Goods/goumai_ddlb.html
INFO: [ app_init ] --START--
INFO: Run Behavior\BuildLiteBehavior [ RunTime:0.000028s ]
INFO: [ app_init ] --END-- [ RunTime:0.000535s ]

[ 2017-05-26T13:25:02+08:00 ] 113.4.139.55 /index.php/Qt/Goods/zhifufangshi.html
INFO: [ app_init ] --START--
INFO: Run Behavior\BuildLiteBehavior [ RunTime:0.000029s ]
INFO: [ app_init ] --END-- [ RunTime:0.000575s ]

[ 2017-05-26T13:25:06+08:00 ] 113.4.139.55 /index.php/Qt/Goods/zhifufangshi
INFO: [ app_init ] --START--
INFO: Run Behavior\BuildLiteBehavior [ RunTime:0.000029s ]
INFO: [ app_init ] --END-- [ RunTime:0.000598s ]

[ 2017-05-26T13:25:06+08:00 ] 113.4.139.55 /index.php/Qt/Wxpay/jsapi.html
INFO: [ app_init ] --START--
INFO: Run Behavior\BuildLiteBehavior [ RunTime:0.000025s ]
INFO: [ app_init ] --END-- [ RunTime:0.000518s ]

[ 2017-05-26T13:25:07+08:00 ] 113.4.139.55 /index.php/Qt/Wxpay/jsapi.html?code=0118x56M1kmKD31eUB6M1lg66M18x56X&state=STATE
INFO: [ app_init ] --START--
INFO: Run Behavior\BuildLiteBehavior [ RunTime:0.000025s ]
INFO: [ app_init ] --END-- [ RunTime:0.000517s ]
ERR: 参数错误

[ 2017-05-26T13:25:16+08:00 ] 101.226.66.174 /index.php/Qt/Wxpay/jsapi.html
INFO: [ app_init ] --START--
INFO: Run Behavior\BuildLiteBehavior [ RunTime:0.000025s ]
INFO: [ app_init ] --END-- [ RunTime:0.000557s ]

[ 2017-05-26T13:25:16+08:00 ] 101.226.51.229 /index.php/Qt/Goods/zhifufangshi
INFO: [ app_init ] --START--
INFO: Run Behavior\BuildLiteBehavior [ RunTime:0.000027s ]
INFO: [ app_init ] --END-- [ RunTime:0.000606s ]

[ 2017-05-26T13:34:27+08:00 ] 113.4.139.55 /index.php/Qt/Goods/sc
INFO: [ app_init ] --START--
INFO: Run Behavior\BuildLiteBehavior [ RunTime:0.000030s ]
INFO: [ app_init ] --END-- [ RunTime:0.000586s ]

[ 2017-05-26T13:34:34+08:00 ] 113.4.139.55 /index.php/Qt/Goods/goumai_ddlb.html
INFO: [ app_init ] --START--
INFO: Run Behavior\BuildLiteBehavior [ RunTime:0.000028s ]
INFO: [ app_init ] --END-- [ RunTime:0.000554s ]

[ 2017-05-26T13:34:37+08:00 ] 113.4.139.55 /index.php/Qt/Goods/zhifufangshi.html
INFO: [ app_init ] --START--
INFO: Run Behavior\BuildLiteBehavior [ RunTime:0.000028s ]
INFO: [ app_init ] --END-- [ RunTime:0.000532s ]

[ 2017-05-26T13:34:43+08:00 ] 113.4.139.55 /index.php/Qt/Goods/zhifufangshi
INFO: [ app_init ] --START--
INFO: Run Behavior\BuildLiteBehavior [ RunTime:0.000024s ]
INFO: [ app_init ] --END-- [ RunTime:0.000517s ]

[ 2017-05-26T13:34:43+08:00 ] 113.4.139.55 /index.php/Qt/Wxpay/jsapi.html
INFO: [ app_init ] --START--
INFO: Run Behavior\BuildLiteBehavior [ RunTime:0.000025s ]
INFO: [ app_init ] --END-- [ RunTime:0.000529s ]

[ 2017-05-26T13:34:44+08:00 ] 113.4.139.55 /index.php/Qt/Wxpay/jsapi.html?code=0115tGjl1aPDti08SSll1RrMjl15tGj2&state=STATE
INFO: [ app_init ] --START--
INFO: Run Behavior\BuildLiteBehavior [ RunTime:0.000025s ]
INFO: [ app_init ] --END-- [ RunTime:0.000518s ]
ERR: 参数错误

[ 2017-05-26T13:34:44+08:00 ] 140.207.185.111 /index.php/Qt/Goods/goumai_ddlb.html
INFO: [ app_init ] --START--
INFO: Run Behavior\BuildLiteBehavior [ RunTime:0.000025s ]
INFO: [ app_init ] --END-- [ RunTime:0.000572s ]

[ 2017-05-26T13:39:05+08:00 ] 113.4.139.55 /index.php/Qt/Goods/sc
INFO: [ app_init ] --START--
INFO: Run Behavior\BuildLiteBehavior [ RunTime:0.000027s ]
INFO: [ app_init ] --END-- [ RunTime:0.000582s ]

[ 2017-05-26T13:39:09+08:00 ] 113.4.139.55 /index.php/Qt/Goods/goumai_ddlb.html
INFO: [ app_init ] --START--
INFO: Run Behavior\BuildLiteBehavior [ RunTime:0.000025s ]
INFO: [ app_init ] --END-- [ RunTime:0.000586s ]

[ 2017-05-26T13:39:11+08:00 ] 113.4.139.55 /index.php/Qt/Goods/zhifufangshi.html
INFO: [ app_init ] --START--
INFO: Run Behavior\BuildLiteBehavior [ RunTime:0.000025s ]
INFO: [ app_init ] --END-- [ RunTime:0.000559s ]

[ 2017-05-26T13:39:14+08:00 ] 113.4.139.55 /index.php/Qt/Goods/zhifufangshi
INFO: [ app_init ] --START--
INFO: Run Behavior\BuildLiteBehavior [ RunTime:0.000026s ]
INFO: [ app_init ] --END-- [ RunTime:0.000572s ]

[ 2017-05-26T13:39:15+08:00 ] 113.4.139.55 /index.php/Qt/Wxpay/jsapi.html
INFO: [ app_init ] --START--
INFO: Run Behavior\BuildLiteBehavior [ RunTime:0.000026s ]
INFO: [ app_init ] --END-- [ RunTime:0.000572s ]

[ 2017-05-26T13:39:16+08:00 ] 113.4.139.55 /index.php/Qt/Wxpay/jsapi.html?code=011EyXfK1Tgjn704gDhK1vSUfK1EyXfG&state=STATE
INFO: [ app_init ] --START--
INFO: Run Behavior\BuildLiteBehavior [ RunTime:0.000024s ]
INFO: [ app_init ] --END-- [ RunTime:0.000640s ]

[ 2017-05-26T13:42:56+08:00 ] 113.4.139.55 /index.php/Qt/Mr/mr
INFO: [ app_init ] --START--
INFO: Run Behavior\BuildLiteBehavior [ RunTime:0.000027s ]
INFO: [ app_init ] --END-- [ RunTime:0.000534s ]

[ 2017-05-26T13:42:59+08:00 ] 113.4.139.55 /index.php/Qt/Goods/sc
INFO: [ app_init ] --START--
INFO: Run Behavior\BuildLiteBehavior [ RunTime:0.000030s ]
INFO: [ app_init ] --END-- [ RunTime:0.000580s ]

[ 2017-05-26T13:43:03+08:00 ] 113.4.139.55 /index.php/Qt/Goods/goumai_ddlb.html
INFO: [ app_init ] --START--
INFO: Run Behavior\BuildLiteBehavior [ RunTime:0.000029s ]
INFO: [ app_init ] --END-- [ RunTime:0.000542s ]

[ 2017-05-26T13:43:06+08:00 ] 113.4.139.55 /index.php/Qt/Goods/zhifufangshi.html
INFO: [ app_init ] --START--
INFO: Run Behavior\BuildLiteBehavior [ RunTime:0.000024s ]
INFO: [ app_init ] --END-- [ RunTime:0.000544s ]

[ 2017-05-26T13:43:08+08:00 ] 113.4.139.55 /index.php/Qt/Goods/zhifufangshi
INFO: [ app_init ] --START--
INFO: Run Behavior\BuildLiteBehavior [ RunTime:0.000024s ]
INFO: [ app_init ] --END-- [ RunTime:0.000515s ]

[ 2017-05-26T13:43:09+08:00 ] 113.4.139.55 /index.php/Qt/Wxpay/jsapi.html
INFO: [ app_init ] --START--
INFO: Run Behavior\BuildLiteBehavior [ RunTime:0.000025s ]
INFO: [ app_init ] --END-- [ RunTime:0.000518s ]

[ 2017-05-26T13:43:09+08:00 ] 113.4.139.55 /index.php/Qt/Wxpay/jsapi.html?code=0119ys3z02jlIj113Y1z0KAl3z09ys38&state=STATE
INFO: [ app_init ] --START--
INFO: Run Behavior\BuildLiteBehavior [ RunTime:0.000025s ]
INFO: [ app_init ] --END-- [ RunTime:0.000518s ]

[ 2017-05-26T13:43:42+08:00 ] 113.4.139.55 /index.php/Qt/Wxpay/jsapi.html?code=0119ys3z02jlIj113Y1z0KAl3z09ys38&state=STATE
INFO: [ app_init ] --START--
INFO: Run Behavior\BuildLiteBehavior [ RunTime:0.000026s ]
INFO: [ app_init ] --END-- [ RunTime:0.000531s ]

[ 2017-05-26T13:44:05+08:00 ] 113.4.139.55 /index.php/Qt/Wxpay/jsapi.html?code=0119ys3z02jlIj113Y1z0KAl3z09ys38&state=STATE
INFO: [ app_init ] --START--
INFO: Run Behavior\BuildLiteBehavior [ RunTime:0.000027s ]
INFO: [ app_init ] --END-- [ RunTime:0.000841s ]
ERR: 参数错误

[ 2017-05-26T13:44:48+08:00 ] 113.4.139.55 /index.php/Qt/Wxpay/jsapi.html?code=0119ys3z02jlIj113Y1z0KAl3z09ys38&state=STATE
INFO: [ app_init ] --START--
INFO: Run Behavior\BuildLiteBehavior [ RunTime:0.000028s ]
INFO: [ app_init ] --END-- [ RunTime:0.000553s ]

[ 2017-05-26T13:44:53+08:00 ] 113.4.139.55 /index.php/Qt/Goods/zhifufangshi
INFO: [ app_init ] --START--
INFO: Run Behavior\BuildLiteBehavior [ RunTime:0.000025s ]
INFO: [ app_init ] --END-- [ RunTime:0.000526s ]

[ 2017-05-26T13:44:53+08:00 ] 113.4.139.55 /index.php/Qt/Wxpay/jsapi.html
INFO: [ app_init ] --START--
INFO: Run Behavior\BuildLiteBehavior [ RunTime:0.000025s ]
INFO: [ app_init ] --END-- [ RunTime:0.000527s ]

[ 2017-05-26T13:44:54+08:00 ] 113.4.139.55 /index.php/Qt/Wxpay/jsapi.html?code=051cFaBX0gOS902LREBX0gtbBX0cFaBm&state=STATE
INFO: [ app_init ] --START--
INFO: Run Behavior\BuildLiteBehavior [ RunTime:0.000025s ]
INFO: [ app_init ] --END-- [ RunTime:0.000529s ]

[ 2017-05-26T13:45:18+08:00 ] 113.4.139.55 /index.php/Qt/Wxpay/jsapi.html?code=051cFaBX0gOS902LREBX0gtbBX0cFaBm&state=STATE
INFO: [ app_init ] --START--
INFO: Run Behavior\BuildLiteBehavior [ RunTime:0.000027s ]
INFO: [ app_init ] --END-- [ RunTime:0.000539s ]

[ 2017-05-26T13:46:54+08:00 ] 113.4.139.55 /index.php/Qt/Wxpay/jsapi.html?code=051cFaBX0gOS902LREBX0gtbBX0cFaBm&state=STATE
INFO: [ app_init ] --START--
INFO: Run Behavior\BuildLiteBehavior [ RunTime:0.000029s ]
INFO: [ app_init ] --END-- [ RunTime:0.000529s ]

[ 2017-05-26T13:47:19+08:00 ] 113.4.139.55 /index.php/Qt/Wxpay/jsapi.html?code=051cFaBX0gOS902LREBX0gtbBX0cFaBm&state=STATE
INFO: [ app_init ] --START--
INFO: Run Behavior\BuildLiteBehavior [ RunTime:0.000029s ]
INFO: [ app_init ] --END-- [ RunTime:0.000545s ]
ERR: 参数错误

[ 2017-05-26T13:47:27+08:00 ] 113.4.139.55 /index.php/Qt/Goods/zhifufangshi
INFO: [ app_init ] --START--
INFO: Run Behavior\BuildLiteBehavior [ RunTime:0.000025s ]
INFO: [ app_init ] --END-- [ RunTime:0.000524s ]

[ 2017-05-26T13:47:28+08:00 ] 113.4.139.55 /index.php/Qt/Wxpay/jsapi.html
INFO: [ app_init ] --START--
INFO: Run Behavior\BuildLiteBehavior [ RunTime:0.000026s ]
INFO: [ app_init ] --END-- [ RunTime:0.000528s ]

[ 2017-05-26T13:47:28+08:00 ] 113.4.139.55 /index.php/Qt/Wxpay/jsapi.html?code=041qW8zD0MVIMg2zplAD0YoazD0qW8z0&state=STATE
INFO: [ app_init ] --START--
INFO: Run Behavior\BuildLiteBehavior [ RunTime:0.000025s ]
INFO: [ app_init ] --END-- [ RunTime:0.000544s ]

[ 2017-05-26T13:47:34+08:00 ] 113.4.139.55 /index.php/Qt/Wxpay/jsapi.html?code=041qW8zD0MVIMg2zplAD0YoazD0qW8z0&state=STATE
INFO: [ app_init ] --START--
INFO: Run Behavior\BuildLiteBehavior [ RunTime:0.000028s ]
INFO: [ app_init ] --END-- [ RunTime:0.000556s ]
ERR: 参数错误

[ 2017-05-26T13:47:45+08:00 ] 113.4.139.55 /index.php/Qt/Goods/zhifufangshi
INFO: [ app_init ] --START--
INFO: Run Behavior\BuildLiteBehavior [ RunTime:0.000024s ]
INFO: [ app_init ] --END-- [ RunTime:0.000811s ]

[ 2017-05-26T13:47:45+08:00 ] 113.4.139.55 /index.php/Qt/Alipay/index.html
INFO: [ app_init ] --START--
INFO: Run Behavior\BuildLiteBehavior [ RunTime:0.000027s ]
INFO: [ app_init ] --END-- [ RunTime:0.000536s ]
ERR: 无法加载控制器:Alipay

[ 2017-05-26T13:47:50+08:00 ] 113.4.139.55 /index.php/Qt/Goods/zhifufangshi
INFO: [ app_init ] --START--
INFO: Run Behavior\BuildLiteBehavior [ RunTime:0.000028s ]
INFO: [ app_init ] --END-- [ RunTime:0.000539s ]

[ 2017-05-26T13:47:50+08:00 ] 113.4.139.55 /index.php/Qt/Wxpay/jsapi.html
INFO: [ app_init ] --START--
INFO: Run Behavior\BuildLiteBehavior [ RunTime:0.000025s ]
INFO: [ app_init ] --END-- [ RunTime:0.000527s ]

[ 2017-05-26T13:47:51+08:00 ] 113.4.139.55 /index.php/Qt/Wxpay/jsapi.html?code=061i86Z60CdMRJ1bei070iP6Z60i86ZT&state=STATE
INFO: [ app_init ] --START--
INFO: Run Behavior\BuildLiteBehavior [ RunTime:0.000024s ]
INFO: [ app_init ] --END-- [ RunTime:0.000526s ]

[ 2017-05-26T13:47:55+08:00 ] 180.153.201.28 /index.php/Qt/Alipay/index.html
INFO: [ app_init ] --START--
INFO: Run Behavior\BuildLiteBehavior [ RunTime:0.000024s ]
INFO: [ app_init ] --END-- [ RunTime:0.000602s ]
ERR: 无法加载控制器:Alipay

[ 2017-05-26T13:47:55+08:00 ] 113.4.139.55 /index.php/Qt/Yl/yl.html
INFO: [ app_init ] --START--
INFO: Run Behavior\BuildLiteBehavior [ RunTime:0.000029s ]
INFO: [ app_init ] --END-- [ RunTime:0.000551s ]

[ 2017-05-26T13:47:57+08:00 ] 101.226.89.121 /index.php/Qt/Alipay/index.html
INFO: [ app_init ] --START--
INFO: Run Behavior\BuildLiteBehavior [ RunTime:0.000026s ]
INFO: [ app_init ] --END-- [ RunTime:0.000537s ]
ERR: 无法加载控制器:Alipay

[ 2017-05-26T13:48:01+08:00 ] 113.4.139.55 /index.php/Qt/Wxpay/jsapi.html?code=061i86Z60CdMRJ1bei070iP6Z60i86ZT&state=STATE
INFO: [ app_init ] --START--
INFO: Run Behavior\BuildLiteBehavior [ RunTime:0.000025s ]
INFO: [ app_init ] --END-- [ RunTime:0.000513s ]
ERR: 参数错误

[ 2017-05-26T13:49:39+08:00 ] 113.4.139.55 /index.php/Qt/Wxpay/jsapi.html?code=061i86Z60CdMRJ1bei070iP6Z60i86ZT&state=STATE
INFO: [ app_init ] --START--
INFO: Run Behavior\BuildLiteBehavior [ RunTime:0.000025s ]
INFO: [ app_init ] --END-- [ RunTime:0.000530s ]
ERR: 参数错误

[ 2017-05-26T13:49:50+08:00 ] 113.4.139.55 /index.php/Qt/Goods/zhifufangshi.html
INFO: [ app_init ] --START--
INFO: Run Behavior\BuildLiteBehavior [ RunTime:0.000029s ]
INFO: [ app_init ] --END-- [ RunTime:0.000548s ]

[ 2017-05-26T13:54:43+08:00 ] 113.4.139.55 /index.php/Qt/Goods/zhifufangshi.html
INFO: [ app_init ] --START--
INFO: Run Behavior\BuildLiteBehavior [ RunTime:0.000029s ]
INFO: [ app_init ] --END-- [ RunTime:0.000543s ]

[ 2017-05-26T13:54:46+08:00 ] 113.4.139.55 /index.php/Qt/Goods/zhifufangshi
INFO: [ app_init ] --START--
INFO: Run Behavior\BuildLiteBehavior [ RunTime:0.000024s ]
INFO: [ app_init ] --END-- [ RunTime:0.000523s ]

[ 2017-05-26T13:54:47+08:00 ] 113.4.139.55 /index.php/Qt/Wxpay/jsapi.html
INFO: [ app_init ] --START--
INFO: Run Behavior\BuildLiteBehavior [ RunTime:0.000024s ]
INFO: [ app_init ] --END-- [ RunTime:0.000518s ]

[ 2017-05-26T13:54:50+08:00 ] 113.4.139.55 /index.php/Qt/Wxpay/jsapi.html?code=031LH9v3114vFL1g5dv31u5av31LH9vT&state=STATE
INFO: [ app_init ] --START--
INFO: Run Behavior\BuildLiteBehavior [ RunTime:0.000024s ]
INFO: [ app_init ] --END-- [ RunTime:0.000526s ]

[ 2017-05-26T13:55:00+08:00 ] 113.4.139.55 /index.php/Qt/Wxpay/ggdd
INFO: [ app_init ] --START--
INFO: Run Behavior\BuildLiteBehavior [ RunTime:0.000026s ]
INFO: [ app_init ] --END-- [ RunTime:0.000529s ]
ERR: 非法操作:ggdd

[ 2017-05-26T13:55:10+08:00 ] 101.226.33.219 /index.php/Qt/Wxpay/ggdd
INFO: [ app_init ] --START--
INFO: Run Behavior\BuildLiteBehavior [ RunTime:0.000029s ]
INFO: [ app_init ] --END-- [ RunTime:0.000554s ]
ERR: 非法操作:ggdd

[ 2017-05-26T13:55:13+08:00 ] 101.226.66.193 /index.php/Qt/Wxpay/ggdd
INFO: [ app_init ] --START--
INFO: Run Behavior\BuildLiteBehavior [ RunTime:0.000025s ]
INFO: [ app_init ] --END-- [ RunTime:0.000507s ]
ERR: 非法操作:ggdd

[ 2017-05-26T13:56:19+08:00 ] 113.4.139.55 /index.php/Qt/Goods/zhifufangshi
INFO: [ app_init ] --START--
INFO: Run Behavior\BuildLiteBehavior [ RunTime:0.000026s ]
INFO: [ app_init ] --END-- [ RunTime:0.000735s ]

[ 2017-05-26T13:56:20+08:00 ] 113.4.139.55 /index.php/Qt/Wxpay/jsapi.html
INFO: [ app_init ] --START--
INFO: Run Behavior\BuildLiteBehavior [ RunTime:0.000037s ]
INFO: [ app_init ] --END-- [ RunTime:0.000777s ]

[ 2017-05-26T13:56:22+08:00 ] 113.4.139.55 /index.php/Qt/Wxpay/jsapi.html?code=041y6IhJ1kHBl801BRfJ1FIJhJ1y6IhG&state=STATE
INFO: [ app_init ] --START--
INFO: Run Behavior\BuildLiteBehavior [ RunTime:0.000025s ]
INFO: [ app_init ] --END-- [ RunTime:0.000740s ]

[ 2017-05-26T13:56:35+08:00 ] 113.4.139.55 /index.php/Qt/Wxpay/ggdd
INFO: [ app_init ] --START--
INFO: Run Behavior\BuildLiteBehavior [ RunTime:0.000025s ]
INFO: [ app_init ] --END-- [ RunTime:0.000750s ]
ERR: 非法操作:ggdd

[ 2017-05-26T13:57:31+08:00 ] 40.77.167.122 /
INFO: [ app_init ] --START--
INFO: Run Behavior\BuildLiteBehavior [ RunTime:0.000025s ]
INFO: [ app_init ] --END-- [ RunTime:0.000513s ]

[ 2017-05-26T13:57:41+08:00 ] 207.46.13.99 /index.php/Qt/Goods/sc.html
INFO: [ app_init ] --START--
INFO: Run Behavior\BuildLiteBehavior [ RunTime:0.000025s ]
INFO: [ app_init ] --END-- [ RunTime:0.000515s ]

[ 2017-05-26T13:57:50+08:00 ] 40.77.167.108 /index.php/Qt/Mr/mr.html
INFO: [ app_init ] --START--
INFO: Run Behavior\BuildLiteBehavior [ RunTime:0.000026s ]
INFO: [ app_init ] --END-- [ RunTime:0.000521s ]

[ 2017-05-26T13:57:50+08:00 ] 40.77.167.108 /index.php/Qt/Login/dl.html
INFO: [ app_init ] --START--
INFO: Run Behavior\BuildLiteBehavior [ RunTime:0.000027s ]
INFO: [ app_init ] --END-- [ RunTime:0.000531s ]

[ 2017-05-26T13:57:54+08:00 ] 40.77.167.108 /index.php/Qt/Video/mc.html
INFO: [ app_init ] --START--
INFO: Run Behavior\BuildLiteBehavior [ RunTime:0.000026s ]
INFO: [ app_init ] --END-- [ RunTime:0.000523s ]

[ 2017-05-26T13:58:21+08:00 ] 113.4.139.55 /index.php/Qt/Goods/zhifufangshi
INFO: [ app_init ] --START--
INFO: Run Behavior\BuildLiteBehavior [ RunTime:0.000027s ]
INFO: [ app_init ] --END-- [ RunTime:0.000531s ]

[ 2017-05-26T13:58:22+08:00 ] 113.4.139.55 /index.php/Qt/Wxpay/jsapi.html
INFO: [ app_init ] --START--
INFO: Run Behavior\BuildLiteBehavior [ RunTime:0.000026s ]
INFO: [ app_init ] --END-- [ RunTime:0.000526s ]

[ 2017-05-26T13:58:24+08:00 ] 113.4.139.55 /index.php/Qt/Wxpay/jsapi.html?code=031ZxXGA1UU0Wh05rtHA1PZXGA1ZxXGS&state=STATE
INFO: [ app_init ] --START--
INFO: Run Behavior\BuildLiteBehavior [ RunTime:0.000025s ]
INFO: [ app_init ] --END-- [ RunTime:0.000514s ]

[ 2017-05-26T14:00:04+08:00 ] 113.4.139.55 /index.php/Qt/Goods/zhifufangshi
INFO: [ app_init ] --START--
INFO: Run Behavior\BuildLiteBehavior [ RunTime:0.000028s ]
INFO: [ app_init ] --END-- [ RunTime:0.000535s ]

[ 2017-05-26T14:00:06+08:00 ] 113.4.139.55 /index.php/Qt/Wxpay/jsapi.html
INFO: [ app_init ] --START--
INFO: Run Behavior\BuildLiteBehavior [ RunTime:0.000025s ]
INFO: [ app_init ] --END-- [ RunTime:0.000587s ]

[ 2017-05-26T14:00:08+08:00 ] 113.4.139.55 /index.php/Qt/Wxpay/jsapi.html?code=081NELRz0XKpgi1OHnQz04OLRz0NELR0&state=STATE
INFO: [ app_init ] --START--
INFO: Run Behavior\BuildLiteBehavior [ RunTime:0.000031s ]
INFO: [ app_init ] --END-- [ RunTime:0.000588s ]

[ 2017-05-26T14:00:13+08:00 ] 113.4.139.55 /index.php/Qt/Wxpay/jsapi.html?code=081NELRz0XKpgi1OHnQz04OLRz0NELR0&state=STATE
INFO: [ app_init ] --START--
INFO: Run Behavior\BuildLiteBehavior [ RunTime:0.000026s ]
INFO: [ app_init ] --END-- [ RunTime:0.000516s ]
ERR: 参数错误

[ 2017-05-26T14:40:18+08:00 ] 113.4.139.55 /index.php?m=Callback&a=wxpay
INFO: [ app_init ] --START--
INFO: Run Behavior\BuildLiteBehavior [ RunTime:0.000029s ]
INFO: [ app_init ] --END-- [ RunTime:0.000605s ]
ERR: 非法操作:wxpay

[ 2017-05-26T14:44:15+08:00 ] 113.4.139.55 /index.php/Qt/Shopping/Callback
INFO: [ app_init ] --START--
INFO: Run Behavior\BuildLiteBehavior [ RunTime:0.000025s ]
INFO: [ app_init ] --END-- [ RunTime:0.000827s ]

[ 2017-05-26T14:45:18+08:00 ] 222.137.233.112 /index.php/Qt/Shopping/Callback
INFO: [ app_init ] --START--
INFO: Run Behavior\BuildLiteBehavior [ RunTime:0.000025s ]
INFO: [ app_init ] --END-- [ RunTime:0.000744s ]

[ 2017-05-26T14:45:29+08:00 ] 113.108.80.205 /index.php/Qt/Shopping/Callback
INFO: [ app_init ] --START--
INFO: Run Behavior\BuildLiteBehavior [ RunTime:0.000027s ]
INFO: [ app_init ] --END-- [ RunTime:0.000573s ]

[ 2017-05-26T14:46:09+08:00 ] 222.137.233.112 /index.php/Qt/Shopping/wxpay
INFO: [ app_init ] --START--
INFO: Run Behavior\BuildLiteBehavior [ RunTime:0.000027s ]
INFO: [ app_init ] --END-- [ RunTime:0.000558s ]

[ 2017-05-26T14:46:11+08:00 ] 222.137.233.112 /index.php/Qt/Shopping/Callback
INFO: [ app_init ] --START--
INFO: Run Behavior\BuildLiteBehavior [ RunTime:0.000029s ]
INFO: [ app_init ] --END-- [ RunTime:0.000620s ]

[ 2017-05-26T14:46:19+08:00 ] 119.147.21.144 /index.php/Qt/Shopping/wxpay
INFO: [ app_init ] --START--
INFO: Run Behavior\BuildLiteBehavior [ RunTime:0.000024s ]
INFO: [ app_init ] --END-- [ RunTime:0.000512s ]

[ 2017-05-26T14:46:33+08:00 ] 101.226.33.201 /index.php/Qt/Shopping/wxpay
INFO: [ app_init ] --START--
INFO: Run Behavior\BuildLiteBehavior [ RunTime:0.000026s ]
INFO: [ app_init ] --END-- [ RunTime:0.000519s ]

[ 2017-05-26T14:46:39+08:00 ] 101.226.33.226 /index.php/Qt/Shopping/wxpay
INFO: [ app_init ] --START--
INFO: Run Behavior\BuildLiteBehavior [ RunTime:0.000028s ]
INFO: [ app_init ] --END-- [ RunTime:0.000528s ]

[ 2017-05-26T14:46:50+08:00 ] 123.151.64.143 /index.php/Qt/Shopping/wxpay
INFO: [ app_init ] --START--
INFO: Run Behavior\BuildLiteBehavior [ RunTime:0.000029s ]
INFO: [ app_init ] --END-- [ RunTime:0.000546s ]

[ 2017-05-26T14:46:56+08:00 ] 123.151.64.143 /index.php/Qt/Shopping/wxpay
INFO: [ app_init ] --START--
INFO: Run Behavior\BuildLiteBehavior [ RunTime:0.000029s ]
INFO: [ app_init ] --END-- [ RunTime:0.000531s ]

[ 2017-05-26T14:46:57+08:00 ] 125.39.57.38 /
INFO: [ app_init ] --START--
INFO: Run Behavior\BuildLiteBehavior [ RunTime:0.000025s ]
INFO: [ app_init ] --END-- [ RunTime:0.000507s ]

[ 2017-05-26T14:46:58+08:00 ] 111.30.137.186 /
INFO: [ app_init ] --START--
INFO: Run Behavior\BuildLiteBehavior [ RunTime:0.000030s ]
INFO: [ app_init ] --END-- [ RunTime:0.000563s ]

[ 2017-05-26T14:47:08+08:00 ] 113.4.139.55 /index.php/Qt/Shopping/wxpay
INFO: [ app_init ] --START--
INFO: Run Behavior\BuildLiteBehavior [ RunTime:0.000025s ]
INFO: [ app_init ] --END-- [ RunTime:0.000528s ]

[ 2017-05-26T14:49:30+08:00 ] 101.226.33.208 /
INFO: [ app_init ] --START--
INFO: Run Behavior\BuildLiteBehavior [ RunTime:0.000028s ]
INFO: [ app_init ] --END-- [ RunTime:0.000537s ]

[ 2017-05-26T14:49:31+08:00 ] 101.226.33.208 /index.php/Qt/Video/mc.html
INFO: [ app_init ] --START--
INFO: Run Behavior\BuildLiteBehavior [ RunTime:0.000025s ]
INFO: [ app_init ] --END-- [ RunTime:0.000516s ]

[ 2017-05-26T14:49:33+08:00 ] 101.226.33.208 /index.php/Qt/Goods/sc.html
INFO: [ app_init ] --START--
INFO: Run Behavior\BuildLiteBehavior [ RunTime:0.000025s ]
INFO: [ app_init ] --END-- [ RunTime:0.000516s ]

[ 2017-05-26T14:49:33+08:00 ] 101.226.33.208 /index.php/Qt/Mr/mr.html
INFO: [ app_init ] --START--
INFO: Run Behavior\BuildLiteBehavior [ RunTime:0.000046s ]
INFO: [ app_init ] --END-- [ RunTime:0.000831s ]

[ 2017-05-26T14:49:33+08:00 ] 101.226.33.208 /index.php/Qt/Login/dl.html
INFO: [ app_init ] --START--
INFO: Run Behavior\BuildLiteBehavior [ RunTime:0.000029s ]
INFO: [ app_init ] --END-- [ RunTime:0.000581s ]

[ 2017-05-26T14:49:38+08:00 ] 101.226.125.100 /
INFO: [ app_init ] --START--
INFO: Run Behavior\BuildLiteBehavior [ RunTime:0.000028s ]
INFO: [ app_init ] --END-- [ RunTime:0.000541s ]

[ 2017-05-26T14:49:39+08:00 ] 101.226.125.100 /index.php/Qt/Goods/sc.html
INFO: [ app_init ] --START--
INFO: Run Behavior\BuildLiteBehavior [ RunTime:0.000026s ]
INFO: [ app_init ] --END-- [ RunTime:0.000554s ]

[ 2017-05-26T14:49:39+08:00 ] 101.226.125.100 /index.php/Qt/Video/mc.html
INFO: [ app_init ] --START--
INFO: Run Behavior\BuildLiteBehavior [ RunTime:0.000023s ]
INFO: [ app_init ] --END-- [ RunTime:0.000509s ]

[ 2017-05-26T14:49:39+08:00 ] 101.226.125.100 /index.php/Qt/Mr/mr.html
INFO: [ app_init ] --START--
INFO: Run Behavior\BuildLiteBehavior [ RunTime:0.000024s ]
INFO: [ app_init ] --END-- [ RunTime:0.000597s ]

[ 2017-05-26T14:49:42+08:00 ] 101.226.125.100 /index.php/Qt/Login/dl.html
INFO: [ app_init ] --START--
INFO: Run Behavior\BuildLiteBehavior [ RunTime:0.000025s ]
INFO: [ app_init ] --END-- [ RunTime:0.000510s ]

[ 2017-05-26T14:50:26+08:00 ] 113.4.139.55 /index.php/Qt/Shopping/wxpay
INFO: [ app_init ] --START--
INFO: Run Behavior\BuildLiteBehavior [ RunTime:0.000024s ]
INFO: [ app_init ] --END-- [ RunTime:0.000456s ]

[ 2017-05-26T14:50:27+08:00 ] 113.4.139.55 /index.php/Qt/Shopping/wxpay?code=071Hon531R86wL1cnj631cTu531Hon5h&state=STATE
INFO: [ app_init ] --START--
INFO: Run Behavior\BuildLiteBehavior [ RunTime:0.000027s ]
INFO: [ app_init ] --END-- [ RunTime:0.000475s ]

[ 2017-05-26T14:51:12+08:00 ] 123.151.64.143 /index.php/Qt/Shopping/wxpay
INFO: [ app_init ] --START--
INFO: Run Behavior\BuildLiteBehavior [ RunTime:0.000024s ]
INFO: [ app_init ] --END-- [ RunTime:0.000510s ]

[ 2017-05-26T14:51:13+08:00 ] 123.151.64.143 /index.php/Qt/Shopping/wxpay?code=001An9rE0IhAlf2h06oE0dy4rE0An9rX&state=STATE
INFO: [ app_init ] --START--
INFO: Run Behavior\BuildLiteBehavior [ RunTime:0.000026s ]
INFO: [ app_init ] --END-- [ RunTime:0.000525s ]

[ 2017-05-26T14:51:22+08:00 ] 123.151.64.143 /index.php/Qt/Shopping/wxpay
INFO: [ app_init ] --START--
INFO: Run Behavior\BuildLiteBehavior [ RunTime:0.000025s ]
INFO: [ app_init ] --END-- [ RunTime:0.000512s ]

[ 2017-05-26T14:51:22+08:00 ] 101.226.66.178 /index.php/Qt/Shopping/wxpay
INFO: [ app_init ] --START--
INFO: Run Behavior\BuildLiteBehavior [ RunTime:0.000025s ]
INFO: [ app_init ] --END-- [ RunTime:0.000518s ]

[ 2017-05-26T14:51:42+08:00 ] 123.151.64.143 /index.php/Qt/Shopping/wxpay
INFO: [ app_init ] --START--
INFO: Run Behavior\BuildLiteBehavior [ RunTime:0.000028s ]
INFO: [ app_init ] --END-- [ RunTime:0.000532s ]

[ 2017-05-26T14:52:20+08:00 ] 123.151.64.143 /index.php/Qt/Shopping/wxpay
INFO: [ app_init ] --START--
INFO: Run Behavior\BuildLiteBehavior [ RunTime:0.000031s ]
INFO: [ app_init ] --END-- [ RunTime:0.000599s ]

[ 2017-05-26T14:52:30+08:00 ] 123.151.64.143 /index.php/Qt/Shopping/wxpay
INFO: [ app_init ] --START--
INFO: Run Behavior\BuildLiteBehavior [ RunTime:0.000027s ]
INFO: [ app_init ] --END-- [ RunTime:0.000528s ]

[ 2017-05-26T14:55:39+08:00 ] 113.4.139.55 /index.php/Qt/Shopping/wxpay
INFO: [ app_init ] --START--
INFO: Run Behavior\BuildLiteBehavior [ RunTime:0.000026s ]
INFO: [ app_init ] --END-- [ RunTime:0.000530s ]

[ 2017-05-26T14:56:28+08:00 ] 123.151.64.143 /index.php/Qt/Shopping/wxpay
INFO: [ app_init ] --START--
INFO: Run Behavior\BuildLiteBehavior [ RunTime:0.000025s ]
INFO: [ app_init ] --END-- [ RunTime:0.000519s ]

[ 2017-05-26T14:56:46+08:00 ] 180.153.206.20 /index.php/Qt/Shopping/wxpay
INFO: [ app_init ] --START--
INFO: Run Behavior\BuildLiteBehavior [ RunTime:0.000037s ]
INFO: [ app_init ] --END-- [ RunTime:0.000726s ]

[ 2017-05-26T14:56:50+08:00 ] 113.4.139.55 /index.php/Qt/Shopping/wxpay
INFO: [ app_init ] --START--
INFO: Run Behavior\BuildLiteBehavior [ RunTime:0.000031s ]
INFO: [ app_init ] --END-- [ RunTime:0.000579s ]

[ 2017-05-26T14:57:55+08:00 ] 123.151.64.143 /index.php/Qt/Shopping/wxpay
INFO: [ app_init ] --START--
INFO: Run Behavior\BuildLiteBehavior [ RunTime:0.000029s ]
INFO: [ app_init ] --END-- [ RunTime:0.000547s ]

[ 2017-05-26T14:58:59+08:00 ] 113.4.139.55 /index.php/Qt/Shopping/wxpay
INFO: [ app_init ] --START--
INFO: Run Behavior\BuildLiteBehavior [ RunTime:0.000027s ]
INFO: [ app_init ] --END-- [ RunTime:0.000532s ]

[ 2017-05-26T14:59:36+08:00 ] 123.151.64.143 /index.php/Qt/Shopping/wxpay
INFO: [ app_init ] --START--
INFO: Run Behavior\BuildLiteBehavior [ RunTime:0.000029s ]
INFO: [ app_init ] --END-- [ RunTime:0.000726s ]

[ 2017-05-26T14:59:58+08:00 ] 113.4.139.55 /index.php/Qt/Shopping/wxpay
INFO: [ app_init ] --START--
INFO: Run Behavior\BuildLiteBehavior [ RunTime:0.000025s ]
INFO: [ app_init ] --END-- [ RunTime:0.000516s ]

[ 2017-05-26T15:00:11+08:00 ] 101.226.33.208 /index.php/Qt/Shopping/wxpay
INFO: [ app_init ] --START--
INFO: Run Behavior\BuildLiteBehavior [ RunTime:0.000025s ]
INFO: [ app_init ] --END-- [ RunTime:0.000519s ]

[ 2017-05-26T15:00:54+08:00 ] 123.151.64.143 /index.php/Qt/Shopping/wxpay
INFO: [ app_init ] --START--
INFO: Run Behavior\BuildLiteBehavior [ RunTime:0.000024s ]
INFO: [ app_init ] --END-- [ RunTime:0.000633s ]

[ 2017-05-26T15:00:55+08:00 ] 61.49.57.55 /
INFO: [ app_init ] --START--
INFO: Run Behavior\BuildLiteBehavior [ RunTime:0.000024s ]
INFO: [ app_init ] --END-- [ RunTime:0.000493s ]

[ 2017-05-26T15:00:55+08:00 ] 111.30.137.183 /
INFO: [ app_init ] --START--
INFO: Run Behavior\BuildLiteBehavior [ RunTime:0.000025s ]
INFO: [ app_init ] --END-- [ RunTime:0.000515s ]

[ 2017-05-26T15:01:03+08:00 ] 180.153.160.24 /index.php/Qt/Shopping/wxpay
INFO: [ app_init ] --START--
INFO: Run Behavior\BuildLiteBehavior [ RunTime:0.000024s ]
INFO: [ app_init ] --END-- [ RunTime:0.000468s ]

[ 2017-05-26T15:05:15+08:00 ] 113.4.139.55 /index.php/Qt/Shopping/wxpay
INFO: [ app_init ] --START--
INFO: Run Behavior\BuildLiteBehavior [ RunTime:0.000029s ]
INFO: [ app_init ] --END-- [ RunTime:0.000537s ]

[ 2017-05-26T15:08:12+08:00 ] 113.4.139.55 /index.php/Qt/Mr/mr
INFO: [ app_init ] --START--
INFO: Run Behavior\BuildLiteBehavior [ RunTime:0.000027s ]
INFO: [ app_init ] --END-- [ RunTime:0.000527s ]

[ 2017-05-26T15:08:14+08:00 ] 113.4.139.55 /index.php/Qt/Login/quit.html
INFO: [ app_init ] --START--
INFO: Run Behavior\BuildLiteBehavior [ RunTime:0.000031s ]
INFO: [ app_init ] --END-- [ RunTime:0.000557s ]

[ 2017-05-26T15:08:14+08:00 ] 113.4.139.55 /index.php/Qt/Login/dl.html
INFO: [ app_init ] --START--
INFO: Run Behavior\BuildLiteBehavior [ RunTime:0.000025s ]
INFO: [ app_init ] --END-- [ RunTime:0.000512s ]

[ 2017-05-26T15:08:16+08:00 ] 113.4.139.55 /index.php/Qt/Login/redirec
INFO: [ app_init ] --START--
INFO: Run Behavior\BuildLiteBehavior [ RunTime:0.000025s ]
INFO: [ app_init ] --END-- [ RunTime:0.000538s ]

[ 2017-05-26T15:08:17+08:00 ] 113.4.139.55 /index.php/Qt/Login/wxlogin
INFO: [ app_init ] --START--
INFO: Run Behavior\BuildLiteBehavior [ RunTime:0.000024s ]
INFO: [ app_init ] --END-- [ RunTime:0.000514s ]

[ 2017-05-26T15:28:43+08:00 ] 123.151.64.143 /index.php/Qt/Shopping/wxpay
INFO: [ app_init ] --START--
INFO: Run Behavior\BuildLiteBehavior [ RunTime:0.000024s ]
INFO: [ app_init ] --END-- [ RunTime:0.000521s ]

[ 2017-05-26T15:28:44+08:00 ] 111.161.105.15 /
INFO: [ app_init ] --START--
INFO: Run Behavior\BuildLiteBehavior [ RunTime:0.000024s ]
INFO: [ app_init ] --END-- [ RunTime:0.000491s ]

[ 2017-05-26T15:28:44+08:00 ] 111.30.132.148 /
INFO: [ app_init ] --START--
INFO: Run Behavior\BuildLiteBehavior [ RunTime:0.000024s ]
INFO: [ app_init ] --END-- [ RunTime:0.000498s ]

[ 2017-05-26T15:46:11+08:00 ] 219.140.150.161 /index.php/Qt/Shopping/wxpay
INFO: [ app_init ] --START--
INFO: Run Behavior\BuildLiteBehavior [ RunTime:0.000026s ]
INFO: [ app_init ] --END-- [ RunTime:0.000531s ]

[ 2017-05-26T18:46:24+08:00 ] 113.128.80.4 /
INFO: [ app_init ] --START--
INFO: Run Behavior\BuildLiteBehavior [ RunTime:0.000025s ]
INFO: [ app_init ] --END-- [ RunTime:0.000625s ]

[ 2017-05-26T18:46:29+08:00 ] 113.128.80.4 /index.php/Qt/Video/mc.html
INFO: [ app_init ] --START--
INFO: Run Behavior\BuildLiteBehavior [ RunTime:0.000024s ]
INFO: [ app_init ] --END-- [ RunTime:0.000492s ]

[ 2017-05-26T18:46:30+08:00 ] 113.128.80.4 /index.php/Qt/Goods/sc.html
INFO: [ app_init ] --START--
INFO: Run Behavior\BuildLiteBehavior [ RunTime:0.000026s ]
INFO: [ app_init ] --END-- [ RunTime:0.000445s ]

[ 2017-05-26T18:46:39+08:00 ] 113.128.80.4 /index.php/Qt/Mr/mr.html
INFO: [ app_init ] --START--
INFO: Run Behavior\BuildLiteBehavior [ RunTime:0.000025s ]
INFO: [ app_init ] --END-- [ RunTime:0.000697s ]

[ 2017-05-26T18:46:39+08:00 ] 113.128.80.4 /index.php/Qt/Login/dl.html
INFO: [ app_init ] --START--
INFO: Run Behavior\BuildLiteBehavior [ RunTime:0.000025s ]
INFO: [ app_init ] --END-- [ RunTime:0.000694s ]

[ 2017-05-26T18:46:43+08:00 ] 113.128.80.4 /index.php/Qt/Video/mc_lb.html
INFO: [ app_init ] --START--
INFO: Run Behavior\BuildLiteBehavior [ RunTime:0.000025s ]
INFO: [ app_init ] --END-- [ RunTime:0.000437s ]

[ 2017-05-26T18:46:50+08:00 ] 113.128.80.4 /index.php/Qt/Product/goumai.html
INFO: [ app_init ] --START--
INFO: Run Behavior\BuildLiteBehavior [ RunTime:0.000025s ]
INFO: [ app_init ] --END-- [ RunTime:0.000501s ]

[ 2017-05-26T20:39:07+08:00 ] 211.104.154.6 /
INFO: [ app_init ] --START--
INFO: Run Behavior\BuildLiteBehavior [ RunTime:0.000026s ]
INFO: [ app_init ] --END-- [ RunTime:0.000715s ]

