[ 2017-05-08T10:38:40+08:00 ] ::1 /yy/index.php/QT/Login/dl.html
ERR: 无法加载控制器:Login

[ 2017-05-08T13:40:51+08:00 ] ::1 /yy/index.php/Qt/Product/mr.html
ERR: 模板不存在:./Ds/Qt/View/Product/mr.html

[ 2017-05-08T14:56:13+08:00 ] ::1 /yy/index.php/Qt/Login/sendsms.html
INFO: [ app_begin ] --START--
INFO: Run Behavior\ReadHtmlCacheBehavior [ RunTime:0.001000s ]
INFO: [ app_begin ] --END-- [ RunTime:0.002000s ]
NOTIC: [8] Undefined variable: M D:\WWW\yy\Ds\Qt\Controller\LoginController.class.php 第 84 行.

[ 2017-05-08T15:06:13+08:00 ] ::1 /yy/index.php/Qt/Login/zc
ERR: SQLSTATE[28000] [1045] Access denied for user 'root'@'localhost' (using password: YES)

[ 2017-05-08T15:11:43+08:00 ] ::1 /yy/index.php/Qt/Login/zc
ERR: SQLSTATE[28000] [1045] Access denied for user 'root'@'localhost' (using password: YES)

[ 2017-05-08T15:16:32+08:00 ] ::1 /yy/index.php/Qt/Login/sendsms.html
INFO: [ app_begin ] --START--
INFO: Run Behavior\ReadHtmlCacheBehavior [ RunTime:0.002001s ]
INFO: [ app_begin ] --END-- [ RunTime:0.002001s ]
NOTIC: [8] Undefined variable: M D:\WWW\yy\Ds\Qt\Controller\LoginController.class.php 第 84 行.

[ 2017-05-08T15:17:12+08:00 ] ::1 /yy/index.php/Qt/Login/sendsms.html
INFO: [ app_begin ] --START--
INFO: Run Behavior\ReadHtmlCacheBehavior [ RunTime:0.000000s ]
INFO: [ app_begin ] --END-- [ RunTime:0.002000s ]
NOTIC: [8] Undefined variable: M D:\WWW\yy\Ds\Qt\Controller\LoginController.class.php 第 84 行.

[ 2017-05-08T15:21:30+08:00 ] ::1 /yy/index.php/Qt/Login/sendsms.html
INFO: [ app_begin ] --START--
INFO: Run Behavior\ReadHtmlCacheBehavior [ RunTime:0.001000s ]
INFO: [ app_begin ] --END-- [ RunTime:0.001000s ]
NOTIC: [8] Undefined variable: M D:\WWW\yy\Ds\Qt\Controller\LoginController.class.php 第 84 行.

[ 2017-05-08T15:34:52+08:00 ] ::1 /yy/index.php/Qt/Login/regSms.html
INFO: [ app_begin ] --START--
INFO: Run Behavior\ReadHtmlCacheBehavior [ RunTime:0.001000s ]
INFO: [ app_begin ] --END-- [ RunTime:0.002000s ]
NOTIC: [8] Undefined variable: jsonArr D:\WWW\yy\Ds\Qt\Controller\LoginController.class.php 第 95 行.
ERR: SQLSTATE[28000] [1045] Access denied for user 'root'@'localhost' (using password: YES)

[ 2017-05-08T15:36:44+08:00 ] ::1 /yy/index.php/Qt/Login/sendsms.html
INFO: [ app_begin ] --START--
INFO: Run Behavior\ReadHtmlCacheBehavior [ RunTime:0.001000s ]
INFO: [ app_begin ] --END-- [ RunTime:0.001000s ]
NOTIC: [8] Undefined variable: M D:\WWW\yy\Ds\Qt\Controller\LoginController.class.php 第 81 行.

[ 2017-05-08T15:37:17+08:00 ] ::1 /yy/index.php/Qt/Login/sendsms.html
INFO: [ app_begin ] --START--
INFO: Run Behavior\ReadHtmlCacheBehavior [ RunTime:0.001000s ]
INFO: [ app_begin ] --END-- [ RunTime:0.001000s ]
NOTIC: [8] Undefined variable: mobile D:\WWW\yy\Ds\Qt\Controller\LoginController.class.php 第 83 行.

[ 2017-05-08T15:45:11+08:00 ] ::1 /yy/index.php/Qt/Login/sendsms.html
INFO: [ app_begin ] --START--
INFO: Run Behavior\ReadHtmlCacheBehavior [ RunTime:0.001000s ]
INFO: [ app_begin ] --END-- [ RunTime:0.002000s ]
NOTIC: [8] Undefined variable: mobile D:\WWW\yy\Ds\Qt\Controller\LoginController.class.php 第 115 行.

[ 2017-05-08T15:45:54+08:00 ] ::1 /yy/index.php/Qt/Login/sendsms.html
INFO: [ app_begin ] --START--
INFO: Run Behavior\ReadHtmlCacheBehavior [ RunTime:0.001000s ]
INFO: [ app_begin ] --END-- [ RunTime:0.001000s ]
NOTIC: [8] Undefined variable: mobile D:\WWW\yy\Ds\Qt\Controller\LoginController.class.php 第 115 行.
ERR: SQLSTATE[28000] [1045] Access denied for user 'root'@'localhost' (using password: YES)

[ 2017-05-08T15:46:08+08:00 ] ::1 /yy/index.php/Qt/Login/zc
ERR: SQLSTATE[28000] [1045] Access denied for user 'root'@'localhost' (using password: YES)

[ 2017-05-08T15:49:35+08:00 ] ::1 /yy/index.php/Qt/Login/sendsms.html
INFO: [ app_begin ] --START--
INFO: Run Behavior\ReadHtmlCacheBehavior [ RunTime:0.001000s ]
INFO: [ app_begin ] --END-- [ RunTime:0.001000s ]
NOTIC: [8] Undefined variable: mobile D:\WWW\yy\Ds\Qt\Controller\LoginController.class.php 第 115 行.
ERR: SQLSTATE[28000] [1045] Access denied for user 'root'@'localhost' (using password: YES)

[ 2017-05-08T15:49:41+08:00 ] ::1 /yy/index.php/Qt/Login/zc
ERR: SQLSTATE[28000] [1045] Access denied for user 'root'@'localhost' (using password: YES)

[ 2017-05-08T15:50:48+08:00 ] ::1 /yy/index.php/Qt/Login/zc
ERR: SQLSTATE[28000] [1045] Access denied for user 'root'@'localhost' (using password: YES)

