[ 2017-06-11T02:27:14+08:00 ] 111.206.36.11 /index.php/qt/wappay/index
INFO: [ app_init ] --START--
INFO: Run Behavior\BuildLiteBehavior [ RunTime:0.000023s ]
INFO: [ app_init ] --END-- [ RunTime:0.000487s ]
ERR: 无法加载控制器:Wappay

[ 2017-06-11T04:06:12+08:00 ] 111.206.36.142 /index.php/qt/wappay/index
INFO: [ app_init ] --START--
INFO: Run Behavior\BuildLiteBehavior [ RunTime:0.000023s ]
INFO: [ app_init ] --END-- [ RunTime:0.000621s ]
ERR: 无法加载控制器:Wappay

[ 2017-06-11T04:58:12+08:00 ] 115.239.212.70 /index.php/qt/wappay/get_data.html
INFO: [ app_init ] --START--
INFO: Run Behavior\BuildLiteBehavior [ RunTime:0.000021s ]
INFO: [ app_init ] --END-- [ RunTime:0.000485s ]
ERR: 无法加载控制器:Wappay

[ 2017-06-11T05:20:09+08:00 ] 111.206.36.19 /
INFO: [ app_init ] --START--
INFO: Run Behavior\BuildLiteBehavior [ RunTime:0.000022s ]
INFO: [ app_init ] --END-- [ RunTime:0.000504s ]

[ 2017-06-11T06:44:08+08:00 ] 123.125.45.10 /
INFO: [ app_init ] --START--
INFO: Run Behavior\BuildLiteBehavior [ RunTime:0.000022s ]
INFO: [ app_init ] --END-- [ RunTime:0.000500s ]

[ 2017-06-11T11:27:59+08:00 ] 70.42.131.170 /
INFO: [ app_init ] --START--
INFO: Run Behavior\BuildLiteBehavior [ RunTime:0.000023s ]
INFO: [ app_init ] --END-- [ RunTime:0.000749s ]

[ 2017-06-11T11:28:01+08:00 ] 70.42.131.170 /index.php/Qt/Video/mc.html
INFO: [ app_init ] --START--
INFO: Run Behavior\BuildLiteBehavior [ RunTime:0.000021s ]
INFO: [ app_init ] --END-- [ RunTime:0.000811s ]

[ 2017-06-11T11:28:03+08:00 ] 70.42.131.170 /index.php/Qt/Goods/sc.html
INFO: [ app_init ] --START--
INFO: Run Behavior\BuildLiteBehavior [ RunTime:0.000023s ]
INFO: [ app_init ] --END-- [ RunTime:0.000703s ]

[ 2017-06-11T11:28:03+08:00 ] 70.42.131.170 /index.php/Qt/Mr/mr.html
INFO: [ app_init ] --START--
INFO: Run Behavior\BuildLiteBehavior [ RunTime:0.000021s ]
INFO: [ app_init ] --END-- [ RunTime:0.000572s ]

[ 2017-06-11T11:28:03+08:00 ] 70.42.131.170 /index.php/Qt/Login/dl.html
INFO: [ app_init ] --START--
INFO: Run Behavior\BuildLiteBehavior [ RunTime:0.000020s ]
INFO: [ app_init ] --END-- [ RunTime:0.000428s ]

[ 2017-06-11T11:46:01+08:00 ] 123.125.45.10 /
INFO: [ app_init ] --START--
INFO: Run Behavior\BuildLiteBehavior [ RunTime:0.000032s ]
INFO: [ app_init ] --END-- [ RunTime:0.000600s ]

[ 2017-06-11T16:30:43+08:00 ] 117.136.3.125 /
INFO: [ app_init ] --START--
INFO: Run Behavior\BuildLiteBehavior [ RunTime:0.000021s ]
INFO: [ app_init ] --END-- [ RunTime:0.000485s ]

[ 2017-06-11T16:30:44+08:00 ] 117.136.3.125 /index.php/Qt/Video/mc.html
INFO: [ app_init ] --START--
INFO: Run Behavior\BuildLiteBehavior [ RunTime:0.000021s ]
INFO: [ app_init ] --END-- [ RunTime:0.000430s ]

[ 2017-06-11T16:30:44+08:00 ] 117.136.3.125 /index.php/Qt/Mr/mr.html
INFO: [ app_init ] --START--
INFO: Run Behavior\BuildLiteBehavior [ RunTime:0.000021s ]
INFO: [ app_init ] --END-- [ RunTime:0.000436s ]

[ 2017-06-11T16:30:45+08:00 ] 117.136.3.125 /index.php/Qt/Goods/sc.html
INFO: [ app_init ] --START--
INFO: Run Behavior\BuildLiteBehavior [ RunTime:0.000021s ]
INFO: [ app_init ] --END-- [ RunTime:0.000456s ]

[ 2017-06-11T16:30:45+08:00 ] 117.136.3.125 /index.php/Qt/Login/dl.html
INFO: [ app_init ] --START--
INFO: Run Behavior\BuildLiteBehavior [ RunTime:0.000033s ]
INFO: [ app_init ] --END-- [ RunTime:0.000525s ]

[ 2017-06-11T16:30:52+08:00 ] 140.207.185.109 /
INFO: [ app_init ] --START--
INFO: Run Behavior\BuildLiteBehavior [ RunTime:0.000022s ]
INFO: [ app_init ] --END-- [ RunTime:0.000439s ]

[ 2017-06-11T16:30:52+08:00 ] 140.207.185.109 /
INFO: [ app_init ] --START--
INFO: Run Behavior\BuildLiteBehavior [ RunTime:0.000021s ]
INFO: [ app_init ] --END-- [ RunTime:0.000462s ]

[ 2017-06-11T16:30:52+08:00 ] 140.207.185.109 /index.php/Qt/Video/mc.html
INFO: [ app_init ] --START--
INFO: Run Behavior\BuildLiteBehavior [ RunTime:0.000022s ]
INFO: [ app_init ] --END-- [ RunTime:0.000449s ]

[ 2017-06-11T16:30:54+08:00 ] 140.207.185.109 /index.php/Qt/Goods/sc.html
INFO: [ app_init ] --START--
INFO: Run Behavior\BuildLiteBehavior [ RunTime:0.000021s ]
INFO: [ app_init ] --END-- [ RunTime:0.000443s ]

[ 2017-06-11T16:30:54+08:00 ] 101.226.61.206 /index.php/Qt/Video/mc.html
INFO: [ app_init ] --START--
INFO: Run Behavior\BuildLiteBehavior [ RunTime:0.000019s ]
INFO: [ app_init ] --END-- [ RunTime:0.000419s ]

[ 2017-06-11T16:30:54+08:00 ] 101.226.65.105 /index.php/Qt/Mr/mr.html
INFO: [ app_init ] --START--
INFO: Run Behavior\BuildLiteBehavior [ RunTime:0.000019s ]
INFO: [ app_init ] --END-- [ RunTime:0.000416s ]

[ 2017-06-11T16:30:54+08:00 ] 101.226.66.193 /index.php/Qt/Login/dl.html
INFO: [ app_init ] --START--
INFO: Run Behavior\BuildLiteBehavior [ RunTime:0.000020s ]
INFO: [ app_init ] --END-- [ RunTime:0.000410s ]

[ 2017-06-11T16:30:54+08:00 ] 140.207.185.109 /index.php/Qt/Mr/mr.html
INFO: [ app_init ] --START--
INFO: Run Behavior\BuildLiteBehavior [ RunTime:0.000020s ]
INFO: [ app_init ] --END-- [ RunTime:0.000429s ]

[ 2017-06-11T16:30:54+08:00 ] 140.207.185.109 /index.php/Qt/Login/dl.html
INFO: [ app_init ] --START--
INFO: Run Behavior\BuildLiteBehavior [ RunTime:0.000020s ]
INFO: [ app_init ] --END-- [ RunTime:0.000421s ]

[ 2017-06-11T16:30:54+08:00 ] 101.226.65.105 /index.php/Qt/Login/dl.html
INFO: [ app_init ] --START--
INFO: Run Behavior\BuildLiteBehavior [ RunTime:0.000020s ]
INFO: [ app_init ] --END-- [ RunTime:0.000424s ]

[ 2017-06-11T16:30:55+08:00 ] 140.207.185.109 /index.php/Qt/Video/mc.html
INFO: [ app_init ] --START--
INFO: Run Behavior\BuildLiteBehavior [ RunTime:0.000020s ]
INFO: [ app_init ] --END-- [ RunTime:0.000425s ]

[ 2017-06-11T16:30:56+08:00 ] 101.226.33.219 /index.php/Qt/Goods/sc.html
INFO: [ app_init ] --START--
INFO: Run Behavior\BuildLiteBehavior [ RunTime:0.000020s ]
INFO: [ app_init ] --END-- [ RunTime:0.000427s ]

[ 2017-06-11T16:30:56+08:00 ] 180.163.1.46 /index.php/Qt/Video/mc.html
INFO: [ app_init ] --START--
INFO: Run Behavior\BuildLiteBehavior [ RunTime:0.000020s ]
INFO: [ app_init ] --END-- [ RunTime:0.000437s ]

[ 2017-06-11T16:30:56+08:00 ] 140.207.185.109 /index.php/Qt/Goods/sc.html
INFO: [ app_init ] --START--
INFO: Run Behavior\BuildLiteBehavior [ RunTime:0.000020s ]
INFO: [ app_init ] --END-- [ RunTime:0.000560s ]

[ 2017-06-11T16:30:57+08:00 ] 101.226.125.16 /index.php/Qt/Mr/mr.html
INFO: [ app_init ] --START--
INFO: Run Behavior\BuildLiteBehavior [ RunTime:0.000020s ]
INFO: [ app_init ] --END-- [ RunTime:0.000422s ]

[ 2017-06-11T16:30:57+08:00 ] 101.226.125.16 /index.php/Qt/Login/dl.html
INFO: [ app_init ] --START--
INFO: Run Behavior\BuildLiteBehavior [ RunTime:0.000020s ]
INFO: [ app_init ] --END-- [ RunTime:0.000420s ]

[ 2017-06-11T16:30:58+08:00 ] 140.207.185.109 /index.php/Qt/Mr/mr.html
INFO: [ app_init ] --START--
INFO: Run Behavior\BuildLiteBehavior [ RunTime:0.000020s ]
INFO: [ app_init ] --END-- [ RunTime:0.000427s ]

[ 2017-06-11T16:30:58+08:00 ] 140.207.185.109 /index.php/Qt/Login/dl.html
INFO: [ app_init ] --START--
INFO: Run Behavior\BuildLiteBehavior [ RunTime:0.000021s ]
INFO: [ app_init ] --END-- [ RunTime:0.000431s ]

[ 2017-06-11T16:30:58+08:00 ] 101.226.33.240 /
INFO: [ app_init ] --START--
INFO: Run Behavior\BuildLiteBehavior [ RunTime:0.000021s ]
INFO: [ app_init ] --END-- [ RunTime:0.000428s ]

[ 2017-06-11T16:30:58+08:00 ] 101.226.33.217 /index.php/Qt/Login/dl.html
INFO: [ app_init ] --START--
INFO: Run Behavior\BuildLiteBehavior [ RunTime:0.000020s ]
INFO: [ app_init ] --END-- [ RunTime:0.000496s ]

[ 2017-06-11T16:31:00+08:00 ] 117.185.27.115 /index.php/Qt/Goods/sc.html
INFO: [ app_init ] --START--
INFO: Run Behavior\BuildLiteBehavior [ RunTime:0.000020s ]
INFO: [ app_init ] --END-- [ RunTime:0.000420s ]

[ 2017-06-11T16:31:04+08:00 ] 101.226.33.240 /index.php/Qt/Goods/sc.html
INFO: [ app_init ] --START--
INFO: Run Behavior\BuildLiteBehavior [ RunTime:0.000021s ]
INFO: [ app_init ] --END-- [ RunTime:0.000438s ]

[ 2017-06-11T16:31:04+08:00 ] 101.226.33.240 /index.php/Qt/Video/mc.html
INFO: [ app_init ] --START--
INFO: Run Behavior\BuildLiteBehavior [ RunTime:0.000019s ]
INFO: [ app_init ] --END-- [ RunTime:0.000417s ]

[ 2017-06-11T16:31:04+08:00 ] 101.226.33.240 /index.php/Qt/Mr/mr.html
INFO: [ app_init ] --START--
INFO: Run Behavior\BuildLiteBehavior [ RunTime:0.000021s ]
INFO: [ app_init ] --END-- [ RunTime:0.000510s ]

[ 2017-06-11T16:31:06+08:00 ] 101.226.33.240 /index.php/Qt/Login/dl.html
INFO: [ app_init ] --START--
INFO: Run Behavior\BuildLiteBehavior [ RunTime:0.000021s ]
INFO: [ app_init ] --END-- [ RunTime:0.000446s ]

[ 2017-06-11T16:31:15+08:00 ] 117.136.3.125 /index.php/Qt/Video/mc_lb.html
INFO: [ app_init ] --START--
INFO: Run Behavior\BuildLiteBehavior [ RunTime:0.000023s ]
INFO: [ app_init ] --END-- [ RunTime:0.000497s ]

[ 2017-06-11T16:31:22+08:00 ] 117.136.3.125 /index.php/Qt/Video/mc_xx.html
INFO: [ app_init ] --START--
INFO: Run Behavior\BuildLiteBehavior [ RunTime:0.000021s ]
INFO: [ app_init ] --END-- [ RunTime:0.000455s ]

[ 2017-06-11T16:31:28+08:00 ] 117.136.3.125 /index.php/Qt/Video/mc_lb.html
INFO: [ app_init ] --START--
INFO: Run Behavior\BuildLiteBehavior [ RunTime:0.000020s ]
INFO: [ app_init ] --END-- [ RunTime:0.000423s ]

[ 2017-06-11T16:31:32+08:00 ] 140.207.185.111 /index.php/Qt/Video/mc_xx.html
INFO: [ app_init ] --START--
INFO: Run Behavior\BuildLiteBehavior [ RunTime:0.000020s ]
INFO: [ app_init ] --END-- [ RunTime:0.000423s ]

[ 2017-06-11T16:31:38+08:00 ] 140.207.124.105 /index.php/Qt/Video/mc_lb.html
INFO: [ app_init ] --START--
INFO: Run Behavior\BuildLiteBehavior [ RunTime:0.000025s ]
INFO: [ app_init ] --END-- [ RunTime:0.000619s ]

[ 2017-06-11T16:31:41+08:00 ] 101.226.99.195 /index.php/Qt/Video/mc_lb.html
INFO: [ app_init ] --START--
INFO: Run Behavior\BuildLiteBehavior [ RunTime:0.000019s ]
INFO: [ app_init ] --END-- [ RunTime:0.000428s ]

[ 2017-06-11T16:48:09+08:00 ] 123.125.45.10 /
INFO: [ app_init ] --START--
INFO: Run Behavior\BuildLiteBehavior [ RunTime:0.000023s ]
INFO: [ app_init ] --END-- [ RunTime:0.000509s ]

[ 2017-06-11T17:08:12+08:00 ] 123.151.38.94 /index.php/Qt/Goods/sc
INFO: [ app_init ] --START--
INFO: Run Behavior\BuildLiteBehavior [ RunTime:0.000020s ]
INFO: [ app_init ] --END-- [ RunTime:0.000486s ]

[ 2017-06-11T17:08:17+08:00 ] 123.151.38.94 /index.php/Qt/Goods/sc
INFO: [ app_init ] --START--
INFO: Run Behavior\BuildLiteBehavior [ RunTime:0.000021s ]
INFO: [ app_init ] --END-- [ RunTime:0.000426s ]

[ 2017-06-11T17:08:18+08:00 ] 111.161.57.65 /
INFO: [ app_init ] --START--
INFO: Run Behavior\BuildLiteBehavior [ RunTime:0.000021s ]
INFO: [ app_init ] --END-- [ RunTime:0.000420s ]

[ 2017-06-11T17:08:19+08:00 ] 111.30.132.212 /
INFO: [ app_init ] --START--
INFO: Run Behavior\BuildLiteBehavior [ RunTime:0.000020s ]
INFO: [ app_init ] --END-- [ RunTime:0.000508s ]

[ 2017-06-11T17:09:19+08:00 ] 123.151.38.94 /index.php/Qt/Goods/sc
INFO: [ app_init ] --START--
INFO: Run Behavior\BuildLiteBehavior [ RunTime:0.000024s ]
INFO: [ app_init ] --END-- [ RunTime:0.000450s ]

[ 2017-06-11T17:09:23+08:00 ] 123.151.38.94 /index.php/Qt/Goods/sc_xx/gid/3.html
INFO: [ app_init ] --START--
INFO: Run Behavior\BuildLiteBehavior [ RunTime:0.000022s ]
INFO: [ app_init ] --END-- [ RunTime:0.000435s ]

[ 2017-06-11T17:09:26+08:00 ] 123.151.38.94 /index.php/Qt/Goods/dd_xx/gid/3.html
INFO: [ app_init ] --START--
INFO: Run Behavior\BuildLiteBehavior [ RunTime:0.000023s ]
INFO: [ app_init ] --END-- [ RunTime:0.000440s ]

[ 2017-06-11T17:09:29+08:00 ] 123.151.38.94 /index.php/Qt/Goods/dd_xx
INFO: [ app_init ] --START--
INFO: Run Behavior\BuildLiteBehavior [ RunTime:0.000022s ]
INFO: [ app_init ] --END-- [ RunTime:0.000433s ]

[ 2017-06-11T17:09:30+08:00 ] 123.151.38.94 /index.php/Qt/Goods/goumai_ddlb.html
INFO: [ app_init ] --START--
INFO: Run Behavior\BuildLiteBehavior [ RunTime:0.000021s ]
INFO: [ app_init ] --END-- [ RunTime:0.000434s ]

[ 2017-06-11T17:09:32+08:00 ] 123.151.38.94 /index.php/Qt/Goods/dd_xx/gid/3.html
INFO: [ app_init ] --START--
INFO: Run Behavior\BuildLiteBehavior [ RunTime:0.000020s ]
INFO: [ app_init ] --END-- [ RunTime:0.000435s ]

[ 2017-06-11T17:09:35+08:00 ] 123.151.38.94 /index.php/Qt/Goods/dd_xx
INFO: [ app_init ] --START--
INFO: Run Behavior\BuildLiteBehavior [ RunTime:0.000022s ]
INFO: [ app_init ] --END-- [ RunTime:0.000429s ]

[ 2017-06-11T17:09:36+08:00 ] 123.151.38.94 /index.php/Qt/Goods/goumai_ddlb.html
INFO: [ app_init ] --START--
INFO: Run Behavior\BuildLiteBehavior [ RunTime:0.000020s ]
INFO: [ app_init ] --END-- [ RunTime:0.000433s ]

[ 2017-06-11T17:09:48+08:00 ] 123.151.38.94 /index.php/Qt/Goods/zhifufangshi?order_id=83
INFO: [ app_init ] --START--
INFO: Run Behavior\BuildLiteBehavior [ RunTime:0.000025s ]
INFO: [ app_init ] --END-- [ RunTime:0.000457s ]

[ 2017-06-11T17:09:58+08:00 ] 101.226.89.119 /index.php/Qt/Goods/zhifufangshi?order_id=83
INFO: [ app_init ] --START--
INFO: Run Behavior\BuildLiteBehavior [ RunTime:0.000020s ]
INFO: [ app_init ] --END-- [ RunTime:0.000426s ]

[ 2017-06-11T17:10:01+08:00 ] 180.163.2.117 /index.php/Qt/Goods/zhifufangshi?order_id=83
INFO: [ app_init ] --START--
INFO: Run Behavior\BuildLiteBehavior [ RunTime:0.000020s ]
INFO: [ app_init ] --END-- [ RunTime:0.000431s ]

[ 2017-06-11T17:10:32+08:00 ] 123.151.38.94 /index.php/Qt/Mr/mr
INFO: [ app_init ] --START--
INFO: Run Behavior\BuildLiteBehavior [ RunTime:0.000025s ]
INFO: [ app_init ] --END-- [ RunTime:0.000686s ]

[ 2017-06-11T17:57:25+08:00 ] 123.151.139.155 /index.php/Qt/Mr/mr
INFO: [ app_init ] --START--
INFO: Run Behavior\BuildLiteBehavior [ RunTime:0.000020s ]
INFO: [ app_init ] --END-- [ RunTime:0.000492s ]

[ 2017-06-11T17:57:26+08:00 ] 61.49.57.61 /
INFO: [ app_init ] --START--
INFO: Run Behavior\BuildLiteBehavior [ RunTime:0.000020s ]
INFO: [ app_init ] --END-- [ RunTime:0.000503s ]

[ 2017-06-11T17:57:26+08:00 ] 111.30.131.199 /
INFO: [ app_init ] --START--
INFO: Run Behavior\BuildLiteBehavior [ RunTime:0.000020s ]
INFO: [ app_init ] --END-- [ RunTime:0.000492s ]

[ 2017-06-11T17:57:42+08:00 ] 123.151.139.155 /
INFO: [ app_init ] --START--
INFO: Run Behavior\BuildLiteBehavior [ RunTime:0.000021s ]
INFO: [ app_init ] --END-- [ RunTime:0.000483s ]

[ 2017-06-11T17:57:43+08:00 ] 123.151.139.155 /index.php/Qt/Video/mc.html
INFO: [ app_init ] --START--
INFO: Run Behavior\BuildLiteBehavior [ RunTime:0.000021s ]
INFO: [ app_init ] --END-- [ RunTime:0.000436s ]

[ 2017-06-11T17:57:44+08:00 ] 123.151.139.155 /index.php/Qt/Goods/sc.html
INFO: [ app_init ] --START--
INFO: Run Behavior\BuildLiteBehavior [ RunTime:0.000022s ]
INFO: [ app_init ] --END-- [ RunTime:0.000433s ]

[ 2017-06-11T17:57:45+08:00 ] 123.151.139.155 /index.php/Qt/Mr/mr.html
INFO: [ app_init ] --START--
INFO: Run Behavior\BuildLiteBehavior [ RunTime:0.000022s ]
INFO: [ app_init ] --END-- [ RunTime:0.000437s ]

[ 2017-06-11T17:57:53+08:00 ] 61.151.226.199 /index.php/Qt/Mr/mr.html
INFO: [ app_init ] --START--
INFO: Run Behavior\BuildLiteBehavior [ RunTime:0.000021s ]
INFO: [ app_init ] --END-- [ RunTime:0.000484s ]

[ 2017-06-11T17:57:53+08:00 ] 61.151.226.199 /index.php/Qt/Login/dl.html
INFO: [ app_init ] --START--
INFO: Run Behavior\BuildLiteBehavior [ RunTime:0.000020s ]
INFO: [ app_init ] --END-- [ RunTime:0.000480s ]

[ 2017-06-11T17:58:13+08:00 ] 123.151.139.155 /index.php/Qt/Goods/sc_xx/gid/3.html
INFO: [ app_init ] --START--
INFO: Run Behavior\BuildLiteBehavior [ RunTime:0.000020s ]
INFO: [ app_init ] --END-- [ RunTime:0.000487s ]

[ 2017-06-11T17:58:16+08:00 ] 123.151.139.155 /index.php/Qt/Goods/dd_xx/gid/3.html
INFO: [ app_init ] --START--
INFO: Run Behavior\BuildLiteBehavior [ RunTime:0.000022s ]
INFO: [ app_init ] --END-- [ RunTime:0.000494s ]

[ 2017-06-11T17:58:20+08:00 ] 123.151.139.155 /index.php/Qt/Goods/dd_xx
INFO: [ app_init ] --START--
INFO: Run Behavior\BuildLiteBehavior [ RunTime:0.000025s ]
INFO: [ app_init ] --END-- [ RunTime:0.000593s ]

[ 2017-06-11T17:58:21+08:00 ] 123.151.139.155 /index.php/Qt/Goods/goumai_ddlb.html
INFO: [ app_init ] --START--
INFO: Run Behavior\BuildLiteBehavior [ RunTime:0.000021s ]
INFO: [ app_init ] --END-- [ RunTime:0.000485s ]

[ 2017-06-11T17:58:43+08:00 ] 123.151.139.155 /index.php/Qt/Goods/zhifufangshi?order_id=84
INFO: [ app_init ] --START--
INFO: Run Behavior\BuildLiteBehavior [ RunTime:0.000020s ]
INFO: [ app_init ] --END-- [ RunTime:0.000492s ]

[ 2017-06-11T17:58:47+08:00 ] 123.151.139.155 /index.php/Qt/Goods/zhifufangshi/Shopping/wxpay
INFO: [ app_init ] --START--
INFO: Run Behavior\BuildLiteBehavior [ RunTime:0.000026s ]
INFO: [ app_init ] --END-- [ RunTime:0.000597s ]

[ 2017-06-11T17:58:50+08:00 ] 123.151.139.155 /index.php/Qt/Goods/zhifufangshi/Shopping/wxpay
INFO: [ app_init ] --START--
INFO: Run Behavior\BuildLiteBehavior [ RunTime:0.000021s ]
INFO: [ app_init ] --END-- [ RunTime:0.000486s ]

[ 2017-06-11T17:58:54+08:00 ] 123.151.139.155 /index.php/Qt/Goods/zhifufangshi/Shopping/wxpay
INFO: [ app_init ] --START--
INFO: Run Behavior\BuildLiteBehavior [ RunTime:0.000024s ]
INFO: [ app_init ] --END-- [ RunTime:0.000511s ]

[ 2017-06-11T17:58:59+08:00 ] 123.151.139.155 /index.php/Qt/Shopping/wxpay.html
INFO: [ app_init ] --START--
INFO: Run Behavior\BuildLiteBehavior [ RunTime:0.000022s ]
INFO: [ app_init ] --END-- [ RunTime:0.000491s ]

[ 2017-06-11T17:59:08+08:00 ] 101.226.66.178 /index.php/Qt/Shopping/wxpay.html
INFO: [ app_init ] --START--
INFO: Run Behavior\BuildLiteBehavior [ RunTime:0.000021s ]
INFO: [ app_init ] --END-- [ RunTime:0.000434s ]

[ 2017-06-11T17:59:33+08:00 ] 112.102.160.195 /index.php/Qt/Goods/sc
INFO: [ app_init ] --START--
INFO: Run Behavior\BuildLiteBehavior [ RunTime:0.000022s ]
INFO: [ app_init ] --END-- [ RunTime:0.000507s ]

[ 2017-06-11T17:59:38+08:00 ] 123.151.38.94 /index.php/Qt/Goods/sc_xx/gid/3.html
INFO: [ app_init ] --START--
INFO: Run Behavior\BuildLiteBehavior [ RunTime:0.000021s ]
INFO: [ app_init ] --END-- [ RunTime:0.000432s ]

[ 2017-06-11T17:59:43+08:00 ] 123.151.38.94 /index.php/Qt/Goods/goumai_ddlb.html
INFO: [ app_init ] --START--
INFO: Run Behavior\BuildLiteBehavior [ RunTime:0.000022s ]
INFO: [ app_init ] --END-- [ RunTime:0.000449s ]

[ 2017-06-11T17:59:45+08:00 ] 123.151.38.94 /index.php/Qt/Goods/goumai_ddlb.html
INFO: [ app_init ] --START--
INFO: Run Behavior\BuildLiteBehavior [ RunTime:0.000021s ]
INFO: [ app_init ] --END-- [ RunTime:0.000439s ]

[ 2017-06-11T17:59:50+08:00 ] 123.151.38.94 /index.php/Qt/Goods/zhifufangshi?order_id=83
INFO: [ app_init ] --START--
INFO: Run Behavior\BuildLiteBehavior [ RunTime:0.000021s ]
INFO: [ app_init ] --END-- [ RunTime:0.000438s ]

[ 2017-06-11T17:59:53+08:00 ] 123.151.38.94 /index.php/Qt/Goods/zhifufangshi/Shopping/wxpay
INFO: [ app_init ] --START--
INFO: Run Behavior\BuildLiteBehavior [ RunTime:0.000022s ]
INFO: [ app_init ] --END-- [ RunTime:0.000486s ]

[ 2017-06-11T17:59:59+08:00 ] 123.151.38.94 /index.php/Qt/Goods/zhifufangshi/Shopping/wxpay
INFO: [ app_init ] --START--
INFO: Run Behavior\BuildLiteBehavior [ RunTime:0.000021s ]
INFO: [ app_init ] --END-- [ RunTime:0.000497s ]

[ 2017-06-11T18:00:01+08:00 ] 123.151.38.94 /index.php/Qt/Shopping/wxpay.html
INFO: [ app_init ] --START--
INFO: Run Behavior\BuildLiteBehavior [ RunTime:0.000021s ]
INFO: [ app_init ] --END-- [ RunTime:0.000439s ]

[ 2017-06-11T18:00:01+08:00 ] 123.151.38.94 /index.php/Qt/Shopping/wxpay.html
INFO: [ app_init ] --START--
INFO: Run Behavior\BuildLiteBehavior [ RunTime:0.000032s ]
INFO: [ app_init ] --END-- [ RunTime:0.000776s ]

[ 2017-06-11T18:00:10+08:00 ] 123.151.38.94 /index.php/Qt/Shopping/wxpay.html
INFO: [ app_init ] --START--
INFO: Run Behavior\BuildLiteBehavior [ RunTime:0.000021s ]
INFO: [ app_init ] --END-- [ RunTime:0.000582s ]

[ 2017-06-11T18:00:19+08:00 ] 123.151.38.94 /index.php/Qt/Shopping/wxpay.html
INFO: [ app_init ] --START--
INFO: Run Behavior\BuildLiteBehavior [ RunTime:0.000023s ]
INFO: [ app_init ] --END-- [ RunTime:0.000441s ]

[ 2017-06-11T18:00:25+08:00 ] 123.151.139.155 /index.php/Qt/Goods/zhifufangshi/Shopping/wxpay
INFO: [ app_init ] --START--
INFO: Run Behavior\BuildLiteBehavior [ RunTime:0.000023s ]
INFO: [ app_init ] --END-- [ RunTime:0.000581s ]

[ 2017-06-11T18:00:26+08:00 ] 123.151.139.155 /index.php/Qt/Goods/zhifufangshi/Shopping/wxpay
INFO: [ app_init ] --START--
INFO: Run Behavior\BuildLiteBehavior [ RunTime:0.000023s ]
INFO: [ app_init ] --END-- [ RunTime:0.000496s ]

[ 2017-06-11T18:00:27+08:00 ] 123.151.139.155 /index.php/Qt/Goods/zhifufangshi/Shopping/wxpay
INFO: [ app_init ] --START--
INFO: Run Behavior\BuildLiteBehavior [ RunTime:0.000024s ]
INFO: [ app_init ] --END-- [ RunTime:0.000546s ]

[ 2017-06-11T18:00:28+08:00 ] 123.151.139.155 /index.php/Qt/Goods/zhifufangshi?order_id=84
INFO: [ app_init ] --START--
INFO: Run Behavior\BuildLiteBehavior [ RunTime:0.000020s ]
INFO: [ app_init ] --END-- [ RunTime:0.000490s ]

[ 2017-06-11T18:00:58+08:00 ] 123.151.38.94 /index.php/Qt/Shopping/wxpay.html
INFO: [ app_init ] --START--
INFO: Run Behavior\BuildLiteBehavior [ RunTime:0.000022s ]
INFO: [ app_init ] --END-- [ RunTime:0.000515s ]

[ 2017-06-11T18:01:54+08:00 ] 112.102.160.195 /
INFO: [ app_init ] --START--
INFO: Run Behavior\BuildLiteBehavior [ RunTime:0.000022s ]
INFO: [ app_init ] --END-- [ RunTime:0.000553s ]

[ 2017-06-11T18:01:55+08:00 ] 112.102.160.195 /index.php/Qt/Goods/sc.html
INFO: [ app_init ] --START--
INFO: Run Behavior\BuildLiteBehavior [ RunTime:0.000034s ]
INFO: [ app_init ] --END-- [ RunTime:0.000770s ]

[ 2017-06-11T18:01:55+08:00 ] 112.102.160.195 /index.php/Qt/Mr/mr.html
INFO: [ app_init ] --START--
INFO: Run Behavior\BuildLiteBehavior [ RunTime:0.000020s ]
INFO: [ app_init ] --END-- [ RunTime:0.000523s ]

[ 2017-06-11T18:01:56+08:00 ] 112.102.160.195 /index.php/Qt/Video/mc.html
INFO: [ app_init ] --START--
INFO: Run Behavior\BuildLiteBehavior [ RunTime:0.000021s ]
INFO: [ app_init ] --END-- [ RunTime:0.000500s ]

[ 2017-06-11T18:01:56+08:00 ] 112.102.160.195 /index.php/Qt/Login/dl.html
INFO: [ app_init ] --START--
INFO: Run Behavior\BuildLiteBehavior [ RunTime:0.000020s ]
INFO: [ app_init ] --END-- [ RunTime:0.000427s ]

[ 2017-06-11T18:02:54+08:00 ] 112.102.160.195 /index.php/Qt/Login/dl
INFO: [ app_init ] --START--
INFO: Run Behavior\BuildLiteBehavior [ RunTime:0.000036s ]
INFO: [ app_init ] --END-- [ RunTime:0.000841s ]

[ 2017-06-11T18:03:06+08:00 ] 112.102.160.195 /index.php/Qt/Login/zc.html
INFO: [ app_init ] --START--
INFO: Run Behavior\BuildLiteBehavior [ RunTime:0.000020s ]
INFO: [ app_init ] --END-- [ RunTime:0.000437s ]

[ 2017-06-11T18:03:25+08:00 ] 112.102.160.195 /index.php/Qt/Login/regSms.html
INFO: [ app_init ] --START--
INFO: Run Behavior\BuildLiteBehavior [ RunTime:0.000023s ]
INFO: [ app_init ] --END-- [ RunTime:0.000818s ]
INFO: [ app_begin ] --START--
INFO: Run Behavior\ReadHtmlCacheBehavior [ RunTime:0.000564s ]
INFO: [ app_begin ] --END-- [ RunTime:0.000631s ]
SQL: SHOW COLUMNS FROM `db_vip` [ RunTime:0.0226s ]
SQL: SELECT `vid` FROM `db_vip` WHERE `mobile` = '18503696064' LIMIT 1   [ RunTime:0.0003s ]
SQL: SHOW COLUMNS FROM `db_vip` [ RunTime:0.0171s ]
NOTIC: [8] Undefined property: stdClass::$result C:\WWW\yy\Ds\Qt\Model\VipModel.class.php 第 29 行.
NOTIC: [8] Trying to get property of non-object C:\WWW\yy\Ds\Qt\Model\VipModel.class.php 第 29 行.

[ 2017-06-11T18:05:13+08:00 ] 112.102.160.195 /
INFO: [ app_init ] --START--
INFO: Run Behavior\BuildLiteBehavior [ RunTime:0.000022s ]
INFO: [ app_init ] --END-- [ RunTime:0.000503s ]

[ 2017-06-11T18:05:13+08:00 ] 112.102.160.195 /index.php/Qt/Video/mc.html
INFO: [ app_init ] --START--
INFO: Run Behavior\BuildLiteBehavior [ RunTime:0.000022s ]
INFO: [ app_init ] --END-- [ RunTime:0.000443s ]

[ 2017-06-11T18:05:15+08:00 ] 112.102.160.195 /index.php/Qt/Goods/sc.html
INFO: [ app_init ] --START--
INFO: Run Behavior\BuildLiteBehavior [ RunTime:0.000033s ]
INFO: [ app_init ] --END-- [ RunTime:0.000566s ]

[ 2017-06-11T18:05:15+08:00 ] 112.102.160.195 /index.php/Qt/Mr/mr.html
INFO: [ app_init ] --START--
INFO: Run Behavior\BuildLiteBehavior [ RunTime:0.000022s ]
INFO: [ app_init ] --END-- [ RunTime:0.000503s ]

[ 2017-06-11T18:05:15+08:00 ] 112.102.160.195 /index.php/Qt/Login/dl.html
INFO: [ app_init ] --START--
INFO: Run Behavior\BuildLiteBehavior [ RunTime:0.000022s ]
INFO: [ app_init ] --END-- [ RunTime:0.000428s ]

[ 2017-06-11T18:05:27+08:00 ] 112.102.160.195 /index.php/Qt/Login/zc.html
INFO: [ app_init ] --START--
INFO: Run Behavior\BuildLiteBehavior [ RunTime:0.000022s ]
INFO: [ app_init ] --END-- [ RunTime:0.000440s ]

[ 2017-06-11T18:05:45+08:00 ] 112.102.160.195 /index.php/Qt/Login/regSms.html
INFO: [ app_init ] --START--
INFO: Run Behavior\BuildLiteBehavior [ RunTime:0.000116s ]
INFO: [ app_init ] --END-- [ RunTime:0.000529s ]
INFO: [ app_begin ] --START--
INFO: Run Behavior\ReadHtmlCacheBehavior [ RunTime:0.000741s ]
INFO: [ app_begin ] --END-- [ RunTime:0.000818s ]
SQL: SHOW COLUMNS FROM `db_vip` [ RunTime:0.0253s ]
SQL: SELECT `vid` FROM `db_vip` WHERE `mobile` = '18345183823' LIMIT 1   [ RunTime:0.0004s ]
SQL: SHOW COLUMNS FROM `db_vip` [ RunTime:0.0153s ]
NOTIC: [8] Undefined property: stdClass::$result C:\WWW\yy\Ds\Qt\Model\VipModel.class.php 第 29 行.
NOTIC: [8] Trying to get property of non-object C:\WWW\yy\Ds\Qt\Model\VipModel.class.php 第 29 行.

[ 2017-06-11T18:07:20+08:00 ] 101.226.68.197 /index.php/Qt/Shopping/wxpay.html
INFO: [ app_init ] --START--
INFO: Run Behavior\BuildLiteBehavior [ RunTime:0.000023s ]
INFO: [ app_init ] --END-- [ RunTime:0.000501s ]

[ 2017-06-11T18:22:40+08:00 ] 114.242.250.196 /index.php/Qt/Goods/sc
INFO: [ app_init ] --START--
INFO: Run Behavior\BuildLiteBehavior [ RunTime:0.000021s ]
INFO: [ app_init ] --END-- [ RunTime:0.000566s ]

[ 2017-06-11T18:22:47+08:00 ] 114.242.250.196 /index.php/Qt/Goods/goumai_ddlb.html
INFO: [ app_init ] --START--
INFO: Run Behavior\BuildLiteBehavior [ RunTime:0.000019s ]
INFO: [ app_init ] --END-- [ RunTime:0.000562s ]

[ 2017-06-11T18:22:50+08:00 ] 114.242.250.196 /index.php/Qt/Mr/mr
INFO: [ app_init ] --START--
INFO: Run Behavior\BuildLiteBehavior [ RunTime:0.000024s ]
INFO: [ app_init ] --END-- [ RunTime:0.000586s ]

[ 2017-06-11T18:22:50+08:00 ] 114.242.250.196 /index.php/Qt/Login/dl.html
INFO: [ app_init ] --START--
INFO: Run Behavior\BuildLiteBehavior [ RunTime:0.000023s ]
INFO: [ app_init ] --END-- [ RunTime:0.000557s ]

[ 2017-06-11T18:22:54+08:00 ] 114.242.250.196 /index.php/Qt/Login/redirec.html
INFO: [ app_init ] --START--
INFO: Run Behavior\BuildLiteBehavior [ RunTime:0.000022s ]
INFO: [ app_init ] --END-- [ RunTime:0.000579s ]

[ 2017-06-11T18:22:56+08:00 ] 180.163.2.117 /index.php/Qt/Goods/goumai_ddlb.html
INFO: [ app_init ] --START--
INFO: Run Behavior\BuildLiteBehavior [ RunTime:0.000023s ]
INFO: [ app_init ] --END-- [ RunTime:0.000581s ]

[ 2017-06-11T18:23:00+08:00 ] 61.151.226.16 /index.php/Qt/Goods/goumai_ddlb.html
INFO: [ app_init ] --START--
INFO: Run Behavior\BuildLiteBehavior [ RunTime:0.000025s ]
INFO: [ app_init ] --END-- [ RunTime:0.000595s ]

[ 2017-06-11T18:23:04+08:00 ] 101.226.33.239 /index.php/Qt/Login/redirec.html
INFO: [ app_init ] --START--
INFO: Run Behavior\BuildLiteBehavior [ RunTime:0.000020s ]
INFO: [ app_init ] --END-- [ RunTime:0.000560s ]

[ 2017-06-11T18:23:07+08:00 ] 101.226.66.172 /index.php/Qt/Login/redirec.html
INFO: [ app_init ] --START--
INFO: Run Behavior\BuildLiteBehavior [ RunTime:0.000021s ]
INFO: [ app_init ] --END-- [ RunTime:0.000598s ]

[ 2017-06-11T18:23:14+08:00 ] 114.242.250.196 /index.php/Qt/Login/wxlogin
INFO: [ app_init ] --START--
INFO: Run Behavior\BuildLiteBehavior [ RunTime:0.000021s ]
INFO: [ app_init ] --END-- [ RunTime:0.000563s ]

[ 2017-06-11T18:23:17+08:00 ] 114.242.250.196 /index.php/Qt/Login/wxlogin?code=071pfqx10MMSmC13RDw10nTux10pfqx7&state=STATE
INFO: [ app_init ] --START--
INFO: Run Behavior\BuildLiteBehavior [ RunTime:0.000021s ]
INFO: [ app_init ] --END-- [ RunTime:0.000562s ]

[ 2017-06-11T18:23:19+08:00 ] 114.242.250.196 /index.php/Qt/index/index.html
INFO: [ app_init ] --START--
INFO: Run Behavior\BuildLiteBehavior [ RunTime:0.000021s ]
INFO: [ app_init ] --END-- [ RunTime:0.000563s ]

[ 2017-06-11T18:23:19+08:00 ] 114.242.250.196 /index.php/Qt/Login/wxlogin
INFO: [ app_init ] --START--
INFO: Run Behavior\BuildLiteBehavior [ RunTime:0.000021s ]
INFO: [ app_init ] --END-- [ RunTime:0.000557s ]

[ 2017-06-11T18:23:21+08:00 ] 114.242.250.196 /index.php/Qt/Login/wxlogin?code=071ImUVE1NPh440msBTE1sOUVE1ImUVL&state=STATE
INFO: [ app_init ] --START--
INFO: Run Behavior\BuildLiteBehavior [ RunTime:0.000022s ]
INFO: [ app_init ] --END-- [ RunTime:0.000562s ]

[ 2017-06-11T18:23:22+08:00 ] 114.242.250.196 /index.php/Qt/index/index.html
INFO: [ app_init ] --START--
INFO: Run Behavior\BuildLiteBehavior [ RunTime:0.000022s ]
INFO: [ app_init ] --END-- [ RunTime:0.000575s ]

[ 2017-06-11T18:23:23+08:00 ] 114.242.250.196 /index.php/Qt/Video/mc.html
INFO: [ app_init ] --START--
INFO: Run Behavior\BuildLiteBehavior [ RunTime:0.000023s ]
INFO: [ app_init ] --END-- [ RunTime:0.000603s ]

[ 2017-06-11T18:23:24+08:00 ] 114.242.250.196 /index.php/Qt/Goods/sc.html
INFO: [ app_init ] --START--
INFO: Run Behavior\BuildLiteBehavior [ RunTime:0.000020s ]
INFO: [ app_init ] --END-- [ RunTime:0.000607s ]

[ 2017-06-11T18:23:25+08:00 ] 101.226.89.116 /index.php/Qt/Login/wxlogin
INFO: [ app_init ] --START--
INFO: Run Behavior\BuildLiteBehavior [ RunTime:0.000022s ]
INFO: [ app_init ] --END-- [ RunTime:0.000568s ]

[ 2017-06-11T18:23:25+08:00 ] 180.153.163.190 /index.php/Qt/Login/wxlogin
INFO: [ app_init ] --START--
INFO: Run Behavior\BuildLiteBehavior [ RunTime:0.000021s ]
INFO: [ app_init ] --END-- [ RunTime:0.000588s ]

[ 2017-06-11T18:23:25+08:00 ] 101.226.89.122 /index.php/Qt/Login/wxlogin
INFO: [ app_init ] --START--
INFO: Run Behavior\BuildLiteBehavior [ RunTime:0.000021s ]
INFO: [ app_init ] --END-- [ RunTime:0.000499s ]

[ 2017-06-11T18:23:25+08:00 ] 101.226.33.208 /index.php/Qt/Login/wxlogin
INFO: [ app_init ] --START--
INFO: Run Behavior\BuildLiteBehavior [ RunTime:0.000020s ]
INFO: [ app_init ] --END-- [ RunTime:0.000506s ]

[ 2017-06-11T18:23:25+08:00 ] 101.226.65.105 /index.php/Qt/Login/wxlogin
INFO: [ app_init ] --START--
INFO: Run Behavior\BuildLiteBehavior [ RunTime:0.000019s ]
INFO: [ app_init ] --END-- [ RunTime:0.000424s ]

[ 2017-06-11T18:23:25+08:00 ] 114.242.250.196 /index.php/Qt/Mr/mr.html
INFO: [ app_init ] --START--
INFO: Run Behavior\BuildLiteBehavior [ RunTime:0.000021s ]
INFO: [ app_init ] --END-- [ RunTime:0.000497s ]

[ 2017-06-11T18:23:29+08:00 ] 101.226.33.227 /index.php/Qt/index/index.html
INFO: [ app_init ] --START--
INFO: Run Behavior\BuildLiteBehavior [ RunTime:0.000021s ]
INFO: [ app_init ] --END-- [ RunTime:0.000424s ]

[ 2017-06-11T18:23:29+08:00 ] 101.226.33.227 /index.php/Qt/Video/mc.html
INFO: [ app_init ] --START--
INFO: Run Behavior\BuildLiteBehavior [ RunTime:0.000022s ]
INFO: [ app_init ] --END-- [ RunTime:0.000446s ]

[ 2017-06-11T18:23:31+08:00 ] 101.226.33.227 /index.php/Qt/Goods/sc.html
INFO: [ app_init ] --START--
INFO: Run Behavior\BuildLiteBehavior [ RunTime:0.000021s ]
INFO: [ app_init ] --END-- [ RunTime:0.000430s ]

[ 2017-06-11T18:23:31+08:00 ] 101.226.33.227 /index.php/Qt/Mr/mr.html
INFO: [ app_init ] --START--
INFO: Run Behavior\BuildLiteBehavior [ RunTime:0.000020s ]
INFO: [ app_init ] --END-- [ RunTime:0.000423s ]

[ 2017-06-11T18:23:31+08:00 ] 101.226.33.227 /index.php/Qt/Login/dl.html
INFO: [ app_init ] --START--
INFO: Run Behavior\BuildLiteBehavior [ RunTime:0.000020s ]
INFO: [ app_init ] --END-- [ RunTime:0.000420s ]

[ 2017-06-11T18:23:34+08:00 ] 101.226.33.203 /index.php/Qt/index/index.html
INFO: [ app_init ] --START--
INFO: Run Behavior\BuildLiteBehavior [ RunTime:0.000021s ]
INFO: [ app_init ] --END-- [ RunTime:0.000431s ]

[ 2017-06-11T18:23:35+08:00 ] 101.226.33.203 /index.php/Qt/Video/mc.html
INFO: [ app_init ] --START--
INFO: Run Behavior\BuildLiteBehavior [ RunTime:0.000022s ]
INFO: [ app_init ] --END-- [ RunTime:0.000430s ]

[ 2017-06-11T18:23:35+08:00 ] 114.242.250.196 /index.php/Qt/Goods/goumai_ddlb.html
INFO: [ app_init ] --START--
INFO: Run Behavior\BuildLiteBehavior [ RunTime:0.000020s ]
INFO: [ app_init ] --END-- [ RunTime:0.000563s ]

[ 2017-06-11T18:23:36+08:00 ] 101.226.33.203 /index.php/Qt/Goods/sc.html
INFO: [ app_init ] --START--
INFO: Run Behavior\BuildLiteBehavior [ RunTime:0.000020s ]
INFO: [ app_init ] --END-- [ RunTime:0.000431s ]

[ 2017-06-11T18:23:36+08:00 ] 101.226.33.203 /index.php/Qt/Mr/mr.html
INFO: [ app_init ] --START--
INFO: Run Behavior\BuildLiteBehavior [ RunTime:0.000020s ]
INFO: [ app_init ] --END-- [ RunTime:0.000412s ]

[ 2017-06-11T18:23:37+08:00 ] 101.226.33.203 /index.php/Qt/Login/dl.html
INFO: [ app_init ] --START--
INFO: Run Behavior\BuildLiteBehavior [ RunTime:0.000022s ]
INFO: [ app_init ] --END-- [ RunTime:0.000441s ]

[ 2017-06-11T18:23:39+08:00 ] 114.242.250.196 /index.php/Qt/Goods/zhifufangshi?order_id=79
INFO: [ app_init ] --START--
INFO: Run Behavior\BuildLiteBehavior [ RunTime:0.000132s ]
INFO: [ app_init ] --END-- [ RunTime:0.000544s ]

[ 2017-06-11T18:23:41+08:00 ] 114.242.250.196 /index.php/Qt/Goods/zhifufangshi/Shopping/wxpay
INFO: [ app_init ] --START--
INFO: Run Behavior\BuildLiteBehavior [ RunTime:0.000020s ]
INFO: [ app_init ] --END-- [ RunTime:0.000449s ]

[ 2017-06-11T18:23:43+08:00 ] 114.242.250.196 /index.php/Qt/Shopping/wxpay.html
INFO: [ app_init ] --START--
INFO: Run Behavior\BuildLiteBehavior [ RunTime:0.000021s ]
INFO: [ app_init ] --END-- [ RunTime:0.000431s ]

[ 2017-06-11T18:23:43+08:00 ] 114.242.250.196 /index.php/Qt/Shopping/wxpay.html?code=001BVXFm0qrHTm17z0Hm02uUFm0BVXFn&state=STATE
INFO: [ app_init ] --START--
INFO: Run Behavior\BuildLiteBehavior [ RunTime:0.000021s ]
INFO: [ app_init ] --END-- [ RunTime:0.000434s ]

[ 2017-06-11T18:23:45+08:00 ] 114.242.250.196 /index.php/Qt/Shopping/wxpay.html
INFO: [ app_init ] --START--
INFO: Run Behavior\BuildLiteBehavior [ RunTime:0.000020s ]
INFO: [ app_init ] --END-- [ RunTime:0.000432s ]

[ 2017-06-11T18:23:46+08:00 ] 114.242.250.196 /index.php/Qt/Video/mc.html
INFO: [ app_init ] --START--
INFO: Run Behavior\BuildLiteBehavior [ RunTime:0.000021s ]
INFO: [ app_init ] --END-- [ RunTime:0.000554s ]

[ 2017-06-11T18:23:47+08:00 ] 114.242.250.196 /index.php/Qt/Mr/mr.html
INFO: [ app_init ] --START--
INFO: Run Behavior\BuildLiteBehavior [ RunTime:0.000021s ]
INFO: [ app_init ] --END-- [ RunTime:0.000436s ]

[ 2017-06-11T18:23:51+08:00 ] 61.151.218.119 /index.php/Qt/Goods/zhifufangshi/Shopping/wxpay
INFO: [ app_init ] --START--
INFO: Run Behavior\BuildLiteBehavior [ RunTime:0.000021s ]
INFO: [ app_init ] --END-- [ RunTime:0.000432s ]

[ 2017-06-11T18:23:55+08:00 ] 140.207.124.105 /index.php/Qt/Goods/zhifufangshi/Shopping/wxpay
INFO: [ app_init ] --START--
INFO: Run Behavior\BuildLiteBehavior [ RunTime:0.000021s ]
INFO: [ app_init ] --END-- [ RunTime:0.000431s ]

[ 2017-06-11T18:24:09+08:00 ] 114.242.250.196 /index.php/Qt/Shopping/wxpay.html
INFO: [ app_init ] --START--
INFO: Run Behavior\BuildLiteBehavior [ RunTime:0.000020s ]
INFO: [ app_init ] --END-- [ RunTime:0.000425s ]

[ 2017-06-11T18:25:46+08:00 ] 114.242.250.196 /index.php/Qt/Shopping/wxpay.html
INFO: [ app_init ] --START--
INFO: Run Behavior\BuildLiteBehavior [ RunTime:0.000021s ]
INFO: [ app_init ] --END-- [ RunTime:0.000502s ]

[ 2017-06-11T18:25:55+08:00 ] 101.226.68.200 /index.php/Qt/Goods/zhifufangshi?order_id=79
INFO: [ app_init ] --START--
INFO: Run Behavior\BuildLiteBehavior [ RunTime:0.000020s ]
INFO: [ app_init ] --END-- [ RunTime:0.000471s ]

[ 2017-06-11T18:25:58+08:00 ] 101.226.33.220 /index.php/Qt/Goods/zhifufangshi?order_id=79
INFO: [ app_init ] --START--
INFO: Run Behavior\BuildLiteBehavior [ RunTime:0.000020s ]
INFO: [ app_init ] --END-- [ RunTime:0.000429s ]

[ 2017-06-11T20:24:24+08:00 ] 61.49.56.47 /
INFO: [ app_init ] --START--
INFO: Run Behavior\BuildLiteBehavior [ RunTime:0.000035s ]
INFO: [ app_init ] --END-- [ RunTime:0.011239s ]

[ 2017-06-11T20:24:24+08:00 ] 111.30.141.105 /
INFO: [ app_init ] --START--
INFO: Run Behavior\BuildLiteBehavior [ RunTime:0.000022s ]
INFO: [ app_init ] --END-- [ RunTime:0.000507s ]

[ 2017-06-11T20:24:24+08:00 ] 123.151.139.155 /index.php/Qt/Mr/mr
INFO: [ app_init ] --START--
INFO: Run Behavior\BuildLiteBehavior [ RunTime:0.000024s ]
INFO: [ app_init ] --END-- [ RunTime:0.000524s ]

[ 2017-06-11T20:24:28+08:00 ] 123.151.139.155 /index.php/Qt/User/zl.html
INFO: [ app_init ] --START--
INFO: Run Behavior\BuildLiteBehavior [ RunTime:0.000021s ]
INFO: [ app_init ] --END-- [ RunTime:0.000480s ]

[ 2017-06-11T20:25:02+08:00 ] 123.151.139.155 /index.php/Qt/Mr/mr
INFO: [ app_init ] --START--
INFO: Run Behavior\BuildLiteBehavior [ RunTime:0.000024s ]
INFO: [ app_init ] --END-- [ RunTime:0.000474s ]

[ 2017-06-11T20:25:05+08:00 ] 123.151.139.155 /index.php/Qt/User/zl.html
INFO: [ app_init ] --START--
INFO: Run Behavior\BuildLiteBehavior [ RunTime:0.000021s ]
INFO: [ app_init ] --END-- [ RunTime:0.000432s ]

[ 2017-06-11T20:25:18+08:00 ] 123.151.139.155 /index.php/Qt/User/zl
INFO: [ app_init ] --START--
INFO: Run Behavior\BuildLiteBehavior [ RunTime:0.000025s ]
INFO: [ app_init ] --END-- [ RunTime:0.000449s ]

[ 2017-06-11T20:26:52+08:00 ] 123.151.139.155 /index.php/Qt/Mr/mr
INFO: [ app_init ] --START--
INFO: Run Behavior\BuildLiteBehavior [ RunTime:0.000021s ]
INFO: [ app_init ] --END-- [ RunTime:0.000492s ]

[ 2017-06-11T20:26:54+08:00 ] 123.151.139.155 /index.php/Qt/User/zl.html
INFO: [ app_init ] --START--
INFO: Run Behavior\BuildLiteBehavior [ RunTime:0.000021s ]
INFO: [ app_init ] --END-- [ RunTime:0.000435s ]

[ 2017-06-11T20:27:03+08:00 ] 123.151.139.155 /index.php/Qt/User/zl
INFO: [ app_init ] --START--
INFO: Run Behavior\BuildLiteBehavior [ RunTime:0.000021s ]
INFO: [ app_init ] --END-- [ RunTime:0.000483s ]

[ 2017-06-11T20:27:05+08:00 ] 123.151.139.155 /index.php/Qt/User/zl.html
INFO: [ app_init ] --START--
INFO: Run Behavior\BuildLiteBehavior [ RunTime:0.000021s ]
INFO: [ app_init ] --END-- [ RunTime:0.000638s ]

[ 2017-06-11T20:27:14+08:00 ] 123.151.139.155 /index.php/Qt/Login/quit.html
INFO: [ app_init ] --START--
INFO: Run Behavior\BuildLiteBehavior [ RunTime:0.000022s ]
INFO: [ app_init ] --END-- [ RunTime:0.000504s ]

[ 2017-06-11T20:27:15+08:00 ] 123.151.139.155 /index.php/Qt/Login/dl.html
INFO: [ app_init ] --START--
INFO: Run Behavior\BuildLiteBehavior [ RunTime:0.000020s ]
INFO: [ app_init ] --END-- [ RunTime:0.000425s ]

[ 2017-06-11T20:27:21+08:00 ] 123.151.139.155 /index.php/Qt/Login/redirec.html
INFO: [ app_init ] --START--
INFO: Run Behavior\BuildLiteBehavior [ RunTime:0.000021s ]
INFO: [ app_init ] --END-- [ RunTime:0.000433s ]

[ 2017-06-11T20:27:22+08:00 ] 123.151.139.155 /index.php/Qt/Login/wxlogin
INFO: [ app_init ] --START--
INFO: Run Behavior\BuildLiteBehavior [ RunTime:0.000021s ]
INFO: [ app_init ] --END-- [ RunTime:0.000430s ]

[ 2017-06-11T20:27:24+08:00 ] 101.226.89.119 /index.php/Qt/Login/quit.html
INFO: [ app_init ] --START--
INFO: Run Behavior\BuildLiteBehavior [ RunTime:0.000021s ]
INFO: [ app_init ] --END-- [ RunTime:0.000437s ]

[ 2017-06-11T20:27:24+08:00 ] 101.226.89.119 /index.php/Qt/Login/dl.html
INFO: [ app_init ] --START--
INFO: Run Behavior\BuildLiteBehavior [ RunTime:0.000021s ]
INFO: [ app_init ] --END-- [ RunTime:0.000431s ]

[ 2017-06-11T20:27:26+08:00 ] 123.151.139.155 /index.php/Qt/Login/wxlogin?code=0217apx91uZ65S1OZyx91aJbx917apxv&state=STATE
INFO: [ app_init ] --START--
INFO: Run Behavior\BuildLiteBehavior [ RunTime:0.000021s ]
INFO: [ app_init ] --END-- [ RunTime:0.000431s ]

[ 2017-06-11T20:27:26+08:00 ] 123.151.139.155 /index.php/Qt/Login/wxlogin
INFO: [ app_init ] --START--
INFO: Run Behavior\BuildLiteBehavior [ RunTime:0.000022s ]
INFO: [ app_init ] --END-- [ RunTime:0.000634s ]

[ 2017-06-11T20:27:29+08:00 ] 123.151.139.155 /index.php/Qt/Login/wxlogin?code=071le2rV0ZTofY1wZnqV0VTirV0le2rf&state=STATE
INFO: [ app_init ] --START--
INFO: Run Behavior\BuildLiteBehavior [ RunTime:0.000021s ]
INFO: [ app_init ] --END-- [ RunTime:0.000534s ]

[ 2017-06-11T20:27:29+08:00 ] 123.151.139.155 /index.php/Qt/Login/wxlogin
INFO: [ app_init ] --START--
INFO: Run Behavior\BuildLiteBehavior [ RunTime:0.000021s ]
INFO: [ app_init ] --END-- [ RunTime:0.000446s ]

[ 2017-06-11T20:27:29+08:00 ] 101.226.66.173 /index.php/Qt/Login/quit.html
INFO: [ app_init ] --START--
INFO: Run Behavior\BuildLiteBehavior [ RunTime:0.000020s ]
INFO: [ app_init ] --END-- [ RunTime:0.000529s ]

[ 2017-06-11T20:27:30+08:00 ] 101.226.66.173 /index.php/Qt/Login/dl.html
INFO: [ app_init ] --START--
INFO: Run Behavior\BuildLiteBehavior [ RunTime:0.000022s ]
INFO: [ app_init ] --END-- [ RunTime:0.000653s ]

[ 2017-06-11T20:27:31+08:00 ] 101.226.33.206 /index.php/Qt/Login/redirec.html
INFO: [ app_init ] --START--
INFO: Run Behavior\BuildLiteBehavior [ RunTime:0.000021s ]
INFO: [ app_init ] --END-- [ RunTime:0.000533s ]

[ 2017-06-11T20:27:31+08:00 ] 123.151.139.155 /index.php/Qt/Login/wxlogin?code=021SQ8x61cqI6R1CESu61fFyx61SQ8xE&state=STATE
INFO: [ app_init ] --START--
INFO: Run Behavior\BuildLiteBehavior [ RunTime:0.000019s ]
INFO: [ app_init ] --END-- [ RunTime:0.000430s ]

[ 2017-06-11T20:27:31+08:00 ] 123.151.139.155 /index.php/Qt/Login/wxlogin
INFO: [ app_init ] --START--
INFO: Run Behavior\BuildLiteBehavior [ RunTime:0.000020s ]
INFO: [ app_init ] --END-- [ RunTime:0.000438s ]

[ 2017-06-11T20:27:34+08:00 ] 123.151.139.155 /index.php/Qt/Login/wxlogin?code=001aldhA1GJkPh01llhA1fEmhA1aldhW&state=STATE
INFO: [ app_init ] --START--
INFO: Run Behavior\BuildLiteBehavior [ RunTime:0.000022s ]
INFO: [ app_init ] --END-- [ RunTime:0.000454s ]

[ 2017-06-11T20:27:35+08:00 ] 123.151.139.155 /index.php/Qt/Login/wxlogin?code=001blIBp0TXRts1U6DAp0tzHBp0blIBi&state=STATE
INFO: [ app_init ] --START--
INFO: Run Behavior\BuildLiteBehavior [ RunTime:0.000021s ]
INFO: [ app_init ] --END-- [ RunTime:0.000452s ]

[ 2017-06-11T20:27:37+08:00 ] 123.151.139.155 /index.php/Qt/Login/wxlogin?code=001dbvdk07mnPk1VgQbk0CYqdk0dbvdy&state=STATE
INFO: [ app_init ] --START--
INFO: Run Behavior\BuildLiteBehavior [ RunTime:0.000033s ]
INFO: [ app_init ] --END-- [ RunTime:0.000613s ]

[ 2017-06-11T20:27:38+08:00 ] 123.151.139.155 /index.php/Qt/index/index.html
INFO: [ app_init ] --START--
INFO: Run Behavior\BuildLiteBehavior [ RunTime:0.000022s ]
INFO: [ app_init ] --END-- [ RunTime:0.000611s ]

[ 2017-06-11T20:27:38+08:00 ] 123.151.139.155 /index.php/Qt/Video/mc.html
INFO: [ app_init ] --START--
INFO: Run Behavior\BuildLiteBehavior [ RunTime:0.000020s ]
INFO: [ app_init ] --END-- [ RunTime:0.000538s ]

[ 2017-06-11T20:27:40+08:00 ] 123.151.139.155 /index.php/Qt/Goods/sc.html
INFO: [ app_init ] --START--
INFO: Run Behavior\BuildLiteBehavior [ RunTime:0.000021s ]
INFO: [ app_init ] --END-- [ RunTime:0.000552s ]

[ 2017-06-11T20:27:41+08:00 ] 123.151.139.155 /index.php/Qt/Mr/mr.html
INFO: [ app_init ] --START--
INFO: Run Behavior\BuildLiteBehavior [ RunTime:0.000020s ]
INFO: [ app_init ] --END-- [ RunTime:0.000419s ]

[ 2017-06-11T20:27:44+08:00 ] 123.151.139.155 /index.php/Qt/User/zl.html
INFO: [ app_init ] --START--
INFO: Run Behavior\BuildLiteBehavior [ RunTime:0.000023s ]
INFO: [ app_init ] --END-- [ RunTime:0.000452s ]

[ 2017-06-11T20:28:40+08:00 ] 123.151.139.155 /index.php/Qt/User/zl
INFO: [ app_init ] --START--
INFO: Run Behavior\BuildLiteBehavior [ RunTime:0.000022s ]
INFO: [ app_init ] --END-- [ RunTime:0.000470s ]

[ 2017-06-11T20:28:42+08:00 ] 123.151.139.155 /index.php/Qt/User/zl.html
INFO: [ app_init ] --START--
INFO: Run Behavior\BuildLiteBehavior [ RunTime:0.000021s ]
INFO: [ app_init ] --END-- [ RunTime:0.000744s ]

[ 2017-06-11T20:31:00+08:00 ] 123.151.139.155 /index.php/Qt/User/zl.html
INFO: [ app_init ] --START--
INFO: Run Behavior\BuildLiteBehavior [ RunTime:0.000027s ]
INFO: [ app_init ] --END-- [ RunTime:0.000788s ]

[ 2017-06-11T20:31:09+08:00 ] 123.151.139.155 /index.php/Qt/Login/quit.html
INFO: [ app_init ] --START--
INFO: Run Behavior\BuildLiteBehavior [ RunTime:0.000021s ]
INFO: [ app_init ] --END-- [ RunTime:0.000488s ]

[ 2017-06-11T20:31:09+08:00 ] 123.151.139.155 /index.php/Qt/Login/dl.html
INFO: [ app_init ] --START--
INFO: Run Behavior\BuildLiteBehavior [ RunTime:0.000021s ]
INFO: [ app_init ] --END-- [ RunTime:0.000486s ]

[ 2017-06-11T20:31:21+08:00 ] 123.151.139.155 /index.php/Qt/Login/redirec.html
INFO: [ app_init ] --START--
INFO: Run Behavior\BuildLiteBehavior [ RunTime:0.000023s ]
INFO: [ app_init ] --END-- [ RunTime:0.000502s ]

[ 2017-06-11T20:31:22+08:00 ] 123.151.139.155 /index.php/Qt/Login/wxlogin
INFO: [ app_init ] --START--
INFO: Run Behavior\BuildLiteBehavior [ RunTime:0.000021s ]
INFO: [ app_init ] --END-- [ RunTime:0.000493s ]

[ 2017-06-11T20:39:39+08:00 ] 123.151.42.49 /index.php/Qt/Mr/mr
INFO: [ app_init ] --START--
INFO: Run Behavior\BuildLiteBehavior [ RunTime:0.000021s ]
INFO: [ app_init ] --END-- [ RunTime:0.000503s ]

[ 2017-06-11T20:39:39+08:00 ] 111.30.131.199 /
INFO: [ app_init ] --START--
INFO: Run Behavior\BuildLiteBehavior [ RunTime:0.000021s ]
INFO: [ app_init ] --END-- [ RunTime:0.000476s ]

[ 2017-06-11T20:39:40+08:00 ] 123.151.42.49 /index.php/Qt/Login/dl.html
INFO: [ app_init ] --START--
INFO: Run Behavior\BuildLiteBehavior [ RunTime:0.000020s ]
INFO: [ app_init ] --END-- [ RunTime:0.000479s ]

[ 2017-06-11T20:39:40+08:00 ] 123.126.126.125 /
INFO: [ app_init ] --START--
INFO: Run Behavior\BuildLiteBehavior [ RunTime:0.000020s ]
INFO: [ app_init ] --END-- [ RunTime:0.000516s ]

[ 2017-06-11T20:39:46+08:00 ] 123.151.42.49 /index.php/Qt/Login/redirec.html
INFO: [ app_init ] --START--
INFO: Run Behavior\BuildLiteBehavior [ RunTime:0.000024s ]
INFO: [ app_init ] --END-- [ RunTime:0.000473s ]

[ 2017-06-11T20:39:48+08:00 ] 123.151.42.49 /index.php/Qt/Login/wxlogin
INFO: [ app_init ] --START--
INFO: Run Behavior\BuildLiteBehavior [ RunTime:0.000022s ]
INFO: [ app_init ] --END-- [ RunTime:0.000441s ]

[ 2017-06-11T20:39:51+08:00 ] 123.151.42.49 /index.php/Qt/Login/wxlogin?code=011za0He0xDcqz1QqZJe003bHe0za0HF&state=STATE
INFO: [ app_init ] --START--
INFO: Run Behavior\BuildLiteBehavior [ RunTime:0.000020s ]
INFO: [ app_init ] --END-- [ RunTime:0.000430s ]

[ 2017-06-11T20:39:51+08:00 ] 123.151.42.49 /index.php/Qt/Login/wxlogin
INFO: [ app_init ] --START--
INFO: Run Behavior\BuildLiteBehavior [ RunTime:0.000020s ]
INFO: [ app_init ] --END-- [ RunTime:0.000420s ]

[ 2017-06-11T20:39:54+08:00 ] 123.151.42.49 /index.php/Qt/Login/wxlogin?code=041PZsCT0C2L4W11TxzT0CYmCT0PZsCe&state=STATE
INFO: [ app_init ] --START--
INFO: Run Behavior\BuildLiteBehavior [ RunTime:0.000021s ]
INFO: [ app_init ] --END-- [ RunTime:0.000424s ]

[ 2017-06-11T20:39:56+08:00 ] 123.151.42.49 /index.php/Qt/Login/wxlogin?code=041S8pw50E3oAI1KjEw5031mw50S8pwN&state=STATE
INFO: [ app_init ] --START--
INFO: Run Behavior\BuildLiteBehavior [ RunTime:0.000022s ]
INFO: [ app_init ] --END-- [ RunTime:0.000433s ]

[ 2017-06-11T20:39:57+08:00 ] 123.151.42.49 /index.php/Qt/index/index.html
INFO: [ app_init ] --START--
INFO: Run Behavior\BuildLiteBehavior [ RunTime:0.000020s ]
INFO: [ app_init ] --END-- [ RunTime:0.000427s ]

[ 2017-06-11T20:39:58+08:00 ] 123.151.42.49 /index.php/Qt/Video/mc.html
INFO: [ app_init ] --START--
INFO: Run Behavior\BuildLiteBehavior [ RunTime:0.000020s ]
INFO: [ app_init ] --END-- [ RunTime:0.000527s ]

[ 2017-06-11T20:39:59+08:00 ] 123.151.42.49 /index.php/Qt/Goods/sc.html
INFO: [ app_init ] --START--
INFO: Run Behavior\BuildLiteBehavior [ RunTime:0.000019s ]
INFO: [ app_init ] --END-- [ RunTime:0.000418s ]

[ 2017-06-11T20:40:00+08:00 ] 123.151.42.49 /index.php/Qt/Mr/mr.html
INFO: [ app_init ] --START--
INFO: Run Behavior\BuildLiteBehavior [ RunTime:0.000020s ]
INFO: [ app_init ] --END-- [ RunTime:0.000475s ]

[ 2017-06-11T20:40:15+08:00 ] 123.151.42.49 /index.php/Qt/User/zl.html
INFO: [ app_init ] --START--
INFO: Run Behavior\BuildLiteBehavior [ RunTime:0.000020s ]
INFO: [ app_init ] --END-- [ RunTime:0.000436s ]

[ 2017-06-11T20:40:33+08:00 ] 123.151.42.49 /index.php/Qt/User/zl
INFO: [ app_init ] --START--
INFO: Run Behavior\BuildLiteBehavior [ RunTime:0.000021s ]
INFO: [ app_init ] --END-- [ RunTime:0.000429s ]

[ 2017-06-11T20:40:34+08:00 ] 123.151.42.49 /index.php/Qt/User/zl.html
INFO: [ app_init ] --START--
INFO: Run Behavior\BuildLiteBehavior [ RunTime:0.000021s ]
INFO: [ app_init ] --END-- [ RunTime:0.001007s ]

[ 2017-06-11T20:41:16+08:00 ] 123.151.42.49 /index.php/Qt/Login/quit.html
INFO: [ app_init ] --START--
INFO: Run Behavior\BuildLiteBehavior [ RunTime:0.000022s ]
INFO: [ app_init ] --END-- [ RunTime:0.000505s ]

[ 2017-06-11T20:41:17+08:00 ] 123.151.42.49 /index.php/Qt/Login/dl.html
INFO: [ app_init ] --START--
INFO: Run Behavior\BuildLiteBehavior [ RunTime:0.000021s ]
INFO: [ app_init ] --END-- [ RunTime:0.000563s ]

[ 2017-06-11T20:41:24+08:00 ] 123.151.42.49 /index.php/Qt/Login/redirec.html
INFO: [ app_init ] --START--
INFO: Run Behavior\BuildLiteBehavior [ RunTime:0.000021s ]
INFO: [ app_init ] --END-- [ RunTime:0.000483s ]

[ 2017-06-11T20:41:26+08:00 ] 123.151.42.49 /index.php/Qt/Login/wxlogin
INFO: [ app_init ] --START--
INFO: Run Behavior\BuildLiteBehavior [ RunTime:0.000024s ]
INFO: [ app_init ] --END-- [ RunTime:0.000499s ]

[ 2017-06-11T20:41:41+08:00 ] 123.151.42.49 /index.php/Qt/Mr/mr
INFO: [ app_init ] --START--
INFO: Run Behavior\BuildLiteBehavior [ RunTime:0.000021s ]
INFO: [ app_init ] --END-- [ RunTime:0.000488s ]

[ 2017-06-11T20:41:41+08:00 ] 123.151.42.49 /index.php/Qt/Login/dl.html
INFO: [ app_init ] --START--
INFO: Run Behavior\BuildLiteBehavior [ RunTime:0.000020s ]
INFO: [ app_init ] --END-- [ RunTime:0.000532s ]

[ 2017-06-11T20:41:43+08:00 ] 123.151.42.49 /index.php/Qt/Login/redirec.html
INFO: [ app_init ] --START--
INFO: Run Behavior\BuildLiteBehavior [ RunTime:0.000020s ]
INFO: [ app_init ] --END-- [ RunTime:0.000509s ]

[ 2017-06-11T20:41:45+08:00 ] 123.151.42.49 /index.php/Qt/Login/wxlogin
INFO: [ app_init ] --START--
INFO: Run Behavior\BuildLiteBehavior [ RunTime:0.000022s ]
INFO: [ app_init ] --END-- [ RunTime:0.000503s ]

[ 2017-06-11T20:41:47+08:00 ] 123.151.42.49 /index.php/Qt/Login/wxlogin?code=0215hGoY06EfGY1oFyrY0qHwoY05hGoF&state=STATE
INFO: [ app_init ] --START--
INFO: Run Behavior\BuildLiteBehavior [ RunTime:0.000029s ]
INFO: [ app_init ] --END-- [ RunTime:0.000517s ]

[ 2017-06-11T20:41:50+08:00 ] 123.151.42.49 /index.php/Qt/Login/wxlogin?code=021rNNnl1RRzvi0sDHnl14EJnl1rNNnz&state=STATE
INFO: [ app_init ] --START--
INFO: Run Behavior\BuildLiteBehavior [ RunTime:0.000021s ]
INFO: [ app_init ] --END-- [ RunTime:0.000477s ]

[ 2017-06-11T20:41:51+08:00 ] 123.151.42.49 /index.php/Qt/index/index.html
INFO: [ app_init ] --START--
INFO: Run Behavior\BuildLiteBehavior [ RunTime:0.000021s ]
INFO: [ app_init ] --END-- [ RunTime:0.000483s ]

[ 2017-06-11T20:41:52+08:00 ] 123.151.42.49 /index.php/Qt/Video/mc.html
INFO: [ app_init ] --START--
INFO: Run Behavior\BuildLiteBehavior [ RunTime:0.000021s ]
INFO: [ app_init ] --END-- [ RunTime:0.000489s ]

[ 2017-06-11T20:41:53+08:00 ] 123.151.42.49 /index.php/Qt/Goods/sc.html
INFO: [ app_init ] --START--
INFO: Run Behavior\BuildLiteBehavior [ RunTime:0.000020s ]
INFO: [ app_init ] --END-- [ RunTime:0.000479s ]

[ 2017-06-11T20:41:54+08:00 ] 123.151.42.49 /index.php/Qt/Mr/mr.html
INFO: [ app_init ] --START--
INFO: Run Behavior\BuildLiteBehavior [ RunTime:0.000021s ]
INFO: [ app_init ] --END-- [ RunTime:0.000498s ]

[ 2017-06-11T20:41:58+08:00 ] 123.125.45.10 /
INFO: [ app_init ] --START--
INFO: Run Behavior\BuildLiteBehavior [ RunTime:0.000021s ]
INFO: [ app_init ] --END-- [ RunTime:0.000438s ]

[ 2017-06-11T20:42:58+08:00 ] 123.151.42.49 /index.php/Qt/User/zl.html
INFO: [ app_init ] --START--
INFO: Run Behavior\BuildLiteBehavior [ RunTime:0.000024s ]
INFO: [ app_init ] --END-- [ RunTime:0.000517s ]

[ 2017-06-11T20:43:19+08:00 ] 123.151.42.49 /index.php/Qt/User/zl
INFO: [ app_init ] --START--
INFO: Run Behavior\BuildLiteBehavior [ RunTime:0.000020s ]
INFO: [ app_init ] --END-- [ RunTime:0.000514s ]

[ 2017-06-11T20:43:20+08:00 ] 123.151.42.49 /index.php/Qt/User/zl.html
INFO: [ app_init ] --START--
INFO: Run Behavior\BuildLiteBehavior [ RunTime:0.000021s ]
INFO: [ app_init ] --END-- [ RunTime:0.000712s ]

[ 2017-06-11T20:43:29+08:00 ] 123.151.42.49 /index.php/Qt/Mr/mr
INFO: [ app_init ] --START--
INFO: Run Behavior\BuildLiteBehavior [ RunTime:0.000021s ]
INFO: [ app_init ] --END-- [ RunTime:0.000712s ]

[ 2017-06-11T20:43:42+08:00 ] 123.151.42.49 /index.php/Qt/Login/quit.html
INFO: [ app_init ] --START--
INFO: Run Behavior\BuildLiteBehavior [ RunTime:0.000020s ]
INFO: [ app_init ] --END-- [ RunTime:0.000488s ]

[ 2017-06-11T20:43:42+08:00 ] 123.151.42.49 /index.php/Qt/Login/dl.html
INFO: [ app_init ] --START--
INFO: Run Behavior\BuildLiteBehavior [ RunTime:0.000021s ]
INFO: [ app_init ] --END-- [ RunTime:0.000481s ]

[ 2017-06-11T20:43:49+08:00 ] 123.151.42.49 /index.php/Qt/Login/redirec.html
INFO: [ app_init ] --START--
INFO: Run Behavior\BuildLiteBehavior [ RunTime:0.000021s ]
INFO: [ app_init ] --END-- [ RunTime:0.000719s ]

[ 2017-06-11T20:43:51+08:00 ] 123.151.42.49 /index.php/Qt/Login/wxlogin
INFO: [ app_init ] --START--
INFO: Run Behavior\BuildLiteBehavior [ RunTime:0.000026s ]
INFO: [ app_init ] --END-- [ RunTime:0.000694s ]

[ 2017-06-11T20:43:53+08:00 ] 123.151.42.49 /index.php/Qt/Login/wxlogin?code=001nrCh11ov9t12feye11ILuh11nrChN&state=STATE
INFO: [ app_init ] --START--
INFO: Run Behavior\BuildLiteBehavior [ RunTime:0.000021s ]
INFO: [ app_init ] --END-- [ RunTime:0.000628s ]

[ 2017-06-11T20:43:55+08:00 ] 123.151.42.49 /index.php/Qt/Login/wxlogin?code=011uHzBA01T2od2FzByA0l7kBA0uHzBU&state=STATE
INFO: [ app_init ] --START--
INFO: Run Behavior\BuildLiteBehavior [ RunTime:0.000023s ]
INFO: [ app_init ] --END-- [ RunTime:0.000508s ]

[ 2017-06-11T20:43:56+08:00 ] 123.151.42.49 /index.php/Qt/index/index.html
INFO: [ app_init ] --START--
INFO: Run Behavior\BuildLiteBehavior [ RunTime:0.000020s ]
INFO: [ app_init ] --END-- [ RunTime:0.000505s ]

[ 2017-06-11T20:43:57+08:00 ] 123.151.42.49 /index.php/Qt/Video/mc.html
INFO: [ app_init ] --START--
INFO: Run Behavior\BuildLiteBehavior [ RunTime:0.000021s ]
INFO: [ app_init ] --END-- [ RunTime:0.000494s ]

[ 2017-06-11T20:43:58+08:00 ] 123.151.42.49 /index.php/Qt/Goods/sc.html
INFO: [ app_init ] --START--
INFO: Run Behavior\BuildLiteBehavior [ RunTime:0.000021s ]
INFO: [ app_init ] --END-- [ RunTime:0.000595s ]

[ 2017-06-11T20:43:59+08:00 ] 123.151.42.49 /index.php/Qt/Mr/mr.html
INFO: [ app_init ] --START--
INFO: Run Behavior\BuildLiteBehavior [ RunTime:0.000021s ]
INFO: [ app_init ] --END-- [ RunTime:0.000484s ]

[ 2017-06-11T20:45:58+08:00 ] 123.151.42.49 /index.php/Qt/User/zl.html
INFO: [ app_init ] --START--
INFO: Run Behavior\BuildLiteBehavior [ RunTime:0.000023s ]
INFO: [ app_init ] --END-- [ RunTime:0.000505s ]

[ 2017-06-11T20:46:09+08:00 ] 123.151.42.49 /index.php/Qt/User/zl
INFO: [ app_init ] --START--
INFO: Run Behavior\BuildLiteBehavior [ RunTime:0.000021s ]
INFO: [ app_init ] --END-- [ RunTime:0.000491s ]

[ 2017-06-11T20:46:10+08:00 ] 123.151.42.49 /index.php/Qt/User/zl.html
INFO: [ app_init ] --START--
INFO: Run Behavior\BuildLiteBehavior [ RunTime:0.000020s ]
INFO: [ app_init ] --END-- [ RunTime:0.000489s ]

[ 2017-06-11T20:46:29+08:00 ] 123.151.42.49 /index.php/Qt/Login/quit.html
INFO: [ app_init ] --START--
INFO: Run Behavior\BuildLiteBehavior [ RunTime:0.000021s ]
INFO: [ app_init ] --END-- [ RunTime:0.000506s ]

[ 2017-06-11T20:46:30+08:00 ] 123.151.42.49 /index.php/Qt/Login/dl.html
INFO: [ app_init ] --START--
INFO: Run Behavior\BuildLiteBehavior [ RunTime:0.000021s ]
INFO: [ app_init ] --END-- [ RunTime:0.000431s ]

[ 2017-06-11T20:46:35+08:00 ] 123.151.42.49 /index.php/Qt/Login/redirec.html
INFO: [ app_init ] --START--
INFO: Run Behavior\BuildLiteBehavior [ RunTime:0.000021s ]
INFO: [ app_init ] --END-- [ RunTime:0.000431s ]

[ 2017-06-11T20:46:36+08:00 ] 123.151.42.49 /index.php/Qt/Login/wxlogin
INFO: [ app_init ] --START--
INFO: Run Behavior\BuildLiteBehavior [ RunTime:0.000024s ]
INFO: [ app_init ] --END-- [ RunTime:0.000475s ]

[ 2017-06-11T20:47:26+08:00 ] 123.151.42.49 /index.php/Qt/Mr/mr
INFO: [ app_init ] --START--
INFO: Run Behavior\BuildLiteBehavior [ RunTime:0.000024s ]
INFO: [ app_init ] --END-- [ RunTime:0.000440s ]

[ 2017-06-11T20:47:26+08:00 ] 123.151.42.49 /index.php/Qt/Login/dl.html
INFO: [ app_init ] --START--
INFO: Run Behavior\BuildLiteBehavior [ RunTime:0.000032s ]
INFO: [ app_init ] --END-- [ RunTime:0.000470s ]

[ 2017-06-11T20:47:28+08:00 ] 123.151.42.49 /index.php/Qt/Login/redirec.html
INFO: [ app_init ] --START--
INFO: Run Behavior\BuildLiteBehavior [ RunTime:0.000021s ]
INFO: [ app_init ] --END-- [ RunTime:0.000432s ]

[ 2017-06-11T20:47:30+08:00 ] 123.151.42.49 /index.php/Qt/Login/wxlogin
INFO: [ app_init ] --START--
INFO: Run Behavior\BuildLiteBehavior [ RunTime:0.000020s ]
INFO: [ app_init ] --END-- [ RunTime:0.000553s ]

[ 2017-06-11T20:47:33+08:00 ] 123.151.42.49 /index.php/Qt/Login/wxlogin?code=031sCy0s1UTwwp0XV3Zr1OrX0s1sCy0p&state=STATE
INFO: [ app_init ] --START--
INFO: Run Behavior\BuildLiteBehavior [ RunTime:0.000021s ]
INFO: [ app_init ] --END-- [ RunTime:0.000427s ]

[ 2017-06-11T20:47:35+08:00 ] 123.151.42.49 /index.php/Qt/Login/wxlogin?code=081fRErs0r0FSa1r1Rps00PGrs0fRErZ&state=STATE
INFO: [ app_init ] --START--
INFO: Run Behavior\BuildLiteBehavior [ RunTime:0.000021s ]
INFO: [ app_init ] --END-- [ RunTime:0.000498s ]

[ 2017-06-11T20:47:37+08:00 ] 123.151.42.49 /index.php/Qt/index/index.html
INFO: [ app_init ] --START--
INFO: Run Behavior\BuildLiteBehavior [ RunTime:0.000020s ]
INFO: [ app_init ] --END-- [ RunTime:0.000429s ]

[ 2017-06-11T20:47:37+08:00 ] 123.151.42.49 /index.php/Qt/Video/mc.html
INFO: [ app_init ] --START--
INFO: Run Behavior\BuildLiteBehavior [ RunTime:0.000021s ]
INFO: [ app_init ] --END-- [ RunTime:0.000439s ]

[ 2017-06-11T20:47:38+08:00 ] 123.151.42.49 /index.php/Qt/Goods/sc.html
INFO: [ app_init ] --START--
INFO: Run Behavior\BuildLiteBehavior [ RunTime:0.000031s ]
INFO: [ app_init ] --END-- [ RunTime:0.000590s ]

[ 2017-06-11T20:47:39+08:00 ] 123.151.42.49 /index.php/Qt/Mr/mr.html
INFO: [ app_init ] --START--
INFO: Run Behavior\BuildLiteBehavior [ RunTime:0.000020s ]
INFO: [ app_init ] --END-- [ RunTime:0.000414s ]

[ 2017-06-11T20:47:47+08:00 ] 123.151.42.49 /index.php/Qt/User/zl.html
INFO: [ app_init ] --START--
INFO: Run Behavior\BuildLiteBehavior [ RunTime:0.000020s ]
INFO: [ app_init ] --END-- [ RunTime:0.000433s ]

[ 2017-06-11T20:55:40+08:00 ] 180.163.2.116 /index.php/Qt/Login/wxlogin
INFO: [ app_init ] --START--
INFO: Run Behavior\BuildLiteBehavior [ RunTime:0.000022s ]
INFO: [ app_init ] --END-- [ RunTime:0.000498s ]

[ 2017-06-11T22:48:06+08:00 ] 61.55.191.148 /
INFO: [ app_init ] --START--
INFO: Run Behavior\BuildLiteBehavior [ RunTime:0.000025s ]
INFO: [ app_init ] --END-- [ RunTime:0.000517s ]

