[ 2016-11-10T12:54:56+08:00 ] ::1 /ds1107/index.php/Home/StudentInfo/index.html
ERR: XML标签语法错误 : <eq name='k' value='1'

[ 2016-11-10T12:57:37+08:00 ] ::1 /ds1107/index.php/Home/StudentInfo/index.html
ERR: XML标签语法错误 : value="<{$k}

[ 2016-11-10T12:57:51+08:00 ] ::1 /ds1107/index.php/Home/StudentInfo/index.html
ERR: XML标签语法错误 : value="<{$k}

[ 2016-11-10T12:57:52+08:00 ] ::1 /ds1107/index.php/Home/StudentInfo/index.html
ERR: XML标签语法错误 : value="<{$k}

[ 2016-11-10T12:57:57+08:00 ] ::1 /ds1107/index.php/Home/StudentInfo/index.html
ERR: XML标签语法错误 : value="<{$k}

[ 2016-11-10T12:58:24+08:00 ] ::1 /ds1107/index.php/Home/StudentInfo/index.html
ERR: XML标签语法错误 : value="<{$k}

[ 2016-11-10T12:58:25+08:00 ] ::1 /ds1107/index.php/Home/StudentInfo/index.html
ERR: XML标签语法错误 : value="<{$k}

[ 2016-11-10T12:58:26+08:00 ] ::1 /ds1107/index.php/Home/StudentInfo/index.html
ERR: XML标签语法错误 : value="<{$k}

[ 2016-11-10T12:58:26+08:00 ] ::1 /ds1107/index.php/Home/StudentInfo/index.html
ERR: XML标签语法错误 : value="<{$k}

[ 2016-11-10T12:58:26+08:00 ] ::1 /ds1107/index.php/Home/StudentInfo/index.html
ERR: XML标签语法错误 : value="<{$k}

[ 2016-11-10T12:58:26+08:00 ] ::1 /ds1107/index.php/Home/StudentInfo/index.html
ERR: XML标签语法错误 : value="<{$k}

[ 2016-11-10T12:58:27+08:00 ] ::1 /ds1107/index.php/Home/StudentInfo/index.html
ERR: XML标签语法错误 : value="<{$k}

[ 2016-11-10T12:58:27+08:00 ] ::1 /ds1107/index.php/Home/StudentInfo/index.html
ERR: XML标签语法错误 : value="<{$k}

[ 2016-11-10T12:58:27+08:00 ] ::1 /ds1107/index.php/Home/StudentInfo/index.html
ERR: XML标签语法错误 : value="<{$k}

[ 2016-11-10T12:58:49+08:00 ] ::1 /ds1107/index.php/Home/StudentInfo/index.html
ERR: XML标签语法错误 : value="<{$k}

[ 2016-11-10T12:58:50+08:00 ] ::1 /ds1107/index.php/Home/StudentInfo/index.html
ERR: XML标签语法错误 : value="<{$k}

[ 2016-11-10T12:58:51+08:00 ] ::1 /ds1107/index.php/Home/StudentInfo/index.html
ERR: XML标签语法错误 : value="<{$k}

[ 2016-11-10T12:58:51+08:00 ] ::1 /ds1107/index.php/Home/StudentInfo/index.html
ERR: XML标签语法错误 : value="<{$k}

[ 2016-11-10T12:58:51+08:00 ] ::1 /ds1107/index.php/Home/StudentInfo/index.html
ERR: XML标签语法错误 : value="<{$k}

[ 2016-11-10T12:58:52+08:00 ] ::1 /ds1107/index.php/Home/StudentInfo/index.html
ERR: XML标签语法错误 : value="<{$k}

[ 2016-11-10T12:58:52+08:00 ] ::1 /ds1107/index.php/Home/StudentInfo/index.html
ERR: XML标签语法错误 : value="<{$k}

[ 2016-11-10T18:26:57+08:00 ] ::1 /ds1107/index.php/Home/UserInfo/xian
INFO: [ app_begin ] --START--
INFO: Run Behavior\ReadHtmlCacheBehavior [ RunTime:0.002000s ]
INFO: [ app_begin ] --END-- [ RunTime:0.003000s ]
SQL: SHOW COLUMNS FROM `oa_user_info` [ RunTime:0.0150s ]
SQL: UPDATE `oa_user_info` SET `status`='2' WHERE ( id=32 ) [ RunTime:0.0990s ]

[ 2016-11-10T18:26:58+08:00 ] ::1 /ds1107/index.php/Home/UserInfo/xian
INFO: [ app_begin ] --START--
INFO: Run Behavior\ReadHtmlCacheBehavior [ RunTime:0.002000s ]
INFO: [ app_begin ] --END-- [ RunTime:0.005000s ]
SQL: SHOW COLUMNS FROM `oa_user_info` [ RunTime:0.0130s ]
SQL: UPDATE `oa_user_info` SET `status`='1' WHERE ( id=32 ) [ RunTime:0.0230s ]

[ 2016-11-10T18:26:59+08:00 ] ::1 /ds1107/index.php/Home/UserInfo/xian
INFO: [ app_begin ] --START--
INFO: Run Behavior\ReadHtmlCacheBehavior [ RunTime:0.002000s ]
INFO: [ app_begin ] --END-- [ RunTime:0.003000s ]
SQL: SHOW COLUMNS FROM `oa_user_info` [ RunTime:0.0140s ]
SQL: UPDATE `oa_user_info` SET `status`='2' WHERE ( id=32 ) [ RunTime:0.1280s ]

