[ 2016-11-07T10:51:33+08:00 ] ::1 /Dsupport/index.php/Home/WorkExperience/search
ERR: SQLSTATE[42S22]: Column not found: 1054 Unknown column 'professional' in 'where clause'

[ 2016-11-07T15:15:09+08:00 ] ::1 /Dsupport/index.php/Home/StudentTrain/index.html
ERR: 模板不存在:./Ds/Home/View/StudentTrain/index.html

[ 2016-11-07T15:15:11+08:00 ] ::1 /Dsupport/index.php/Home/StudentTrain/index.html
ERR: 模板不存在:./Ds/Home/View/StudentTrain/index.html

[ 2016-11-07T15:15:12+08:00 ] ::1 /Dsupport/index.php/Home/StudentTrain/index.html
ERR: 模板不存在:./Ds/Home/View/StudentTrain/index.html

[ 2016-11-07T15:16:24+08:00 ] ::1 /Dsupport/index.php/Home/TeacherEvaluate/get_class_info
INFO: [ app_begin ] --START--
INFO: Run Behavior\ReadHtmlCacheBehavior [ RunTime:0.000000s ]
INFO: [ app_begin ] --END-- [ RunTime:0.000000s ]
SQL: SHOW COLUMNS FROM `oa_teacher_evaluate` [ RunTime:0.0040s ]
SQL: SHOW COLUMNS FROM `oa_class_info` [ RunTime:0.0040s ]
SQL: SHOW COLUMNS FROM `oa_user_info` [ RunTime:0.0030s ]
SQL: SELECT `id`,usert_id tid,userc_id bid,`status`,class_type type,`class_code` FROM `oa_class_info` WHERE ( id = 3 ) LIMIT 1   [ RunTime:0.0000s ]
SQL: SHOW COLUMNS FROM `oa_user_info` [ RunTime:0.0040s ]
SQL: SELECT `name` FROM `oa_user_info` WHERE ( id = 2 ) LIMIT 1   [ RunTime:0.0000s ]
SQL: SELECT `name` FROM `oa_user_info` WHERE ( id = 1 ) LIMIT 1   [ RunTime:0.0000s ]
INFO: [ app_end ] --START--
INFO: Run Behavior\ShowPageTraceBehavior [ RunTime:0.000000s ]
INFO: [ app_end ] --END-- [ RunTime:0.000000s ]

