[ 2016-11-05T09:35:17+08:00 ] ::1 /Dsupport/index.php/Home/WorkExperience/work_list/id/1
ERR: SQLSTATE[23000]: Integrity constraint violation: 1052 Column 'del' in where clause is ambiguous

[ 2016-11-05T09:36:55+08:00 ] ::1 /Dsupport/index.php/Home/WorkExperience/work_list/id/1
ERR: SQLSTATE[42S22]: Column not found: 1054 Unknown column 's.del' in 'where clause'

[ 2016-11-05T09:36:58+08:00 ] ::1 /Dsupport/index.php/Home/WorkExperience/work_list/id/1
ERR: SQLSTATE[42S22]: Column not found: 1054 Unknown column 's.del' in 'where clause'

[ 2016-11-05T09:38:08+08:00 ] ::1 /Dsupport/index.php/Home/WorkExperience/work_list/id/1
ERR: SQLSTATE[23000]: Integrity constraint violation: 1052 Column 'create_time' in order clause is ambiguous

[ 2016-11-05T11:32:31+08:00 ] ::1 /Dsupport/index.php/Home/WorkExperience/download_resume/id/12
ERR: SQLSTATE[42S22]: Column not found: 1054 Unknown column 's.name' in 'field list'

[ 2016-11-05T11:33:15+08:00 ] ::1 /Dsupport/index.php/Home/WorkExperience/download_resume/id/12
ERR: SQLSTATE[42000]: Syntax error or access violation: 1066 Not unique table/alias: 'oa_work_experience'

[ 2016-11-05T11:33:33+08:00 ] ::1 /Dsupport/index.php/Home/WorkExperience/download_resume/id/12
ERR: SQLSTATE[42000]: Syntax error or access violation: 1066 Not unique table/alias: 'oa_work_experience'

[ 2016-11-05T11:33:57+08:00 ] ::1 /Dsupport/index.php/Home/WorkExperience/download_resume/id/12
ERR: SQLSTATE[42S22]: Column not found: 1054 Unknown column 'name' in 'field list'

[ 2016-11-05T11:34:19+08:00 ] ::1 /Dsupport/index.php/Home/WorkExperience/download_resume/id/12
ERR: SQLSTATE[42S22]: Column not found: 1054 Unknown column 's.name' in 'field list'

[ 2016-11-05T11:34:45+08:00 ] ::1 /Dsupport/index.php/Home/WorkExperience/download_resume/id/12
ERR: SQLSTATE[23000]: Integrity constraint violation: 1052 Column 'id' in where clause is ambiguous

