[ 2016-11-01T08:40:01+08:00 ] ::1 /Dsupport/index.php/Home/TeacherEvaluate/get_class_info
INFO: [ app_begin ] --START--
INFO: Run Behavior\ReadHtmlCacheBehavior [ RunTime:0.000000s ]
INFO: [ app_begin ] --END-- [ RunTime:0.000000s ]
SQL: SHOW COLUMNS FROM `unito_class_info` [ RunTime:0.0040s ]
SQL: SELECT `id`,usert_id tid,userc_id bid,`status`,class_type type FROM `unito_class_info` WHERE ( id = 2 ) LIMIT 1   [ RunTime:0.0010s ]
SQL: SHOW COLUMNS FROM `unito_user_info` [ RunTime:0.0040s ]
SQL: SELECT `name` FROM `unito_user_info` WHERE ( id = 2 ) LIMIT 1   [ RunTime:0.0000s ]
SQL: SELECT `name` FROM `unito_user_info` WHERE ( id = 1 ) LIMIT 1   [ RunTime:0.0010s ]
INFO: [ app_end ] --START--
INFO: Run Behavior\ShowPageTraceBehavior [ RunTime:0.000000s ]
INFO: [ app_end ] --END-- [ RunTime:0.000000s ]

[ 2016-11-01T08:54:15+08:00 ] ::1 /Dsupport/index.php/Home/TeacherEvaluate/get_class_info
INFO: [ app_begin ] --START--
INFO: Run Behavior\ReadHtmlCacheBehavior [ RunTime:0.000000s ]
INFO: [ app_begin ] --END-- [ RunTime:0.000000s ]
SQL: SHOW COLUMNS FROM `unito_class_info` [ RunTime:0.0040s ]
SQL: SELECT `id`,usert_id tid,userc_id bid,`status`,class_type type FROM `unito_class_info` WHERE ( id = 1 ) LIMIT 1   [ RunTime:0.0020s ]
SQL: SHOW COLUMNS FROM `unito_user_info` [ RunTime:0.0050s ]
SQL: SELECT `name` FROM `unito_user_info` WHERE ( id = 1 ) LIMIT 1   [ RunTime:0.0000s ]
SQL: SELECT `name` FROM `unito_user_info` WHERE ( id = 2 ) LIMIT 1   [ RunTime:0.0010s ]
INFO: [ app_end ] --START--
INFO: Run Behavior\ShowPageTraceBehavior [ RunTime:0.000000s ]
INFO: [ app_end ] --END-- [ RunTime:0.000000s ]

[ 2016-11-01T08:54:17+08:00 ] ::1 /Dsupport/index.php/Home/TeacherEvaluate/get_class_info
INFO: [ app_begin ] --START--
INFO: Run Behavior\ReadHtmlCacheBehavior [ RunTime:0.000000s ]
INFO: [ app_begin ] --END-- [ RunTime:0.001000s ]
SQL: SHOW COLUMNS FROM `unito_class_info` [ RunTime:0.0040s ]
SQL: SELECT `id`,usert_id tid,userc_id bid,`status`,class_type type FROM `unito_class_info` WHERE ( id = 2 ) LIMIT 1   [ RunTime:0.0010s ]
SQL: SHOW COLUMNS FROM `unito_user_info` [ RunTime:0.0050s ]
SQL: SELECT `name` FROM `unito_user_info` WHERE ( id = 2 ) LIMIT 1   [ RunTime:0.0010s ]
SQL: SELECT `name` FROM `unito_user_info` WHERE ( id = 1 ) LIMIT 1   [ RunTime:0.0000s ]
INFO: [ app_end ] --START--
INFO: Run Behavior\ShowPageTraceBehavior [ RunTime:0.000000s ]
INFO: [ app_end ] --END-- [ RunTime:0.000000s ]

[ 2016-11-01T08:54:18+08:00 ] ::1 /Dsupport/index.php/Home/TeacherEvaluate/get_class_info
INFO: [ app_begin ] --START--
INFO: Run Behavior\ReadHtmlCacheBehavior [ RunTime:0.000000s ]
INFO: [ app_begin ] --END-- [ RunTime:0.000000s ]
SQL: SHOW COLUMNS FROM `unito_class_info` [ RunTime:0.0060s ]
SQL: SELECT `id`,usert_id tid,userc_id bid,`status`,class_type type FROM `unito_class_info` WHERE ( id = 3 ) LIMIT 1   [ RunTime:0.0010s ]
SQL: SHOW COLUMNS FROM `unito_user_info` [ RunTime:0.0050s ]
SQL: SELECT `name` FROM `unito_user_info` WHERE ( id = 2 ) LIMIT 1   [ RunTime:0.0010s ]
SQL: SELECT `name` FROM `unito_user_info` WHERE ( id = 1 ) LIMIT 1   [ RunTime:0.0000s ]
INFO: [ app_end ] --START--
INFO: Run Behavior\ShowPageTraceBehavior [ RunTime:0.001001s ]
INFO: [ app_end ] --END-- [ RunTime:0.001001s ]

[ 2016-11-01T09:20:02+08:00 ] ::1 /Dsupport/index.php/Home/TeacherEvaluate/view/tid/1/cid/1.html
ERR: 非法操作:view

[ 2016-11-01T09:26:52+08:00 ] ::1 /Dsupport/index.php/Home/TeacherEvaluate/get_class_info
INFO: [ app_begin ] --START--
INFO: Run Behavior\ReadHtmlCacheBehavior [ RunTime:0.000000s ]
INFO: [ app_begin ] --END-- [ RunTime:0.000000s ]
SQL: SHOW COLUMNS FROM `unito_teacher_evaluate` [ RunTime:0.0050s ]
SQL: SHOW COLUMNS FROM `unito_class_info` [ RunTime:0.0050s ]
SQL: SELECT `id`,usert_id tid,userc_id bid,`status`,class_type type FROM `unito_class_info` WHERE ( id = 2 ) LIMIT 1   [ RunTime:0.0000s ]
SQL: SHOW COLUMNS FROM `unito_user_info` [ RunTime:0.0050s ]
SQL: SELECT `name` FROM `unito_user_info` WHERE ( id = 2 ) LIMIT 1   [ RunTime:0.0000s ]
SQL: SELECT `name` FROM `unito_user_info` WHERE ( id = 1 ) LIMIT 1   [ RunTime:0.0010s ]
INFO: [ app_end ] --START--
INFO: Run Behavior\ShowPageTraceBehavior [ RunTime:0.000000s ]
INFO: [ app_end ] --END-- [ RunTime:0.000000s ]

[ 2016-11-01T09:36:55+08:00 ] ::1 /Dsupport/index.php/Home/TeacherEvaluate/get_class_info
INFO: [ app_begin ] --START--
INFO: Run Behavior\ReadHtmlCacheBehavior [ RunTime:0.001000s ]
INFO: [ app_begin ] --END-- [ RunTime:0.002000s ]
SQL: SHOW COLUMNS FROM `unito_teacher_evaluate` [ RunTime:0.0050s ]
SQL: SHOW COLUMNS FROM `unito_class_info` [ RunTime:0.0080s ]
SQL: SELECT `id`,usert_id tid,userc_id bid,`status`,class_type type FROM `unito_class_info` WHERE ( id = 1 ) LIMIT 1   [ RunTime:0.0000s ]
SQL: SHOW COLUMNS FROM `unito_user_info` [ RunTime:0.0050s ]
SQL: SELECT `name` FROM `unito_user_info` WHERE ( id = 1 ) LIMIT 1   [ RunTime:0.0000s ]
SQL: SELECT `name` FROM `unito_user_info` WHERE ( id = 2 ) LIMIT 1   [ RunTime:0.0000s ]
INFO: [ app_end ] --START--
INFO: Run Behavior\ShowPageTraceBehavior [ RunTime:0.000000s ]
INFO: [ app_end ] --END-- [ RunTime:0.000000s ]

[ 2016-11-01T09:51:43+08:00 ] ::1 /Dsupport/index.php/Home/TeacherEvaluate/view/tid/1/cid/1/t/%E7%AE%A1%E7%90%86%E5%91%98/c/P1011/s/%E4%B8%80%E6%AE%B5.html
ERR: SQLSTATE[42S22]: Column not found: 1054 Unknown column 'quote_code' in 'field list'

[ 2016-11-01T09:52:30+08:00 ] ::1 /Dsupport/index.php/Home/TeacherEvaluate/view/tid/1/cid/1/t/%E7%AE%A1%E7%90%86%E5%91%98/c/P1011/s/%E4%B8%80%E6%AE%B5.html
ERR: SQLSTATE[42S22]: Column not found: 1054 Unknown column 'quote_code' in 'field list'

[ 2016-11-01T10:25:59+08:00 ] ::1 /Dsupport/index.php/Home/TeacherEvaluate/get_class_info
INFO: [ app_begin ] --START--
INFO: Run Behavior\ReadHtmlCacheBehavior [ RunTime:0.000000s ]
INFO: [ app_begin ] --END-- [ RunTime:0.000000s ]
SQL: SHOW COLUMNS FROM `unito_teacher_evaluate` [ RunTime:0.0050s ]
SQL: SHOW COLUMNS FROM `unito_class_info` [ RunTime:0.0050s ]
SQL: SELECT `id`,usert_id tid,userc_id bid,`status`,class_type type FROM `unito_class_info` WHERE ( id = 2 ) LIMIT 1   [ RunTime:0.0010s ]
SQL: SHOW COLUMNS FROM `unito_user_info` [ RunTime:0.0040s ]
SQL: SELECT `name` FROM `unito_user_info` WHERE ( id = 2 ) LIMIT 1   [ RunTime:0.0010s ]
SQL: SELECT `name` FROM `unito_user_info` WHERE ( id = 1 ) LIMIT 1   [ RunTime:0.0000s ]
INFO: [ app_end ] --START--
INFO: Run Behavior\ShowPageTraceBehavior [ RunTime:0.001000s ]
INFO: [ app_end ] --END-- [ RunTime:0.001000s ]

[ 2016-11-01T10:26:01+08:00 ] ::1 /Dsupport/index.php/Home/TeacherEvaluate/get_class_info
INFO: [ app_begin ] --START--
INFO: Run Behavior\ReadHtmlCacheBehavior [ RunTime:0.002000s ]
INFO: [ app_begin ] --END-- [ RunTime:0.005001s ]
SQL: SHOW COLUMNS FROM `unito_teacher_evaluate` [ RunTime:0.0050s ]
SQL: SHOW COLUMNS FROM `unito_class_info` [ RunTime:0.0030s ]
SQL: SELECT `id`,usert_id tid,userc_id bid,`status`,class_type type FROM `unito_class_info` WHERE ( id = 3 ) LIMIT 1   [ RunTime:0.0010s ]
SQL: SHOW COLUMNS FROM `unito_user_info` [ RunTime:0.0040s ]
SQL: SELECT `name` FROM `unito_user_info` WHERE ( id = 2 ) LIMIT 1   [ RunTime:0.0000s ]
SQL: SELECT `name` FROM `unito_user_info` WHERE ( id = 1 ) LIMIT 1   [ RunTime:0.0000s ]
INFO: [ app_end ] --START--
INFO: Run Behavior\ShowPageTraceBehavior [ RunTime:0.003001s ]
INFO: [ app_end ] --END-- [ RunTime:0.003001s ]

[ 2016-11-01T10:26:02+08:00 ] ::1 /Dsupport/index.php/Home/TeacherEvaluate/get_class_info
INFO: [ app_begin ] --START--
INFO: Run Behavior\ReadHtmlCacheBehavior [ RunTime:0.001000s ]
INFO: [ app_begin ] --END-- [ RunTime:0.001000s ]
SQL: SHOW COLUMNS FROM `unito_teacher_evaluate` [ RunTime:0.0050s ]
SQL: SHOW COLUMNS FROM `unito_class_info` [ RunTime:0.0070s ]
SQL: SELECT `id`,usert_id tid,userc_id bid,`status`,class_type type FROM `unito_class_info` WHERE ( id = 1 ) LIMIT 1   [ RunTime:0.0000s ]
SQL: SHOW COLUMNS FROM `unito_user_info` [ RunTime:0.0050s ]
SQL: SELECT `name` FROM `unito_user_info` WHERE ( id = 1 ) LIMIT 1   [ RunTime:0.0010s ]
SQL: SELECT `name` FROM `unito_user_info` WHERE ( id = 2 ) LIMIT 1   [ RunTime:0.0000s ]
INFO: [ app_end ] --START--
INFO: Run Behavior\ShowPageTraceBehavior [ RunTime:0.000000s ]
INFO: [ app_end ] --END-- [ RunTime:0.000000s ]

[ 2016-11-01T10:26:04+08:00 ] ::1 /Dsupport/index.php/Home/TeacherEvaluate/get_class_info
INFO: [ app_begin ] --START--
INFO: Run Behavior\ReadHtmlCacheBehavior [ RunTime:0.000000s ]
INFO: [ app_begin ] --END-- [ RunTime:0.001000s ]
SQL: SHOW COLUMNS FROM `unito_teacher_evaluate` [ RunTime:0.0040s ]
SQL: SHOW COLUMNS FROM `unito_class_info` [ RunTime:0.0040s ]
SQL: SELECT `id`,usert_id tid,userc_id bid,`status`,class_type type FROM `unito_class_info` WHERE ( id = 2 ) LIMIT 1   [ RunTime:0.0000s ]
SQL: SHOW COLUMNS FROM `unito_user_info` [ RunTime:0.0050s ]
SQL: SELECT `name` FROM `unito_user_info` WHERE ( id = 2 ) LIMIT 1   [ RunTime:0.0000s ]
SQL: SELECT `name` FROM `unito_user_info` WHERE ( id = 1 ) LIMIT 1   [ RunTime:0.0000s ]
INFO: [ app_end ] --START--
INFO: Run Behavior\ShowPageTraceBehavior [ RunTime:0.001000s ]
INFO: [ app_end ] --END-- [ RunTime:0.001000s ]

[ 2016-11-01T10:26:05+08:00 ] ::1 /Dsupport/index.php/Home/TeacherEvaluate/get_class_info
INFO: [ app_begin ] --START--
INFO: Run Behavior\ReadHtmlCacheBehavior [ RunTime:0.000000s ]
INFO: [ app_begin ] --END-- [ RunTime:0.000000s ]
SQL: SHOW COLUMNS FROM `unito_teacher_evaluate` [ RunTime:0.0040s ]
SQL: SHOW COLUMNS FROM `unito_class_info` [ RunTime:0.0040s ]
SQL: SELECT `id`,usert_id tid,userc_id bid,`status`,class_type type FROM `unito_class_info` WHERE ( id = 3 ) LIMIT 1   [ RunTime:0.0000s ]
SQL: SHOW COLUMNS FROM `unito_user_info` [ RunTime:0.0060s ]
SQL: SELECT `name` FROM `unito_user_info` WHERE ( id = 2 ) LIMIT 1   [ RunTime:0.0000s ]
SQL: SELECT `name` FROM `unito_user_info` WHERE ( id = 1 ) LIMIT 1   [ RunTime:0.0010s ]
INFO: [ app_end ] --START--
INFO: Run Behavior\ShowPageTraceBehavior [ RunTime:0.000000s ]
INFO: [ app_end ] --END-- [ RunTime:0.000000s ]

[ 2016-11-01T10:38:57+08:00 ] ::1 /Dsupport/index.php/Home/Department/edit/id/javascript%20:;
ERR: SQLSTATE[42000]: Syntax error or access violation: 1064 You have an error in your SQL syntax; check the manual that corresponds to your MySQL server version for the right syntax to use near ':; ) LIMIT 1' at line 1

[ 2016-11-01T11:34:00+08:00 ] ::1 /Dsupport/index.php/Home/TeacherEvaluate/view_del
INFO: [ app_begin ] --START--
INFO: Run Behavior\ReadHtmlCacheBehavior [ RunTime:0.000000s ]
INFO: [ app_begin ] --END-- [ RunTime:0.000000s ]
SQL: SHOW COLUMNS FROM `oa_teacher_evaluate` [ RunTime:0.0040s ]
SQL: SHOW COLUMNS FROM `oa_class_info` [ RunTime:0.0040s ]
INFO: [ app_end ] --START--
INFO: Run Behavior\ShowPageTraceBehavior [ RunTime:0.000000s ]
INFO: [ app_end ] --END-- [ RunTime:0.000000s ]

[ 2016-11-01T11:34:17+08:00 ] ::1 /Dsupport/index.php/Home/TeacherEvaluate/view_del
INFO: [ app_begin ] --START--
INFO: Run Behavior\ReadHtmlCacheBehavior [ RunTime:0.000000s ]
INFO: [ app_begin ] --END-- [ RunTime:0.000000s ]
SQL: SHOW COLUMNS FROM `oa_teacher_evaluate` [ RunTime:0.0060s ]
SQL: SHOW COLUMNS FROM `oa_class_info` [ RunTime:0.0050s ]
INFO: [ app_end ] --START--
INFO: Run Behavior\ShowPageTraceBehavior [ RunTime:0.000000s ]
INFO: [ app_end ] --END-- [ RunTime:0.000000s ]

[ 2016-11-01T11:35:26+08:00 ] ::1 /Dsupport/index.php/Home/TeacherEvaluate/view_del
INFO: [ app_begin ] --START--
INFO: Run Behavior\ReadHtmlCacheBehavior [ RunTime:0.000000s ]
INFO: [ app_begin ] --END-- [ RunTime:0.001000s ]
SQL: SHOW COLUMNS FROM `oa_teacher_evaluate` [ RunTime:0.0050s ]
SQL: SHOW COLUMNS FROM `oa_class_info` [ RunTime:0.0040s ]
INFO: [ app_end ] --START--
INFO: Run Behavior\ShowPageTraceBehavior [ RunTime:0.000000s ]
INFO: [ app_end ] --END-- [ RunTime:0.000000s ]

[ 2016-11-01T11:36:30+08:00 ] ::1 /Dsupport/index.php/Home/TeacherEvaluate/view_del
INFO: [ app_begin ] --START--
INFO: Run Behavior\ReadHtmlCacheBehavior [ RunTime:0.000000s ]
INFO: [ app_begin ] --END-- [ RunTime:0.000000s ]
SQL: SHOW COLUMNS FROM `oa_teacher_evaluate` [ RunTime:0.0050s ]
SQL: SHOW COLUMNS FROM `oa_class_info` [ RunTime:0.0040s ]
SQL: DELETE FROM `oa_teacher_evaluate` WHERE `id` = 1 [ RunTime:0.0020s ]
INFO: [ app_end ] --START--
INFO: Run Behavior\ShowPageTraceBehavior [ RunTime:0.000000s ]
INFO: [ app_end ] --END-- [ RunTime:0.000000s ]

[ 2016-11-01T11:36:46+08:00 ] ::1 /Dsupport/index.php/Home/TeacherEvaluate/view_del
INFO: [ app_begin ] --START--
INFO: Run Behavior\ReadHtmlCacheBehavior [ RunTime:0.000000s ]
INFO: [ app_begin ] --END-- [ RunTime:0.001000s ]
SQL: SHOW COLUMNS FROM `oa_teacher_evaluate` [ RunTime:0.0070s ]
SQL: SHOW COLUMNS FROM `oa_class_info` [ RunTime:0.0030s ]
SQL: DELETE FROM `oa_teacher_evaluate` WHERE `id` = 2 [ RunTime:0.0260s ]
INFO: [ app_end ] --START--
INFO: Run Behavior\ShowPageTraceBehavior [ RunTime:0.000000s ]
INFO: [ app_end ] --END-- [ RunTime:0.000000s ]

[ 2016-11-01T12:09:42+08:00 ] ::1 /Dsupport/index.php/Home/TeacherEvaluate/index.html
ERR: SQLSTATE[42000]: Syntax error or access violation: 1064 You have an error in your SQL syntax; check the manual that corresponds to your MySQL server version for the right syntax to use near '["id"]} )' at line 1

[ 2016-11-01T13:40:36+08:00 ] ::1 /Dsupport/index.php/Home/TeacherEvaluate/view_del
INFO: [ app_begin ] --START--
INFO: Run Behavior\ReadHtmlCacheBehavior [ RunTime:0.000000s ]
INFO: [ app_begin ] --END-- [ RunTime:0.001000s ]
SQL: SHOW COLUMNS FROM `oa_teacher_evaluate` [ RunTime:0.0040s ]
SQL: SHOW COLUMNS FROM `oa_class_info` [ RunTime:0.0030s ]
SQL: SHOW COLUMNS FROM `oa_user_info` [ RunTime:0.0040s ]
SQL: DELETE FROM `oa_teacher_evaluate` WHERE `id` = 3 [ RunTime:0.0010s ]
INFO: [ app_end ] --START--
INFO: Run Behavior\ShowPageTraceBehavior [ RunTime:0.000000s ]
INFO: [ app_end ] --END-- [ RunTime:0.000000s ]

[ 2016-11-01T13:44:16+08:00 ] ::1 /Dsupport/index.php/Home/TeacherEvaluate/view_del
INFO: [ app_begin ] --START--
INFO: Run Behavior\ReadHtmlCacheBehavior [ RunTime:0.000000s ]
INFO: [ app_begin ] --END-- [ RunTime:0.001000s ]
SQL: SHOW COLUMNS FROM `oa_teacher_evaluate` [ RunTime:0.0050s ]
SQL: SHOW COLUMNS FROM `oa_class_info` [ RunTime:0.0050s ]
SQL: SHOW COLUMNS FROM `oa_user_info` [ RunTime:0.0050s ]
SQL: DELETE FROM `oa_teacher_evaluate` WHERE `id` = 4 [ RunTime:0.0050s ]
INFO: [ app_end ] --START--
INFO: Run Behavior\ShowPageTraceBehavior [ RunTime:0.001000s ]
INFO: [ app_end ] --END-- [ RunTime:0.001000s ]

[ 2016-11-01T13:47:22+08:00 ] ::1 /Dsupport/index.php/Home/TeacherEvaluate/view_del
INFO: [ app_begin ] --START--
INFO: Run Behavior\ReadHtmlCacheBehavior [ RunTime:0.000000s ]
INFO: [ app_begin ] --END-- [ RunTime:0.000000s ]
SQL: SHOW COLUMNS FROM `oa_teacher_evaluate` [ RunTime:0.0050s ]
SQL: SHOW COLUMNS FROM `oa_class_info` [ RunTime:0.0050s ]
SQL: SHOW COLUMNS FROM `oa_user_info` [ RunTime:0.0040s ]
SQL: DELETE FROM `oa_teacher_evaluate` WHERE `id` = 5 [ RunTime:0.0040s ]
INFO: [ app_end ] --START--
INFO: Run Behavior\ShowPageTraceBehavior [ RunTime:0.000000s ]
INFO: [ app_end ] --END-- [ RunTime:0.000000s ]

[ 2016-11-01T13:48:58+08:00 ] ::1 /Dsupport/index.php/Home/TeacherEvaluate/get_class_info
INFO: [ app_begin ] --START--
INFO: Run Behavior\ReadHtmlCacheBehavior [ RunTime:0.002000s ]
INFO: [ app_begin ] --END-- [ RunTime:0.004000s ]
SQL: SHOW COLUMNS FROM `oa_teacher_evaluate` [ RunTime:0.0050s ]
SQL: SHOW COLUMNS FROM `oa_class_info` [ RunTime:0.0040s ]
SQL: SHOW COLUMNS FROM `oa_user_info` [ RunTime:0.0030s ]
SQL: SELECT `id`,usert_id tid,userc_id bid,`status`,class_type type FROM `oa_class_info` WHERE ( id = 1 ) LIMIT 1   [ RunTime:0.0010s ]
SQL: SHOW COLUMNS FROM `oa_user_info` [ RunTime:0.0030s ]
SQL: SELECT `name` FROM `oa_user_info` WHERE ( id = 1 ) LIMIT 1   [ RunTime:0.0010s ]
SQL: SELECT `name` FROM `oa_user_info` WHERE ( id = 2 ) LIMIT 1   [ RunTime:0.0000s ]
INFO: [ app_end ] --START--
INFO: Run Behavior\ShowPageTraceBehavior [ RunTime:0.002000s ]
INFO: [ app_end ] --END-- [ RunTime:0.002000s ]

[ 2016-11-01T13:49:03+08:00 ] ::1 /Dsupport/index.php/Home/TeacherEvaluate/get_class_info
INFO: [ app_begin ] --START--
INFO: Run Behavior\ReadHtmlCacheBehavior [ RunTime:0.000000s ]
INFO: [ app_begin ] --END-- [ RunTime:0.001000s ]
SQL: SHOW COLUMNS FROM `oa_teacher_evaluate` [ RunTime:0.0040s ]
SQL: SHOW COLUMNS FROM `oa_class_info` [ RunTime:0.0040s ]
SQL: SHOW COLUMNS FROM `oa_user_info` [ RunTime:0.0050s ]
SQL: SELECT `id`,usert_id tid,userc_id bid,`status`,class_type type FROM `oa_class_info` WHERE ( id = 3 ) LIMIT 1   [ RunTime:0.0000s ]
SQL: SHOW COLUMNS FROM `oa_user_info` [ RunTime:0.0040s ]
SQL: SELECT `name` FROM `oa_user_info` WHERE ( id = 2 ) LIMIT 1   [ RunTime:0.0000s ]
SQL: SELECT `name` FROM `oa_user_info` WHERE ( id = 1 ) LIMIT 1   [ RunTime:0.0010s ]
INFO: [ app_end ] --START--
INFO: Run Behavior\ShowPageTraceBehavior [ RunTime:0.000000s ]
INFO: [ app_end ] --END-- [ RunTime:0.000000s ]

[ 2016-11-01T13:52:43+08:00 ] ::1 /Dsupport/index.php/Home/TeacherEvaluate/view_del
INFO: [ app_begin ] --START--
INFO: Run Behavior\ReadHtmlCacheBehavior [ RunTime:0.000000s ]
INFO: [ app_begin ] --END-- [ RunTime:0.000000s ]
SQL: SHOW COLUMNS FROM `oa_teacher_evaluate` [ RunTime:0.0090s ]
SQL: SHOW COLUMNS FROM `oa_class_info` [ RunTime:0.0060s ]
SQL: SHOW COLUMNS FROM `oa_user_info` [ RunTime:0.0040s ]
SQL: DELETE FROM `oa_teacher_evaluate` WHERE `id` = 6 [ RunTime:0.0010s ]
INFO: [ app_end ] --START--
INFO: Run Behavior\ShowPageTraceBehavior [ RunTime:0.000000s ]
INFO: [ app_end ] --END-- [ RunTime:0.000000s ]

[ 2016-11-01T14:54:36+08:00 ] ::1 /Dsupport/index.php/Home/TeacherEvaluate/get_class_info
INFO: [ app_begin ] --START--
INFO: Run Behavior\ReadHtmlCacheBehavior [ RunTime:0.000000s ]
INFO: [ app_begin ] --END-- [ RunTime:0.000000s ]
SQL: SHOW COLUMNS FROM `oa_teacher_evaluate` [ RunTime:0.0040s ]
SQL: SHOW COLUMNS FROM `oa_class_info` [ RunTime:0.0040s ]
SQL: SHOW COLUMNS FROM `oa_user_info` [ RunTime:0.0040s ]
SQL: SELECT `id`,usert_id tid,userc_id bid,`status`,class_type type FROM `oa_class_info` WHERE ( id = 1 ) LIMIT 1   [ RunTime:0.0010s ]
SQL: SHOW COLUMNS FROM `oa_user_info` [ RunTime:0.0040s ]
SQL: SELECT `name` FROM `oa_user_info` WHERE ( id = 1 ) LIMIT 1   [ RunTime:0.0010s ]
SQL: SELECT `name` FROM `oa_user_info` WHERE ( id = 2 ) LIMIT 1   [ RunTime:0.0000s ]
INFO: [ app_end ] --START--
INFO: Run Behavior\ShowPageTraceBehavior [ RunTime:0.000000s ]
INFO: [ app_end ] --END-- [ RunTime:0.000000s ]

[ 2016-11-01T14:54:38+08:00 ] ::1 /Dsupport/index.php/Home/TeacherEvaluate/get_class_info
INFO: [ app_begin ] --START--
INFO: Run Behavior\ReadHtmlCacheBehavior [ RunTime:0.000000s ]
INFO: [ app_begin ] --END-- [ RunTime:0.000000s ]
SQL: SHOW COLUMNS FROM `oa_teacher_evaluate` [ RunTime:0.0040s ]
SQL: SHOW COLUMNS FROM `oa_class_info` [ RunTime:0.0030s ]
SQL: SHOW COLUMNS FROM `oa_user_info` [ RunTime:0.0040s ]
SQL: SELECT `id`,usert_id tid,userc_id bid,`status`,class_type type FROM `oa_class_info` WHERE ( id = 2 ) LIMIT 1   [ RunTime:0.0000s ]
SQL: SHOW COLUMNS FROM `oa_user_info` [ RunTime:0.0050s ]
SQL: SELECT `name` FROM `oa_user_info` WHERE ( id = 2 ) LIMIT 1   [ RunTime:0.0010s ]
SQL: SELECT `name` FROM `oa_user_info` WHERE ( id = 1 ) LIMIT 1   [ RunTime:0.0000s ]
INFO: [ app_end ] --START--
INFO: Run Behavior\ShowPageTraceBehavior [ RunTime:0.001000s ]
INFO: [ app_end ] --END-- [ RunTime:0.001000s ]

[ 2016-11-01T15:09:40+08:00 ] ::1 /Dsupport/index.php/Home/ClassInfo/index.html
ERR: SQLSTATE[42S22]: Column not found: 1054 Unknown column 'calss_type' in 'field list'

[ 2016-11-01T15:36:54+08:00 ] ::1 /Dsupport/index.php/Home/ClassInfo/index.html
ERR: SQLSTATE[42000]: Syntax error or access violation: 1064 You have an error in your SQL syntax; check the manual that corresponds to your MySQL server version for the right syntax to use near ') LIMIT 1' at line 1

[ 2016-11-01T15:38:00+08:00 ] ::1 /Dsupport/index.php/Home/ClassInfo/index.html
ERR: SQLSTATE[42000]: Syntax error or access violation: 1064 You have an error in your SQL syntax; check the manual that corresponds to your MySQL server version for the right syntax to use near ') LIMIT 1' at line 1

[ 2016-11-01T15:39:36+08:00 ] ::1 /Dsupport/index.php/Home/ClassInfo/index.html
ERR: SQLSTATE[42000]: Syntax error or access violation: 1064 You have an error in your SQL syntax; check the manual that corresponds to your MySQL server version for the right syntax to use near ') LIMIT 1' at line 1

[ 2016-11-01T15:40:18+08:00 ] ::1 /Dsupport/index.php/Home/ClassInfo/index.html
ERR: SQLSTATE[42000]: Syntax error or access violation: 1064 You have an error in your SQL syntax; check the manual that corresponds to your MySQL server version for the right syntax to use near ') LIMIT 1' at line 1

[ 2016-11-01T16:14:12+08:00 ] ::1 /Dsupport/index.php/Home/ClassInfo/css/css.css
ERR: 非法操作:css

[ 2016-11-01T16:14:13+08:00 ] ::1 /Dsupport/index.php/Home/ClassInfo/js/jquery.min.js
ERR: 非法操作:js

[ 2016-11-01T16:15:15+08:00 ] ::1 /Dsupport/index.php/Home/ClassInfo/css/css.css
ERR: 非法操作:css

[ 2016-11-01T16:15:15+08:00 ] ::1 /Dsupport/index.php/Home/ClassInfo/js/jquery.min.js
ERR: 非法操作:js

[ 2016-11-01T16:15:29+08:00 ] ::1 /Dsupport/index.php/Home/ClassInfo/css/css.css
ERR: 非法操作:css

[ 2016-11-01T16:15:29+08:00 ] ::1 /Dsupport/index.php/Home/ClassInfo/js/jquery.min.js
ERR: 非法操作:js

[ 2016-11-01T17:08:10+08:00 ] ::1 /Dsupport/index.php/Home/UserInfo/xian
INFO: [ app_begin ] --START--
INFO: Run Behavior\ReadHtmlCacheBehavior [ RunTime:0.000000s ]
INFO: [ app_begin ] --END-- [ RunTime:0.001000s ]
SQL: SHOW COLUMNS FROM `oa_user_info` [ RunTime:0.0050s ]
SQL: UPDATE `oa_user_info` SET `status`='1' WHERE ( id=30 ) [ RunTime:0.0350s ]

[ 2016-11-01T17:08:11+08:00 ] ::1 /Dsupport/index.php/Home/UserInfo/xian
INFO: [ app_begin ] --START--
INFO: Run Behavior\ReadHtmlCacheBehavior [ RunTime:0.000000s ]
INFO: [ app_begin ] --END-- [ RunTime:0.000000s ]
SQL: SHOW COLUMNS FROM `oa_user_info` [ RunTime:0.0100s ]
SQL: UPDATE `oa_user_info` SET `status`='2' WHERE ( id=30 ) [ RunTime:0.0580s ]

[ 2016-11-01T18:03:52+08:00 ] ::1 /Dsupport/index.php/Home/TeacherEvaluate/get_class_info
INFO: [ app_begin ] --START--
INFO: Run Behavior\ReadHtmlCacheBehavior [ RunTime:0.000000s ]
INFO: [ app_begin ] --END-- [ RunTime:0.000000s ]
SQL: SHOW COLUMNS FROM `oa_teacher_evaluate` [ RunTime:0.0060s ]
SQL: SHOW COLUMNS FROM `oa_class_info` [ RunTime:0.0040s ]
SQL: SHOW COLUMNS FROM `oa_user_info` [ RunTime:0.0040s ]
SQL: SELECT `id`,usert_id tid,userc_id bid,`status`,class_type type FROM `oa_class_info` WHERE ( id = 6 ) LIMIT 1   [ RunTime:0.0010s ]
SQL: SHOW COLUMNS FROM `oa_user_info` [ RunTime:0.0070s ]
SQL: SELECT `name` FROM `oa_user_info` WHERE ( id = 2 ) LIMIT 1   [ RunTime:0.0010s ]
SQL: SELECT `name` FROM `oa_user_info` WHERE ( id = 31 ) LIMIT 1   [ RunTime:0.0000s ]
INFO: [ app_end ] --START--
INFO: Run Behavior\ShowPageTraceBehavior [ RunTime:0.000000s ]
INFO: [ app_end ] --END-- [ RunTime:0.000000s ]

[ 2016-11-01T18:06:03+08:00 ] ::1 /Dsupport/index.php/Home/TeacherEvaluate/get_class_info
INFO: [ app_begin ] --START--
INFO: Run Behavior\ReadHtmlCacheBehavior [ RunTime:0.000000s ]
INFO: [ app_begin ] --END-- [ RunTime:0.000000s ]
SQL: SHOW COLUMNS FROM `oa_teacher_evaluate` [ RunTime:0.0030s ]
SQL: SHOW COLUMNS FROM `oa_class_info` [ RunTime:0.0040s ]
SQL: SHOW COLUMNS FROM `oa_user_info` [ RunTime:0.0040s ]
SQL: SELECT `id`,usert_id tid,userc_id bid,`status`,class_type type FROM `oa_class_info` WHERE ( id = 2 ) LIMIT 1   [ RunTime:0.0000s ]
SQL: SHOW COLUMNS FROM `oa_user_info` [ RunTime:0.0060s ]
SQL: SELECT `name` FROM `oa_user_info` WHERE ( id = 2 ) LIMIT 1   [ RunTime:0.0000s ]
SQL: SELECT `name` FROM `oa_user_info` WHERE ( id = 1 ) LIMIT 1   [ RunTime:0.0000s ]
INFO: [ app_end ] --START--
INFO: Run Behavior\ShowPageTraceBehavior [ RunTime:0.000000s ]
INFO: [ app_end ] --END-- [ RunTime:0.000000s ]

[ 2016-11-01T18:07:00+08:00 ] ::1 /Dsupport/index.php/Home/TeacherEvaluate/get_class_info
INFO: [ app_begin ] --START--
INFO: Run Behavior\ReadHtmlCacheBehavior [ RunTime:0.000000s ]
INFO: [ app_begin ] --END-- [ RunTime:0.000000s ]
SQL: SHOW COLUMNS FROM `oa_teacher_evaluate` [ RunTime:0.0060s ]
SQL: SHOW COLUMNS FROM `oa_class_info` [ RunTime:0.0040s ]
SQL: SHOW COLUMNS FROM `oa_user_info` [ RunTime:0.0040s ]
SQL: SELECT `id`,usert_id tid,userc_id bid,`status`,class_type type FROM `oa_class_info` WHERE ( id = 1 ) LIMIT 1   [ RunTime:0.0000s ]
SQL: SHOW COLUMNS FROM `oa_user_info` [ RunTime:0.0040s ]
SQL: SELECT `name` FROM `oa_user_info` WHERE ( id = 1 ) LIMIT 1   [ RunTime:0.0000s ]
SQL: SELECT `name` FROM `oa_user_info` WHERE ( id = 2 ) LIMIT 1   [ RunTime:0.0010s ]
INFO: [ app_end ] --START--
INFO: Run Behavior\ShowPageTraceBehavior [ RunTime:0.000000s ]
INFO: [ app_end ] --END-- [ RunTime:0.000000s ]

[ 2016-11-01T18:07:16+08:00 ] ::1 /Dsupport/index.php/Home/TeacherEvaluate/get_class_info
INFO: [ app_begin ] --START--
INFO: Run Behavior\ReadHtmlCacheBehavior [ RunTime:0.000000s ]
INFO: [ app_begin ] --END-- [ RunTime:0.000000s ]
SQL: SHOW COLUMNS FROM `oa_teacher_evaluate` [ RunTime:0.0040s ]
SQL: SHOW COLUMNS FROM `oa_class_info` [ RunTime:0.0040s ]
SQL: SHOW COLUMNS FROM `oa_user_info` [ RunTime:0.0040s ]
SQL: SELECT `id`,usert_id tid,userc_id bid,`status`,class_type type FROM `oa_class_info` WHERE ( id = 3 ) LIMIT 1   [ RunTime:0.0010s ]
SQL: SHOW COLUMNS FROM `oa_user_info` [ RunTime:0.0030s ]
SQL: SELECT `name` FROM `oa_user_info` WHERE ( id = 2 ) LIMIT 1   [ RunTime:0.0010s ]
SQL: SELECT `name` FROM `oa_user_info` WHERE ( id = 1 ) LIMIT 1   [ RunTime:0.0000s ]
INFO: [ app_end ] --START--
INFO: Run Behavior\ShowPageTraceBehavior [ RunTime:0.000000s ]
INFO: [ app_end ] --END-- [ RunTime:0.000000s ]

[ 2016-11-01T18:08:21+08:00 ] ::1 /Dsupport/index.php/Home/TeacherEvaluate/get_class_info
INFO: [ app_begin ] --START--
INFO: Run Behavior\ReadHtmlCacheBehavior [ RunTime:0.000000s ]
INFO: [ app_begin ] --END-- [ RunTime:0.002000s ]
SQL: SHOW COLUMNS FROM `oa_teacher_evaluate` [ RunTime:0.0050s ]
SQL: SHOW COLUMNS FROM `oa_class_info` [ RunTime:0.0040s ]
SQL: SHOW COLUMNS FROM `oa_user_info` [ RunTime:0.0040s ]
SQL: SELECT `id`,usert_id tid,userc_id bid,`status`,class_type type FROM `oa_class_info` WHERE ( id = 1 ) LIMIT 1   [ RunTime:0.0010s ]
SQL: SHOW COLUMNS FROM `oa_user_info` [ RunTime:0.0030s ]
SQL: SELECT `name` FROM `oa_user_info` WHERE ( id = 1 ) LIMIT 1   [ RunTime:0.0000s ]
SQL: SELECT `name` FROM `oa_user_info` WHERE ( id = 2 ) LIMIT 1   [ RunTime:0.0010s ]
INFO: [ app_end ] --START--
INFO: Run Behavior\ShowPageTraceBehavior [ RunTime:0.000000s ]
INFO: [ app_end ] --END-- [ RunTime:0.000000s ]

[ 2016-11-01T18:08:24+08:00 ] ::1 /Dsupport/index.php/Home/TeacherEvaluate/get_class_info
INFO: [ app_begin ] --START--
INFO: Run Behavior\ReadHtmlCacheBehavior [ RunTime:0.001000s ]
INFO: [ app_begin ] --END-- [ RunTime:0.002000s ]
SQL: SHOW COLUMNS FROM `oa_teacher_evaluate` [ RunTime:0.0060s ]
SQL: SHOW COLUMNS FROM `oa_class_info` [ RunTime:0.0050s ]
SQL: SHOW COLUMNS FROM `oa_user_info` [ RunTime:0.0050s ]
SQL: SELECT `id`,usert_id tid,userc_id bid,`status`,class_type type FROM `oa_class_info` WHERE ( id = 3 ) LIMIT 1   [ RunTime:0.0000s ]
SQL: SHOW COLUMNS FROM `oa_user_info` [ RunTime:0.0040s ]
SQL: SELECT `name` FROM `oa_user_info` WHERE ( id = 2 ) LIMIT 1   [ RunTime:0.0010s ]
SQL: SELECT `name` FROM `oa_user_info` WHERE ( id = 1 ) LIMIT 1   [ RunTime:0.0000s ]
INFO: [ app_end ] --START--
INFO: Run Behavior\ShowPageTraceBehavior [ RunTime:0.000000s ]
INFO: [ app_end ] --END-- [ RunTime:0.000000s ]

[ 2016-11-01T18:08:25+08:00 ] ::1 /Dsupport/index.php/Home/TeacherEvaluate/get_class_info
INFO: [ app_begin ] --START--
INFO: Run Behavior\ReadHtmlCacheBehavior [ RunTime:0.000000s ]
INFO: [ app_begin ] --END-- [ RunTime:0.000000s ]
SQL: SHOW COLUMNS FROM `oa_teacher_evaluate` [ RunTime:0.0040s ]
SQL: SHOW COLUMNS FROM `oa_class_info` [ RunTime:0.0040s ]
SQL: SHOW COLUMNS FROM `oa_user_info` [ RunTime:0.0060s ]
ERR: SQLSTATE[42000]: Syntax error or access violation: 1064 You have an error in your SQL syntax; check the manual that corresponds to your MySQL server version for the right syntax to use near ') LIMIT 1' at line 1

[ 2016-11-01T18:09:13+08:00 ] ::1 /Dsupport/index.php/Home/TeacherEvaluate/get_class_info
INFO: [ app_begin ] --START--
INFO: Run Behavior\ReadHtmlCacheBehavior [ RunTime:0.001000s ]
INFO: [ app_begin ] --END-- [ RunTime:0.001000s ]
SQL: SHOW COLUMNS FROM `oa_teacher_evaluate` [ RunTime:0.0060s ]
SQL: SHOW COLUMNS FROM `oa_class_info` [ RunTime:0.0050s ]
SQL: SHOW COLUMNS FROM `oa_user_info` [ RunTime:0.0060s ]
SQL: SELECT `id`,usert_id tid,userc_id bid,`status`,class_type type FROM `oa_class_info` WHERE ( id = 1 ) LIMIT 1   [ RunTime:0.0010s ]
SQL: SHOW COLUMNS FROM `oa_user_info` [ RunTime:0.0030s ]
SQL: SELECT `name` FROM `oa_user_info` WHERE ( id = 1 ) LIMIT 1   [ RunTime:0.0000s ]
SQL: SELECT `name` FROM `oa_user_info` WHERE ( id = 2 ) LIMIT 1   [ RunTime:0.0000s ]
INFO: [ app_end ] --START--
INFO: Run Behavior\ShowPageTraceBehavior [ RunTime:0.000000s ]
INFO: [ app_end ] --END-- [ RunTime:0.000000s ]

[ 2016-11-01T18:09:14+08:00 ] ::1 /Dsupport/index.php/Home/TeacherEvaluate/get_class_info
INFO: [ app_begin ] --START--
INFO: Run Behavior\ReadHtmlCacheBehavior [ RunTime:0.001000s ]
INFO: [ app_begin ] --END-- [ RunTime:0.001000s ]
SQL: SHOW COLUMNS FROM `oa_teacher_evaluate` [ RunTime:0.0100s ]
SQL: SHOW COLUMNS FROM `oa_class_info` [ RunTime:0.0040s ]
SQL: SHOW COLUMNS FROM `oa_user_info` [ RunTime:0.0040s ]
ERR: SQLSTATE[42000]: Syntax error or access violation: 1064 You have an error in your SQL syntax; check the manual that corresponds to your MySQL server version for the right syntax to use near ') LIMIT 1' at line 1

