[ 2016-10-29T11:08:19+08:00 ] ::1 /Dsupport/
INFO: [ app_init ] --START--
INFO: Run Behavior\BuildLiteBehavior [ RunTime:0.000000s ]
INFO: [ app_init ] --END-- [ RunTime:0.000000s ]
INFO: [ app_begin ] --START--
INFO: Run Behavior\ReadHtmlCacheBehavior [ RunTime:0.003000s ]
INFO: [ app_begin ] --END-- [ RunTime:0.003000s ]
INFO: [ view_parse ] --START--
INFO: [ template_filter ] --START--
INFO: Run Behavior\ContentReplaceBehavior [ RunTime:0.000000s ]
INFO: [ template_filter ] --END-- [ RunTime:0.000000s ]
INFO: Run Behavior\ParseTemplateBehavior [ RunTime:0.020001s ]
INFO: [ view_parse ] --END-- [ RunTime:0.020001s ]
INFO: [ view_filter ] --START--
INFO: Run Behavior\WriteHtmlCacheBehavior [ RunTime:0.001000s ]
INFO: [ view_filter ] --END-- [ RunTime:0.001000s ]
INFO: [ app_end ] --START--
INFO: Run Behavior\ShowPageTraceBehavior [ RunTime:0.001000s ]
INFO: [ app_end ] --END-- [ RunTime:0.001000s ]

[ 2016-10-29T11:37:13+08:00 ] ::1 /Dsupport/index.php/Home/user.html
ERR: 无法加载控制器:User

[ 2016-10-29T11:37:56+08:00 ] ::1 /Dsupport/index.php/Home/Public/%7B:U('Home/Login/exit')%7D
ERR: 非法操作:{:U('Home

[ 2016-10-29T11:39:37+08:00 ] ::1 /Dsupport/index.php/Home/main.html
ERR: 无法加载控制器:Main

[ 2016-10-29T11:41:23+08:00 ] ::1 /Dsupport/index.php/Home/main.html
ERR: 无法加载控制器:Main

[ 2016-10-29T11:46:47+08:00 ] ::1 /Dsupport/index.php/Home/user.html
ERR: 无法加载控制器:User

[ 2016-10-29T12:27:42+08:00 ] ::1 /Dsupport/index.php/Home/Department/add
ERR: 非法操作:add

