[ 2016-11-08T09:35:03+08:00 ] ::1 /Dsupport/index.php/Home/StudentInfo/import.html
ERR: 非法操作:import

[ 2016-11-08T11:40:29+08:00 ] ::1 /ds1107/index.php/Home/Department/details/id/1.html
ERR: Think\Model:getDept方法不存在！

[ 2016-11-08T14:20:01+08:00 ] ::1 /ds1107/index.php/Home/StudentCommunicate/index/id/12/lname/%E9%A9%AC%E8%B5%9B%E5%85%8B.html
ERR: 模板不存在:./Ds/Home/View/StudentCommunicate/index.html

[ 2016-11-08T14:20:20+08:00 ] ::1 /ds1107/index.php/Home/StudentInfo/entrance
INFO: [ app_begin ] --START--
INFO: Run Behavior\ReadHtmlCacheBehavior [ RunTime:0.002000s ]
INFO: [ app_begin ] --END-- [ RunTime:0.004001s ]
SQL: SHOW COLUMNS FROM `oa_student_info` [ RunTime:0.0130s ]
SQL: SHOW COLUMNS FROM `oa_class_info` [ RunTime:0.0110s ]
SQL: SHOW COLUMNS FROM `oa_user_info` [ RunTime:0.0110s ]
SQL: SELECT * FROM `oa_student_info` WHERE ( id=1 ) LIMIT 1   [ RunTime:0.0010s ]
SQL: SELECT `id`,`name` FROM `oa_user_info`  [ RunTime:0.0010s ]
SQL: SELECT `id`,`class_code`,`class_type` FROM `oa_class_info`  [ RunTime:0.0010s ]
SQL: UPDATE `oa_student_info` SET `status`='2' WHERE `id` = 12 [ RunTime:0.2860s ]

[ 2016-11-08T14:20:24+08:00 ] ::1 /ds1107/index.php/Home/StudentCommunicate/index/id/14/lname/%E5%A4%A9%E5%A4%A9.html
ERR: 模板不存在:./Ds/Home/View/StudentCommunicate/index.html

[ 2016-11-08T14:31:31+08:00 ] ::1 /ds1107/index.php/Home/ClassChange/index/id/1/lname/%E9%A9%AC%E4%BA%91.html
ERR: 无法加载控制器:ClassChange

[ 2016-11-08T14:32:13+08:00 ] ::1 /ds1107/index.php/Home/ClassChange/index/id/1/lname/%E9%A9%AC%E4%BA%91.html
ERR: Think\Model:getlist方法不存在！

[ 2016-11-08T14:36:56+08:00 ] ::1 /ds1107/index.php/Home/TeacherEvaluate/get_class_info
INFO: [ app_begin ] --START--
INFO: Run Behavior\ReadHtmlCacheBehavior [ RunTime:0.003000s ]
INFO: [ app_begin ] --END-- [ RunTime:0.005000s ]
SQL: SHOW COLUMNS FROM `oa_teacher_evaluate` [ RunTime:0.0130s ]
SQL: SHOW COLUMNS FROM `oa_class_info` [ RunTime:0.0160s ]
SQL: SHOW COLUMNS FROM `oa_user_info` [ RunTime:0.0160s ]
SQL: SELECT `id`,usert_id tid,userc_id bid,`status`,class_type type,`class_code` FROM `oa_class_info` WHERE ( id = 7 ) LIMIT 1   [ RunTime:0.0010s ]
SQL: SHOW COLUMNS FROM `oa_user_info` [ RunTime:0.0160s ]
SQL: SELECT `name` FROM `oa_user_info` WHERE ( id = 23 ) LIMIT 1   [ RunTime:0.0000s ]
SQL: SELECT `name` FROM `oa_user_info` WHERE ( id = 32 ) LIMIT 1   [ RunTime:0.0000s ]
INFO: [ app_end ] --START--
INFO: Run Behavior\ShowPageTraceBehavior [ RunTime:0.003001s ]
INFO: [ app_end ] --END-- [ RunTime:0.003001s ]

[ 2016-11-08T15:07:40+08:00 ] ::1 /ds1107/index.php/Home/Department/javascript%20:;
ERR: 非法操作:javascript :;

[ 2016-11-08T15:07:54+08:00 ] ::1 /ds1107/index.php/Home/Job/edit/id/javascript%20:;
ERR: SQLSTATE[42000]: Syntax error or access violation: 1064 You have an error in your SQL syntax; check the manual that corresponds to your MySQL server version for the right syntax to use near ':; ) LIMIT 1' at line 1

[ 2016-11-08T15:10:12+08:00 ] ::1 /ds1107/index.php/Home/UserInfo/xian
INFO: [ app_begin ] --START--
INFO: Run Behavior\ReadHtmlCacheBehavior [ RunTime:0.003000s ]
INFO: [ app_begin ] --END-- [ RunTime:0.005000s ]
SQL: SHOW COLUMNS FROM `oa_user_info` [ RunTime:0.0140s ]
SQL: UPDATE `oa_user_info` SET `status`='2' WHERE ( id=32 ) [ RunTime:0.0030s ]

[ 2016-11-08T15:10:13+08:00 ] ::1 /ds1107/index.php/Home/UserInfo/xian
INFO: [ app_begin ] --START--
INFO: Run Behavior\ReadHtmlCacheBehavior [ RunTime:0.003001s ]
INFO: [ app_begin ] --END-- [ RunTime:0.004001s ]
SQL: SHOW COLUMNS FROM `oa_user_info` [ RunTime:0.0180s ]
SQL: UPDATE `oa_user_info` SET `status`='1' WHERE ( id=32 ) [ RunTime:0.0530s ]

[ 2016-11-08T15:28:28+08:00 ] ::1 /ds1107/index.php/Home/UserInfo/xian
INFO: [ app_begin ] --START--
INFO: Run Behavior\ReadHtmlCacheBehavior [ RunTime:0.003000s ]
INFO: [ app_begin ] --END-- [ RunTime:0.008000s ]
SQL: SHOW COLUMNS FROM `oa_user_info` [ RunTime:0.0150s ]
SQL: UPDATE `oa_user_info` SET `status`='2' WHERE ( id=32 ) [ RunTime:0.0820s ]

[ 2016-11-08T15:28:29+08:00 ] ::1 /ds1107/index.php/Home/UserInfo/xian
INFO: [ app_begin ] --START--
INFO: Run Behavior\ReadHtmlCacheBehavior [ RunTime:0.002000s ]
INFO: [ app_begin ] --END-- [ RunTime:0.003000s ]
SQL: SHOW COLUMNS FROM `oa_user_info` [ RunTime:0.0140s ]
SQL: UPDATE `oa_user_info` SET `status`='1' WHERE ( id=32 ) [ RunTime:0.0030s ]

[ 2016-11-08T15:28:31+08:00 ] ::1 /ds1107/index.php/Home/UserInfo/xian
INFO: [ app_begin ] --START--
INFO: Run Behavior\ReadHtmlCacheBehavior [ RunTime:0.003000s ]
INFO: [ app_begin ] --END-- [ RunTime:0.004000s ]
SQL: SHOW COLUMNS FROM `oa_user_info` [ RunTime:0.0150s ]
SQL: UPDATE `oa_user_info` SET `status`='2' WHERE ( id=32 ) [ RunTime:0.1450s ]

[ 2016-11-08T15:28:32+08:00 ] ::1 /ds1107/index.php/Home/UserInfo/xian
INFO: [ app_begin ] --START--
INFO: Run Behavior\ReadHtmlCacheBehavior [ RunTime:0.002000s ]
INFO: [ app_begin ] --END-- [ RunTime:0.004000s ]
SQL: SHOW COLUMNS FROM `oa_user_info` [ RunTime:0.0150s ]
SQL: UPDATE `oa_user_info` SET `status`='1' WHERE ( id=32 ) [ RunTime:0.0030s ]

[ 2016-11-08T15:28:41+08:00 ] ::1 /ds1107/index.php/Home/UserInfo/xian
INFO: [ app_begin ] --START--
INFO: Run Behavior\ReadHtmlCacheBehavior [ RunTime:0.003000s ]
INFO: [ app_begin ] --END-- [ RunTime:0.004000s ]
SQL: SHOW COLUMNS FROM `oa_user_info` [ RunTime:0.0130s ]
SQL: UPDATE `oa_user_info` SET `status`='2' WHERE ( id=32 ) [ RunTime:0.0570s ]

[ 2016-11-08T15:28:43+08:00 ] ::1 /ds1107/index.php/Home/UserInfo/xian
INFO: [ app_begin ] --START--
INFO: Run Behavior\ReadHtmlCacheBehavior [ RunTime:0.003000s ]
INFO: [ app_begin ] --END-- [ RunTime:0.004000s ]
SQL: SHOW COLUMNS FROM `oa_user_info` [ RunTime:0.0190s ]
SQL: UPDATE `oa_user_info` SET `status`='1' WHERE ( id=32 ) [ RunTime:0.0020s ]

[ 2016-11-08T15:28:54+08:00 ] ::1 /ds1107/index.php/Home/UserInfo/xian
INFO: [ app_begin ] --START--
INFO: Run Behavior\ReadHtmlCacheBehavior [ RunTime:0.003001s ]
INFO: [ app_begin ] --END-- [ RunTime:0.004001s ]
SQL: SHOW COLUMNS FROM `oa_user_info` [ RunTime:0.0160s ]
SQL: UPDATE `oa_user_info` SET `status`='2' WHERE ( id=32 ) [ RunTime:0.0510s ]

[ 2016-11-08T15:28:56+08:00 ] ::1 /ds1107/index.php/Home/UserInfo/xian
INFO: [ app_begin ] --START--
INFO: Run Behavior\ReadHtmlCacheBehavior [ RunTime:0.002000s ]
INFO: [ app_begin ] --END-- [ RunTime:0.004000s ]
SQL: SHOW COLUMNS FROM `oa_user_info` [ RunTime:0.0150s ]
SQL: UPDATE `oa_user_info` SET `status`='1' WHERE ( id=32 ) [ RunTime:0.0020s ]

[ 2016-11-08T15:28:57+08:00 ] ::1 /ds1107/index.php/Home/UserInfo/xian
INFO: [ app_begin ] --START--
INFO: Run Behavior\ReadHtmlCacheBehavior [ RunTime:0.003000s ]
INFO: [ app_begin ] --END-- [ RunTime:0.004000s ]
SQL: SHOW COLUMNS FROM `oa_user_info` [ RunTime:0.0140s ]
SQL: UPDATE `oa_user_info` SET `status`='2' WHERE ( id=32 ) [ RunTime:0.2680s ]

[ 2016-11-08T15:31:22+08:00 ] ::1 /ds1107/index.php/Home/ClassInfo/get_class
INFO: [ app_begin ] --START--
INFO: Run Behavior\ReadHtmlCacheBehavior [ RunTime:0.004000s ]
INFO: [ app_begin ] --END-- [ RunTime:0.005000s ]
SQL: SHOW COLUMNS FROM `oa_class_info` [ RunTime:0.0180s ]
SQL: SHOW COLUMNS FROM `oa_user_info` [ RunTime:0.0180s ]
SQL: SHOW COLUMNS FROM `oa_student_info` [ RunTime:0.0190s ]
SQL: SHOW COLUMNS FROM `oa_class_change` [ RunTime:0.0160s ]
SQL: SHOW COLUMNS FROM `oa_class_style` [ RunTime:0.0640s ]
SQL: SELECT `id`,`class_code` FROM `oa_class_info` WHERE ( del = 1 )  [ RunTime:0.0010s ]
INFO: [ app_end ] --START--
INFO: Run Behavior\ShowPageTraceBehavior [ RunTime:0.003000s ]
INFO: [ app_end ] --END-- [ RunTime:0.003000s ]

[ 2016-11-08T15:58:12+08:00 ] ::1 /ds1107/index.php/Home/ClassInfo/get_class
INFO: [ app_begin ] --START--
INFO: Run Behavior\ReadHtmlCacheBehavior [ RunTime:0.003000s ]
INFO: [ app_begin ] --END-- [ RunTime:0.006001s ]
SQL: SHOW COLUMNS FROM `oa_class_info` [ RunTime:0.0170s ]
SQL: SHOW COLUMNS FROM `oa_user_info` [ RunTime:0.0150s ]
SQL: SHOW COLUMNS FROM `oa_student_info` [ RunTime:0.0150s ]
SQL: SHOW COLUMNS FROM `oa_class_change` [ RunTime:0.0130s ]
SQL: SHOW COLUMNS FROM `oa_class_style` [ RunTime:0.0130s ]
SQL: SELECT `id`,`class_code` FROM `oa_class_info` WHERE ( del = 1 )  [ RunTime:0.0010s ]
INFO: [ app_end ] --START--
INFO: Run Behavior\ShowPageTraceBehavior [ RunTime:0.003000s ]
INFO: [ app_end ] --END-- [ RunTime:0.004000s ]

[ 2016-11-08T19:06:41+08:00 ] ::1 /ds1107/index.php/Home/UserInfo/xian
INFO: [ app_begin ] --START--
INFO: Run Behavior\ReadHtmlCacheBehavior [ RunTime:0.003001s ]
INFO: [ app_begin ] --END-- [ RunTime:0.006001s ]
SQL: SHOW COLUMNS FROM `oa_user_info` [ RunTime:0.0160s ]
SQL: UPDATE `oa_user_info` SET `status`='1' WHERE ( id=32 ) [ RunTime:0.0410s ]

[ 2016-11-08T19:06:45+08:00 ] ::1 /ds1107/index.php/Home/UserInfo/xian
INFO: [ app_begin ] --START--
INFO: Run Behavior\ReadHtmlCacheBehavior [ RunTime:0.003000s ]
INFO: [ app_begin ] --END-- [ RunTime:0.005001s ]
SQL: SHOW COLUMNS FROM `oa_user_info` [ RunTime:0.0130s ]
SQL: UPDATE `oa_user_info` SET `status`='2' WHERE ( id=32 ) [ RunTime:0.0580s ]

[ 2016-11-08T19:06:51+08:00 ] ::1 /ds1107/index.php/Home/UserInfo/xian
INFO: [ app_begin ] --START--
INFO: Run Behavior\ReadHtmlCacheBehavior [ RunTime:0.003000s ]
INFO: [ app_begin ] --END-- [ RunTime:0.005000s ]
SQL: SHOW COLUMNS FROM `oa_user_info` [ RunTime:0.0160s ]
SQL: UPDATE `oa_user_info` SET `status`='1' WHERE ( id=32 ) [ RunTime:0.0490s ]

[ 2016-11-08T19:06:52+08:00 ] ::1 /ds1107/index.php/Home/UserInfo/xian
INFO: [ app_begin ] --START--
INFO: Run Behavior\ReadHtmlCacheBehavior [ RunTime:0.003000s ]
INFO: [ app_begin ] --END-- [ RunTime:0.006000s ]
SQL: SHOW COLUMNS FROM `oa_user_info` [ RunTime:0.0160s ]
SQL: UPDATE `oa_user_info` SET `status`='2' WHERE ( id=32 ) [ RunTime:0.0510s ]

[ 2016-11-08T19:06:52+08:00 ] ::1 /ds1107/index.php/Home/UserInfo/xian
INFO: [ app_begin ] --START--
INFO: Run Behavior\ReadHtmlCacheBehavior [ RunTime:0.007000s ]
INFO: [ app_begin ] --END-- [ RunTime:0.010001s ]
SQL: SHOW COLUMNS FROM `oa_user_info` [ RunTime:0.0170s ]
SQL: UPDATE `oa_user_info` SET `status`='2' WHERE ( id=32 ) [ RunTime:0.0520s ]

[ 2016-11-08T19:06:52+08:00 ] ::1 /ds1107/index.php/Home/UserInfo/xian
INFO: [ app_begin ] --START--
INFO: Run Behavior\ReadHtmlCacheBehavior [ RunTime:0.003000s ]
INFO: [ app_begin ] --END-- [ RunTime:0.005000s ]
SQL: SHOW COLUMNS FROM `oa_user_info` [ RunTime:0.0170s ]
SQL: UPDATE `oa_user_info` SET `status`='1' WHERE ( id=32 ) [ RunTime:0.0020s ]

[ 2016-11-08T19:06:52+08:00 ] ::1 /ds1107/index.php/Home/UserInfo/xian
INFO: [ app_begin ] --START--
INFO: Run Behavior\ReadHtmlCacheBehavior [ RunTime:0.004000s ]
INFO: [ app_begin ] --END-- [ RunTime:0.006001s ]
SQL: SHOW COLUMNS FROM `oa_user_info` [ RunTime:0.0140s ]
SQL: UPDATE `oa_user_info` SET `status`='2' WHERE ( id=32 ) [ RunTime:0.0030s ]

[ 2016-11-08T19:06:53+08:00 ] ::1 /ds1107/index.php/Home/UserInfo/xian
INFO: [ app_begin ] --START--
INFO: Run Behavior\ReadHtmlCacheBehavior [ RunTime:0.003000s ]
INFO: [ app_begin ] --END-- [ RunTime:0.005000s ]
SQL: SHOW COLUMNS FROM `oa_user_info` [ RunTime:0.0170s ]
SQL: UPDATE `oa_user_info` SET `status`='1' WHERE ( id=32 ) [ RunTime:0.0510s ]

[ 2016-11-08T19:06:55+08:00 ] ::1 /ds1107/index.php/Home/UserInfo/xian
INFO: [ app_begin ] --START--
INFO: Run Behavior\ReadHtmlCacheBehavior [ RunTime:0.002000s ]
INFO: [ app_begin ] --END-- [ RunTime:0.005000s ]
SQL: SHOW COLUMNS FROM `oa_user_info` [ RunTime:0.0150s ]
SQL: UPDATE `oa_user_info` SET `status`='2' WHERE ( id=32 ) [ RunTime:0.0530s ]

[ 2016-11-08T19:06:56+08:00 ] ::1 /ds1107/index.php/Home/UserInfo/xian
INFO: [ app_begin ] --START--
INFO: Run Behavior\ReadHtmlCacheBehavior [ RunTime:0.003000s ]
INFO: [ app_begin ] --END-- [ RunTime:0.005000s ]
SQL: SHOW COLUMNS FROM `oa_user_info` [ RunTime:0.0140s ]
SQL: UPDATE `oa_user_info` SET `status`='1' WHERE ( id=32 ) [ RunTime:0.0020s ]

