[ 2016-11-14T09:45:54+08:00 ] ::1 /ds1107/index.php/Home/StudentInfo/entrance
INFO: [ app_begin ] --START--
INFO: Run Behavior\ReadHtmlCacheBehavior [ RunTime:0.002000s ]
INFO: [ app_begin ] --END-- [ RunTime:0.003000s ]
SQL: SHOW COLUMNS FROM `oa_student_info` [ RunTime:0.0130s ]
SQL: SHOW COLUMNS FROM `oa_class_info` [ RunTime:0.0110s ]
SQL: SHOW COLUMNS FROM `oa_user_info` [ RunTime:0.0110s ]
SQL: SELECT * FROM `oa_student_info` WHERE `id` = 1 LIMIT 1   [ RunTime:0.0000s ]
SQL: SELECT * FROM `oa_user_info` WHERE `del` = 1  [ RunTime:0.0010s ]
SQL: SELECT `id`,`class_code`,`class_type` FROM `oa_class_info` WHERE `del` = 1  [ RunTime:0.0010s ]
SQL: UPDATE `oa_student_info` SET `status`='2' WHERE `id` = 65 [ RunTime:0.0370s ]

[ 2016-11-14T09:45:59+08:00 ] ::1 /ds1107/index.php/Home/StudentInfo/entrance
INFO: [ app_begin ] --START--
INFO: Run Behavior\ReadHtmlCacheBehavior [ RunTime:0.002000s ]
INFO: [ app_begin ] --END-- [ RunTime:0.003000s ]
SQL: SHOW COLUMNS FROM `oa_student_info` [ RunTime:0.0110s ]
SQL: SHOW COLUMNS FROM `oa_class_info` [ RunTime:0.0080s ]
SQL: SHOW COLUMNS FROM `oa_user_info` [ RunTime:0.0090s ]
SQL: SELECT * FROM `oa_student_info` WHERE `id` = 1 LIMIT 1   [ RunTime:0.0010s ]
SQL: SELECT * FROM `oa_user_info` WHERE `del` = 1  [ RunTime:0.0010s ]
SQL: SELECT `id`,`class_code`,`class_type` FROM `oa_class_info` WHERE `del` = 1  [ RunTime:0.0010s ]
SQL: UPDATE `oa_student_info` SET `status`='2' WHERE `id` = 64 [ RunTime:0.0810s ]

[ 2016-11-14T09:46:30+08:00 ] ::1 /ds1107/index.php/Home/StudentInfo/entrance
INFO: [ app_begin ] --START--
INFO: Run Behavior\ReadHtmlCacheBehavior [ RunTime:0.003000s ]
INFO: [ app_begin ] --END-- [ RunTime:0.004000s ]
SQL: SHOW COLUMNS FROM `oa_student_info` [ RunTime:0.0100s ]
SQL: SHOW COLUMNS FROM `oa_class_info` [ RunTime:0.0100s ]
SQL: SHOW COLUMNS FROM `oa_user_info` [ RunTime:0.0090s ]
SQL: SELECT * FROM `oa_student_info` WHERE `id` = 1 LIMIT 1   [ RunTime:0.0010s ]
SQL: SELECT * FROM `oa_user_info` WHERE `del` = 1  [ RunTime:0.0010s ]
SQL: SELECT `id`,`class_code`,`class_type` FROM `oa_class_info` WHERE `del` = 1  [ RunTime:0.0010s ]
SQL: UPDATE `oa_student_info` SET `status`='2' WHERE `id` = 63 [ RunTime:0.0370s ]

[ 2016-11-14T09:46:32+08:00 ] ::1 /ds1107/index.php/Home/StudentInfo/entrance
INFO: [ app_begin ] --START--
INFO: Run Behavior\ReadHtmlCacheBehavior [ RunTime:0.002000s ]
INFO: [ app_begin ] --END-- [ RunTime:0.003000s ]
SQL: SHOW COLUMNS FROM `oa_student_info` [ RunTime:0.0110s ]
SQL: SHOW COLUMNS FROM `oa_class_info` [ RunTime:0.0100s ]
SQL: SHOW COLUMNS FROM `oa_user_info` [ RunTime:0.0110s ]
SQL: SELECT * FROM `oa_student_info` WHERE `id` = 1 LIMIT 1   [ RunTime:0.0010s ]
SQL: SELECT * FROM `oa_user_info` WHERE `del` = 1  [ RunTime:0.0020s ]
SQL: SELECT `id`,`class_code`,`class_type` FROM `oa_class_info` WHERE `del` = 1  [ RunTime:0.0010s ]
SQL: UPDATE `oa_student_info` SET `status`='2' WHERE `id` = 62 [ RunTime:0.0180s ]

[ 2016-11-14T09:46:37+08:00 ] ::1 /ds1107/index.php/Home/StudentInfo/entrance
INFO: [ app_begin ] --START--
INFO: Run Behavior\ReadHtmlCacheBehavior [ RunTime:0.002000s ]
INFO: [ app_begin ] --END-- [ RunTime:0.004001s ]
SQL: SHOW COLUMNS FROM `oa_student_info` [ RunTime:0.0120s ]
SQL: SHOW COLUMNS FROM `oa_class_info` [ RunTime:0.0100s ]
SQL: SHOW COLUMNS FROM `oa_user_info` [ RunTime:0.0110s ]
SQL: SELECT * FROM `oa_student_info` WHERE `id` = 1 LIMIT 1   [ RunTime:0.0020s ]
SQL: SELECT * FROM `oa_user_info` WHERE `del` = 1  [ RunTime:0.0010s ]
SQL: SELECT `id`,`class_code`,`class_type` FROM `oa_class_info` WHERE `del` = 1  [ RunTime:0.0000s ]
SQL: UPDATE `oa_student_info` SET `status`='2' WHERE `id` = 61 [ RunTime:0.0320s ]

[ 2016-11-14T09:46:41+08:00 ] ::1 /ds1107/index.php/Home/StudentInfo/entrance
INFO: [ app_begin ] --START--
INFO: Run Behavior\ReadHtmlCacheBehavior [ RunTime:0.002001s ]
INFO: [ app_begin ] --END-- [ RunTime:0.003001s ]
SQL: SHOW COLUMNS FROM `oa_student_info` [ RunTime:0.0110s ]
SQL: SHOW COLUMNS FROM `oa_class_info` [ RunTime:0.0100s ]
SQL: SHOW COLUMNS FROM `oa_user_info` [ RunTime:0.0110s ]
SQL: SELECT * FROM `oa_student_info` WHERE `id` = 1 LIMIT 1   [ RunTime:0.0020s ]
SQL: SELECT * FROM `oa_user_info` WHERE `del` = 1  [ RunTime:0.0010s ]
SQL: SELECT `id`,`class_code`,`class_type` FROM `oa_class_info` WHERE `del` = 1  [ RunTime:0.0010s ]
SQL: UPDATE `oa_student_info` SET `status`='2' WHERE `id` = 60 [ RunTime:0.0190s ]

[ 2016-11-14T09:46:51+08:00 ] ::1 /ds1107/index.php/Home/StudentInfo/entrance
INFO: [ app_begin ] --START--
INFO: Run Behavior\ReadHtmlCacheBehavior [ RunTime:0.001000s ]
INFO: [ app_begin ] --END-- [ RunTime:0.002000s ]
SQL: SHOW COLUMNS FROM `oa_student_info` [ RunTime:0.0130s ]
SQL: SHOW COLUMNS FROM `oa_class_info` [ RunTime:0.0100s ]
SQL: SHOW COLUMNS FROM `oa_user_info` [ RunTime:0.0120s ]
SQL: SELECT * FROM `oa_student_info` WHERE `id` = 1 LIMIT 1   [ RunTime:0.0020s ]
SQL: SELECT * FROM `oa_user_info` WHERE `del` = 1  [ RunTime:0.0020s ]
SQL: SELECT `id`,`class_code`,`class_type` FROM `oa_class_info` WHERE `del` = 1  [ RunTime:0.0010s ]
SQL: UPDATE `oa_student_info` SET `status`='2' WHERE `id` = 53 [ RunTime:0.0790s ]

[ 2016-11-14T09:46:53+08:00 ] ::1 /ds1107/index.php/Home/StudentInfo/entrance
INFO: [ app_begin ] --START--
INFO: Run Behavior\ReadHtmlCacheBehavior [ RunTime:0.002001s ]
INFO: [ app_begin ] --END-- [ RunTime:0.003001s ]
SQL: SHOW COLUMNS FROM `oa_student_info` [ RunTime:0.0110s ]
SQL: SHOW COLUMNS FROM `oa_class_info` [ RunTime:0.0090s ]
SQL: SHOW COLUMNS FROM `oa_user_info` [ RunTime:0.0090s ]
SQL: SELECT * FROM `oa_student_info` WHERE `id` = 1 LIMIT 1   [ RunTime:0.0010s ]
SQL: SELECT * FROM `oa_user_info` WHERE `del` = 1  [ RunTime:0.0010s ]
SQL: SELECT `id`,`class_code`,`class_type` FROM `oa_class_info` WHERE `del` = 1  [ RunTime:0.0000s ]
SQL: UPDATE `oa_student_info` SET `status`='2' WHERE `id` = 52 [ RunTime:0.0180s ]

[ 2016-11-14T09:46:58+08:00 ] ::1 /ds1107/index.php/Home/StudentInfo/entrance
INFO: [ app_begin ] --START--
INFO: Run Behavior\ReadHtmlCacheBehavior [ RunTime:0.002000s ]
INFO: [ app_begin ] --END-- [ RunTime:0.003000s ]
SQL: SHOW COLUMNS FROM `oa_student_info` [ RunTime:0.0100s ]
SQL: SHOW COLUMNS FROM `oa_class_info` [ RunTime:0.0100s ]
SQL: SHOW COLUMNS FROM `oa_user_info` [ RunTime:0.0100s ]
SQL: SELECT * FROM `oa_student_info` WHERE `id` = 1 LIMIT 1   [ RunTime:0.0010s ]
SQL: SELECT * FROM `oa_user_info` WHERE `del` = 1  [ RunTime:0.0010s ]
SQL: SELECT `id`,`class_code`,`class_type` FROM `oa_class_info` WHERE `del` = 1  [ RunTime:0.0000s ]
SQL: UPDATE `oa_student_info` SET `status`='2' WHERE `id` = 49 [ RunTime:0.0030s ]

[ 2016-11-14T09:47:00+08:00 ] ::1 /ds1107/index.php/Home/StudentInfo/entrance
INFO: [ app_begin ] --START--
INFO: Run Behavior\ReadHtmlCacheBehavior [ RunTime:0.002000s ]
INFO: [ app_begin ] --END-- [ RunTime:0.004000s ]
SQL: SHOW COLUMNS FROM `oa_student_info` [ RunTime:0.0110s ]
SQL: SHOW COLUMNS FROM `oa_class_info` [ RunTime:0.0120s ]
SQL: SHOW COLUMNS FROM `oa_user_info` [ RunTime:0.0120s ]
SQL: SELECT * FROM `oa_student_info` WHERE `id` = 1 LIMIT 1   [ RunTime:0.0010s ]
SQL: SELECT * FROM `oa_user_info` WHERE `del` = 1  [ RunTime:0.0010s ]
SQL: SELECT `id`,`class_code`,`class_type` FROM `oa_class_info` WHERE `del` = 1  [ RunTime:0.0010s ]
SQL: UPDATE `oa_student_info` SET `status`='2' WHERE `id` = 48 [ RunTime:0.0050s ]

[ 2016-11-14T09:47:03+08:00 ] ::1 /ds1107/index.php/Home/StudentInfo/entrance
INFO: [ app_begin ] --START--
INFO: Run Behavior\ReadHtmlCacheBehavior [ RunTime:0.002000s ]
INFO: [ app_begin ] --END-- [ RunTime:0.003000s ]
SQL: SHOW COLUMNS FROM `oa_student_info` [ RunTime:0.0100s ]
SQL: SHOW COLUMNS FROM `oa_class_info` [ RunTime:0.0100s ]
SQL: SHOW COLUMNS FROM `oa_user_info` [ RunTime:0.0100s ]
SQL: SELECT * FROM `oa_student_info` WHERE `id` = 1 LIMIT 1   [ RunTime:0.0010s ]
SQL: SELECT * FROM `oa_user_info` WHERE `del` = 1  [ RunTime:0.0010s ]
SQL: SELECT `id`,`class_code`,`class_type` FROM `oa_class_info` WHERE `del` = 1  [ RunTime:0.0000s ]
SQL: UPDATE `oa_student_info` SET `status`='2' WHERE `id` = 39 [ RunTime:0.0910s ]

[ 2016-11-14T09:47:04+08:00 ] ::1 /ds1107/index.php/Home/StudentInfo/entrance
INFO: [ app_begin ] --START--
INFO: Run Behavior\ReadHtmlCacheBehavior [ RunTime:0.002001s ]
INFO: [ app_begin ] --END-- [ RunTime:0.003001s ]
SQL: SHOW COLUMNS FROM `oa_student_info` [ RunTime:0.0100s ]
SQL: SHOW COLUMNS FROM `oa_class_info` [ RunTime:0.0100s ]
SQL: SHOW COLUMNS FROM `oa_user_info` [ RunTime:0.0100s ]
SQL: SELECT * FROM `oa_student_info` WHERE `id` = 1 LIMIT 1   [ RunTime:0.0010s ]
SQL: SELECT * FROM `oa_user_info` WHERE `del` = 1  [ RunTime:0.0010s ]
SQL: SELECT `id`,`class_code`,`class_type` FROM `oa_class_info` WHERE `del` = 1  [ RunTime:0.0000s ]
SQL: UPDATE `oa_student_info` SET `status`='2' WHERE `id` = 38 [ RunTime:0.1560s ]

[ 2016-11-14T11:49:52+08:00 ] 192.168.0.130 /ds1107/index.php/Home/WorkAbilityTest/add_edit
INFO: [ app_begin ] --START--
INFO: Run Behavior\ReadHtmlCacheBehavior [ RunTime:0.001001s ]
INFO: [ app_begin ] --END-- [ RunTime:0.003001s ]
SQL: SHOW COLUMNS FROM `oa_work_ability_test` [ RunTime:0.0090s ]
SQL: SHOW COLUMNS FROM `oa_student_info` [ RunTime:0.0100s ]
SQL: SELECT * FROM `oa_work_ability_test` WHERE `stu_id` = 65 LIMIT 1   [ RunTime:0.0010s ]
SQL: INSERT INTO `oa_work_ability_test` (`stu_id`,`test_status`,`entrance_work_aptitude`,`professional_aptitude`,`job_quality`,`diploma`,`create_time`) VALUES ('65','1','2','4','2','2','1479095392') [ RunTime:0.0610s ]
SQL: UPDATE `oa_student_info` SET `status_c`='2' WHERE ( id=65 ) [ RunTime:0.0020s ]

[ 2016-11-14T11:50:04+08:00 ] 192.168.0.130 /ds1107/index.php/Home/WorkAbilityTest/add_edit
INFO: [ app_begin ] --START--
INFO: Run Behavior\ReadHtmlCacheBehavior [ RunTime:0.002000s ]
INFO: [ app_begin ] --END-- [ RunTime:0.004000s ]
SQL: SHOW COLUMNS FROM `oa_work_ability_test` [ RunTime:0.0100s ]
SQL: SHOW COLUMNS FROM `oa_student_info` [ RunTime:0.0120s ]
SQL: SELECT * FROM `oa_work_ability_test` WHERE `stu_id` = 63 LIMIT 1   [ RunTime:0.0010s ]
SQL: INSERT INTO `oa_work_ability_test` (`stu_id`,`test_status`,`entrance_work_aptitude`,`professional_aptitude`,`job_quality`,`diploma`,`create_time`) VALUES ('63','1','2','4','2','2','1479095404') [ RunTime:0.0220s ]
SQL: UPDATE `oa_student_info` SET `status_c`='2' WHERE ( id=63 ) [ RunTime:0.0030s ]

[ 2016-11-14T14:12:59+08:00 ] 192.168.0.10 /ds1107/index.php/Home/Department/javascript%20:;
ERR: 非法操作:javascript :;

[ 2016-11-14T15:10:30+08:00 ] 192.168.0.46 /ds1107/index.php/Home/ClassInfo/get_class
INFO: [ app_begin ] --START--
INFO: Run Behavior\ReadHtmlCacheBehavior [ RunTime:0.002000s ]
INFO: [ app_begin ] --END-- [ RunTime:0.004000s ]
SQL: SHOW COLUMNS FROM `oa_class_info` [ RunTime:0.0100s ]
SQL: SHOW COLUMNS FROM `oa_user_info` [ RunTime:0.0100s ]
SQL: SHOW COLUMNS FROM `oa_student_info` [ RunTime:0.0100s ]
SQL: SHOW COLUMNS FROM `oa_class_change` [ RunTime:0.0100s ]
SQL: SHOW COLUMNS FROM `oa_class_style` [ RunTime:0.0100s ]
SQL: SELECT `id`,`class_code`,`class_type` FROM `oa_class_info` WHERE `del` = 1  [ RunTime:0.0010s ]
INFO: [ app_end ] --START--
INFO: Run Behavior\ShowPageTraceBehavior [ RunTime:0.002000s ]
INFO: [ app_end ] --END-- [ RunTime:0.002000s ]

[ 2016-11-14T15:43:06+08:00 ] 192.168.0.53 /ds1107/index.php/Home/StudentInfo/entrance
INFO: [ app_begin ] --START--
INFO: Run Behavior\ReadHtmlCacheBehavior [ RunTime:0.001001s ]
INFO: [ app_begin ] --END-- [ RunTime:0.002001s ]
SQL: SHOW COLUMNS FROM `oa_student_info` [ RunTime:0.0110s ]
SQL: SHOW COLUMNS FROM `oa_class_info` [ RunTime:0.0100s ]
SQL: SHOW COLUMNS FROM `oa_user_info` [ RunTime:0.0110s ]
SQL: SELECT * FROM `oa_student_info` WHERE `id` = 1 LIMIT 1   [ RunTime:0.0010s ]
SQL: SELECT * FROM `oa_user_info` WHERE `del` = 1  [ RunTime:0.0010s ]
SQL: SELECT `id`,`class_code`,`class_type` FROM `oa_class_info` WHERE `del` = 1  [ RunTime:0.0010s ]
SQL: UPDATE `oa_student_info` SET `status`='2' WHERE `id` = 64 [ RunTime:0.0370s ]

[ 2016-11-14T15:57:02+08:00 ] 192.168.0.53 /ds1107/index.php/Home/StudentInfo/entrance
INFO: [ app_begin ] --START--
INFO: Run Behavior\ReadHtmlCacheBehavior [ RunTime:0.001000s ]
INFO: [ app_begin ] --END-- [ RunTime:0.002000s ]
SQL: SHOW COLUMNS FROM `oa_student_info` [ RunTime:0.0110s ]
SQL: SHOW COLUMNS FROM `oa_class_info` [ RunTime:0.0100s ]
SQL: SHOW COLUMNS FROM `oa_user_info` [ RunTime:0.0110s ]
SQL: SELECT * FROM `oa_student_info` WHERE `id` = 1 LIMIT 1   [ RunTime:0.0010s ]
SQL: SELECT * FROM `oa_user_info` WHERE `del` = 1  [ RunTime:0.0010s ]
SQL: SELECT `id`,`class_code`,`class_type` FROM `oa_class_info` WHERE `del` = 1  [ RunTime:0.0000s ]
SQL: UPDATE `oa_student_info` SET `status`='2' WHERE `id` = 62 [ RunTime:0.1370s ]

[ 2016-11-14T16:02:49+08:00 ] 192.168.0.46 /ds1107/index.php/Home/ClassInfo/get_class
INFO: [ app_begin ] --START--
INFO: Run Behavior\ReadHtmlCacheBehavior [ RunTime:0.002000s ]
INFO: [ app_begin ] --END-- [ RunTime:0.003000s ]
SQL: SHOW COLUMNS FROM `oa_class_info` [ RunTime:0.0100s ]
SQL: SHOW COLUMNS FROM `oa_user_info` [ RunTime:0.0090s ]
SQL: SHOW COLUMNS FROM `oa_student_info` [ RunTime:0.0100s ]
SQL: SHOW COLUMNS FROM `oa_class_change` [ RunTime:0.0110s ]
SQL: SHOW COLUMNS FROM `oa_class_style` [ RunTime:0.0100s ]
SQL: SELECT `id`,`class_code`,`class_type` FROM `oa_class_info` WHERE `del` = 1  [ RunTime:0.0010s ]
INFO: [ app_end ] --START--
INFO: Run Behavior\ShowPageTraceBehavior [ RunTime:0.002000s ]
INFO: [ app_end ] --END-- [ RunTime:0.002000s ]

[ 2016-11-14T16:03:10+08:00 ] 192.168.0.46 /ds1107/index.php/Home/ClassInfo/get_class
INFO: [ app_begin ] --START--
INFO: Run Behavior\ReadHtmlCacheBehavior [ RunTime:0.001000s ]
INFO: [ app_begin ] --END-- [ RunTime:0.002000s ]
SQL: SHOW COLUMNS FROM `oa_class_info` [ RunTime:0.0100s ]
SQL: SHOW COLUMNS FROM `oa_user_info` [ RunTime:0.0100s ]
SQL: SHOW COLUMNS FROM `oa_student_info` [ RunTime:0.0100s ]
SQL: SHOW COLUMNS FROM `oa_class_change` [ RunTime:0.0110s ]
SQL: SHOW COLUMNS FROM `oa_class_style` [ RunTime:0.0100s ]
SQL: SELECT `id`,`class_code`,`class_type` FROM `oa_class_info` WHERE `del` = 1  [ RunTime:0.0000s ]
INFO: [ app_end ] --START--
INFO: Run Behavior\ShowPageTraceBehavior [ RunTime:0.001000s ]
INFO: [ app_end ] --END-- [ RunTime:0.001000s ]

[ 2016-11-14T16:03:32+08:00 ] 192.168.0.46 /ds1107/index.php/Home/ClassInfo/get_class
INFO: [ app_begin ] --START--
INFO: Run Behavior\ReadHtmlCacheBehavior [ RunTime:0.001000s ]
INFO: [ app_begin ] --END-- [ RunTime:0.003000s ]
SQL: SHOW COLUMNS FROM `oa_class_info` [ RunTime:0.0100s ]
SQL: SHOW COLUMNS FROM `oa_user_info` [ RunTime:0.0100s ]
SQL: SHOW COLUMNS FROM `oa_student_info` [ RunTime:0.0100s ]
SQL: SHOW COLUMNS FROM `oa_class_change` [ RunTime:0.0090s ]
SQL: SHOW COLUMNS FROM `oa_class_style` [ RunTime:0.0100s ]
SQL: SELECT `id`,`class_code`,`class_type` FROM `oa_class_info` WHERE `del` = 1  [ RunTime:0.0010s ]
INFO: [ app_end ] --START--
INFO: Run Behavior\ShowPageTraceBehavior [ RunTime:0.002000s ]
INFO: [ app_end ] --END-- [ RunTime:0.002000s ]

[ 2016-11-14T16:03:53+08:00 ] 192.168.0.46 /ds1107/index.php/Home/ClassInfo/get_class
INFO: [ app_begin ] --START--
INFO: Run Behavior\ReadHtmlCacheBehavior [ RunTime:0.001000s ]
INFO: [ app_begin ] --END-- [ RunTime:0.002000s ]
SQL: SHOW COLUMNS FROM `oa_class_info` [ RunTime:0.0100s ]
SQL: SHOW COLUMNS FROM `oa_user_info` [ RunTime:0.0120s ]
SQL: SHOW COLUMNS FROM `oa_student_info` [ RunTime:0.0110s ]
SQL: SHOW COLUMNS FROM `oa_class_change` [ RunTime:0.0100s ]
SQL: SHOW COLUMNS FROM `oa_class_style` [ RunTime:0.0090s ]
SQL: SELECT `id`,`class_code`,`class_type` FROM `oa_class_info` WHERE `del` = 1  [ RunTime:0.0010s ]
INFO: [ app_end ] --START--
INFO: Run Behavior\ShowPageTraceBehavior [ RunTime:0.002000s ]
INFO: [ app_end ] --END-- [ RunTime:0.002000s ]

[ 2016-11-14T16:41:45+08:00 ] 192.168.0.10 /ds1107/index.php/Home/UserInfo/xian
INFO: [ app_begin ] --START--
INFO: Run Behavior\ReadHtmlCacheBehavior [ RunTime:0.001000s ]
INFO: [ app_begin ] --END-- [ RunTime:0.002000s ]
SQL: SHOW COLUMNS FROM `oa_user_info` [ RunTime:0.0100s ]
SQL: UPDATE `oa_user_info` SET `status`='2' WHERE ( id=32 ) [ RunTime:0.0860s ]

[ 2016-11-14T16:41:46+08:00 ] 192.168.0.10 /ds1107/index.php/Home/UserInfo/xian
INFO: [ app_begin ] --START--
INFO: Run Behavior\ReadHtmlCacheBehavior [ RunTime:0.002001s ]
INFO: [ app_begin ] --END-- [ RunTime:0.003001s ]
SQL: SHOW COLUMNS FROM `oa_user_info` [ RunTime:0.0100s ]
SQL: UPDATE `oa_user_info` SET `status`='1' WHERE ( id=32 ) [ RunTime:0.1850s ]

[ 2016-11-14T16:56:20+08:00 ] 192.168.0.53 /ds1107/index.php/Home/UserInfo/xian
INFO: [ app_begin ] --START--
INFO: Run Behavior\ReadHtmlCacheBehavior [ RunTime:0.002000s ]
INFO: [ app_begin ] --END-- [ RunTime:0.003000s ]
SQL: SHOW COLUMNS FROM `oa_user_info` [ RunTime:0.0100s ]
SQL: UPDATE `oa_user_info` SET `status`='2' WHERE ( id=32 ) [ RunTime:0.0270s ]

[ 2016-11-14T16:56:21+08:00 ] 192.168.0.53 /ds1107/index.php/Home/UserInfo/xian
INFO: [ app_begin ] --START--
INFO: Run Behavior\ReadHtmlCacheBehavior [ RunTime:0.001000s ]
INFO: [ app_begin ] --END-- [ RunTime:0.002000s ]
SQL: SHOW COLUMNS FROM `oa_user_info` [ RunTime:0.0100s ]
SQL: UPDATE `oa_user_info` SET `status`='1' WHERE ( id=32 ) [ RunTime:0.2300s ]

[ 2016-11-14T16:56:22+08:00 ] 192.168.0.53 /ds1107/index.php/Home/UserInfo/xian
INFO: [ app_begin ] --START--
INFO: Run Behavior\ReadHtmlCacheBehavior [ RunTime:0.001000s ]
INFO: [ app_begin ] --END-- [ RunTime:0.002000s ]
SQL: SHOW COLUMNS FROM `oa_user_info` [ RunTime:0.0100s ]
SQL: UPDATE `oa_user_info` SET `status`='2' WHERE ( id=32 ) [ RunTime:0.0480s ]

[ 2016-11-14T16:56:23+08:00 ] 192.168.0.53 /ds1107/index.php/Home/UserInfo/xian
INFO: [ app_begin ] --START--
INFO: Run Behavior\ReadHtmlCacheBehavior [ RunTime:0.002000s ]
INFO: [ app_begin ] --END-- [ RunTime:0.003001s ]
SQL: SHOW COLUMNS FROM `oa_user_info` [ RunTime:0.0100s ]
SQL: UPDATE `oa_user_info` SET `status`='1' WHERE ( id=32 ) [ RunTime:0.0030s ]

[ 2016-11-14T16:56:23+08:00 ] 192.168.0.53 /ds1107/index.php/Home/UserInfo/xian
INFO: [ app_begin ] --START--
INFO: Run Behavior\ReadHtmlCacheBehavior [ RunTime:0.001000s ]
INFO: [ app_begin ] --END-- [ RunTime:0.003000s ]
SQL: SHOW COLUMNS FROM `oa_user_info` [ RunTime:0.0100s ]
SQL: UPDATE `oa_user_info` SET `status`='2' WHERE ( id=32 ) [ RunTime:0.0560s ]

[ 2016-11-14T16:56:24+08:00 ] 192.168.0.53 /ds1107/index.php/Home/UserInfo/xian
INFO: [ app_begin ] --START--
INFO: Run Behavior\ReadHtmlCacheBehavior [ RunTime:0.003001s ]
INFO: [ app_begin ] --END-- [ RunTime:0.006001s ]
SQL: SHOW COLUMNS FROM `oa_user_info` [ RunTime:0.0110s ]
SQL: UPDATE `oa_user_info` SET `status`='1' WHERE ( id=32 ) [ RunTime:0.0030s ]

[ 2016-11-14T16:56:24+08:00 ] 192.168.0.53 /ds1107/index.php/Home/UserInfo/xian
INFO: [ app_begin ] --START--
INFO: Run Behavior\ReadHtmlCacheBehavior [ RunTime:0.001000s ]
INFO: [ app_begin ] --END-- [ RunTime:0.003001s ]
SQL: SHOW COLUMNS FROM `oa_user_info` [ RunTime:0.0100s ]
SQL: UPDATE `oa_user_info` SET `status`='2' WHERE ( id=32 ) [ RunTime:0.0040s ]

[ 2016-11-14T16:56:25+08:00 ] 192.168.0.53 /ds1107/index.php/Home/UserInfo/xian
INFO: [ app_begin ] --START--
INFO: Run Behavior\ReadHtmlCacheBehavior [ RunTime:0.002000s ]
INFO: [ app_begin ] --END-- [ RunTime:0.003000s ]
SQL: SHOW COLUMNS FROM `oa_user_info` [ RunTime:0.0100s ]
SQL: UPDATE `oa_user_info` SET `status`='1' WHERE ( id=32 ) [ RunTime:0.0730s ]

[ 2016-11-14T16:56:25+08:00 ] 192.168.0.53 /ds1107/index.php/Home/UserInfo/xian
INFO: [ app_begin ] --START--
INFO: Run Behavior\ReadHtmlCacheBehavior [ RunTime:0.001000s ]
INFO: [ app_begin ] --END-- [ RunTime:0.003000s ]
SQL: SHOW COLUMNS FROM `oa_user_info` [ RunTime:0.0110s ]
SQL: UPDATE `oa_user_info` SET `status`='2' WHERE ( id=32 ) [ RunTime:0.0510s ]

[ 2016-11-14T16:56:29+08:00 ] 192.168.0.53 /ds1107/index.php/Home/UserInfo/xian
INFO: [ app_begin ] --START--
INFO: Run Behavior\ReadHtmlCacheBehavior [ RunTime:0.002000s ]
INFO: [ app_begin ] --END-- [ RunTime:0.003001s ]
SQL: SHOW COLUMNS FROM `oa_user_info` [ RunTime:0.0110s ]
SQL: UPDATE `oa_user_info` SET `status`='2' WHERE ( id=31 ) [ RunTime:0.0020s ]

[ 2016-11-14T16:56:30+08:00 ] 192.168.0.53 /ds1107/index.php/Home/UserInfo/xian
INFO: [ app_begin ] --START--
INFO: Run Behavior\ReadHtmlCacheBehavior [ RunTime:0.001000s ]
INFO: [ app_begin ] --END-- [ RunTime:0.002000s ]
SQL: SHOW COLUMNS FROM `oa_user_info` [ RunTime:0.0120s ]
SQL: UPDATE `oa_user_info` SET `status`='1' WHERE ( id=31 ) [ RunTime:0.0030s ]

[ 2016-11-14T16:56:30+08:00 ] 192.168.0.53 /ds1107/index.php/Home/UserInfo/xian
INFO: [ app_begin ] --START--
INFO: Run Behavior\ReadHtmlCacheBehavior [ RunTime:0.002000s ]
INFO: [ app_begin ] --END-- [ RunTime:0.003000s ]
SQL: SHOW COLUMNS FROM `oa_user_info` [ RunTime:0.0110s ]
SQL: UPDATE `oa_user_info` SET `status`='2' WHERE ( id=31 ) [ RunTime:0.0550s ]

[ 2016-11-14T16:56:31+08:00 ] 192.168.0.53 /ds1107/index.php/Home/UserInfo/xian
INFO: [ app_begin ] --START--
INFO: Run Behavior\ReadHtmlCacheBehavior [ RunTime:0.002000s ]
INFO: [ app_begin ] --END-- [ RunTime:0.003000s ]
SQL: SHOW COLUMNS FROM `oa_user_info` [ RunTime:0.0100s ]
SQL: UPDATE `oa_user_info` SET `status`='1' WHERE ( id=31 ) [ RunTime:0.0030s ]

[ 2016-11-14T16:56:32+08:00 ] 192.168.0.53 /ds1107/index.php/Home/UserInfo/xian
INFO: [ app_begin ] --START--
INFO: Run Behavior\ReadHtmlCacheBehavior [ RunTime:0.002000s ]
INFO: [ app_begin ] --END-- [ RunTime:0.003000s ]
SQL: SHOW COLUMNS FROM `oa_user_info` [ RunTime:0.0090s ]
SQL: UPDATE `oa_user_info` SET `status`='2' WHERE ( id=31 ) [ RunTime:0.0570s ]

[ 2016-11-14T16:56:32+08:00 ] 192.168.0.53 /ds1107/index.php/Home/UserInfo/xian
INFO: [ app_begin ] --START--
INFO: Run Behavior\ReadHtmlCacheBehavior [ RunTime:0.001000s ]
INFO: [ app_begin ] --END-- [ RunTime:0.003000s ]
SQL: SHOW COLUMNS FROM `oa_user_info` [ RunTime:0.0090s ]
SQL: UPDATE `oa_user_info` SET `status`='1' WHERE ( id=31 ) [ RunTime:0.2620s ]

[ 2016-11-14T16:56:32+08:00 ] 192.168.0.53 /ds1107/index.php/Home/UserInfo/xian
INFO: [ app_begin ] --START--
INFO: Run Behavior\ReadHtmlCacheBehavior [ RunTime:0.001000s ]
INFO: [ app_begin ] --END-- [ RunTime:0.003000s ]
SQL: SHOW COLUMNS FROM `oa_user_info` [ RunTime:0.0100s ]
SQL: UPDATE `oa_user_info` SET `status`='2' WHERE ( id=31 ) [ RunTime:0.0040s ]

[ 2016-11-14T16:56:52+08:00 ] 192.168.0.53 /ds1107/index.php/Home/UserInfo/xian
INFO: [ app_begin ] --START--
INFO: Run Behavior\ReadHtmlCacheBehavior [ RunTime:0.001000s ]
INFO: [ app_begin ] --END-- [ RunTime:0.003000s ]
SQL: SHOW COLUMNS FROM `oa_user_info` [ RunTime:0.0110s ]
SQL: UPDATE `oa_user_info` SET `status`='1' WHERE ( id=31 ) [ RunTime:0.0040s ]

[ 2016-11-14T16:56:52+08:00 ] 192.168.0.53 /ds1107/index.php/Home/UserInfo/xian
INFO: [ app_begin ] --START--
INFO: Run Behavior\ReadHtmlCacheBehavior [ RunTime:0.002001s ]
INFO: [ app_begin ] --END-- [ RunTime:0.003001s ]
SQL: SHOW COLUMNS FROM `oa_user_info` [ RunTime:0.0100s ]
SQL: UPDATE `oa_user_info` SET `status`='2' WHERE ( id=31 ) [ RunTime:0.0020s ]

[ 2016-11-14T16:56:53+08:00 ] 192.168.0.53 /ds1107/index.php/Home/UserInfo/xian
INFO: [ app_begin ] --START--
INFO: Run Behavior\ReadHtmlCacheBehavior [ RunTime:0.003001s ]
INFO: [ app_begin ] --END-- [ RunTime:0.004001s ]
SQL: SHOW COLUMNS FROM `oa_user_info` [ RunTime:0.0100s ]
SQL: UPDATE `oa_user_info` SET `status`='1' WHERE ( id=31 ) [ RunTime:0.0030s ]

[ 2016-11-14T16:56:53+08:00 ] 192.168.0.53 /ds1107/index.php/Home/UserInfo/xian
INFO: [ app_begin ] --START--
INFO: Run Behavior\ReadHtmlCacheBehavior [ RunTime:0.002000s ]
INFO: [ app_begin ] --END-- [ RunTime:0.003000s ]
SQL: SHOW COLUMNS FROM `oa_user_info` [ RunTime:0.0110s ]
SQL: UPDATE `oa_user_info` SET `status`='2' WHERE ( id=31 ) [ RunTime:0.0050s ]

[ 2016-11-14T16:56:53+08:00 ] 192.168.0.53 /ds1107/index.php/Home/UserInfo/xian
INFO: [ app_begin ] --START--
INFO: Run Behavior\ReadHtmlCacheBehavior [ RunTime:0.001000s ]
INFO: [ app_begin ] --END-- [ RunTime:0.002000s ]
SQL: SHOW COLUMNS FROM `oa_user_info` [ RunTime:0.0100s ]
SQL: UPDATE `oa_user_info` SET `status`='1' WHERE ( id=31 ) [ RunTime:0.0040s ]

[ 2016-11-14T16:56:53+08:00 ] 192.168.0.53 /ds1107/index.php/Home/UserInfo/xian
INFO: [ app_begin ] --START--
INFO: Run Behavior\ReadHtmlCacheBehavior [ RunTime:0.002000s ]
INFO: [ app_begin ] --END-- [ RunTime:0.003000s ]
SQL: SHOW COLUMNS FROM `oa_user_info` [ RunTime:0.0110s ]
SQL: UPDATE `oa_user_info` SET `status`='2' WHERE ( id=31 ) [ RunTime:0.0030s ]

[ 2016-11-14T16:56:54+08:00 ] 192.168.0.53 /ds1107/index.php/Home/UserInfo/xian
INFO: [ app_begin ] --START--
INFO: Run Behavior\ReadHtmlCacheBehavior [ RunTime:0.002001s ]
INFO: [ app_begin ] --END-- [ RunTime:0.003001s ]
SQL: SHOW COLUMNS FROM `oa_user_info` [ RunTime:0.0100s ]
SQL: UPDATE `oa_user_info` SET `status`='1' WHERE ( id=31 ) [ RunTime:0.0040s ]

[ 2016-11-14T16:56:54+08:00 ] 192.168.0.53 /ds1107/index.php/Home/UserInfo/xian
INFO: [ app_begin ] --START--
INFO: Run Behavior\ReadHtmlCacheBehavior [ RunTime:0.002000s ]
INFO: [ app_begin ] --END-- [ RunTime:0.003000s ]
SQL: SHOW COLUMNS FROM `oa_user_info` [ RunTime:0.0110s ]
SQL: UPDATE `oa_user_info` SET `status`='2' WHERE ( id=31 ) [ RunTime:0.1520s ]

[ 2016-11-14T16:56:54+08:00 ] 192.168.0.53 /ds1107/index.php/Home/UserInfo/xian
INFO: [ app_begin ] --START--
INFO: Run Behavior\ReadHtmlCacheBehavior [ RunTime:0.002000s ]
INFO: [ app_begin ] --END-- [ RunTime:0.005000s ]
SQL: SHOW COLUMNS FROM `oa_user_info` [ RunTime:0.0210s ]
SQL: UPDATE `oa_user_info` SET `status`='2' WHERE ( id=31 ) [ RunTime:0.0030s ]

[ 2016-11-14T16:56:55+08:00 ] 192.168.0.53 /ds1107/index.php/Home/UserInfo/xian
INFO: [ app_begin ] --START--
INFO: Run Behavior\ReadHtmlCacheBehavior [ RunTime:0.001000s ]
INFO: [ app_begin ] --END-- [ RunTime:0.003000s ]
SQL: SHOW COLUMNS FROM `oa_user_info` [ RunTime:0.0110s ]
SQL: UPDATE `oa_user_info` SET `status`='1' WHERE ( id=31 ) [ RunTime:0.0520s ]

[ 2016-11-14T16:56:55+08:00 ] 192.168.0.53 /ds1107/index.php/Home/UserInfo/xian
INFO: [ app_begin ] --START--
INFO: Run Behavior\ReadHtmlCacheBehavior [ RunTime:0.002000s ]
INFO: [ app_begin ] --END-- [ RunTime:0.003001s ]
SQL: SHOW COLUMNS FROM `oa_user_info` [ RunTime:0.0100s ]
SQL: UPDATE `oa_user_info` SET `status`='2' WHERE ( id=31 ) [ RunTime:0.0020s ]

[ 2016-11-14T16:56:55+08:00 ] 192.168.0.53 /ds1107/index.php/Home/UserInfo/xian
INFO: [ app_begin ] --START--
INFO: Run Behavior\ReadHtmlCacheBehavior [ RunTime:0.001000s ]
INFO: [ app_begin ] --END-- [ RunTime:0.002000s ]
SQL: SHOW COLUMNS FROM `oa_user_info` [ RunTime:0.0110s ]
SQL: UPDATE `oa_user_info` SET `status`='1' WHERE ( id=31 ) [ RunTime:0.1870s ]

[ 2016-11-14T16:56:56+08:00 ] 192.168.0.53 /ds1107/index.php/Home/UserInfo/xian
INFO: [ app_begin ] --START--
INFO: Run Behavior\ReadHtmlCacheBehavior [ RunTime:0.002001s ]
INFO: [ app_begin ] --END-- [ RunTime:0.003001s ]
SQL: SHOW COLUMNS FROM `oa_user_info` [ RunTime:0.0100s ]
SQL: UPDATE `oa_user_info` SET `status`='2' WHERE ( id=31 ) [ RunTime:0.0030s ]

[ 2016-11-14T16:56:56+08:00 ] 192.168.0.53 /ds1107/index.php/Home/UserInfo/xian
INFO: [ app_begin ] --START--
INFO: Run Behavior\ReadHtmlCacheBehavior [ RunTime:0.002000s ]
INFO: [ app_begin ] --END-- [ RunTime:0.003000s ]
SQL: SHOW COLUMNS FROM `oa_user_info` [ RunTime:0.0100s ]
SQL: UPDATE `oa_user_info` SET `status`='1' WHERE ( id=31 ) [ RunTime:0.1620s ]

[ 2016-11-14T16:56:56+08:00 ] 192.168.0.53 /ds1107/index.php/Home/UserInfo/xian
INFO: [ app_begin ] --START--
INFO: Run Behavior\ReadHtmlCacheBehavior [ RunTime:0.002000s ]
INFO: [ app_begin ] --END-- [ RunTime:0.002000s ]
SQL: SHOW COLUMNS FROM `oa_user_info` [ RunTime:0.0110s ]
SQL: UPDATE `oa_user_info` SET `status`='1' WHERE ( id=31 ) [ RunTime:0.0040s ]

[ 2016-11-14T16:56:57+08:00 ] 192.168.0.53 /ds1107/index.php/Home/UserInfo/xian
INFO: [ app_begin ] --START--
INFO: Run Behavior\ReadHtmlCacheBehavior [ RunTime:0.001000s ]
INFO: [ app_begin ] --END-- [ RunTime:0.002000s ]
SQL: SHOW COLUMNS FROM `oa_user_info` [ RunTime:0.0110s ]
SQL: UPDATE `oa_user_info` SET `status`='2' WHERE ( id=31 ) [ RunTime:0.1130s ]

[ 2016-11-14T16:56:58+08:00 ] 192.168.0.53 /ds1107/index.php/Home/UserInfo/xian
INFO: [ app_begin ] --START--
INFO: Run Behavior\ReadHtmlCacheBehavior [ RunTime:0.002000s ]
INFO: [ app_begin ] --END-- [ RunTime:0.003000s ]
SQL: SHOW COLUMNS FROM `oa_user_info` [ RunTime:0.0100s ]
SQL: UPDATE `oa_user_info` SET `status`='1' WHERE ( id=30 ) [ RunTime:0.0570s ]

[ 2016-11-14T16:56:58+08:00 ] 192.168.0.53 /ds1107/index.php/Home/UserInfo/xian
INFO: [ app_begin ] --START--
INFO: Run Behavior\ReadHtmlCacheBehavior [ RunTime:0.001000s ]
INFO: [ app_begin ] --END-- [ RunTime:0.002000s ]
SQL: SHOW COLUMNS FROM `oa_user_info` [ RunTime:0.0100s ]
SQL: UPDATE `oa_user_info` SET `status`='2' WHERE ( id=30 ) [ RunTime:0.0030s ]

[ 2016-11-14T16:56:58+08:00 ] 192.168.0.53 /ds1107/index.php/Home/UserInfo/xian
INFO: [ app_begin ] --START--
INFO: Run Behavior\ReadHtmlCacheBehavior [ RunTime:0.001000s ]
INFO: [ app_begin ] --END-- [ RunTime:0.002000s ]
SQL: SHOW COLUMNS FROM `oa_user_info` [ RunTime:0.0100s ]
SQL: UPDATE `oa_user_info` SET `status`='1' WHERE ( id=30 ) [ RunTime:0.0020s ]

[ 2016-11-14T16:56:58+08:00 ] 192.168.0.53 /ds1107/index.php/Home/UserInfo/xian
INFO: [ app_begin ] --START--
INFO: Run Behavior\ReadHtmlCacheBehavior [ RunTime:0.002000s ]
INFO: [ app_begin ] --END-- [ RunTime:0.003000s ]
SQL: SHOW COLUMNS FROM `oa_user_info` [ RunTime:0.0120s ]
SQL: UPDATE `oa_user_info` SET `status`='2' WHERE ( id=30 ) [ RunTime:0.0030s ]

[ 2016-11-14T16:56:59+08:00 ] 192.168.0.53 /ds1107/index.php/Home/UserInfo/xian
INFO: [ app_begin ] --START--
INFO: Run Behavior\ReadHtmlCacheBehavior [ RunTime:0.001000s ]
INFO: [ app_begin ] --END-- [ RunTime:0.002001s ]
SQL: SHOW COLUMNS FROM `oa_user_info` [ RunTime:0.0100s ]
SQL: UPDATE `oa_user_info` SET `status`='1' WHERE ( id=30 ) [ RunTime:0.1520s ]

[ 2016-11-14T16:56:59+08:00 ] 192.168.0.53 /ds1107/index.php/Home/UserInfo/xian
INFO: [ app_begin ] --START--
INFO: Run Behavior\ReadHtmlCacheBehavior [ RunTime:0.002001s ]
INFO: [ app_begin ] --END-- [ RunTime:0.002001s ]
SQL: SHOW COLUMNS FROM `oa_user_info` [ RunTime:0.0100s ]
SQL: UPDATE `oa_user_info` SET `status`='1' WHERE ( id=32 ) [ RunTime:0.0560s ]

[ 2016-11-14T16:57:00+08:00 ] 192.168.0.53 /ds1107/index.php/Home/UserInfo/xian
INFO: [ app_begin ] --START--
INFO: Run Behavior\ReadHtmlCacheBehavior [ RunTime:0.001000s ]
INFO: [ app_begin ] --END-- [ RunTime:0.002000s ]
SQL: SHOW COLUMNS FROM `oa_user_info` [ RunTime:0.0100s ]
SQL: UPDATE `oa_user_info` SET `status`='2' WHERE ( id=32 ) [ RunTime:0.0030s ]

[ 2016-11-14T16:57:00+08:00 ] 192.168.0.53 /ds1107/index.php/Home/UserInfo/xian
INFO: [ app_begin ] --START--
INFO: Run Behavior\ReadHtmlCacheBehavior [ RunTime:0.001000s ]
INFO: [ app_begin ] --END-- [ RunTime:0.003000s ]
SQL: SHOW COLUMNS FROM `oa_user_info` [ RunTime:0.0100s ]
SQL: UPDATE `oa_user_info` SET `status`='1' WHERE ( id=32 ) [ RunTime:0.0020s ]

[ 2016-11-14T16:57:00+08:00 ] 192.168.0.53 /ds1107/index.php/Home/UserInfo/xian
INFO: [ app_begin ] --START--
INFO: Run Behavior\ReadHtmlCacheBehavior [ RunTime:0.002000s ]
INFO: [ app_begin ] --END-- [ RunTime:0.003001s ]
SQL: SHOW COLUMNS FROM `oa_user_info` [ RunTime:0.0100s ]
SQL: UPDATE `oa_user_info` SET `status`='2' WHERE ( id=32 ) [ RunTime:0.1240s ]

[ 2016-11-14T16:57:01+08:00 ] 192.168.0.53 /ds1107/index.php/Home/UserInfo/xian
INFO: [ app_begin ] --START--
INFO: Run Behavior\ReadHtmlCacheBehavior [ RunTime:0.003001s ]
INFO: [ app_begin ] --END-- [ RunTime:0.004001s ]
SQL: SHOW COLUMNS FROM `oa_user_info` [ RunTime:0.0110s ]
SQL: UPDATE `oa_user_info` SET `status`='1' WHERE ( id=32 ) [ RunTime:0.1520s ]

[ 2016-11-14T16:57:01+08:00 ] 192.168.0.53 /ds1107/index.php/Home/UserInfo/xian
INFO: [ app_begin ] --START--
INFO: Run Behavior\ReadHtmlCacheBehavior [ RunTime:0.002000s ]
INFO: [ app_begin ] --END-- [ RunTime:0.003000s ]
SQL: SHOW COLUMNS FROM `oa_user_info` [ RunTime:0.0110s ]
SQL: UPDATE `oa_user_info` SET `status`='1' WHERE ( id=32 ) [ RunTime:0.0030s ]

[ 2016-11-14T16:57:24+08:00 ] 192.168.0.53 /ds1107/index.php/Home/UserInfo/xian
INFO: [ app_begin ] --START--
INFO: Run Behavior\ReadHtmlCacheBehavior [ RunTime:0.001000s ]
INFO: [ app_begin ] --END-- [ RunTime:0.002000s ]
SQL: SHOW COLUMNS FROM `oa_user_info` [ RunTime:0.0100s ]
SQL: UPDATE `oa_user_info` SET `status`='1' WHERE ( id=2 ) [ RunTime:0.0510s ]

[ 2016-11-14T16:57:24+08:00 ] 192.168.0.53 /ds1107/index.php/Home/UserInfo/xian
INFO: [ app_begin ] --START--
INFO: Run Behavior\ReadHtmlCacheBehavior [ RunTime:0.002000s ]
INFO: [ app_begin ] --END-- [ RunTime:0.003000s ]
SQL: SHOW COLUMNS FROM `oa_user_info` [ RunTime:0.0110s ]
SQL: UPDATE `oa_user_info` SET `status`='2' WHERE ( id=2 ) [ RunTime:0.0030s ]

[ 2016-11-14T16:57:24+08:00 ] 192.168.0.53 /ds1107/index.php/Home/UserInfo/xian
INFO: [ app_begin ] --START--
INFO: Run Behavior\ReadHtmlCacheBehavior [ RunTime:0.002000s ]
INFO: [ app_begin ] --END-- [ RunTime:0.003000s ]
SQL: SHOW COLUMNS FROM `oa_user_info` [ RunTime:0.0100s ]
SQL: UPDATE `oa_user_info` SET `status`='1' WHERE ( id=2 ) [ RunTime:0.0020s ]

[ 2016-11-14T16:57:25+08:00 ] 192.168.0.53 /ds1107/index.php/Home/UserInfo/xian
INFO: [ app_begin ] --START--
INFO: Run Behavior\ReadHtmlCacheBehavior [ RunTime:0.001000s ]
INFO: [ app_begin ] --END-- [ RunTime:0.003001s ]
SQL: SHOW COLUMNS FROM `oa_user_info` [ RunTime:0.0100s ]
SQL: UPDATE `oa_user_info` SET `status`='2' WHERE ( id=2 ) [ RunTime:0.2060s ]

[ 2016-11-14T16:57:25+08:00 ] 192.168.0.53 /ds1107/index.php/Home/UserInfo/xian
INFO: [ app_begin ] --START--
INFO: Run Behavior\ReadHtmlCacheBehavior [ RunTime:0.001000s ]
INFO: [ app_begin ] --END-- [ RunTime:0.003000s ]
SQL: SHOW COLUMNS FROM `oa_user_info` [ RunTime:0.0120s ]
SQL: UPDATE `oa_user_info` SET `status`='2' WHERE ( id=2 ) [ RunTime:0.0020s ]

[ 2016-11-14T16:57:25+08:00 ] 192.168.0.53 /ds1107/index.php/Home/UserInfo/xian
INFO: [ app_begin ] --START--
INFO: Run Behavior\ReadHtmlCacheBehavior [ RunTime:0.001000s ]
INFO: [ app_begin ] --END-- [ RunTime:0.002000s ]
SQL: SHOW COLUMNS FROM `oa_user_info` [ RunTime:0.0100s ]
SQL: UPDATE `oa_user_info` SET `status`='1' WHERE ( id=2 ) [ RunTime:0.0020s ]

[ 2016-11-14T16:57:25+08:00 ] 192.168.0.53 /ds1107/index.php/Home/UserInfo/xian
INFO: [ app_begin ] --START--
INFO: Run Behavior\ReadHtmlCacheBehavior [ RunTime:0.001000s ]
INFO: [ app_begin ] --END-- [ RunTime:0.002000s ]
SQL: SHOW COLUMNS FROM `oa_user_info` [ RunTime:0.0100s ]
SQL: UPDATE `oa_user_info` SET `status`='2' WHERE ( id=2 ) [ RunTime:0.0030s ]

[ 2016-11-14T16:57:25+08:00 ] 192.168.0.53 /ds1107/index.php/Home/UserInfo/xian
INFO: [ app_begin ] --START--
INFO: Run Behavior\ReadHtmlCacheBehavior [ RunTime:0.002000s ]
INFO: [ app_begin ] --END-- [ RunTime:0.003000s ]
SQL: SHOW COLUMNS FROM `oa_user_info` [ RunTime:0.0110s ]
SQL: UPDATE `oa_user_info` SET `status`='1' WHERE ( id=2 ) [ RunTime:0.0020s ]

[ 2016-11-14T16:57:26+08:00 ] 192.168.0.53 /ds1107/index.php/Home/UserInfo/xian
INFO: [ app_begin ] --START--
INFO: Run Behavior\ReadHtmlCacheBehavior [ RunTime:0.001000s ]
INFO: [ app_begin ] --END-- [ RunTime:0.002000s ]
SQL: SHOW COLUMNS FROM `oa_user_info` [ RunTime:0.0100s ]
SQL: UPDATE `oa_user_info` SET `status`='2' WHERE ( id=2 ) [ RunTime:0.0020s ]

[ 2016-11-14T16:57:26+08:00 ] 192.168.0.53 /ds1107/index.php/Home/UserInfo/xian
INFO: [ app_begin ] --START--
INFO: Run Behavior\ReadHtmlCacheBehavior [ RunTime:0.001000s ]
INFO: [ app_begin ] --END-- [ RunTime:0.002000s ]
SQL: SHOW COLUMNS FROM `oa_user_info` [ RunTime:0.0100s ]
SQL: UPDATE `oa_user_info` SET `status`='1' WHERE ( id=2 ) [ RunTime:0.0040s ]

[ 2016-11-14T16:57:26+08:00 ] 192.168.0.53 /ds1107/index.php/Home/UserInfo/xian
INFO: [ app_begin ] --START--
INFO: Run Behavior\ReadHtmlCacheBehavior [ RunTime:0.001000s ]
INFO: [ app_begin ] --END-- [ RunTime:0.002000s ]
SQL: SHOW COLUMNS FROM `oa_user_info` [ RunTime:0.0110s ]
SQL: UPDATE `oa_user_info` SET `status`='2' WHERE ( id=2 ) [ RunTime:0.0040s ]

[ 2016-11-14T16:57:27+08:00 ] 192.168.0.53 /ds1107/index.php/Home/UserInfo/xian
INFO: [ app_begin ] --START--
INFO: Run Behavior\ReadHtmlCacheBehavior [ RunTime:0.003000s ]
INFO: [ app_begin ] --END-- [ RunTime:0.004000s ]
SQL: SHOW COLUMNS FROM `oa_user_info` [ RunTime:0.0090s ]
SQL: UPDATE `oa_user_info` SET `status`='1' WHERE ( id=2 ) [ RunTime:0.1700s ]

[ 2016-11-14T16:57:27+08:00 ] 192.168.0.53 /ds1107/index.php/Home/UserInfo/xian
INFO: [ app_begin ] --START--
INFO: Run Behavior\ReadHtmlCacheBehavior [ RunTime:0.002000s ]
INFO: [ app_begin ] --END-- [ RunTime:0.003000s ]
SQL: SHOW COLUMNS FROM `oa_user_info` [ RunTime:0.0130s ]
SQL: UPDATE `oa_user_info` SET `status`='1' WHERE ( id=2 ) [ RunTime:0.1260s ]

[ 2016-11-14T16:57:27+08:00 ] 192.168.0.53 /ds1107/index.php/Home/UserInfo/xian
INFO: [ app_begin ] --START--
INFO: Run Behavior\ReadHtmlCacheBehavior [ RunTime:0.001000s ]
INFO: [ app_begin ] --END-- [ RunTime:0.002000s ]
SQL: SHOW COLUMNS FROM `oa_user_info` [ RunTime:0.0110s ]
SQL: UPDATE `oa_user_info` SET `status`='2' WHERE ( id=2 ) [ RunTime:0.0480s ]

[ 2016-11-14T16:57:28+08:00 ] 192.168.0.53 /ds1107/index.php/Home/UserInfo/xian
INFO: [ app_begin ] --START--
INFO: Run Behavior\ReadHtmlCacheBehavior [ RunTime:0.001000s ]
INFO: [ app_begin ] --END-- [ RunTime:0.003000s ]
SQL: SHOW COLUMNS FROM `oa_user_info` [ RunTime:0.0100s ]
SQL: UPDATE `oa_user_info` SET `status`='1' WHERE ( id=3 ) [ RunTime:0.0190s ]

[ 2016-11-14T16:57:28+08:00 ] 192.168.0.53 /ds1107/index.php/Home/UserInfo/xian
INFO: [ app_begin ] --START--
INFO: Run Behavior\ReadHtmlCacheBehavior [ RunTime:0.003000s ]
INFO: [ app_begin ] --END-- [ RunTime:0.003000s ]
SQL: SHOW COLUMNS FROM `oa_user_info` [ RunTime:0.0100s ]
SQL: UPDATE `oa_user_info` SET `status`='2' WHERE ( id=3 ) [ RunTime:0.0020s ]

[ 2016-11-14T16:57:29+08:00 ] 192.168.0.53 /ds1107/index.php/Home/UserInfo/xian
INFO: [ app_begin ] --START--
INFO: Run Behavior\ReadHtmlCacheBehavior [ RunTime:0.002000s ]
INFO: [ app_begin ] --END-- [ RunTime:0.003001s ]
SQL: SHOW COLUMNS FROM `oa_user_info` [ RunTime:0.0100s ]
SQL: UPDATE `oa_user_info` SET `status`='1' WHERE ( id=3 ) [ RunTime:0.1550s ]

[ 2016-11-14T16:57:29+08:00 ] 192.168.0.53 /ds1107/index.php/Home/UserInfo/xian
INFO: [ app_begin ] --START--
INFO: Run Behavior\ReadHtmlCacheBehavior [ RunTime:0.002000s ]
INFO: [ app_begin ] --END-- [ RunTime:0.003000s ]
SQL: SHOW COLUMNS FROM `oa_user_info` [ RunTime:0.0110s ]
SQL: UPDATE `oa_user_info` SET `status`='1' WHERE ( id=3 ) [ RunTime:0.0030s ]

[ 2016-11-14T16:57:30+08:00 ] 192.168.0.53 /ds1107/index.php/Home/UserInfo/xian
INFO: [ app_begin ] --START--
INFO: Run Behavior\ReadHtmlCacheBehavior [ RunTime:0.002000s ]
INFO: [ app_begin ] --END-- [ RunTime:0.003000s ]
SQL: SHOW COLUMNS FROM `oa_user_info` [ RunTime:0.0090s ]
SQL: UPDATE `oa_user_info` SET `status`='2' WHERE ( id=3 ) [ RunTime:0.1670s ]

[ 2016-11-14T16:57:30+08:00 ] 192.168.0.53 /ds1107/index.php/Home/UserInfo/xian
INFO: [ app_begin ] --START--
INFO: Run Behavior\ReadHtmlCacheBehavior [ RunTime:0.001000s ]
INFO: [ app_begin ] --END-- [ RunTime:0.003000s ]
SQL: SHOW COLUMNS FROM `oa_user_info` [ RunTime:0.0110s ]
SQL: UPDATE `oa_user_info` SET `status`='2' WHERE ( id=3 ) [ RunTime:0.0030s ]

[ 2016-11-14T16:57:30+08:00 ] 192.168.0.53 /ds1107/index.php/Home/UserInfo/xian
INFO: [ app_begin ] --START--
INFO: Run Behavior\ReadHtmlCacheBehavior [ RunTime:0.001000s ]
INFO: [ app_begin ] --END-- [ RunTime:0.003000s ]
SQL: SHOW COLUMNS FROM `oa_user_info` [ RunTime:0.0110s ]
SQL: UPDATE `oa_user_info` SET `status`='1' WHERE ( id=3 ) [ RunTime:0.0020s ]

[ 2016-11-14T16:57:30+08:00 ] 192.168.0.53 /ds1107/index.php/Home/UserInfo/xian
INFO: [ app_begin ] --START--
INFO: Run Behavior\ReadHtmlCacheBehavior [ RunTime:0.002000s ]
INFO: [ app_begin ] --END-- [ RunTime:0.003000s ]
SQL: SHOW COLUMNS FROM `oa_user_info` [ RunTime:0.0110s ]
SQL: UPDATE `oa_user_info` SET `status`='2' WHERE ( id=3 ) [ RunTime:0.0030s ]

[ 2016-11-14T16:57:30+08:00 ] 192.168.0.53 /ds1107/index.php/Home/UserInfo/xian
INFO: [ app_begin ] --START--
INFO: Run Behavior\ReadHtmlCacheBehavior [ RunTime:0.001000s ]
INFO: [ app_begin ] --END-- [ RunTime:0.003000s ]
SQL: SHOW COLUMNS FROM `oa_user_info` [ RunTime:0.0120s ]
SQL: UPDATE `oa_user_info` SET `status`='1' WHERE ( id=3 ) [ RunTime:0.0030s ]

[ 2016-11-14T16:57:31+08:00 ] 192.168.0.53 /ds1107/index.php/Home/UserInfo/xian
INFO: [ app_begin ] --START--
INFO: Run Behavior\ReadHtmlCacheBehavior [ RunTime:0.001000s ]
INFO: [ app_begin ] --END-- [ RunTime:0.003000s ]
SQL: SHOW COLUMNS FROM `oa_user_info` [ RunTime:0.0100s ]
SQL: UPDATE `oa_user_info` SET `status`='2' WHERE ( id=3 ) [ RunTime:0.1400s ]

[ 2016-11-14T16:57:31+08:00 ] 192.168.0.53 /ds1107/index.php/Home/UserInfo/xian
INFO: [ app_begin ] --START--
INFO: Run Behavior\ReadHtmlCacheBehavior [ RunTime:0.001000s ]
INFO: [ app_begin ] --END-- [ RunTime:0.003000s ]
SQL: SHOW COLUMNS FROM `oa_user_info` [ RunTime:0.0100s ]
SQL: UPDATE `oa_user_info` SET `status`='2' WHERE ( id=3 ) [ RunTime:0.0030s ]

[ 2016-11-14T16:57:31+08:00 ] 192.168.0.53 /ds1107/index.php/Home/UserInfo/xian
INFO: [ app_begin ] --START--
INFO: Run Behavior\ReadHtmlCacheBehavior [ RunTime:0.002000s ]
INFO: [ app_begin ] --END-- [ RunTime:0.003001s ]
SQL: SHOW COLUMNS FROM `oa_user_info` [ RunTime:0.0120s ]
SQL: UPDATE `oa_user_info` SET `status`='1' WHERE ( id=3 ) [ RunTime:0.1640s ]

[ 2016-11-14T16:57:31+08:00 ] 192.168.0.53 /ds1107/index.php/Home/UserInfo/xian
INFO: [ app_begin ] --START--
INFO: Run Behavior\ReadHtmlCacheBehavior [ RunTime:0.001000s ]
INFO: [ app_begin ] --END-- [ RunTime:0.003000s ]
SQL: SHOW COLUMNS FROM `oa_user_info` [ RunTime:0.0110s ]
SQL: UPDATE `oa_user_info` SET `status`='1' WHERE ( id=3 ) [ RunTime:0.0030s ]

[ 2016-11-14T16:57:32+08:00 ] 192.168.0.53 /ds1107/index.php/Home/UserInfo/xian
INFO: [ app_begin ] --START--
INFO: Run Behavior\ReadHtmlCacheBehavior [ RunTime:0.002001s ]
INFO: [ app_begin ] --END-- [ RunTime:0.003001s ]
SQL: SHOW COLUMNS FROM `oa_user_info` [ RunTime:0.0110s ]
SQL: UPDATE `oa_user_info` SET `status`='2' WHERE ( id=3 ) [ RunTime:0.1710s ]

[ 2016-11-14T16:57:32+08:00 ] 192.168.0.53 /ds1107/index.php/Home/UserInfo/xian
INFO: [ app_begin ] --START--
INFO: Run Behavior\ReadHtmlCacheBehavior [ RunTime:0.001000s ]
INFO: [ app_begin ] --END-- [ RunTime:0.002000s ]
SQL: SHOW COLUMNS FROM `oa_user_info` [ RunTime:0.0090s ]
SQL: UPDATE `oa_user_info` SET `status`='2' WHERE ( id=3 ) [ RunTime:0.2620s ]

[ 2016-11-14T16:57:32+08:00 ] 192.168.0.53 /ds1107/index.php/Home/UserInfo/xian
INFO: [ app_begin ] --START--
INFO: Run Behavior\ReadHtmlCacheBehavior [ RunTime:0.002000s ]
INFO: [ app_begin ] --END-- [ RunTime:0.003001s ]
SQL: SHOW COLUMNS FROM `oa_user_info` [ RunTime:0.0110s ]
SQL: UPDATE `oa_user_info` SET `status`='1' WHERE ( id=3 ) [ RunTime:0.0030s ]

[ 2016-11-14T16:57:51+08:00 ] 192.168.0.53 /ds1107/index.php/Home/UserInfo/xian
INFO: [ app_begin ] --START--
INFO: Run Behavior\ReadHtmlCacheBehavior [ RunTime:0.001000s ]
INFO: [ app_begin ] --END-- [ RunTime:0.003000s ]
SQL: SHOW COLUMNS FROM `oa_user_info` [ RunTime:0.0100s ]
SQL: UPDATE `oa_user_info` SET `status`='2' WHERE ( id=32 ) [ RunTime:0.0560s ]

[ 2016-11-14T16:57:51+08:00 ] 192.168.0.53 /ds1107/index.php/Home/UserInfo/xian
INFO: [ app_begin ] --START--
INFO: Run Behavior\ReadHtmlCacheBehavior [ RunTime:0.001000s ]
INFO: [ app_begin ] --END-- [ RunTime:0.003001s ]
SQL: SHOW COLUMNS FROM `oa_user_info` [ RunTime:0.0110s ]
SQL: UPDATE `oa_user_info` SET `status`='1' WHERE ( id=32 ) [ RunTime:0.0030s ]

[ 2016-11-14T16:57:51+08:00 ] 192.168.0.53 /ds1107/index.php/Home/UserInfo/xian
INFO: [ app_begin ] --START--
INFO: Run Behavior\ReadHtmlCacheBehavior [ RunTime:0.002000s ]
INFO: [ app_begin ] --END-- [ RunTime:0.003000s ]
SQL: SHOW COLUMNS FROM `oa_user_info` [ RunTime:0.0110s ]
SQL: UPDATE `oa_user_info` SET `status`='2' WHERE ( id=32 ) [ RunTime:0.0030s ]

[ 2016-11-14T16:57:52+08:00 ] 192.168.0.53 /ds1107/index.php/Home/UserInfo/xian
INFO: [ app_begin ] --START--
INFO: Run Behavior\ReadHtmlCacheBehavior [ RunTime:0.001001s ]
INFO: [ app_begin ] --END-- [ RunTime:0.003001s ]
SQL: SHOW COLUMNS FROM `oa_user_info` [ RunTime:0.0110s ]
SQL: UPDATE `oa_user_info` SET `status`='1' WHERE ( id=32 ) [ RunTime:0.0030s ]

[ 2016-11-14T16:57:52+08:00 ] 192.168.0.53 /ds1107/index.php/Home/UserInfo/xian
INFO: [ app_begin ] --START--
INFO: Run Behavior\ReadHtmlCacheBehavior [ RunTime:0.002000s ]
INFO: [ app_begin ] --END-- [ RunTime:0.003000s ]
SQL: SHOW COLUMNS FROM `oa_user_info` [ RunTime:0.0100s ]
SQL: UPDATE `oa_user_info` SET `status`='2' WHERE ( id=32 ) [ RunTime:0.0180s ]

[ 2016-11-14T16:57:52+08:00 ] 192.168.0.53 /ds1107/index.php/Home/UserInfo/xian
INFO: [ app_begin ] --START--
INFO: Run Behavior\ReadHtmlCacheBehavior [ RunTime:0.001000s ]
INFO: [ app_begin ] --END-- [ RunTime:0.003000s ]
SQL: SHOW COLUMNS FROM `oa_user_info` [ RunTime:0.0090s ]
SQL: UPDATE `oa_user_info` SET `status`='1' WHERE ( id=32 ) [ RunTime:0.0020s ]

[ 2016-11-14T16:57:53+08:00 ] 192.168.0.53 /ds1107/index.php/Home/UserInfo/xian
INFO: [ app_begin ] --START--
INFO: Run Behavior\ReadHtmlCacheBehavior [ RunTime:0.002000s ]
INFO: [ app_begin ] --END-- [ RunTime:0.003000s ]
SQL: SHOW COLUMNS FROM `oa_user_info` [ RunTime:0.0100s ]
SQL: UPDATE `oa_user_info` SET `status`='2' WHERE ( id=32 ) [ RunTime:0.1100s ]

[ 2016-11-14T16:57:53+08:00 ] 192.168.0.53 /ds1107/index.php/Home/UserInfo/xian
INFO: [ app_begin ] --START--
INFO: Run Behavior\ReadHtmlCacheBehavior [ RunTime:0.001000s ]
INFO: [ app_begin ] --END-- [ RunTime:0.003000s ]
SQL: SHOW COLUMNS FROM `oa_user_info` [ RunTime:0.0120s ]
SQL: UPDATE `oa_user_info` SET `status`='1' WHERE ( id=32 ) [ RunTime:0.0030s ]

[ 2016-11-14T16:57:54+08:00 ] 192.168.0.53 /ds1107/index.php/Home/UserInfo/xian
INFO: [ app_begin ] --START--
INFO: Run Behavior\ReadHtmlCacheBehavior [ RunTime:0.006000s ]
INFO: [ app_begin ] --END-- [ RunTime:0.008000s ]
SQL: SHOW COLUMNS FROM `oa_user_info` [ RunTime:0.0110s ]
SQL: UPDATE `oa_user_info` SET `status`='2' WHERE ( id=30 ) [ RunTime:0.1170s ]

[ 2016-11-14T16:57:54+08:00 ] 192.168.0.53 /ds1107/index.php/Home/UserInfo/xian
INFO: [ app_begin ] --START--
INFO: Run Behavior\ReadHtmlCacheBehavior [ RunTime:0.002000s ]
INFO: [ app_begin ] --END-- [ RunTime:0.003000s ]
SQL: SHOW COLUMNS FROM `oa_user_info` [ RunTime:0.0120s ]
SQL: UPDATE `oa_user_info` SET `status`='2' WHERE ( id=30 ) [ RunTime:0.0030s ]

[ 2016-11-14T16:57:54+08:00 ] 192.168.0.53 /ds1107/index.php/Home/UserInfo/xian
INFO: [ app_begin ] --START--
INFO: Run Behavior\ReadHtmlCacheBehavior [ RunTime:0.002000s ]
INFO: [ app_begin ] --END-- [ RunTime:0.004000s ]
SQL: SHOW COLUMNS FROM `oa_user_info` [ RunTime:0.0120s ]
SQL: UPDATE `oa_user_info` SET `status`='1' WHERE ( id=30 ) [ RunTime:0.1640s ]

[ 2016-11-14T16:57:54+08:00 ] 192.168.0.53 /ds1107/index.php/Home/UserInfo/xian
INFO: [ app_begin ] --START--
INFO: Run Behavior\ReadHtmlCacheBehavior [ RunTime:0.002000s ]
INFO: [ app_begin ] --END-- [ RunTime:0.003000s ]
SQL: SHOW COLUMNS FROM `oa_user_info` [ RunTime:0.0100s ]
SQL: UPDATE `oa_user_info` SET `status`='1' WHERE ( id=30 ) [ RunTime:0.0030s ]

[ 2016-11-14T16:57:55+08:00 ] 192.168.0.53 /ds1107/index.php/Home/UserInfo/xian
INFO: [ app_begin ] --START--
INFO: Run Behavior\ReadHtmlCacheBehavior [ RunTime:0.001000s ]
INFO: [ app_begin ] --END-- [ RunTime:0.002000s ]
SQL: SHOW COLUMNS FROM `oa_user_info` [ RunTime:0.0120s ]
SQL: UPDATE `oa_user_info` SET `status`='2' WHERE ( id=30 ) [ RunTime:0.2140s ]

[ 2016-11-14T16:57:55+08:00 ] 192.168.0.53 /ds1107/index.php/Home/UserInfo/xian
INFO: [ app_begin ] --START--
INFO: Run Behavior\ReadHtmlCacheBehavior [ RunTime:0.002000s ]
INFO: [ app_begin ] --END-- [ RunTime:0.004000s ]
SQL: SHOW COLUMNS FROM `oa_user_info` [ RunTime:0.0090s ]
SQL: UPDATE `oa_user_info` SET `status`='2' WHERE ( id=30 ) [ RunTime:0.0030s ]

[ 2016-11-14T16:57:55+08:00 ] 192.168.0.53 /ds1107/index.php/Home/UserInfo/xian
INFO: [ app_begin ] --START--
INFO: Run Behavior\ReadHtmlCacheBehavior [ RunTime:0.003001s ]
INFO: [ app_begin ] --END-- [ RunTime:0.004001s ]
SQL: SHOW COLUMNS FROM `oa_user_info` [ RunTime:0.0100s ]
SQL: UPDATE `oa_user_info` SET `status`='1' WHERE ( id=30 ) [ RunTime:0.0040s ]

[ 2016-11-14T16:57:56+08:00 ] 192.168.0.53 /ds1107/index.php/Home/UserInfo/xian
INFO: [ app_begin ] --START--
INFO: Run Behavior\ReadHtmlCacheBehavior [ RunTime:0.001000s ]
INFO: [ app_begin ] --END-- [ RunTime:0.002000s ]
SQL: SHOW COLUMNS FROM `oa_user_info` [ RunTime:0.0110s ]
SQL: UPDATE `oa_user_info` SET `status`='2' WHERE ( id=30 ) [ RunTime:0.0040s ]

[ 2016-11-14T16:57:56+08:00 ] 192.168.0.53 /ds1107/index.php/Home/UserInfo/xian
INFO: [ app_begin ] --START--
INFO: Run Behavior\ReadHtmlCacheBehavior [ RunTime:0.002000s ]
INFO: [ app_begin ] --END-- [ RunTime:0.003000s ]
SQL: SHOW COLUMNS FROM `oa_user_info` [ RunTime:0.0110s ]
SQL: UPDATE `oa_user_info` SET `status`='1' WHERE ( id=30 ) [ RunTime:0.0030s ]

[ 2016-11-14T16:57:56+08:00 ] 192.168.0.53 /ds1107/index.php/Home/UserInfo/xian
INFO: [ app_begin ] --START--
INFO: Run Behavior\ReadHtmlCacheBehavior [ RunTime:0.001000s ]
INFO: [ app_begin ] --END-- [ RunTime:0.002000s ]
SQL: SHOW COLUMNS FROM `oa_user_info` [ RunTime:0.0110s ]
SQL: UPDATE `oa_user_info` SET `status`='2' WHERE ( id=30 ) [ RunTime:0.0020s ]

[ 2016-11-14T16:57:57+08:00 ] 192.168.0.53 /ds1107/index.php/Home/UserInfo/xian
INFO: [ app_begin ] --START--
INFO: Run Behavior\ReadHtmlCacheBehavior [ RunTime:0.001000s ]
INFO: [ app_begin ] --END-- [ RunTime:0.002000s ]
SQL: SHOW COLUMNS FROM `oa_user_info` [ RunTime:0.0100s ]
SQL: UPDATE `oa_user_info` SET `status`='1' WHERE ( id=30 ) [ RunTime:0.0030s ]

[ 2016-11-14T16:57:57+08:00 ] 192.168.0.53 /ds1107/index.php/Home/UserInfo/xian
INFO: [ app_begin ] --START--
INFO: Run Behavior\ReadHtmlCacheBehavior [ RunTime:0.001000s ]
INFO: [ app_begin ] --END-- [ RunTime:0.003000s ]
SQL: SHOW COLUMNS FROM `oa_user_info` [ RunTime:0.0110s ]
SQL: UPDATE `oa_user_info` SET `status`='2' WHERE ( id=30 ) [ RunTime:0.0730s ]

[ 2016-11-14T16:57:58+08:00 ] 192.168.0.53 /ds1107/index.php/Home/UserInfo/xian
INFO: [ app_begin ] --START--
INFO: Run Behavior\ReadHtmlCacheBehavior [ RunTime:0.002000s ]
INFO: [ app_begin ] --END-- [ RunTime:0.004000s ]
SQL: SHOW COLUMNS FROM `oa_user_info` [ RunTime:0.0090s ]
SQL: UPDATE `oa_user_info` SET `status`='1' WHERE ( id=31 ) [ RunTime:0.0020s ]

[ 2016-11-14T16:57:58+08:00 ] 192.168.0.53 /ds1107/index.php/Home/UserInfo/xian
INFO: [ app_begin ] --START--
INFO: Run Behavior\ReadHtmlCacheBehavior [ RunTime:0.001000s ]
INFO: [ app_begin ] --END-- [ RunTime:0.004000s ]
SQL: SHOW COLUMNS FROM `oa_user_info` [ RunTime:0.0100s ]
SQL: UPDATE `oa_user_info` SET `status`='2' WHERE ( id=31 ) [ RunTime:0.0030s ]

[ 2016-11-14T16:57:59+08:00 ] 192.168.0.53 /ds1107/index.php/Home/UserInfo/xian
INFO: [ app_begin ] --START--
INFO: Run Behavior\ReadHtmlCacheBehavior [ RunTime:0.001001s ]
INFO: [ app_begin ] --END-- [ RunTime:0.003001s ]
SQL: SHOW COLUMNS FROM `oa_user_info` [ RunTime:0.0100s ]
SQL: UPDATE `oa_user_info` SET `status`='1' WHERE ( id=31 ) [ RunTime:0.0030s ]

[ 2016-11-14T16:57:59+08:00 ] 192.168.0.53 /ds1107/index.php/Home/UserInfo/xian
INFO: [ app_begin ] --START--
INFO: Run Behavior\ReadHtmlCacheBehavior [ RunTime:0.001001s ]
INFO: [ app_begin ] --END-- [ RunTime:0.002001s ]
SQL: SHOW COLUMNS FROM `oa_user_info` [ RunTime:0.0110s ]
SQL: UPDATE `oa_user_info` SET `status`='2' WHERE ( id=31 ) [ RunTime:0.0470s ]

[ 2016-11-14T16:58:00+08:00 ] 192.168.0.53 /ds1107/index.php/Home/UserInfo/xian
INFO: [ app_begin ] --START--
INFO: Run Behavior\ReadHtmlCacheBehavior [ RunTime:0.002000s ]
INFO: [ app_begin ] --END-- [ RunTime:0.003000s ]
SQL: SHOW COLUMNS FROM `oa_user_info` [ RunTime:0.0110s ]
SQL: UPDATE `oa_user_info` SET `status`='2' WHERE ( id=32 ) [ RunTime:0.0020s ]

[ 2016-11-14T17:14:43+08:00 ] 192.168.0.130 /ds1107/index.php/Home/WorkAbilityTest/add_edit
INFO: [ app_begin ] --START--
INFO: Run Behavior\ReadHtmlCacheBehavior [ RunTime:0.002000s ]
INFO: [ app_begin ] --END-- [ RunTime:0.003000s ]
SQL: SHOW COLUMNS FROM `oa_work_ability_test` [ RunTime:0.0100s ]
SQL: SHOW COLUMNS FROM `oa_student_info` [ RunTime:0.0100s ]
SQL: SELECT * FROM `oa_work_ability_test` WHERE `stu_id` = 64 LIMIT 1   [ RunTime:0.0010s ]
SQL: INSERT INTO `oa_work_ability_test` (`stu_id`,`test_status`,`entrance_work_aptitude`,`professional_aptitude`,`job_quality`,`diploma`,`create_time`) VALUES ('64','1','2','4','4','2','1479114883') [ RunTime:0.0210s ]
SQL: UPDATE `oa_student_info` SET `status_c`='2' WHERE ( id=64 ) [ RunTime:0.0030s ]

[ 2016-11-14T17:14:51+08:00 ] 192.168.0.130 /ds1107/index.php/Home/WorkAbilityTest/add_edit
INFO: [ app_begin ] --START--
INFO: Run Behavior\ReadHtmlCacheBehavior [ RunTime:0.001000s ]
INFO: [ app_begin ] --END-- [ RunTime:0.002000s ]
SQL: SHOW COLUMNS FROM `oa_work_ability_test` [ RunTime:0.0100s ]
SQL: SHOW COLUMNS FROM `oa_student_info` [ RunTime:0.0110s ]
SQL: SELECT * FROM `oa_work_ability_test` WHERE `stu_id` = 64 LIMIT 1   [ RunTime:0.0010s ]
SQL: UPDATE `oa_work_ability_test` SET `stu_id`='64',`test_status`='1',`entrance_work_aptitude`='2',`professional_aptitude`='4',`job_quality`='4',`diploma`='2',`create_time`='1479114890' WHERE `stu_id` = 64 [ RunTime:0.0780s ]

[ 2016-11-14T17:14:55+08:00 ] 192.168.0.130 /ds1107/index.php/Home/WorkAbilityTest/add_edit
INFO: [ app_begin ] --START--
INFO: Run Behavior\ReadHtmlCacheBehavior [ RunTime:0.001000s ]
INFO: [ app_begin ] --END-- [ RunTime:0.003000s ]
SQL: SHOW COLUMNS FROM `oa_work_ability_test` [ RunTime:0.0100s ]
SQL: SHOW COLUMNS FROM `oa_student_info` [ RunTime:0.0110s ]
SQL: SELECT * FROM `oa_work_ability_test` WHERE `stu_id` = 64 LIMIT 1   [ RunTime:0.0010s ]
SQL: UPDATE `oa_work_ability_test` SET `stu_id`='64',`test_status`='1',`entrance_work_aptitude`='2',`professional_aptitude`='4',`job_quality`='4',`diploma`='2',`create_time`='1479114895' WHERE `stu_id` = 64 [ RunTime:0.0020s ]

[ 2016-11-14T17:15:02+08:00 ] 192.168.0.130 /ds1107/index.php/Home/WorkAbilityTest/add_edit
INFO: [ app_begin ] --START--
INFO: Run Behavior\ReadHtmlCacheBehavior [ RunTime:0.001001s ]
INFO: [ app_begin ] --END-- [ RunTime:0.002001s ]
SQL: SHOW COLUMNS FROM `oa_work_ability_test` [ RunTime:0.0100s ]
SQL: SHOW COLUMNS FROM `oa_student_info` [ RunTime:0.0100s ]
SQL: SELECT * FROM `oa_work_ability_test` WHERE `stu_id` = 64 LIMIT 1   [ RunTime:0.0010s ]
SQL: UPDATE `oa_work_ability_test` SET `stu_id`='64',`test_status`='1',`entrance_work_aptitude`='2',`professional_aptitude`='2',`job_quality`='2',`diploma`='2',`create_time`='1479114902' WHERE `stu_id` = 64 [ RunTime:0.0490s ]

[ 2016-11-14T17:18:31+08:00 ] ::1 /ds1107/index.php/Home/TeacherEvaluate/get_class_info
INFO: [ app_begin ] --START--
INFO: Run Behavior\ReadHtmlCacheBehavior [ RunTime:0.002000s ]
INFO: [ app_begin ] --END-- [ RunTime:0.003000s ]
SQL: SHOW COLUMNS FROM `oa_teacher_evaluate` [ RunTime:0.0090s ]
SQL: SHOW COLUMNS FROM `oa_class_info` [ RunTime:0.0090s ]
SQL: SHOW COLUMNS FROM `oa_user_info` [ RunTime:0.0100s ]
SQL: SELECT `id`,usert_id tid,userc_id bid,`status`,class_type type,`class_code` FROM `oa_class_info` WHERE ( id = 3 ) LIMIT 1   [ RunTime:0.0010s ]
SQL: SHOW COLUMNS FROM `oa_user_info` [ RunTime:0.0120s ]
SQL: SELECT `name` FROM `oa_user_info` WHERE ( id = 2 ) LIMIT 1   [ RunTime:0.0010s ]
SQL: SELECT `name` FROM `oa_user_info` WHERE ( id = 1 ) LIMIT 1   [ RunTime:0.0000s ]
INFO: [ app_end ] --START--
INFO: Run Behavior\ShowPageTraceBehavior [ RunTime:0.001000s ]
INFO: [ app_end ] --END-- [ RunTime:0.002000s ]

[ 2016-11-14T17:18:33+08:00 ] ::1 /ds1107/index.php/Home/TeacherEvaluate/get_class_info
INFO: [ app_begin ] --START--
INFO: Run Behavior\ReadHtmlCacheBehavior [ RunTime:0.002000s ]
INFO: [ app_begin ] --END-- [ RunTime:0.003000s ]
SQL: SHOW COLUMNS FROM `oa_teacher_evaluate` [ RunTime:0.0090s ]
SQL: SHOW COLUMNS FROM `oa_class_info` [ RunTime:0.0110s ]
SQL: SHOW COLUMNS FROM `oa_user_info` [ RunTime:0.0120s ]
SQL: SELECT `id`,usert_id tid,userc_id bid,`status`,class_type type,`class_code` FROM `oa_class_info` WHERE ( id = 4 ) LIMIT 1   [ RunTime:0.0010s ]
SQL: SHOW COLUMNS FROM `oa_user_info` [ RunTime:0.0110s ]
SQL: SELECT `name` FROM `oa_user_info` WHERE ( id = 20 ) LIMIT 1   [ RunTime:0.0010s ]
SQL: SELECT `name` FROM `oa_user_info` WHERE ( id = 21 ) LIMIT 1   [ RunTime:0.0010s ]
INFO: [ app_end ] --START--
INFO: Run Behavior\ShowPageTraceBehavior [ RunTime:0.002000s ]
INFO: [ app_end ] --END-- [ RunTime:0.002000s ]

[ 2016-11-14T17:18:35+08:00 ] ::1 /ds1107/index.php/Home/TeacherEvaluate/get_class_info
INFO: [ app_begin ] --START--
INFO: Run Behavior\ReadHtmlCacheBehavior [ RunTime:0.001000s ]
INFO: [ app_begin ] --END-- [ RunTime:0.002000s ]
SQL: SHOW COLUMNS FROM `oa_teacher_evaluate` [ RunTime:0.0090s ]
SQL: SHOW COLUMNS FROM `oa_class_info` [ RunTime:0.0110s ]
SQL: SHOW COLUMNS FROM `oa_user_info` [ RunTime:0.0100s ]
SQL: SELECT `id`,usert_id tid,userc_id bid,`status`,class_type type,`class_code` FROM `oa_class_info` WHERE ( id = 7 ) LIMIT 1   [ RunTime:0.0000s ]
SQL: SHOW COLUMNS FROM `oa_user_info` [ RunTime:0.0100s ]
SQL: SELECT `name` FROM `oa_user_info` WHERE ( id = 23 ) LIMIT 1   [ RunTime:0.0010s ]
SQL: SELECT `name` FROM `oa_user_info` WHERE ( id = 32 ) LIMIT 1   [ RunTime:0.0010s ]
INFO: [ app_end ] --START--
INFO: Run Behavior\ShowPageTraceBehavior [ RunTime:0.002000s ]
INFO: [ app_end ] --END-- [ RunTime:0.002000s ]

[ 2016-11-14T17:18:37+08:00 ] ::1 /ds1107/index.php/Home/TeacherEvaluate/get_class_info
INFO: [ app_begin ] --START--
INFO: Run Behavior\ReadHtmlCacheBehavior [ RunTime:0.001000s ]
INFO: [ app_begin ] --END-- [ RunTime:0.002000s ]
SQL: SHOW COLUMNS FROM `oa_teacher_evaluate` [ RunTime:0.0130s ]
SQL: SHOW COLUMNS FROM `oa_class_info` [ RunTime:0.0130s ]
SQL: SHOW COLUMNS FROM `oa_user_info` [ RunTime:0.0120s ]
SQL: SELECT `id`,usert_id tid,userc_id bid,`status`,class_type type,`class_code` FROM `oa_class_info` WHERE ( id = 9 ) LIMIT 1   [ RunTime:0.0010s ]
SQL: SHOW COLUMNS FROM `oa_user_info` [ RunTime:0.0120s ]
SQL: SELECT `name` FROM `oa_user_info` WHERE ( id = 16 ) LIMIT 1   [ RunTime:0.0010s ]
SQL: SELECT `name` FROM `oa_user_info` WHERE ( id = 31 ) LIMIT 1   [ RunTime:0.0010s ]
INFO: [ app_end ] --START--
INFO: Run Behavior\ShowPageTraceBehavior [ RunTime:0.002000s ]
INFO: [ app_end ] --END-- [ RunTime:0.002000s ]

[ 2016-11-14T18:12:47+08:00 ] 192.168.0.130 /ds1107/index.php/Home/WorkAbilityTest/add_edit
INFO: [ app_begin ] --START--
INFO: Run Behavior\ReadHtmlCacheBehavior [ RunTime:0.002000s ]
INFO: [ app_begin ] --END-- [ RunTime:0.003001s ]
SQL: SHOW COLUMNS FROM `oa_work_ability_test` [ RunTime:0.0110s ]
SQL: SHOW COLUMNS FROM `oa_student_info` [ RunTime:0.0120s ]
SQL: SELECT * FROM `oa_work_ability_test` WHERE `stu_id` = 3 LIMIT 1   [ RunTime:0.0010s ]
SQL: INSERT INTO `oa_work_ability_test` (`stu_id`,`test_status`,`entrance_work_aptitude`,`professional_aptitude`,`job_quality`,`diploma`,`create_time`) VALUES ('3','1','2','4','4','2','1479118367') [ RunTime:0.0070s ]
SQL: UPDATE `oa_student_info` SET `status_c`='2' WHERE ( id=3 ) [ RunTime:0.0020s ]

