[ 2016-11-03T08:53:36+08:00 ] ::1 /Dsupport/index.php/Home/StudentInfo/details/id/1.html
ERR: 非法操作:details

[ 2016-11-03T15:58:52+08:00 ] ::1 /Dsupport/index.php/Home/ClassInfo/style_del
INFO: [ app_begin ] --START--
INFO: Run Behavior\ReadHtmlCacheBehavior [ RunTime:0.000000s ]
INFO: [ app_begin ] --END-- [ RunTime:0.000000s ]
SQL: SHOW COLUMNS FROM `oa_class_info` [ RunTime:0.0070s ]
SQL: SHOW COLUMNS FROM `oa_user_info` [ RunTime:0.0050s ]
SQL: SHOW COLUMNS FROM `oa_student_info` [ RunTime:0.0050s ]
SQL: SHOW COLUMNS FROM `oa_class_change` [ RunTime:0.0050s ]
SQL: SHOW COLUMNS FROM `oa_class_style` [ RunTime:0.0030s ]
SQL: UPDATE `oa_class_style` SET `del`='2' WHERE `id` = 16 [ RunTime:0.0520s ]

[ 2016-11-03T15:59:11+08:00 ] ::1 /Dsupport/index.php/Home/ClassInfo/style_del
INFO: [ app_begin ] --START--
INFO: Run Behavior\ReadHtmlCacheBehavior [ RunTime:0.000000s ]
INFO: [ app_begin ] --END-- [ RunTime:0.000000s ]
SQL: SHOW COLUMNS FROM `oa_class_info` [ RunTime:0.0060s ]
SQL: SHOW COLUMNS FROM `oa_user_info` [ RunTime:0.0040s ]
SQL: SHOW COLUMNS FROM `oa_student_info` [ RunTime:0.0050s ]
SQL: SHOW COLUMNS FROM `oa_class_change` [ RunTime:0.0030s ]
SQL: SHOW COLUMNS FROM `oa_class_style` [ RunTime:0.0050s ]
SQL: UPDATE `oa_class_style` SET `del`='2' WHERE `id` = 17 [ RunTime:0.0010s ]

[ 2016-11-03T16:16:04+08:00 ] ::1 /Dsupport/index.php/Home/ClassInfo/style_del
INFO: [ app_begin ] --START--
INFO: Run Behavior\ReadHtmlCacheBehavior [ RunTime:0.000000s ]
INFO: [ app_begin ] --END-- [ RunTime:0.001000s ]
SQL: SHOW COLUMNS FROM `oa_class_info` [ RunTime:0.0060s ]
SQL: SHOW COLUMNS FROM `oa_user_info` [ RunTime:0.0060s ]
SQL: SHOW COLUMNS FROM `oa_student_info` [ RunTime:0.0050s ]
SQL: SHOW COLUMNS FROM `oa_class_change` [ RunTime:0.0030s ]
SQL: SHOW COLUMNS FROM `oa_class_style` [ RunTime:0.0040s ]
SQL: UPDATE `oa_class_style` SET `del`='2' WHERE `id` = 18 [ RunTime:0.0050s ]

[ 2016-11-03T17:37:22+08:00 ] ::1 /Dsupport/index.php/Home/ClassInfo/get_class
INFO: [ app_begin ] --START--
INFO: Run Behavior\ReadHtmlCacheBehavior [ RunTime:0.000000s ]
INFO: [ app_begin ] --END-- [ RunTime:0.000000s ]
SQL: SHOW COLUMNS FROM `oa_class_info` [ RunTime:0.0070s ]
SQL: SHOW COLUMNS FROM `oa_user_info` [ RunTime:0.0070s ]
SQL: SHOW COLUMNS FROM `oa_student_info` [ RunTime:0.0080s ]
SQL: SHOW COLUMNS FROM `oa_class_change` [ RunTime:0.0060s ]
SQL: SHOW COLUMNS FROM `oa_class_style` [ RunTime:0.0050s ]
SQL: SELECT `id`,`class_code` FROM `oa_class_info` WHERE ( del = 1 )  [ RunTime:0.0000s ]
INFO: [ app_end ] --START--
INFO: Run Behavior\ShowPageTraceBehavior [ RunTime:0.000000s ]
INFO: [ app_end ] --END-- [ RunTime:0.000000s ]

[ 2016-11-03T17:37:30+08:00 ] ::1 /Dsupport/index.php/Home/ClassInfo/change_class
INFO: [ app_begin ] --START--
INFO: Run Behavior\ReadHtmlCacheBehavior [ RunTime:0.001000s ]
INFO: [ app_begin ] --END-- [ RunTime:0.001000s ]
SQL: SHOW COLUMNS FROM `oa_class_info` [ RunTime:0.0040s ]
SQL: SHOW COLUMNS FROM `oa_user_info` [ RunTime:0.0040s ]
SQL: SHOW COLUMNS FROM `oa_student_info` [ RunTime:0.0040s ]
SQL: SHOW COLUMNS FROM `oa_class_change` [ RunTime:0.0040s ]
SQL: SHOW COLUMNS FROM `oa_class_style` [ RunTime:0.0030s ]
SQL: SELECT * FROM `oa_class_info` WHERE ( id = 2 ) LIMIT 1   [ RunTime:0.0000s ]
SQL: UPDATE `oa_student_info` SET `class_id`='2',`stu_type`='4' WHERE `id` = 13 [ RunTime:0.0020s ]
SQL: INSERT INTO `oa_class_change` (`classy_id`,`classx_id`,`stu_id`,`remark`,`create_time`) VALUES ('1','2','13','测试一下','1478165850') [ RunTime:0.0010s ]

