[ 2016-11-02T10:05:01+08:00 ] ::1 /Dsupport/index.php/Home/ClassInfo/student/id/1/sta/3
ERR: Think\Model:get_class方法不存在！

[ 2016-11-02T10:36:54+08:00 ] ::1 /Dsupport/index.php/Home/ClassInfo/student/id/1/sta/3
ERR: SQLSTATE[42S22]: Column not found: 1054 Unknown column 'P1011' in 'where clause'

[ 2016-11-02T10:37:35+08:00 ] ::1 /Dsupport/index.php/Home/ClassInfo/student/id/1/sta/3
ERR: SQLSTATE[42S22]: Column not found: 1054 Unknown column 'P1011' in 'where clause'

[ 2016-11-02T10:37:53+08:00 ] ::1 /Dsupport/index.php/Home/ClassInfo/student/id/1/sta/3
ERR: SQLSTATE[42S22]: Column not found: 1054 Unknown column 'P1011' in 'where clause'

[ 2016-11-02T10:38:55+08:00 ] ::1 /Dsupport/index.php/Home/ClassInfo/student/id/1/sta/3
ERR: SQLSTATE[42S22]: Column not found: 1054 Unknown column 'P1011' in 'where clause'

[ 2016-11-02T10:39:24+08:00 ] ::1 /Dsupport/index.php/Home/ClassInfo/student/id/1/sta/3
ERR: SQLSTATE[42S22]: Column not found: 1054 Unknown column 'P1011' in 'where clause'

[ 2016-11-02T11:01:46+08:00 ] ::1 /Dsupport/index.php/Home/ClassInfo/del
INFO: [ app_begin ] --START--
INFO: Run Behavior\ReadHtmlCacheBehavior [ RunTime:0.000000s ]
INFO: [ app_begin ] --END-- [ RunTime:0.001001s ]
SQL: SHOW COLUMNS FROM `oa_class_info` [ RunTime:0.0070s ]
SQL: SHOW COLUMNS FROM `oa_user_info` [ RunTime:0.0070s ]
SQL: SHOW COLUMNS FROM `oa_student_info` [ RunTime:0.0070s ]

[ 2016-11-02T11:02:25+08:00 ] ::1 /Dsupport/index.php/Home/ClassInfo/del
INFO: [ app_begin ] --START--
INFO: Run Behavior\ReadHtmlCacheBehavior [ RunTime:0.000000s ]
INFO: [ app_begin ] --END-- [ RunTime:0.000000s ]
SQL: SHOW COLUMNS FROM `oa_class_info` [ RunTime:0.0130s ]
SQL: SHOW COLUMNS FROM `oa_user_info` [ RunTime:0.0040s ]
SQL: SHOW COLUMNS FROM `oa_student_info` [ RunTime:0.0050s ]

[ 2016-11-02T11:03:09+08:00 ] ::1 /Dsupport/index.php/Home/ClassInfo/del
INFO: [ app_begin ] --START--
INFO: Run Behavior\ReadHtmlCacheBehavior [ RunTime:0.000000s ]
INFO: [ app_begin ] --END-- [ RunTime:0.000000s ]
SQL: SHOW COLUMNS FROM `oa_class_info` [ RunTime:0.0030s ]
SQL: SHOW COLUMNS FROM `oa_user_info` [ RunTime:0.0030s ]
SQL: SHOW COLUMNS FROM `oa_student_info` [ RunTime:0.0040s ]
INFO: [ app_end ] --START--
INFO: Run Behavior\ShowPageTraceBehavior [ RunTime:0.000000s ]
INFO: [ app_end ] --END-- [ RunTime:0.001000s ]

[ 2016-11-02T11:03:39+08:00 ] ::1 /Dsupport/index.php/Home/ClassInfo/del
INFO: [ app_begin ] --START--
INFO: Run Behavior\ReadHtmlCacheBehavior [ RunTime:0.000000s ]
INFO: [ app_begin ] --END-- [ RunTime:0.000000s ]
SQL: SHOW COLUMNS FROM `oa_class_info` [ RunTime:0.0050s ]
SQL: SHOW COLUMNS FROM `oa_user_info` [ RunTime:0.0040s ]
SQL: SHOW COLUMNS FROM `oa_student_info` [ RunTime:0.0040s ]

[ 2016-11-02T11:03:58+08:00 ] ::1 /Dsupport/index.php/Home/ClassInfo/del
INFO: [ app_begin ] --START--
INFO: Run Behavior\ReadHtmlCacheBehavior [ RunTime:0.000000s ]
INFO: [ app_begin ] --END-- [ RunTime:0.001000s ]
SQL: SHOW COLUMNS FROM `oa_class_info` [ RunTime:0.0060s ]
SQL: SHOW COLUMNS FROM `oa_user_info` [ RunTime:0.0040s ]
SQL: SHOW COLUMNS FROM `oa_student_info` [ RunTime:0.0040s ]
ERR: Think\Model:stu_info方法不存在！

[ 2016-11-02T11:04:34+08:00 ] ::1 /Dsupport/index.php/Home/ClassInfo/del
INFO: [ app_begin ] --START--
INFO: Run Behavior\ReadHtmlCacheBehavior [ RunTime:0.000000s ]
INFO: [ app_begin ] --END-- [ RunTime:0.001000s ]
SQL: SHOW COLUMNS FROM `oa_class_info` [ RunTime:0.0060s ]
SQL: SHOW COLUMNS FROM `oa_user_info` [ RunTime:0.0040s ]
SQL: SHOW COLUMNS FROM `oa_student_info` [ RunTime:0.0040s ]
ERR: Think\Model:stu_info方法不存在！

[ 2016-11-02T11:05:50+08:00 ] ::1 /Dsupport/index.php/Home/ClassInfo/del
INFO: [ app_begin ] --START--
INFO: Run Behavior\ReadHtmlCacheBehavior [ RunTime:0.000000s ]
INFO: [ app_begin ] --END-- [ RunTime:0.001000s ]
SQL: SHOW COLUMNS FROM `oa_class_info` [ RunTime:0.0040s ]
SQL: SHOW COLUMNS FROM `oa_user_info` [ RunTime:0.0040s ]
SQL: SHOW COLUMNS FROM `oa_student_info` [ RunTime:0.0040s ]
ERR: Think\Model:stu_info方法不存在！

[ 2016-11-02T11:06:27+08:00 ] ::1 /Dsupport/index.php/Home/ClassInfo/del
INFO: [ app_begin ] --START--
INFO: Run Behavior\ReadHtmlCacheBehavior [ RunTime:0.001000s ]
INFO: [ app_begin ] --END-- [ RunTime:0.001000s ]
SQL: SHOW COLUMNS FROM `oa_class_info` [ RunTime:0.0040s ]
SQL: SHOW COLUMNS FROM `oa_user_info` [ RunTime:0.0040s ]
SQL: SHOW COLUMNS FROM `oa_student_info` [ RunTime:0.0040s ]
ERR: Think\Model:stu_info方法不存在！

[ 2016-11-02T11:06:37+08:00 ] ::1 /Dsupport/index.php/Home/ClassInfo/del
INFO: [ app_begin ] --START--
INFO: Run Behavior\ReadHtmlCacheBehavior [ RunTime:0.000000s ]
INFO: [ app_begin ] --END-- [ RunTime:0.000000s ]
SQL: SHOW COLUMNS FROM `oa_class_info` [ RunTime:0.0050s ]
SQL: SHOW COLUMNS FROM `oa_user_info` [ RunTime:0.0050s ]
SQL: SHOW COLUMNS FROM `oa_student_info` [ RunTime:0.0030s ]
ERR: Think\Model:stu_info方法不存在！

[ 2016-11-02T11:07:14+08:00 ] ::1 /Dsupport/index.php/Home/ClassInfo/del
INFO: [ app_begin ] --START--
INFO: Run Behavior\ReadHtmlCacheBehavior [ RunTime:0.000000s ]
INFO: [ app_begin ] --END-- [ RunTime:0.000000s ]
SQL: SHOW COLUMNS FROM `oa_class_info` [ RunTime:0.0070s ]
SQL: SHOW COLUMNS FROM `oa_user_info` [ RunTime:0.0080s ]
SQL: SHOW COLUMNS FROM `oa_student_info` [ RunTime:0.0060s ]
ERR: Think\Model:stu_info方法不存在！

[ 2016-11-02T11:07:41+08:00 ] ::1 /Dsupport/index.php/Home/ClassInfo/del
INFO: [ app_begin ] --START--
INFO: Run Behavior\ReadHtmlCacheBehavior [ RunTime:0.000000s ]
INFO: [ app_begin ] --END-- [ RunTime:0.000000s ]
SQL: SHOW COLUMNS FROM `oa_class_info` [ RunTime:0.0050s ]
SQL: SHOW COLUMNS FROM `oa_user_info` [ RunTime:0.0050s ]
SQL: SHOW COLUMNS FROM `oa_student_info` [ RunTime:0.0060s ]
ERR: Think\Model:stu_info方法不存在！

[ 2016-11-02T11:08:38+08:00 ] ::1 /Dsupport/index.php/Home/ClassInfo/del
INFO: [ app_begin ] --START--
INFO: Run Behavior\ReadHtmlCacheBehavior [ RunTime:0.000000s ]
INFO: [ app_begin ] --END-- [ RunTime:0.001000s ]
SQL: SHOW COLUMNS FROM `oa_class_info` [ RunTime:0.0070s ]
SQL: SHOW COLUMNS FROM `oa_user_info` [ RunTime:0.0040s ]
SQL: SHOW COLUMNS FROM `oa_student_info` [ RunTime:0.0040s ]
INFO: [ app_end ] --START--
INFO: Run Behavior\ShowPageTraceBehavior [ RunTime:0.000000s ]
INFO: [ app_end ] --END-- [ RunTime:0.000000s ]

[ 2016-11-02T11:09:22+08:00 ] ::1 /Dsupport/index.php/Home/ClassInfo/del
INFO: [ app_begin ] --START--
INFO: Run Behavior\ReadHtmlCacheBehavior [ RunTime:0.000000s ]
INFO: [ app_begin ] --END-- [ RunTime:0.000000s ]
SQL: SHOW COLUMNS FROM `oa_class_info` [ RunTime:0.0060s ]
SQL: SHOW COLUMNS FROM `oa_user_info` [ RunTime:0.0060s ]
SQL: SHOW COLUMNS FROM `oa_student_info` [ RunTime:0.0050s ]
ERR: Think\Model:stu_info方法不存在！

[ 2016-11-02T11:09:49+08:00 ] ::1 /Dsupport/index.php/Home/ClassInfo/del
INFO: [ app_begin ] --START--
INFO: Run Behavior\ReadHtmlCacheBehavior [ RunTime:0.000000s ]
INFO: [ app_begin ] --END-- [ RunTime:0.000000s ]
SQL: SHOW COLUMNS FROM `oa_class_info` [ RunTime:0.0070s ]
SQL: SHOW COLUMNS FROM `oa_user_info` [ RunTime:0.0040s ]
SQL: SHOW COLUMNS FROM `oa_student_info` [ RunTime:0.0030s ]
ERR: Think\Model:stu_info方法不存在！

[ 2016-11-02T11:10:47+08:00 ] ::1 /Dsupport/index.php/Home/ClassInfo/del
INFO: [ app_begin ] --START--
INFO: Run Behavior\ReadHtmlCacheBehavior [ RunTime:0.000000s ]
INFO: [ app_begin ] --END-- [ RunTime:0.000000s ]
SQL: SHOW COLUMNS FROM `oa_class_info` [ RunTime:0.0060s ]
SQL: SHOW COLUMNS FROM `oa_user_info` [ RunTime:0.0040s ]
SQL: SHOW COLUMNS FROM `oa_student_info` [ RunTime:0.0050s ]
SQL: SELECT COUNT(*) AS tp_count FROM `oa_student_info` WHERE `class_id` = 1 AND `del` = 1 LIMIT 1   [ RunTime:0.0010s ]
INFO: [ app_end ] --START--
INFO: Run Behavior\ShowPageTraceBehavior [ RunTime:0.000000s ]
INFO: [ app_end ] --END-- [ RunTime:0.000000s ]

[ 2016-11-02T11:11:04+08:00 ] ::1 /Dsupport/index.php/Home/ClassInfo/del
INFO: [ app_begin ] --START--
INFO: Run Behavior\ReadHtmlCacheBehavior [ RunTime:0.000000s ]
INFO: [ app_begin ] --END-- [ RunTime:0.000000s ]
SQL: SHOW COLUMNS FROM `oa_class_info` [ RunTime:0.0040s ]
SQL: SHOW COLUMNS FROM `oa_user_info` [ RunTime:0.0030s ]
SQL: SHOW COLUMNS FROM `oa_student_info` [ RunTime:0.0030s ]
SQL: SELECT COUNT(*) AS tp_count FROM `oa_student_info` WHERE `class_id` = 1 AND `del` = 1 LIMIT 1   [ RunTime:0.0000s ]
INFO: [ app_end ] --START--
INFO: Run Behavior\ShowPageTraceBehavior [ RunTime:0.000000s ]
INFO: [ app_end ] --END-- [ RunTime:0.000000s ]

[ 2016-11-02T11:11:17+08:00 ] ::1 /Dsupport/index.php/Home/ClassInfo/del
INFO: [ app_begin ] --START--
INFO: Run Behavior\ReadHtmlCacheBehavior [ RunTime:0.000000s ]
INFO: [ app_begin ] --END-- [ RunTime:0.000000s ]
SQL: SHOW COLUMNS FROM `oa_class_info` [ RunTime:0.0690s ]
SQL: SHOW COLUMNS FROM `oa_user_info` [ RunTime:0.0090s ]
SQL: SHOW COLUMNS FROM `oa_student_info` [ RunTime:0.0050s ]
SQL: SELECT COUNT(*) AS tp_count FROM `oa_student_info` WHERE `class_id` = 1 AND `del` = 1 LIMIT 1   [ RunTime:0.0010s ]
INFO: [ app_end ] --START--
INFO: Run Behavior\ShowPageTraceBehavior [ RunTime:0.000000s ]
INFO: [ app_end ] --END-- [ RunTime:0.000000s ]

[ 2016-11-02T11:13:34+08:00 ] ::1 /Dsupport/index.php/Home/ClassInfo/del
INFO: [ app_begin ] --START--
INFO: Run Behavior\ReadHtmlCacheBehavior [ RunTime:0.000000s ]
INFO: [ app_begin ] --END-- [ RunTime:0.000000s ]
SQL: SHOW COLUMNS FROM `oa_class_info` [ RunTime:0.0030s ]
SQL: SHOW COLUMNS FROM `oa_user_info` [ RunTime:0.0040s ]
SQL: SHOW COLUMNS FROM `oa_student_info` [ RunTime:0.0060s ]
SQL: SELECT COUNT(*) AS tp_count FROM `oa_student_info` WHERE `class_id` = 1 AND `del` = 1 LIMIT 1   [ RunTime:0.0000s ]
INFO: [ app_end ] --START--
INFO: Run Behavior\ShowPageTraceBehavior [ RunTime:0.000000s ]
INFO: [ app_end ] --END-- [ RunTime:0.000000s ]

[ 2016-11-02T11:13:44+08:00 ] ::1 /Dsupport/index.php/Home/ClassInfo/del
INFO: [ app_begin ] --START--
INFO: Run Behavior\ReadHtmlCacheBehavior [ RunTime:0.000000s ]
INFO: [ app_begin ] --END-- [ RunTime:0.000000s ]
SQL: SHOW COLUMNS FROM `oa_class_info` [ RunTime:0.0050s ]
SQL: SHOW COLUMNS FROM `oa_user_info` [ RunTime:0.0040s ]
SQL: SHOW COLUMNS FROM `oa_student_info` [ RunTime:0.0040s ]
SQL: SELECT COUNT(*) AS tp_count FROM `oa_student_info` WHERE `class_id` = 1 AND `del` = 1 LIMIT 1   [ RunTime:0.0000s ]
INFO: [ app_end ] --START--
INFO: Run Behavior\ShowPageTraceBehavior [ RunTime:0.000000s ]
INFO: [ app_end ] --END-- [ RunTime:0.000000s ]

[ 2016-11-02T11:14:06+08:00 ] ::1 /Dsupport/index.php/Home/ClassInfo/del
INFO: [ app_begin ] --START--
INFO: Run Behavior\ReadHtmlCacheBehavior [ RunTime:0.000000s ]
INFO: [ app_begin ] --END-- [ RunTime:0.001000s ]
SQL: SHOW COLUMNS FROM `oa_class_info` [ RunTime:0.0040s ]
SQL: SHOW COLUMNS FROM `oa_user_info` [ RunTime:0.0050s ]
SQL: SHOW COLUMNS FROM `oa_student_info` [ RunTime:0.0040s ]
SQL: SELECT COUNT(*) AS tp_count FROM `oa_student_info` WHERE `class_id` = 10 AND `del` = 1 LIMIT 1   [ RunTime:0.0000s ]
SQL: DELETE FROM `oa_class_info` WHERE ( id = 10 ) [ RunTime:0.0020s ]
INFO: [ app_end ] --START--
INFO: Run Behavior\ShowPageTraceBehavior [ RunTime:0.000000s ]
INFO: [ app_end ] --END-- [ RunTime:0.000000s ]

[ 2016-11-02T11:30:19+08:00 ] ::1 /Dsupport/index.php/Home/TeacherEvaluate/get_class_info
INFO: [ app_begin ] --START--
INFO: Run Behavior\ReadHtmlCacheBehavior [ RunTime:0.000000s ]
INFO: [ app_begin ] --END-- [ RunTime:0.000000s ]
SQL: SHOW COLUMNS FROM `oa_teacher_evaluate` [ RunTime:0.0050s ]
SQL: SHOW COLUMNS FROM `oa_class_info` [ RunTime:0.0070s ]
SQL: SHOW COLUMNS FROM `oa_user_info` [ RunTime:0.0070s ]
SQL: SELECT `id`,usert_id tid,userc_id bid,`status`,class_type type,`class_code` FROM `oa_class_info` WHERE ( id = 3 ) LIMIT 1   [ RunTime:0.0010s ]
SQL: SHOW COLUMNS FROM `oa_user_info` [ RunTime:0.0050s ]
SQL: SELECT `name` FROM `oa_user_info` WHERE ( id = 2 ) LIMIT 1   [ RunTime:0.0000s ]
SQL: SELECT `name` FROM `oa_user_info` WHERE ( id = 1 ) LIMIT 1   [ RunTime:0.0000s ]
INFO: [ app_end ] --START--
INFO: Run Behavior\ShowPageTraceBehavior [ RunTime:0.001000s ]
INFO: [ app_end ] --END-- [ RunTime:0.001000s ]

[ 2016-11-02T11:30:33+08:00 ] ::1 /Dsupport/index.php/Home/TeacherEvaluate/get_class_info
INFO: [ app_begin ] --START--
INFO: Run Behavior\ReadHtmlCacheBehavior [ RunTime:0.000000s ]
INFO: [ app_begin ] --END-- [ RunTime:0.000000s ]
SQL: SHOW COLUMNS FROM `oa_teacher_evaluate` [ RunTime:0.0050s ]
SQL: SHOW COLUMNS FROM `oa_class_info` [ RunTime:0.0050s ]
SQL: SHOW COLUMNS FROM `oa_user_info` [ RunTime:0.0040s ]
SQL: SELECT `id`,usert_id tid,userc_id bid,`status`,class_type type,`class_code` FROM `oa_class_info` WHERE ( id = 7 ) LIMIT 1   [ RunTime:0.0010s ]
SQL: SHOW COLUMNS FROM `oa_user_info` [ RunTime:0.0030s ]
SQL: SELECT `name` FROM `oa_user_info` WHERE ( id = 23 ) LIMIT 1   [ RunTime:0.0010s ]
SQL: SELECT `name` FROM `oa_user_info` WHERE ( id = 32 ) LIMIT 1   [ RunTime:0.0000s ]
INFO: [ app_end ] --START--
INFO: Run Behavior\ShowPageTraceBehavior [ RunTime:0.000000s ]
INFO: [ app_end ] --END-- [ RunTime:0.000000s ]

[ 2016-11-02T11:30:46+08:00 ] ::1 /Dsupport/index.php/Home/TeacherEvaluate/get_class_info
INFO: [ app_begin ] --START--
INFO: Run Behavior\ReadHtmlCacheBehavior [ RunTime:0.001000s ]
INFO: [ app_begin ] --END-- [ RunTime:0.001000s ]
SQL: SHOW COLUMNS FROM `oa_teacher_evaluate` [ RunTime:0.0050s ]
SQL: SHOW COLUMNS FROM `oa_class_info` [ RunTime:0.0050s ]
SQL: SHOW COLUMNS FROM `oa_user_info` [ RunTime:0.0060s ]
SQL: SELECT `id`,usert_id tid,userc_id bid,`status`,class_type type,`class_code` FROM `oa_class_info` WHERE ( id = 3 ) LIMIT 1   [ RunTime:0.0000s ]
SQL: SHOW COLUMNS FROM `oa_user_info` [ RunTime:0.0050s ]
SQL: SELECT `name` FROM `oa_user_info` WHERE ( id = 2 ) LIMIT 1   [ RunTime:0.0000s ]
SQL: SELECT `name` FROM `oa_user_info` WHERE ( id = 1 ) LIMIT 1   [ RunTime:0.0000s ]
INFO: [ app_end ] --START--
INFO: Run Behavior\ShowPageTraceBehavior [ RunTime:0.001000s ]
INFO: [ app_end ] --END-- [ RunTime:0.001000s ]

[ 2016-11-02T11:30:49+08:00 ] ::1 /Dsupport/index.php/Home/TeacherEvaluate/get_class_info
INFO: [ app_begin ] --START--
INFO: Run Behavior\ReadHtmlCacheBehavior [ RunTime:0.000000s ]
INFO: [ app_begin ] --END-- [ RunTime:0.001000s ]
SQL: SHOW COLUMNS FROM `oa_teacher_evaluate` [ RunTime:0.0060s ]
SQL: SHOW COLUMNS FROM `oa_class_info` [ RunTime:0.0050s ]
SQL: SHOW COLUMNS FROM `oa_user_info` [ RunTime:0.0050s ]
SQL: SELECT `id`,usert_id tid,userc_id bid,`status`,class_type type,`class_code` FROM `oa_class_info` WHERE ( id = 2 ) LIMIT 1   [ RunTime:0.0010s ]
SQL: SHOW COLUMNS FROM `oa_user_info` [ RunTime:0.0050s ]
SQL: SELECT `name` FROM `oa_user_info` WHERE ( id = 2 ) LIMIT 1   [ RunTime:0.0000s ]
SQL: SELECT `name` FROM `oa_user_info` WHERE ( id = 1 ) LIMIT 1   [ RunTime:0.0000s ]
INFO: [ app_end ] --START--
INFO: Run Behavior\ShowPageTraceBehavior [ RunTime:0.001000s ]
INFO: [ app_end ] --END-- [ RunTime:0.001000s ]

[ 2016-11-02T11:32:18+08:00 ] ::1 /Dsupport/index.php/Home/TeacherEvaluate/get_class_info
INFO: [ app_begin ] --START--
INFO: Run Behavior\ReadHtmlCacheBehavior [ RunTime:0.000000s ]
INFO: [ app_begin ] --END-- [ RunTime:0.000000s ]
SQL: SHOW COLUMNS FROM `oa_teacher_evaluate` [ RunTime:0.0040s ]
SQL: SHOW COLUMNS FROM `oa_class_info` [ RunTime:0.0040s ]
SQL: SHOW COLUMNS FROM `oa_user_info` [ RunTime:0.0040s ]
SQL: SELECT `id`,usert_id tid,userc_id bid,`status`,class_type type,`class_code` FROM `oa_class_info` WHERE ( id = 9 ) LIMIT 1   [ RunTime:0.0000s ]
SQL: SHOW COLUMNS FROM `oa_user_info` [ RunTime:0.0040s ]
SQL: SELECT `name` FROM `oa_user_info` WHERE ( id = 16 ) LIMIT 1   [ RunTime:0.0000s ]
SQL: SELECT `name` FROM `oa_user_info` WHERE ( id = 31 ) LIMIT 1   [ RunTime:0.0000s ]
INFO: [ app_end ] --START--
INFO: Run Behavior\ShowPageTraceBehavior [ RunTime:0.000000s ]
INFO: [ app_end ] --END-- [ RunTime:0.001000s ]

[ 2016-11-02T11:32:34+08:00 ] ::1 /Dsupport/index.php/Home/TeacherEvaluate/get_class_info
INFO: [ app_begin ] --START--
INFO: Run Behavior\ReadHtmlCacheBehavior [ RunTime:0.001001s ]
INFO: [ app_begin ] --END-- [ RunTime:0.001001s ]
SQL: SHOW COLUMNS FROM `oa_teacher_evaluate` [ RunTime:0.0050s ]
SQL: SHOW COLUMNS FROM `oa_class_info` [ RunTime:0.0050s ]
SQL: SHOW COLUMNS FROM `oa_user_info` [ RunTime:0.0060s ]
SQL: SELECT `id`,usert_id tid,userc_id bid,`status`,class_type type,`class_code` FROM `oa_class_info` WHERE ( id = 4 ) LIMIT 1   [ RunTime:0.0000s ]
SQL: SHOW COLUMNS FROM `oa_user_info` [ RunTime:0.0060s ]
SQL: SELECT `name` FROM `oa_user_info` WHERE ( id = 20 ) LIMIT 1   [ RunTime:0.0010s ]
SQL: SELECT `name` FROM `oa_user_info` WHERE ( id = 21 ) LIMIT 1   [ RunTime:0.0000s ]
INFO: [ app_end ] --START--
INFO: Run Behavior\ShowPageTraceBehavior [ RunTime:0.000000s ]
INFO: [ app_end ] --END-- [ RunTime:0.000000s ]

[ 2016-11-02T11:33:16+08:00 ] ::1 /Dsupport/index.php/Home/TeacherEvaluate/get_class_info
INFO: [ app_begin ] --START--
INFO: Run Behavior\ReadHtmlCacheBehavior [ RunTime:0.000000s ]
INFO: [ app_begin ] --END-- [ RunTime:0.000000s ]
SQL: SHOW COLUMNS FROM `oa_teacher_evaluate` [ RunTime:0.0040s ]
SQL: SHOW COLUMNS FROM `oa_class_info` [ RunTime:0.0050s ]
SQL: SHOW COLUMNS FROM `oa_user_info` [ RunTime:0.0040s ]
SQL: SELECT `id`,usert_id tid,userc_id bid,`status`,class_type type,`class_code` FROM `oa_class_info` WHERE ( id = 2 ) LIMIT 1   [ RunTime:0.0000s ]
SQL: SHOW COLUMNS FROM `oa_user_info` [ RunTime:0.0040s ]
SQL: SELECT `name` FROM `oa_user_info` WHERE ( id = 2 ) LIMIT 1   [ RunTime:0.0010s ]
SQL: SELECT `name` FROM `oa_user_info` WHERE ( id = 1 ) LIMIT 1   [ RunTime:0.0000s ]
INFO: [ app_end ] --START--
INFO: Run Behavior\ShowPageTraceBehavior [ RunTime:0.000000s ]
INFO: [ app_end ] --END-- [ RunTime:0.000000s ]

[ 2016-11-02T11:38:10+08:00 ] ::1 /Dsupport/index.php/Home/TeacherEvaluate/get_class_info
INFO: [ app_begin ] --START--
INFO: Run Behavior\ReadHtmlCacheBehavior [ RunTime:0.000000s ]
INFO: [ app_begin ] --END-- [ RunTime:0.000000s ]
SQL: SHOW COLUMNS FROM `oa_teacher_evaluate` [ RunTime:0.0030s ]
SQL: SHOW COLUMNS FROM `oa_class_info` [ RunTime:0.0100s ]
SQL: SHOW COLUMNS FROM `oa_user_info` [ RunTime:0.0040s ]
SQL: SELECT `id`,usert_id tid,userc_id bid,`status`,class_type type,`class_code` FROM `oa_class_info` WHERE ( id = 9 ) LIMIT 1   [ RunTime:0.0000s ]
SQL: SHOW COLUMNS FROM `oa_user_info` [ RunTime:0.0030s ]
SQL: SELECT `name` FROM `oa_user_info` WHERE ( id = 16 ) LIMIT 1   [ RunTime:0.0010s ]
SQL: SELECT `name` FROM `oa_user_info` WHERE ( id = 31 ) LIMIT 1   [ RunTime:0.0000s ]
INFO: [ app_end ] --START--
INFO: Run Behavior\ShowPageTraceBehavior [ RunTime:0.001000s ]
INFO: [ app_end ] --END-- [ RunTime:0.001000s ]

[ 2016-11-02T11:39:12+08:00 ] ::1 /Dsupport/index.php/Home/TeacherEvaluate/get_class_info
INFO: [ app_begin ] --START--
INFO: Run Behavior\ReadHtmlCacheBehavior [ RunTime:0.000000s ]
INFO: [ app_begin ] --END-- [ RunTime:0.000000s ]
SQL: SHOW COLUMNS FROM `oa_teacher_evaluate` [ RunTime:0.0040s ]
SQL: SHOW COLUMNS FROM `oa_class_info` [ RunTime:0.0040s ]
SQL: SHOW COLUMNS FROM `oa_user_info` [ RunTime:0.0040s ]
SQL: SELECT `id`,usert_id tid,userc_id bid,`status`,class_type type,`class_code` FROM `oa_class_info` WHERE ( id = 7 ) LIMIT 1   [ RunTime:0.0000s ]
SQL: SHOW COLUMNS FROM `oa_user_info` [ RunTime:0.0040s ]
SQL: SELECT `name` FROM `oa_user_info` WHERE ( id = 23 ) LIMIT 1   [ RunTime:0.0000s ]
SQL: SELECT `name` FROM `oa_user_info` WHERE ( id = 32 ) LIMIT 1   [ RunTime:0.0010s ]
INFO: [ app_end ] --START--
INFO: Run Behavior\ShowPageTraceBehavior [ RunTime:0.000000s ]
INFO: [ app_end ] --END-- [ RunTime:0.000000s ]

[ 2016-11-02T11:39:13+08:00 ] ::1 /Dsupport/index.php/Home/TeacherEvaluate/get_class_info
INFO: [ app_begin ] --START--
INFO: Run Behavior\ReadHtmlCacheBehavior [ RunTime:0.000000s ]
INFO: [ app_begin ] --END-- [ RunTime:0.000000s ]
SQL: SHOW COLUMNS FROM `oa_teacher_evaluate` [ RunTime:0.0030s ]
SQL: SHOW COLUMNS FROM `oa_class_info` [ RunTime:0.0030s ]
SQL: SHOW COLUMNS FROM `oa_user_info` [ RunTime:0.0050s ]
SQL: SELECT `id`,usert_id tid,userc_id bid,`status`,class_type type,`class_code` FROM `oa_class_info` WHERE ( id = 9 ) LIMIT 1   [ RunTime:0.0000s ]
SQL: SHOW COLUMNS FROM `oa_user_info` [ RunTime:0.0040s ]
SQL: SELECT `name` FROM `oa_user_info` WHERE ( id = 16 ) LIMIT 1   [ RunTime:0.0010s ]
SQL: SELECT `name` FROM `oa_user_info` WHERE ( id = 31 ) LIMIT 1   [ RunTime:0.0000s ]
INFO: [ app_end ] --START--
INFO: Run Behavior\ShowPageTraceBehavior [ RunTime:0.000000s ]
INFO: [ app_end ] --END-- [ RunTime:0.000000s ]

[ 2016-11-02T11:40:53+08:00 ] ::1 /Dsupport/index.php/Home/TeacherEvaluate/get_class_info
INFO: [ app_begin ] --START--
INFO: Run Behavior\ReadHtmlCacheBehavior [ RunTime:0.000000s ]
INFO: [ app_begin ] --END-- [ RunTime:0.000000s ]
SQL: SHOW COLUMNS FROM `oa_teacher_evaluate` [ RunTime:0.0030s ]
SQL: SHOW COLUMNS FROM `oa_class_info` [ RunTime:0.0040s ]
SQL: SHOW COLUMNS FROM `oa_user_info` [ RunTime:0.0040s ]
SQL: SELECT `id`,usert_id tid,userc_id bid,`status`,class_type type,`class_code` FROM `oa_class_info` WHERE ( id = 4 ) LIMIT 1   [ RunTime:0.0000s ]
SQL: SHOW COLUMNS FROM `oa_user_info` [ RunTime:0.0050s ]
SQL: SELECT `name` FROM `oa_user_info` WHERE ( id = 20 ) LIMIT 1   [ RunTime:0.0000s ]
SQL: SELECT `name` FROM `oa_user_info` WHERE ( id = 21 ) LIMIT 1   [ RunTime:0.0000s ]
INFO: [ app_end ] --START--
INFO: Run Behavior\ShowPageTraceBehavior [ RunTime:0.001000s ]
INFO: [ app_end ] --END-- [ RunTime:0.001000s ]

[ 2016-11-02T11:40:54+08:00 ] ::1 /Dsupport/index.php/Home/TeacherEvaluate/get_class_info
INFO: [ app_begin ] --START--
INFO: Run Behavior\ReadHtmlCacheBehavior [ RunTime:0.000000s ]
INFO: [ app_begin ] --END-- [ RunTime:0.000000s ]
SQL: SHOW COLUMNS FROM `oa_teacher_evaluate` [ RunTime:0.0040s ]
SQL: SHOW COLUMNS FROM `oa_class_info` [ RunTime:0.0030s ]
SQL: SHOW COLUMNS FROM `oa_user_info` [ RunTime:0.0040s ]
SQL: SELECT `id`,usert_id tid,userc_id bid,`status`,class_type type,`class_code` FROM `oa_class_info` WHERE ( id = 9 ) LIMIT 1   [ RunTime:0.0010s ]
SQL: SHOW COLUMNS FROM `oa_user_info` [ RunTime:0.0030s ]
SQL: SELECT `name` FROM `oa_user_info` WHERE ( id = 16 ) LIMIT 1   [ RunTime:0.0010s ]
SQL: SELECT `name` FROM `oa_user_info` WHERE ( id = 31 ) LIMIT 1   [ RunTime:0.0000s ]
INFO: [ app_end ] --START--
INFO: Run Behavior\ShowPageTraceBehavior [ RunTime:0.000000s ]
INFO: [ app_end ] --END-- [ RunTime:0.000000s ]

[ 2016-11-02T11:41:31+08:00 ] ::1 /Dsupport/index.php/Home/TeacherEvaluate/get_class_info
INFO: [ app_begin ] --START--
INFO: Run Behavior\ReadHtmlCacheBehavior [ RunTime:0.000000s ]
INFO: [ app_begin ] --END-- [ RunTime:0.000000s ]
SQL: SHOW COLUMNS FROM `oa_teacher_evaluate` [ RunTime:0.0060s ]
SQL: SHOW COLUMNS FROM `oa_class_info` [ RunTime:0.0060s ]
SQL: SHOW COLUMNS FROM `oa_user_info` [ RunTime:0.0040s ]
SQL: SELECT `id`,usert_id tid,userc_id bid,`status`,class_type type,`class_code` FROM `oa_class_info` WHERE ( id = 4 ) LIMIT 1   [ RunTime:0.0010s ]
SQL: SHOW COLUMNS FROM `oa_user_info` [ RunTime:0.0030s ]
SQL: SELECT `name` FROM `oa_user_info` WHERE ( id = 20 ) LIMIT 1   [ RunTime:0.0000s ]
SQL: SELECT `name` FROM `oa_user_info` WHERE ( id = 21 ) LIMIT 1   [ RunTime:0.0000s ]
INFO: [ app_end ] --START--
INFO: Run Behavior\ShowPageTraceBehavior [ RunTime:0.000000s ]
INFO: [ app_end ] --END-- [ RunTime:0.001000s ]

[ 2016-11-02T11:41:32+08:00 ] ::1 /Dsupport/index.php/Home/TeacherEvaluate/get_class_info
INFO: [ app_begin ] --START--
INFO: Run Behavior\ReadHtmlCacheBehavior [ RunTime:0.000000s ]
INFO: [ app_begin ] --END-- [ RunTime:0.000000s ]
SQL: SHOW COLUMNS FROM `oa_teacher_evaluate` [ RunTime:0.0070s ]
SQL: SHOW COLUMNS FROM `oa_class_info` [ RunTime:0.0080s ]
SQL: SHOW COLUMNS FROM `oa_user_info` [ RunTime:0.0040s ]
SQL: SELECT `id`,usert_id tid,userc_id bid,`status`,class_type type,`class_code` FROM `oa_class_info` WHERE ( id = 9 ) LIMIT 1   [ RunTime:0.0010s ]
SQL: SHOW COLUMNS FROM `oa_user_info` [ RunTime:0.0030s ]
SQL: SELECT `name` FROM `oa_user_info` WHERE ( id = 16 ) LIMIT 1   [ RunTime:0.0000s ]
SQL: SELECT `name` FROM `oa_user_info` WHERE ( id = 31 ) LIMIT 1   [ RunTime:0.0000s ]
INFO: [ app_end ] --START--
INFO: Run Behavior\ShowPageTraceBehavior [ RunTime:0.000000s ]
INFO: [ app_end ] --END-- [ RunTime:0.000000s ]

[ 2016-11-02T11:41:40+08:00 ] ::1 /Dsupport/index.php/Home/TeacherEvaluate/get_class_info
INFO: [ app_begin ] --START--
INFO: Run Behavior\ReadHtmlCacheBehavior [ RunTime:0.000000s ]
INFO: [ app_begin ] --END-- [ RunTime:0.000000s ]
SQL: SHOW COLUMNS FROM `oa_teacher_evaluate` [ RunTime:0.0030s ]
SQL: SHOW COLUMNS FROM `oa_class_info` [ RunTime:0.0040s ]
SQL: SHOW COLUMNS FROM `oa_user_info` [ RunTime:0.0040s ]
SQL: SELECT `id`,usert_id tid,userc_id bid,`status`,class_type type,`class_code` FROM `oa_class_info` WHERE ( id = 7 ) LIMIT 1   [ RunTime:0.0000s ]
SQL: SHOW COLUMNS FROM `oa_user_info` [ RunTime:0.0040s ]
SQL: SELECT `name` FROM `oa_user_info` WHERE ( id = 23 ) LIMIT 1   [ RunTime:0.0000s ]
SQL: SELECT `name` FROM `oa_user_info` WHERE ( id = 32 ) LIMIT 1   [ RunTime:0.0000s ]
INFO: [ app_end ] --START--
INFO: Run Behavior\ShowPageTraceBehavior [ RunTime:0.001000s ]
INFO: [ app_end ] --END-- [ RunTime:0.001000s ]

[ 2016-11-02T11:45:34+08:00 ] ::1 /Dsupport/index.php/Home/TeacherEvaluate/get_class_info
INFO: [ app_begin ] --START--
INFO: Run Behavior\ReadHtmlCacheBehavior [ RunTime:0.000000s ]
INFO: [ app_begin ] --END-- [ RunTime:0.001000s ]
SQL: SHOW COLUMNS FROM `oa_teacher_evaluate` [ RunTime:0.0030s ]
SQL: SHOW COLUMNS FROM `oa_class_info` [ RunTime:0.0040s ]
SQL: SHOW COLUMNS FROM `oa_user_info` [ RunTime:0.0050s ]
SQL: SELECT `id`,usert_id tid,userc_id bid,`status`,class_type type,`class_code` FROM `oa_class_info` WHERE ( id = 3 ) LIMIT 1   [ RunTime:0.0000s ]
SQL: SHOW COLUMNS FROM `oa_user_info` [ RunTime:0.0040s ]
SQL: SELECT `name` FROM `oa_user_info` WHERE ( id = 2 ) LIMIT 1   [ RunTime:0.0000s ]
SQL: SELECT `name` FROM `oa_user_info` WHERE ( id = 1 ) LIMIT 1   [ RunTime:0.0000s ]
INFO: [ app_end ] --START--
INFO: Run Behavior\ShowPageTraceBehavior [ RunTime:0.000000s ]
INFO: [ app_end ] --END-- [ RunTime:0.000000s ]

[ 2016-11-02T15:17:50+08:00 ] ::1 /Dsupport/index.php/Home/TeacherEvaluate/get_class_info
INFO: [ app_begin ] --START--
INFO: Run Behavior\ReadHtmlCacheBehavior [ RunTime:0.000000s ]
INFO: [ app_begin ] --END-- [ RunTime:0.000000s ]
SQL: SHOW COLUMNS FROM `oa_teacher_evaluate` [ RunTime:0.0040s ]
SQL: SHOW COLUMNS FROM `oa_class_info` [ RunTime:0.0030s ]
SQL: SHOW COLUMNS FROM `oa_user_info` [ RunTime:0.0040s ]
SQL: SELECT `id`,usert_id tid,userc_id bid,`status`,class_type type,`class_code` FROM `oa_class_info` WHERE ( id = 3 ) LIMIT 1   [ RunTime:0.0010s ]
SQL: SHOW COLUMNS FROM `oa_user_info` [ RunTime:0.0040s ]
SQL: SELECT `name` FROM `oa_user_info` WHERE ( id = 2 ) LIMIT 1   [ RunTime:0.0000s ]
SQL: SELECT `name` FROM `oa_user_info` WHERE ( id = 1 ) LIMIT 1   [ RunTime:0.0000s ]
INFO: [ app_end ] --START--
INFO: Run Behavior\ShowPageTraceBehavior [ RunTime:0.000000s ]
INFO: [ app_end ] --END-- [ RunTime:0.000000s ]

[ 2016-11-02T16:40:24+08:00 ] ::1 /Dsupport/index.php/Home/UserInfo/xian
INFO: [ app_begin ] --START--
INFO: Run Behavior\ReadHtmlCacheBehavior [ RunTime:0.000000s ]
INFO: [ app_begin ] --END-- [ RunTime:0.000000s ]
SQL: SHOW COLUMNS FROM `oa_user_info` [ RunTime:0.0060s ]
SQL: UPDATE `oa_user_info` SET `status`='2' WHERE ( id=32 ) [ RunTime:0.0050s ]

[ 2016-11-02T16:40:25+08:00 ] ::1 /Dsupport/index.php/Home/UserInfo/xian
INFO: [ app_begin ] --START--
INFO: Run Behavior\ReadHtmlCacheBehavior [ RunTime:0.000000s ]
INFO: [ app_begin ] --END-- [ RunTime:0.000000s ]
SQL: SHOW COLUMNS FROM `oa_user_info` [ RunTime:0.0090s ]
SQL: UPDATE `oa_user_info` SET `status`='1' WHERE ( id=32 ) [ RunTime:0.0020s ]

[ 2016-11-02T17:01:06+08:00 ] ::1 /Dsupport/index.php/Home/ClassInfo/get_class
INFO: [ app_begin ] --START--
INFO: Run Behavior\ReadHtmlCacheBehavior [ RunTime:0.000000s ]
INFO: [ app_begin ] --END-- [ RunTime:0.000000s ]
SQL: SHOW COLUMNS FROM `oa_class_info` [ RunTime:0.0090s ]
SQL: SHOW COLUMNS FROM `oa_user_info` [ RunTime:0.0050s ]
SQL: SHOW COLUMNS FROM `oa_student_info` [ RunTime:0.0040s ]
SQL: SELECT `id`,`class_code` FROM `oa_class_info` WHERE ( del = 1 )  [ RunTime:0.0010s ]
INFO: [ app_end ] --START--
INFO: Run Behavior\ShowPageTraceBehavior [ RunTime:0.000000s ]
INFO: [ app_end ] --END-- [ RunTime:0.000000s ]

[ 2016-11-02T17:01:16+08:00 ] ::1 /Dsupport/index.php/Home/ClassInfo/get_class
INFO: [ app_begin ] --START--
INFO: Run Behavior\ReadHtmlCacheBehavior [ RunTime:0.000000s ]
INFO: [ app_begin ] --END-- [ RunTime:0.000000s ]
SQL: SHOW COLUMNS FROM `oa_class_info` [ RunTime:0.0050s ]
SQL: SHOW COLUMNS FROM `oa_user_info` [ RunTime:0.0060s ]
SQL: SHOW COLUMNS FROM `oa_student_info` [ RunTime:0.0060s ]
SQL: SELECT `id`,`class_code` FROM `oa_class_info` WHERE ( del = 1 )  [ RunTime:0.0000s ]
INFO: [ app_end ] --START--
INFO: Run Behavior\ShowPageTraceBehavior [ RunTime:0.000000s ]
INFO: [ app_end ] --END-- [ RunTime:0.001000s ]

[ 2016-11-02T17:02:08+08:00 ] ::1 /Dsupport/index.php/Home/ClassInfo/get_class
INFO: [ app_begin ] --START--
INFO: Run Behavior\ReadHtmlCacheBehavior [ RunTime:0.000000s ]
INFO: [ app_begin ] --END-- [ RunTime:0.000000s ]
SQL: SHOW COLUMNS FROM `oa_class_info` [ RunTime:0.0050s ]
SQL: SHOW COLUMNS FROM `oa_user_info` [ RunTime:0.0050s ]
SQL: SHOW COLUMNS FROM `oa_student_info` [ RunTime:0.0030s ]
SQL: SELECT `id`,`class_code` FROM `oa_class_info` WHERE ( del = 1 )  [ RunTime:0.0000s ]
INFO: [ app_end ] --START--
INFO: Run Behavior\ShowPageTraceBehavior [ RunTime:0.000000s ]
INFO: [ app_end ] --END-- [ RunTime:0.000000s ]

[ 2016-11-02T17:03:52+08:00 ] ::1 /Dsupport/index.php/Home/ClassInfo/get_class
INFO: [ app_begin ] --START--
INFO: Run Behavior\ReadHtmlCacheBehavior [ RunTime:0.000000s ]
INFO: [ app_begin ] --END-- [ RunTime:0.000000s ]
SQL: SHOW COLUMNS FROM `oa_class_info` [ RunTime:0.0090s ]
SQL: SHOW COLUMNS FROM `oa_user_info` [ RunTime:0.0050s ]
SQL: SHOW COLUMNS FROM `oa_student_info` [ RunTime:0.0060s ]
SQL: SELECT `id`,`class_code` FROM `oa_class_info` WHERE ( del = 1 )  [ RunTime:0.0010s ]
INFO: [ app_end ] --START--
INFO: Run Behavior\ShowPageTraceBehavior [ RunTime:0.000000s ]
INFO: [ app_end ] --END-- [ RunTime:0.000000s ]

[ 2016-11-02T17:04:02+08:00 ] ::1 /Dsupport/index.php/Home/ClassInfo/get_class
INFO: [ app_begin ] --START--
INFO: Run Behavior\ReadHtmlCacheBehavior [ RunTime:0.000000s ]
INFO: [ app_begin ] --END-- [ RunTime:0.000000s ]
SQL: SHOW COLUMNS FROM `oa_class_info` [ RunTime:0.0050s ]
SQL: SHOW COLUMNS FROM `oa_user_info` [ RunTime:0.0040s ]
SQL: SHOW COLUMNS FROM `oa_student_info` [ RunTime:0.0040s ]
SQL: SELECT `id`,`class_code` FROM `oa_class_info` WHERE ( del = 1 )  [ RunTime:0.0010s ]
INFO: [ app_end ] --START--
INFO: Run Behavior\ShowPageTraceBehavior [ RunTime:0.000000s ]
INFO: [ app_end ] --END-- [ RunTime:0.000000s ]

[ 2016-11-02T17:04:57+08:00 ] ::1 /Dsupport/index.php/Home/ClassInfo/get_class
INFO: [ app_begin ] --START--
INFO: Run Behavior\ReadHtmlCacheBehavior [ RunTime:0.000000s ]
INFO: [ app_begin ] --END-- [ RunTime:0.000000s ]
SQL: SHOW COLUMNS FROM `oa_class_info` [ RunTime:0.0090s ]
SQL: SHOW COLUMNS FROM `oa_user_info` [ RunTime:0.0040s ]
SQL: SHOW COLUMNS FROM `oa_student_info` [ RunTime:0.0050s ]
SQL: SELECT `id`,`class_code` FROM `oa_class_info` WHERE ( del = 1 )  [ RunTime:0.0000s ]
INFO: [ app_end ] --START--
INFO: Run Behavior\ShowPageTraceBehavior [ RunTime:0.001000s ]
INFO: [ app_end ] --END-- [ RunTime:0.001000s ]

[ 2016-11-02T17:06:00+08:00 ] ::1 /Dsupport/index.php/Home/ClassInfo/get_class
INFO: [ app_begin ] --START--
INFO: Run Behavior\ReadHtmlCacheBehavior [ RunTime:0.000000s ]
INFO: [ app_begin ] --END-- [ RunTime:0.000000s ]
SQL: SHOW COLUMNS FROM `oa_class_info` [ RunTime:0.0060s ]
SQL: SHOW COLUMNS FROM `oa_user_info` [ RunTime:0.0060s ]
SQL: SHOW COLUMNS FROM `oa_student_info` [ RunTime:0.0050s ]
SQL: SELECT `id`,`class_code` FROM `oa_class_info` WHERE ( del = 1 )  [ RunTime:0.0000s ]
INFO: [ app_end ] --START--
INFO: Run Behavior\ShowPageTraceBehavior [ RunTime:0.000000s ]
INFO: [ app_end ] --END-- [ RunTime:0.000000s ]

[ 2016-11-02T17:06:34+08:00 ] ::1 /Dsupport/index.php/Home/ClassInfo/get_class
INFO: [ app_begin ] --START--
INFO: Run Behavior\ReadHtmlCacheBehavior [ RunTime:0.000000s ]
INFO: [ app_begin ] --END-- [ RunTime:0.001000s ]
SQL: SHOW COLUMNS FROM `oa_class_info` [ RunTime:0.0040s ]
SQL: SHOW COLUMNS FROM `oa_user_info` [ RunTime:0.0050s ]
SQL: SHOW COLUMNS FROM `oa_student_info` [ RunTime:0.0050s ]
SQL: SELECT `id`,`class_code` FROM `oa_class_info` WHERE ( del = 1 )  [ RunTime:0.0000s ]
INFO: [ app_end ] --START--
INFO: Run Behavior\ShowPageTraceBehavior [ RunTime:0.001000s ]
INFO: [ app_end ] --END-- [ RunTime:0.001000s ]

[ 2016-11-02T17:06:39+08:00 ] ::1 /Dsupport/index.php/Home/ClassInfo/get_class
INFO: [ app_begin ] --START--
INFO: Run Behavior\ReadHtmlCacheBehavior [ RunTime:0.001000s ]
INFO: [ app_begin ] --END-- [ RunTime:0.001000s ]
SQL: SHOW COLUMNS FROM `oa_class_info` [ RunTime:0.0050s ]
SQL: SHOW COLUMNS FROM `oa_user_info` [ RunTime:0.0050s ]
SQL: SHOW COLUMNS FROM `oa_student_info` [ RunTime:0.0050s ]
SQL: SELECT `id`,`class_code` FROM `oa_class_info` WHERE ( del = 1 )  [ RunTime:0.0010s ]
INFO: [ app_end ] --START--
INFO: Run Behavior\ShowPageTraceBehavior [ RunTime:0.000000s ]
INFO: [ app_end ] --END-- [ RunTime:0.000000s ]

[ 2016-11-02T17:07:32+08:00 ] ::1 /Dsupport/index.php/Home/ClassInfo/get_class
INFO: [ app_begin ] --START--
INFO: Run Behavior\ReadHtmlCacheBehavior [ RunTime:0.000000s ]
INFO: [ app_begin ] --END-- [ RunTime:0.000000s ]
SQL: SHOW COLUMNS FROM `oa_class_info` [ RunTime:0.0060s ]
SQL: SHOW COLUMNS FROM `oa_user_info` [ RunTime:0.0040s ]
SQL: SHOW COLUMNS FROM `oa_student_info` [ RunTime:0.0030s ]
SQL: SELECT `id`,`class_code` FROM `oa_class_info` WHERE ( del = 1 )  [ RunTime:0.0000s ]
INFO: [ app_end ] --START--
INFO: Run Behavior\ShowPageTraceBehavior [ RunTime:0.000000s ]
INFO: [ app_end ] --END-- [ RunTime:0.000000s ]

[ 2016-11-02T17:07:59+08:00 ] ::1 /Dsupport/index.php/Home/ClassInfo/get_class
INFO: [ app_begin ] --START--
INFO: Run Behavior\ReadHtmlCacheBehavior [ RunTime:0.000000s ]
INFO: [ app_begin ] --END-- [ RunTime:0.001000s ]
SQL: SHOW COLUMNS FROM `oa_class_info` [ RunTime:0.0030s ]
SQL: SHOW COLUMNS FROM `oa_user_info` [ RunTime:0.0040s ]
SQL: SHOW COLUMNS FROM `oa_student_info` [ RunTime:0.0040s ]
SQL: SELECT `id`,`class_code` FROM `oa_class_info` WHERE ( del = 1 )  [ RunTime:0.0010s ]
INFO: [ app_end ] --START--
INFO: Run Behavior\ShowPageTraceBehavior [ RunTime:0.000000s ]
INFO: [ app_end ] --END-- [ RunTime:0.000000s ]

[ 2016-11-02T17:08:21+08:00 ] ::1 /Dsupport/index.php/Home/ClassInfo/get_class
INFO: [ app_begin ] --START--
INFO: Run Behavior\ReadHtmlCacheBehavior [ RunTime:0.000000s ]
INFO: [ app_begin ] --END-- [ RunTime:0.001000s ]
SQL: SHOW COLUMNS FROM `oa_class_info` [ RunTime:0.0050s ]
SQL: SHOW COLUMNS FROM `oa_user_info` [ RunTime:0.0050s ]
SQL: SHOW COLUMNS FROM `oa_student_info` [ RunTime:0.0050s ]
SQL: SELECT `id`,`class_code` FROM `oa_class_info` WHERE ( del = 1 )  [ RunTime:0.0000s ]
INFO: [ app_end ] --START--
INFO: Run Behavior\ShowPageTraceBehavior [ RunTime:0.000000s ]
INFO: [ app_end ] --END-- [ RunTime:0.000000s ]

[ 2016-11-02T17:08:57+08:00 ] ::1 /Dsupport/index.php/Home/ClassInfo/get_class
INFO: [ app_begin ] --START--
INFO: Run Behavior\ReadHtmlCacheBehavior [ RunTime:0.000000s ]
INFO: [ app_begin ] --END-- [ RunTime:0.000000s ]
SQL: SHOW COLUMNS FROM `oa_class_info` [ RunTime:0.0060s ]
SQL: SHOW COLUMNS FROM `oa_user_info` [ RunTime:0.0050s ]
SQL: SHOW COLUMNS FROM `oa_student_info` [ RunTime:0.0040s ]
SQL: SELECT `id`,`class_code` FROM `oa_class_info` WHERE ( del = 1 )  [ RunTime:0.0010s ]
INFO: [ app_end ] --START--
INFO: Run Behavior\ShowPageTraceBehavior [ RunTime:0.000000s ]
INFO: [ app_end ] --END-- [ RunTime:0.000000s ]

[ 2016-11-02T17:09:27+08:00 ] ::1 /Dsupport/index.php/Home/ClassInfo/get_class
INFO: [ app_begin ] --START--
INFO: Run Behavior\ReadHtmlCacheBehavior [ RunTime:0.000000s ]
INFO: [ app_begin ] --END-- [ RunTime:0.001000s ]
SQL: SHOW COLUMNS FROM `oa_class_info` [ RunTime:0.0090s ]
SQL: SHOW COLUMNS FROM `oa_user_info` [ RunTime:0.0050s ]
SQL: SHOW COLUMNS FROM `oa_student_info` [ RunTime:0.0050s ]
SQL: SELECT `id`,`class_code` FROM `oa_class_info` WHERE ( del = 1 )  [ RunTime:0.0010s ]
INFO: [ app_end ] --START--
INFO: Run Behavior\ShowPageTraceBehavior [ RunTime:0.000000s ]
INFO: [ app_end ] --END-- [ RunTime:0.000000s ]

[ 2016-11-02T17:09:36+08:00 ] ::1 /Dsupport/index.php/Home/ClassInfo/get_class
INFO: [ app_begin ] --START--
INFO: Run Behavior\ReadHtmlCacheBehavior [ RunTime:0.000000s ]
INFO: [ app_begin ] --END-- [ RunTime:0.001000s ]
SQL: SHOW COLUMNS FROM `oa_class_info` [ RunTime:0.0070s ]
SQL: SHOW COLUMNS FROM `oa_user_info` [ RunTime:0.0060s ]
SQL: SHOW COLUMNS FROM `oa_student_info` [ RunTime:0.0060s ]
SQL: SELECT `id`,`class_code` FROM `oa_class_info` WHERE ( del = 1 )  [ RunTime:0.0000s ]
INFO: [ app_end ] --START--
INFO: Run Behavior\ShowPageTraceBehavior [ RunTime:0.001000s ]
INFO: [ app_end ] --END-- [ RunTime:0.001000s ]

[ 2016-11-02T17:13:42+08:00 ] ::1 /Dsupport/index.php/Home/ClassInfo/get_class
INFO: [ app_begin ] --START--
INFO: Run Behavior\ReadHtmlCacheBehavior [ RunTime:0.000000s ]
INFO: [ app_begin ] --END-- [ RunTime:0.001000s ]
SQL: SHOW COLUMNS FROM `oa_class_info` [ RunTime:0.0060s ]
SQL: SHOW COLUMNS FROM `oa_user_info` [ RunTime:0.0040s ]
SQL: SHOW COLUMNS FROM `oa_student_info` [ RunTime:0.0040s ]
SQL: SELECT `id`,`class_code` FROM `oa_class_info` WHERE ( del = 1 )  [ RunTime:0.0000s ]
INFO: [ app_end ] --START--
INFO: Run Behavior\ShowPageTraceBehavior [ RunTime:0.000000s ]
INFO: [ app_end ] --END-- [ RunTime:0.000000s ]

[ 2016-11-02T17:14:05+08:00 ] ::1 /Dsupport/index.php/Home/ClassInfo/get_class
INFO: [ app_begin ] --START--
INFO: Run Behavior\ReadHtmlCacheBehavior [ RunTime:0.000000s ]
INFO: [ app_begin ] --END-- [ RunTime:0.000000s ]
SQL: SHOW COLUMNS FROM `oa_class_info` [ RunTime:0.0040s ]
SQL: SHOW COLUMNS FROM `oa_user_info` [ RunTime:0.0030s ]
SQL: SHOW COLUMNS FROM `oa_student_info` [ RunTime:0.0030s ]
SQL: SELECT `id`,`class_code` FROM `oa_class_info` WHERE ( del = 1 )  [ RunTime:0.0010s ]
INFO: [ app_end ] --START--
INFO: Run Behavior\ShowPageTraceBehavior [ RunTime:0.000000s ]
INFO: [ app_end ] --END-- [ RunTime:0.000000s ]

[ 2016-11-02T17:14:35+08:00 ] ::1 /Dsupport/index.php/Home/ClassInfo/get_class
INFO: [ app_begin ] --START--
INFO: Run Behavior\ReadHtmlCacheBehavior [ RunTime:0.000000s ]
INFO: [ app_begin ] --END-- [ RunTime:0.000000s ]
SQL: SHOW COLUMNS FROM `oa_class_info` [ RunTime:0.0050s ]
SQL: SHOW COLUMNS FROM `oa_user_info` [ RunTime:0.0050s ]
SQL: SHOW COLUMNS FROM `oa_student_info` [ RunTime:0.0050s ]
SQL: SELECT `id`,`class_code` FROM `oa_class_info` WHERE ( del = 1 )  [ RunTime:0.0010s ]
INFO: [ app_end ] --START--
INFO: Run Behavior\ShowPageTraceBehavior [ RunTime:0.001001s ]
INFO: [ app_end ] --END-- [ RunTime:0.001001s ]

[ 2016-11-02T17:15:40+08:00 ] ::1 /Dsupport/index.php/Home/ClassInfo/get_class
INFO: [ app_begin ] --START--
INFO: Run Behavior\ReadHtmlCacheBehavior [ RunTime:0.000000s ]
INFO: [ app_begin ] --END-- [ RunTime:0.000000s ]
SQL: SHOW COLUMNS FROM `oa_class_info` [ RunTime:0.0030s ]
SQL: SHOW COLUMNS FROM `oa_user_info` [ RunTime:0.0050s ]
SQL: SHOW COLUMNS FROM `oa_student_info` [ RunTime:0.0050s ]
SQL: SELECT `id`,`class_code` FROM `oa_class_info` WHERE ( del = 1 )  [ RunTime:0.0000s ]
INFO: [ app_end ] --START--
INFO: Run Behavior\ShowPageTraceBehavior [ RunTime:0.000000s ]
INFO: [ app_end ] --END-- [ RunTime:0.000000s ]

[ 2016-11-02T17:16:06+08:00 ] ::1 /Dsupport/index.php/Home/ClassInfo/get_class
INFO: [ app_begin ] --START--
INFO: Run Behavior\ReadHtmlCacheBehavior [ RunTime:0.000000s ]
INFO: [ app_begin ] --END-- [ RunTime:0.000000s ]
SQL: SHOW COLUMNS FROM `oa_class_info` [ RunTime:0.0030s ]
SQL: SHOW COLUMNS FROM `oa_user_info` [ RunTime:0.0040s ]
SQL: SHOW COLUMNS FROM `oa_student_info` [ RunTime:0.0050s ]
SQL: SELECT `id`,`class_code` FROM `oa_class_info` WHERE ( del = 1 )  [ RunTime:0.0010s ]
INFO: [ app_end ] --START--
INFO: Run Behavior\ShowPageTraceBehavior [ RunTime:0.000000s ]
INFO: [ app_end ] --END-- [ RunTime:0.000000s ]

[ 2016-11-02T17:16:45+08:00 ] ::1 /Dsupport/index.php/Home/ClassInfo/get_class
INFO: [ app_begin ] --START--
INFO: Run Behavior\ReadHtmlCacheBehavior [ RunTime:0.000000s ]
INFO: [ app_begin ] --END-- [ RunTime:0.000000s ]
SQL: SHOW COLUMNS FROM `oa_class_info` [ RunTime:0.0040s ]
SQL: SHOW COLUMNS FROM `oa_user_info` [ RunTime:0.0050s ]
SQL: SHOW COLUMNS FROM `oa_student_info` [ RunTime:0.0040s ]
SQL: SELECT `id`,`class_code` FROM `oa_class_info` WHERE ( del = 1 )  [ RunTime:0.0000s ]
INFO: [ app_end ] --START--
INFO: Run Behavior\ShowPageTraceBehavior [ RunTime:0.000000s ]
INFO: [ app_end ] --END-- [ RunTime:0.000000s ]

[ 2016-11-02T17:16:53+08:00 ] ::1 /Dsupport/index.php/Home/ClassInfo/get_class
INFO: [ app_begin ] --START--
INFO: Run Behavior\ReadHtmlCacheBehavior [ RunTime:0.001000s ]
INFO: [ app_begin ] --END-- [ RunTime:0.001000s ]
SQL: SHOW COLUMNS FROM `oa_class_info` [ RunTime:0.0050s ]
SQL: SHOW COLUMNS FROM `oa_user_info` [ RunTime:0.0050s ]
SQL: SHOW COLUMNS FROM `oa_student_info` [ RunTime:0.0060s ]
SQL: SELECT `id`,`class_code` FROM `oa_class_info` WHERE ( del = 1 )  [ RunTime:0.0000s ]
INFO: [ app_end ] --START--
INFO: Run Behavior\ShowPageTraceBehavior [ RunTime:0.001001s ]
INFO: [ app_end ] --END-- [ RunTime:0.001001s ]

[ 2016-11-02T17:16:55+08:00 ] ::1 /Dsupport/index.php/Home/ClassInfo/get_class
INFO: [ app_begin ] --START--
INFO: Run Behavior\ReadHtmlCacheBehavior [ RunTime:0.000000s ]
INFO: [ app_begin ] --END-- [ RunTime:0.000000s ]
SQL: SHOW COLUMNS FROM `oa_class_info` [ RunTime:0.0040s ]
SQL: SHOW COLUMNS FROM `oa_user_info` [ RunTime:0.0050s ]
SQL: SHOW COLUMNS FROM `oa_student_info` [ RunTime:0.0040s ]
SQL: SELECT `id`,`class_code` FROM `oa_class_info` WHERE ( del = 1 )  [ RunTime:0.0000s ]
INFO: [ app_end ] --START--
INFO: Run Behavior\ShowPageTraceBehavior [ RunTime:0.000000s ]
INFO: [ app_end ] --END-- [ RunTime:0.000000s ]

[ 2016-11-02T17:30:54+08:00 ] ::1 /Dsupport/index.php/Home/ClassInfo/get_class
INFO: [ app_begin ] --START--
INFO: Run Behavior\ReadHtmlCacheBehavior [ RunTime:0.001000s ]
INFO: [ app_begin ] --END-- [ RunTime:0.001000s ]
SQL: SHOW COLUMNS FROM `oa_class_info` [ RunTime:0.0040s ]
SQL: SHOW COLUMNS FROM `oa_user_info` [ RunTime:0.0030s ]
SQL: SHOW COLUMNS FROM `oa_student_info` [ RunTime:0.0030s ]
SQL: SELECT `id`,`class_code` FROM `oa_class_info` WHERE ( del = 1 )  [ RunTime:0.0010s ]
INFO: [ app_end ] --START--
INFO: Run Behavior\ShowPageTraceBehavior [ RunTime:0.000000s ]
INFO: [ app_end ] --END-- [ RunTime:0.000000s ]

[ 2016-11-02T17:31:30+08:00 ] ::1 /Dsupport/index.php/Home/ClassInfo/get_class
INFO: [ app_begin ] --START--
INFO: Run Behavior\ReadHtmlCacheBehavior [ RunTime:0.000000s ]
INFO: [ app_begin ] --END-- [ RunTime:0.000000s ]
SQL: SHOW COLUMNS FROM `oa_class_info` [ RunTime:0.0040s ]
SQL: SHOW COLUMNS FROM `oa_user_info` [ RunTime:0.0040s ]
SQL: SHOW COLUMNS FROM `oa_student_info` [ RunTime:0.0030s ]
SQL: SELECT `id`,`class_code` FROM `oa_class_info` WHERE ( del = 1 )  [ RunTime:0.0000s ]
INFO: [ app_end ] --START--
INFO: Run Behavior\ShowPageTraceBehavior [ RunTime:0.001000s ]
INFO: [ app_end ] --END-- [ RunTime:0.001000s ]

[ 2016-11-02T17:33:56+08:00 ] ::1 /Dsupport/index.php/Home/ClassInfo/get_class
INFO: [ app_begin ] --START--
INFO: Run Behavior\ReadHtmlCacheBehavior [ RunTime:0.000000s ]
INFO: [ app_begin ] --END-- [ RunTime:0.000000s ]
SQL: SHOW COLUMNS FROM `oa_class_info` [ RunTime:0.0060s ]
SQL: SHOW COLUMNS FROM `oa_user_info` [ RunTime:0.0050s ]
SQL: SHOW COLUMNS FROM `oa_student_info` [ RunTime:0.0050s ]
SQL: SELECT `id`,`class_code` FROM `oa_class_info` WHERE ( del = 1 )  [ RunTime:0.0000s ]
INFO: [ app_end ] --START--
INFO: Run Behavior\ShowPageTraceBehavior [ RunTime:0.000000s ]
INFO: [ app_end ] --END-- [ RunTime:0.000000s ]

[ 2016-11-02T17:35:50+08:00 ] ::1 /Dsupport/index.php/Home/ClassInfo/get_class
INFO: [ app_begin ] --START--
INFO: Run Behavior\ReadHtmlCacheBehavior [ RunTime:0.000000s ]
INFO: [ app_begin ] --END-- [ RunTime:0.000000s ]
SQL: SHOW COLUMNS FROM `oa_class_info` [ RunTime:0.0040s ]
SQL: SHOW COLUMNS FROM `oa_user_info` [ RunTime:0.0040s ]
SQL: SHOW COLUMNS FROM `oa_student_info` [ RunTime:0.0040s ]
SQL: SELECT `id`,`class_code` FROM `oa_class_info` WHERE ( del = 1 )  [ RunTime:0.0000s ]
INFO: [ app_end ] --START--
INFO: Run Behavior\ShowPageTraceBehavior [ RunTime:0.000000s ]
INFO: [ app_end ] --END-- [ RunTime:0.000000s ]

[ 2016-11-02T17:39:42+08:00 ] ::1 /Dsupport/index.php/Home/ClassInfo/get_class
INFO: [ app_begin ] --START--
INFO: Run Behavior\ReadHtmlCacheBehavior [ RunTime:0.000000s ]
INFO: [ app_begin ] --END-- [ RunTime:0.000000s ]
SQL: SHOW COLUMNS FROM `oa_class_info` [ RunTime:0.0030s ]
SQL: SHOW COLUMNS FROM `oa_user_info` [ RunTime:0.0040s ]
SQL: SHOW COLUMNS FROM `oa_student_info` [ RunTime:0.0040s ]
SQL: SELECT `id`,`class_code` FROM `oa_class_info` WHERE ( del = 1 )  [ RunTime:0.0010s ]
INFO: [ app_end ] --START--
INFO: Run Behavior\ShowPageTraceBehavior [ RunTime:0.000000s ]
INFO: [ app_end ] --END-- [ RunTime:0.000000s ]

[ 2016-11-02T17:40:55+08:00 ] ::1 /Dsupport/index.php/Home/ClassInfo/get_class
INFO: [ app_begin ] --START--
INFO: Run Behavior\ReadHtmlCacheBehavior [ RunTime:0.000000s ]
INFO: [ app_begin ] --END-- [ RunTime:0.000000s ]
SQL: SHOW COLUMNS FROM `oa_class_info` [ RunTime:0.0070s ]
SQL: SHOW COLUMNS FROM `oa_user_info` [ RunTime:0.0040s ]
SQL: SHOW COLUMNS FROM `oa_student_info` [ RunTime:0.0030s ]
SQL: SELECT `id`,`class_code` FROM `oa_class_info` WHERE ( del = 1 )  [ RunTime:0.0010s ]
INFO: [ app_end ] --START--
INFO: Run Behavior\ShowPageTraceBehavior [ RunTime:0.000000s ]
INFO: [ app_end ] --END-- [ RunTime:0.000000s ]

[ 2016-11-02T17:41:36+08:00 ] ::1 /Dsupport/index.php/Home/ClassInfo/get_class
INFO: [ app_begin ] --START--
INFO: Run Behavior\ReadHtmlCacheBehavior [ RunTime:0.000000s ]
INFO: [ app_begin ] --END-- [ RunTime:0.000000s ]
SQL: SHOW COLUMNS FROM `oa_class_info` [ RunTime:0.0060s ]
SQL: SHOW COLUMNS FROM `oa_user_info` [ RunTime:0.0060s ]
SQL: SHOW COLUMNS FROM `oa_student_info` [ RunTime:0.0060s ]
SQL: SELECT `id`,`class_code` FROM `oa_class_info` WHERE ( del = 1 )  [ RunTime:0.0010s ]
INFO: [ app_end ] --START--
INFO: Run Behavior\ShowPageTraceBehavior [ RunTime:0.001001s ]
INFO: [ app_end ] --END-- [ RunTime:0.001001s ]

[ 2016-11-02T17:50:58+08:00 ] ::1 /Dsupport/index.php/Home/ClassInfo/get_class
INFO: [ app_begin ] --START--
INFO: Run Behavior\ReadHtmlCacheBehavior [ RunTime:0.000000s ]
INFO: [ app_begin ] --END-- [ RunTime:0.000000s ]
SQL: SHOW COLUMNS FROM `oa_class_info` [ RunTime:0.0030s ]
SQL: SHOW COLUMNS FROM `oa_user_info` [ RunTime:0.0040s ]
SQL: SHOW COLUMNS FROM `oa_student_info` [ RunTime:0.0050s ]
SQL: SELECT `id`,`class_code` FROM `oa_class_info` WHERE ( del = 1 )  [ RunTime:0.0000s ]
INFO: [ app_end ] --START--
INFO: Run Behavior\ShowPageTraceBehavior [ RunTime:0.000000s ]
INFO: [ app_end ] --END-- [ RunTime:0.000000s ]

[ 2016-11-02T17:51:02+08:00 ] ::1 /Dsupport/index.php/Home/ClassInfo/change_class
INFO: [ app_begin ] --START--
INFO: Run Behavior\ReadHtmlCacheBehavior [ RunTime:0.000000s ]
INFO: [ app_begin ] --END-- [ RunTime:0.000000s ]
SQL: SHOW COLUMNS FROM `oa_class_info` [ RunTime:0.0030s ]
SQL: SHOW COLUMNS FROM `oa_user_info` [ RunTime:0.0030s ]
SQL: SHOW COLUMNS FROM `oa_student_info` [ RunTime:0.0030s ]
SQL: SELECT * FROM `oa_class_info` WHERE ( id = 1 ) LIMIT 1   [ RunTime:0.0000s ]
SQL: UPDATE `oa_student_info` SET `class_id`='1',`stu_type`='4' WHERE `id` = 4 [ RunTime:0.0020s ]

[ 2016-11-02T17:51:42+08:00 ] ::1 /Dsupport/index.php/Home/ClassInfo/get_class
INFO: [ app_begin ] --START--
INFO: Run Behavior\ReadHtmlCacheBehavior [ RunTime:0.001000s ]
INFO: [ app_begin ] --END-- [ RunTime:0.001000s ]
SQL: SHOW COLUMNS FROM `oa_class_info` [ RunTime:0.0050s ]
SQL: SHOW COLUMNS FROM `oa_user_info` [ RunTime:0.0050s ]
SQL: SHOW COLUMNS FROM `oa_student_info` [ RunTime:0.0060s ]
SQL: SELECT `id`,`class_code` FROM `oa_class_info` WHERE ( del = 1 )  [ RunTime:0.0010s ]
INFO: [ app_end ] --START--
INFO: Run Behavior\ShowPageTraceBehavior [ RunTime:0.000000s ]
INFO: [ app_end ] --END-- [ RunTime:0.000000s ]

[ 2016-11-02T17:51:45+08:00 ] ::1 /Dsupport/index.php/Home/ClassInfo/change_class
INFO: [ app_begin ] --START--
INFO: Run Behavior\ReadHtmlCacheBehavior [ RunTime:0.000000s ]
INFO: [ app_begin ] --END-- [ RunTime:0.000000s ]
SQL: SHOW COLUMNS FROM `oa_class_info` [ RunTime:0.0050s ]
SQL: SHOW COLUMNS FROM `oa_user_info` [ RunTime:0.0050s ]
SQL: SHOW COLUMNS FROM `oa_student_info` [ RunTime:0.0060s ]
SQL: SELECT * FROM `oa_class_info` WHERE ( id = 1 ) LIMIT 1   [ RunTime:0.0010s ]
SQL: UPDATE `oa_student_info` SET `class_id`='1',`stu_type`='4' WHERE `id` = 5 [ RunTime:0.0110s ]

[ 2016-11-02T17:52:12+08:00 ] ::1 /Dsupport/index.php/Home/ClassInfo/get_class
INFO: [ app_begin ] --START--
INFO: Run Behavior\ReadHtmlCacheBehavior [ RunTime:0.000000s ]
INFO: [ app_begin ] --END-- [ RunTime:0.000000s ]
SQL: SHOW COLUMNS FROM `oa_class_info` [ RunTime:0.0030s ]
SQL: SHOW COLUMNS FROM `oa_user_info` [ RunTime:0.0030s ]
SQL: SHOW COLUMNS FROM `oa_student_info` [ RunTime:0.0030s ]
SQL: SELECT `id`,`class_code` FROM `oa_class_info` WHERE ( del = 1 )  [ RunTime:0.0000s ]
INFO: [ app_end ] --START--
INFO: Run Behavior\ShowPageTraceBehavior [ RunTime:0.000000s ]
INFO: [ app_end ] --END-- [ RunTime:0.000000s ]

[ 2016-11-02T17:52:14+08:00 ] ::1 /Dsupport/index.php/Home/ClassInfo/change_class
INFO: [ app_begin ] --START--
INFO: Run Behavior\ReadHtmlCacheBehavior [ RunTime:0.000000s ]
INFO: [ app_begin ] --END-- [ RunTime:0.001000s ]
SQL: SHOW COLUMNS FROM `oa_class_info` [ RunTime:0.0040s ]
SQL: SHOW COLUMNS FROM `oa_user_info` [ RunTime:0.0040s ]
SQL: SHOW COLUMNS FROM `oa_student_info` [ RunTime:0.0040s ]
SQL: SELECT * FROM `oa_class_info` WHERE ( id = 2 ) LIMIT 1   [ RunTime:0.0000s ]
SQL: UPDATE `oa_student_info` SET `class_id`='2',`stu_type`='3' WHERE `id` = 2 [ RunTime:0.1680s ]

[ 2016-11-02T17:53:35+08:00 ] ::1 /Dsupport/index.php/Home/ClassInfo/get_class
INFO: [ app_begin ] --START--
INFO: Run Behavior\ReadHtmlCacheBehavior [ RunTime:0.001001s ]
INFO: [ app_begin ] --END-- [ RunTime:0.001001s ]
SQL: SHOW COLUMNS FROM `oa_class_info` [ RunTime:0.0030s ]
SQL: SHOW COLUMNS FROM `oa_user_info` [ RunTime:0.0040s ]
SQL: SHOW COLUMNS FROM `oa_student_info` [ RunTime:0.0040s ]
SQL: SELECT `id`,`class_code` FROM `oa_class_info` WHERE ( del = 1 )  [ RunTime:0.0010s ]
INFO: [ app_end ] --START--
INFO: Run Behavior\ShowPageTraceBehavior [ RunTime:0.000000s ]
INFO: [ app_end ] --END-- [ RunTime:0.000000s ]

[ 2016-11-02T17:53:39+08:00 ] ::1 /Dsupport/index.php/Home/ClassInfo/change_class
INFO: [ app_begin ] --START--
INFO: Run Behavior\ReadHtmlCacheBehavior [ RunTime:0.000000s ]
INFO: [ app_begin ] --END-- [ RunTime:0.000000s ]
SQL: SHOW COLUMNS FROM `oa_class_info` [ RunTime:0.0060s ]
SQL: SHOW COLUMNS FROM `oa_user_info` [ RunTime:0.0040s ]
SQL: SHOW COLUMNS FROM `oa_student_info` [ RunTime:0.0030s ]
SQL: SELECT * FROM `oa_class_info` WHERE ( id = 2 ) LIMIT 1   [ RunTime:0.0010s ]
SQL: UPDATE `oa_student_info` SET `class_id`='2',`stu_type`='3' WHERE `id` = 4 [ RunTime:0.0580s ]

[ 2016-11-02T17:55:51+08:00 ] ::1 /Dsupport/index.php/Home/ClassInfo/get_class
INFO: [ app_begin ] --START--
INFO: Run Behavior\ReadHtmlCacheBehavior [ RunTime:0.000000s ]
INFO: [ app_begin ] --END-- [ RunTime:0.000000s ]
SQL: SHOW COLUMNS FROM `oa_class_info` [ RunTime:0.0030s ]
SQL: SHOW COLUMNS FROM `oa_user_info` [ RunTime:0.0040s ]
SQL: SHOW COLUMNS FROM `oa_student_info` [ RunTime:0.0040s ]
SQL: SELECT `id`,`class_code` FROM `oa_class_info` WHERE ( del = 1 )  [ RunTime:0.0010s ]
INFO: [ app_end ] --START--
INFO: Run Behavior\ShowPageTraceBehavior [ RunTime:0.000000s ]
INFO: [ app_end ] --END-- [ RunTime:0.000000s ]

[ 2016-11-02T17:57:07+08:00 ] ::1 /Dsupport/index.php/Home/ClassInfo/get_class
INFO: [ app_begin ] --START--
INFO: Run Behavior\ReadHtmlCacheBehavior [ RunTime:0.000000s ]
INFO: [ app_begin ] --END-- [ RunTime:0.001000s ]
SQL: SHOW COLUMNS FROM `oa_class_info` [ RunTime:0.0040s ]
SQL: SHOW COLUMNS FROM `oa_user_info` [ RunTime:0.0050s ]
SQL: SHOW COLUMNS FROM `oa_student_info` [ RunTime:0.0050s ]
SQL: SELECT `id`,`class_code` FROM `oa_class_info` WHERE ( del = 1 )  [ RunTime:0.0010s ]
INFO: [ app_end ] --START--
INFO: Run Behavior\ShowPageTraceBehavior [ RunTime:0.000000s ]
INFO: [ app_end ] --END-- [ RunTime:0.000000s ]

[ 2016-11-02T17:57:10+08:00 ] ::1 /Dsupport/index.php/Home/ClassInfo/change_class
INFO: [ app_begin ] --START--
INFO: Run Behavior\ReadHtmlCacheBehavior [ RunTime:0.000000s ]
INFO: [ app_begin ] --END-- [ RunTime:0.000000s ]
SQL: SHOW COLUMNS FROM `oa_class_info` [ RunTime:0.0040s ]
SQL: SHOW COLUMNS FROM `oa_user_info` [ RunTime:0.0040s ]
SQL: SHOW COLUMNS FROM `oa_student_info` [ RunTime:0.0050s ]
SQL: SELECT * FROM `oa_class_info` WHERE ( id = 1 ) LIMIT 1   [ RunTime:0.0010s ]
SQL: UPDATE `oa_student_info` SET `class_id`='1',`stu_type`='4' WHERE `id` = 1 [ RunTime:0.2820s ]

[ 2016-11-02T17:57:19+08:00 ] ::1 /Dsupport/index.php/Home/ClassInfo/get_class
INFO: [ app_begin ] --START--
INFO: Run Behavior\ReadHtmlCacheBehavior [ RunTime:0.001000s ]
INFO: [ app_begin ] --END-- [ RunTime:0.001000s ]
SQL: SHOW COLUMNS FROM `oa_class_info` [ RunTime:0.0040s ]
SQL: SHOW COLUMNS FROM `oa_user_info` [ RunTime:0.0040s ]
SQL: SHOW COLUMNS FROM `oa_student_info` [ RunTime:0.0040s ]
SQL: SELECT `id`,`class_code` FROM `oa_class_info` WHERE ( del = 1 )  [ RunTime:0.0000s ]
INFO: [ app_end ] --START--
INFO: Run Behavior\ShowPageTraceBehavior [ RunTime:0.000000s ]
INFO: [ app_end ] --END-- [ RunTime:0.000000s ]

[ 2016-11-02T17:57:21+08:00 ] ::1 /Dsupport/index.php/Home/ClassInfo/change_class
INFO: [ app_begin ] --START--
INFO: Run Behavior\ReadHtmlCacheBehavior [ RunTime:0.000000s ]
INFO: [ app_begin ] --END-- [ RunTime:0.000000s ]
SQL: SHOW COLUMNS FROM `oa_class_info` [ RunTime:0.0040s ]
SQL: SHOW COLUMNS FROM `oa_user_info` [ RunTime:0.0040s ]
SQL: SHOW COLUMNS FROM `oa_student_info` [ RunTime:0.0050s ]
SQL: SELECT * FROM `oa_class_info` WHERE ( id = 2 ) LIMIT 1   [ RunTime:0.0000s ]
SQL: UPDATE `oa_student_info` SET `class_id`='2',`stu_type`='3' WHERE `id` = 5 [ RunTime:0.0020s ]

[ 2016-11-02T18:00:11+08:00 ] ::1 /Dsupport/index.php/Home/ClassInfo/get_class
INFO: [ app_begin ] --START--
INFO: Run Behavior\ReadHtmlCacheBehavior [ RunTime:0.000000s ]
INFO: [ app_begin ] --END-- [ RunTime:0.000000s ]
SQL: SHOW COLUMNS FROM `oa_class_info` [ RunTime:0.0030s ]
SQL: SHOW COLUMNS FROM `oa_user_info` [ RunTime:0.0030s ]
SQL: SHOW COLUMNS FROM `oa_student_info` [ RunTime:0.0050s ]
SQL: SELECT `id`,`class_code` FROM `oa_class_info` WHERE ( del = 1 )  [ RunTime:0.0000s ]
INFO: [ app_end ] --START--
INFO: Run Behavior\ShowPageTraceBehavior [ RunTime:0.000000s ]
INFO: [ app_end ] --END-- [ RunTime:0.000000s ]

[ 2016-11-02T18:00:14+08:00 ] ::1 /Dsupport/index.php/Home/ClassInfo/get_class
INFO: [ app_begin ] --START--
INFO: Run Behavior\ReadHtmlCacheBehavior [ RunTime:0.000000s ]
INFO: [ app_begin ] --END-- [ RunTime:0.001000s ]
SQL: SHOW COLUMNS FROM `oa_class_info` [ RunTime:0.0060s ]
SQL: SHOW COLUMNS FROM `oa_user_info` [ RunTime:0.0070s ]
SQL: SHOW COLUMNS FROM `oa_student_info` [ RunTime:0.0060s ]
SQL: SELECT `id`,`class_code` FROM `oa_class_info` WHERE ( del = 1 )  [ RunTime:0.0000s ]
INFO: [ app_end ] --START--
INFO: Run Behavior\ShowPageTraceBehavior [ RunTime:0.000000s ]
INFO: [ app_end ] --END-- [ RunTime:0.000000s ]

[ 2016-11-02T18:00:54+08:00 ] ::1 /Dsupport/index.php/Home/ClassInfo/get_class
INFO: [ app_begin ] --START--
INFO: Run Behavior\ReadHtmlCacheBehavior [ RunTime:0.000000s ]
INFO: [ app_begin ] --END-- [ RunTime:0.000000s ]
SQL: SHOW COLUMNS FROM `oa_class_info` [ RunTime:0.0030s ]
SQL: SHOW COLUMNS FROM `oa_user_info` [ RunTime:0.0040s ]
SQL: SHOW COLUMNS FROM `oa_student_info` [ RunTime:0.0030s ]
SQL: SELECT `id`,`class_code` FROM `oa_class_info` WHERE ( del = 1 )  [ RunTime:0.0000s ]
INFO: [ app_end ] --START--
INFO: Run Behavior\ShowPageTraceBehavior [ RunTime:0.000000s ]
INFO: [ app_end ] --END-- [ RunTime:0.000000s ]

[ 2016-11-02T18:01:06+08:00 ] ::1 /Dsupport/index.php/Home/ClassInfo/get_class
INFO: [ app_begin ] --START--
INFO: Run Behavior\ReadHtmlCacheBehavior [ RunTime:0.000000s ]
INFO: [ app_begin ] --END-- [ RunTime:0.001000s ]
SQL: SHOW COLUMNS FROM `oa_class_info` [ RunTime:0.0070s ]
SQL: SHOW COLUMNS FROM `oa_user_info` [ RunTime:0.0070s ]
SQL: SHOW COLUMNS FROM `oa_student_info` [ RunTime:0.0060s ]
SQL: SELECT `id`,`class_code` FROM `oa_class_info` WHERE ( del = 1 )  [ RunTime:0.0000s ]
INFO: [ app_end ] --START--
INFO: Run Behavior\ShowPageTraceBehavior [ RunTime:0.000000s ]
INFO: [ app_end ] --END-- [ RunTime:0.000000s ]

[ 2016-11-02T18:01:37+08:00 ] ::1 /Dsupport/index.php/Home/ClassInfo/get_class
INFO: [ app_begin ] --START--
INFO: Run Behavior\ReadHtmlCacheBehavior [ RunTime:0.000000s ]
INFO: [ app_begin ] --END-- [ RunTime:0.000000s ]
SQL: SHOW COLUMNS FROM `oa_class_info` [ RunTime:0.0050s ]
SQL: SHOW COLUMNS FROM `oa_user_info` [ RunTime:0.0060s ]
SQL: SHOW COLUMNS FROM `oa_student_info` [ RunTime:0.0060s ]
SQL: SELECT `id`,`class_code` FROM `oa_class_info` WHERE ( del = 1 )  [ RunTime:0.0010s ]
INFO: [ app_end ] --START--
INFO: Run Behavior\ShowPageTraceBehavior [ RunTime:0.000000s ]
INFO: [ app_end ] --END-- [ RunTime:0.000000s ]

[ 2016-11-02T18:02:20+08:00 ] ::1 /Dsupport/index.php/Home/ClassInfo/get_class
INFO: [ app_begin ] --START--
INFO: Run Behavior\ReadHtmlCacheBehavior [ RunTime:0.000000s ]
INFO: [ app_begin ] --END-- [ RunTime:0.000000s ]
SQL: SHOW COLUMNS FROM `oa_class_info` [ RunTime:0.0040s ]
SQL: SHOW COLUMNS FROM `oa_user_info` [ RunTime:0.0060s ]
SQL: SHOW COLUMNS FROM `oa_student_info` [ RunTime:0.0040s ]
SQL: SELECT `id`,`class_code` FROM `oa_class_info` WHERE ( del = 1 )  [ RunTime:0.0000s ]
INFO: [ app_end ] --START--
INFO: Run Behavior\ShowPageTraceBehavior [ RunTime:0.001000s ]
INFO: [ app_end ] --END-- [ RunTime:0.001000s ]

[ 2016-11-02T18:02:22+08:00 ] ::1 /Dsupport/index.php/Home/ClassInfo/change_class
INFO: [ app_begin ] --START--
INFO: Run Behavior\ReadHtmlCacheBehavior [ RunTime:0.000000s ]
INFO: [ app_begin ] --END-- [ RunTime:0.000000s ]
SQL: SHOW COLUMNS FROM `oa_class_info` [ RunTime:0.0040s ]
SQL: SHOW COLUMNS FROM `oa_user_info` [ RunTime:0.0030s ]
SQL: SHOW COLUMNS FROM `oa_student_info` [ RunTime:0.0040s ]
SQL: SELECT * FROM `oa_class_info` WHERE ( id = 1 ) LIMIT 1   [ RunTime:0.0000s ]
SQL: UPDATE `oa_student_info` SET `class_id`='1',`stu_type`='4' WHERE `id` = 4 [ RunTime:0.0010s ]

[ 2016-11-02T18:02:46+08:00 ] ::1 /Dsupport/index.php/Home/ClassInfo/get_class
INFO: [ app_begin ] --START--
INFO: Run Behavior\ReadHtmlCacheBehavior [ RunTime:0.000000s ]
INFO: [ app_begin ] --END-- [ RunTime:0.000000s ]
SQL: SHOW COLUMNS FROM `oa_class_info` [ RunTime:0.0040s ]
SQL: SHOW COLUMNS FROM `oa_user_info` [ RunTime:0.0040s ]
SQL: SHOW COLUMNS FROM `oa_student_info` [ RunTime:0.0040s ]
SQL: SELECT `id`,`class_code` FROM `oa_class_info` WHERE ( del = 1 )  [ RunTime:0.0000s ]
INFO: [ app_end ] --START--
INFO: Run Behavior\ShowPageTraceBehavior [ RunTime:0.000000s ]
INFO: [ app_end ] --END-- [ RunTime:0.000000s ]

[ 2016-11-02T18:02:50+08:00 ] ::1 /Dsupport/index.php/Home/ClassInfo/get_class
INFO: [ app_begin ] --START--
INFO: Run Behavior\ReadHtmlCacheBehavior [ RunTime:0.000000s ]
INFO: [ app_begin ] --END-- [ RunTime:0.000000s ]
SQL: SHOW COLUMNS FROM `oa_class_info` [ RunTime:0.0030s ]
SQL: SHOW COLUMNS FROM `oa_user_info` [ RunTime:0.0040s ]
SQL: SHOW COLUMNS FROM `oa_student_info` [ RunTime:0.0040s ]
SQL: SELECT `id`,`class_code` FROM `oa_class_info` WHERE ( del = 1 )  [ RunTime:0.0000s ]
INFO: [ app_end ] --START--
INFO: Run Behavior\ShowPageTraceBehavior [ RunTime:0.000000s ]
INFO: [ app_end ] --END-- [ RunTime:0.000000s ]

[ 2016-11-02T18:02:55+08:00 ] ::1 /Dsupport/index.php/Home/ClassInfo/change_class
INFO: [ app_begin ] --START--
INFO: Run Behavior\ReadHtmlCacheBehavior [ RunTime:0.000000s ]
INFO: [ app_begin ] --END-- [ RunTime:0.000000s ]
SQL: SHOW COLUMNS FROM `oa_class_info` [ RunTime:0.0060s ]
SQL: SHOW COLUMNS FROM `oa_user_info` [ RunTime:0.0050s ]
SQL: SHOW COLUMNS FROM `oa_student_info` [ RunTime:0.0070s ]
SQL: SELECT * FROM `oa_class_info` WHERE ( id = 1 ) LIMIT 1   [ RunTime:0.0010s ]
SQL: UPDATE `oa_student_info` SET `class_id`='1',`stu_type`='4' WHERE `id` = 5 [ RunTime:0.0120s ]

[ 2016-11-02T18:04:56+08:00 ] ::1 /Dsupport/index.php/Home/ClassInfo/get_class
INFO: [ app_begin ] --START--
INFO: Run Behavior\ReadHtmlCacheBehavior [ RunTime:0.000000s ]
INFO: [ app_begin ] --END-- [ RunTime:0.000000s ]
SQL: SHOW COLUMNS FROM `oa_class_info` [ RunTime:0.0050s ]
SQL: SHOW COLUMNS FROM `oa_user_info` [ RunTime:0.0050s ]
SQL: SHOW COLUMNS FROM `oa_student_info` [ RunTime:0.0050s ]
SQL: SELECT `id`,`class_code` FROM `oa_class_info` WHERE ( del = 1 )  [ RunTime:0.0000s ]
INFO: [ app_end ] --START--
INFO: Run Behavior\ShowPageTraceBehavior [ RunTime:0.001000s ]
INFO: [ app_end ] --END-- [ RunTime:0.001000s ]

[ 2016-11-02T18:04:57+08:00 ] ::1 /Dsupport/index.php/Home/ClassInfo/change_class
INFO: [ app_begin ] --START--
INFO: Run Behavior\ReadHtmlCacheBehavior [ RunTime:0.000000s ]
INFO: [ app_begin ] --END-- [ RunTime:0.000000s ]
SQL: SHOW COLUMNS FROM `oa_class_info` [ RunTime:0.0050s ]
SQL: SHOW COLUMNS FROM `oa_user_info` [ RunTime:0.0060s ]
SQL: SHOW COLUMNS FROM `oa_student_info` [ RunTime:0.0050s ]
SQL: SELECT * FROM `oa_class_info` WHERE ( id = 3 ) LIMIT 1   [ RunTime:0.0000s ]
SQL: UPDATE `oa_student_info` SET `class_id`='3',`stu_type`='3' WHERE `id` = 3 [ RunTime:0.0050s ]

[ 2016-11-02T18:05:40+08:00 ] ::1 /Dsupport/index.php/Home/ClassInfo/get_class
INFO: [ app_begin ] --START--
INFO: Run Behavior\ReadHtmlCacheBehavior [ RunTime:0.001000s ]
INFO: [ app_begin ] --END-- [ RunTime:0.001000s ]
SQL: SHOW COLUMNS FROM `oa_class_info` [ RunTime:0.0090s ]
SQL: SHOW COLUMNS FROM `oa_user_info` [ RunTime:0.0040s ]
SQL: SHOW COLUMNS FROM `oa_student_info` [ RunTime:0.0050s ]
SQL: SELECT `id`,`class_code` FROM `oa_class_info` WHERE ( del = 1 )  [ RunTime:0.0010s ]
INFO: [ app_end ] --START--
INFO: Run Behavior\ShowPageTraceBehavior [ RunTime:0.001001s ]
INFO: [ app_end ] --END-- [ RunTime:0.001001s ]

[ 2016-11-02T18:05:43+08:00 ] ::1 /Dsupport/index.php/Home/ClassInfo/change_class
INFO: [ app_begin ] --START--
INFO: Run Behavior\ReadHtmlCacheBehavior [ RunTime:0.000000s ]
INFO: [ app_begin ] --END-- [ RunTime:0.000000s ]
SQL: SHOW COLUMNS FROM `oa_class_info` [ RunTime:0.0040s ]
SQL: SHOW COLUMNS FROM `oa_user_info` [ RunTime:0.0040s ]
SQL: SHOW COLUMNS FROM `oa_student_info` [ RunTime:0.0050s ]
SQL: SELECT * FROM `oa_class_info` WHERE ( id = 2 ) LIMIT 1   [ RunTime:0.0010s ]
SQL: UPDATE `oa_student_info` SET `class_id`='2',`stu_type`='4' WHERE `id` = 5 [ RunTime:0.0170s ]

[ 2016-11-02T18:08:19+08:00 ] ::1 /Dsupport/index.php/Home/ClassInfo/get_class
INFO: [ app_begin ] --START--
INFO: Run Behavior\ReadHtmlCacheBehavior [ RunTime:0.000000s ]
INFO: [ app_begin ] --END-- [ RunTime:0.000000s ]
SQL: SHOW COLUMNS FROM `oa_class_info` [ RunTime:0.0030s ]
SQL: SHOW COLUMNS FROM `oa_user_info` [ RunTime:0.0050s ]
SQL: SHOW COLUMNS FROM `oa_student_info` [ RunTime:0.0040s ]
SQL: SELECT `id`,`class_code` FROM `oa_class_info` WHERE ( del = 1 )  [ RunTime:0.0000s ]
INFO: [ app_end ] --START--
INFO: Run Behavior\ShowPageTraceBehavior [ RunTime:0.000000s ]
INFO: [ app_end ] --END-- [ RunTime:0.000000s ]

[ 2016-11-02T18:08:21+08:00 ] ::1 /Dsupport/index.php/Home/ClassInfo/change_class
INFO: [ app_begin ] --START--
INFO: Run Behavior\ReadHtmlCacheBehavior [ RunTime:0.000000s ]
INFO: [ app_begin ] --END-- [ RunTime:0.000000s ]
SQL: SHOW COLUMNS FROM `oa_class_info` [ RunTime:0.0040s ]
SQL: SHOW COLUMNS FROM `oa_user_info` [ RunTime:0.0040s ]
SQL: SHOW COLUMNS FROM `oa_student_info` [ RunTime:0.0040s ]
SQL: SELECT * FROM `oa_class_info` WHERE ( id = 2 ) LIMIT 1   [ RunTime:0.0000s ]
SQL: UPDATE `oa_student_info` SET `class_id`='2',`stu_type`='4' WHERE `id` = 5 [ RunTime:0.0020s ]
INFO: [ app_end ] --START--
INFO: Run Behavior\ShowPageTraceBehavior [ RunTime:0.000000s ]
INFO: [ app_end ] --END-- [ RunTime:0.000000s ]

[ 2016-11-02T18:30:25+08:00 ] ::1 /Dsupport/index.php/Home/ClassInfo/get_class
INFO: [ app_begin ] --START--
INFO: Run Behavior\ReadHtmlCacheBehavior [ RunTime:0.000000s ]
INFO: [ app_begin ] --END-- [ RunTime:0.000000s ]
SQL: SHOW COLUMNS FROM `oa_class_info` [ RunTime:0.0030s ]
SQL: SHOW COLUMNS FROM `oa_user_info` [ RunTime:0.0030s ]
SQL: SHOW COLUMNS FROM `oa_student_info` [ RunTime:0.0040s ]
SQL: SELECT `id`,`class_code` FROM `oa_class_info` WHERE ( del = 1 )  [ RunTime:0.0000s ]
INFO: [ app_end ] --START--
INFO: Run Behavior\ShowPageTraceBehavior [ RunTime:0.000000s ]
INFO: [ app_end ] --END-- [ RunTime:0.000000s ]

[ 2016-11-02T18:30:41+08:00 ] ::1 /Dsupport/index.php/Home/ClassInfo/get_class
INFO: [ app_begin ] --START--
INFO: Run Behavior\ReadHtmlCacheBehavior [ RunTime:0.001000s ]
INFO: [ app_begin ] --END-- [ RunTime:0.001000s ]
SQL: SHOW COLUMNS FROM `oa_class_info` [ RunTime:0.0070s ]
SQL: SHOW COLUMNS FROM `oa_user_info` [ RunTime:0.0060s ]
SQL: SHOW COLUMNS FROM `oa_student_info` [ RunTime:0.0070s ]
SQL: SELECT `id`,`class_code` FROM `oa_class_info` WHERE ( del = 1 )  [ RunTime:0.0010s ]
INFO: [ app_end ] --START--
INFO: Run Behavior\ShowPageTraceBehavior [ RunTime:0.000000s ]
INFO: [ app_end ] --END-- [ RunTime:0.000000s ]

[ 2016-11-02T18:31:05+08:00 ] ::1 /Dsupport/index.php/Home/ClassInfo/get_class
INFO: [ app_begin ] --START--
INFO: Run Behavior\ReadHtmlCacheBehavior [ RunTime:0.000000s ]
INFO: [ app_begin ] --END-- [ RunTime:0.001000s ]
SQL: SHOW COLUMNS FROM `oa_class_info` [ RunTime:0.0070s ]
SQL: SHOW COLUMNS FROM `oa_user_info` [ RunTime:0.0060s ]
SQL: SHOW COLUMNS FROM `oa_student_info` [ RunTime:0.0060s ]
SQL: SELECT `id`,`class_code` FROM `oa_class_info` WHERE ( del = 1 )  [ RunTime:0.0010s ]
INFO: [ app_end ] --START--
INFO: Run Behavior\ShowPageTraceBehavior [ RunTime:0.000000s ]
INFO: [ app_end ] --END-- [ RunTime:0.000000s ]

[ 2016-11-02T18:31:18+08:00 ] ::1 /Dsupport/index.php/Home/ClassInfo/get_class
INFO: [ app_begin ] --START--
INFO: Run Behavior\ReadHtmlCacheBehavior [ RunTime:0.000000s ]
INFO: [ app_begin ] --END-- [ RunTime:0.000000s ]
SQL: SHOW COLUMNS FROM `oa_class_info` [ RunTime:0.0080s ]
SQL: SHOW COLUMNS FROM `oa_user_info` [ RunTime:0.0080s ]
SQL: SHOW COLUMNS FROM `oa_student_info` [ RunTime:0.0040s ]
SQL: SELECT `id`,`class_code` FROM `oa_class_info` WHERE ( del = 1 )  [ RunTime:0.0010s ]
INFO: [ app_end ] --START--
INFO: Run Behavior\ShowPageTraceBehavior [ RunTime:0.000000s ]
INFO: [ app_end ] --END-- [ RunTime:0.000000s ]

[ 2016-11-02T18:31:33+08:00 ] ::1 /Dsupport/index.php/Home/ClassInfo/get_class
INFO: [ app_begin ] --START--
INFO: Run Behavior\ReadHtmlCacheBehavior [ RunTime:0.000000s ]
INFO: [ app_begin ] --END-- [ RunTime:0.000000s ]
SQL: SHOW COLUMNS FROM `oa_class_info` [ RunTime:0.0070s ]
SQL: SHOW COLUMNS FROM `oa_user_info` [ RunTime:0.0040s ]
SQL: SHOW COLUMNS FROM `oa_student_info` [ RunTime:0.0040s ]
SQL: SELECT `id`,`class_code` FROM `oa_class_info` WHERE ( del = 1 )  [ RunTime:0.0010s ]
INFO: [ app_end ] --START--
INFO: Run Behavior\ShowPageTraceBehavior [ RunTime:0.000000s ]
INFO: [ app_end ] --END-- [ RunTime:0.000000s ]

[ 2016-11-02T18:31:48+08:00 ] ::1 /Dsupport/index.php/Home/ClassInfo/get_class
INFO: [ app_begin ] --START--
INFO: Run Behavior\ReadHtmlCacheBehavior [ RunTime:0.000000s ]
INFO: [ app_begin ] --END-- [ RunTime:0.000000s ]
SQL: SHOW COLUMNS FROM `oa_class_info` [ RunTime:0.0040s ]
SQL: SHOW COLUMNS FROM `oa_user_info` [ RunTime:0.0050s ]
SQL: SHOW COLUMNS FROM `oa_student_info` [ RunTime:0.0050s ]
SQL: SELECT `id`,`class_code` FROM `oa_class_info` WHERE ( del = 1 )  [ RunTime:0.0000s ]
INFO: [ app_end ] --START--
INFO: Run Behavior\ShowPageTraceBehavior [ RunTime:0.000000s ]
INFO: [ app_end ] --END-- [ RunTime:0.001000s ]

[ 2016-11-02T18:32:02+08:00 ] ::1 /Dsupport/index.php/Home/ClassInfo/get_class
INFO: [ app_begin ] --START--
INFO: Run Behavior\ReadHtmlCacheBehavior [ RunTime:0.001000s ]
INFO: [ app_begin ] --END-- [ RunTime:0.001000s ]
SQL: SHOW COLUMNS FROM `oa_class_info` [ RunTime:0.0030s ]
SQL: SHOW COLUMNS FROM `oa_user_info` [ RunTime:0.0030s ]
SQL: SHOW COLUMNS FROM `oa_student_info` [ RunTime:0.0030s ]
SQL: SELECT `id`,`class_code` FROM `oa_class_info` WHERE ( del = 1 )  [ RunTime:0.0010s ]
INFO: [ app_end ] --START--
INFO: Run Behavior\ShowPageTraceBehavior [ RunTime:0.000000s ]
INFO: [ app_end ] --END-- [ RunTime:0.000000s ]

[ 2016-11-02T18:32:12+08:00 ] ::1 /Dsupport/index.php/Home/ClassInfo/get_class
INFO: [ app_begin ] --START--
INFO: Run Behavior\ReadHtmlCacheBehavior [ RunTime:0.000000s ]
INFO: [ app_begin ] --END-- [ RunTime:0.000000s ]
SQL: SHOW COLUMNS FROM `oa_class_info` [ RunTime:0.0050s ]
SQL: SHOW COLUMNS FROM `oa_user_info` [ RunTime:0.0040s ]
SQL: SHOW COLUMNS FROM `oa_student_info` [ RunTime:0.0060s ]
SQL: SELECT `id`,`class_code` FROM `oa_class_info` WHERE ( del = 1 )  [ RunTime:0.0000s ]
INFO: [ app_end ] --START--
INFO: Run Behavior\ShowPageTraceBehavior [ RunTime:0.001000s ]
INFO: [ app_end ] --END-- [ RunTime:0.001000s ]

[ 2016-11-02T18:33:00+08:00 ] ::1 /Dsupport/index.php/Home/ClassInfo/get_class
INFO: [ app_begin ] --START--
INFO: Run Behavior\ReadHtmlCacheBehavior [ RunTime:0.000000s ]
INFO: [ app_begin ] --END-- [ RunTime:0.000000s ]
SQL: SHOW COLUMNS FROM `oa_class_info` [ RunTime:0.0050s ]
SQL: SHOW COLUMNS FROM `oa_user_info` [ RunTime:0.0050s ]
SQL: SHOW COLUMNS FROM `oa_student_info` [ RunTime:0.0040s ]
SQL: SELECT `id`,`class_code` FROM `oa_class_info` WHERE ( del = 1 )  [ RunTime:0.0000s ]
INFO: [ app_end ] --START--
INFO: Run Behavior\ShowPageTraceBehavior [ RunTime:0.000000s ]
INFO: [ app_end ] --END-- [ RunTime:0.000000s ]

[ 2016-11-02T18:33:24+08:00 ] ::1 /Dsupport/index.php/Home/ClassInfo/get_class
INFO: [ app_begin ] --START--
INFO: Run Behavior\ReadHtmlCacheBehavior [ RunTime:0.000000s ]
INFO: [ app_begin ] --END-- [ RunTime:0.000000s ]
SQL: SHOW COLUMNS FROM `oa_class_info` [ RunTime:0.0060s ]
SQL: SHOW COLUMNS FROM `oa_user_info` [ RunTime:0.0060s ]
SQL: SHOW COLUMNS FROM `oa_student_info` [ RunTime:0.0060s ]
SQL: SELECT `id`,`class_code` FROM `oa_class_info` WHERE ( del = 1 )  [ RunTime:0.0000s ]
INFO: [ app_end ] --START--
INFO: Run Behavior\ShowPageTraceBehavior [ RunTime:0.001000s ]
INFO: [ app_end ] --END-- [ RunTime:0.001000s ]

[ 2016-11-02T18:33:35+08:00 ] ::1 /Dsupport/index.php/Home/ClassInfo/get_class
INFO: [ app_begin ] --START--
INFO: Run Behavior\ReadHtmlCacheBehavior [ RunTime:0.001000s ]
INFO: [ app_begin ] --END-- [ RunTime:0.001000s ]
SQL: SHOW COLUMNS FROM `oa_class_info` [ RunTime:0.0080s ]
SQL: SHOW COLUMNS FROM `oa_user_info` [ RunTime:0.0050s ]
SQL: SHOW COLUMNS FROM `oa_student_info` [ RunTime:0.0040s ]
SQL: SELECT `id`,`class_code` FROM `oa_class_info` WHERE ( del = 1 )  [ RunTime:0.0000s ]
INFO: [ app_end ] --START--
INFO: Run Behavior\ShowPageTraceBehavior [ RunTime:0.000000s ]
INFO: [ app_end ] --END-- [ RunTime:0.000000s ]

[ 2016-11-02T18:34:17+08:00 ] ::1 /Dsupport/index.php/Home/ClassInfo/get_class
INFO: [ app_begin ] --START--
INFO: Run Behavior\ReadHtmlCacheBehavior [ RunTime:0.000000s ]
INFO: [ app_begin ] --END-- [ RunTime:0.001000s ]
SQL: SHOW COLUMNS FROM `oa_class_info` [ RunTime:0.0080s ]
SQL: SHOW COLUMNS FROM `oa_user_info` [ RunTime:0.0040s ]
SQL: SHOW COLUMNS FROM `oa_student_info` [ RunTime:0.0030s ]
SQL: SELECT `id`,`class_code` FROM `oa_class_info` WHERE ( del = 1 )  [ RunTime:0.0000s ]
INFO: [ app_end ] --START--
INFO: Run Behavior\ShowPageTraceBehavior [ RunTime:0.000000s ]
INFO: [ app_end ] --END-- [ RunTime:0.000000s ]

[ 2016-11-02T18:34:22+08:00 ] ::1 /Dsupport/index.php/Home/ClassInfo/get_class
INFO: [ app_begin ] --START--
INFO: Run Behavior\ReadHtmlCacheBehavior [ RunTime:0.000000s ]
INFO: [ app_begin ] --END-- [ RunTime:0.000000s ]
SQL: SHOW COLUMNS FROM `oa_class_info` [ RunTime:0.0030s ]
SQL: SHOW COLUMNS FROM `oa_user_info` [ RunTime:0.0040s ]
SQL: SHOW COLUMNS FROM `oa_student_info` [ RunTime:0.0050s ]
SQL: SELECT `id`,`class_code` FROM `oa_class_info` WHERE ( del = 1 )  [ RunTime:0.0000s ]
INFO: [ app_end ] --START--
INFO: Run Behavior\ShowPageTraceBehavior [ RunTime:0.000000s ]
INFO: [ app_end ] --END-- [ RunTime:0.000000s ]

[ 2016-11-02T18:34:33+08:00 ] ::1 /Dsupport/index.php/Home/ClassInfo/get_class
INFO: [ app_begin ] --START--
INFO: Run Behavior\ReadHtmlCacheBehavior [ RunTime:0.000000s ]
INFO: [ app_begin ] --END-- [ RunTime:0.000000s ]
SQL: SHOW COLUMNS FROM `oa_class_info` [ RunTime:0.0050s ]
SQL: SHOW COLUMNS FROM `oa_user_info` [ RunTime:0.0060s ]
SQL: SHOW COLUMNS FROM `oa_student_info` [ RunTime:0.0050s ]
SQL: SELECT `id`,`class_code` FROM `oa_class_info` WHERE ( del = 1 )  [ RunTime:0.0010s ]
INFO: [ app_end ] --START--
INFO: Run Behavior\ShowPageTraceBehavior [ RunTime:0.000000s ]
INFO: [ app_end ] --END-- [ RunTime:0.000000s ]

[ 2016-11-02T18:34:51+08:00 ] ::1 /Dsupport/index.php/Home/ClassInfo/get_class
INFO: [ app_begin ] --START--
INFO: Run Behavior\ReadHtmlCacheBehavior [ RunTime:0.000000s ]
INFO: [ app_begin ] --END-- [ RunTime:0.000000s ]
SQL: SHOW COLUMNS FROM `oa_class_info` [ RunTime:0.0070s ]
SQL: SHOW COLUMNS FROM `oa_user_info` [ RunTime:0.0060s ]
SQL: SHOW COLUMNS FROM `oa_student_info` [ RunTime:0.0050s ]
SQL: SELECT `id`,`class_code` FROM `oa_class_info` WHERE ( del = 1 )  [ RunTime:0.0010s ]
INFO: [ app_end ] --START--
INFO: Run Behavior\ShowPageTraceBehavior [ RunTime:0.000000s ]
INFO: [ app_end ] --END-- [ RunTime:0.000000s ]

[ 2016-11-02T18:34:58+08:00 ] ::1 /Dsupport/index.php/Home/ClassInfo/get_class
INFO: [ app_begin ] --START--
INFO: Run Behavior\ReadHtmlCacheBehavior [ RunTime:0.000000s ]
INFO: [ app_begin ] --END-- [ RunTime:0.000000s ]
SQL: SHOW COLUMNS FROM `oa_class_info` [ RunTime:0.0060s ]
SQL: SHOW COLUMNS FROM `oa_user_info` [ RunTime:0.0050s ]
SQL: SHOW COLUMNS FROM `oa_student_info` [ RunTime:0.0050s ]
SQL: SELECT `id`,`class_code` FROM `oa_class_info` WHERE ( del = 1 )  [ RunTime:0.0000s ]
INFO: [ app_end ] --START--
INFO: Run Behavior\ShowPageTraceBehavior [ RunTime:0.000000s ]
INFO: [ app_end ] --END-- [ RunTime:0.000000s ]

[ 2016-11-02T18:35:26+08:00 ] ::1 /Dsupport/index.php/Home/ClassInfo/get_class
INFO: [ app_begin ] --START--
INFO: Run Behavior\ReadHtmlCacheBehavior [ RunTime:0.001000s ]
INFO: [ app_begin ] --END-- [ RunTime:0.001000s ]
SQL: SHOW COLUMNS FROM `oa_class_info` [ RunTime:0.0060s ]
SQL: SHOW COLUMNS FROM `oa_user_info` [ RunTime:0.0070s ]
SQL: SHOW COLUMNS FROM `oa_student_info` [ RunTime:0.0040s ]
SQL: SELECT `id`,`class_code` FROM `oa_class_info` WHERE ( del = 1 )  [ RunTime:0.0000s ]
INFO: [ app_end ] --START--
INFO: Run Behavior\ShowPageTraceBehavior [ RunTime:0.000000s ]
INFO: [ app_end ] --END-- [ RunTime:0.000000s ]

[ 2016-11-02T18:35:35+08:00 ] ::1 /Dsupport/index.php/Home/ClassInfo/get_class
INFO: [ app_begin ] --START--
INFO: Run Behavior\ReadHtmlCacheBehavior [ RunTime:0.000000s ]
INFO: [ app_begin ] --END-- [ RunTime:0.000000s ]
SQL: SHOW COLUMNS FROM `oa_class_info` [ RunTime:0.0070s ]
SQL: SHOW COLUMNS FROM `oa_user_info` [ RunTime:0.0060s ]
SQL: SHOW COLUMNS FROM `oa_student_info` [ RunTime:0.0060s ]
SQL: SELECT `id`,`class_code` FROM `oa_class_info` WHERE ( del = 1 )  [ RunTime:0.0010s ]
INFO: [ app_end ] --START--
INFO: Run Behavior\ShowPageTraceBehavior [ RunTime:0.000000s ]
INFO: [ app_end ] --END-- [ RunTime:0.000000s ]

[ 2016-11-02T18:35:42+08:00 ] ::1 /Dsupport/index.php/Home/ClassInfo/get_class
INFO: [ app_begin ] --START--
INFO: Run Behavior\ReadHtmlCacheBehavior [ RunTime:0.000000s ]
INFO: [ app_begin ] --END-- [ RunTime:0.001000s ]
SQL: SHOW COLUMNS FROM `oa_class_info` [ RunTime:0.0110s ]
SQL: SHOW COLUMNS FROM `oa_user_info` [ RunTime:0.0060s ]
SQL: SHOW COLUMNS FROM `oa_student_info` [ RunTime:0.0060s ]
SQL: SELECT `id`,`class_code` FROM `oa_class_info` WHERE ( del = 1 )  [ RunTime:0.0010s ]
INFO: [ app_end ] --START--
INFO: Run Behavior\ShowPageTraceBehavior [ RunTime:0.000000s ]
INFO: [ app_end ] --END-- [ RunTime:0.000000s ]

[ 2016-11-02T18:36:02+08:00 ] ::1 /Dsupport/index.php/Home/ClassInfo/get_class
INFO: [ app_begin ] --START--
INFO: Run Behavior\ReadHtmlCacheBehavior [ RunTime:0.001001s ]
INFO: [ app_begin ] --END-- [ RunTime:0.001001s ]
SQL: SHOW COLUMNS FROM `oa_class_info` [ RunTime:0.0070s ]
SQL: SHOW COLUMNS FROM `oa_user_info` [ RunTime:0.0070s ]
SQL: SHOW COLUMNS FROM `oa_student_info` [ RunTime:0.0060s ]
SQL: SELECT `id`,`class_code` FROM `oa_class_info` WHERE ( del = 1 )  [ RunTime:0.0000s ]
INFO: [ app_end ] --START--
INFO: Run Behavior\ShowPageTraceBehavior [ RunTime:0.001000s ]
INFO: [ app_end ] --END-- [ RunTime:0.001000s ]

[ 2016-11-02T18:36:50+08:00 ] ::1 /Dsupport/index.php/Home/ClassInfo/get_class
INFO: [ app_begin ] --START--
INFO: Run Behavior\ReadHtmlCacheBehavior [ RunTime:0.000000s ]
INFO: [ app_begin ] --END-- [ RunTime:0.000000s ]
SQL: SHOW COLUMNS FROM `oa_class_info` [ RunTime:0.0040s ]
SQL: SHOW COLUMNS FROM `oa_user_info` [ RunTime:0.0040s ]
SQL: SHOW COLUMNS FROM `oa_student_info` [ RunTime:0.0040s ]
SQL: SELECT `id`,`class_code` FROM `oa_class_info` WHERE ( del = 1 )  [ RunTime:0.0010s ]
INFO: [ app_end ] --START--
INFO: Run Behavior\ShowPageTraceBehavior [ RunTime:0.000000s ]
INFO: [ app_end ] --END-- [ RunTime:0.000000s ]

[ 2016-11-02T18:37:05+08:00 ] ::1 /Dsupport/index.php/Home/ClassInfo/get_class
INFO: [ app_begin ] --START--
INFO: Run Behavior\ReadHtmlCacheBehavior [ RunTime:0.001000s ]
INFO: [ app_begin ] --END-- [ RunTime:0.001000s ]
SQL: SHOW COLUMNS FROM `oa_class_info` [ RunTime:0.0070s ]
SQL: SHOW COLUMNS FROM `oa_user_info` [ RunTime:0.0030s ]
SQL: SHOW COLUMNS FROM `oa_student_info` [ RunTime:0.0030s ]
SQL: SELECT `id`,`class_code` FROM `oa_class_info` WHERE ( del = 1 )  [ RunTime:0.0000s ]
INFO: [ app_end ] --START--
INFO: Run Behavior\ShowPageTraceBehavior [ RunTime:0.000000s ]
INFO: [ app_end ] --END-- [ RunTime:0.000000s ]

[ 2016-11-02T18:37:23+08:00 ] ::1 /Dsupport/index.php/Home/ClassInfo/get_class
INFO: [ app_begin ] --START--
INFO: Run Behavior\ReadHtmlCacheBehavior [ RunTime:0.000000s ]
INFO: [ app_begin ] --END-- [ RunTime:0.000000s ]
SQL: SHOW COLUMNS FROM `oa_class_info` [ RunTime:0.0060s ]
SQL: SHOW COLUMNS FROM `oa_user_info` [ RunTime:0.0050s ]
SQL: SHOW COLUMNS FROM `oa_student_info` [ RunTime:0.0040s ]
SQL: SELECT `id`,`class_code` FROM `oa_class_info` WHERE ( del = 1 )  [ RunTime:0.0000s ]
INFO: [ app_end ] --START--
INFO: Run Behavior\ShowPageTraceBehavior [ RunTime:0.000000s ]
INFO: [ app_end ] --END-- [ RunTime:0.000000s ]

[ 2016-11-02T18:37:33+08:00 ] ::1 /Dsupport/index.php/Home/ClassInfo/get_class
INFO: [ app_begin ] --START--
INFO: Run Behavior\ReadHtmlCacheBehavior [ RunTime:0.000000s ]
INFO: [ app_begin ] --END-- [ RunTime:0.001000s ]
SQL: SHOW COLUMNS FROM `oa_class_info` [ RunTime:0.0060s ]
SQL: SHOW COLUMNS FROM `oa_user_info` [ RunTime:0.0050s ]
SQL: SHOW COLUMNS FROM `oa_student_info` [ RunTime:0.0060s ]
SQL: SELECT `id`,`class_code` FROM `oa_class_info` WHERE ( del = 1 )  [ RunTime:0.0010s ]
INFO: [ app_end ] --START--
INFO: Run Behavior\ShowPageTraceBehavior [ RunTime:0.000000s ]
INFO: [ app_end ] --END-- [ RunTime:0.000000s ]

[ 2016-11-02T18:37:46+08:00 ] ::1 /Dsupport/index.php/Home/ClassInfo/get_class
INFO: [ app_begin ] --START--
INFO: Run Behavior\ReadHtmlCacheBehavior [ RunTime:0.000000s ]
INFO: [ app_begin ] --END-- [ RunTime:0.001000s ]
SQL: SHOW COLUMNS FROM `oa_class_info` [ RunTime:0.0040s ]
SQL: SHOW COLUMNS FROM `oa_user_info` [ RunTime:0.0050s ]
SQL: SHOW COLUMNS FROM `oa_student_info` [ RunTime:0.0040s ]
SQL: SELECT `id`,`class_code` FROM `oa_class_info` WHERE ( del = 1 )  [ RunTime:0.0010s ]
INFO: [ app_end ] --START--
INFO: Run Behavior\ShowPageTraceBehavior [ RunTime:0.000000s ]
INFO: [ app_end ] --END-- [ RunTime:0.000000s ]

[ 2016-11-02T18:37:54+08:00 ] ::1 /Dsupport/index.php/Home/ClassInfo/get_class
INFO: [ app_begin ] --START--
INFO: Run Behavior\ReadHtmlCacheBehavior [ RunTime:0.000000s ]
INFO: [ app_begin ] --END-- [ RunTime:0.000000s ]
SQL: SHOW COLUMNS FROM `oa_class_info` [ RunTime:0.0060s ]
SQL: SHOW COLUMNS FROM `oa_user_info` [ RunTime:0.0060s ]
SQL: SHOW COLUMNS FROM `oa_student_info` [ RunTime:0.0070s ]
SQL: SELECT `id`,`class_code` FROM `oa_class_info` WHERE ( del = 1 )  [ RunTime:0.0000s ]
INFO: [ app_end ] --START--
INFO: Run Behavior\ShowPageTraceBehavior [ RunTime:0.000000s ]
INFO: [ app_end ] --END-- [ RunTime:0.000000s ]

[ 2016-11-02T18:38:04+08:00 ] ::1 /Dsupport/index.php/Home/ClassInfo/get_class
INFO: [ app_begin ] --START--
INFO: Run Behavior\ReadHtmlCacheBehavior [ RunTime:0.000000s ]
INFO: [ app_begin ] --END-- [ RunTime:0.000000s ]
SQL: SHOW COLUMNS FROM `oa_class_info` [ RunTime:0.0050s ]
SQL: SHOW COLUMNS FROM `oa_user_info` [ RunTime:0.0050s ]
SQL: SHOW COLUMNS FROM `oa_student_info` [ RunTime:0.0030s ]
SQL: SELECT `id`,`class_code` FROM `oa_class_info` WHERE ( del = 1 )  [ RunTime:0.0000s ]
INFO: [ app_end ] --START--
INFO: Run Behavior\ShowPageTraceBehavior [ RunTime:0.000000s ]
INFO: [ app_end ] --END-- [ RunTime:0.000000s ]

[ 2016-11-02T18:38:19+08:00 ] ::1 /Dsupport/index.php/Home/ClassInfo/get_class
INFO: [ app_begin ] --START--
INFO: Run Behavior\ReadHtmlCacheBehavior [ RunTime:0.000000s ]
INFO: [ app_begin ] --END-- [ RunTime:0.000000s ]
SQL: SHOW COLUMNS FROM `oa_class_info` [ RunTime:0.0070s ]
SQL: SHOW COLUMNS FROM `oa_user_info` [ RunTime:0.0050s ]
SQL: SHOW COLUMNS FROM `oa_student_info` [ RunTime:0.0040s ]
SQL: SELECT `id`,`class_code` FROM `oa_class_info` WHERE ( del = 1 )  [ RunTime:0.0000s ]
INFO: [ app_end ] --START--
INFO: Run Behavior\ShowPageTraceBehavior [ RunTime:0.001000s ]
INFO: [ app_end ] --END-- [ RunTime:0.001000s ]

[ 2016-11-02T18:38:31+08:00 ] ::1 /Dsupport/index.php/Home/ClassInfo/get_class
INFO: [ app_begin ] --START--
INFO: Run Behavior\ReadHtmlCacheBehavior [ RunTime:0.000000s ]
INFO: [ app_begin ] --END-- [ RunTime:0.000000s ]
SQL: SHOW COLUMNS FROM `oa_class_info` [ RunTime:0.0040s ]
SQL: SHOW COLUMNS FROM `oa_user_info` [ RunTime:0.0040s ]
SQL: SHOW COLUMNS FROM `oa_student_info` [ RunTime:0.0040s ]
SQL: SELECT `id`,`class_code` FROM `oa_class_info` WHERE ( del = 1 )  [ RunTime:0.0000s ]
INFO: [ app_end ] --START--
INFO: Run Behavior\ShowPageTraceBehavior [ RunTime:0.000000s ]
INFO: [ app_end ] --END-- [ RunTime:0.000000s ]

[ 2016-11-02T18:38:40+08:00 ] ::1 /Dsupport/index.php/Home/ClassInfo/get_class
INFO: [ app_begin ] --START--
INFO: Run Behavior\ReadHtmlCacheBehavior [ RunTime:0.000000s ]
INFO: [ app_begin ] --END-- [ RunTime:0.001000s ]
SQL: SHOW COLUMNS FROM `oa_class_info` [ RunTime:0.0040s ]
SQL: SHOW COLUMNS FROM `oa_user_info` [ RunTime:0.0040s ]
SQL: SHOW COLUMNS FROM `oa_student_info` [ RunTime:0.0040s ]
SQL: SELECT `id`,`class_code` FROM `oa_class_info` WHERE ( del = 1 )  [ RunTime:0.0010s ]
INFO: [ app_end ] --START--
INFO: Run Behavior\ShowPageTraceBehavior [ RunTime:0.000000s ]
INFO: [ app_end ] --END-- [ RunTime:0.000000s ]

[ 2016-11-02T18:38:48+08:00 ] ::1 /Dsupport/index.php/Home/ClassInfo/get_class
INFO: [ app_begin ] --START--
INFO: Run Behavior\ReadHtmlCacheBehavior [ RunTime:0.000000s ]
INFO: [ app_begin ] --END-- [ RunTime:0.001000s ]
SQL: SHOW COLUMNS FROM `oa_class_info` [ RunTime:0.0040s ]
SQL: SHOW COLUMNS FROM `oa_user_info` [ RunTime:0.0030s ]
SQL: SHOW COLUMNS FROM `oa_student_info` [ RunTime:0.0030s ]
SQL: SELECT `id`,`class_code` FROM `oa_class_info` WHERE ( del = 1 )  [ RunTime:0.0010s ]
INFO: [ app_end ] --START--
INFO: Run Behavior\ShowPageTraceBehavior [ RunTime:0.000000s ]
INFO: [ app_end ] --END-- [ RunTime:0.000000s ]

[ 2016-11-02T18:45:48+08:00 ] ::1 /Dsupport/index.php/Home/ClassInfo/get_class
INFO: [ app_begin ] --START--
INFO: Run Behavior\ReadHtmlCacheBehavior [ RunTime:0.000000s ]
INFO: [ app_begin ] --END-- [ RunTime:0.000000s ]
SQL: SHOW COLUMNS FROM `oa_class_info` [ RunTime:0.0030s ]
SQL: SHOW COLUMNS FROM `oa_user_info` [ RunTime:0.0040s ]
SQL: SHOW COLUMNS FROM `oa_student_info` [ RunTime:0.0040s ]
SQL: SHOW COLUMNS FROM `oa_class_change` [ RunTime:0.0030s ]
SQL: SELECT `id`,`class_code` FROM `oa_class_info` WHERE ( del = 1 )  [ RunTime:0.0000s ]
INFO: [ app_end ] --START--
INFO: Run Behavior\ShowPageTraceBehavior [ RunTime:0.000000s ]
INFO: [ app_end ] --END-- [ RunTime:0.000000s ]

[ 2016-11-02T18:45:59+08:00 ] ::1 /Dsupport/index.php/Home/ClassInfo/change_class
INFO: [ app_begin ] --START--
INFO: Run Behavior\ReadHtmlCacheBehavior [ RunTime:0.001000s ]
INFO: [ app_begin ] --END-- [ RunTime:0.001000s ]
SQL: SHOW COLUMNS FROM `oa_class_info` [ RunTime:0.0050s ]
SQL: SHOW COLUMNS FROM `oa_user_info` [ RunTime:0.0060s ]
SQL: SHOW COLUMNS FROM `oa_student_info` [ RunTime:0.0060s ]
SQL: SHOW COLUMNS FROM `oa_class_change` [ RunTime:0.0050s ]
SQL: SELECT * FROM `oa_class_info` WHERE ( id = 2 ) LIMIT 1   [ RunTime:0.0010s ]
SQL: UPDATE `oa_student_info` SET `class_id`='2',`stu_type`='4' WHERE `id` = 4 [ RunTime:0.0270s ]
SQL: INSERT INTO `oa_class_change` (`classy_id`,`classx_id`,`stu_id`,`remark`) VALUES ('1','2','4','') [ RunTime:0.0380s ]

[ 2016-11-02T18:46:35+08:00 ] ::1 /Dsupport/index.php/Home/ClassInfo/get_class
INFO: [ app_begin ] --START--
INFO: Run Behavior\ReadHtmlCacheBehavior [ RunTime:0.001000s ]
INFO: [ app_begin ] --END-- [ RunTime:0.002000s ]
SQL: SHOW COLUMNS FROM `oa_class_info` [ RunTime:0.0070s ]
SQL: SHOW COLUMNS FROM `oa_user_info` [ RunTime:0.0060s ]
SQL: SHOW COLUMNS FROM `oa_student_info` [ RunTime:0.0070s ]
SQL: SHOW COLUMNS FROM `oa_class_change` [ RunTime:0.0060s ]
SQL: SELECT `id`,`class_code` FROM `oa_class_info` WHERE ( del = 1 )  [ RunTime:0.0000s ]
INFO: [ app_end ] --START--
INFO: Run Behavior\ShowPageTraceBehavior [ RunTime:0.000000s ]
INFO: [ app_end ] --END-- [ RunTime:0.000000s ]

[ 2016-11-02T18:46:44+08:00 ] ::1 /Dsupport/index.php/Home/ClassInfo/change_class
INFO: [ app_begin ] --START--
INFO: Run Behavior\ReadHtmlCacheBehavior [ RunTime:0.000000s ]
INFO: [ app_begin ] --END-- [ RunTime:0.000000s ]
SQL: SHOW COLUMNS FROM `oa_class_info` [ RunTime:0.0050s ]
SQL: SHOW COLUMNS FROM `oa_user_info` [ RunTime:0.0040s ]
SQL: SHOW COLUMNS FROM `oa_student_info` [ RunTime:0.0040s ]
SQL: SHOW COLUMNS FROM `oa_class_change` [ RunTime:0.0040s ]
SQL: SELECT * FROM `oa_class_info` WHERE ( id = 1 ) LIMIT 1   [ RunTime:0.0000s ]
SQL: UPDATE `oa_student_info` SET `class_id`='1',`stu_type`='5' WHERE `id` = 4 [ RunTime:0.0050s ]
SQL: INSERT INTO `oa_class_change` (`classy_id`,`classx_id`,`stu_id`,`remark`) VALUES ('2','1','4','') [ RunTime:0.0010s ]

[ 2016-11-02T18:47:53+08:00 ] ::1 /Dsupport/index.php/Home/ClassInfo/get_class
INFO: [ app_begin ] --START--
INFO: Run Behavior\ReadHtmlCacheBehavior [ RunTime:0.000000s ]
INFO: [ app_begin ] --END-- [ RunTime:0.000000s ]
SQL: SHOW COLUMNS FROM `oa_class_info` [ RunTime:0.0040s ]
SQL: SHOW COLUMNS FROM `oa_user_info` [ RunTime:0.0040s ]
SQL: SHOW COLUMNS FROM `oa_student_info` [ RunTime:0.0040s ]
SQL: SHOW COLUMNS FROM `oa_class_change` [ RunTime:0.0050s ]
SQL: SELECT `id`,`class_code` FROM `oa_class_info` WHERE ( del = 1 )  [ RunTime:0.0000s ]
INFO: [ app_end ] --START--
INFO: Run Behavior\ShowPageTraceBehavior [ RunTime:0.000000s ]
INFO: [ app_end ] --END-- [ RunTime:0.000000s ]

[ 2016-11-02T18:48:13+08:00 ] ::1 /Dsupport/index.php/Home/ClassInfo/change_class
INFO: [ app_begin ] --START--
INFO: Run Behavior\ReadHtmlCacheBehavior [ RunTime:0.000000s ]
INFO: [ app_begin ] --END-- [ RunTime:0.001000s ]
SQL: SHOW COLUMNS FROM `oa_class_info` [ RunTime:0.0040s ]
SQL: SHOW COLUMNS FROM `oa_user_info` [ RunTime:0.0030s ]
SQL: SHOW COLUMNS FROM `oa_student_info` [ RunTime:0.0030s ]
SQL: SHOW COLUMNS FROM `oa_class_change` [ RunTime:0.0030s ]
SQL: SELECT * FROM `oa_class_info` WHERE ( id = 2 ) LIMIT 1   [ RunTime:0.0010s ]
SQL: UPDATE `oa_student_info` SET `class_id`='2',`stu_type`='4' WHERE `id` = 4 [ RunTime:0.0270s ]
SQL: INSERT INTO `oa_class_change` (`classy_id`,`classx_id`,`stu_id`,`remark`) VALUES ('1','2','4','zai此') [ RunTime:0.0010s ]

[ 2016-11-02T18:48:40+08:00 ] ::1 /Dsupport/index.php/Home/ClassInfo/get_class
INFO: [ app_begin ] --START--
INFO: Run Behavior\ReadHtmlCacheBehavior [ RunTime:0.000000s ]
INFO: [ app_begin ] --END-- [ RunTime:0.000000s ]
SQL: SHOW COLUMNS FROM `oa_class_info` [ RunTime:0.0030s ]
SQL: SHOW COLUMNS FROM `oa_user_info` [ RunTime:0.0040s ]
SQL: SHOW COLUMNS FROM `oa_student_info` [ RunTime:0.0040s ]
SQL: SHOW COLUMNS FROM `oa_class_change` [ RunTime:0.0040s ]
SQL: SELECT `id`,`class_code` FROM `oa_class_info` WHERE ( del = 1 )  [ RunTime:0.0000s ]
INFO: [ app_end ] --START--
INFO: Run Behavior\ShowPageTraceBehavior [ RunTime:0.000000s ]
INFO: [ app_end ] --END-- [ RunTime:0.001000s ]

[ 2016-11-02T18:48:43+08:00 ] ::1 /Dsupport/index.php/Home/ClassInfo/change_class
INFO: [ app_begin ] --START--
INFO: Run Behavior\ReadHtmlCacheBehavior [ RunTime:0.000000s ]
INFO: [ app_begin ] --END-- [ RunTime:0.000000s ]
SQL: SHOW COLUMNS FROM `oa_class_info` [ RunTime:0.0030s ]
SQL: SHOW COLUMNS FROM `oa_user_info` [ RunTime:0.0050s ]
SQL: SHOW COLUMNS FROM `oa_student_info` [ RunTime:0.0030s ]
SQL: SHOW COLUMNS FROM `oa_class_change` [ RunTime:0.0030s ]
SQL: SELECT * FROM `oa_class_info` WHERE ( id = 1 ) LIMIT 1   [ RunTime:0.0010s ]
SQL: UPDATE `oa_student_info` SET `class_id`='1',`stu_type`='5' WHERE `id` = 4 [ RunTime:0.0010s ]
SQL: INSERT INTO `oa_class_change` (`classy_id`,`classx_id`,`stu_id`,`remark`,`create_time`) VALUES ('2','1','4','13124','1478083723') [ RunTime:0.0020s ]

