[ 2016-10-31T10:06:07+08:00 ] ::1 /Dsupport/index.php/Home/Department/details/id/javascript%20:;
ERR: SQLSTATE[42000]: Syntax error or access violation: 1064 You have an error in your SQL syntax; check the manual that corresponds to your MySQL server version for the right syntax to use near ':; ) LIMIT 1' at line 1

[ 2016-10-31T12:16:30+08:00 ] ::1 /Dsupport/index.php/Home/TeacherEvaluate/%3C%7B/Dsupport/index.php/Home/TeacherEvaluate/add%7D%3E
ERR: 非法操作:

[ 2016-10-31T13:35:49+08:00 ] ::1 /Dsupport/index.php/Home/TeacherEvaluate/add
ERR: Think\Model:get_train方法不存在！

[ 2016-10-31T13:36:06+08:00 ] ::1 /Dsupport/index.php/Home/TeacherEvaluate/add
ERR: Think\Model:get_train方法不存在！

[ 2016-10-31T14:37:49+08:00 ] ::1 /Dsupport/index.php/Home/TeacherEvaluate/get_class_info
INFO: [ app_begin ] --START--
INFO: Run Behavior\ReadHtmlCacheBehavior [ RunTime:0.000000s ]
INFO: [ app_begin ] --END-- [ RunTime:0.000000s ]
INFO: [ app_end ] --START--
INFO: Run Behavior\ShowPageTraceBehavior [ RunTime:0.000000s ]
INFO: [ app_end ] --END-- [ RunTime:0.000000s ]

[ 2016-10-31T14:37:58+08:00 ] ::1 /Dsupport/index.php/Home/TeacherEvaluate/get_class_info
INFO: [ app_begin ] --START--
INFO: Run Behavior\ReadHtmlCacheBehavior [ RunTime:0.000000s ]
INFO: [ app_begin ] --END-- [ RunTime:0.000000s ]
INFO: [ app_end ] --START--
INFO: Run Behavior\ShowPageTraceBehavior [ RunTime:0.000000s ]
INFO: [ app_end ] --END-- [ RunTime:0.000000s ]

[ 2016-10-31T14:59:12+08:00 ] ::1 /Dsupport/index.php/Home/TeacherEvaluate/get_class_info
INFO: [ app_begin ] --START--
INFO: Run Behavior\ReadHtmlCacheBehavior [ RunTime:0.000000s ]
INFO: [ app_begin ] --END-- [ RunTime:0.000000s ]
SQL: SHOW COLUMNS FROM `unito_class_info` [ RunTime:0.0040s ]
INFO: [ app_end ] --START--
INFO: Run Behavior\ShowPageTraceBehavior [ RunTime:0.000000s ]
INFO: [ app_end ] --END-- [ RunTime:0.000000s ]

[ 2016-10-31T14:59:21+08:00 ] ::1 /Dsupport/index.php/Home/TeacherEvaluate/get_class_info
INFO: [ app_begin ] --START--
INFO: Run Behavior\ReadHtmlCacheBehavior [ RunTime:0.000000s ]
INFO: [ app_begin ] --END-- [ RunTime:0.000000s ]
SQL: SHOW COLUMNS FROM `unito_class_info` [ RunTime:0.0080s ]
INFO: [ app_end ] --START--
INFO: Run Behavior\ShowPageTraceBehavior [ RunTime:0.000000s ]
INFO: [ app_end ] --END-- [ RunTime:0.000000s ]

[ 2016-10-31T16:00:42+08:00 ] ::1 /Dsupport/index.php/Home/TeacherEvaluate/get_class_info
INFO: [ app_begin ] --START--
INFO: Run Behavior\ReadHtmlCacheBehavior [ RunTime:0.003000s ]
INFO: [ app_begin ] --END-- [ RunTime:0.005001s ]
SQL: SHOW COLUMNS FROM `unito_class_info` [ RunTime:0.0050s ]
INFO: [ app_end ] --START--
INFO: Run Behavior\ShowPageTraceBehavior [ RunTime:0.003000s ]
INFO: [ app_end ] --END-- [ RunTime:0.004000s ]

[ 2016-10-31T16:00:49+08:00 ] ::1 /Dsupport/index.php/Home/TeacherEvaluate/get_class_info
INFO: [ app_begin ] --START--
INFO: Run Behavior\ReadHtmlCacheBehavior [ RunTime:0.000000s ]
INFO: [ app_begin ] --END-- [ RunTime:0.000000s ]
SQL: SHOW COLUMNS FROM `unito_class_info` [ RunTime:0.0050s ]
INFO: [ app_end ] --START--
INFO: Run Behavior\ShowPageTraceBehavior [ RunTime:0.000000s ]
INFO: [ app_end ] --END-- [ RunTime:0.000000s ]

[ 2016-10-31T16:05:04+08:00 ] ::1 /Dsupport/index.php/Home/TeacherEvaluate/get_class_info
INFO: [ app_begin ] --START--
INFO: Run Behavior\ReadHtmlCacheBehavior [ RunTime:0.000000s ]
INFO: [ app_begin ] --END-- [ RunTime:0.000000s ]
SQL: SHOW COLUMNS FROM `unito_class_info` [ RunTime:0.0040s ]
SQL: SELECT usert_id tid,userc_id cid,`status` FROM `unito_class_info` WHERE ( id = 3 ) LIMIT 1   [ RunTime:0.0000s ]
INFO: [ app_end ] --START--
INFO: Run Behavior\ShowPageTraceBehavior [ RunTime:0.001000s ]
INFO: [ app_end ] --END-- [ RunTime:0.001000s ]

[ 2016-10-31T16:05:22+08:00 ] ::1 /Dsupport/index.php/Home/TeacherEvaluate/get_class_info
INFO: [ app_begin ] --START--
INFO: Run Behavior\ReadHtmlCacheBehavior [ RunTime:0.000000s ]
INFO: [ app_begin ] --END-- [ RunTime:0.000000s ]
SQL: SHOW COLUMNS FROM `unito_class_info` [ RunTime:0.0050s ]
SQL: SELECT usert_id tid,userc_id cid,`status` FROM `unito_class_info` WHERE ( id = 1 ) LIMIT 1   [ RunTime:0.0010s ]
INFO: [ app_end ] --START--
INFO: Run Behavior\ShowPageTraceBehavior [ RunTime:0.000000s ]
INFO: [ app_end ] --END-- [ RunTime:0.000000s ]

[ 2016-10-31T16:10:31+08:00 ] ::1 /Dsupport/index.php/Home/TeacherEvaluate/get_class_info
INFO: [ app_begin ] --START--
INFO: Run Behavior\ReadHtmlCacheBehavior [ RunTime:0.000000s ]
INFO: [ app_begin ] --END-- [ RunTime:0.000000s ]
SQL: SHOW COLUMNS FROM `unito_class_info` [ RunTime:0.0050s ]
SQL: SELECT usert_id tid,userc_id cid,`status` FROM `unito_class_info` WHERE ( id = 1 ) LIMIT 1   [ RunTime:0.0000s ]
SQL: SHOW COLUMNS FROM `unito_user_info` [ RunTime:0.0040s ]
SQL: SELECT `name` FROM `unito_user_info` WHERE ( id = 1 ) LIMIT 1   [ RunTime:0.0000s ]
SQL: SELECT `name` FROM `unito_user_info` WHERE ( id = 2 ) LIMIT 1   [ RunTime:0.0010s ]
INFO: [ app_end ] --START--
INFO: Run Behavior\ShowPageTraceBehavior [ RunTime:0.000000s ]
INFO: [ app_end ] --END-- [ RunTime:0.000000s ]

[ 2016-10-31T16:11:26+08:00 ] ::1 /Dsupport/index.php/Home/TeacherEvaluate/get_class_info
INFO: [ app_begin ] --START--
INFO: Run Behavior\ReadHtmlCacheBehavior [ RunTime:0.000000s ]
INFO: [ app_begin ] --END-- [ RunTime:0.000000s ]
SQL: SHOW COLUMNS FROM `unito_class_info` [ RunTime:0.0050s ]
SQL: SELECT usert_id tid,userc_id cid,`status` FROM `unito_class_info` WHERE ( id = 1 ) LIMIT 1   [ RunTime:0.0000s ]
SQL: SHOW COLUMNS FROM `unito_user_info` [ RunTime:0.0050s ]
SQL: SELECT `name` FROM `unito_user_info` WHERE ( id = 1 ) LIMIT 1   [ RunTime:0.0000s ]
SQL: SELECT `name` FROM `unito_user_info` WHERE ( id = 2 ) LIMIT 1   [ RunTime:0.0000s ]
INFO: [ app_end ] --START--
INFO: Run Behavior\ShowPageTraceBehavior [ RunTime:0.001000s ]
INFO: [ app_end ] --END-- [ RunTime:0.001000s ]

[ 2016-10-31T16:14:35+08:00 ] ::1 /Dsupport/index.php/Home/TeacherEvaluate/get_class_info
INFO: [ app_begin ] --START--
INFO: Run Behavior\ReadHtmlCacheBehavior [ RunTime:0.000000s ]
INFO: [ app_begin ] --END-- [ RunTime:0.000000s ]
SQL: SHOW COLUMNS FROM `unito_class_info` [ RunTime:0.0040s ]
SQL: SELECT usert_id tid,userc_id cid,`status` FROM `unito_class_info` WHERE ( id = 1 ) LIMIT 1   [ RunTime:0.0010s ]
SQL: SHOW COLUMNS FROM `unito_user_info` [ RunTime:0.0050s ]
SQL: SELECT `name` FROM `unito_user_info` WHERE ( id = 1 ) LIMIT 1   [ RunTime:0.0000s ]
SQL: SELECT `name` FROM `unito_user_info` WHERE ( id = 2 ) LIMIT 1   [ RunTime:0.0010s ]
INFO: [ app_end ] --START--
INFO: Run Behavior\ShowPageTraceBehavior [ RunTime:0.000000s ]
INFO: [ app_end ] --END-- [ RunTime:0.000000s ]

[ 2016-10-31T16:15:40+08:00 ] ::1 /Dsupport/index.php/Home/TeacherEvaluate/get_class_info
INFO: [ app_begin ] --START--
INFO: Run Behavior\ReadHtmlCacheBehavior [ RunTime:0.000000s ]
INFO: [ app_begin ] --END-- [ RunTime:0.000000s ]
SQL: SHOW COLUMNS FROM `unito_class_info` [ RunTime:0.0040s ]
SQL: SELECT usert_id tid,userc_id cid,`status` FROM `unito_class_info` WHERE ( id = 1 ) LIMIT 1   [ RunTime:0.0010s ]
SQL: SHOW COLUMNS FROM `unito_user_info` [ RunTime:0.0030s ]
SQL: SELECT `name` FROM `unito_user_info` WHERE ( id = 1 ) LIMIT 1   [ RunTime:0.0000s ]
SQL: SELECT `name` FROM `unito_user_info` WHERE ( id = 2 ) LIMIT 1   [ RunTime:0.0010s ]
INFO: [ app_end ] --START--
INFO: Run Behavior\ShowPageTraceBehavior [ RunTime:0.000000s ]
INFO: [ app_end ] --END-- [ RunTime:0.000000s ]

[ 2016-10-31T16:16:59+08:00 ] ::1 /Dsupport/index.php/Home/TeacherEvaluate/get_class_info
INFO: [ app_begin ] --START--
INFO: Run Behavior\ReadHtmlCacheBehavior [ RunTime:0.001000s ]
INFO: [ app_begin ] --END-- [ RunTime:0.001000s ]
SQL: SHOW COLUMNS FROM `unito_class_info` [ RunTime:0.0050s ]
SQL: SELECT usert_id tid,userc_id cid,`status` FROM `unito_class_info` WHERE ( id = 1 ) LIMIT 1   [ RunTime:0.0010s ]
SQL: SHOW COLUMNS FROM `unito_user_info` [ RunTime:0.0040s ]
SQL: SELECT `name` FROM `unito_user_info` WHERE ( id = 1 ) LIMIT 1   [ RunTime:0.0010s ]
SQL: SELECT `name` FROM `unito_user_info` WHERE ( id = 2 ) LIMIT 1   [ RunTime:0.0000s ]
INFO: [ app_end ] --START--
INFO: Run Behavior\ShowPageTraceBehavior [ RunTime:0.000000s ]
INFO: [ app_end ] --END-- [ RunTime:0.000000s ]

[ 2016-10-31T16:17:13+08:00 ] ::1 /Dsupport/index.php/Home/TeacherEvaluate/get_class_info
INFO: [ app_begin ] --START--
INFO: Run Behavior\ReadHtmlCacheBehavior [ RunTime:0.000000s ]
INFO: [ app_begin ] --END-- [ RunTime:0.001000s ]
SQL: SHOW COLUMNS FROM `unito_class_info` [ RunTime:0.0060s ]
SQL: SELECT usert_id tid,userc_id cid,`status` FROM `unito_class_info` WHERE ( id = 1 ) LIMIT 1   [ RunTime:0.0020s ]
SQL: SHOW COLUMNS FROM `unito_user_info` [ RunTime:0.0050s ]
SQL: SELECT `name` FROM `unito_user_info` WHERE ( id = 1 ) LIMIT 1   [ RunTime:0.0010s ]
SQL: SELECT `name` FROM `unito_user_info` WHERE ( id = 2 ) LIMIT 1   [ RunTime:0.0010s ]
INFO: [ app_end ] --START--
INFO: Run Behavior\ShowPageTraceBehavior [ RunTime:0.000000s ]
INFO: [ app_end ] --END-- [ RunTime:0.000000s ]

[ 2016-10-31T16:17:39+08:00 ] ::1 /Dsupport/index.php/Home/TeacherEvaluate/get_class_info
INFO: [ app_begin ] --START--
INFO: Run Behavior\ReadHtmlCacheBehavior [ RunTime:0.000000s ]
INFO: [ app_begin ] --END-- [ RunTime:0.000000s ]
SQL: SHOW COLUMNS FROM `unito_class_info` [ RunTime:0.0030s ]
SQL: SELECT usert_id tid,userc_id cid,`status` FROM `unito_class_info` WHERE ( id = 1 ) LIMIT 1   [ RunTime:0.0000s ]
SQL: SHOW COLUMNS FROM `unito_user_info` [ RunTime:0.0040s ]
SQL: SELECT `name` FROM `unito_user_info` WHERE ( id = 1 ) LIMIT 1   [ RunTime:0.0010s ]
SQL: SELECT `name` FROM `unito_user_info` WHERE ( id = 2 ) LIMIT 1   [ RunTime:0.0000s ]
INFO: [ app_end ] --START--
INFO: Run Behavior\ShowPageTraceBehavior [ RunTime:0.000000s ]
INFO: [ app_end ] --END-- [ RunTime:0.000000s ]

[ 2016-10-31T16:17:54+08:00 ] ::1 /Dsupport/index.php/Home/TeacherEvaluate/get_class_info
INFO: [ app_begin ] --START--
INFO: Run Behavior\ReadHtmlCacheBehavior [ RunTime:0.000000s ]
INFO: [ app_begin ] --END-- [ RunTime:0.000000s ]
SQL: SHOW COLUMNS FROM `unito_class_info` [ RunTime:0.0070s ]
SQL: SELECT usert_id tid,userc_id cid,`status` FROM `unito_class_info` WHERE ( id = 1 ) LIMIT 1   [ RunTime:0.0010s ]
SQL: SHOW COLUMNS FROM `unito_user_info` [ RunTime:0.0050s ]
SQL: SELECT `name` FROM `unito_user_info` WHERE ( id = 1 ) LIMIT 1   [ RunTime:0.0000s ]
SQL: SELECT `name` FROM `unito_user_info` WHERE ( id = 2 ) LIMIT 1   [ RunTime:0.0010s ]
INFO: [ app_end ] --START--
INFO: Run Behavior\ShowPageTraceBehavior [ RunTime:0.000000s ]
INFO: [ app_end ] --END-- [ RunTime:0.000000s ]

[ 2016-10-31T16:18:08+08:00 ] ::1 /Dsupport/index.php/Home/TeacherEvaluate/get_class_info
INFO: [ app_begin ] --START--
INFO: Run Behavior\ReadHtmlCacheBehavior [ RunTime:0.000000s ]
INFO: [ app_begin ] --END-- [ RunTime:0.000000s ]
SQL: SHOW COLUMNS FROM `unito_class_info` [ RunTime:0.0030s ]
SQL: SELECT usert_id tid,userc_id cid,`status` FROM `unito_class_info` WHERE ( id = 1 ) LIMIT 1   [ RunTime:0.0000s ]
SQL: SHOW COLUMNS FROM `unito_user_info` [ RunTime:0.0050s ]
SQL: SELECT `name` FROM `unito_user_info` WHERE ( id = 1 ) LIMIT 1   [ RunTime:0.0010s ]
SQL: SELECT `name` FROM `unito_user_info` WHERE ( id = 2 ) LIMIT 1   [ RunTime:0.0000s ]
INFO: [ app_end ] --START--
INFO: Run Behavior\ShowPageTraceBehavior [ RunTime:0.000000s ]
INFO: [ app_end ] --END-- [ RunTime:0.000000s ]

[ 2016-10-31T16:18:55+08:00 ] ::1 /Dsupport/index.php/Home/TeacherEvaluate/get_class_info
INFO: [ app_begin ] --START--
INFO: Run Behavior\ReadHtmlCacheBehavior [ RunTime:0.000000s ]
INFO: [ app_begin ] --END-- [ RunTime:0.000000s ]
SQL: SHOW COLUMNS FROM `unito_class_info` [ RunTime:0.0080s ]
SQL: SELECT usert_id tid,userc_id cid,`status` FROM `unito_class_info` WHERE ( id = 1 ) LIMIT 1   [ RunTime:0.0000s ]
SQL: SHOW COLUMNS FROM `unito_user_info` [ RunTime:0.0050s ]
SQL: SELECT `name` FROM `unito_user_info` WHERE ( id = 1 ) LIMIT 1   [ RunTime:0.0000s ]
SQL: SELECT `name` FROM `unito_user_info` WHERE ( id = 2 ) LIMIT 1   [ RunTime:0.0000s ]
INFO: [ app_end ] --START--
INFO: Run Behavior\ShowPageTraceBehavior [ RunTime:0.001000s ]
INFO: [ app_end ] --END-- [ RunTime:0.001000s ]

[ 2016-10-31T16:20:08+08:00 ] ::1 /Dsupport/index.php/Home/TeacherEvaluate/get_class_info
INFO: [ app_begin ] --START--
INFO: Run Behavior\ReadHtmlCacheBehavior [ RunTime:0.000000s ]
INFO: [ app_begin ] --END-- [ RunTime:0.000000s ]
SQL: SHOW COLUMNS FROM `unito_class_info` [ RunTime:0.0040s ]
SQL: SELECT usert_id tid,userc_id cid,`status` FROM `unito_class_info` WHERE ( id = 1 ) LIMIT 1   [ RunTime:0.0010s ]
SQL: SHOW COLUMNS FROM `unito_user_info` [ RunTime:0.0040s ]
SQL: SELECT `name` FROM `unito_user_info` WHERE ( id = 1 ) LIMIT 1   [ RunTime:0.0000s ]
SQL: SELECT `name` FROM `unito_user_info` WHERE ( id = 2 ) LIMIT 1   [ RunTime:0.0000s ]
INFO: [ app_end ] --START--
INFO: Run Behavior\ShowPageTraceBehavior [ RunTime:0.000000s ]
INFO: [ app_end ] --END-- [ RunTime:0.000000s ]

[ 2016-10-31T16:20:09+08:00 ] ::1 /Dsupport/index.php/Home/TeacherEvaluate/get_class_info
INFO: [ app_begin ] --START--
INFO: Run Behavior\ReadHtmlCacheBehavior [ RunTime:0.000000s ]
INFO: [ app_begin ] --END-- [ RunTime:0.000000s ]
SQL: SHOW COLUMNS FROM `unito_class_info` [ RunTime:0.0040s ]
SQL: SELECT usert_id tid,userc_id cid,`status` FROM `unito_class_info` WHERE ( id = 3 ) LIMIT 1   [ RunTime:0.0000s ]
SQL: SHOW COLUMNS FROM `unito_user_info` [ RunTime:0.0050s ]
SQL: SELECT `name` FROM `unito_user_info` WHERE ( id = 1 ) LIMIT 1   [ RunTime:0.0000s ]
SQL: SELECT `name` FROM `unito_user_info` WHERE ( id = 2 ) LIMIT 1   [ RunTime:0.0000s ]
INFO: [ app_end ] --START--
INFO: Run Behavior\ShowPageTraceBehavior [ RunTime:0.000000s ]
INFO: [ app_end ] --END-- [ RunTime:0.000000s ]

[ 2016-10-31T16:20:31+08:00 ] ::1 /Dsupport/index.php/Home/TeacherEvaluate/get_class_info
INFO: [ app_begin ] --START--
INFO: Run Behavior\ReadHtmlCacheBehavior [ RunTime:0.000000s ]
INFO: [ app_begin ] --END-- [ RunTime:0.000000s ]
SQL: SHOW COLUMNS FROM `unito_class_info` [ RunTime:0.0060s ]
SQL: SELECT usert_id tid,userc_id cid,`status` FROM `unito_class_info` WHERE ( id = 1 ) LIMIT 1   [ RunTime:0.0000s ]
SQL: SHOW COLUMNS FROM `unito_user_info` [ RunTime:0.0050s ]
SQL: SELECT `name` FROM `unito_user_info` WHERE ( id = 1 ) LIMIT 1   [ RunTime:0.0000s ]
SQL: SELECT `name` FROM `unito_user_info` WHERE ( id = 2 ) LIMIT 1   [ RunTime:0.0000s ]
INFO: [ app_end ] --START--
INFO: Run Behavior\ShowPageTraceBehavior [ RunTime:0.000000s ]
INFO: [ app_end ] --END-- [ RunTime:0.000000s ]

[ 2016-10-31T16:22:46+08:00 ] ::1 /Dsupport/index.php/Home/TeacherEvaluate/get_class_info
INFO: [ app_begin ] --START--
INFO: Run Behavior\ReadHtmlCacheBehavior [ RunTime:0.001000s ]
INFO: [ app_begin ] --END-- [ RunTime:0.001000s ]
SQL: SHOW COLUMNS FROM `unito_class_info` [ RunTime:0.0050s ]
SQL: SELECT usert_id tid,userc_id cid,`status`,class_type type FROM `unito_class_info` WHERE ( id = 1 ) LIMIT 1   [ RunTime:0.0000s ]
SQL: SHOW COLUMNS FROM `unito_user_info` [ RunTime:0.0060s ]
SQL: SELECT `name` FROM `unito_user_info` WHERE ( id = 1 ) LIMIT 1   [ RunTime:0.0000s ]
SQL: SELECT `name` FROM `unito_user_info` WHERE ( id = 2 ) LIMIT 1   [ RunTime:0.0010s ]
ERR: SQLSTATE[42S22]: Column not found: 1054 Unknown column 'PHP' in 'where clause'

[ 2016-10-31T16:23:12+08:00 ] ::1 /Dsupport/index.php/Home/TeacherEvaluate/get_class_info
INFO: [ app_begin ] --START--
INFO: Run Behavior\ReadHtmlCacheBehavior [ RunTime:0.000000s ]
INFO: [ app_begin ] --END-- [ RunTime:0.000000s ]
SQL: SHOW COLUMNS FROM `unito_class_info` [ RunTime:0.0050s ]
SQL: SELECT usert_id tid,userc_id cid,`status`,class_type type FROM `unito_class_info` WHERE ( id = 3 ) LIMIT 1   [ RunTime:0.0010s ]
SQL: SHOW COLUMNS FROM `unito_user_info` [ RunTime:0.0050s ]
SQL: SELECT `name` FROM `unito_user_info` WHERE ( id = 1 ) LIMIT 1   [ RunTime:0.0000s ]
SQL: SELECT `name` FROM `unito_user_info` WHERE ( id = 2 ) LIMIT 1   [ RunTime:0.0010s ]
INFO: [ app_end ] --START--
INFO: Run Behavior\ShowPageTraceBehavior [ RunTime:0.000000s ]
INFO: [ app_end ] --END-- [ RunTime:0.000000s ]

[ 2016-10-31T16:25:25+08:00 ] ::1 /Dsupport/index.php/Home/TeacherEvaluate/get_class_info
INFO: [ app_begin ] --START--
INFO: Run Behavior\ReadHtmlCacheBehavior [ RunTime:0.000000s ]
INFO: [ app_begin ] --END-- [ RunTime:0.001000s ]
SQL: SHOW COLUMNS FROM `unito_class_info` [ RunTime:0.0050s ]
SQL: SELECT usert_id tid,userc_id cid,`status`,class_type type FROM `unito_class_info` WHERE ( id = 1 ) LIMIT 1   [ RunTime:0.0000s ]
SQL: SHOW COLUMNS FROM `unito_user_info` [ RunTime:0.0050s ]
SQL: SELECT `name` FROM `unito_user_info` WHERE ( id = 1 ) LIMIT 1   [ RunTime:0.0000s ]
SQL: SELECT `name` FROM `unito_user_info` WHERE ( id = 2 ) LIMIT 1   [ RunTime:0.0000s ]
INFO: [ app_end ] --START--
INFO: Run Behavior\ShowPageTraceBehavior [ RunTime:0.000000s ]
INFO: [ app_end ] --END-- [ RunTime:0.000000s ]

[ 2016-10-31T16:25:27+08:00 ] ::1 /Dsupport/index.php/Home/TeacherEvaluate/get_class_info
INFO: [ app_begin ] --START--
INFO: Run Behavior\ReadHtmlCacheBehavior [ RunTime:0.001000s ]
INFO: [ app_begin ] --END-- [ RunTime:0.001000s ]
SQL: SHOW COLUMNS FROM `unito_class_info` [ RunTime:0.0060s ]
SQL: SELECT usert_id tid,userc_id cid,`status`,class_type type FROM `unito_class_info` WHERE ( id = 3 ) LIMIT 1   [ RunTime:0.0000s ]
SQL: SHOW COLUMNS FROM `unito_user_info` [ RunTime:0.0050s ]
SQL: SELECT `name` FROM `unito_user_info` WHERE ( id = 1 ) LIMIT 1   [ RunTime:0.0000s ]
SQL: SELECT `name` FROM `unito_user_info` WHERE ( id = 2 ) LIMIT 1   [ RunTime:0.0000s ]
INFO: [ app_end ] --START--
INFO: Run Behavior\ShowPageTraceBehavior [ RunTime:0.000000s ]
INFO: [ app_end ] --END-- [ RunTime:0.000000s ]

[ 2016-10-31T16:25:35+08:00 ] ::1 /Dsupport/index.php/Home/TeacherEvaluate/get_class_info
INFO: [ app_begin ] --START--
INFO: Run Behavior\ReadHtmlCacheBehavior [ RunTime:0.000000s ]
INFO: [ app_begin ] --END-- [ RunTime:0.000000s ]
SQL: SHOW COLUMNS FROM `unito_class_info` [ RunTime:0.0040s ]
SQL: SELECT usert_id tid,userc_id cid,`status`,class_type type FROM `unito_class_info` WHERE ( id = 1 ) LIMIT 1   [ RunTime:0.0000s ]
SQL: SHOW COLUMNS FROM `unito_user_info` [ RunTime:0.0040s ]
SQL: SELECT `name` FROM `unito_user_info` WHERE ( id = 1 ) LIMIT 1   [ RunTime:0.0000s ]
SQL: SELECT `name` FROM `unito_user_info` WHERE ( id = 2 ) LIMIT 1   [ RunTime:0.0000s ]
INFO: [ app_end ] --START--
INFO: Run Behavior\ShowPageTraceBehavior [ RunTime:0.000000s ]
INFO: [ app_end ] --END-- [ RunTime:0.000000s ]

[ 2016-10-31T16:25:38+08:00 ] ::1 /Dsupport/index.php/Home/TeacherEvaluate/get_class_info
INFO: [ app_begin ] --START--
INFO: Run Behavior\ReadHtmlCacheBehavior [ RunTime:0.000000s ]
INFO: [ app_begin ] --END-- [ RunTime:0.000000s ]
SQL: SHOW COLUMNS FROM `unito_class_info` [ RunTime:0.0090s ]
SQL: SELECT usert_id tid,userc_id cid,`status`,class_type type FROM `unito_class_info` WHERE ( id = 3 ) LIMIT 1   [ RunTime:0.0000s ]
SQL: SHOW COLUMNS FROM `unito_user_info` [ RunTime:0.0040s ]
SQL: SELECT `name` FROM `unito_user_info` WHERE ( id = 1 ) LIMIT 1   [ RunTime:0.0000s ]
SQL: SELECT `name` FROM `unito_user_info` WHERE ( id = 2 ) LIMIT 1   [ RunTime:0.0010s ]
INFO: [ app_end ] --START--
INFO: Run Behavior\ShowPageTraceBehavior [ RunTime:0.000000s ]
INFO: [ app_end ] --END-- [ RunTime:0.000000s ]

[ 2016-10-31T16:25:56+08:00 ] ::1 /Dsupport/index.php/Home/TeacherEvaluate/get_class_info
INFO: [ app_begin ] --START--
INFO: Run Behavior\ReadHtmlCacheBehavior [ RunTime:0.000000s ]
INFO: [ app_begin ] --END-- [ RunTime:0.000000s ]
SQL: SHOW COLUMNS FROM `unito_class_info` [ RunTime:0.0040s ]
SQL: SELECT usert_id tid,userc_id cid,`status`,class_type type FROM `unito_class_info` WHERE ( id = 1 ) LIMIT 1   [ RunTime:0.0010s ]
SQL: SHOW COLUMNS FROM `unito_user_info` [ RunTime:0.0040s ]
SQL: SELECT `name` FROM `unito_user_info` WHERE ( id = 1 ) LIMIT 1   [ RunTime:0.0000s ]
SQL: SELECT `name` FROM `unito_user_info` WHERE ( id = 2 ) LIMIT 1   [ RunTime:0.0010s ]
INFO: [ app_end ] --START--
INFO: Run Behavior\ShowPageTraceBehavior [ RunTime:0.000000s ]
INFO: [ app_end ] --END-- [ RunTime:0.000000s ]

[ 2016-10-31T16:25:59+08:00 ] ::1 /Dsupport/index.php/Home/TeacherEvaluate/get_class_info
INFO: [ app_begin ] --START--
INFO: Run Behavior\ReadHtmlCacheBehavior [ RunTime:0.000000s ]
INFO: [ app_begin ] --END-- [ RunTime:0.000000s ]
SQL: SHOW COLUMNS FROM `unito_class_info` [ RunTime:0.0070s ]
SQL: SELECT usert_id tid,userc_id cid,`status`,class_type type FROM `unito_class_info` WHERE ( id = 3 ) LIMIT 1   [ RunTime:0.0000s ]
SQL: SHOW COLUMNS FROM `unito_user_info` [ RunTime:0.0050s ]
SQL: SELECT `name` FROM `unito_user_info` WHERE ( id = 1 ) LIMIT 1   [ RunTime:0.0000s ]
SQL: SELECT `name` FROM `unito_user_info` WHERE ( id = 2 ) LIMIT 1   [ RunTime:0.0010s ]
INFO: [ app_end ] --START--
INFO: Run Behavior\ShowPageTraceBehavior [ RunTime:0.000000s ]
INFO: [ app_end ] --END-- [ RunTime:0.000000s ]

[ 2016-10-31T16:26:01+08:00 ] ::1 /Dsupport/index.php/Home/TeacherEvaluate/get_class_info
INFO: [ app_begin ] --START--
INFO: Run Behavior\ReadHtmlCacheBehavior [ RunTime:0.000000s ]
INFO: [ app_begin ] --END-- [ RunTime:0.000000s ]
SQL: SHOW COLUMNS FROM `unito_class_info` [ RunTime:0.0050s ]
SQL: SELECT usert_id tid,userc_id cid,`status`,class_type type FROM `unito_class_info` WHERE ( id = 1 ) LIMIT 1   [ RunTime:0.0000s ]
SQL: SHOW COLUMNS FROM `unito_user_info` [ RunTime:0.0050s ]
SQL: SELECT `name` FROM `unito_user_info` WHERE ( id = 1 ) LIMIT 1   [ RunTime:0.0010s ]
SQL: SELECT `name` FROM `unito_user_info` WHERE ( id = 2 ) LIMIT 1   [ RunTime:0.0000s ]
INFO: [ app_end ] --START--
INFO: Run Behavior\ShowPageTraceBehavior [ RunTime:0.000000s ]
INFO: [ app_end ] --END-- [ RunTime:0.000000s ]

[ 2016-10-31T16:26:03+08:00 ] ::1 /Dsupport/index.php/Home/TeacherEvaluate/get_class_info
INFO: [ app_begin ] --START--
INFO: Run Behavior\ReadHtmlCacheBehavior [ RunTime:0.000000s ]
INFO: [ app_begin ] --END-- [ RunTime:0.000000s ]
SQL: SHOW COLUMNS FROM `unito_class_info` [ RunTime:0.0050s ]
SQL: SELECT usert_id tid,userc_id cid,`status`,class_type type FROM `unito_class_info` WHERE ( id = 3 ) LIMIT 1   [ RunTime:0.0000s ]
SQL: SHOW COLUMNS FROM `unito_user_info` [ RunTime:0.0040s ]
SQL: SELECT `name` FROM `unito_user_info` WHERE ( id = 1 ) LIMIT 1   [ RunTime:0.0010s ]
SQL: SELECT `name` FROM `unito_user_info` WHERE ( id = 2 ) LIMIT 1   [ RunTime:0.0000s ]
INFO: [ app_end ] --START--
INFO: Run Behavior\ShowPageTraceBehavior [ RunTime:0.000000s ]
INFO: [ app_end ] --END-- [ RunTime:0.000000s ]

[ 2016-10-31T16:26:47+08:00 ] ::1 /Dsupport/index.php/Home/TeacherEvaluate/get_class_info
INFO: [ app_begin ] --START--
INFO: Run Behavior\ReadHtmlCacheBehavior [ RunTime:0.001000s ]
INFO: [ app_begin ] --END-- [ RunTime:0.001000s ]
SQL: SHOW COLUMNS FROM `unito_class_info` [ RunTime:0.0040s ]
SQL: SELECT usert_id tid,userc_id cid,`status`,class_type type FROM `unito_class_info` WHERE ( id = 1 ) LIMIT 1   [ RunTime:0.0000s ]
SQL: SHOW COLUMNS FROM `unito_user_info` [ RunTime:0.0040s ]
SQL: SELECT `name` FROM `unito_user_info` WHERE ( id = 1 ) LIMIT 1   [ RunTime:0.0010s ]
SQL: SELECT `name` FROM `unito_user_info` WHERE ( id = 2 ) LIMIT 1   [ RunTime:0.0000s ]
INFO: [ app_end ] --START--
INFO: Run Behavior\ShowPageTraceBehavior [ RunTime:0.000000s ]
INFO: [ app_end ] --END-- [ RunTime:0.000000s ]

[ 2016-10-31T16:26:49+08:00 ] ::1 /Dsupport/index.php/Home/TeacherEvaluate/get_class_info
INFO: [ app_begin ] --START--
INFO: Run Behavior\ReadHtmlCacheBehavior [ RunTime:0.000000s ]
INFO: [ app_begin ] --END-- [ RunTime:0.000000s ]
SQL: SHOW COLUMNS FROM `unito_class_info` [ RunTime:0.0030s ]
SQL: SELECT usert_id tid,userc_id cid,`status`,class_type type FROM `unito_class_info` WHERE ( id = 3 ) LIMIT 1   [ RunTime:0.0000s ]
SQL: SHOW COLUMNS FROM `unito_user_info` [ RunTime:0.0040s ]
SQL: SELECT `name` FROM `unito_user_info` WHERE ( id = 1 ) LIMIT 1   [ RunTime:0.0000s ]
SQL: SELECT `name` FROM `unito_user_info` WHERE ( id = 2 ) LIMIT 1   [ RunTime:0.0000s ]
INFO: [ app_end ] --START--
INFO: Run Behavior\ShowPageTraceBehavior [ RunTime:0.000000s ]
INFO: [ app_end ] --END-- [ RunTime:0.000000s ]

[ 2016-10-31T16:27:20+08:00 ] ::1 /Dsupport/index.php/Home/TeacherEvaluate/get_class_info
INFO: [ app_begin ] --START--
INFO: Run Behavior\ReadHtmlCacheBehavior [ RunTime:0.000000s ]
INFO: [ app_begin ] --END-- [ RunTime:0.000000s ]
SQL: SHOW COLUMNS FROM `unito_class_info` [ RunTime:0.0060s ]
SQL: SELECT usert_id tid,userc_id cid,`status`,class_type type FROM `unito_class_info` WHERE ( id = 1 ) LIMIT 1   [ RunTime:0.0000s ]
SQL: SHOW COLUMNS FROM `unito_user_info` [ RunTime:0.0040s ]
SQL: SELECT `name` FROM `unito_user_info` WHERE ( id = 1 ) LIMIT 1   [ RunTime:0.0000s ]
SQL: SELECT `name` FROM `unito_user_info` WHERE ( id = 2 ) LIMIT 1   [ RunTime:0.0000s ]
INFO: [ app_end ] --START--
INFO: Run Behavior\ShowPageTraceBehavior [ RunTime:0.000000s ]
INFO: [ app_end ] --END-- [ RunTime:0.000000s ]

[ 2016-10-31T16:27:21+08:00 ] ::1 /Dsupport/index.php/Home/TeacherEvaluate/get_class_info
INFO: [ app_begin ] --START--
INFO: Run Behavior\ReadHtmlCacheBehavior [ RunTime:0.000000s ]
INFO: [ app_begin ] --END-- [ RunTime:0.001000s ]
SQL: SHOW COLUMNS FROM `unito_class_info` [ RunTime:0.0040s ]
SQL: SELECT usert_id tid,userc_id cid,`status`,class_type type FROM `unito_class_info` WHERE ( id = 3 ) LIMIT 1   [ RunTime:0.0010s ]
SQL: SHOW COLUMNS FROM `unito_user_info` [ RunTime:0.0030s ]
SQL: SELECT `name` FROM `unito_user_info` WHERE ( id = 1 ) LIMIT 1   [ RunTime:0.0000s ]
SQL: SELECT `name` FROM `unito_user_info` WHERE ( id = 2 ) LIMIT 1   [ RunTime:0.0000s ]
INFO: [ app_end ] --START--
INFO: Run Behavior\ShowPageTraceBehavior [ RunTime:0.000000s ]
INFO: [ app_end ] --END-- [ RunTime:0.000000s ]

[ 2016-10-31T16:27:41+08:00 ] ::1 /Dsupport/index.php/Home/TeacherEvaluate/get_class_info
INFO: [ app_begin ] --START--
INFO: Run Behavior\ReadHtmlCacheBehavior [ RunTime:0.000000s ]
INFO: [ app_begin ] --END-- [ RunTime:0.000000s ]
SQL: SHOW COLUMNS FROM `unito_class_info` [ RunTime:0.0050s ]
SQL: SELECT usert_id tid,userc_id cid,`status`,class_type type FROM `unito_class_info` WHERE ( id = 1 ) LIMIT 1   [ RunTime:0.0000s ]
SQL: SHOW COLUMNS FROM `unito_user_info` [ RunTime:0.0090s ]
SQL: SELECT `name` FROM `unito_user_info` WHERE ( id = 1 ) LIMIT 1   [ RunTime:0.0000s ]
SQL: SELECT `name` FROM `unito_user_info` WHERE ( id = 2 ) LIMIT 1   [ RunTime:0.0010s ]
INFO: [ app_end ] --START--
INFO: Run Behavior\ShowPageTraceBehavior [ RunTime:0.000000s ]
INFO: [ app_end ] --END-- [ RunTime:0.000000s ]

[ 2016-10-31T16:27:44+08:00 ] ::1 /Dsupport/index.php/Home/TeacherEvaluate/get_class_info
INFO: [ app_begin ] --START--
INFO: Run Behavior\ReadHtmlCacheBehavior [ RunTime:0.000000s ]
INFO: [ app_begin ] --END-- [ RunTime:0.000000s ]
SQL: SHOW COLUMNS FROM `unito_class_info` [ RunTime:0.0050s ]
SQL: SELECT usert_id tid,userc_id cid,`status`,class_type type FROM `unito_class_info` WHERE ( id = 3 ) LIMIT 1   [ RunTime:0.0000s ]
SQL: SHOW COLUMNS FROM `unito_user_info` [ RunTime:0.0040s ]
SQL: SELECT `name` FROM `unito_user_info` WHERE ( id = 1 ) LIMIT 1   [ RunTime:0.0000s ]
SQL: SELECT `name` FROM `unito_user_info` WHERE ( id = 2 ) LIMIT 1   [ RunTime:0.0010s ]
INFO: [ app_end ] --START--
INFO: Run Behavior\ShowPageTraceBehavior [ RunTime:0.000000s ]
INFO: [ app_end ] --END-- [ RunTime:0.000000s ]

[ 2016-10-31T16:33:07+08:00 ] ::1 /Dsupport/index.php/Home/TeacherEvaluate/get_class_info
INFO: [ app_begin ] --START--
INFO: Run Behavior\ReadHtmlCacheBehavior [ RunTime:0.000000s ]
INFO: [ app_begin ] --END-- [ RunTime:0.001000s ]
SQL: SHOW COLUMNS FROM `unito_class_info` [ RunTime:0.0040s ]
SQL: SELECT usert_id tid,userc_id cid,`status`,class_type type FROM `unito_class_info` WHERE ( id = 1 ) LIMIT 1   [ RunTime:0.0000s ]
SQL: SHOW COLUMNS FROM `unito_user_info` [ RunTime:0.0040s ]
SQL: SELECT `name` FROM `unito_user_info` WHERE ( id = 1 ) LIMIT 1   [ RunTime:0.0010s ]
SQL: SELECT `name` FROM `unito_user_info` WHERE ( id = 2 ) LIMIT 1   [ RunTime:0.0000s ]
NOTIC: [8] Undefined variable: status D:\phpStudy\WWW\Dsupport\Ds\Home\Model\ClassInfoModel.class.php 第 38 行.
INFO: [ app_end ] --START--
INFO: Run Behavior\ShowPageTraceBehavior [ RunTime:0.001000s ]
INFO: [ app_end ] --END-- [ RunTime:0.001000s ]

[ 2016-10-31T16:33:09+08:00 ] ::1 /Dsupport/index.php/Home/TeacherEvaluate/get_class_info
INFO: [ app_begin ] --START--
INFO: Run Behavior\ReadHtmlCacheBehavior [ RunTime:0.000000s ]
INFO: [ app_begin ] --END-- [ RunTime:0.000000s ]
SQL: SHOW COLUMNS FROM `unito_class_info` [ RunTime:0.0050s ]
SQL: SELECT usert_id tid,userc_id cid,`status`,class_type type FROM `unito_class_info` WHERE ( id = 3 ) LIMIT 1   [ RunTime:0.0000s ]
SQL: SHOW COLUMNS FROM `unito_user_info` [ RunTime:0.0040s ]
SQL: SELECT `name` FROM `unito_user_info` WHERE ( id = 1 ) LIMIT 1   [ RunTime:0.0010s ]
SQL: SELECT `name` FROM `unito_user_info` WHERE ( id = 2 ) LIMIT 1   [ RunTime:0.0000s ]
NOTIC: [8] Undefined variable: status D:\phpStudy\WWW\Dsupport\Ds\Home\Model\ClassInfoModel.class.php 第 38 行.
INFO: [ app_end ] --START--
INFO: Run Behavior\ShowPageTraceBehavior [ RunTime:0.000000s ]
INFO: [ app_end ] --END-- [ RunTime:0.000000s ]

[ 2016-10-31T16:33:28+08:00 ] ::1 /Dsupport/index.php/Home/TeacherEvaluate/get_class_info
INFO: [ app_begin ] --START--
INFO: Run Behavior\ReadHtmlCacheBehavior [ RunTime:0.000000s ]
INFO: [ app_begin ] --END-- [ RunTime:0.000000s ]
SQL: SHOW COLUMNS FROM `unito_class_info` [ RunTime:0.0090s ]
SQL: SELECT usert_id tid,userc_id cid,`status`,class_type type FROM `unito_class_info` WHERE ( id = 1 ) LIMIT 1   [ RunTime:0.0010s ]
SQL: SHOW COLUMNS FROM `unito_user_info` [ RunTime:0.0060s ]
SQL: SELECT `name` FROM `unito_user_info` WHERE ( id = 1 ) LIMIT 1   [ RunTime:0.0000s ]
SQL: SELECT `name` FROM `unito_user_info` WHERE ( id = 2 ) LIMIT 1   [ RunTime:0.0000s ]
INFO: [ app_end ] --START--
INFO: Run Behavior\ShowPageTraceBehavior [ RunTime:0.000000s ]
INFO: [ app_end ] --END-- [ RunTime:0.000000s ]

[ 2016-10-31T16:33:30+08:00 ] ::1 /Dsupport/index.php/Home/TeacherEvaluate/get_class_info
INFO: [ app_begin ] --START--
INFO: Run Behavior\ReadHtmlCacheBehavior [ RunTime:0.000000s ]
INFO: [ app_begin ] --END-- [ RunTime:0.000000s ]
SQL: SHOW COLUMNS FROM `unito_class_info` [ RunTime:0.0030s ]
SQL: SELECT usert_id tid,userc_id cid,`status`,class_type type FROM `unito_class_info` WHERE ( id = 3 ) LIMIT 1   [ RunTime:0.0000s ]
SQL: SHOW COLUMNS FROM `unito_user_info` [ RunTime:0.0040s ]
SQL: SELECT `name` FROM `unito_user_info` WHERE ( id = 1 ) LIMIT 1   [ RunTime:0.0010s ]
SQL: SELECT `name` FROM `unito_user_info` WHERE ( id = 2 ) LIMIT 1   [ RunTime:0.0000s ]
INFO: [ app_end ] --START--
INFO: Run Behavior\ShowPageTraceBehavior [ RunTime:0.000000s ]
INFO: [ app_end ] --END-- [ RunTime:0.000000s ]

[ 2016-10-31T16:36:12+08:00 ] ::1 /Dsupport/index.php/Home/TeacherEvaluate/get_class_info
INFO: [ app_begin ] --START--
INFO: Run Behavior\ReadHtmlCacheBehavior [ RunTime:0.000000s ]
INFO: [ app_begin ] --END-- [ RunTime:0.000000s ]
SQL: SHOW COLUMNS FROM `unito_class_info` [ RunTime:0.0060s ]
SQL: SELECT usert_id tid,userc_id cid,`status`,class_type type FROM `unito_class_info` WHERE ( id = 1 ) LIMIT 1   [ RunTime:0.0010s ]
SQL: SHOW COLUMNS FROM `unito_user_info` [ RunTime:0.0040s ]
SQL: SELECT `name` FROM `unito_user_info` WHERE ( id = 1 ) LIMIT 1   [ RunTime:0.0000s ]
SQL: SELECT `name` FROM `unito_user_info` WHERE ( id = 2 ) LIMIT 1   [ RunTime:0.0000s ]
INFO: [ app_end ] --START--
INFO: Run Behavior\ShowPageTraceBehavior [ RunTime:0.000000s ]
INFO: [ app_end ] --END-- [ RunTime:0.000000s ]

[ 2016-10-31T16:37:24+08:00 ] ::1 /Dsupport/index.php/Home/TeacherEvaluate/__CONTROLLER/add/act/add?select%5B1%5D=2&select%5B2%5D=1&select%5B3%5D=1&select%5B4%5D=1&select%5B5%5D=1&select%5B6%5D=1&select%5B7%5D=2&select%5B8%5D=1&select%5B9%5D=1&select%5B10%5D=1&message_a=%3Ch1%3E%0D%0A%091234567%3Cimg+src%3D%22%2FDsupport%2FPublic%2Fkindeditor-4.1.2%2Fattached%2Fimage%2F20161031%2F20161031163645_86890.png%22+alt%3D%22%22+%2F%3E%0D%0A%3C%2Fh1%3E&message_b=%3Cspan+style%3D%22font-size%3A32px%3Bbackground-color%3A%23006600%3B%22%3E23456789%3Cimg+src%3D%22%2FDsupport%2FPublic%2Fkindeditor-4.1.2%2Fattached%2Fimage%2F20161031%2F20161031163702_41555.png%22+alt%3D%22%22+%2F%3E%3C%2Fspan%3E&message_c=%3Cu%3E%3Cstrong%3E%3Cem%3E4567890%3Cimg+src%3D%22%2FDsupport%2FPublic%2Fkindeditor-4.1.2%2Fphp%2F..%2Fattached%2Fimage%2F20161031%2F20161031163718_23631.png%22+alt%3D%22%22+%2F%3E%3Cimg+src%3D%22%2FDsupport%2FPublic%2Fkindeditor-4.1.2%2Fphp%2F..%2Fattached%2Fimage%2F20161031%2F20161031163718_46254.png%22+alt%3D%22%22+%2F%3E%3C%2Fem%3E%3C%2Fstrong%3E%3C%2Fu%3E
ERR: 非法操作:__CONTROLLER

[ 2016-10-31T16:37:40+08:00 ] ::1 /Dsupport/index.php/Home/TeacherEvaluate/__CONTROLLER/add/act/add?select%5B1%5D=2&select%5B2%5D=1&select%5B3%5D=1&select%5B4%5D=1&select%5B5%5D=1&select%5B6%5D=1&select%5B7%5D=2&select%5B8%5D=1&select%5B9%5D=1&select%5B10%5D=1&message_a=%3Ch1%3E%0D%0A%091234567%3Cimg+src%3D%22%2FDsupport%2FPublic%2Fkindeditor-4.1.2%2Fattached%2Fimage%2F20161031%2F20161031163645_86890.png%22+alt%3D%22%22+%2F%3E%0D%0A%3C%2Fh1%3E&message_b=%3Cspan+style%3D%22font-size%3A32px%3Bbackground-color%3A%23006600%3B%22%3E23456789%3Cimg+src%3D%22%2FDsupport%2FPublic%2Fkindeditor-4.1.2%2Fattached%2Fimage%2F20161031%2F20161031163702_41555.png%22+alt%3D%22%22+%2F%3E%3C%2Fspan%3E&message_c=%3Cu%3E%3Cstrong%3E%3Cem%3E4567890%3Cimg+src%3D%22%2FDsupport%2FPublic%2Fkindeditor-4.1.2%2Fphp%2F..%2Fattached%2Fimage%2F20161031%2F20161031163718_23631.png%22+alt%3D%22%22+%2F%3E%3Cimg+src%3D%22%2FDsupport%2FPublic%2Fkindeditor-4.1.2%2Fphp%2F..%2Fattached%2Fimage%2F20161031%2F20161031163718_46254.png%22+alt%3D%22%22+%2F%3E%3C%2Fem%3E%3C%2Fstrong%3E%3C%2Fu%3E
ERR: 非法操作:__CONTROLLER

[ 2016-10-31T16:39:24+08:00 ] ::1 /Dsupport/index.php/Home/TeacherEvaluate/get_class_info
INFO: [ app_begin ] --START--
INFO: Run Behavior\ReadHtmlCacheBehavior [ RunTime:0.000000s ]
INFO: [ app_begin ] --END-- [ RunTime:0.000000s ]
SQL: SHOW COLUMNS FROM `unito_class_info` [ RunTime:0.0030s ]
SQL: SELECT usert_id tid,userc_id cid,`status`,class_type type FROM `unito_class_info` WHERE ( id = 1 ) LIMIT 1   [ RunTime:0.0010s ]
SQL: SHOW COLUMNS FROM `unito_user_info` [ RunTime:0.0040s ]
SQL: SELECT `name` FROM `unito_user_info` WHERE ( id = 1 ) LIMIT 1   [ RunTime:0.0000s ]
SQL: SELECT `name` FROM `unito_user_info` WHERE ( id = 2 ) LIMIT 1   [ RunTime:0.0010s ]
INFO: [ app_end ] --START--
INFO: Run Behavior\ShowPageTraceBehavior [ RunTime:0.000000s ]
INFO: [ app_end ] --END-- [ RunTime:0.000000s ]

[ 2016-10-31T16:39:46+08:00 ] ::1 /Dsupport/index.php/Home/TeacherEvaluate/get_class_info
INFO: [ app_begin ] --START--
INFO: Run Behavior\ReadHtmlCacheBehavior [ RunTime:0.003000s ]
INFO: [ app_begin ] --END-- [ RunTime:0.005000s ]
SQL: SHOW COLUMNS FROM `unito_class_info` [ RunTime:0.0040s ]
SQL: SELECT usert_id tid,userc_id cid,`status`,class_type type FROM `unito_class_info` WHERE ( id = 1 ) LIMIT 1   [ RunTime:0.0000s ]
SQL: SHOW COLUMNS FROM `unito_user_info` [ RunTime:0.0040s ]
SQL: SELECT `name` FROM `unito_user_info` WHERE ( id = 1 ) LIMIT 1   [ RunTime:0.0010s ]
SQL: SELECT `name` FROM `unito_user_info` WHERE ( id = 2 ) LIMIT 1   [ RunTime:0.0000s ]
INFO: [ app_end ] --START--
INFO: Run Behavior\ShowPageTraceBehavior [ RunTime:0.002000s ]
INFO: [ app_end ] --END-- [ RunTime:0.002000s ]

[ 2016-10-31T16:42:36+08:00 ] ::1 /Dsupport/index.php/Home/TeacherEvaluate/get_class_info
INFO: [ app_begin ] --START--
INFO: Run Behavior\ReadHtmlCacheBehavior [ RunTime:0.000000s ]
INFO: [ app_begin ] --END-- [ RunTime:0.000000s ]
SQL: SHOW COLUMNS FROM `unito_class_info` [ RunTime:0.0040s ]
SQL: SELECT usert_id tid,userc_id cid,`status`,class_type type FROM `unito_class_info` WHERE ( id = 3 ) LIMIT 1   [ RunTime:0.0000s ]
SQL: SHOW COLUMNS FROM `unito_user_info` [ RunTime:0.0050s ]
SQL: SELECT `name` FROM `unito_user_info` WHERE ( id = 1 ) LIMIT 1   [ RunTime:0.0010s ]
SQL: SELECT `name` FROM `unito_user_info` WHERE ( id = 2 ) LIMIT 1   [ RunTime:0.0000s ]
INFO: [ app_end ] --START--
INFO: Run Behavior\ShowPageTraceBehavior [ RunTime:0.000000s ]
INFO: [ app_end ] --END-- [ RunTime:0.000000s ]

[ 2016-10-31T16:53:54+08:00 ] ::1 /Dsupport/index.php/Home/TeacherEvaluate/get_class_info
INFO: [ app_begin ] --START--
INFO: Run Behavior\ReadHtmlCacheBehavior [ RunTime:0.000000s ]
INFO: [ app_begin ] --END-- [ RunTime:0.000000s ]
SQL: SHOW COLUMNS FROM `unito_class_info` [ RunTime:0.0030s ]
SQL: SELECT usert_id tid,userc_id cid,`status`,class_type type FROM `unito_class_info` WHERE ( id = 1 ) LIMIT 1   [ RunTime:0.0000s ]
SQL: SHOW COLUMNS FROM `unito_user_info` [ RunTime:0.0040s ]
SQL: SELECT `name` FROM `unito_user_info` WHERE ( id = 1 ) LIMIT 1   [ RunTime:0.0010s ]
SQL: SELECT `name` FROM `unito_user_info` WHERE ( id = 2 ) LIMIT 1   [ RunTime:0.0000s ]
INFO: [ app_end ] --START--
INFO: Run Behavior\ShowPageTraceBehavior [ RunTime:0.000000s ]
INFO: [ app_end ] --END-- [ RunTime:0.000000s ]

[ 2016-10-31T16:53:56+08:00 ] ::1 /Dsupport/index.php/Home/TeacherEvaluate/get_class_info
INFO: [ app_begin ] --START--
INFO: Run Behavior\ReadHtmlCacheBehavior [ RunTime:0.000000s ]
INFO: [ app_begin ] --END-- [ RunTime:0.000000s ]
SQL: SHOW COLUMNS FROM `unito_class_info` [ RunTime:0.0050s ]
SQL: SELECT usert_id tid,userc_id cid,`status`,class_type type FROM `unito_class_info` WHERE ( id = 3 ) LIMIT 1   [ RunTime:0.0010s ]
SQL: SHOW COLUMNS FROM `unito_user_info` [ RunTime:0.0040s ]
SQL: SELECT `name` FROM `unito_user_info` WHERE ( id = 1 ) LIMIT 1   [ RunTime:0.0000s ]
SQL: SELECT `name` FROM `unito_user_info` WHERE ( id = 2 ) LIMIT 1   [ RunTime:0.0000s ]
INFO: [ app_end ] --START--
INFO: Run Behavior\ShowPageTraceBehavior [ RunTime:0.000000s ]
INFO: [ app_end ] --END-- [ RunTime:0.001000s ]

[ 2016-10-31T16:54:12+08:00 ] ::1 /Dsupport/index.php/Home/TeacherEvaluate/get_class_info
INFO: [ app_begin ] --START--
INFO: Run Behavior\ReadHtmlCacheBehavior [ RunTime:0.000000s ]
INFO: [ app_begin ] --END-- [ RunTime:0.000000s ]
SQL: SHOW COLUMNS FROM `unito_class_info` [ RunTime:0.0040s ]
SQL: SELECT usert_id tid,userc_id cid,`status`,class_type type FROM `unito_class_info` WHERE ( id = 1 ) LIMIT 1   [ RunTime:0.0000s ]
SQL: SHOW COLUMNS FROM `unito_user_info` [ RunTime:0.0040s ]
SQL: SELECT `name` FROM `unito_user_info` WHERE ( id = 1 ) LIMIT 1   [ RunTime:0.0000s ]
SQL: SELECT `name` FROM `unito_user_info` WHERE ( id = 2 ) LIMIT 1   [ RunTime:0.0000s ]
INFO: [ app_end ] --START--
INFO: Run Behavior\ShowPageTraceBehavior [ RunTime:0.000000s ]
INFO: [ app_end ] --END-- [ RunTime:0.000000s ]

[ 2016-10-31T16:54:13+08:00 ] ::1 /Dsupport/index.php/Home/TeacherEvaluate/get_class_info
INFO: [ app_begin ] --START--
INFO: Run Behavior\ReadHtmlCacheBehavior [ RunTime:0.000000s ]
INFO: [ app_begin ] --END-- [ RunTime:0.000000s ]
SQL: SHOW COLUMNS FROM `unito_class_info` [ RunTime:0.0060s ]
SQL: SELECT usert_id tid,userc_id cid,`status`,class_type type FROM `unito_class_info` WHERE ( id = 3 ) LIMIT 1   [ RunTime:0.0000s ]
SQL: SHOW COLUMNS FROM `unito_user_info` [ RunTime:0.0030s ]
SQL: SELECT `name` FROM `unito_user_info` WHERE ( id = 1 ) LIMIT 1   [ RunTime:0.0000s ]
SQL: SELECT `name` FROM `unito_user_info` WHERE ( id = 2 ) LIMIT 1   [ RunTime:0.0000s ]
INFO: [ app_end ] --START--
INFO: Run Behavior\ShowPageTraceBehavior [ RunTime:0.000000s ]
INFO: [ app_end ] --END-- [ RunTime:0.000000s ]

[ 2016-10-31T16:54:15+08:00 ] ::1 /Dsupport/index.php/Home/TeacherEvaluate/get_class_info
INFO: [ app_begin ] --START--
INFO: Run Behavior\ReadHtmlCacheBehavior [ RunTime:0.000000s ]
INFO: [ app_begin ] --END-- [ RunTime:0.000000s ]
SQL: SHOW COLUMNS FROM `unito_class_info` [ RunTime:0.0030s ]
SQL: SELECT usert_id tid,userc_id cid,`status`,class_type type FROM `unito_class_info` WHERE ( id = 1 ) LIMIT 1   [ RunTime:0.0000s ]
SQL: SHOW COLUMNS FROM `unito_user_info` [ RunTime:0.0030s ]
SQL: SELECT `name` FROM `unito_user_info` WHERE ( id = 1 ) LIMIT 1   [ RunTime:0.0000s ]
SQL: SELECT `name` FROM `unito_user_info` WHERE ( id = 2 ) LIMIT 1   [ RunTime:0.0000s ]
INFO: [ app_end ] --START--
INFO: Run Behavior\ShowPageTraceBehavior [ RunTime:0.000000s ]
INFO: [ app_end ] --END-- [ RunTime:0.000000s ]

[ 2016-10-31T16:54:16+08:00 ] ::1 /Dsupport/index.php/Home/TeacherEvaluate/get_class_info
INFO: [ app_begin ] --START--
INFO: Run Behavior\ReadHtmlCacheBehavior [ RunTime:0.000000s ]
INFO: [ app_begin ] --END-- [ RunTime:0.001000s ]
SQL: SHOW COLUMNS FROM `unito_class_info` [ RunTime:0.0040s ]
ERR: SQLSTATE[42000]: Syntax error or access violation: 1064 You have an error in your SQL syntax; check the manual that corresponds to your MySQL server version for the right syntax to use near ') LIMIT 1' at line 1

[ 2016-10-31T16:54:18+08:00 ] ::1 /Dsupport/index.php/Home/TeacherEvaluate/get_class_info
INFO: [ app_begin ] --START--
INFO: Run Behavior\ReadHtmlCacheBehavior [ RunTime:0.000000s ]
INFO: [ app_begin ] --END-- [ RunTime:0.000000s ]
SQL: SHOW COLUMNS FROM `unito_class_info` [ RunTime:0.0050s ]
SQL: SELECT usert_id tid,userc_id cid,`status`,class_type type FROM `unito_class_info` WHERE ( id = 1 ) LIMIT 1   [ RunTime:0.0010s ]
SQL: SHOW COLUMNS FROM `unito_user_info` [ RunTime:0.0050s ]
SQL: SELECT `name` FROM `unito_user_info` WHERE ( id = 1 ) LIMIT 1   [ RunTime:0.0010s ]
SQL: SELECT `name` FROM `unito_user_info` WHERE ( id = 2 ) LIMIT 1   [ RunTime:0.0000s ]
INFO: [ app_end ] --START--
INFO: Run Behavior\ShowPageTraceBehavior [ RunTime:0.001000s ]
INFO: [ app_end ] --END-- [ RunTime:0.001000s ]

[ 2016-10-31T16:54:23+08:00 ] ::1 /Dsupport/index.php/Home/TeacherEvaluate/get_class_info
INFO: [ app_begin ] --START--
INFO: Run Behavior\ReadHtmlCacheBehavior [ RunTime:0.000000s ]
INFO: [ app_begin ] --END-- [ RunTime:0.000000s ]
SQL: SHOW COLUMNS FROM `unito_class_info` [ RunTime:0.0060s ]
SQL: SELECT usert_id tid,userc_id cid,`status`,class_type type FROM `unito_class_info` WHERE ( id = 3 ) LIMIT 1   [ RunTime:0.0000s ]
SQL: SHOW COLUMNS FROM `unito_user_info` [ RunTime:0.0060s ]
SQL: SELECT `name` FROM `unito_user_info` WHERE ( id = 1 ) LIMIT 1   [ RunTime:0.0010s ]
SQL: SELECT `name` FROM `unito_user_info` WHERE ( id = 2 ) LIMIT 1   [ RunTime:0.0000s ]
INFO: [ app_end ] --START--
INFO: Run Behavior\ShowPageTraceBehavior [ RunTime:0.000000s ]
INFO: [ app_end ] --END-- [ RunTime:0.000000s ]

[ 2016-10-31T16:54:24+08:00 ] ::1 /Dsupport/index.php/Home/TeacherEvaluate/get_class_info
INFO: [ app_begin ] --START--
INFO: Run Behavior\ReadHtmlCacheBehavior [ RunTime:0.000000s ]
INFO: [ app_begin ] --END-- [ RunTime:0.001001s ]
SQL: SHOW COLUMNS FROM `unito_class_info` [ RunTime:0.0070s ]
ERR: SQLSTATE[42000]: Syntax error or access violation: 1064 You have an error in your SQL syntax; check the manual that corresponds to your MySQL server version for the right syntax to use near ') LIMIT 1' at line 1

[ 2016-10-31T16:56:32+08:00 ] ::1 /Dsupport/index.php/Home/TeacherEvaluate/get_class_info
INFO: [ app_begin ] --START--
INFO: Run Behavior\ReadHtmlCacheBehavior [ RunTime:0.000000s ]
INFO: [ app_begin ] --END-- [ RunTime:0.000000s ]
SQL: SHOW COLUMNS FROM `unito_class_info` [ RunTime:0.0030s ]
SQL: SELECT usert_id tid,userc_id cid,`status`,class_type type FROM `unito_class_info` WHERE ( id = 1 ) LIMIT 1   [ RunTime:0.0000s ]
SQL: SHOW COLUMNS FROM `unito_user_info` [ RunTime:0.0050s ]
SQL: SELECT `name` FROM `unito_user_info` WHERE ( id = 1 ) LIMIT 1   [ RunTime:0.0000s ]
SQL: SELECT `name` FROM `unito_user_info` WHERE ( id = 2 ) LIMIT 1   [ RunTime:0.0000s ]
INFO: [ app_end ] --START--
INFO: Run Behavior\ShowPageTraceBehavior [ RunTime:0.000000s ]
INFO: [ app_end ] --END-- [ RunTime:0.000000s ]

[ 2016-10-31T16:57:55+08:00 ] ::1 /Dsupport/index.php/Home/TeacherEvaluate/get_class_info
INFO: [ app_begin ] --START--
INFO: Run Behavior\ReadHtmlCacheBehavior [ RunTime:0.000000s ]
INFO: [ app_begin ] --END-- [ RunTime:0.000000s ]
SQL: SHOW COLUMNS FROM `unito_class_info` [ RunTime:0.0150s ]
SQL: SELECT usert_id tid,userc_id cid,`status`,class_type type FROM `unito_class_info` WHERE ( id = 1 ) LIMIT 1   [ RunTime:0.0010s ]
SQL: SHOW COLUMNS FROM `unito_user_info` [ RunTime:0.0050s ]
SQL: SELECT `name` FROM `unito_user_info` WHERE ( id = 1 ) LIMIT 1   [ RunTime:0.0010s ]
SQL: SELECT `name` FROM `unito_user_info` WHERE ( id = 2 ) LIMIT 1   [ RunTime:0.0000s ]
INFO: [ app_end ] --START--
INFO: Run Behavior\ShowPageTraceBehavior [ RunTime:0.000000s ]
INFO: [ app_end ] --END-- [ RunTime:0.000000s ]

[ 2016-10-31T16:57:56+08:00 ] ::1 /Dsupport/index.php/Home/TeacherEvaluate/get_class_info
INFO: [ app_begin ] --START--
INFO: Run Behavior\ReadHtmlCacheBehavior [ RunTime:0.000000s ]
INFO: [ app_begin ] --END-- [ RunTime:0.000000s ]
SQL: SHOW COLUMNS FROM `unito_class_info` [ RunTime:0.0220s ]
SQL: SELECT usert_id tid,userc_id cid,`status`,class_type type FROM `unito_class_info` WHERE ( id = 3 ) LIMIT 1   [ RunTime:0.0010s ]
SQL: SHOW COLUMNS FROM `unito_user_info` [ RunTime:0.0040s ]
SQL: SELECT `name` FROM `unito_user_info` WHERE ( id = 1 ) LIMIT 1   [ RunTime:0.0000s ]
SQL: SELECT `name` FROM `unito_user_info` WHERE ( id = 2 ) LIMIT 1   [ RunTime:0.0000s ]
INFO: [ app_end ] --START--
INFO: Run Behavior\ShowPageTraceBehavior [ RunTime:0.001000s ]
INFO: [ app_end ] --END-- [ RunTime:0.001000s ]

[ 2016-10-31T16:58:09+08:00 ] ::1 /Dsupport/index.php/Home/TeacherEvaluate/get_class_info
INFO: [ app_begin ] --START--
INFO: Run Behavior\ReadHtmlCacheBehavior [ RunTime:0.000000s ]
INFO: [ app_begin ] --END-- [ RunTime:0.000000s ]
SQL: SHOW COLUMNS FROM `unito_class_info` [ RunTime:0.0040s ]
SQL: SELECT usert_id tid,userc_id cid,`status`,class_type type FROM `unito_class_info` WHERE ( id = 1 ) LIMIT 1   [ RunTime:0.0010s ]
SQL: SHOW COLUMNS FROM `unito_user_info` [ RunTime:0.0050s ]
SQL: SELECT `name` FROM `unito_user_info` WHERE ( id = 1 ) LIMIT 1   [ RunTime:0.0000s ]
SQL: SELECT `name` FROM `unito_user_info` WHERE ( id = 2 ) LIMIT 1   [ RunTime:0.0000s ]
INFO: [ app_end ] --START--
INFO: Run Behavior\ShowPageTraceBehavior [ RunTime:0.000000s ]
INFO: [ app_end ] --END-- [ RunTime:0.000000s ]

[ 2016-10-31T16:58:31+08:00 ] ::1 /Dsupport/index.php/Home/TeacherEvaluate/get_class_info
INFO: [ app_begin ] --START--
INFO: Run Behavior\ReadHtmlCacheBehavior [ RunTime:0.001000s ]
INFO: [ app_begin ] --END-- [ RunTime:0.001000s ]
SQL: SHOW COLUMNS FROM `unito_class_info` [ RunTime:0.0040s ]
SQL: SELECT usert_id tid,userc_id cid,`status`,class_type type FROM `unito_class_info` WHERE ( id = 3 ) LIMIT 1   [ RunTime:0.0000s ]
SQL: SHOW COLUMNS FROM `unito_user_info` [ RunTime:0.0030s ]
SQL: SELECT `name` FROM `unito_user_info` WHERE ( id = 1 ) LIMIT 1   [ RunTime:0.0000s ]
SQL: SELECT `name` FROM `unito_user_info` WHERE ( id = 2 ) LIMIT 1   [ RunTime:0.0000s ]
INFO: [ app_end ] --START--
INFO: Run Behavior\ShowPageTraceBehavior [ RunTime:0.000000s ]
INFO: [ app_end ] --END-- [ RunTime:0.000000s ]

[ 2016-10-31T17:11:55+08:00 ] ::1 /Dsupport/index.php/Home/TeacherEvaluate/get_class_info
INFO: [ app_begin ] --START--
INFO: Run Behavior\ReadHtmlCacheBehavior [ RunTime:0.000000s ]
INFO: [ app_begin ] --END-- [ RunTime:0.000000s ]
SQL: SHOW COLUMNS FROM `unito_class_info` [ RunTime:0.0030s ]
SQL: SELECT usert_id tid,userc_id cid,`status`,class_type type FROM `unito_class_info` WHERE ( id = 1 ) LIMIT 1   [ RunTime:0.0010s ]
SQL: SHOW COLUMNS FROM `unito_user_info` [ RunTime:0.0030s ]
SQL: SELECT `name` FROM `unito_user_info` WHERE ( id = 1 ) LIMIT 1   [ RunTime:0.0000s ]
SQL: SELECT `name` FROM `unito_user_info` WHERE ( id = 2 ) LIMIT 1   [ RunTime:0.0000s ]
INFO: [ app_end ] --START--
INFO: Run Behavior\ShowPageTraceBehavior [ RunTime:0.000000s ]
INFO: [ app_end ] --END-- [ RunTime:0.000000s ]

[ 2016-10-31T17:15:16+08:00 ] ::1 /Dsupport/index.php/Home/TeacherEvaluate/get_class_info
INFO: [ app_begin ] --START--
INFO: Run Behavior\ReadHtmlCacheBehavior [ RunTime:0.000000s ]
INFO: [ app_begin ] --END-- [ RunTime:0.000000s ]
SQL: SHOW COLUMNS FROM `unito_class_info` [ RunTime:0.0070s ]
SQL: SELECT usert_id tid,userc_id cid,`status`,class_type type FROM `unito_class_info` WHERE ( id = 1 ) LIMIT 1   [ RunTime:0.0000s ]
SQL: SHOW COLUMNS FROM `unito_user_info` [ RunTime:0.0070s ]
SQL: SELECT `name` FROM `unito_user_info` WHERE ( id = 1 ) LIMIT 1   [ RunTime:0.0000s ]
SQL: SELECT `name` FROM `unito_user_info` WHERE ( id = 2 ) LIMIT 1   [ RunTime:0.0000s ]
INFO: [ app_end ] --START--
INFO: Run Behavior\ShowPageTraceBehavior [ RunTime:0.000000s ]
INFO: [ app_end ] --END-- [ RunTime:0.000000s ]

[ 2016-10-31T17:17:11+08:00 ] ::1 /Dsupport/index.php/Home/TeacherEvaluate/get_class_info
INFO: [ app_begin ] --START--
INFO: Run Behavior\ReadHtmlCacheBehavior [ RunTime:0.000000s ]
INFO: [ app_begin ] --END-- [ RunTime:0.000000s ]
SQL: SHOW COLUMNS FROM `unito_class_info` [ RunTime:0.0060s ]
SQL: SELECT usert_id tid,userc_id cid,`status`,class_type type FROM `unito_class_info` WHERE ( id = 1 ) LIMIT 1   [ RunTime:0.0010s ]
SQL: SHOW COLUMNS FROM `unito_user_info` [ RunTime:0.0060s ]
SQL: SELECT `name` FROM `unito_user_info` WHERE ( id = 1 ) LIMIT 1   [ RunTime:0.0000s ]
SQL: SELECT `name` FROM `unito_user_info` WHERE ( id = 2 ) LIMIT 1   [ RunTime:0.0000s ]
INFO: [ app_end ] --START--
INFO: Run Behavior\ShowPageTraceBehavior [ RunTime:0.000000s ]
INFO: [ app_end ] --END-- [ RunTime:0.000000s ]

[ 2016-10-31T17:18:37+08:00 ] ::1 /Dsupport/index.php/Home/TeacherEvaluate/get_class_info
INFO: [ app_begin ] --START--
INFO: Run Behavior\ReadHtmlCacheBehavior [ RunTime:0.002000s ]
INFO: [ app_begin ] --END-- [ RunTime:0.004000s ]
SQL: SHOW COLUMNS FROM `unito_class_info` [ RunTime:0.0050s ]
SQL: SELECT usert_id tid,userc_id cid,`status`,class_type type FROM `unito_class_info` WHERE ( id = 3 ) LIMIT 1   [ RunTime:0.0010s ]
SQL: SHOW COLUMNS FROM `unito_user_info` [ RunTime:0.0040s ]
SQL: SELECT `name` FROM `unito_user_info` WHERE ( id = 1 ) LIMIT 1   [ RunTime:0.0010s ]
SQL: SELECT `name` FROM `unito_user_info` WHERE ( id = 2 ) LIMIT 1   [ RunTime:0.0000s ]
INFO: [ app_end ] --START--
INFO: Run Behavior\ShowPageTraceBehavior [ RunTime:0.002000s ]
INFO: [ app_end ] --END-- [ RunTime:0.002000s ]

[ 2016-10-31T17:22:50+08:00 ] ::1 /Dsupport/index.php/Home/TeacherEvaluate/get_class_info
INFO: [ app_begin ] --START--
INFO: Run Behavior\ReadHtmlCacheBehavior [ RunTime:0.000000s ]
INFO: [ app_begin ] --END-- [ RunTime:0.000000s ]
SQL: SHOW COLUMNS FROM `unito_class_info` [ RunTime:0.0060s ]
SQL: SELECT usert_id tid,userc_id cid,`status`,class_type type FROM `unito_class_info` WHERE ( id = 1 ) LIMIT 1   [ RunTime:0.0020s ]
SQL: SHOW COLUMNS FROM `unito_user_info` [ RunTime:0.0060s ]
SQL: SELECT `name` FROM `unito_user_info` WHERE ( id = 1 ) LIMIT 1   [ RunTime:0.0000s ]
SQL: SELECT `name` FROM `unito_user_info` WHERE ( id = 2 ) LIMIT 1   [ RunTime:0.0000s ]
INFO: [ app_end ] --START--
INFO: Run Behavior\ShowPageTraceBehavior [ RunTime:0.000000s ]
INFO: [ app_end ] --END-- [ RunTime:0.000000s ]

[ 2016-10-31T17:28:12+08:00 ] ::1 /Dsupport/index.php/Home/TeacherEvaluate/get_class_info
INFO: [ app_begin ] --START--
INFO: Run Behavior\ReadHtmlCacheBehavior [ RunTime:0.000000s ]
INFO: [ app_begin ] --END-- [ RunTime:0.000000s ]
SQL: SHOW COLUMNS FROM `unito_class_info` [ RunTime:0.0040s ]
SQL: SELECT usert_id tid,userc_id cid,`status`,class_type type FROM `unito_class_info` WHERE ( id = 3 ) LIMIT 1   [ RunTime:0.0000s ]
SQL: SHOW COLUMNS FROM `unito_user_info` [ RunTime:0.0040s ]
SQL: SELECT `name` FROM `unito_user_info` WHERE ( id = 1 ) LIMIT 1   [ RunTime:0.0000s ]
SQL: SELECT `name` FROM `unito_user_info` WHERE ( id = 2 ) LIMIT 1   [ RunTime:0.0000s ]
INFO: [ app_end ] --START--
INFO: Run Behavior\ShowPageTraceBehavior [ RunTime:0.000000s ]
INFO: [ app_end ] --END-- [ RunTime:0.000000s ]

[ 2016-10-31T17:32:41+08:00 ] ::1 /Dsupport/index.php/Home/TeacherEvaluate/get_class_info
INFO: [ app_begin ] --START--
INFO: Run Behavior\ReadHtmlCacheBehavior [ RunTime:0.000000s ]
INFO: [ app_begin ] --END-- [ RunTime:0.000000s ]
SQL: SHOW COLUMNS FROM `unito_class_info` [ RunTime:0.0050s ]
SQL: SELECT usert_id tid,userc_id cid,`status`,class_type type FROM `unito_class_info` WHERE ( id = 1 ) LIMIT 1   [ RunTime:0.0000s ]
SQL: SHOW COLUMNS FROM `unito_user_info` [ RunTime:0.0040s ]
SQL: SELECT `name` FROM `unito_user_info` WHERE ( id = 1 ) LIMIT 1   [ RunTime:0.0010s ]
SQL: SELECT `name` FROM `unito_user_info` WHERE ( id = 2 ) LIMIT 1   [ RunTime:0.0000s ]
INFO: [ app_end ] --START--
INFO: Run Behavior\ShowPageTraceBehavior [ RunTime:0.000000s ]
INFO: [ app_end ] --END-- [ RunTime:0.000000s ]

[ 2016-10-31T17:33:58+08:00 ] ::1 /Dsupport/index.php/Home/TeacherEvaluate/get_class_info
INFO: [ app_begin ] --START--
INFO: Run Behavior\ReadHtmlCacheBehavior [ RunTime:0.000000s ]
INFO: [ app_begin ] --END-- [ RunTime:0.000000s ]
SQL: SHOW COLUMNS FROM `unito_class_info` [ RunTime:0.0070s ]
SQL: SELECT usert_id tid,userc_id cid,`status`,class_type type FROM `unito_class_info` WHERE ( id = 1 ) LIMIT 1   [ RunTime:0.0000s ]
SQL: SHOW COLUMNS FROM `unito_user_info` [ RunTime:0.0040s ]
SQL: SELECT `name` FROM `unito_user_info` WHERE ( id = 1 ) LIMIT 1   [ RunTime:0.0000s ]
SQL: SELECT `name` FROM `unito_user_info` WHERE ( id = 2 ) LIMIT 1   [ RunTime:0.0010s ]
INFO: [ app_end ] --START--
INFO: Run Behavior\ShowPageTraceBehavior [ RunTime:0.000000s ]
INFO: [ app_end ] --END-- [ RunTime:0.000000s ]

[ 2016-10-31T17:34:00+08:00 ] ::1 /Dsupport/index.php/Home/TeacherEvaluate/get_class_info
INFO: [ app_begin ] --START--
INFO: Run Behavior\ReadHtmlCacheBehavior [ RunTime:0.000000s ]
INFO: [ app_begin ] --END-- [ RunTime:0.000000s ]
SQL: SHOW COLUMNS FROM `unito_class_info` [ RunTime:0.0050s ]
SQL: SELECT usert_id tid,userc_id cid,`status`,class_type type FROM `unito_class_info` WHERE ( id = 3 ) LIMIT 1   [ RunTime:0.0000s ]
SQL: SHOW COLUMNS FROM `unito_user_info` [ RunTime:0.0050s ]
SQL: SELECT `name` FROM `unito_user_info` WHERE ( id = 1 ) LIMIT 1   [ RunTime:0.0000s ]
SQL: SELECT `name` FROM `unito_user_info` WHERE ( id = 2 ) LIMIT 1   [ RunTime:0.0000s ]
INFO: [ app_end ] --START--
INFO: Run Behavior\ShowPageTraceBehavior [ RunTime:0.000000s ]
INFO: [ app_end ] --END-- [ RunTime:0.001000s ]

[ 2016-10-31T17:34:01+08:00 ] ::1 /Dsupport/index.php/Home/TeacherEvaluate/get_class_info
INFO: [ app_begin ] --START--
INFO: Run Behavior\ReadHtmlCacheBehavior [ RunTime:0.000000s ]
INFO: [ app_begin ] --END-- [ RunTime:0.000000s ]
SQL: SHOW COLUMNS FROM `unito_class_info` [ RunTime:0.0110s ]
SQL: SELECT usert_id tid,userc_id cid,`status`,class_type type FROM `unito_class_info` WHERE ( id = 1 ) LIMIT 1   [ RunTime:0.0010s ]
SQL: SHOW COLUMNS FROM `unito_user_info` [ RunTime:0.0040s ]
SQL: SELECT `name` FROM `unito_user_info` WHERE ( id = 1 ) LIMIT 1   [ RunTime:0.0010s ]
SQL: SELECT `name` FROM `unito_user_info` WHERE ( id = 2 ) LIMIT 1   [ RunTime:0.0000s ]
INFO: [ app_end ] --START--
INFO: Run Behavior\ShowPageTraceBehavior [ RunTime:0.000000s ]
INFO: [ app_end ] --END-- [ RunTime:0.000000s ]

[ 2016-10-31T17:34:02+08:00 ] ::1 /Dsupport/index.php/Home/TeacherEvaluate/get_class_info
INFO: [ app_begin ] --START--
INFO: Run Behavior\ReadHtmlCacheBehavior [ RunTime:0.000000s ]
INFO: [ app_begin ] --END-- [ RunTime:0.000000s ]
SQL: SHOW COLUMNS FROM `unito_class_info` [ RunTime:0.0040s ]
SQL: SELECT usert_id tid,userc_id cid,`status`,class_type type FROM `unito_class_info` WHERE ( id = 3 ) LIMIT 1   [ RunTime:0.0000s ]
SQL: SHOW COLUMNS FROM `unito_user_info` [ RunTime:0.0040s ]
SQL: SELECT `name` FROM `unito_user_info` WHERE ( id = 1 ) LIMIT 1   [ RunTime:0.0010s ]
SQL: SELECT `name` FROM `unito_user_info` WHERE ( id = 2 ) LIMIT 1   [ RunTime:0.0000s ]
INFO: [ app_end ] --START--
INFO: Run Behavior\ShowPageTraceBehavior [ RunTime:0.000000s ]
INFO: [ app_end ] --END-- [ RunTime:0.000000s ]

[ 2016-10-31T17:34:05+08:00 ] ::1 /Dsupport/index.php/Home/TeacherEvaluate/get_class_info
INFO: [ app_begin ] --START--
INFO: Run Behavior\ReadHtmlCacheBehavior [ RunTime:0.000000s ]
INFO: [ app_begin ] --END-- [ RunTime:0.000000s ]
SQL: SHOW COLUMNS FROM `unito_class_info` [ RunTime:0.0040s ]
ERR: SQLSTATE[42000]: Syntax error or access violation: 1064 You have an error in your SQL syntax; check the manual that corresponds to your MySQL server version for the right syntax to use near ') LIMIT 1' at line 1

[ 2016-10-31T17:34:06+08:00 ] ::1 /Dsupport/index.php/Home/TeacherEvaluate/get_class_info
INFO: [ app_begin ] --START--
INFO: Run Behavior\ReadHtmlCacheBehavior [ RunTime:0.000000s ]
INFO: [ app_begin ] --END-- [ RunTime:0.000000s ]
SQL: SHOW COLUMNS FROM `unito_class_info` [ RunTime:0.0140s ]
SQL: SELECT usert_id tid,userc_id cid,`status`,class_type type FROM `unito_class_info` WHERE ( id = 1 ) LIMIT 1   [ RunTime:0.0000s ]
SQL: SHOW COLUMNS FROM `unito_user_info` [ RunTime:0.0040s ]
SQL: SELECT `name` FROM `unito_user_info` WHERE ( id = 1 ) LIMIT 1   [ RunTime:0.0000s ]
SQL: SELECT `name` FROM `unito_user_info` WHERE ( id = 2 ) LIMIT 1   [ RunTime:0.0000s ]
INFO: [ app_end ] --START--
INFO: Run Behavior\ShowPageTraceBehavior [ RunTime:0.001000s ]
INFO: [ app_end ] --END-- [ RunTime:0.001000s ]

[ 2016-10-31T18:05:06+08:00 ] ::1 /Dsupport/index.php/Home/TeacherEvaluate/index.html
ERR: SQLSTATE[42000]: Syntax error or access violation: 1064 You have an error in your SQL syntax; check the manual that corresponds to your MySQL server version for the right syntax to use near 'unito_class_info c on t.class_id = c.id left join unito_user_info u on c.usert_i' at line 1

[ 2016-10-31T18:06:51+08:00 ] ::1 /Dsupport/index.php/Home/TeacherEvaluate/index.html
ERR: SQLSTATE[42000]: Syntax error or access violation: 1064 You have an error in your SQL syntax; check the manual that corresponds to your MySQL server version for the right syntax to use near 'unito_class_info c on t.class_id = c.id left join unito_user_info u on t.usert_i' at line 1

[ 2016-10-31T18:06:52+08:00 ] ::1 /Dsupport/index.php/Home/TeacherEvaluate/index.html
ERR: SQLSTATE[42000]: Syntax error or access violation: 1064 You have an error in your SQL syntax; check the manual that corresponds to your MySQL server version for the right syntax to use near 'unito_class_info c on t.class_id = c.id left join unito_user_info u on t.usert_i' at line 1

[ 2016-10-31T18:06:52+08:00 ] ::1 /Dsupport/index.php/Home/TeacherEvaluate/index.html
ERR: SQLSTATE[42000]: Syntax error or access violation: 1064 You have an error in your SQL syntax; check the manual that corresponds to your MySQL server version for the right syntax to use near 'unito_class_info c on t.class_id = c.id left join unito_user_info u on t.usert_i' at line 1

[ 2016-10-31T18:08:50+08:00 ] ::1 /Dsupport/index.php/Home/TeacherEvaluate/get_class_info
INFO: [ app_begin ] --START--
INFO: Run Behavior\ReadHtmlCacheBehavior [ RunTime:0.000000s ]
INFO: [ app_begin ] --END-- [ RunTime:0.000000s ]
SQL: SHOW COLUMNS FROM `unito_class_info` [ RunTime:0.0050s ]
SQL: SELECT usert_id tid,userc_id cid,`status`,class_type type FROM `unito_class_info` WHERE ( id = 3 ) LIMIT 1   [ RunTime:0.0000s ]
SQL: SHOW COLUMNS FROM `unito_user_info` [ RunTime:0.0070s ]
SQL: SELECT `name` FROM `unito_user_info` WHERE ( id = 1 ) LIMIT 1   [ RunTime:0.0000s ]
SQL: SELECT `name` FROM `unito_user_info` WHERE ( id = 2 ) LIMIT 1   [ RunTime:0.0010s ]
INFO: [ app_end ] --START--
INFO: Run Behavior\ShowPageTraceBehavior [ RunTime:0.000000s ]
INFO: [ app_end ] --END-- [ RunTime:0.000000s ]

[ 2016-10-31T18:08:59+08:00 ] ::1 /Dsupport/index.php/Home/TeacherEvaluate/get_class_info
INFO: [ app_begin ] --START--
INFO: Run Behavior\ReadHtmlCacheBehavior [ RunTime:0.000000s ]
INFO: [ app_begin ] --END-- [ RunTime:0.000000s ]
SQL: SHOW COLUMNS FROM `unito_class_info` [ RunTime:0.0050s ]
SQL: SELECT usert_id tid,userc_id cid,`status`,class_type type FROM `unito_class_info` WHERE ( id = 3 ) LIMIT 1   [ RunTime:0.0000s ]
SQL: SHOW COLUMNS FROM `unito_user_info` [ RunTime:0.0040s ]
SQL: SELECT `name` FROM `unito_user_info` WHERE ( id = 1 ) LIMIT 1   [ RunTime:0.0000s ]
SQL: SELECT `name` FROM `unito_user_info` WHERE ( id = 2 ) LIMIT 1   [ RunTime:0.0000s ]
INFO: [ app_end ] --START--
INFO: Run Behavior\ShowPageTraceBehavior [ RunTime:0.000000s ]
INFO: [ app_end ] --END-- [ RunTime:0.000000s ]

[ 2016-10-31T18:10:26+08:00 ] ::1 /Dsupport/index.php/Home/TeacherEvaluate/get_class_info
INFO: [ app_begin ] --START--
INFO: Run Behavior\ReadHtmlCacheBehavior [ RunTime:0.000000s ]
INFO: [ app_begin ] --END-- [ RunTime:0.000000s ]
SQL: SHOW COLUMNS FROM `unito_class_info` [ RunTime:0.0040s ]
SQL: SELECT usert_id tid,userc_id cid,`status`,class_type type FROM `unito_class_info` WHERE ( id = 3 ) LIMIT 1   [ RunTime:0.0010s ]
SQL: SHOW COLUMNS FROM `unito_user_info` [ RunTime:0.0040s ]
SQL: SELECT `name` FROM `unito_user_info` WHERE ( id = 1 ) LIMIT 1   [ RunTime:0.0000s ]
SQL: SELECT `name` FROM `unito_user_info` WHERE ( id = 2 ) LIMIT 1   [ RunTime:0.0000s ]
INFO: [ app_end ] --START--
INFO: Run Behavior\ShowPageTraceBehavior [ RunTime:0.000000s ]
INFO: [ app_end ] --END-- [ RunTime:0.000000s ]

[ 2016-10-31T18:10:42+08:00 ] ::1 /Dsupport/index.php/Home/TeacherEvaluate/get_class_info
INFO: [ app_begin ] --START--
INFO: Run Behavior\ReadHtmlCacheBehavior [ RunTime:0.000000s ]
INFO: [ app_begin ] --END-- [ RunTime:0.000000s ]
SQL: SHOW COLUMNS FROM `unito_class_info` [ RunTime:0.0040s ]
SQL: SELECT usert_id tid,userc_id cid,`status`,class_type type FROM `unito_class_info` WHERE ( id = 1 ) LIMIT 1   [ RunTime:0.0010s ]
SQL: SHOW COLUMNS FROM `unito_user_info` [ RunTime:0.0030s ]
SQL: SELECT `name` FROM `unito_user_info` WHERE ( id = 1 ) LIMIT 1   [ RunTime:0.0000s ]
SQL: SELECT `name` FROM `unito_user_info` WHERE ( id = 2 ) LIMIT 1   [ RunTime:0.0000s ]
INFO: [ app_end ] --START--
INFO: Run Behavior\ShowPageTraceBehavior [ RunTime:0.000000s ]
INFO: [ app_end ] --END-- [ RunTime:0.000000s ]

[ 2016-10-31T18:11:50+08:00 ] ::1 /Dsupport/index.php/Home/TeacherEvaluate/get_class_info
INFO: [ app_begin ] --START--
INFO: Run Behavior\ReadHtmlCacheBehavior [ RunTime:0.000000s ]
INFO: [ app_begin ] --END-- [ RunTime:0.000000s ]
SQL: SHOW COLUMNS FROM `unito_class_info` [ RunTime:0.0040s ]
SQL: SELECT usert_id tid,userc_id cid,`status`,class_type type FROM `unito_class_info` WHERE ( id = 3 ) LIMIT 1   [ RunTime:0.0000s ]
SQL: SHOW COLUMNS FROM `unito_user_info` [ RunTime:0.0040s ]
SQL: SELECT `name` FROM `unito_user_info` WHERE ( id = 1 ) LIMIT 1   [ RunTime:0.0000s ]
SQL: SELECT `name` FROM `unito_user_info` WHERE ( id = 2 ) LIMIT 1   [ RunTime:0.0010s ]
INFO: [ app_end ] --START--
INFO: Run Behavior\ShowPageTraceBehavior [ RunTime:0.000000s ]
INFO: [ app_end ] --END-- [ RunTime:0.000000s ]

[ 2016-10-31T18:11:54+08:00 ] ::1 /Dsupport/index.php/Home/TeacherEvaluate/get_class_info
INFO: [ app_begin ] --START--
INFO: Run Behavior\ReadHtmlCacheBehavior [ RunTime:0.000000s ]
INFO: [ app_begin ] --END-- [ RunTime:0.001000s ]
SQL: SHOW COLUMNS FROM `unito_class_info` [ RunTime:0.0050s ]
SQL: SELECT usert_id tid,userc_id cid,`status`,class_type type FROM `unito_class_info` WHERE ( id = 1 ) LIMIT 1   [ RunTime:0.0010s ]
SQL: SHOW COLUMNS FROM `unito_user_info` [ RunTime:0.0060s ]
SQL: SELECT `name` FROM `unito_user_info` WHERE ( id = 1 ) LIMIT 1   [ RunTime:0.0010s ]
SQL: SELECT `name` FROM `unito_user_info` WHERE ( id = 2 ) LIMIT 1   [ RunTime:0.0000s ]
INFO: [ app_end ] --START--
INFO: Run Behavior\ShowPageTraceBehavior [ RunTime:0.000000s ]
INFO: [ app_end ] --END-- [ RunTime:0.000000s ]

[ 2016-10-31T18:11:56+08:00 ] ::1 /Dsupport/index.php/Home/TeacherEvaluate/index.html
ERR: SQLSTATE[42000]: Syntax error or access violation: 1064 You have an error in your SQL syntax; check the manual that corresponds to your MySQL server version for the right syntax to use near 'FROM unito_teacher_evaluate t left JOIN unito_class_info c on t.class_id = c.id ' at line 1

[ 2016-10-31T18:12:07+08:00 ] ::1 /Dsupport/index.php/Home/TeacherEvaluate/get_class_info
INFO: [ app_begin ] --START--
INFO: Run Behavior\ReadHtmlCacheBehavior [ RunTime:0.000000s ]
INFO: [ app_begin ] --END-- [ RunTime:0.000000s ]
SQL: SHOW COLUMNS FROM `unito_class_info` [ RunTime:0.0050s ]
SQL: SELECT usert_id tid,userc_id cid,`status`,class_type type FROM `unito_class_info` WHERE ( id = 1 ) LIMIT 1   [ RunTime:0.0000s ]
SQL: SHOW COLUMNS FROM `unito_user_info` [ RunTime:0.0040s ]
SQL: SELECT `name` FROM `unito_user_info` WHERE ( id = 1 ) LIMIT 1   [ RunTime:0.0000s ]
SQL: SELECT `name` FROM `unito_user_info` WHERE ( id = 2 ) LIMIT 1   [ RunTime:0.0010s ]
INFO: [ app_end ] --START--
INFO: Run Behavior\ShowPageTraceBehavior [ RunTime:0.000000s ]
INFO: [ app_end ] --END-- [ RunTime:0.000000s ]

[ 2016-10-31T18:12:11+08:00 ] ::1 /Dsupport/index.php/Home/TeacherEvaluate/get_class_info
INFO: [ app_begin ] --START--
INFO: Run Behavior\ReadHtmlCacheBehavior [ RunTime:0.000000s ]
INFO: [ app_begin ] --END-- [ RunTime:0.000000s ]
SQL: SHOW COLUMNS FROM `unito_class_info` [ RunTime:0.0030s ]
SQL: SELECT usert_id tid,userc_id cid,`status`,class_type type FROM `unito_class_info` WHERE ( id = 3 ) LIMIT 1   [ RunTime:0.0000s ]
SQL: SHOW COLUMNS FROM `unito_user_info` [ RunTime:0.0040s ]
SQL: SELECT `name` FROM `unito_user_info` WHERE ( id = 1 ) LIMIT 1   [ RunTime:0.0000s ]
SQL: SELECT `name` FROM `unito_user_info` WHERE ( id = 2 ) LIMIT 1   [ RunTime:0.0010s ]
INFO: [ app_end ] --START--
INFO: Run Behavior\ShowPageTraceBehavior [ RunTime:0.000000s ]
INFO: [ app_end ] --END-- [ RunTime:0.000000s ]

[ 2016-10-31T18:13:39+08:00 ] ::1 /Dsupport/index.php/Home/TeacherEvaluate/get_class_info
INFO: [ app_begin ] --START--
INFO: Run Behavior\ReadHtmlCacheBehavior [ RunTime:0.000000s ]
INFO: [ app_begin ] --END-- [ RunTime:0.000000s ]
SQL: SHOW COLUMNS FROM `unito_class_info` [ RunTime:0.0050s ]
SQL: SELECT usert_id tid,userc_id cid,`status`,class_type type FROM `unito_class_info` WHERE ( id = 1 ) LIMIT 1   [ RunTime:0.0000s ]
SQL: SHOW COLUMNS FROM `unito_user_info` [ RunTime:0.0050s ]
SQL: SELECT `name` FROM `unito_user_info` WHERE ( id = 1 ) LIMIT 1   [ RunTime:0.0000s ]
SQL: SELECT `name` FROM `unito_user_info` WHERE ( id = 2 ) LIMIT 1   [ RunTime:0.0000s ]
INFO: [ app_end ] --START--
INFO: Run Behavior\ShowPageTraceBehavior [ RunTime:0.000000s ]
INFO: [ app_end ] --END-- [ RunTime:0.000000s ]

[ 2016-10-31T18:13:55+08:00 ] ::1 /Dsupport/index.php/Home/TeacherEvaluate/get_class_info
INFO: [ app_begin ] --START--
INFO: Run Behavior\ReadHtmlCacheBehavior [ RunTime:0.000000s ]
INFO: [ app_begin ] --END-- [ RunTime:0.001000s ]
SQL: SHOW COLUMNS FROM `unito_class_info` [ RunTime:0.0040s ]
SQL: SELECT usert_id tid,userc_id cid,`status`,class_type type FROM `unito_class_info` WHERE ( id = 3 ) LIMIT 1   [ RunTime:0.0010s ]
SQL: SHOW COLUMNS FROM `unito_user_info` [ RunTime:0.0030s ]
SQL: SELECT `name` FROM `unito_user_info` WHERE ( id = 1 ) LIMIT 1   [ RunTime:0.0010s ]
SQL: SELECT `name` FROM `unito_user_info` WHERE ( id = 2 ) LIMIT 1   [ RunTime:0.0000s ]
INFO: [ app_end ] --START--
INFO: Run Behavior\ShowPageTraceBehavior [ RunTime:0.000000s ]
INFO: [ app_end ] --END-- [ RunTime:0.000000s ]

[ 2016-10-31T18:14:42+08:00 ] ::1 /Dsupport/index.php/Home/TeacherEvaluate/get_class_info
INFO: [ app_begin ] --START--
INFO: Run Behavior\ReadHtmlCacheBehavior [ RunTime:0.000000s ]
INFO: [ app_begin ] --END-- [ RunTime:0.000000s ]
SQL: SHOW COLUMNS FROM `unito_class_info` [ RunTime:0.0070s ]
SQL: SELECT usert_id tid,userc_id cid,`status`,class_type type FROM `unito_class_info` WHERE ( id = 1 ) LIMIT 1   [ RunTime:0.0010s ]
SQL: SHOW COLUMNS FROM `unito_user_info` [ RunTime:0.0070s ]
SQL: SELECT `name` FROM `unito_user_info` WHERE ( id = 1 ) LIMIT 1   [ RunTime:0.0010s ]
SQL: SELECT `name` FROM `unito_user_info` WHERE ( id = 2 ) LIMIT 1   [ RunTime:0.0000s ]
INFO: [ app_end ] --START--
INFO: Run Behavior\ShowPageTraceBehavior [ RunTime:0.000000s ]
INFO: [ app_end ] --END-- [ RunTime:0.000000s ]

[ 2016-10-31T18:14:45+08:00 ] ::1 /Dsupport/index.php/Home/TeacherEvaluate/get_class_info
INFO: [ app_begin ] --START--
INFO: Run Behavior\ReadHtmlCacheBehavior [ RunTime:0.000000s ]
INFO: [ app_begin ] --END-- [ RunTime:0.000000s ]
SQL: SHOW COLUMNS FROM `unito_class_info` [ RunTime:0.0050s ]
SQL: SELECT usert_id tid,userc_id cid,`status`,class_type type FROM `unito_class_info` WHERE ( id = 3 ) LIMIT 1   [ RunTime:0.0010s ]
SQL: SHOW COLUMNS FROM `unito_user_info` [ RunTime:0.0060s ]
SQL: SELECT `name` FROM `unito_user_info` WHERE ( id = 1 ) LIMIT 1   [ RunTime:0.0000s ]
SQL: SELECT `name` FROM `unito_user_info` WHERE ( id = 2 ) LIMIT 1   [ RunTime:0.0010s ]
INFO: [ app_end ] --START--
INFO: Run Behavior\ShowPageTraceBehavior [ RunTime:0.000000s ]
INFO: [ app_end ] --END-- [ RunTime:0.000000s ]

[ 2016-10-31T18:15:15+08:00 ] ::1 /Dsupport/index.php/Home/TeacherEvaluate/get_class_info
INFO: [ app_begin ] --START--
INFO: Run Behavior\ReadHtmlCacheBehavior [ RunTime:0.000000s ]
INFO: [ app_begin ] --END-- [ RunTime:0.000000s ]
SQL: SHOW COLUMNS FROM `unito_class_info` [ RunTime:0.0040s ]
SQL: SELECT usert_id tid,userc_id cid,`status`,class_type type FROM `unito_class_info` WHERE ( id = 1 ) LIMIT 1   [ RunTime:0.0000s ]
SQL: SHOW COLUMNS FROM `unito_user_info` [ RunTime:0.0040s ]
SQL: SELECT `name` FROM `unito_user_info` WHERE ( id = 1 ) LIMIT 1   [ RunTime:0.0010s ]
SQL: SELECT `name` FROM `unito_user_info` WHERE ( id = 2 ) LIMIT 1   [ RunTime:0.0000s ]
INFO: [ app_end ] --START--
INFO: Run Behavior\ShowPageTraceBehavior [ RunTime:0.000000s ]
INFO: [ app_end ] --END-- [ RunTime:0.000000s ]

[ 2016-10-31T18:15:19+08:00 ] ::1 /Dsupport/index.php/Home/TeacherEvaluate/get_class_info
INFO: [ app_begin ] --START--
INFO: Run Behavior\ReadHtmlCacheBehavior [ RunTime:0.000000s ]
INFO: [ app_begin ] --END-- [ RunTime:0.000000s ]
SQL: SHOW COLUMNS FROM `unito_class_info` [ RunTime:0.0060s ]
SQL: SELECT usert_id tid,userc_id cid,`status`,class_type type FROM `unito_class_info` WHERE ( id = 3 ) LIMIT 1   [ RunTime:0.0000s ]
SQL: SHOW COLUMNS FROM `unito_user_info` [ RunTime:0.0040s ]
SQL: SELECT `name` FROM `unito_user_info` WHERE ( id = 2 ) LIMIT 1   [ RunTime:0.0000s ]
SQL: SELECT `name` FROM `unito_user_info` WHERE ( id = 1 ) LIMIT 1   [ RunTime:0.0000s ]
INFO: [ app_end ] --START--
INFO: Run Behavior\ShowPageTraceBehavior [ RunTime:0.000000s ]
INFO: [ app_end ] --END-- [ RunTime:0.000000s ]

[ 2016-10-31T18:18:01+08:00 ] ::1 /Dsupport/index.php/Home/TeacherEvaluate/get_class_info
INFO: [ app_begin ] --START--
INFO: Run Behavior\ReadHtmlCacheBehavior [ RunTime:0.000000s ]
INFO: [ app_begin ] --END-- [ RunTime:0.000000s ]
SQL: SHOW COLUMNS FROM `unito_class_info` [ RunTime:0.0040s ]
SQL: SELECT `id`,usert_id tid,userc_id cid,`status`,class_type type FROM `unito_class_info` WHERE ( id = 1 ) LIMIT 1   [ RunTime:0.0000s ]
SQL: SHOW COLUMNS FROM `unito_user_info` [ RunTime:0.0040s ]
SQL: SELECT `name` FROM `unito_user_info` WHERE ( id = 1 ) LIMIT 1   [ RunTime:0.0010s ]
SQL: SELECT `name` FROM `unito_user_info` WHERE ( id = 2 ) LIMIT 1   [ RunTime:0.0000s ]
INFO: [ app_end ] --START--
INFO: Run Behavior\ShowPageTraceBehavior [ RunTime:0.000000s ]
INFO: [ app_end ] --END-- [ RunTime:0.000000s ]

[ 2016-10-31T18:18:11+08:00 ] ::1 /Dsupport/index.php/Home/TeacherEvaluate/get_class_info
INFO: [ app_begin ] --START--
INFO: Run Behavior\ReadHtmlCacheBehavior [ RunTime:0.000000s ]
INFO: [ app_begin ] --END-- [ RunTime:0.000000s ]
SQL: SHOW COLUMNS FROM `unito_class_info` [ RunTime:0.0040s ]
SQL: SELECT `id`,usert_id tid,userc_id cid,`status`,class_type type FROM `unito_class_info` WHERE ( id = 1 ) LIMIT 1   [ RunTime:0.0000s ]
SQL: SHOW COLUMNS FROM `unito_user_info` [ RunTime:0.0040s ]
SQL: SELECT `name` FROM `unito_user_info` WHERE ( id = 1 ) LIMIT 1   [ RunTime:0.0010s ]
SQL: SELECT `name` FROM `unito_user_info` WHERE ( id = 2 ) LIMIT 1   [ RunTime:0.0010s ]
INFO: [ app_end ] --START--
INFO: Run Behavior\ShowPageTraceBehavior [ RunTime:0.000000s ]
INFO: [ app_end ] --END-- [ RunTime:0.000000s ]

[ 2016-10-31T18:18:48+08:00 ] ::1 /Dsupport/index.php/Home/TeacherEvaluate/get_class_info
INFO: [ app_begin ] --START--
INFO: Run Behavior\ReadHtmlCacheBehavior [ RunTime:0.000000s ]
INFO: [ app_begin ] --END-- [ RunTime:0.000000s ]
SQL: SHOW COLUMNS FROM `unito_class_info` [ RunTime:0.0040s ]
SQL: SELECT `id`,usert_id tid,userc_id bid,`status`,class_type type FROM `unito_class_info` WHERE ( id = 1 ) LIMIT 1   [ RunTime:0.0000s ]
SQL: SHOW COLUMNS FROM `unito_user_info` [ RunTime:0.0050s ]
SQL: SELECT `name` FROM `unito_user_info` WHERE ( id = 1 ) LIMIT 1   [ RunTime:0.0000s ]
SQL: SELECT `name` FROM `unito_user_info` WHERE ( id = 2 ) LIMIT 1   [ RunTime:0.0000s ]
INFO: [ app_end ] --START--
INFO: Run Behavior\ShowPageTraceBehavior [ RunTime:0.000000s ]
INFO: [ app_end ] --END-- [ RunTime:0.000000s ]

[ 2016-10-31T18:18:50+08:00 ] ::1 /Dsupport/index.php/Home/TeacherEvaluate/get_class_info
INFO: [ app_begin ] --START--
INFO: Run Behavior\ReadHtmlCacheBehavior [ RunTime:0.001000s ]
INFO: [ app_begin ] --END-- [ RunTime:0.001000s ]
SQL: SHOW COLUMNS FROM `unito_class_info` [ RunTime:0.0030s ]
SQL: SELECT `id`,usert_id tid,userc_id bid,`status`,class_type type FROM `unito_class_info` WHERE ( id = 3 ) LIMIT 1   [ RunTime:0.0010s ]
SQL: SHOW COLUMNS FROM `unito_user_info` [ RunTime:0.0030s ]
SQL: SELECT `name` FROM `unito_user_info` WHERE ( id = 2 ) LIMIT 1   [ RunTime:0.0000s ]
SQL: SELECT `name` FROM `unito_user_info` WHERE ( id = 1 ) LIMIT 1   [ RunTime:0.0000s ]
INFO: [ app_end ] --START--
INFO: Run Behavior\ShowPageTraceBehavior [ RunTime:0.000000s ]
INFO: [ app_end ] --END-- [ RunTime:0.000000s ]

[ 2016-10-31T18:19:59+08:00 ] ::1 /Dsupport/index.php/Home/TeacherEvaluate/index.html
ERR: SQLSTATE[42000]: Syntax error or access violation: 1064 You have an error in your SQL syntax; check the manual that corresponds to your MySQL server version for the right syntax to use near 'FROM unito_teacher_evaluate t left JOIN unito_class_info c on t.class_id = c.id ' at line 1

[ 2016-10-31T18:21:14+08:00 ] ::1 /Dsupport/index.php/Home/TeacherEvaluate/index.html
ERR: SQLSTATE[42000]: Syntax error or access violation: 1064 You have an error in your SQL syntax; check the manual that corresponds to your MySQL server version for the right syntax to use near 'FROM unito_teacher_evaluate t left JOIN unito_class_info c on t.class_id = c.id ' at line 1

[ 2016-10-31T18:21:15+08:00 ] ::1 /Dsupport/index.php/Home/TeacherEvaluate/index.html
ERR: SQLSTATE[42000]: Syntax error or access violation: 1064 You have an error in your SQL syntax; check the manual that corresponds to your MySQL server version for the right syntax to use near 'FROM unito_teacher_evaluate t left JOIN unito_class_info c on t.class_id = c.id ' at line 1

[ 2016-10-31T18:53:26+08:00 ] ::1 /Dsupport/index.php/Home/TeacherEvaluate/index.html
ERR: Think\Model:assign方法不存在！

