[ 2017-04-27T11:12:04+08:00 ] ::1 /yy/index.php/Home/Cont/ht/vid/1.html
ERR: SQLSTATE[42S02]: Base table or view not found: 1146 Table 'yy.db_cont' doesn't exist

[ 2017-04-27T11:12:28+08:00 ] ::1 /yy/index.php/Home/Cont/ht/vid/1.html
ERR: Think\Model:getlist方法不存在！

[ 2017-04-27T11:13:29+08:00 ] ::1 /yy/index.php/Home/Cont/ht/vid/1.html
ERR: Think\Model:getlist方法不存在！

[ 2017-04-27T11:13:34+08:00 ] ::1 /yy/index.php/Home/Cont/ht/vid/1.html
ERR: Think\Model:getlist方法不存在！

[ 2017-04-27T11:15:03+08:00 ] ::1 /yy/index.php/Home/Cont/ht/vid/1.html
ERR: Think\Model:getlist方法不存在！

[ 2017-04-27T11:20:32+08:00 ] ::1 /yy/index.php/Home/Cont/ht/vid/1.html
ERR: Think\Model:getlist方法不存在！

[ 2017-04-27T11:25:36+08:00 ] ::1 /yy/index.php/Home/Cont/ht/vid/1.html
ERR: Think\Model:getlist方法不存在！

[ 2017-04-27T11:29:58+08:00 ] ::1 /yy/index.php/Home/Cont/ht/vid/1.html
ERR: Think\Model:getlist方法不存在！

[ 2017-04-27T17:28:01+08:00 ] ::1 /yy/index.php/Home/Vip/details/vid/1.html
ERR: 非法操作:details

[ 2017-04-27T17:28:25+08:00 ] ::1 /yy/index.php/Home/Vip/details/vid/1.html
ERR: 非法操作:details

[ 2017-04-27T17:30:01+08:00 ] ::1 /yy/index.php/Home/WorkExperience/index.html
ERR: 无法加载控制器:WorkExperience

