[ 2017-04-24T08:36:34+08:00 ] ::1 /yy/index.php/Home/Public/main.html
ERR: SQLSTATE[42S02]: Base table or view not found: 1146 Table 'yy.db_department' doesn't exist

[ 2017-04-24T08:36:38+08:00 ] ::1 /yy/index.php/Home/Public/main.html
ERR: SQLSTATE[42S02]: Base table or view not found: 1146 Table 'yy.db_department' doesn't exist

[ 2017-04-24T11:14:46+08:00 ] ::1 /yy/index.php/Home/Product/details/pid/1.html
ERR: SQLSTATE[42S22]: Column not found: 1054 Unknown column 'pid' in 'where clause'

[ 2017-04-24T13:14:23+08:00 ] ::1 /yy/index.php/Home/Product/nickname
INFO: [ app_begin ] --START--
INFO: Run Behavior\ReadHtmlCacheBehavior [ RunTime:0.000751s ]
INFO: [ app_begin ] --END-- [ RunTime:0.001464s ]
ERR: 非法操作:nickname

[ 2017-04-24T13:27:29+08:00 ] ::1 /yy/index.php/Home/Product/nickname
INFO: [ app_begin ] --START--
INFO: Run Behavior\ReadHtmlCacheBehavior [ RunTime:0.001041s ]
INFO: [ app_begin ] --END-- [ RunTime:0.001656s ]
ERR: 非法操作:nickname

[ 2017-04-24T13:33:58+08:00 ] ::1 /yy/index.php/Home/Public/main.html
ERR: SQLSTATE[42S02]: Base table or view not found: 1146 Table 'yy.db_department' doesn't exist

[ 2017-04-24T13:36:58+08:00 ] ::1 /yy/index.php/Home/Product/nickname
INFO: [ app_begin ] --START--
INFO: Run Behavior\ReadHtmlCacheBehavior [ RunTime:0.000869s ]
INFO: [ app_begin ] --END-- [ RunTime:0.001459s ]
ERR: 非法操作:nickname

[ 2017-04-24T13:42:19+08:00 ] ::1 /yy/index.php/Home/Public/main.html
ERR: SQLSTATE[42S02]: Base table or view not found: 1146 Table 'yy.db_department' doesn't exist

[ 2017-04-24T14:23:10+08:00 ] ::1 /yy/index.php/Home/WorkExperience/index.html
ERR: 无法加载控制器:WorkExperience

[ 2017-04-24T14:24:15+08:00 ] ::1 /yy/index.php/Home/WorkExperience/index.html
ERR: 无法加载控制器:WorkExperience

[ 2017-04-24T14:34:32+08:00 ] ::1 /yy/index.php/Home/WorkExperience/index.html
ERR: 无法加载控制器:WorkExperience

[ 2017-04-24T14:34:33+08:00 ] ::1 /yy/index.php/Home/WorkExperience/index.html
ERR: 无法加载控制器:WorkExperience

[ 2017-04-24T14:34:36+08:00 ] ::1 /yy/index.php/Home/WorkExperience/index.html
ERR: 无法加载控制器:WorkExperience

[ 2017-04-24T14:38:08+08:00 ] ::1 /yy/index.php/Home/WorkExperience/index.html
ERR: 无法加载控制器:WorkExperience

[ 2017-04-24T14:38:27+08:00 ] ::1 /yy/index.php/Home/WorkExperience/index.html
ERR: 无法加载控制器:WorkExperience

[ 2017-04-24T14:38:27+08:00 ] ::1 /yy/index.php/Home/WorkExperience/index.html
ERR: 无法加载控制器:WorkExperience

[ 2017-04-24T14:38:27+08:00 ] ::1 /yy/index.php/Home/WorkExperience/index.html
ERR: 无法加载控制器:WorkExperience

[ 2017-04-24T14:38:28+08:00 ] ::1 /yy/index.php/Home/WorkExperience/index.html
ERR: 无法加载控制器:WorkExperience

[ 2017-04-24T14:40:53+08:00 ] ::1 /yy/index.php/Home/WorkExperience/index.html
ERR: 无法加载控制器:WorkExperience

[ 2017-04-24T14:40:54+08:00 ] ::1 /yy/index.php/Home/WorkExperience/index.html
ERR: 无法加载控制器:WorkExperience

[ 2017-04-24T14:48:28+08:00 ] ::1 /yy/index.php/Home/Public/main.html
ERR: SQLSTATE[42S02]: Base table or view not found: 1146 Table 'yy.db_department' doesn't exist

[ 2017-04-24T15:07:41+08:00 ] ::1 /yy/index.php/Home/WorkExperience/index.html
ERR: 无法加载控制器:WorkExperience

[ 2017-04-24T15:25:54+08:00 ] ::1 /yy/index.php/Home/WorkExperience/index.html
ERR: 无法加载控制器:WorkExperience

[ 2017-04-24T15:32:12+08:00 ] ::1 /yy/index.php/Home/WorkExperience/index.html
ERR: 无法加载控制器:WorkExperience

[ 2017-04-24T15:38:21+08:00 ] ::1 /yy/index.php/Home/Public/main.html
ERR: SQLSTATE[42S02]: Base table or view not found: 1146 Table 'yy.db_department' doesn't exist

[ 2017-04-24T15:39:30+08:00 ] ::1 /yy/index.php/Home/Public/main.html
ERR: SQLSTATE[42S02]: Base table or view not found: 1146 Table 'yy.db_department' doesn't exist

[ 2017-04-24T15:39:46+08:00 ] ::1 /yy/index.php/Home/Public/main.html
ERR: SQLSTATE[42S02]: Base table or view not found: 1146 Table 'yy.db_department' doesn't exist

[ 2017-04-24T15:43:07+08:00 ] ::1 /yy/index.php/Home/Public/main.html
ERR: SQLSTATE[42S02]: Base table or view not found: 1146 Table 'yy.db_department' doesn't exist

[ 2017-04-24T15:43:19+08:00 ] ::1 /yy/index.php/Home/Public/main.html
ERR: SQLSTATE[42S02]: Base table or view not found: 1146 Table 'yy.db_department' doesn't exist

[ 2017-04-24T15:44:21+08:00 ] ::1 /yy/index.php/Home/Public/main.html
ERR: SQLSTATE[42S02]: Base table or view not found: 1146 Table 'yy.db_department' doesn't exist

[ 2017-04-24T15:44:21+08:00 ] ::1 /yy/index.php/Home/Public/main.html
ERR: SQLSTATE[42S02]: Base table or view not found: 1146 Table 'yy.db_department' doesn't exist

[ 2017-04-24T15:44:22+08:00 ] ::1 /yy/index.php/Home/Public/main.html
ERR: SQLSTATE[42S02]: Base table or view not found: 1146 Table 'yy.db_department' doesn't exist

[ 2017-04-24T15:44:23+08:00 ] ::1 /yy/index.php/Home/Public/main.html
ERR: SQLSTATE[42S02]: Base table or view not found: 1146 Table 'yy.db_department' doesn't exist

[ 2017-04-24T16:03:31+08:00 ] ::1 /yy/index.php/Home/Vip/details/vid/1.html
ERR: 非法操作:details

[ 2017-04-24T16:05:00+08:00 ] ::1 /yy/index.php/Home/Vip/details/vid/1.html
ERR: 非法操作:details

[ 2017-04-24T16:05:13+08:00 ] ::1 /yy/index.php/Home/Vip/details/vid/1.html
ERR: 非法操作:details

[ 2017-04-24T16:05:47+08:00 ] ::1 /yy/index.php/Home/Vip/details/vid/1.html
ERR: 非法操作:details

[ 2017-04-24T16:10:45+08:00 ] ::1 /yy/index.php/Home/WorkExperience/index.html
ERR: 无法加载控制器:WorkExperience

[ 2017-04-24T16:10:47+08:00 ] ::1 /yy/index.php/Home/WorkExperience/index.html
ERR: 无法加载控制器:WorkExperience

[ 2017-04-24T16:10:49+08:00 ] ::1 /yy/index.php/Home/WorkExperience/index.html
ERR: 无法加载控制器:WorkExperience

[ 2017-04-24T16:10:50+08:00 ] ::1 /yy/index.php/Home/WorkExperience/index.html
ERR: 无法加载控制器:WorkExperience

[ 2017-04-24T16:10:50+08:00 ] ::1 /yy/index.php/Home/WorkExperience/index.html
ERR: 无法加载控制器:WorkExperience

[ 2017-04-24T16:10:51+08:00 ] ::1 /yy/index.php/Home/WorkExperience/index.html
ERR: 无法加载控制器:WorkExperience

[ 2017-04-24T16:10:51+08:00 ] ::1 /yy/index.php/Home/WorkExperience/index.html
ERR: 无法加载控制器:WorkExperience

[ 2017-04-24T16:10:52+08:00 ] ::1 /yy/index.php/Home/WorkExperience/index.html
ERR: 无法加载控制器:WorkExperience

[ 2017-04-24T16:10:52+08:00 ] ::1 /yy/index.php/Home/WorkExperience/index.html
ERR: 无法加载控制器:WorkExperience

[ 2017-04-24T16:10:53+08:00 ] ::1 /yy/index.php/Home/WorkExperience/index.html
ERR: 无法加载控制器:WorkExperience

[ 2017-04-24T16:10:53+08:00 ] ::1 /yy/index.php/Home/WorkExperience/index.html
ERR: 无法加载控制器:WorkExperience

[ 2017-04-24T16:38:56+08:00 ] ::1 /yy/index.php/Home/WorkExperience/index.html
ERR: 无法加载控制器:WorkExperience

[ 2017-04-24T16:38:57+08:00 ] ::1 /yy/index.php/Home/WorkExperience/index.html
ERR: 无法加载控制器:WorkExperience

[ 2017-04-24T17:22:41+08:00 ] ::1 /yy/index.php/Home/Vip/details/vid/1.html
ERR: 非法操作:details

