[ 2017-05-02T08:41:04+08:00 ] ::1 /yy/index.php/Home/Order/index.html
ERR: 无法加载控制器:Order

[ 2017-05-02T10:39:38+08:00 ] ::1 /yy/index.php/Home/Vip/nickname
INFO: [ app_begin ] --START--
INFO: Run Behavior\ReadHtmlCacheBehavior [ RunTime:0.000837s ]
INFO: [ app_begin ] --END-- [ RunTime:0.001457s ]
ERR: 非法操作:nickname

[ 2017-05-02T10:43:50+08:00 ] ::1 /yy/index.php/Home/Vip/nickname
INFO: [ app_begin ] --START--
INFO: Run Behavior\ReadHtmlCacheBehavior [ RunTime:0.000817s ]
INFO: [ app_begin ] --END-- [ RunTime:0.001481s ]
ERR: 非法操作:nickname

[ 2017-05-02T10:45:26+08:00 ] ::1 /yy/index.php/Home/Vip/nickname
INFO: [ app_begin ] --START--
INFO: Run Behavior\ReadHtmlCacheBehavior [ RunTime:0.000821s ]
INFO: [ app_begin ] --END-- [ RunTime:0.001418s ]
ERR: 非法操作:nickname

[ 2017-05-02T10:52:24+08:00 ] ::1 /yy/index.php/Home/Vip/nickname
INFO: [ app_begin ] --START--
INFO: Run Behavior\ReadHtmlCacheBehavior [ RunTime:0.001051s ]
INFO: [ app_begin ] --END-- [ RunTime:0.001773s ]
ERR: 非法操作:nickname

[ 2017-05-02T10:54:51+08:00 ] ::1 /yy/index.php/Home/Vip/nickname
INFO: [ app_begin ] --START--
INFO: Run Behavior\ReadHtmlCacheBehavior [ RunTime:0.000822s ]
INFO: [ app_begin ] --END-- [ RunTime:0.001490s ]
ERR: 非法操作:nickname

[ 2017-05-02T13:30:34+08:00 ] ::1 /yy/index.php/Home/Vip/nickname
INFO: [ app_begin ] --START--
INFO: Run Behavior\ReadHtmlCacheBehavior [ RunTime:0.001038s ]
INFO: [ app_begin ] --END-- [ RunTime:0.001663s ]
ERR: 非法操作:nickname

[ 2017-05-02T13:40:10+08:00 ] ::1 /yy/index.php/Home/Vip/nickname
INFO: [ app_begin ] --START--
INFO: Run Behavior\ReadHtmlCacheBehavior [ RunTime:0.001168s ]
INFO: [ app_begin ] --END-- [ RunTime:0.001823s ]
ERR: 非法操作:nickname

[ 2017-05-02T15:33:43+08:00 ] ::1 /yy/index.php/Home/Goods/details/gid/1.html
ERR: SQLSTATE[42S22]: Column not found: 1054 Unknown column 'gid' in 'where clause'

[ 2017-05-02T15:34:53+08:00 ] ::1 /yy/index.php/Home/Goods/details/gid/1.html
ERR: SQLSTATE[42S22]: Column not found: 1054 Unknown column 'gid' in 'where clause'

[ 2017-05-02T16:10:45+08:00 ] ::1 /yy/index.php/Home/Vip/details/vid/1.html
ERR: 非法操作:details

[ 2017-05-02T16:15:06+08:00 ] ::1 /yy/index.php/Home/Vip/details/vid/1.html
ERR: 非法操作:details

