[ 2017-04-28T10:33:24+08:00 ] ::1 /yy/index.php/Home/WorkExperience/index.html
ERR: 无法加载控制器:WorkExperience

[ 2017-04-28T13:44:26+08:00 ] ::1 /yy/index.php/Home/Red/index.html
ERR: Think\Model:getlist方法不存在！

[ 2017-04-28T13:44:59+08:00 ] ::1 /yy/index.php/Home/Red/index.html
ERR: Think\Model:getlist方法不存在！

[ 2017-04-28T13:45:00+08:00 ] ::1 /yy/index.php/Home/Red/index.html
ERR: Think\Model:getlist方法不存在！

[ 2017-04-28T13:45:01+08:00 ] ::1 /yy/index.php/Home/Red/index.html
ERR: Think\Model:getlist方法不存在！

[ 2017-04-28T13:45:04+08:00 ] ::1 /yy/index.php/Home/Red/index.html
ERR: Think\Model:getlist方法不存在！

[ 2017-04-28T13:51:53+08:00 ] ::1 /yy/index.php/Home/Red/index.html
ERR: Think\Model:getlist方法不存在！

[ 2017-04-28T13:51:54+08:00 ] ::1 /yy/index.php/Home/Red/index.html
ERR: Think\Model:getlist方法不存在！

[ 2017-04-28T13:51:54+08:00 ] ::1 /yy/index.php/Home/Red/index.html
ERR: Think\Model:getlist方法不存在！

[ 2017-04-28T13:51:54+08:00 ] ::1 /yy/index.php/Home/Red/index.html
ERR: Think\Model:getlist方法不存在！

[ 2017-04-28T13:51:54+08:00 ] ::1 /yy/index.php/Home/Red/index.html
ERR: Think\Model:getlist方法不存在！

[ 2017-04-28T13:51:54+08:00 ] ::1 /yy/index.php/Home/Red/index.html
ERR: Think\Model:getlist方法不存在！

[ 2017-04-28T13:52:13+08:00 ] ::1 /yy/index.php/Home/Red/index.html
ERR: Think\Model:getlist方法不存在！

[ 2017-04-28T13:52:14+08:00 ] ::1 /yy/index.php/Home/Red/index.html
ERR: Think\Model:getlist方法不存在！

[ 2017-04-28T13:52:14+08:00 ] ::1 /yy/index.php/Home/Red/index.html
ERR: Think\Model:getlist方法不存在！

[ 2017-04-28T13:53:01+08:00 ] ::1 /yy/index.php/Home/Red/index.html
ERR: Think\Model:getlist方法不存在！

[ 2017-04-28T13:53:01+08:00 ] ::1 /yy/index.php/Home/Red/index.html
ERR: Think\Model:getlist方法不存在！

[ 2017-04-28T13:53:02+08:00 ] ::1 /yy/index.php/Home/Red/index.html
ERR: Think\Model:getlist方法不存在！

[ 2017-04-28T13:53:02+08:00 ] ::1 /yy/index.php/Home/Red/index.html
ERR: Think\Model:getlist方法不存在！

[ 2017-04-28T13:53:02+08:00 ] ::1 /yy/index.php/Home/Red/index.html
ERR: Think\Model:getlist方法不存在！

[ 2017-04-28T13:53:05+08:00 ] ::1 /yy/index.php/Home/Red/index.html
ERR: Think\Model:getlist方法不存在！

[ 2017-04-28T13:55:49+08:00 ] ::1 /yy/index.php/Home/Red/index.html
ERR: Think\Model:getli方法不存在！

[ 2017-04-28T13:55:57+08:00 ] ::1 /yy/index.php/Home/Red/index.html
ERR: Think\Model:getlist方法不存在！

[ 2017-04-28T13:55:58+08:00 ] ::1 /yy/index.php/Home/Red/index.html
ERR: Think\Model:getlist方法不存在！

[ 2017-04-28T13:55:58+08:00 ] ::1 /yy/index.php/Home/Red/index.html
ERR: Think\Model:getlist方法不存在！

[ 2017-04-28T13:55:58+08:00 ] ::1 /yy/index.php/Home/Red/index.html
ERR: Think\Model:getlist方法不存在！

[ 2017-04-28T13:55:58+08:00 ] ::1 /yy/index.php/Home/Red/index.html
ERR: Think\Model:getlist方法不存在！

[ 2017-04-28T13:55:58+08:00 ] ::1 /yy/index.php/Home/Red/index.html
ERR: Think\Model:getlist方法不存在！

[ 2017-04-28T13:55:59+08:00 ] ::1 /yy/index.php/Home/Red/index.html
ERR: Think\Model:getlist方法不存在！

[ 2017-04-28T14:02:46+08:00 ] ::1 /yy/index.php/Home/Red/index.html
ERR: Think\Model:getlist方法不存在！

[ 2017-04-28T14:02:48+08:00 ] ::1 /yy/index.php/Home/Red/index.html
ERR: Think\Model:getlist方法不存在！

[ 2017-04-28T14:02:48+08:00 ] ::1 /yy/index.php/Home/Red/index.html
ERR: Think\Model:getlist方法不存在！

[ 2017-04-28T14:02:48+08:00 ] ::1 /yy/index.php/Home/Red/index.html
ERR: Think\Model:getlist方法不存在！

[ 2017-04-28T14:02:48+08:00 ] ::1 /yy/index.php/Home/Red/index.html
ERR: Think\Model:getlist方法不存在！

[ 2017-04-28T14:02:49+08:00 ] ::1 /yy/index.php/Home/Red/index.html
ERR: Think\Model:getlist方法不存在！

[ 2017-04-28T14:02:49+08:00 ] ::1 /yy/index.php/Home/Red/index.html
ERR: Think\Model:getlist方法不存在！

[ 2017-04-28T14:02:52+08:00 ] ::1 /yy/index.php/Home/Red/index.html
ERR: Think\Model:getlist方法不存在！

[ 2017-04-28T14:02:53+08:00 ] ::1 /yy/index.php/Home/Red/index.html
ERR: Think\Model:getlist方法不存在！

[ 2017-04-28T14:02:53+08:00 ] ::1 /yy/index.php/Home/Red/index.html
ERR: Think\Model:getlist方法不存在！

[ 2017-04-28T14:02:53+08:00 ] ::1 /yy/index.php/Home/Red/index.html
ERR: Think\Model:getlist方法不存在！

[ 2017-04-28T14:02:53+08:00 ] ::1 /yy/index.php/Home/Red/index.html
ERR: Think\Model:getlist方法不存在！

[ 2017-04-28T14:02:53+08:00 ] ::1 /yy/index.php/Home/Red/index.html
ERR: Think\Model:getlist方法不存在！

[ 2017-04-28T14:02:53+08:00 ] ::1 /yy/index.php/Home/Red/index.html
ERR: Think\Model:getlist方法不存在！

[ 2017-04-28T14:02:54+08:00 ] ::1 /yy/index.php/Home/Red/index.html
ERR: Think\Model:getlist方法不存在！

[ 2017-04-28T14:02:54+08:00 ] ::1 /yy/index.php/Home/Red/index.html
ERR: Think\Model:getlist方法不存在！

[ 2017-04-28T14:02:54+08:00 ] ::1 /yy/index.php/Home/Red/index.html
ERR: Think\Model:getlist方法不存在！

[ 2017-04-28T14:02:55+08:00 ] ::1 /yy/index.php/Home/Red/index.html
ERR: Think\Model:getlist方法不存在！

[ 2017-04-28T14:03:25+08:00 ] ::1 /yy/index.php/Home/Red/index.html
ERR: Think\Model:getlist方法不存在！

[ 2017-04-28T14:03:26+08:00 ] ::1 /yy/index.php/Home/Red/index.html
ERR: Think\Model:getlist方法不存在！

[ 2017-04-28T14:03:27+08:00 ] ::1 /yy/index.php/Home/Red/index.html
ERR: Think\Model:getlist方法不存在！

[ 2017-04-28T14:03:27+08:00 ] ::1 /yy/index.php/Home/Red/index.html
ERR: Think\Model:getlist方法不存在！

[ 2017-04-28T14:03:27+08:00 ] ::1 /yy/index.php/Home/Red/index.html
ERR: Think\Model:getlist方法不存在！

[ 2017-04-28T14:03:27+08:00 ] ::1 /yy/index.php/Home/Red/index.html
ERR: Think\Model:getlist方法不存在！

[ 2017-04-28T14:03:27+08:00 ] ::1 /yy/index.php/Home/Red/index.html
ERR: Think\Model:getlist方法不存在！

[ 2017-04-28T14:03:27+08:00 ] ::1 /yy/index.php/Home/Red/index.html
ERR: Think\Model:getlist方法不存在！

[ 2017-04-28T14:03:44+08:00 ] ::1 /yy/index.php/Home/Red/index.html
ERR: Think\Model:getlist方法不存在！

[ 2017-04-28T14:03:44+08:00 ] ::1 /yy/index.php/Home/Red/index.html
ERR: Think\Model:getlist方法不存在！

[ 2017-04-28T14:03:45+08:00 ] ::1 /yy/index.php/Home/Red/index.html
ERR: Think\Model:getlist方法不存在！

[ 2017-04-28T14:03:49+08:00 ] ::1 /yy/index.php/Home/A/index.html
ERR: Think\Model:getl方法不存在！

[ 2017-04-28T14:29:34+08:00 ] ::1 /yy/index.php/Home/Red/index.html
ERR: Think\Model:getlist方法不存在！

[ 2017-04-28T14:34:41+08:00 ] ::1 /yy/index.php/Home/Red/index.html
ERR: Think\Model:getlist方法不存在！

[ 2017-04-28T14:34:41+08:00 ] ::1 /yy/index.php/Home/Red/index.html
ERR: Think\Model:getlist方法不存在！

[ 2017-04-28T14:34:41+08:00 ] ::1 /yy/index.php/Home/Red/index.html
ERR: Think\Model:getlist方法不存在！

[ 2017-04-28T14:40:01+08:00 ] ::1 /yy/index.php/Home/Red/index.html
ERR: Think\Model:getlist方法不存在！

[ 2017-04-28T14:55:04+08:00 ] ::1 /yy/index.php/Home/Red/index.html
ERR: 无法加载控制器:Red

[ 2017-04-28T14:55:06+08:00 ] ::1 /yy/index.php/Home/Red/index.html
ERR: 无法加载控制器:Red

[ 2017-04-28T14:55:20+08:00 ] ::1 /yy/index.php/Home/Red/index.html
ERR: 无法加载控制器:Red

[ 2017-04-28T14:55:21+08:00 ] ::1 /yy/index.php/Home/Red/index.html
ERR: 无法加载控制器:Red

[ 2017-04-28T14:55:22+08:00 ] ::1 /yy/index.php/Home/Red/index.html
ERR: 无法加载控制器:Red

[ 2017-04-28T14:55:26+08:00 ] ::1 /yy/index.php/Home/Order/index.html
ERR: 模板不存在:./Ds/Home/View/Order/index.html

