[ 2017-02-16T09:17:17+08:00 ] ::1 /OA43/index.php/Home/UserInfo/save/id/1.html
ERR: Think\Model:changelist方法不存在！

[ 2017-02-16T10:25:15+08:00 ] ::1 /OA43/index.php/Home/ClassInfo/index.html
ERR: 无法加载控制器:ClassInfo

[ 2017-02-16T10:39:28+08:00 ] ::1 /OA43/index.php/Home/UserInfo/save/id/1.html
ERR: XML标签语法错误 : name="job"id="v"

[ 2017-02-16T10:41:38+08:00 ] ::1 /OA43/index.php/Home/UserInfo/changes.html
INFO: [ app_begin ] --START--
INFO: Run Behavior\ReadHtmlCacheBehavior [ RunTime:0.001034s ]
INFO: [ app_begin ] --END-- [ RunTime:0.001840s ]
SQL: SHOW COLUMNS FROM `oa_user_info` [ RunTime:0.0041s ]
SQL: UPDATE `oa_user_info` SET `status`='1' WHERE `id` = 1 [ RunTime:0.0652s ]

[ 2017-02-16T10:44:23+08:00 ] ::1 /OA43/index.php/Home/UserInfo/changes.html
INFO: [ app_begin ] --START--
INFO: Run Behavior\ReadHtmlCacheBehavior [ RunTime:0.001463s ]
INFO: [ app_begin ] --END-- [ RunTime:0.002500s ]
SQL: SHOW COLUMNS FROM `oa_user_info` [ RunTime:0.0051s ]
SQL: UPDATE `oa_user_info` SET `status`='2' WHERE `id` = 1 [ RunTime:0.0811s ]

[ 2017-02-16T11:23:50+08:00 ] ::1 /OA43/index.php/Home/UserInfo/changes.html
INFO: [ app_begin ] --START--
INFO: Run Behavior\ReadHtmlCacheBehavior [ RunTime:0.001188s ]
INFO: [ app_begin ] --END-- [ RunTime:0.002025s ]
SQL: SHOW COLUMNS FROM `oa_user_info` [ RunTime:0.0046s ]
SQL: UPDATE `oa_user_info` SET `status`='1' WHERE `id` = 1 [ RunTime:0.0628s ]

[ 2017-02-16T13:47:39+08:00 ] ::1 /OA43/index.php/Home/ClassInfo/index.html
ERR: 无法加载控制器:ClassInfo

[ 2017-02-16T13:50:59+08:00 ] ::1 /OA43/index.php/Home/ClassInfo/index.html
ERR: 无法加载控制器:ClassInfo

[ 2017-02-16T13:51:00+08:00 ] ::1 /OA43/index.php/Home/ClassInfo/index.html
ERR: 无法加载控制器:ClassInfo

[ 2017-02-16T13:52:19+08:00 ] ::1 /OA43/index.php/Home/ClassInfo/index.html
ERR: 无法加载控制器:ClassInfo

[ 2017-02-16T13:52:20+08:00 ] ::1 /OA43/index.php/Home/ClassInfo/index.html
ERR: 无法加载控制器:ClassInfo

[ 2017-02-16T13:52:20+08:00 ] ::1 /OA43/index.php/Home/ClassInfo/index.html
ERR: 无法加载控制器:ClassInfo

[ 2017-02-16T13:52:25+08:00 ] ::1 /OA43/index.php/Home/ClassInfo/index.html
ERR: 无法加载控制器:ClassInfo

[ 2017-02-16T13:53:40+08:00 ] ::1 /OA43/index.php/Home/ClassInfo/index.html
ERR: 无法加载控制器:ClassInfo

[ 2017-02-16T13:53:41+08:00 ] ::1 /OA43/index.php/Home/ClassInfo/index.html
ERR: 无法加载控制器:ClassInfo

[ 2017-02-16T13:55:13+08:00 ] ::1 /OA43/index.php/Home/ClassInfo/index.html
ERR: 无法加载控制器:ClassInfo

[ 2017-02-16T13:55:39+08:00 ] ::1 /OA43/index.php/Home/ClassInfo/index.html
ERR: Think\Model:getlist方法不存在！

[ 2017-02-16T14:12:48+08:00 ] ::1 /OA43/index.php/Home/ClassInfo/index.html
ERR: XML标签语法错误 : name="<{$v['class_code']}

[ 2017-02-16T14:20:44+08:00 ] ::1 /OA43/index.php/Home/StudentInfo/index_yx.html
ERR: 无法加载控制器:StudentInfo

[ 2017-02-16T14:21:07+08:00 ] ::1 /OA43/index.php/Home/StudentInfo/index_yx.html
ERR: 无法加载控制器:StudentInfo

[ 2017-02-16T14:38:38+08:00 ] ::1 /OA43/index.php/Home/StudentTrain/index.html
ERR: 无法加载控制器:StudentTrain

[ 2017-02-16T14:38:39+08:00 ] ::1 /OA43/index.php/Home/StudentInfo/index.html
ERR: 无法加载控制器:StudentInfo

[ 2017-02-16T14:38:39+08:00 ] ::1 /OA43/index.php/Home/StudentInfo/index_yx.html
ERR: 无法加载控制器:StudentInfo

[ 2017-02-16T14:38:40+08:00 ] ::1 /OA43/index.php/Home/StudentInfo/index_yx.html
ERR: 无法加载控制器:StudentInfo

[ 2017-02-16T14:38:41+08:00 ] ::1 /OA43/index.php/Home/TeacherEvaluate/index.html
ERR: 无法加载控制器:TeacherEvaluate

[ 2017-02-16T14:42:08+08:00 ] ::1 /OA43/index.php/Home/ClassInfo/index.html
ERR: SQLSTATE[42S22]: Column not found: 1054 Unknown column 'b.usert_id' in 'field list'

[ 2017-02-16T15:50:03+08:00 ] ::1 /OA43/index.php/Home/StudentInfo/index_yx.html
ERR: 无法加载控制器:StudentInfo

[ 2017-02-16T15:50:16+08:00 ] ::1 /OA43/index.php/Home/StudentInfo/index_yx.html
ERR: 无法加载控制器:StudentInfo

[ 2017-02-16T15:50:32+08:00 ] ::1 /OA43/index.php/Home/StudentInfo/index.html
ERR: 无法加载控制器:StudentInfo

[ 2017-02-16T15:50:34+08:00 ] ::1 /OA43/index.php/Home/StudentInfo/index_yx.html
ERR: 无法加载控制器:StudentInfo

[ 2017-02-16T15:50:34+08:00 ] ::1 /OA43/index.php/Home/StudentInfo/index.html
ERR: 无法加载控制器:StudentInfo

[ 2017-02-16T15:50:36+08:00 ] ::1 /OA43/index.php/Home/StudentInfo/index_yx.html
ERR: 无法加载控制器:StudentInfo

[ 2017-02-16T16:09:54+08:00 ] ::1 /OA43/index.php/Home/ClassInfo/del.html
INFO: [ app_begin ] --START--
INFO: Run Behavior\ReadHtmlCacheBehavior [ RunTime:0.001378s ]
INFO: [ app_begin ] --END-- [ RunTime:0.002143s ]
SQL: SHOW COLUMNS FROM `oa_class_info` [ RunTime:0.0047s ]
SQL: DELETE FROM `oa_class_info` WHERE `id` = 0 [ RunTime:0.0006s ]

[ 2017-02-16T16:23:07+08:00 ] ::1 /OA43/index.php/Home/ClassInfo/del.html
INFO: [ app_begin ] --START--
INFO: Run Behavior\ReadHtmlCacheBehavior [ RunTime:0.001318s ]
INFO: [ app_begin ] --END-- [ RunTime:0.001992s ]
SQL: SHOW COLUMNS FROM `oa_class_info` [ RunTime:0.0046s ]
SQL: DELETE FROM `oa_class_info` WHERE `id` = 0 [ RunTime:0.0004s ]

[ 2017-02-16T16:29:05+08:00 ] ::1 /OA43/index.php/Home/ClassInfo/del.html
INFO: [ app_begin ] --START--
INFO: Run Behavior\ReadHtmlCacheBehavior [ RunTime:0.001348s ]
INFO: [ app_begin ] --END-- [ RunTime:0.002100s ]
SQL: SHOW COLUMNS FROM `oa_class_info` [ RunTime:0.0045s ]
INFO: [ app_end ] --START--
INFO: Run Behavior\ShowPageTraceBehavior [ RunTime:0.001464s ]
INFO: [ app_end ] --END-- [ RunTime:0.001701s ]

[ 2017-02-16T16:30:26+08:00 ] ::1 /OA43/index.php/Home/ClassInfo/del.html
INFO: [ app_begin ] --START--
INFO: Run Behavior\ReadHtmlCacheBehavior [ RunTime:0.001530s ]
INFO: [ app_begin ] --END-- [ RunTime:0.002556s ]
SQL: SHOW COLUMNS FROM `oa_class_info` [ RunTime:0.0052s ]
SQL: DELETE FROM `oa_class_info` WHERE `id` = '' [ RunTime:0.0005s ]
INFO: [ app_end ] --START--
INFO: Run Behavior\ShowPageTraceBehavior [ RunTime:0.001066s ]
INFO: [ app_end ] --END-- [ RunTime:0.001238s ]

[ 2017-02-16T16:30:59+08:00 ] ::1 /OA43/index.php/Home/ClassInfo/del.html
INFO: [ app_begin ] --START--
INFO: Run Behavior\ReadHtmlCacheBehavior [ RunTime:0.001201s ]
INFO: [ app_begin ] --END-- [ RunTime:0.002070s ]
SQL: SHOW COLUMNS FROM `oa_class_info` [ RunTime:0.0043s ]
SQL: DELETE FROM `oa_class_info` WHERE `id` = '13' [ RunTime:0.0554s ]
INFO: [ app_end ] --START--
INFO: Run Behavior\ShowPageTraceBehavior [ RunTime:0.001112s ]
INFO: [ app_end ] --END-- [ RunTime:0.001305s ]

[ 2017-02-16T16:31:42+08:00 ] ::1 /OA43/index.php/Home/ClassInfo/del.html
INFO: [ app_begin ] --START--
INFO: Run Behavior\ReadHtmlCacheBehavior [ RunTime:0.001051s ]
INFO: [ app_begin ] --END-- [ RunTime:0.001746s ]
SQL: SHOW COLUMNS FROM `oa_class_info` [ RunTime:0.0051s ]
SQL: DELETE FROM `oa_class_info` WHERE `id` = '12' [ RunTime:0.1505s ]
INFO: [ app_end ] --START--
INFO: Run Behavior\ShowPageTraceBehavior [ RunTime:0.001617s ]
INFO: [ app_end ] --END-- [ RunTime:0.001829s ]

[ 2017-02-16T16:53:22+08:00 ] ::1 /OA43/index.php/Home/UserInfo/changes.html
INFO: [ app_begin ] --START--
INFO: Run Behavior\ReadHtmlCacheBehavior [ RunTime:0.001207s ]
INFO: [ app_begin ] --END-- [ RunTime:0.001933s ]
SQL: SHOW COLUMNS FROM `oa_user_info` [ RunTime:0.0047s ]
SQL: UPDATE `oa_user_info` SET `status`='2' WHERE `id` = 1 [ RunTime:0.0797s ]

[ 2017-02-16T16:53:24+08:00 ] ::1 /OA43/index.php/Home/UserInfo/changes.html
INFO: [ app_begin ] --START--
INFO: Run Behavior\ReadHtmlCacheBehavior [ RunTime:0.001250s ]
INFO: [ app_begin ] --END-- [ RunTime:0.001957s ]
SQL: SHOW COLUMNS FROM `oa_user_info` [ RunTime:0.0051s ]
SQL: UPDATE `oa_user_info` SET `status`='1' WHERE `id` = 1 [ RunTime:0.0533s ]

[ 2017-02-16T16:55:44+08:00 ] ::1 /OA43/index.php/Home/StudentInfo/index.html
ERR: 无法加载控制器:StudentInfo

