[ 2017-02-18T09:43:23+08:00 ] ::1 /OA43/index.php/Home/ClassInfo/promotio/id/1.html
ERR: 非法操作:promotio

[ 2017-02-18T09:48:18+08:00 ] ::1 /OA43/index.php/Home/ClassInfo/promotio/id/1.html
ERR: 非法操作:promotio

[ 2017-02-18T09:49:09+08:00 ] ::1 /OA43/index.php/Home/ClassInfo/promotio/id/1.html
ERR: 非法操作:promotio

[ 2017-02-18T09:49:42+08:00 ] ::1 /OA43/index.php/Home/ClassInfo/promotio/id/1.html
ERR: 非法操作:promotio

[ 2017-02-18T10:04:22+08:00 ] ::1 /OA43/index.php/Home/ClassInfo/promotion/id/1.html
ERR: Think\Model:getlistzs方法不存在！

[ 2017-02-18T10:45:11+08:00 ] ::1 /OA43/index.php/Home/ClassInfo/promotion.htmln
ERR: 非法操作:promotion.htmln

[ 2017-02-18T10:48:08+08:00 ] ::1 /OA43/index.php/Home/ClassInfo/promotion.htmln
ERR: 非法操作:promotion.htmln

[ 2017-02-18T11:06:48+08:00 ] ::1 /OA43/index.php/Home/ClassInfo/promotion.htmln
ERR: 非法操作:promotion.htmln

[ 2017-02-18T11:09:54+08:00 ] ::1 /OA43/index.php/Home/StudentInfo/index_yx.html
ERR: 无法加载控制器:StudentInfo

[ 2017-02-18T11:15:24+08:00 ] ::1 /OA43/index.php/Home/ClassInfo/promotion.htmln
ERR: 非法操作:promotion.htmln

[ 2017-02-18T11:18:57+08:00 ] ::1 /OA43/index.php/Home/ClassInfo/promotion.htmln
ERR: 非法操作:promotion.htmln

[ 2017-02-18T11:19:42+08:00 ] ::1 /OA43/index.php/Home/ClassInfo/promotion.htmln
ERR: 非法操作:promotion.htmln

[ 2017-02-18T11:32:18+08:00 ] ::1 /OA43/index.php/Home/StudentInfo/index_yx.html
ERR: 无法加载控制器:StudentInfo

[ 2017-02-18T12:08:27+08:00 ] ::1 /OA43/index.php/Home/ClassInfo/promotion.htmln
ERR: 非法操作:promotion.htmln

[ 2017-02-18T12:14:55+08:00 ] ::1 /OA43/index.php/Home/ClassInfo/promotion.htmln
ERR: 非法操作:promotion.htmln

[ 2017-02-18T12:15:50+08:00 ] ::1 /OA43/index.php/Home/ClassInfo/promotion.htmln
ERR: 非法操作:promotion.htmln

