[ 2017-05-03T08:49:52+08:00 ] ::1 /yy/index.php/Home/WorkExperience/zz
INFO: [ app_begin ] --START--
INFO: Run Behavior\ReadHtmlCacheBehavior [ RunTime:0.001186s ]
INFO: [ app_begin ] --END-- [ RunTime:0.001777s ]
SQL: SHOW COLUMNS FROM `db_order` [ RunTime:0.0303s ]
SQL: SHOW COLUMNS FROM `db_product` [ RunTime:0.0059s ]
SQL: SHOW COLUMNS FROM `db_goods` [ RunTime:0.0060s ]
NOTIC: [8] Undefined variable: set D:\wamp\www\yy\ThinkPHP\Library\Think\Db\Driver.class.php 第 376 行.
NOTIC: [2] implode(): Invalid arguments passed D:\wamp\www\yy\ThinkPHP\Library\Think\Db\Driver.class.php 第 376 行.
ERR: SQLSTATE[42000]: Syntax error or access violation: 1064 You have an error in your SQL syntax; check the manual that corresponds to your MySQL server version for the right syntax to use near 'WHERE `order_id` = 1' at line 1

[ 2017-05-03T08:49:55+08:00 ] ::1 /yy/index.php/Home/WorkExperience/zz
INFO: [ app_begin ] --START--
INFO: Run Behavior\ReadHtmlCacheBehavior [ RunTime:0.001591s ]
INFO: [ app_begin ] --END-- [ RunTime:0.002305s ]
SQL: SHOW COLUMNS FROM `db_order` [ RunTime:0.0046s ]
SQL: SHOW COLUMNS FROM `db_product` [ RunTime:0.0043s ]
SQL: SHOW COLUMNS FROM `db_goods` [ RunTime:0.0046s ]
NOTIC: [8] Undefined variable: set D:\wamp\www\yy\ThinkPHP\Library\Think\Db\Driver.class.php 第 376 行.
NOTIC: [2] implode(): Invalid arguments passed D:\wamp\www\yy\ThinkPHP\Library\Think\Db\Driver.class.php 第 376 行.
ERR: SQLSTATE[42000]: Syntax error or access violation: 1064 You have an error in your SQL syntax; check the manual that corresponds to your MySQL server version for the right syntax to use near 'WHERE `order_id` = 2' at line 1

[ 2017-05-03T08:49:58+08:00 ] ::1 /yy/index.php/Home/WorkExperience/zz
INFO: [ app_begin ] --START--
INFO: Run Behavior\ReadHtmlCacheBehavior [ RunTime:0.001024s ]
INFO: [ app_begin ] --END-- [ RunTime:0.001656s ]
SQL: SHOW COLUMNS FROM `db_order` [ RunTime:0.0043s ]
SQL: SHOW COLUMNS FROM `db_product` [ RunTime:0.0056s ]
SQL: SHOW COLUMNS FROM `db_goods` [ RunTime:0.0042s ]
NOTIC: [8] Undefined variable: set D:\wamp\www\yy\ThinkPHP\Library\Think\Db\Driver.class.php 第 376 行.
NOTIC: [2] implode(): Invalid arguments passed D:\wamp\www\yy\ThinkPHP\Library\Think\Db\Driver.class.php 第 376 行.
ERR: SQLSTATE[42000]: Syntax error or access violation: 1064 You have an error in your SQL syntax; check the manual that corresponds to your MySQL server version for the right syntax to use near 'WHERE `order_id` = 1' at line 1

[ 2017-05-03T09:25:13+08:00 ] ::1 /yy/index.php/Home/Goods/nickname
INFO: [ app_begin ] --START--
INFO: Run Behavior\ReadHtmlCacheBehavior [ RunTime:0.000980s ]
INFO: [ app_begin ] --END-- [ RunTime:0.001632s ]
ERR: 非法操作:nickname

[ 2017-05-03T10:12:46+08:00 ] ::1 /yy/index.php/Home/WorkExperience/zz
INFO: [ app_begin ] --START--
INFO: Run Behavior\ReadHtmlCacheBehavior [ RunTime:0.001378s ]
INFO: [ app_begin ] --END-- [ RunTime:0.002017s ]
SQL: SHOW COLUMNS FROM `db_order` [ RunTime:0.0048s ]
SQL: SHOW COLUMNS FROM `db_product` [ RunTime:0.0040s ]
SQL: SHOW COLUMNS FROM `db_goods` [ RunTime:0.0041s ]
SQL: UPDATE `db_order` SET `remark`='此产品备注1' WHERE `order_id` = 4 [ RunTime:0.0495s ]
INFO: [ app_end ] --START--
INFO: Run Behavior\ShowPageTraceBehavior [ RunTime:0.001055s ]
INFO: [ app_end ] --END-- [ RunTime:0.001175s ]

[ 2017-05-03T10:30:54+08:00 ] ::1 /yy/index.php/Home/Product/nickname
INFO: [ app_begin ] --START--
INFO: Run Behavior\ReadHtmlCacheBehavior [ RunTime:0.001028s ]
INFO: [ app_begin ] --END-- [ RunTime:0.001626s ]
ERR: 非法操作:nickname

[ 2017-05-03T10:32:26+08:00 ] ::1 /yy/index.php/Home/Product/nickname
INFO: [ app_begin ] --START--
INFO: Run Behavior\ReadHtmlCacheBehavior [ RunTime:0.000970s ]
INFO: [ app_begin ] --END-- [ RunTime:0.001639s ]
ERR: 非法操作:nickname

[ 2017-05-03T10:34:30+08:00 ] ::1 /yy/index.php/Home/Product/nickname
INFO: [ app_begin ] --START--
INFO: Run Behavior\ReadHtmlCacheBehavior [ RunTime:0.000971s ]
INFO: [ app_begin ] --END-- [ RunTime:0.001599s ]
ERR: 非法操作:nickname

[ 2017-05-03T10:37:17+08:00 ] ::1 /yy/index.php/Home/Product/nickname
INFO: [ app_begin ] --START--
INFO: Run Behavior\ReadHtmlCacheBehavior [ RunTime:0.001026s ]
INFO: [ app_begin ] --END-- [ RunTime:0.001700s ]
ERR: 非法操作:nickname

[ 2017-05-03T10:38:55+08:00 ] ::1 /yy/index.php/Home/Product/nickname
INFO: [ app_begin ] --START--
INFO: Run Behavior\ReadHtmlCacheBehavior [ RunTime:0.001082s ]
INFO: [ app_begin ] --END-- [ RunTime:0.001716s ]
ERR: 非法操作:nickname

[ 2017-05-03T10:40:48+08:00 ] ::1 /yy/index.php/Home/Product/nickname
INFO: [ app_begin ] --START--
INFO: Run Behavior\ReadHtmlCacheBehavior [ RunTime:0.000886s ]
INFO: [ app_begin ] --END-- [ RunTime:0.001579s ]
ERR: 非法操作:nickname

[ 2017-05-03T10:48:55+08:00 ] ::1 /yy/index.php/Home/Product/nickname
INFO: [ app_begin ] --START--
INFO: Run Behavior\ReadHtmlCacheBehavior [ RunTime:0.000936s ]
INFO: [ app_begin ] --END-- [ RunTime:0.001586s ]
ERR: 非法操作:nickname

[ 2017-05-03T10:49:17+08:00 ] ::1 /yy/index.php/Home/Product/nickname
INFO: [ app_begin ] --START--
INFO: Run Behavior\ReadHtmlCacheBehavior [ RunTime:0.001001s ]
INFO: [ app_begin ] --END-- [ RunTime:0.001665s ]
ERR: 非法操作:nickname

[ 2017-05-03T10:49:39+08:00 ] ::1 /yy/index.php/Home/Product/nickname
INFO: [ app_begin ] --START--
INFO: Run Behavior\ReadHtmlCacheBehavior [ RunTime:0.001080s ]
INFO: [ app_begin ] --END-- [ RunTime:0.001780s ]
ERR: 非法操作:nickname

[ 2017-05-03T10:50:23+08:00 ] ::1 /yy/index.php/Home/Product/nickname
INFO: [ app_begin ] --START--
INFO: Run Behavior\ReadHtmlCacheBehavior [ RunTime:0.001132s ]
INFO: [ app_begin ] --END-- [ RunTime:0.002110s ]
ERR: 非法操作:nickname

[ 2017-05-03T10:56:58+08:00 ] ::1 /yy/index.php/Home/Product/nickname
INFO: [ app_begin ] --START--
INFO: Run Behavior\ReadHtmlCacheBehavior [ RunTime:0.001105s ]
INFO: [ app_begin ] --END-- [ RunTime:0.001743s ]
ERR: 非法操作:nickname

[ 2017-05-03T10:56:59+08:00 ] ::1 /yy/index.php/Home/Product/nickname
INFO: [ app_begin ] --START--
INFO: Run Behavior\ReadHtmlCacheBehavior [ RunTime:0.000992s ]
INFO: [ app_begin ] --END-- [ RunTime:0.001705s ]
ERR: 非法操作:nickname

[ 2017-05-03T10:57:21+08:00 ] ::1 /yy/index.php/Home/Product/nickname
INFO: [ app_begin ] --START--
INFO: Run Behavior\ReadHtmlCacheBehavior [ RunTime:0.000999s ]
INFO: [ app_begin ] --END-- [ RunTime:0.001713s ]
ERR: 非法操作:nickname

[ 2017-05-03T10:59:54+08:00 ] ::1 /yy/index.php/Home/Product/nickname
INFO: [ app_begin ] --START--
INFO: Run Behavior\ReadHtmlCacheBehavior [ RunTime:0.000989s ]
INFO: [ app_begin ] --END-- [ RunTime:0.001726s ]
ERR: 非法操作:nickname

[ 2017-05-03T11:04:08+08:00 ] ::1 /yy/index.php/Home/Vip/nickname
INFO: [ app_begin ] --START--
INFO: Run Behavior\ReadHtmlCacheBehavior [ RunTime:0.001017s ]
INFO: [ app_begin ] --END-- [ RunTime:0.001751s ]
ERR: 非法操作:nickname

[ 2017-05-03T11:22:35+08:00 ] ::1 /yy/index.php/Home/Product/nickname
INFO: [ app_begin ] --START--
INFO: Run Behavior\ReadHtmlCacheBehavior [ RunTime:0.001067s ]
INFO: [ app_begin ] --END-- [ RunTime:0.001726s ]
ERR: 非法操作:nickname

[ 2017-05-03T11:24:12+08:00 ] ::1 /yy/index.php/Home/Product/nickname
INFO: [ app_begin ] --START--
INFO: Run Behavior\ReadHtmlCacheBehavior [ RunTime:0.000857s ]
INFO: [ app_begin ] --END-- [ RunTime:0.001453s ]
ERR: 非法操作:nickname

[ 2017-05-03T11:26:58+08:00 ] ::1 /yy/index.php/Home/Product/nickname
INFO: [ app_begin ] --START--
INFO: Run Behavior\ReadHtmlCacheBehavior [ RunTime:0.000861s ]
INFO: [ app_begin ] --END-- [ RunTime:0.001433s ]
ERR: 非法操作:nickname

[ 2017-05-03T11:27:21+08:00 ] ::1 /yy/index.php/Home/Product/nickname
INFO: [ app_begin ] --START--
INFO: Run Behavior\ReadHtmlCacheBehavior [ RunTime:0.000920s ]
INFO: [ app_begin ] --END-- [ RunTime:0.001550s ]
ERR: 非法操作:nickname

[ 2017-05-03T11:28:29+08:00 ] ::1 /yy/index.php/Home/Product/nickname
INFO: [ app_begin ] --START--
INFO: Run Behavior\ReadHtmlCacheBehavior [ RunTime:0.000961s ]
INFO: [ app_begin ] --END-- [ RunTime:0.001533s ]
ERR: 非法操作:nickname

[ 2017-05-03T11:29:01+08:00 ] ::1 /yy/index.php/Home/Product/nickname
INFO: [ app_begin ] --START--
INFO: Run Behavior\ReadHtmlCacheBehavior [ RunTime:0.001076s ]
INFO: [ app_begin ] --END-- [ RunTime:0.001737s ]
ERR: 非法操作:nickname

[ 2017-05-03T11:29:44+08:00 ] ::1 /yy/index.php/Home/Product/nickname
INFO: [ app_begin ] --START--
INFO: Run Behavior\ReadHtmlCacheBehavior [ RunTime:0.001060s ]
INFO: [ app_begin ] --END-- [ RunTime:0.001743s ]
ERR: 非法操作:nickname

[ 2017-05-03T11:34:09+08:00 ] ::1 /yy/index.php/Home/Product/nickname
INFO: [ app_begin ] --START--
INFO: Run Behavior\ReadHtmlCacheBehavior [ RunTime:0.001011s ]
INFO: [ app_begin ] --END-- [ RunTime:0.001646s ]
ERR: 非法操作:nickname

[ 2017-05-03T11:34:11+08:00 ] ::1 /yy/index.php/Home/Product/nickname
INFO: [ app_begin ] --START--
INFO: Run Behavior\ReadHtmlCacheBehavior [ RunTime:0.001032s ]
INFO: [ app_begin ] --END-- [ RunTime:0.001831s ]
ERR: 非法操作:nickname

[ 2017-05-03T11:34:51+08:00 ] ::1 /yy/index.php/Home/Product/nickname
INFO: [ app_begin ] --START--
INFO: Run Behavior\ReadHtmlCacheBehavior [ RunTime:0.001019s ]
INFO: [ app_begin ] --END-- [ RunTime:0.001772s ]
ERR: 非法操作:nickname

[ 2017-05-03T11:36:19+08:00 ] ::1 /yy/index.php/Home/Product/nickname
INFO: [ app_begin ] --START--
INFO: Run Behavior\ReadHtmlCacheBehavior [ RunTime:0.001051s ]
INFO: [ app_begin ] --END-- [ RunTime:0.001839s ]
ERR: 非法操作:nickname

[ 2017-05-03T11:36:46+08:00 ] ::1 /yy/index.php/Home/Product/nickname
INFO: [ app_begin ] --START--
INFO: Run Behavior\ReadHtmlCacheBehavior [ RunTime:0.000990s ]
INFO: [ app_begin ] --END-- [ RunTime:0.001671s ]
ERR: 非法操作:nickname

[ 2017-05-03T11:39:14+08:00 ] ::1 /yy/index.php/Home/Product/nickname
INFO: [ app_begin ] --START--
INFO: Run Behavior\ReadHtmlCacheBehavior [ RunTime:0.001005s ]
INFO: [ app_begin ] --END-- [ RunTime:0.001586s ]
ERR: 非法操作:nickname

[ 2017-05-03T13:15:09+08:00 ] ::1 /yy/index.php/Home/Product/nickname
INFO: [ app_begin ] --START--
INFO: Run Behavior\ReadHtmlCacheBehavior [ RunTime:0.001025s ]
INFO: [ app_begin ] --END-- [ RunTime:0.001653s ]
ERR: 非法操作:nickname

[ 2017-05-03T13:16:35+08:00 ] ::1 /yy/index.php/Home/Product/nickname
INFO: [ app_begin ] --START--
INFO: Run Behavior\ReadHtmlCacheBehavior [ RunTime:0.000986s ]
INFO: [ app_begin ] --END-- [ RunTime:0.001641s ]
ERR: 非法操作:nickname

[ 2017-05-03T13:17:21+08:00 ] ::1 /yy/index.php/Home/Product/nickname
INFO: [ app_begin ] --START--
INFO: Run Behavior\ReadHtmlCacheBehavior [ RunTime:0.001046s ]
INFO: [ app_begin ] --END-- [ RunTime:0.001784s ]
ERR: 非法操作:nickname

[ 2017-05-03T13:25:42+08:00 ] ::1 /yy/index.php/Home/Product/nickname
INFO: [ app_begin ] --START--
INFO: Run Behavior\ReadHtmlCacheBehavior [ RunTime:0.000953s ]
INFO: [ app_begin ] --END-- [ RunTime:0.001578s ]
ERR: 非法操作:nickname

[ 2017-05-03T13:27:04+08:00 ] ::1 /yy/index.php/Home/Product/nickname
INFO: [ app_begin ] --START--
INFO: Run Behavior\ReadHtmlCacheBehavior [ RunTime:0.001392s ]
INFO: [ app_begin ] --END-- [ RunTime:0.002229s ]
ERR: 非法操作:nickname

[ 2017-05-03T13:32:08+08:00 ] ::1 /yy/index.php/Home/Product/nickname
INFO: [ app_begin ] --START--
INFO: Run Behavior\ReadHtmlCacheBehavior [ RunTime:0.001021s ]
INFO: [ app_begin ] --END-- [ RunTime:0.001595s ]
ERR: 非法操作:nickname

[ 2017-05-03T13:52:34+08:00 ] ::1 /yy/index.php/Home/Product/nickname
INFO: [ app_begin ] --START--
INFO: Run Behavior\ReadHtmlCacheBehavior [ RunTime:0.001101s ]
INFO: [ app_begin ] --END-- [ RunTime:0.001772s ]
ERR: 非法操作:nickname

[ 2017-05-03T14:01:03+08:00 ] ::1 /yy/index.php/Home/Product/nickname
INFO: [ app_begin ] --START--
INFO: Run Behavior\ReadHtmlCacheBehavior [ RunTime:0.000955s ]
INFO: [ app_begin ] --END-- [ RunTime:0.001580s ]
ERR: 非法操作:nickname

[ 2017-05-03T14:03:51+08:00 ] ::1 /yy/index.php/Home/Product/nickname
INFO: [ app_begin ] --START--
INFO: Run Behavior\ReadHtmlCacheBehavior [ RunTime:0.001009s ]
INFO: [ app_begin ] --END-- [ RunTime:0.002107s ]
ERR: 非法操作:nickname

[ 2017-05-03T14:06:21+08:00 ] ::1 /yy/index.php/Home/Product/nickname
INFO: [ app_begin ] --START--
INFO: Run Behavior\ReadHtmlCacheBehavior [ RunTime:0.000931s ]
INFO: [ app_begin ] --END-- [ RunTime:0.001489s ]
ERR: 非法操作:nickname

[ 2017-05-03T14:09:10+08:00 ] ::1 /yy/index.php/Home/UserInfo/add
ERR: 非法操作:add

[ 2017-05-03T14:09:20+08:00 ] ::1 /yy/index.php/Home/UserInfo/add
ERR: 非法操作:add

[ 2017-05-03T14:32:46+08:00 ] ::1 /yy/index.php/Home/Product/nickname
INFO: [ app_begin ] --START--
INFO: Run Behavior\ReadHtmlCacheBehavior [ RunTime:0.001047s ]
INFO: [ app_begin ] --END-- [ RunTime:0.001762s ]
ERR: 非法操作:nickname

[ 2017-05-03T16:37:11+08:00 ] ::1 /yy/index.php/Home/UserInfo/nickname
INFO: [ app_begin ] --START--
INFO: Run Behavior\ReadHtmlCacheBehavior [ RunTime:0.001161s ]
INFO: [ app_begin ] --END-- [ RunTime:0.001846s ]
ERR: 非法操作:nickname

