[ 2017-04-21T12:50:50+08:00 ] ::1 /yy/index.php/Home/Public/main.html
ERR: SQLSTATE[42S02]: Base table or view not found: 1146 Table 'yy.db_department' doesn't exist

[ 2017-04-21T12:54:19+08:00 ] ::1 /yy/index.php/Home/Public/main.html
ERR: SQLSTATE[42S02]: Base table or view not found: 1146 Table 'yy.db_department' doesn't exist

[ 2017-04-21T12:54:37+08:00 ] ::1 /yy/index.php/Home/Public/main.html
ERR: SQLSTATE[42S02]: Base table or view not found: 1146 Table 'yy.db_department' doesn't exist

[ 2017-04-21T13:03:18+08:00 ] ::1 /yy/index.php/Home/Public/main.html
ERR: SQLSTATE[42S02]: Base table or view not found: 1146 Table 'yy.db_department' doesn't exist

[ 2017-04-21T13:17:49+08:00 ] ::1 /yy/index.php/Home/Public/main.html
ERR: SQLSTATE[42S02]: Base table or view not found: 1146 Table 'yy.db_department' doesn't exist

[ 2017-04-21T13:21:35+08:00 ] ::1 /yy/index.php/Home/Public/main.html
ERR: SQLSTATE[42S02]: Base table or view not found: 1146 Table 'yy.db_department' doesn't exist

[ 2017-04-21T13:21:38+08:00 ] ::1 /yy/index.php/Home/Product/index.html
ERR: 无法加载控制器:Product

[ 2017-04-21T13:21:42+08:00 ] ::1 /yy/index.php/Home/StudentInfo/index.html
ERR: 无法加载控制器:StudentInfo

[ 2017-04-21T13:23:24+08:00 ] ::1 /yy/index.php/Home/Product/index.html
ERR: 无法加载控制器:Product

[ 2017-04-21T13:25:12+08:00 ] ::1 /yy/index.php/Home/Public/main.html
ERR: SQLSTATE[42S02]: Base table or view not found: 1146 Table 'yy.db_department' doesn't exist

[ 2017-04-21T14:04:02+08:00 ] ::1 /yy/index.php/Home/Product/index.html
ERR: 非法操作:index

[ 2017-04-21T14:05:24+08:00 ] ::1 /yy/index.php/Home/StudentInfo/index.html
ERR: 无法加载控制器:StudentInfo

[ 2017-04-21T14:43:46+08:00 ] ::1 /yy/index.php/Home/Login/yzm
ERR: 非法操作:yzm

[ 2017-04-21T14:45:09+08:00 ] ::1 /yy/index.php/Home/Login/yzm
ERR: 非法操作:yzm

[ 2017-04-21T14:47:51+08:00 ] ::1 /yy/index.php/Home/Login/login.html
ERR: SQLSTATE[42S02]: Base table or view not found: 1146 Table 'yy.db_user_info' doesn't exist

[ 2017-04-21T14:56:06+08:00 ] ::1 /yy/index.php/Home/Public/main.html
ERR: SQLSTATE[42S02]: Base table or view not found: 1146 Table 'yy.db_department' doesn't exist

[ 2017-04-21T14:58:44+08:00 ] ::1 /yy/index.php/Home/Public/main.html
ERR: SQLSTATE[42S02]: Base table or view not found: 1146 Table 'yy.db_department' doesn't exist

[ 2017-04-21T15:01:54+08:00 ] ::1 /yy/index.php/Home/Public/main.html
ERR: SQLSTATE[42S02]: Base table or view not found: 1146 Table 'yy.db_department' doesn't exist

[ 2017-04-21T15:01:56+08:00 ] ::1 /yy/index.php/Home/StudentInfo/index.html
ERR: 无法加载控制器:StudentInfo

[ 2017-04-21T15:50:47+08:00 ] ::1 /yy/index.php/Home/Public/main.html
ERR: SQLSTATE[42S02]: Base table or view not found: 1146 Table 'yy.db_department' doesn't exist

[ 2017-04-21T15:52:03+08:00 ] ::1 /yy/index.php/Home/Public/main.html
ERR: SQLSTATE[42S02]: Base table or view not found: 1146 Table 'yy.db_department' doesn't exist

[ 2017-04-21T16:08:39+08:00 ] ::1 /yy/index.php/Home/Goods/index.html
ERR: SQLSTATE[42S22]: Column not found: 1054 Unknown column 'id' in 'order clause'

[ 2017-04-21T16:09:51+08:00 ] ::1 /yy/index.php/Home/Goods/index.html
ERR: SQLSTATE[42S22]: Column not found: 1054 Unknown column 'id' in 'order clause'

[ 2017-04-21T16:09:52+08:00 ] ::1 /yy/index.php/Home/Goods/index.html
ERR: SQLSTATE[42S22]: Column not found: 1054 Unknown column 'id' in 'order clause'

[ 2017-04-21T16:09:53+08:00 ] ::1 /yy/index.php/Home/Goods/index.html
ERR: SQLSTATE[42S22]: Column not found: 1054 Unknown column 'id' in 'order clause'

[ 2017-04-21T16:11:45+08:00 ] ::1 /yy/index.php/Home/Goods/index.html
ERR: SQLSTATE[42S22]: Column not found: 1054 Unknown column 'id' in 'order clause'

[ 2017-04-21T16:11:46+08:00 ] ::1 /yy/index.php/Home/Goods/index.html
ERR: SQLSTATE[42S22]: Column not found: 1054 Unknown column 'id' in 'order clause'

[ 2017-04-21T16:11:46+08:00 ] ::1 /yy/index.php/Home/Goods/index.html
ERR: SQLSTATE[42S22]: Column not found: 1054 Unknown column 'id' in 'order clause'

[ 2017-04-21T16:11:47+08:00 ] ::1 /yy/index.php/Home/Goods/index.html
ERR: SQLSTATE[42S22]: Column not found: 1054 Unknown column 'id' in 'order clause'

[ 2017-04-21T16:11:48+08:00 ] ::1 /yy/index.php/Home/Goods/index.html
ERR: SQLSTATE[42S22]: Column not found: 1054 Unknown column 'id' in 'order clause'

[ 2017-04-21T16:11:48+08:00 ] ::1 /yy/index.php/Home/Goods/index.html
ERR: SQLSTATE[42S22]: Column not found: 1054 Unknown column 'id' in 'order clause'

[ 2017-04-21T16:14:54+08:00 ] ::1 /yy/index.php/Home/Goods/index.html
ERR: SQLSTATE[42S22]: Column not found: 1054 Unknown column 'id' in 'order clause'

[ 2017-04-21T16:14:55+08:00 ] ::1 /yy/index.php/Home/Goods/index.html
ERR: SQLSTATE[42S22]: Column not found: 1054 Unknown column 'id' in 'order clause'

[ 2017-04-21T16:14:57+08:00 ] ::1 /yy/index.php/Home/Public/main.html
ERR: SQLSTATE[42S02]: Base table or view not found: 1146 Table 'yy.db_department' doesn't exist

[ 2017-04-21T16:15:13+08:00 ] ::1 /yy/index.php/Home/Goods/index.html
ERR: SQLSTATE[42S22]: Column not found: 1054 Unknown column 'id' in 'order clause'

[ 2017-04-21T16:18:25+08:00 ] ::1 /yy/index.php/Home/Goods/index.html
ERR: SQLSTATE[42S22]: Column not found: 1054 Unknown column 'id' in 'order clause'

[ 2017-04-21T16:18:26+08:00 ] ::1 /yy/index.php/Home/Goods/index.html
ERR: SQLSTATE[42S22]: Column not found: 1054 Unknown column 'id' in 'order clause'

[ 2017-04-21T16:18:26+08:00 ] ::1 /yy/index.php/Home/Goods/index.html
ERR: SQLSTATE[42S22]: Column not found: 1054 Unknown column 'id' in 'order clause'

[ 2017-04-21T16:18:26+08:00 ] ::1 /yy/index.php/Home/Goods/index.html
ERR: SQLSTATE[42S22]: Column not found: 1054 Unknown column 'id' in 'order clause'

[ 2017-04-21T16:18:27+08:00 ] ::1 /yy/index.php/Home/Goods/index.html
ERR: SQLSTATE[42S22]: Column not found: 1054 Unknown column 'id' in 'order clause'

[ 2017-04-21T16:18:27+08:00 ] ::1 /yy/index.php/Home/Goods/index.html
ERR: SQLSTATE[42S22]: Column not found: 1054 Unknown column 'id' in 'order clause'

[ 2017-04-21T16:28:57+08:00 ] ::1 /yy/index.php/Home/Goods/add
ERR: 非法操作:add

[ 2017-04-21T16:35:23+08:00 ] ::1 /yy/index.php/Home/Goods/nickname
INFO: [ app_begin ] --START--
INFO: Run Behavior\ReadHtmlCacheBehavior [ RunTime:0.000877s ]
INFO: [ app_begin ] --END-- [ RunTime:0.001833s ]
ERR: 非法操作:nickname

[ 2017-04-21T16:48:15+08:00 ] ::1 /yy/index.php/Home/Goods/nickname
INFO: [ app_begin ] --START--
INFO: Run Behavior\ReadHtmlCacheBehavior [ RunTime:0.001148s ]
INFO: [ app_begin ] --END-- [ RunTime:0.002024s ]
ERR: 非法操作:nickname

[ 2017-04-21T16:50:35+08:00 ] ::1 /yy/index.php/Home/Goods/nickname
INFO: [ app_begin ] --START--
INFO: Run Behavior\ReadHtmlCacheBehavior [ RunTime:0.001080s ]
INFO: [ app_begin ] --END-- [ RunTime:0.001756s ]
ERR: 非法操作:nickname

[ 2017-04-21T16:53:49+08:00 ] ::1 /yy/index.php/Home/Goods/nickname
INFO: [ app_begin ] --START--
INFO: Run Behavior\ReadHtmlCacheBehavior [ RunTime:0.001032s ]
INFO: [ app_begin ] --END-- [ RunTime:0.001751s ]
ERR: 非法操作:nickname

[ 2017-04-21T16:56:28+08:00 ] ::1 /yy/index.php/Home/Goods/nickname
INFO: [ app_begin ] --START--
INFO: Run Behavior\ReadHtmlCacheBehavior [ RunTime:0.000964s ]
INFO: [ app_begin ] --END-- [ RunTime:0.001648s ]
ERR: 非法操作:nickname

[ 2017-04-21T17:17:33+08:00 ] ::1 /yy/index.php/Home/Public/main.html
ERR: SQLSTATE[42S02]: Base table or view not found: 1146 Table 'yy.db_department' doesn't exist

