[ 2017-02-23T09:07:54+08:00 ] ::1 /OA43/index.php/Home/StudentInfo/ruxue.html
INFO: [ app_begin ] --START--
INFO: Run Behavior\ReadHtmlCacheBehavior [ RunTime:0.001732s ]
INFO: [ app_begin ] --END-- [ RunTime:0.002856s ]
SQL: SHOW COLUMNS FROM `oa_student_info` [ RunTime:0.0042s ]
SQL: SHOW COLUMNS FROM `oa_class_info` [ RunTime:0.0065s ]
SQL: SHOW COLUMNS FROM `oa_user_info` [ RunTime:0.0037s ]
SQL: SELECT * FROM `oa_student_info` WHERE `id` = 1 LIMIT 1   [ RunTime:0.0004s ]
SQL: SELECT * FROM `oa_user_info` WHERE `del` = 1  [ RunTime:0.0004s ]
NOTIC: [2] Missing argument 1 for Home\Model\ClassInfoModel::get_class(), called in E:\wamp\www\OA43\Ds\Home\Controller\StudentInfoController.class.php on line 23 and defined E:\wamp\www\OA43\Ds\Home\Model\ClassInfoModel.class.php 第 36 行.
SQL: SELECT COUNT(*) AS tp_count FROM `oa_class_info` WHERE `del` = 1 LIMIT 1   [ RunTime:0.0003s ]
SQL: SELECT * FROM `oa_class_info` WHERE `del` = 1 ORDER BY id asc LIMIT 0,3   [ RunTime:0.0007s ]
SQL: SHOW COLUMNS FROM `oa_user_info` [ RunTime:0.0050s ]
SQL: SELECT `name`,`id` FROM `oa_user_info`  [ RunTime:0.0005s ]
SQL: UPDATE `oa_student_info` SET `status`='2' WHERE `id` = 0 [ RunTime:0.0169s ]

[ 2017-02-23T09:09:37+08:00 ] ::1 /OA43/index.php/Home/StudentInfo/ruxue.html
INFO: [ app_begin ] --START--
INFO: Run Behavior\ReadHtmlCacheBehavior [ RunTime:0.001367s ]
INFO: [ app_begin ] --END-- [ RunTime:0.002352s ]
SQL: SHOW COLUMNS FROM `oa_student_info` [ RunTime:0.0039s ]
SQL: SHOW COLUMNS FROM `oa_class_info` [ RunTime:0.0033s ]
SQL: SHOW COLUMNS FROM `oa_user_info` [ RunTime:0.0051s ]
SQL: SELECT * FROM `oa_student_info` WHERE `id` = 1 LIMIT 1   [ RunTime:0.0006s ]
SQL: SELECT * FROM `oa_user_info` WHERE `del` = 1  [ RunTime:0.0007s ]
NOTIC: [2] Missing argument 1 for Home\Model\ClassInfoModel::get_class(), called in E:\wamp\www\OA43\Ds\Home\Controller\StudentInfoController.class.php on line 23 and defined E:\wamp\www\OA43\Ds\Home\Model\ClassInfoModel.class.php 第 36 行.
SQL: SELECT COUNT(*) AS tp_count FROM `oa_class_info` WHERE `del` = 1 LIMIT 1   [ RunTime:0.0003s ]
SQL: SELECT * FROM `oa_class_info` WHERE `del` = 1 ORDER BY id asc LIMIT 0,3   [ RunTime:0.0004s ]
SQL: SHOW COLUMNS FROM `oa_user_info` [ RunTime:0.0047s ]
SQL: SELECT `name`,`id` FROM `oa_user_info`  [ RunTime:0.0003s ]
SQL: UPDATE `oa_student_info` SET `status`='2' WHERE `id` = 0 [ RunTime:0.0004s ]

[ 2017-02-23T09:09:42+08:00 ] ::1 /OA43/index.php/Home/StudentInfo/ruxue.html
INFO: [ app_begin ] --START--
INFO: Run Behavior\ReadHtmlCacheBehavior [ RunTime:0.000872s ]
INFO: [ app_begin ] --END-- [ RunTime:0.001504s ]
SQL: SHOW COLUMNS FROM `oa_student_info` [ RunTime:0.0038s ]
SQL: SHOW COLUMNS FROM `oa_class_info` [ RunTime:0.0031s ]
SQL: SHOW COLUMNS FROM `oa_user_info` [ RunTime:0.0052s ]
SQL: SELECT * FROM `oa_student_info` WHERE `id` = 1 LIMIT 1   [ RunTime:0.0005s ]
SQL: SELECT * FROM `oa_user_info` WHERE `del` = 1  [ RunTime:0.0006s ]
NOTIC: [2] Missing argument 1 for Home\Model\ClassInfoModel::get_class(), called in E:\wamp\www\OA43\Ds\Home\Controller\StudentInfoController.class.php on line 23 and defined E:\wamp\www\OA43\Ds\Home\Model\ClassInfoModel.class.php 第 36 行.
SQL: SELECT COUNT(*) AS tp_count FROM `oa_class_info` WHERE `del` = 1 LIMIT 1   [ RunTime:0.0004s ]
SQL: SELECT * FROM `oa_class_info` WHERE `del` = 1 ORDER BY id asc LIMIT 0,3   [ RunTime:0.0004s ]
SQL: SHOW COLUMNS FROM `oa_user_info` [ RunTime:0.0043s ]
SQL: SELECT `name`,`id` FROM `oa_user_info`  [ RunTime:0.0013s ]
SQL: UPDATE `oa_student_info` SET `status`='2' WHERE `id` = 0 [ RunTime:0.0004s ]

[ 2017-02-23T09:11:38+08:00 ] ::1 /OA43/index.php/Home/StudentInfo/ruxue.html
INFO: [ app_begin ] --START--
INFO: Run Behavior\ReadHtmlCacheBehavior [ RunTime:0.002270s ]
INFO: [ app_begin ] --END-- [ RunTime:0.003827s ]
SQL: SHOW COLUMNS FROM `oa_student_info` [ RunTime:0.0041s ]
SQL: SHOW COLUMNS FROM `oa_class_info` [ RunTime:0.0049s ]
SQL: SHOW COLUMNS FROM `oa_user_info` [ RunTime:0.0044s ]
SQL: SELECT * FROM `oa_student_info` WHERE `id` = 1 LIMIT 1   [ RunTime:0.0005s ]
SQL: SELECT * FROM `oa_user_info` WHERE `del` = 1  [ RunTime:0.0006s ]
NOTIC: [2] Missing argument 1 for Home\Model\ClassInfoModel::get_class(), called in E:\wamp\www\OA43\Ds\Home\Controller\StudentInfoController.class.php on line 23 and defined E:\wamp\www\OA43\Ds\Home\Model\ClassInfoModel.class.php 第 36 行.
SQL: SELECT COUNT(*) AS tp_count FROM `oa_class_info` WHERE `del` = 1 LIMIT 1   [ RunTime:0.0003s ]
SQL: SELECT * FROM `oa_class_info` WHERE `del` = 1 ORDER BY id asc LIMIT 0,3   [ RunTime:0.0004s ]
SQL: SHOW COLUMNS FROM `oa_user_info` [ RunTime:0.0041s ]
SQL: SELECT `name`,`id` FROM `oa_user_info`  [ RunTime:0.0003s ]
SQL: UPDATE `oa_student_info` SET `status`='2' WHERE `id` = 0 [ RunTime:0.0003s ]

[ 2017-02-23T09:11:54+08:00 ] ::1 /OA43/index.php/Home/WorkExperience/index.html
ERR: 无法加载控制器:WorkExperience

[ 2017-02-23T09:16:50+08:00 ] ::1 /OA43/index.php/Home/StudentInfo/ruxue.html
INFO: [ app_begin ] --START--
INFO: Run Behavior\ReadHtmlCacheBehavior [ RunTime:0.001184s ]
INFO: [ app_begin ] --END-- [ RunTime:0.002011s ]
SQL: SHOW COLUMNS FROM `oa_student_info` [ RunTime:0.0045s ]
SQL: SHOW COLUMNS FROM `oa_class_info` [ RunTime:0.0045s ]
SQL: SHOW COLUMNS FROM `oa_user_info` [ RunTime:0.0046s ]
SQL: SELECT * FROM `oa_student_info` WHERE `id` = 1 LIMIT 1   [ RunTime:0.0004s ]
SQL: SELECT * FROM `oa_user_info` WHERE `del` = 1  [ RunTime:0.0005s ]
NOTIC: [2] Missing argument 1 for Home\Model\ClassInfoModel::get_class(), called in E:\wamp\www\OA43\Ds\Home\Controller\StudentInfoController.class.php on line 23 and defined E:\wamp\www\OA43\Ds\Home\Model\ClassInfoModel.class.php 第 36 行.
SQL: SELECT COUNT(*) AS tp_count FROM `oa_class_info` WHERE `del` = 1 LIMIT 1   [ RunTime:0.0003s ]
SQL: SELECT * FROM `oa_class_info` WHERE `del` = 1 ORDER BY id asc LIMIT 0,3   [ RunTime:0.0003s ]
SQL: SHOW COLUMNS FROM `oa_user_info` [ RunTime:0.0047s ]
SQL: SELECT `name`,`id` FROM `oa_user_info`  [ RunTime:0.0003s ]
SQL: UPDATE `oa_student_info` SET `status`='2' WHERE `id` = 0 [ RunTime:0.0005s ]

[ 2017-02-23T09:18:11+08:00 ] ::1 /OA43/index.php/Home/StudentInfo/ruxue.html
INFO: [ app_begin ] --START--
INFO: Run Behavior\ReadHtmlCacheBehavior [ RunTime:0.001551s ]
INFO: [ app_begin ] --END-- [ RunTime:0.002977s ]
SQL: SHOW COLUMNS FROM `oa_student_info` [ RunTime:0.0049s ]
SQL: SHOW COLUMNS FROM `oa_class_info` [ RunTime:0.0040s ]
SQL: SHOW COLUMNS FROM `oa_user_info` [ RunTime:0.0046s ]
SQL: SELECT * FROM `oa_student_info` WHERE `id` = 1 LIMIT 1   [ RunTime:0.0006s ]
SQL: SELECT * FROM `oa_user_info` WHERE `del` = 1  [ RunTime:0.0007s ]
NOTIC: [2] Missing argument 1 for Home\Model\ClassInfoModel::get_class(), called in E:\wamp\www\OA43\Ds\Home\Controller\StudentInfoController.class.php on line 23 and defined E:\wamp\www\OA43\Ds\Home\Model\ClassInfoModel.class.php 第 36 行.
SQL: SELECT COUNT(*) AS tp_count FROM `oa_class_info` WHERE `del` = 1 LIMIT 1   [ RunTime:0.0003s ]
SQL: SELECT * FROM `oa_class_info` WHERE `del` = 1 ORDER BY id asc LIMIT 0,3   [ RunTime:0.0004s ]
SQL: SHOW COLUMNS FROM `oa_user_info` [ RunTime:0.0043s ]
SQL: SELECT `name`,`id` FROM `oa_user_info`  [ RunTime:0.0006s ]
SQL: UPDATE `oa_student_info` SET `status`='2' WHERE `id` = 0 [ RunTime:0.0004s ]

[ 2017-02-23T09:20:19+08:00 ] ::1 /OA43/index.php/Home/StudentInfo/ruxue.html
INFO: [ app_begin ] --START--
INFO: Run Behavior\ReadHtmlCacheBehavior [ RunTime:0.001275s ]
INFO: [ app_begin ] --END-- [ RunTime:0.002315s ]
SQL: SHOW COLUMNS FROM `oa_student_info` [ RunTime:0.0036s ]
SQL: SHOW COLUMNS FROM `oa_class_info` [ RunTime:0.0041s ]
SQL: SHOW COLUMNS FROM `oa_user_info` [ RunTime:0.0047s ]
SQL: SELECT * FROM `oa_student_info` WHERE `id` = 1 LIMIT 1   [ RunTime:0.0005s ]
SQL: SELECT * FROM `oa_user_info` WHERE `del` = 1  [ RunTime:0.0007s ]
NOTIC: [2] Missing argument 1 for Home\Model\ClassInfoModel::get_class(), called in E:\wamp\www\OA43\Ds\Home\Controller\StudentInfoController.class.php on line 23 and defined E:\wamp\www\OA43\Ds\Home\Model\ClassInfoModel.class.php 第 36 行.
SQL: SELECT COUNT(*) AS tp_count FROM `oa_class_info` WHERE `del` = 1 LIMIT 1   [ RunTime:0.0003s ]
SQL: SELECT * FROM `oa_class_info` WHERE `del` = 1 ORDER BY id asc LIMIT 0,3   [ RunTime:0.0003s ]
SQL: SHOW COLUMNS FROM `oa_user_info` [ RunTime:0.0036s ]
SQL: SELECT `name`,`id` FROM `oa_user_info`  [ RunTime:0.0003s ]
SQL: UPDATE `oa_student_info` SET `status`='2' WHERE `id` = 0 [ RunTime:0.0034s ]

[ 2017-02-23T09:20:33+08:00 ] ::1 /OA43/index.php/Home/StudentInfo/ruxue.html
INFO: [ app_begin ] --START--
INFO: Run Behavior\ReadHtmlCacheBehavior [ RunTime:0.001456s ]
INFO: [ app_begin ] --END-- [ RunTime:0.002552s ]
SQL: SHOW COLUMNS FROM `oa_student_info` [ RunTime:0.0044s ]
SQL: SHOW COLUMNS FROM `oa_class_info` [ RunTime:0.0178s ]
SQL: SHOW COLUMNS FROM `oa_user_info` [ RunTime:0.0032s ]
SQL: SELECT * FROM `oa_student_info` WHERE `id` = 1 LIMIT 1   [ RunTime:0.0004s ]
SQL: SELECT * FROM `oa_user_info` WHERE `del` = 1  [ RunTime:0.0006s ]
NOTIC: [2] Missing argument 1 for Home\Model\ClassInfoModel::get_class(), called in E:\wamp\www\OA43\Ds\Home\Controller\StudentInfoController.class.php on line 23 and defined E:\wamp\www\OA43\Ds\Home\Model\ClassInfoModel.class.php 第 36 行.
SQL: SELECT COUNT(*) AS tp_count FROM `oa_class_info` WHERE `del` = 1 LIMIT 1   [ RunTime:0.0003s ]
SQL: SELECT * FROM `oa_class_info` WHERE `del` = 1 ORDER BY id asc LIMIT 0,3   [ RunTime:0.0004s ]
SQL: SHOW COLUMNS FROM `oa_user_info` [ RunTime:0.0047s ]
SQL: SELECT `name`,`id` FROM `oa_user_info`  [ RunTime:0.0003s ]
SQL: UPDATE `oa_student_info` SET `status`='2' WHERE `id` = 0 [ RunTime:0.0003s ]

[ 2017-02-23T09:20:34+08:00 ] ::1 /OA43/index.php/Home/StudentInfo/ruxue.html
INFO: [ app_begin ] --START--
INFO: Run Behavior\ReadHtmlCacheBehavior [ RunTime:0.001251s ]
INFO: [ app_begin ] --END-- [ RunTime:0.002153s ]
SQL: SHOW COLUMNS FROM `oa_student_info` [ RunTime:0.0071s ]
SQL: SHOW COLUMNS FROM `oa_class_info` [ RunTime:0.0042s ]
SQL: SHOW COLUMNS FROM `oa_user_info` [ RunTime:0.0057s ]
SQL: SELECT * FROM `oa_student_info` WHERE `id` = 1 LIMIT 1   [ RunTime:0.0004s ]
SQL: SELECT * FROM `oa_user_info` WHERE `del` = 1  [ RunTime:0.0004s ]
NOTIC: [2] Missing argument 1 for Home\Model\ClassInfoModel::get_class(), called in E:\wamp\www\OA43\Ds\Home\Controller\StudentInfoController.class.php on line 23 and defined E:\wamp\www\OA43\Ds\Home\Model\ClassInfoModel.class.php 第 36 行.
SQL: SELECT COUNT(*) AS tp_count FROM `oa_class_info` WHERE `del` = 1 LIMIT 1   [ RunTime:0.0002s ]
SQL: SELECT * FROM `oa_class_info` WHERE `del` = 1 ORDER BY id asc LIMIT 0,3   [ RunTime:0.0002s ]
SQL: SHOW COLUMNS FROM `oa_user_info` [ RunTime:0.0034s ]
SQL: SELECT `name`,`id` FROM `oa_user_info`  [ RunTime:0.0003s ]
SQL: UPDATE `oa_student_info` SET `status`='2' WHERE `id` = 0 [ RunTime:0.0004s ]

[ 2017-02-23T09:20:36+08:00 ] ::1 /OA43/index.php/Home/StudentInfo/ruxue.html
INFO: [ app_begin ] --START--
INFO: Run Behavior\ReadHtmlCacheBehavior [ RunTime:0.001225s ]
INFO: [ app_begin ] --END-- [ RunTime:0.002486s ]
SQL: SHOW COLUMNS FROM `oa_student_info` [ RunTime:0.0073s ]
SQL: SHOW COLUMNS FROM `oa_class_info` [ RunTime:0.0042s ]
SQL: SHOW COLUMNS FROM `oa_user_info` [ RunTime:0.0037s ]
SQL: SELECT * FROM `oa_student_info` WHERE `id` = 1 LIMIT 1   [ RunTime:0.0004s ]
SQL: SELECT * FROM `oa_user_info` WHERE `del` = 1  [ RunTime:0.0004s ]
NOTIC: [2] Missing argument 1 for Home\Model\ClassInfoModel::get_class(), called in E:\wamp\www\OA43\Ds\Home\Controller\StudentInfoController.class.php on line 23 and defined E:\wamp\www\OA43\Ds\Home\Model\ClassInfoModel.class.php 第 36 行.
SQL: SELECT COUNT(*) AS tp_count FROM `oa_class_info` WHERE `del` = 1 LIMIT 1   [ RunTime:0.0002s ]
SQL: SELECT * FROM `oa_class_info` WHERE `del` = 1 ORDER BY id asc LIMIT 0,3   [ RunTime:0.0002s ]
SQL: SHOW COLUMNS FROM `oa_user_info` [ RunTime:0.0040s ]
SQL: SELECT `name`,`id` FROM `oa_user_info`  [ RunTime:0.0004s ]
SQL: UPDATE `oa_student_info` SET `status`='2' WHERE `id` = 0 [ RunTime:0.0003s ]

[ 2017-02-23T09:20:40+08:00 ] ::1 /OA43/index.php/Home/StudentInfo/ruxue.html
INFO: [ app_begin ] --START--
INFO: Run Behavior\ReadHtmlCacheBehavior [ RunTime:0.001418s ]
INFO: [ app_begin ] --END-- [ RunTime:0.002438s ]
SQL: SHOW COLUMNS FROM `oa_student_info` [ RunTime:0.0063s ]
SQL: SHOW COLUMNS FROM `oa_class_info` [ RunTime:0.0071s ]
SQL: SHOW COLUMNS FROM `oa_user_info` [ RunTime:0.0034s ]
SQL: SELECT * FROM `oa_student_info` WHERE `id` = 1 LIMIT 1   [ RunTime:0.0006s ]
SQL: SELECT * FROM `oa_user_info` WHERE `del` = 1  [ RunTime:0.0006s ]
NOTIC: [2] Missing argument 1 for Home\Model\ClassInfoModel::get_class(), called in E:\wamp\www\OA43\Ds\Home\Controller\StudentInfoController.class.php on line 23 and defined E:\wamp\www\OA43\Ds\Home\Model\ClassInfoModel.class.php 第 36 行.
SQL: SELECT COUNT(*) AS tp_count FROM `oa_class_info` WHERE `del` = 1 LIMIT 1   [ RunTime:0.0003s ]
SQL: SELECT * FROM `oa_class_info` WHERE `del` = 1 ORDER BY id asc LIMIT 0,3   [ RunTime:0.0005s ]
SQL: SHOW COLUMNS FROM `oa_user_info` [ RunTime:0.0054s ]
SQL: SELECT `name`,`id` FROM `oa_user_info`  [ RunTime:0.0004s ]
SQL: UPDATE `oa_student_info` SET `status`='2' WHERE `id` = 0 [ RunTime:0.0004s ]

[ 2017-02-23T09:21:50+08:00 ] ::1 /OA43/index.php/Home/StudentInfo/ruxue.html
INFO: [ app_begin ] --START--
INFO: Run Behavior\ReadHtmlCacheBehavior [ RunTime:0.002509s ]
INFO: [ app_begin ] --END-- [ RunTime:0.006148s ]
SQL: SHOW COLUMNS FROM `oa_student_info` [ RunTime:0.0049s ]
SQL: SHOW COLUMNS FROM `oa_class_info` [ RunTime:0.0035s ]
SQL: SHOW COLUMNS FROM `oa_user_info` [ RunTime:0.0037s ]
SQL: SELECT * FROM `oa_student_info` WHERE `id` = 1 LIMIT 1   [ RunTime:0.0004s ]
SQL: SELECT * FROM `oa_user_info` WHERE `del` = 1  [ RunTime:0.0004s ]
NOTIC: [2] Missing argument 1 for Home\Model\ClassInfoModel::get_class(), called in E:\wamp\www\OA43\Ds\Home\Controller\StudentInfoController.class.php on line 23 and defined E:\wamp\www\OA43\Ds\Home\Model\ClassInfoModel.class.php 第 36 行.
SQL: SELECT COUNT(*) AS tp_count FROM `oa_class_info` WHERE `del` = 1 LIMIT 1   [ RunTime:0.0002s ]
SQL: SELECT * FROM `oa_class_info` WHERE `del` = 1 ORDER BY id asc LIMIT 0,3   [ RunTime:0.0003s ]
SQL: SHOW COLUMNS FROM `oa_user_info` [ RunTime:0.0050s ]
SQL: SELECT `name`,`id` FROM `oa_user_info`  [ RunTime:0.0004s ]
SQL: UPDATE `oa_student_info` SET `status`='2' WHERE `id` = 0 [ RunTime:0.0004s ]

[ 2017-02-23T09:21:55+08:00 ] ::1 /OA43/index.php/Home/StudentInfo/ruxue.html
INFO: [ app_begin ] --START--
INFO: Run Behavior\ReadHtmlCacheBehavior [ RunTime:0.001389s ]
INFO: [ app_begin ] --END-- [ RunTime:0.002441s ]
SQL: SHOW COLUMNS FROM `oa_student_info` [ RunTime:0.0060s ]
SQL: SHOW COLUMNS FROM `oa_class_info` [ RunTime:0.0046s ]
SQL: SHOW COLUMNS FROM `oa_user_info` [ RunTime:0.0061s ]
SQL: SELECT * FROM `oa_student_info` WHERE `id` = 1 LIMIT 1   [ RunTime:0.0005s ]
SQL: SELECT * FROM `oa_user_info` WHERE `del` = 1  [ RunTime:0.0005s ]
NOTIC: [2] Missing argument 1 for Home\Model\ClassInfoModel::get_class(), called in E:\wamp\www\OA43\Ds\Home\Controller\StudentInfoController.class.php on line 23 and defined E:\wamp\www\OA43\Ds\Home\Model\ClassInfoModel.class.php 第 36 行.
SQL: SELECT COUNT(*) AS tp_count FROM `oa_class_info` WHERE `del` = 1 LIMIT 1   [ RunTime:0.0002s ]
SQL: SELECT * FROM `oa_class_info` WHERE `del` = 1 ORDER BY id asc LIMIT 0,3   [ RunTime:0.0002s ]
SQL: SHOW COLUMNS FROM `oa_user_info` [ RunTime:0.0050s ]
SQL: SELECT `name`,`id` FROM `oa_user_info`  [ RunTime:0.0004s ]
SQL: UPDATE `oa_student_info` SET `status`='2' WHERE `id` = 0 [ RunTime:0.0005s ]

[ 2017-02-23T09:33:29+08:00 ] ::1 /OA43/index.php/Home/StudentInfo/ruxue.html
INFO: [ app_begin ] --START--
INFO: Run Behavior\ReadHtmlCacheBehavior [ RunTime:0.000892s ]
INFO: [ app_begin ] --END-- [ RunTime:0.001668s ]
SQL: SHOW COLUMNS FROM `oa_student_info` [ RunTime:0.0049s ]
SQL: SHOW COLUMNS FROM `oa_class_info` [ RunTime:0.0051s ]
SQL: SHOW COLUMNS FROM `oa_user_info` [ RunTime:0.0045s ]
SQL: SELECT * FROM `oa_student_info` WHERE `id` = 1 LIMIT 1   [ RunTime:0.0004s ]
SQL: SELECT * FROM `oa_user_info` WHERE `del` = 1  [ RunTime:0.0004s ]
NOTIC: [2] Missing argument 1 for Home\Model\ClassInfoModel::get_class(), called in E:\wamp\www\OA43\Ds\Home\Controller\StudentInfoController.class.php on line 23 and defined E:\wamp\www\OA43\Ds\Home\Model\ClassInfoModel.class.php 第 36 行.
SQL: SELECT COUNT(*) AS tp_count FROM `oa_class_info` WHERE `del` = 1 LIMIT 1   [ RunTime:0.0002s ]
SQL: SELECT * FROM `oa_class_info` WHERE `del` = 1 ORDER BY id asc LIMIT 0,3   [ RunTime:0.0003s ]
SQL: SHOW COLUMNS FROM `oa_user_info` [ RunTime:0.0035s ]
SQL: SELECT `name`,`id` FROM `oa_user_info`  [ RunTime:0.0003s ]
SQL: UPDATE `oa_student_info` SET `status`='2' WHERE `id` = 68 [ RunTime:0.0702s ]

[ 2017-02-23T09:33:47+08:00 ] ::1 /OA43/index.php/Home/StudentInfo/ruxue.html
INFO: [ app_begin ] --START--
INFO: Run Behavior\ReadHtmlCacheBehavior [ RunTime:0.001131s ]
INFO: [ app_begin ] --END-- [ RunTime:0.001919s ]
SQL: SHOW COLUMNS FROM `oa_student_info` [ RunTime:0.0036s ]
SQL: SHOW COLUMNS FROM `oa_class_info` [ RunTime:0.0054s ]
SQL: SHOW COLUMNS FROM `oa_user_info` [ RunTime:0.0049s ]
SQL: SELECT * FROM `oa_student_info` WHERE `id` = 1 LIMIT 1   [ RunTime:0.0005s ]
SQL: SELECT * FROM `oa_user_info` WHERE `del` = 1  [ RunTime:0.0005s ]
NOTIC: [2] Missing argument 1 for Home\Model\ClassInfoModel::get_class(), called in E:\wamp\www\OA43\Ds\Home\Controller\StudentInfoController.class.php on line 23 and defined E:\wamp\www\OA43\Ds\Home\Model\ClassInfoModel.class.php 第 36 行.
SQL: SELECT COUNT(*) AS tp_count FROM `oa_class_info` WHERE `del` = 1 LIMIT 1   [ RunTime:0.0004s ]
SQL: SELECT * FROM `oa_class_info` WHERE `del` = 1 ORDER BY id asc LIMIT 0,3   [ RunTime:0.0004s ]
SQL: SHOW COLUMNS FROM `oa_user_info` [ RunTime:0.0041s ]
SQL: SELECT `name`,`id` FROM `oa_user_info`  [ RunTime:0.0003s ]
SQL: UPDATE `oa_student_info` SET `status`='2' WHERE `id` = 51 [ RunTime:0.2464s ]

[ 2017-02-23T09:34:10+08:00 ] ::1 /OA43/index.php/Home/StudentInfo/ruxue.html
INFO: [ app_begin ] --START--
INFO: Run Behavior\ReadHtmlCacheBehavior [ RunTime:0.000904s ]
INFO: [ app_begin ] --END-- [ RunTime:0.001596s ]
SQL: SHOW COLUMNS FROM `oa_student_info` [ RunTime:0.0047s ]
SQL: SHOW COLUMNS FROM `oa_class_info` [ RunTime:0.0049s ]
SQL: SHOW COLUMNS FROM `oa_user_info` [ RunTime:0.0036s ]
SQL: SELECT * FROM `oa_student_info` WHERE `id` = 1 LIMIT 1   [ RunTime:0.0004s ]
SQL: SELECT * FROM `oa_user_info` WHERE `del` = 1  [ RunTime:0.0004s ]
NOTIC: [2] Missing argument 1 for Home\Model\ClassInfoModel::get_class(), called in E:\wamp\www\OA43\Ds\Home\Controller\StudentInfoController.class.php on line 23 and defined E:\wamp\www\OA43\Ds\Home\Model\ClassInfoModel.class.php 第 36 行.
SQL: SELECT COUNT(*) AS tp_count FROM `oa_class_info` WHERE `del` = 1 LIMIT 1   [ RunTime:0.0002s ]
SQL: SELECT * FROM `oa_class_info` WHERE `del` = 1 ORDER BY id asc LIMIT 0,3   [ RunTime:0.0003s ]
SQL: SHOW COLUMNS FROM `oa_user_info` [ RunTime:0.0044s ]
SQL: SELECT `name`,`id` FROM `oa_user_info`  [ RunTime:0.0004s ]
SQL: UPDATE `oa_student_info` SET `status`='2' WHERE `id` = 50 [ RunTime:0.0604s ]

[ 2017-02-23T09:34:53+08:00 ] ::1 /OA43/index.php/Home/WorkExperience/index.html
ERR: 无法加载控制器:WorkExperience

[ 2017-02-23T09:36:40+08:00 ] ::1 /OA43/index.php/Home/WorkExperience/index.html
ERR: 无法加载控制器:WorkExperience

[ 2017-02-23T09:36:41+08:00 ] ::1 /OA43/index.php/Home/WorkExperience/index.html
ERR: 无法加载控制器:WorkExperience

[ 2017-02-23T11:20:50+08:00 ] ::1 /OA43/index.php/Home/WorkExperience/work_list/id/3.html
ERR: Think\Model:getzb方法不存在！

