[ 2017-02-14T08:55:08+08:00 ] ::1 /OA43/index.php/Home/Department/index.html
ERR: 无法加载控制器:Department

[ 2017-02-14T08:55:11+08:00 ] ::1 /OA43/index.php/Home/UserInfo/index.html
ERR: 无法加载控制器:UserInfo

[ 2017-02-14T08:55:12+08:00 ] ::1 /OA43/index.php/Home/Department/index.html
ERR: 无法加载控制器:Department

[ 2017-02-14T09:23:03+08:00 ] ::1 /OA43/index.php/Home/Department/index.html
ERR: 无法加载控制器:Department

[ 2017-02-14T09:23:05+08:00 ] ::1 /OA43/index.php/Home/Department/index.html
ERR: 无法加载控制器:Department

[ 2017-02-14T09:23:41+08:00 ] ::1 /OA43/index.php/Home/Department/index.html
ERR: 无法加载控制器:Department

[ 2017-02-14T09:29:34+08:00 ] ::1 /OA43/index.php/Home/Department/index.html
ERR: 无法加载控制器:Department

[ 2017-02-14T09:30:22+08:00 ] ::1 /OA43/index.php/Home/Department/index.html
ERR: 无法加载控制器:Department

[ 2017-02-14T09:30:23+08:00 ] ::1 /OA43/index.php/Home/Department/index.html
ERR: 无法加载控制器:Department

[ 2017-02-14T09:30:24+08:00 ] ::1 /OA43/index.php/Home/Department/index.html
ERR: 无法加载控制器:Department

[ 2017-02-14T09:30:25+08:00 ] ::1 /OA43/index.php/Home/Department/index.html
ERR: 无法加载控制器:Department

[ 2017-02-14T09:30:25+08:00 ] ::1 /OA43/index.php/Home/Department/index.html
ERR: 无法加载控制器:Department

[ 2017-02-14T09:30:25+08:00 ] ::1 /OA43/index.php/Home/Department/index.html
ERR: 无法加载控制器:Department

[ 2017-02-14T09:30:42+08:00 ] ::1 /OA43/index.php/Home/UserInfo/index.html
ERR: 无法加载控制器:UserInfo

[ 2017-02-14T09:30:42+08:00 ] ::1 /OA43/index.php/Home/Department/index.html
ERR: 无法加载控制器:Department

[ 2017-02-14T10:25:13+08:00 ] ::1 /OA43/index.php/Home/UserInfo/index.html
ERR: 无法加载控制器:UserInfo

[ 2017-02-14T12:03:57+08:00 ] ::1 /OA43/index.php/Home/UserInfo/index.html
ERR: 无法加载控制器:UserInfo

[ 2017-02-14T14:06:53+08:00 ] ::1 /OA43/index.php/Home/UserInfo/index.html
ERR: 无法加载控制器:UserInfo

[ 2017-02-14T14:17:36+08:00 ] ::1 /OA43/index.php/Home/Bm/addDept.html
ERR: 无法加载控制器:Bm

[ 2017-02-14T14:46:24+08:00 ] ::1 /OA43/index.php/Home/UserInfo/index.html
ERR: 无法加载控制器:UserInfo

[ 2017-02-14T15:14:28+08:00 ] ::1 /OA43/index.php/Home/Department/recycle.html
ERR: 非法操作:recycle

[ 2017-02-14T15:17:40+08:00 ] ::1 /OA43/index.php/Home/UserInfo/index.html
ERR: 无法加载控制器:UserInfo

[ 2017-02-14T15:21:17+08:00 ] ::1 /OA43/index.php/Home/UserInfo/index.html
ERR: 无法加载控制器:UserInfo

[ 2017-02-14T15:35:43+08:00 ] ::1 /OA43/index.php/Home/Job/edit/id/1.html
ERR: 非法操作:edit

[ 2017-02-14T16:15:03+08:00 ] ::1 /OA43/index.php/Home/UserInfo/index.html
ERR: 无法加载控制器:UserInfo

[ 2017-02-14T16:57:27+08:00 ] ::1 /OA43/index.php/Home/UserInfo/index.html
ERR: 无法加载控制器:UserInfo

[ 2017-02-14T17:04:53+08:00 ] ::1 /OA43/index.php/Home/UserInfo/index.html
ERR: 无法加载控制器:UserInfo

