[ 2017-02-21T09:49:07+08:00 ] ::1 /OA43/index.php/Home/StudentTrain/index.html
ERR: 无法加载控制器:StudentTrain

[ 2017-02-21T11:06:54+08:00 ] ::1 /OA43/index.php/Home/UserInfo/changes.html
INFO: [ app_begin ] --START--
INFO: Run Behavior\ReadHtmlCacheBehavior [ RunTime:0.001250s ]
INFO: [ app_begin ] --END-- [ RunTime:0.002115s ]
SQL: SHOW COLUMNS FROM `oa_user_info` [ RunTime:0.0058s ]
SQL: UPDATE `oa_user_info` SET `status`='2' WHERE `id` = 1 [ RunTime:0.0714s ]

[ 2017-02-21T11:06:55+08:00 ] ::1 /OA43/index.php/Home/UserInfo/changes.html
INFO: [ app_begin ] --START--
INFO: Run Behavior\ReadHtmlCacheBehavior [ RunTime:0.001423s ]
INFO: [ app_begin ] --END-- [ RunTime:0.002376s ]
SQL: SHOW COLUMNS FROM `oa_user_info` [ RunTime:0.0060s ]
SQL: UPDATE `oa_user_info` SET `status`='1' WHERE `id` = 1 [ RunTime:0.0697s ]

[ 2017-02-21T11:23:22+08:00 ] ::1 /OA43/index.php/Home/UserInfo/downloadss/id/1.html
ERR: E:/wamp/www/OA43/Public/data/20161103/581ab13d9ad0b.doc下载文件不存在！

[ 2017-02-21T11:25:57+08:00 ] ::1 /OA43/index.php/Home/UserInfo/downloadss/id/1.html
ERR: E:/wamp/www/OA43/Public/data/20161103/581ab13d9ad0b.doc下载文件不存在！

[ 2017-02-21T11:26:12+08:00 ] ::1 /OA43/index.php/Home/UserInfo/downloadss/id/33.html
ERR: E:/wamp/www/OA43/下载文件不存在！

[ 2017-02-21T11:32:33+08:00 ] ::1 /OA43/index.php/Home/UserInfo/downloadss/id/2.html
ERR: E:/wamp/www/OA43/Public/data/20161103/581ab13d9ad0b.doc下载文件不存在！

[ 2017-02-21T11:32:50+08:00 ] ::1 /OA43/index.php/Home/UserInfo/downloadss/id/3.html
ERR: E:/wamp/www/OA43/Public/data/20161103/581ab13d9ad0b.doc下载文件不存在！

[ 2017-02-21T11:33:08+08:00 ] ::1 /OA43/index.php/Home/UserInfo/downloadss/id/3.html
ERR: E:/wamp/www/OA43/Public/data/20161103/581ab13d9ad0b.doc下载文件不存在！

[ 2017-02-21T11:34:35+08:00 ] ::1 /OA43/index.php/Home/StudentTrain/index.html
ERR: 无法加载控制器:StudentTrain

[ 2017-02-21T11:35:00+08:00 ] ::1 /OA43/index.php/Home/StudentTrain/index.html
ERR: 无法加载控制器:StudentTrain

[ 2017-02-21T11:38:05+08:00 ] ::1 /OA43/index.php/Home/StudentTrain/index.html
ERR: 无法加载控制器:StudentTrain

[ 2017-02-21T11:38:06+08:00 ] ::1 /OA43/index.php/Home/StudentTrain/index.html
ERR: 无法加载控制器:StudentTrain

[ 2017-02-21T11:38:11+08:00 ] ::1 /OA43/index.php/Home/StudentTrain/index.html
ERR: 无法加载控制器:StudentTrain

[ 2017-02-21T13:49:39+08:00 ] ::1 /OA43/index.php/Home/ClassChange/index.html
ERR: 模板不存在:./Ds/Home/View/StudentTrain/index_change.html

[ 2017-02-21T14:30:47+08:00 ] ::1 /OA43/index.php/Home/ClassChange/index.html
ERR: 模板不存在:./Ds/Home/View/StudentTrain/index_change.html

[ 2017-02-21T14:30:52+08:00 ] ::1 /OA43/index.php/Home/ClassChange/index.html
ERR: 模板不存在:./Ds/Home/View/StudentTrain/index_change.html

[ 2017-02-21T14:44:34+08:00 ] ::1 /OA43/index.php/Home/TeacherEvaluate/index.html
ERR: 无法加载控制器:TeacherEvaluate

[ 2017-02-21T14:52:51+08:00 ] ::1 /OA43/index.php/Home/TeacherEvaluate/index.html
ERR: 无法加载控制器:TeacherEvaluate

[ 2017-02-21T14:52:55+08:00 ] ::1 /OA43/index.php/Home/TeacherEvaluate/index.html
ERR: 无法加载控制器:TeacherEvaluate

[ 2017-02-21T15:01:38+08:00 ] ::1 /OA43/index.php/Home/WorkAbilityTest/index.html
ERR: 无法加载控制器:WorkAbilityTest

[ 2017-02-21T15:29:38+08:00 ] ::1 /OA43/index.php/Home/TeacherEvaluate/index.html
ERR: 无法加载控制器:TeacherEvaluate

[ 2017-02-21T15:29:39+08:00 ] ::1 /OA43/index.php/Home/TeacherEvaluate/index.html
ERR: 无法加载控制器:TeacherEvaluate

[ 2017-02-21T15:30:47+08:00 ] ::1 /OA43/index.php/Home/WorkAbilityTest/index.html
ERR: 无法加载控制器:WorkAbilityTest

[ 2017-02-21T15:37:32+08:00 ] 127.0.0.1 /OA43/index.php/Home/WorkAbilityTest/index.html
ERR: 无法加载控制器:WorkAbilityTest

[ 2017-02-21T16:32:21+08:00 ] ::1 /OA43/index.php/Home/ClassInfo/save/id/3.html
ERR: XML标签语法错误 : name="<{$arr['class_type']}

[ 2017-02-21T16:34:57+08:00 ] ::1 /OA43/index.php/Home/ClassInfo/save/id/1.html
ERR: XML标签语法错误 : name="<{$arr['class_type']}

[ 2017-02-21T16:37:22+08:00 ] ::1 /OA43/index.php/Home/ClassInfo/save/id/3.html
ERR: XML标签语法错误 : condition="<{$arr['class_type']}

