[ 2017-02-15T08:37:57+08:00 ] ::1 /OA43/index.php/Home/UserInfo/index.html
ERR: 无法加载控制器:UserInfo

[ 2017-02-15T09:36:05+08:00 ] ::1 /OA43/index.php/Home/UserInfo/index.html
ERR: 无法加载控制器:UserInfo

[ 2017-02-15T09:36:07+08:00 ] ::1 /OA43/index.php/Home/UserInfo/index.html
ERR: 无法加载控制器:UserInfo

[ 2017-02-15T09:42:47+08:00 ] ::1 /OA43/index.php/Home/UserInfo/index.html
ERR: 无法加载控制器:UserInfo

[ 2017-02-15T09:42:49+08:00 ] ::1 /OA43/index.php/Home/UserInfo/index.html
ERR: 无法加载控制器:UserInfo

[ 2017-02-15T09:42:49+08:00 ] ::1 /OA43/index.php/Home/UserInfo/index.html
ERR: 无法加载控制器:UserInfo

[ 2017-02-15T09:42:50+08:00 ] ::1 /OA43/index.php/Home/UserInfo/index.html
ERR: 无法加载控制器:UserInfo

[ 2017-02-15T09:42:50+08:00 ] ::1 /OA43/index.php/Home/UserInfo/index.html
ERR: 无法加载控制器:UserInfo

[ 2017-02-15T09:42:50+08:00 ] ::1 /OA43/index.php/Home/UserInfo/index.html
ERR: 无法加载控制器:UserInfo

[ 2017-02-15T09:44:32+08:00 ] ::1 /OA43/index.php/Home/UserInfo/index.html
ERR: 非法操作:index

[ 2017-02-15T09:47:25+08:00 ] ::1 /OA43/index.php/Home/UserInfo/index.html
ERR: 非法操作:index

[ 2017-02-15T09:47:26+08:00 ] ::1 /OA43/index.php/Home/UserInfo/index.html
ERR: 非法操作:index

[ 2017-02-15T09:47:26+08:00 ] ::1 /OA43/index.php/Home/UserInfo/index.html
ERR: 非法操作:index

[ 2017-02-15T09:47:26+08:00 ] ::1 /OA43/index.php/Home/UserInfo/index.html
ERR: 非法操作:index

[ 2017-02-15T09:47:55+08:00 ] ::1 /OA43/index.php/Home/UserInfo/index.html
ERR: 非法操作:index

[ 2017-02-15T09:47:56+08:00 ] ::1 /OA43/index.php/Home/UserInfo/index.html
ERR: 非法操作:index

[ 2017-02-15T09:48:31+08:00 ] ::1 /OA43/index.php/Home/UserInfo/index.html
ERR: 非法操作:index

[ 2017-02-15T09:50:24+08:00 ] ::1 /OA43/index.php/Home/UserInfo/index.html
ERR: 非法操作:index

[ 2017-02-15T09:50:25+08:00 ] ::1 /OA43/index.php/Home/UserInfo/index.html
ERR: 非法操作:index

[ 2017-02-15T09:50:26+08:00 ] ::1 /OA43/index.php/Home/UserInfo/index.html
ERR: 非法操作:index

[ 2017-02-15T09:50:46+08:00 ] ::1 /OA43/index.php/Home/UserInfo/index.html
ERR: 非法操作:index

[ 2017-02-15T09:50:47+08:00 ] ::1 /OA43/index.php/Home/UserInfo/index.html
ERR: 非法操作:index

[ 2017-02-15T09:50:47+08:00 ] ::1 /OA43/index.php/Home/UserInfo/index.html
ERR: 非法操作:index

[ 2017-02-15T09:50:47+08:00 ] ::1 /OA43/index.php/Home/UserInfo/index.html
ERR: 非法操作:index

[ 2017-02-15T16:48:51+08:00 ] ::1 /OA43/index.php/Home/UserInfo/changes.html
INFO: [ app_begin ] --START--
INFO: Run Behavior\ReadHtmlCacheBehavior [ RunTime:0.001052s ]
INFO: [ app_begin ] --END-- [ RunTime:0.001881s ]
SQL: SHOW COLUMNS FROM `oa_user_info` [ RunTime:0.0166s ]
SQL: UPDATE `oa_user_info` SET `status`='2' WHERE `id` = 1 [ RunTime:0.0761s ]

[ 2017-02-15T16:48:55+08:00 ] ::1 /OA43/index.php/Home/UserInfo/changes.html
INFO: [ app_begin ] --START--
INFO: Run Behavior\ReadHtmlCacheBehavior [ RunTime:0.001126s ]
INFO: [ app_begin ] --END-- [ RunTime:0.001891s ]
SQL: SHOW COLUMNS FROM `oa_user_info` [ RunTime:0.0047s ]
SQL: UPDATE `oa_user_info` SET `status`='1' WHERE `id` = 1 [ RunTime:0.0500s ]

[ 2017-02-15T16:48:57+08:00 ] ::1 /OA43/index.php/Home/UserInfo/changes.html
INFO: [ app_begin ] --START--
INFO: Run Behavior\ReadHtmlCacheBehavior [ RunTime:0.001361s ]
INFO: [ app_begin ] --END-- [ RunTime:0.002328s ]
SQL: SHOW COLUMNS FROM `oa_user_info` [ RunTime:0.0047s ]
SQL: UPDATE `oa_user_info` SET `status`='2' WHERE `id` = 1 [ RunTime:0.0769s ]

[ 2017-02-15T16:49:09+08:00 ] ::1 /OA43/index.php/Home/UserInfo/changes.html
INFO: [ app_begin ] --START--
INFO: Run Behavior\ReadHtmlCacheBehavior [ RunTime:0.001216s ]
INFO: [ app_begin ] --END-- [ RunTime:0.002010s ]
SQL: SHOW COLUMNS FROM `oa_user_info` [ RunTime:0.0044s ]
SQL: UPDATE `oa_user_info` SET `status`='1' WHERE `id` = 1 [ RunTime:0.0633s ]

[ 2017-02-15T16:49:13+08:00 ] ::1 /OA43/index.php/Home/UserInfo/changes.html
INFO: [ app_begin ] --START--
INFO: Run Behavior\ReadHtmlCacheBehavior [ RunTime:0.000959s ]
INFO: [ app_begin ] --END-- [ RunTime:0.001770s ]
SQL: SHOW COLUMNS FROM `oa_user_info` [ RunTime:0.0043s ]
SQL: UPDATE `oa_user_info` SET `status`='2' WHERE `id` = 1 [ RunTime:0.0730s ]

[ 2017-02-15T16:49:16+08:00 ] ::1 /OA43/index.php/Home/UserInfo/changes.html
INFO: [ app_begin ] --START--
INFO: Run Behavior\ReadHtmlCacheBehavior [ RunTime:0.001253s ]
INFO: [ app_begin ] --END-- [ RunTime:0.002097s ]
SQL: SHOW COLUMNS FROM `oa_user_info` [ RunTime:0.0047s ]
SQL: UPDATE `oa_user_info` SET `status`='1' WHERE `id` = 1 [ RunTime:0.0635s ]

[ 2017-02-15T16:50:52+08:00 ] ::1 /OA43/index.php/Home/UserInfo/changes.html
INFO: [ app_begin ] --START--
INFO: Run Behavior\ReadHtmlCacheBehavior [ RunTime:0.001200s ]
INFO: [ app_begin ] --END-- [ RunTime:0.002010s ]
SQL: SHOW COLUMNS FROM `oa_user_info` [ RunTime:0.0046s ]
SQL: UPDATE `oa_user_info` SET `status`='2' WHERE `id` = 1 [ RunTime:0.1293s ]

[ 2017-02-15T16:51:00+08:00 ] ::1 /OA43/index.php/Home/UserInfo/changes.html
INFO: [ app_begin ] --START--
INFO: Run Behavior\ReadHtmlCacheBehavior [ RunTime:0.001204s ]
INFO: [ app_begin ] --END-- [ RunTime:0.002104s ]
SQL: SHOW COLUMNS FROM `oa_user_info` [ RunTime:0.0044s ]
SQL: UPDATE `oa_user_info` SET `status`='1' WHERE `id` = 1 [ RunTime:0.0774s ]

[ 2017-02-15T16:51:04+08:00 ] ::1 /OA43/index.php/Home/UserInfo/changes.html
INFO: [ app_begin ] --START--
INFO: Run Behavior\ReadHtmlCacheBehavior [ RunTime:0.001300s ]
INFO: [ app_begin ] --END-- [ RunTime:0.002131s ]
SQL: SHOW COLUMNS FROM `oa_user_info` [ RunTime:0.0045s ]
SQL: UPDATE `oa_user_info` SET `status`='2' WHERE `id` = 1 [ RunTime:0.0536s ]

[ 2017-02-15T16:51:05+08:00 ] ::1 /OA43/index.php/Home/UserInfo/changes.html
INFO: [ app_begin ] --START--
INFO: Run Behavior\ReadHtmlCacheBehavior [ RunTime:0.001279s ]
INFO: [ app_begin ] --END-- [ RunTime:0.002209s ]
SQL: SHOW COLUMNS FROM `oa_user_info` [ RunTime:0.0045s ]
SQL: UPDATE `oa_user_info` SET `status`='1' WHERE `id` = 1 [ RunTime:0.0700s ]

[ 2017-02-15T16:51:06+08:00 ] ::1 /OA43/index.php/Home/UserInfo/changes.html
INFO: [ app_begin ] --START--
INFO: Run Behavior\ReadHtmlCacheBehavior [ RunTime:0.001228s ]
INFO: [ app_begin ] --END-- [ RunTime:0.002171s ]
SQL: SHOW COLUMNS FROM `oa_user_info` [ RunTime:0.0048s ]
SQL: UPDATE `oa_user_info` SET `status`='2' WHERE `id` = 1 [ RunTime:0.0531s ]

[ 2017-02-15T16:51:06+08:00 ] ::1 /OA43/index.php/Home/UserInfo/changes.html
INFO: [ app_begin ] --START--
INFO: Run Behavior\ReadHtmlCacheBehavior [ RunTime:0.001093s ]
INFO: [ app_begin ] --END-- [ RunTime:0.001918s ]
SQL: SHOW COLUMNS FROM `oa_user_info` [ RunTime:0.0047s ]
SQL: UPDATE `oa_user_info` SET `status`='1' WHERE `id` = 1 [ RunTime:0.0391s ]

[ 2017-02-15T16:51:07+08:00 ] ::1 /OA43/index.php/Home/UserInfo/changes.html
INFO: [ app_begin ] --START--
INFO: Run Behavior\ReadHtmlCacheBehavior [ RunTime:0.000933s ]
INFO: [ app_begin ] --END-- [ RunTime:0.001801s ]
SQL: SHOW COLUMNS FROM `oa_user_info` [ RunTime:0.0048s ]
SQL: UPDATE `oa_user_info` SET `status`='2' WHERE `id` = 1 [ RunTime:0.0342s ]

[ 2017-02-15T16:51:08+08:00 ] ::1 /OA43/index.php/Home/UserInfo/changes.html
INFO: [ app_begin ] --START--
INFO: Run Behavior\ReadHtmlCacheBehavior [ RunTime:0.001014s ]
INFO: [ app_begin ] --END-- [ RunTime:0.001672s ]
SQL: SHOW COLUMNS FROM `oa_user_info` [ RunTime:0.0042s ]
SQL: UPDATE `oa_user_info` SET `status`='1' WHERE `id` = 1 [ RunTime:0.1460s ]

[ 2017-02-15T16:51:10+08:00 ] ::1 /OA43/index.php/Home/UserInfo/changes.html
INFO: [ app_begin ] --START--
INFO: Run Behavior\ReadHtmlCacheBehavior [ RunTime:0.001217s ]
INFO: [ app_begin ] --END-- [ RunTime:0.002090s ]
SQL: SHOW COLUMNS FROM `oa_user_info` [ RunTime:0.0045s ]
SQL: UPDATE `oa_user_info` SET `status`='2' WHERE `id` = 1 [ RunTime:0.0589s ]

[ 2017-02-15T16:51:12+08:00 ] ::1 /OA43/index.php/Home/UserInfo/changes.html
INFO: [ app_begin ] --START--
INFO: Run Behavior\ReadHtmlCacheBehavior [ RunTime:0.001274s ]
INFO: [ app_begin ] --END-- [ RunTime:0.002101s ]
SQL: SHOW COLUMNS FROM `oa_user_info` [ RunTime:0.0048s ]
SQL: UPDATE `oa_user_info` SET `status`='1' WHERE `id` = 1 [ RunTime:0.0495s ]

[ 2017-02-15T16:51:19+08:00 ] ::1 /OA43/index.php/Home/UserInfo/changes.html
INFO: [ app_begin ] --START--
INFO: Run Behavior\ReadHtmlCacheBehavior [ RunTime:0.001801s ]
INFO: [ app_begin ] --END-- [ RunTime:0.002713s ]
SQL: SHOW COLUMNS FROM `oa_user_info` [ RunTime:0.0039s ]
SQL: UPDATE `oa_user_info` SET `status`='2' WHERE `id` = 1 [ RunTime:0.0599s ]

[ 2017-02-15T16:51:23+08:00 ] ::1 /OA43/index.php/Home/UserInfo/changes.html
INFO: [ app_begin ] --START--
INFO: Run Behavior\ReadHtmlCacheBehavior [ RunTime:0.000952s ]
INFO: [ app_begin ] --END-- [ RunTime:0.001694s ]
SQL: SHOW COLUMNS FROM `oa_user_info` [ RunTime:0.0050s ]
SQL: UPDATE `oa_user_info` SET `status`='1' WHERE `id` = 2 [ RunTime:0.0571s ]

[ 2017-02-15T16:51:26+08:00 ] ::1 /OA43/index.php/Home/UserInfo/changes.html
INFO: [ app_begin ] --START--
INFO: Run Behavior\ReadHtmlCacheBehavior [ RunTime:0.001192s ]
INFO: [ app_begin ] --END-- [ RunTime:0.002026s ]
SQL: SHOW COLUMNS FROM `oa_user_info` [ RunTime:0.0047s ]
SQL: UPDATE `oa_user_info` SET `status`='1' WHERE `id` = 3 [ RunTime:0.0559s ]

[ 2017-02-15T16:51:30+08:00 ] ::1 /OA43/index.php/Home/UserInfo/changes.html
INFO: [ app_begin ] --START--
INFO: Run Behavior\ReadHtmlCacheBehavior [ RunTime:0.001333s ]
INFO: [ app_begin ] --END-- [ RunTime:0.002273s ]
SQL: SHOW COLUMNS FROM `oa_user_info` [ RunTime:0.0051s ]
SQL: UPDATE `oa_user_info` SET `status`='1' WHERE `id` = 30 [ RunTime:0.0420s ]

[ 2017-02-15T16:51:32+08:00 ] ::1 /OA43/index.php/Home/UserInfo/changes.html
INFO: [ app_begin ] --START--
INFO: Run Behavior\ReadHtmlCacheBehavior [ RunTime:0.001353s ]
INFO: [ app_begin ] --END-- [ RunTime:0.002310s ]
SQL: SHOW COLUMNS FROM `oa_user_info` [ RunTime:0.0038s ]
SQL: UPDATE `oa_user_info` SET `status`='2' WHERE `id` = 30 [ RunTime:0.0670s ]

[ 2017-02-15T16:51:33+08:00 ] ::1 /OA43/index.php/Home/UserInfo/changes.html
INFO: [ app_begin ] --START--
INFO: Run Behavior\ReadHtmlCacheBehavior [ RunTime:0.001195s ]
INFO: [ app_begin ] --END-- [ RunTime:0.001896s ]
SQL: SHOW COLUMNS FROM `oa_user_info` [ RunTime:0.0043s ]
SQL: UPDATE `oa_user_info` SET `status`='1' WHERE `id` = 30 [ RunTime:0.0614s ]

[ 2017-02-15T16:52:56+08:00 ] ::1 /OA43/index.php/Home/UserInfo/changes.html
INFO: [ app_begin ] --START--
INFO: Run Behavior\ReadHtmlCacheBehavior [ RunTime:0.001356s ]
INFO: [ app_begin ] --END-- [ RunTime:0.002132s ]
SQL: SHOW COLUMNS FROM `oa_user_info` [ RunTime:0.0043s ]
SQL: UPDATE `oa_user_info` SET `status`='1' WHERE `id` = 1 [ RunTime:0.0675s ]

[ 2017-02-15T16:52:58+08:00 ] ::1 /OA43/index.php/Home/UserInfo/changes.html
INFO: [ app_begin ] --START--
INFO: Run Behavior\ReadHtmlCacheBehavior [ RunTime:0.000935s ]
INFO: [ app_begin ] --END-- [ RunTime:0.001616s ]
SQL: SHOW COLUMNS FROM `oa_user_info` [ RunTime:0.0048s ]
SQL: UPDATE `oa_user_info` SET `status`='2' WHERE `id` = 1 [ RunTime:0.0533s ]

[ 2017-02-15T16:52:59+08:00 ] ::1 /OA43/index.php/Home/UserInfo/changes.html
INFO: [ app_begin ] --START--
INFO: Run Behavior\ReadHtmlCacheBehavior [ RunTime:0.001203s ]
INFO: [ app_begin ] --END-- [ RunTime:0.002011s ]
SQL: SHOW COLUMNS FROM `oa_user_info` [ RunTime:0.0040s ]
SQL: UPDATE `oa_user_info` SET `status`='2' WHERE `id` = 2 [ RunTime:0.0535s ]

[ 2017-02-15T16:53:00+08:00 ] ::1 /OA43/index.php/Home/UserInfo/changes.html
INFO: [ app_begin ] --START--
INFO: Run Behavior\ReadHtmlCacheBehavior [ RunTime:0.001251s ]
INFO: [ app_begin ] --END-- [ RunTime:0.002113s ]
SQL: SHOW COLUMNS FROM `oa_user_info` [ RunTime:0.0046s ]
SQL: UPDATE `oa_user_info` SET `status`='2' WHERE `id` = 3 [ RunTime:0.0494s ]

[ 2017-02-15T16:53:26+08:00 ] ::1 /OA43/index.php/Home/UserInfo/changes.html
INFO: [ app_begin ] --START--
INFO: Run Behavior\ReadHtmlCacheBehavior [ RunTime:0.001237s ]
INFO: [ app_begin ] --END-- [ RunTime:0.002100s ]
SQL: SHOW COLUMNS FROM `oa_user_info` [ RunTime:0.0049s ]
SQL: UPDATE `oa_user_info` SET `status`='1' WHERE `id` = 1 [ RunTime:0.0636s ]

[ 2017-02-15T16:53:29+08:00 ] ::1 /OA43/index.php/Home/UserInfo/changes.html
INFO: [ app_begin ] --START--
INFO: Run Behavior\ReadHtmlCacheBehavior [ RunTime:0.000978s ]
INFO: [ app_begin ] --END-- [ RunTime:0.001584s ]
SQL: SHOW COLUMNS FROM `oa_user_info` [ RunTime:0.0051s ]
SQL: UPDATE `oa_user_info` SET `status`='2' WHERE `id` = 1 [ RunTime:0.0557s ]

[ 2017-02-15T16:53:31+08:00 ] ::1 /OA43/index.php/Home/UserInfo/changes.html
INFO: [ app_begin ] --START--
INFO: Run Behavior\ReadHtmlCacheBehavior [ RunTime:0.001104s ]
INFO: [ app_begin ] --END-- [ RunTime:0.001899s ]
SQL: SHOW COLUMNS FROM `oa_user_info` [ RunTime:0.0041s ]
SQL: UPDATE `oa_user_info` SET `status`='1' WHERE `id` = 1 [ RunTime:0.0496s ]

[ 2017-02-15T16:53:32+08:00 ] ::1 /OA43/index.php/Home/UserInfo/changes.html
INFO: [ app_begin ] --START--
INFO: Run Behavior\ReadHtmlCacheBehavior [ RunTime:0.001023s ]
INFO: [ app_begin ] --END-- [ RunTime:0.001693s ]
SQL: SHOW COLUMNS FROM `oa_user_info` [ RunTime:0.0043s ]
SQL: UPDATE `oa_user_info` SET `status`='2' WHERE `id` = 1 [ RunTime:0.0486s ]

[ 2017-02-15T16:53:33+08:00 ] ::1 /OA43/index.php/Home/UserInfo/changes.html
INFO: [ app_begin ] --START--
INFO: Run Behavior\ReadHtmlCacheBehavior [ RunTime:0.001239s ]
INFO: [ app_begin ] --END-- [ RunTime:0.002094s ]
SQL: SHOW COLUMNS FROM `oa_user_info` [ RunTime:0.0045s ]
SQL: UPDATE `oa_user_info` SET `status`='1' WHERE `id` = 1 [ RunTime:0.0384s ]

[ 2017-02-15T16:53:33+08:00 ] ::1 /OA43/index.php/Home/UserInfo/changes.html
INFO: [ app_begin ] --START--
INFO: Run Behavior\ReadHtmlCacheBehavior [ RunTime:0.001329s ]
INFO: [ app_begin ] --END-- [ RunTime:0.002302s ]
SQL: SHOW COLUMNS FROM `oa_user_info` [ RunTime:0.0040s ]
SQL: UPDATE `oa_user_info` SET `status`='2' WHERE `id` = 1 [ RunTime:0.1147s ]

