[ 2019-07-08T12:52:33+08:00 ] 1.189.208.152 /admin.php/Home/Goods/index.html
INFO: [ app_init ] --START--
INFO: Run Behavior\BuildLiteBehavior [ RunTime:0.000019s ]
INFO: [ app_init ] --END-- [ RunTime:0.000351s ]
INFO: [ app_begin ] --START--
INFO: Run Behavior\ReadHtmlCacheBehavior [ RunTime:0.000445s ]
INFO: [ app_begin ] --END-- [ RunTime:0.000500s ]
SQL: SHOW COLUMNS FROM `db_auth_group_access` [ RunTime:0.0138s ]
SQL: SELECT `uid`,`group_id`,`title`,`rules` FROM db_auth_group_access a INNER JOIN db_auth_group g on a.group_id=g.id  WHERE ( a.uid='1' and g.status='1' )  [ RunTime:0.0003s ]
SQL: SHOW COLUMNS FROM `db_auth_rule` [ RunTime:0.0099s ]
SQL: SELECT `condition`,`name` FROM `db_auth_rule` WHERE `id` IN ('1','2','3','4','5','6','7','8','9','10','44','12','13','14','15','16','17','18','19','20','21','22','23','24','25','26','27','28','29','30','31','32','33','34','35','36','37','40','39','41','42','43','45','46','47','48','49','50','51','52','53','54','55','56','57','58','59','60','61','62','63','64','65','66','67','68','69','70','71','72','73','74','75','76','77','78','79','80','81','82','83','84','85','86') AND `type` = 1 AND `status` = 1  [ RunTime:0.0004s ]
SQL: SHOW COLUMNS FROM `db_goods_style` [ RunTime:0.0146s ]
SQL: SHOW COLUMNS FROM `db_goods` [ RunTime:0.0137s ]
NOTIC: [8] Undefined variable: where C:\WWW\yy\Ds\Home\Controller\GoodsController.class.php 第 20 行.
SQL: SELECT COUNT(*) AS tp_count FROM `db_goods` LIMIT 1   [ RunTime:0.0002s ]
SQL: SELECT * FROM `db_goods` ORDER BY gid desc LIMIT 0,10   [ RunTime:0.0003s ]
NOTIC: [2] Invalid argument supplied for foreach() C:\WWW\yy\Ds\Home\Controller\GoodsController.class.php 第 22 行.
INFO: [ view_parse ] --START--
INFO: [ template_filter ] --START--
INFO: Run Behavior\ContentReplaceBehavior [ RunTime:0.000049s ]
INFO: [ template_filter ] --END-- [ RunTime:0.000102s ]
INFO: Run Behavior\ParseTemplateBehavior [ RunTime:0.030098s ]
INFO: [ view_parse ] --END-- [ RunTime:0.030176s ]
INFO: [ view_filter ] --START--
INFO: Run Behavior\WriteHtmlCacheBehavior [ RunTime:0.000238s ]
INFO: [ view_filter ] --END-- [ RunTime:0.000282s ]
INFO: [ app_end ] --START--
INFO: Run Behavior\ShowPageTraceBehavior [ RunTime:0.000481s ]
INFO: [ app_end ] --END-- [ RunTime:0.000530s ]

[ 2019-07-08T12:52:36+08:00 ] 1.189.208.152 /admin.php/Home/Goods/style/gid/14.html
INFO: [ app_init ] --START--
INFO: Run Behavior\BuildLiteBehavior [ RunTime:0.000020s ]
INFO: [ app_init ] --END-- [ RunTime:0.000353s ]
INFO: [ app_begin ] --START--
INFO: Run Behavior\ReadHtmlCacheBehavior [ RunTime:0.000443s ]
INFO: [ app_begin ] --END-- [ RunTime:0.000499s ]
SQL: SHOW COLUMNS FROM `db_auth_group_access` [ RunTime:0.0139s ]
SQL: SELECT `uid`,`group_id`,`title`,`rules` FROM db_auth_group_access a INNER JOIN db_auth_group g on a.group_id=g.id  WHERE ( a.uid='1' and g.status='1' )  [ RunTime:0.0003s ]
SQL: SHOW COLUMNS FROM `db_auth_rule` [ RunTime:0.0101s ]
SQL: SELECT `condition`,`name` FROM `db_auth_rule` WHERE `id` IN ('1','2','3','4','5','6','7','8','9','10','44','12','13','14','15','16','17','18','19','20','21','22','23','24','25','26','27','28','29','30','31','32','33','34','35','36','37','40','39','41','42','43','45','46','47','48','49','50','51','52','53','54','55','56','57','58','59','60','61','62','63','64','65','66','67','68','69','70','71','72','73','74','75','76','77','78','79','80','81','82','83','84','85','86') AND `type` = 1 AND `status` = 1  [ RunTime:0.0004s ]
SQL: SHOW COLUMNS FROM `db_goods_style` [ RunTime:0.0145s ]
SQL: SELECT * FROM `db_goods_style` WHERE `gid` = 14 AND `del` = 1 ORDER BY create_time desc  [ RunTime:0.0003s ]
INFO: [ view_parse ] --START--
INFO: [ template_filter ] --START--
INFO: Run Behavior\ContentReplaceBehavior [ RunTime:0.000056s ]
INFO: [ template_filter ] --END-- [ RunTime:0.000110s ]
INFO: Run Behavior\ParseTemplateBehavior [ RunTime:0.010810s ]
INFO: [ view_parse ] --END-- [ RunTime:0.010873s ]
INFO: [ view_filter ] --START--
INFO: Run Behavior\WriteHtmlCacheBehavior [ RunTime:0.000223s ]
INFO: [ view_filter ] --END-- [ RunTime:0.000267s ]
INFO: [ app_end ] --START--
INFO: Run Behavior\ShowPageTraceBehavior [ RunTime:0.000469s ]
INFO: [ app_end ] --END-- [ RunTime:0.000520s ]

[ 2019-07-08T12:52:43+08:00 ] 1.189.208.152 /admin.php/Home/Goods/upload/pic_name/default_image/id/14
INFO: [ app_init ] --START--
INFO: Run Behavior\BuildLiteBehavior [ RunTime:0.000020s ]
INFO: [ app_init ] --END-- [ RunTime:0.000353s ]
INFO: [ app_begin ] --START--
INFO: Run Behavior\ReadHtmlCacheBehavior [ RunTime:0.000438s ]
INFO: [ app_begin ] --END-- [ RunTime:0.000495s ]
SQL: SHOW COLUMNS FROM `db_auth_group_access` [ RunTime:0.0133s ]
SQL: SELECT `uid`,`group_id`,`title`,`rules` FROM db_auth_group_access a INNER JOIN db_auth_group g on a.group_id=g.id  WHERE ( a.uid='1' and g.status='1' )  [ RunTime:0.0003s ]
SQL: SHOW COLUMNS FROM `db_auth_rule` [ RunTime:0.0097s ]
SQL: SELECT `condition`,`name` FROM `db_auth_rule` WHERE `id` IN ('1','2','3','4','5','6','7','8','9','10','44','12','13','14','15','16','17','18','19','20','21','22','23','24','25','26','27','28','29','30','31','32','33','34','35','36','37','40','39','41','42','43','45','46','47','48','49','50','51','52','53','54','55','56','57','58','59','60','61','62','63','64','65','66','67','68','69','70','71','72','73','74','75','76','77','78','79','80','81','82','83','84','85','86') AND `type` = 1 AND `status` = 1  [ RunTime:0.0004s ]
SQL: SHOW COLUMNS FROM `db_goods_style` [ RunTime:0.0145s ]
NOTIC: [2] call_user_func() expects parameter 1 to be a valid callback, no array or string given C:\WWW\yy\ThinkPHP\Library\Think\Upload.class.php 第 170 行.
SQL: INSERT INTO `db_goods_style` (`gid`,`photo`,`create_time`,`photo_thumb`) VALUES ('14','Uploads/20190708/5d22cc1af0eda.jpg','1562561563','Uploads/20190708/5d22cc1af0eda_thumb.jpg') [ RunTime:0.0032s ]

