[ 2017-06-09T10:29:05+08:00 ] 218.8.74.128 /favicon.ico
INFO: [ app_init ] --START--
INFO: Run Behavior\BuildLiteBehavior [ RunTime:0.000026s ]
INFO: [ app_init ] --END-- [ RunTime:0.000561s ]
ERR: 无法加载模块:Favicon

[ 2017-06-09T13:54:55+08:00 ] 218.8.74.128 /Public/css/ajax-loader.gif
INFO: [ app_init ] --START--
INFO: Run Behavior\BuildLiteBehavior [ RunTime:0.000023s ]
INFO: [ app_init ] --END-- [ RunTime:0.000456s ]
ERR: 无法加载模块:Public

[ 2017-06-09T13:54:55+08:00 ] 218.8.74.128 /Public/css/fonts/slick.woff
INFO: [ app_init ] --START--
INFO: Run Behavior\BuildLiteBehavior [ RunTime:0.000022s ]
INFO: [ app_init ] --END-- [ RunTime:0.000503s ]
ERR: 无法加载模块:Public

[ 2017-06-09T13:54:55+08:00 ] 218.8.74.128 /Public/css/fonts/slick.ttf
INFO: [ app_init ] --START--
INFO: Run Behavior\BuildLiteBehavior [ RunTime:0.000023s ]
INFO: [ app_init ] --END-- [ RunTime:0.000456s ]
ERR: 无法加载模块:Public

[ 2017-06-09T14:25:22+08:00 ] 121.0.29.221 /favicon.ico
INFO: [ app_init ] --START--
INFO: Run Behavior\BuildLiteBehavior [ RunTime:0.000024s ]
INFO: [ app_init ] --END-- [ RunTime:0.000742s ]
ERR: 无法加载模块:Favicon

[ 2017-06-09T17:46:35+08:00 ] 203.209.234.139 /alipayrsa/notify_url.php
INFO: [ app_init ] --START--
INFO: Run Behavior\BuildLiteBehavior [ RunTime:0.000026s ]
INFO: [ app_init ] --END-- [ RunTime:0.000518s ]
ERR: 无法加载模块:Alipayrsa

[ 2017-06-09T17:46:44+08:00 ] 218.8.74.128 /alipayrsa/return_url.php?total_amount=0.01&timestamp=2017-06-09+17%3A46%3A36&sign=jstqespJwvsBhJ3fWTR%2B8zG8oChtg7cwI7Xm5yvPVc6wkU%2F5olQpp5nAECgMKrfemYrk48%2BANGdigti%2FptfxUQcn6V1GSZrGiYkw2XjAhNQ6kWqMMBVnjSUZYdcmavdASiAfK1lFfrL%2FPZsRHNYJJwRTMzj9ZvuGoc0k8GbOJhJvOW%2FefnKO%2BD4kwodvcqoMKv4Fz4AHBGjboy1CwC8gNTFfE4rWd%2FKm3RIl8CLu98tzdAdcBhuCNaXceLmJOo5Lv08ImWm082qOTKLvt8MpI22%2BaaFoRYQHpcwRPprEWCpqTRrg0ITh8gumKS7CWWQsGr%2FYiHwZhtum2W3yjqtlAg%3D%3D&trade_no=2017060921001004810268277307&sign_type=RSA2&auth_app_id=2017052707362444&charset=UTF-8&seller_id=2088621871468584&method=alipay.trade.wap.pay.return&app_id=2017052707362444&out_trade_no=20176917411221&version=1.0
INFO: [ app_init ] --START--
INFO: Run Behavior\BuildLiteBehavior [ RunTime:0.000026s ]
INFO: [ app_init ] --END-- [ RunTime:0.000453s ]
ERR: 无法加载模块:Alipayrsa

[ 2017-06-09T17:52:08+08:00 ] 203.209.234.210 /alipayrsa/notify_url.php
INFO: [ app_init ] --START--
INFO: Run Behavior\BuildLiteBehavior [ RunTime:0.000026s ]
INFO: [ app_init ] --END-- [ RunTime:0.000730s ]
ERR: 无法加载模块:Alipayrsa

[ 2017-06-09T17:55:20+08:00 ] 218.8.74.128 /alipayrsa/return_url.php?total_amount=0.01&timestamp=2017-06-09+17%3A55%3A12&sign=imX5kGe6d%2Bywn31Np15Fm85Ar1Yfb9fLPkTmJFHAoKDSL%2F1QbP25krNtcI8pPsojlMuQkQdBawrtcjyD0G6OsVeVUt8rLMFKXVU%2BDBVyKMX9PPFhqLadH0naVvwb8RBEINOpyBzKbVL7t12wkQaj5jAmjQBnbMWPiR%2BDNmoNkpB7A5S%2BQspa4iHDy7jBRAi%2F9%2FWPV1VkeDsgQ80x7OXfVlff2Ir9Ma5hfrBmEO5KS0%2BbfTv8yrYv%2Bw0wSjVmG8J6mvTOExkadlPR6Lg0D0X%2FDIBkxm1ewcL2qiTv0JlSUltz4%2Bx5aQbUPfqKf2hrhxz4j8GIDDBRT3RMBnlxnWk%2BrQ%3D%3D&trade_no=2017060921001004810268277307&sign_type=RSA2&auth_app_id=2017052707362444&charset=UTF-8&seller_id=2088621871468584&method=alipay.trade.wap.pay.return&app_id=2017052707362444&out_trade_no=20176917411221&version=1.0
INFO: [ app_init ] --START--
INFO: Run Behavior\BuildLiteBehavior [ RunTime:0.000025s ]
INFO: [ app_init ] --END-- [ RunTime:0.000507s ]
ERR: 无法加载模块:Alipayrsa

[ 2017-06-09T18:01:05+08:00 ] 203.209.234.171 /alipayrsa/notify_url.php
INFO: [ app_init ] --START--
INFO: Run Behavior\BuildLiteBehavior [ RunTime:0.000025s ]
INFO: [ app_init ] --END-- [ RunTime:0.000525s ]
ERR: 无法加载模块:Alipayrsa

[ 2017-06-09T18:11:44+08:00 ] 203.209.234.2 /alipayrsa/notify_url.php
INFO: [ app_init ] --START--
INFO: Run Behavior\BuildLiteBehavior [ RunTime:0.000025s ]
INFO: [ app_init ] --END-- [ RunTime:0.000649s ]
ERR: 无法加载模块:Alipayrsa

