[ 2017-04-26T08:41:37+08:00 ] ::1 /yy/Public/css/ajax-loader.gif
ERR: 无法加载模块:Public

[ 2017-04-26T08:41:50+08:00 ] ::1 /yy/Public/css/ajax-loader.gif
ERR: 无法加载模块:Public

[ 2017-04-26T08:42:09+08:00 ] ::1 /yy/Public/css/ajax-loader.gif
ERR: 无法加载模块:Public

[ 2017-04-26T08:50:54+08:00 ] ::1 /yy/Public/css/ajax-loader.gif
ERR: 无法加载模块:Public

[ 2017-04-26T08:50:54+08:00 ] ::1 /yy/Public/css/fonts/slick.woff
ERR: 无法加载模块:Public

[ 2017-04-26T08:50:54+08:00 ] ::1 /yy/Public/css/fonts/slick.ttf
ERR: 无法加载模块:Public

[ 2017-04-26T09:00:26+08:00 ] ::1 /yy/Public/css/fonts/slick.woff
ERR: 无法加载模块:Public

[ 2017-04-26T09:00:26+08:00 ] ::1 /yy/Public/css/ajax-loader.gif
ERR: 无法加载模块:Public

[ 2017-04-26T09:00:26+08:00 ] ::1 /yy/Public/css/fonts/slick.ttf
ERR: 无法加载模块:Public

[ 2017-04-26T09:00:38+08:00 ] ::1 /yy/Public/css/ajax-loader.gif
ERR: 无法加载模块:Public

[ 2017-04-26T09:21:58+08:00 ] ::1 /yy/Public/css/ajax-loader.gif
ERR: 无法加载模块:Public

[ 2017-04-26T09:21:58+08:00 ] ::1 /yy/Public/css/fonts/slick.woff
ERR: 无法加载模块:Public

[ 2017-04-26T09:21:58+08:00 ] ::1 /yy/Public/css/fonts/slick.ttf
ERR: 无法加载模块:Public

[ 2017-04-26T09:38:47+08:00 ] ::1 /yy/Public/css/ajax-loader.gif
ERR: 无法加载模块:Public

[ 2017-04-26T09:38:47+08:00 ] ::1 /yy/Public/css/fonts/slick.woff
ERR: 无法加载模块:Public

[ 2017-04-26T09:38:47+08:00 ] ::1 /yy/Public/css/fonts/slick.ttf
ERR: 无法加载模块:Public

[ 2017-04-26T09:39:00+08:00 ] ::1 /yy/Public/css/ajax-loader.gif
ERR: 无法加载模块:Public

[ 2017-04-26T09:39:07+08:00 ] ::1 /yy/Public/css/ajax-loader.gif
ERR: 无法加载模块:Public

[ 2017-04-26T09:44:42+08:00 ] ::1 /yy/Public/css/ajax-loader.gif
ERR: 无法加载模块:Public

[ 2017-04-26T09:44:43+08:00 ] ::1 /yy/Public/css/fonts/slick.woff
ERR: 无法加载模块:Public

[ 2017-04-26T09:44:43+08:00 ] ::1 /yy/Public/css/fonts/slick.ttf
ERR: 无法加载模块:Public

[ 2017-04-26T09:50:19+08:00 ] ::1 /yy/Public/css/ajax-loader.gif
ERR: 无法加载模块:Public

[ 2017-04-26T09:50:19+08:00 ] ::1 /yy/Public/css/fonts/slick.woff
ERR: 无法加载模块:Public

[ 2017-04-26T09:50:19+08:00 ] ::1 /yy/Public/css/fonts/slick.ttf
ERR: 无法加载模块:Public

[ 2017-04-26T09:50:20+08:00 ] ::1 /yy/Public/css/ajax-loader.gif
ERR: 无法加载模块:Public

[ 2017-04-26T09:50:20+08:00 ] ::1 /yy/Public/css/fonts/slick.woff
ERR: 无法加载模块:Public

[ 2017-04-26T09:50:20+08:00 ] ::1 /yy/Public/css/fonts/slick.ttf
ERR: 无法加载模块:Public

[ 2017-04-26T10:02:54+08:00 ] ::1 /yy/Public/css/ajax-loader.gif
ERR: 无法加载模块:Public

[ 2017-04-26T10:03:11+08:00 ] ::1 /yy/Public/css/ajax-loader.gif
ERR: 无法加载模块:Public

[ 2017-04-26T10:03:11+08:00 ] ::1 /yy/Public/css/fonts/slick.woff
ERR: 无法加载模块:Public

[ 2017-04-26T10:03:11+08:00 ] ::1 /yy/Public/css/fonts/slick.ttf
ERR: 无法加载模块:Public

[ 2017-04-26T10:21:24+08:00 ] ::1 /yy/Public/data/20170424/58fd920bbca7f.jpg
ERR: 无法加载模块:Public

[ 2017-04-26T10:28:55+08:00 ] ::1 /yy/Public/css/ajax-loader.gif
ERR: 无法加载模块:Public

[ 2017-04-26T15:29:09+08:00 ] ::1 /yy/Public/css/ajax-loader.gif
ERR: 无法加载模块:Public

[ 2017-04-26T15:29:09+08:00 ] ::1 /yy/Public/css/fonts/slick.woff
ERR: 无法加载模块:Public

[ 2017-04-26T15:29:09+08:00 ] ::1 /yy/Public/css/fonts/slick.ttf
ERR: 无法加载模块:Public

