[ 2017-04-27T13:25:05+08:00 ] ::1 /yy/Public/data/20170424/58fd4b801c303.jpg
ERR: 无法加载模块:Public

[ 2017-04-27T13:39:59+08:00 ] ::1 /yy/Public/css/ajax-loader.gif
ERR: 无法加载模块:Public

[ 2017-04-27T13:48:50+08:00 ] ::1 /yy/index.php/img/ri.png
ERR: 无法加载模块:Img

[ 2017-04-27T13:48:51+08:00 ] ::1 /yy/Public/css/ajax-loader.gif
ERR: 无法加载模块:Public

[ 2017-04-27T13:48:51+08:00 ] ::1 /yy/Public/css/fonts/slick.woff
ERR: 无法加载模块:Public

[ 2017-04-27T13:48:51+08:00 ] ::1 /yy/Public/css/fonts/slick.ttf
ERR: 无法加载模块:Public

[ 2017-04-27T13:49:15+08:00 ] ::1 /yy/Public/css/ajax-loader.gif
ERR: 无法加载模块:Public

[ 2017-04-27T13:49:15+08:00 ] ::1 /yy/Public/css/fonts/slick.woff
ERR: 无法加载模块:Public

[ 2017-04-27T13:49:15+08:00 ] ::1 /yy/Public/css/fonts/slick.ttf
ERR: 无法加载模块:Public

[ 2017-04-27T14:00:38+08:00 ] ::1 /yy/Public/css/ajax-loader.gif
ERR: 无法加载模块:Public

