[ 2017-05-26T08:29:17+08:00 ] 113.4.139.55 /Public/css/ajax-loader.gif
INFO: [ app_init ] --START--
INFO: Run Behavior\BuildLiteBehavior [ RunTime:0.000028s ]
INFO: [ app_init ] --END-- [ RunTime:0.000659s ]
ERR: 无法加载模块:Public

[ 2017-05-26T08:29:18+08:00 ] 113.4.139.55 /Public/css/fonts/slick.woff
INFO: [ app_init ] --START--
INFO: Run Behavior\BuildLiteBehavior [ RunTime:0.000025s ]
INFO: [ app_init ] --END-- [ RunTime:0.000522s ]
ERR: 无法加载模块:Public

[ 2017-05-26T08:29:18+08:00 ] 113.4.139.55 /Public/css/fonts/slick.ttf
INFO: [ app_init ] --START--
INFO: Run Behavior\BuildLiteBehavior [ RunTime:0.000032s ]
INFO: [ app_init ] --END-- [ RunTime:0.000797s ]
ERR: 无法加载模块:Public

[ 2017-05-26T08:29:18+08:00 ] 113.4.139.55 /Public/css/fonts/slick.svg
INFO: [ app_init ] --START--
INFO: Run Behavior\BuildLiteBehavior [ RunTime:0.000025s ]
INFO: [ app_init ] --END-- [ RunTime:0.000705s ]
ERR: 无法加载模块:Public

[ 2017-05-26T08:58:25+08:00 ] 113.4.139.55 /Public/css/fonts/slick.woff
INFO: [ app_init ] --START--
INFO: Run Behavior\BuildLiteBehavior [ RunTime:0.000025s ]
INFO: [ app_init ] --END-- [ RunTime:0.000502s ]
ERR: 无法加载模块:Public

[ 2017-05-26T08:58:25+08:00 ] 113.4.139.55 /Public/css/fonts/slick.ttf
INFO: [ app_init ] --START--
INFO: Run Behavior\BuildLiteBehavior [ RunTime:0.000025s ]
INFO: [ app_init ] --END-- [ RunTime:0.000622s ]
ERR: 无法加载模块:Public

[ 2017-05-26T08:58:25+08:00 ] 113.4.139.55 /Public/css/ajax-loader.gif
INFO: [ app_init ] --START--
INFO: Run Behavior\BuildLiteBehavior [ RunTime:0.000025s ]
INFO: [ app_init ] --END-- [ RunTime:0.000503s ]
ERR: 无法加载模块:Public

[ 2017-05-26T08:58:35+08:00 ] 101.226.89.120 /Public/css/fonts/slick.woff
INFO: [ app_init ] --START--
INFO: Run Behavior\BuildLiteBehavior [ RunTime:0.000025s ]
INFO: [ app_init ] --END-- [ RunTime:0.000548s ]
ERR: 无法加载模块:Public

[ 2017-05-26T08:58:42+08:00 ] 113.4.139.55 /favicon.ico
INFO: [ app_init ] --START--
INFO: Run Behavior\BuildLiteBehavior [ RunTime:0.000026s ]
INFO: [ app_init ] --END-- [ RunTime:0.000555s ]
ERR: 无法加载模块:Favicon

[ 2017-05-26T08:58:42+08:00 ] 113.4.139.55 /favicon.ico
INFO: [ app_init ] --START--
INFO: Run Behavior\BuildLiteBehavior [ RunTime:0.000024s ]
INFO: [ app_init ] --END-- [ RunTime:0.000546s ]
ERR: 无法加载模块:Favicon

[ 2017-05-26T09:00:08+08:00 ] 113.4.139.55 /Public/css/ajax-loader.gif
INFO: [ app_init ] --START--
INFO: Run Behavior\BuildLiteBehavior [ RunTime:0.000029s ]
INFO: [ app_init ] --END-- [ RunTime:0.000904s ]
ERR: 无法加载模块:Public

[ 2017-05-26T09:00:08+08:00 ] 113.4.139.55 /Public/css/fonts/slick.woff
INFO: [ app_init ] --START--
INFO: Run Behavior\BuildLiteBehavior [ RunTime:0.000026s ]
INFO: [ app_init ] --END-- [ RunTime:0.000553s ]
ERR: 无法加载模块:Public

[ 2017-05-26T09:00:08+08:00 ] 113.4.139.55 /Public/css/fonts/slick.ttf
INFO: [ app_init ] --START--
INFO: Run Behavior\BuildLiteBehavior [ RunTime:0.000029s ]
INFO: [ app_init ] --END-- [ RunTime:0.000732s ]
ERR: 无法加载模块:Public

[ 2017-05-26T09:02:32+08:00 ] 113.4.139.55 /Public/css/ajax-loader.gif
INFO: [ app_init ] --START--
INFO: Run Behavior\BuildLiteBehavior [ RunTime:0.000024s ]
INFO: [ app_init ] --END-- [ RunTime:0.000716s ]
ERR: 无法加载模块:Public

[ 2017-05-26T09:02:32+08:00 ] 113.4.139.55 /Public/css/fonts/slick.woff
INFO: [ app_init ] --START--
INFO: Run Behavior\BuildLiteBehavior [ RunTime:0.000024s ]
INFO: [ app_init ] --END-- [ RunTime:0.000485s ]
ERR: 无法加载模块:Public

[ 2017-05-26T09:02:32+08:00 ] 113.4.139.55 /Public/css/fonts/slick.ttf
INFO: [ app_init ] --START--
INFO: Run Behavior\BuildLiteBehavior [ RunTime:0.000024s ]
INFO: [ app_init ] --END-- [ RunTime:0.001065s ]
ERR: 无法加载模块:Public

[ 2017-05-26T09:12:54+08:00 ] 113.4.139.55 /Public/css/ajax-loader.gif
INFO: [ app_init ] --START--
INFO: Run Behavior\BuildLiteBehavior [ RunTime:0.000031s ]
INFO: [ app_init ] --END-- [ RunTime:0.000463s ]
ERR: 无法加载模块:Public

[ 2017-05-26T09:12:54+08:00 ] 113.4.139.55 /Public/css/fonts/slick.woff
INFO: [ app_init ] --START--
INFO: Run Behavior\BuildLiteBehavior [ RunTime:0.000024s ]
INFO: [ app_init ] --END-- [ RunTime:0.000482s ]
ERR: 无法加载模块:Public

[ 2017-05-26T09:12:54+08:00 ] 113.4.139.55 /Public/css/fonts/slick.ttf
INFO: [ app_init ] --START--
INFO: Run Behavior\BuildLiteBehavior [ RunTime:0.000023s ]
INFO: [ app_init ] --END-- [ RunTime:0.000433s ]
ERR: 无法加载模块:Public

[ 2017-05-26T09:13:09+08:00 ] 113.4.139.55 /Public/css/ajax-loader.gif
INFO: [ app_init ] --START--
INFO: Run Behavior\BuildLiteBehavior [ RunTime:0.000024s ]
INFO: [ app_init ] --END-- [ RunTime:0.000618s ]
ERR: 无法加载模块:Public

[ 2017-05-26T09:13:09+08:00 ] 113.4.139.55 /Public/css/fonts/slick.woff
INFO: [ app_init ] --START--
INFO: Run Behavior\BuildLiteBehavior [ RunTime:0.000024s ]
INFO: [ app_init ] --END-- [ RunTime:0.000470s ]
ERR: 无法加载模块:Public

[ 2017-05-26T09:13:09+08:00 ] 113.4.139.55 /Public/css/fonts/slick.ttf
INFO: [ app_init ] --START--
INFO: Run Behavior\BuildLiteBehavior [ RunTime:0.000024s ]
INFO: [ app_init ] --END-- [ RunTime:0.000528s ]
ERR: 无法加载模块:Public

[ 2017-05-26T09:24:53+08:00 ] 113.4.139.55 /Public/css/ajax-loader.gif
INFO: [ app_init ] --START--
INFO: Run Behavior\BuildLiteBehavior [ RunTime:0.000025s ]
INFO: [ app_init ] --END-- [ RunTime:0.000444s ]
ERR: 无法加载模块:Public

[ 2017-05-26T09:24:53+08:00 ] 113.4.139.55 /Public/css/fonts/slick.woff
INFO: [ app_init ] --START--
INFO: Run Behavior\BuildLiteBehavior [ RunTime:0.000025s ]
INFO: [ app_init ] --END-- [ RunTime:0.000493s ]
ERR: 无法加载模块:Public

[ 2017-05-26T09:24:53+08:00 ] 113.4.139.55 /Public/css/fonts/slick.ttf
INFO: [ app_init ] --START--
INFO: Run Behavior\BuildLiteBehavior [ RunTime:0.000024s ]
INFO: [ app_init ] --END-- [ RunTime:0.000437s ]
ERR: 无法加载模块:Public

[ 2017-05-26T09:30:11+08:00 ] 113.4.139.55 /Public/css/ajax-loader.gif
INFO: [ app_init ] --START--
INFO: Run Behavior\BuildLiteBehavior [ RunTime:0.000024s ]
INFO: [ app_init ] --END-- [ RunTime:0.000492s ]
ERR: 无法加载模块:Public

[ 2017-05-26T09:30:11+08:00 ] 113.4.139.55 /Public/css/fonts/slick.woff
INFO: [ app_init ] --START--
INFO: Run Behavior\BuildLiteBehavior [ RunTime:0.000023s ]
INFO: [ app_init ] --END-- [ RunTime:0.000593s ]
ERR: 无法加载模块:Public

[ 2017-05-26T09:30:12+08:00 ] 113.4.139.55 /Public/css/fonts/slick.ttf
INFO: [ app_init ] --START--
INFO: Run Behavior\BuildLiteBehavior [ RunTime:0.000025s ]
INFO: [ app_init ] --END-- [ RunTime:0.000496s ]
ERR: 无法加载模块:Public

[ 2017-05-26T09:31:46+08:00 ] 113.4.139.55 /Public/css/ajax-loader.gif
INFO: [ app_init ] --START--
INFO: Run Behavior\BuildLiteBehavior [ RunTime:0.000026s ]
INFO: [ app_init ] --END-- [ RunTime:0.000510s ]
ERR: 无法加载模块:Public

[ 2017-05-26T09:31:46+08:00 ] 113.4.139.55 /Public/css/fonts/slick.woff
INFO: [ app_init ] --START--
INFO: Run Behavior\BuildLiteBehavior [ RunTime:0.000027s ]
INFO: [ app_init ] --END-- [ RunTime:0.000507s ]
ERR: 无法加载模块:Public

[ 2017-05-26T09:31:46+08:00 ] 113.4.139.55 /Public/css/fonts/slick.ttf
INFO: [ app_init ] --START--
INFO: Run Behavior\BuildLiteBehavior [ RunTime:0.000026s ]
INFO: [ app_init ] --END-- [ RunTime:0.000510s ]
ERR: 无法加载模块:Public

[ 2017-05-26T09:33:19+08:00 ] 113.4.139.55 /Public/css/ajax-loader.gif
INFO: [ app_init ] --START--
INFO: Run Behavior\BuildLiteBehavior [ RunTime:0.000024s ]
INFO: [ app_init ] --END-- [ RunTime:0.000505s ]
ERR: 无法加载模块:Public

[ 2017-05-26T09:33:19+08:00 ] 113.4.139.55 /Public/css/fonts/slick.woff
INFO: [ app_init ] --START--
INFO: Run Behavior\BuildLiteBehavior [ RunTime:0.000023s ]
INFO: [ app_init ] --END-- [ RunTime:0.000527s ]
ERR: 无法加载模块:Public

[ 2017-05-26T09:33:19+08:00 ] 113.4.139.55 /Public/css/fonts/slick.ttf
INFO: [ app_init ] --START--
INFO: Run Behavior\BuildLiteBehavior [ RunTime:0.000031s ]
INFO: [ app_init ] --END-- [ RunTime:0.000549s ]
ERR: 无法加载模块:Public

[ 2017-05-26T09:36:14+08:00 ] 113.4.139.55 /Public/css/ajax-loader.gif
INFO: [ app_init ] --START--
INFO: Run Behavior\BuildLiteBehavior [ RunTime:0.000025s ]
INFO: [ app_init ] --END-- [ RunTime:0.000492s ]
ERR: 无法加载模块:Public

[ 2017-05-26T09:36:14+08:00 ] 113.4.139.55 /Public/css/fonts/slick.woff
INFO: [ app_init ] --START--
INFO: Run Behavior\BuildLiteBehavior [ RunTime:0.000023s ]
INFO: [ app_init ] --END-- [ RunTime:0.000473s ]
ERR: 无法加载模块:Public

[ 2017-05-26T09:36:14+08:00 ] 113.4.139.55 /Public/css/fonts/slick.ttf
INFO: [ app_init ] --START--
INFO: Run Behavior\BuildLiteBehavior [ RunTime:0.000025s ]
INFO: [ app_init ] --END-- [ RunTime:0.000514s ]
ERR: 无法加载模块:Public

[ 2017-05-26T09:46:48+08:00 ] 113.4.139.55 /Public/css/ajax-loader.gif
INFO: [ app_init ] --START--
INFO: Run Behavior\BuildLiteBehavior [ RunTime:0.000025s ]
INFO: [ app_init ] --END-- [ RunTime:0.000496s ]
ERR: 无法加载模块:Public

[ 2017-05-26T09:46:48+08:00 ] 113.4.139.55 /Public/css/fonts/slick.woff
INFO: [ app_init ] --START--
INFO: Run Behavior\BuildLiteBehavior [ RunTime:0.000024s ]
INFO: [ app_init ] --END-- [ RunTime:0.000494s ]
ERR: 无法加载模块:Public

[ 2017-05-26T09:46:48+08:00 ] 113.4.139.55 /Public/css/fonts/slick.ttf
INFO: [ app_init ] --START--
INFO: Run Behavior\BuildLiteBehavior [ RunTime:0.000028s ]
INFO: [ app_init ] --END-- [ RunTime:0.000582s ]
ERR: 无法加载模块:Public

[ 2017-05-26T09:46:48+08:00 ] 113.4.139.55 /Public/css/fonts/slick.svg
INFO: [ app_init ] --START--
INFO: Run Behavior\BuildLiteBehavior [ RunTime:0.000025s ]
INFO: [ app_init ] --END-- [ RunTime:0.000500s ]
ERR: 无法加载模块:Public

[ 2017-05-26T10:00:39+08:00 ] 113.4.139.55 /Public/css/ajax-loader.gif
INFO: [ app_init ] --START--
INFO: Run Behavior\BuildLiteBehavior [ RunTime:0.000028s ]
INFO: [ app_init ] --END-- [ RunTime:0.001218s ]
ERR: 无法加载模块:Public

[ 2017-05-26T10:00:40+08:00 ] 113.4.139.55 /Public/css/fonts/slick.woff
INFO: [ app_init ] --START--
INFO: Run Behavior\BuildLiteBehavior [ RunTime:0.000028s ]
INFO: [ app_init ] --END-- [ RunTime:0.000516s ]
ERR: 无法加载模块:Public

[ 2017-05-26T10:00:40+08:00 ] 113.4.139.55 /Public/css/fonts/slick.ttf
INFO: [ app_init ] --START--
INFO: Run Behavior\BuildLiteBehavior [ RunTime:0.000023s ]
INFO: [ app_init ] --END-- [ RunTime:0.000714s ]
ERR: 无法加载模块:Public

[ 2017-05-26T10:00:40+08:00 ] 113.4.139.55 /Public/css/fonts/slick.svg
INFO: [ app_init ] --START--
INFO: Run Behavior\BuildLiteBehavior [ RunTime:0.000025s ]
INFO: [ app_init ] --END-- [ RunTime:0.000720s ]
ERR: 无法加载模块:Public

[ 2017-05-26T10:00:49+08:00 ] 113.4.139.55 /Public/css/fonts/slick.woff
INFO: [ app_init ] --START--
INFO: Run Behavior\BuildLiteBehavior [ RunTime:0.000026s ]
INFO: [ app_init ] --END-- [ RunTime:0.000511s ]
ERR: 无法加载模块:Public

[ 2017-05-26T10:00:49+08:00 ] 113.4.139.55 /Public/css/ajax-loader.gif
INFO: [ app_init ] --START--
INFO: Run Behavior\BuildLiteBehavior [ RunTime:0.000023s ]
INFO: [ app_init ] --END-- [ RunTime:0.000488s ]
ERR: 无法加载模块:Public

[ 2017-05-26T10:00:49+08:00 ] 113.4.139.55 /Public/css/fonts/slick.ttf
INFO: [ app_init ] --START--
INFO: Run Behavior\BuildLiteBehavior [ RunTime:0.000025s ]
INFO: [ app_init ] --END-- [ RunTime:0.000508s ]
ERR: 无法加载模块:Public

[ 2017-05-26T10:43:33+08:00 ] 113.4.139.55 /Public/css/ajax-loader.gif
INFO: [ app_init ] --START--
INFO: Run Behavior\BuildLiteBehavior [ RunTime:0.000026s ]
INFO: [ app_init ] --END-- [ RunTime:0.000507s ]
ERR: 无法加载模块:Public

[ 2017-05-26T10:43:33+08:00 ] 113.4.139.55 /Public/css/fonts/slick.woff
INFO: [ app_init ] --START--
INFO: Run Behavior\BuildLiteBehavior [ RunTime:0.000025s ]
INFO: [ app_init ] --END-- [ RunTime:0.000520s ]
ERR: 无法加载模块:Public

[ 2017-05-26T10:43:33+08:00 ] 113.4.139.55 /Public/css/fonts/slick.ttf
INFO: [ app_init ] --START--
INFO: Run Behavior\BuildLiteBehavior [ RunTime:0.000025s ]
INFO: [ app_init ] --END-- [ RunTime:0.000504s ]
ERR: 无法加载模块:Public

[ 2017-05-26T10:43:33+08:00 ] 113.4.139.55 /Public/css/fonts/slick.svg
INFO: [ app_init ] --START--
INFO: Run Behavior\BuildLiteBehavior [ RunTime:0.000024s ]
INFO: [ app_init ] --END-- [ RunTime:0.000496s ]
ERR: 无法加载模块:Public

[ 2017-05-26T10:44:40+08:00 ] 113.4.139.55 /Public/css/ajax-loader.gif
INFO: [ app_init ] --START--
INFO: Run Behavior\BuildLiteBehavior [ RunTime:0.000025s ]
INFO: [ app_init ] --END-- [ RunTime:0.000499s ]
ERR: 无法加载模块:Public

[ 2017-05-26T10:44:40+08:00 ] 113.4.139.55 /Public/css/fonts/slick.woff
INFO: [ app_init ] --START--
INFO: Run Behavior\BuildLiteBehavior [ RunTime:0.000025s ]
INFO: [ app_init ] --END-- [ RunTime:0.000500s ]
ERR: 无法加载模块:Public

[ 2017-05-26T10:44:40+08:00 ] 113.4.139.55 /Public/css/fonts/slick.ttf
INFO: [ app_init ] --START--
INFO: Run Behavior\BuildLiteBehavior [ RunTime:0.000026s ]
INFO: [ app_init ] --END-- [ RunTime:0.000501s ]
ERR: 无法加载模块:Public

[ 2017-05-26T10:45:33+08:00 ] 113.4.139.55 /Public/css/fonts/slick.woff
INFO: [ app_init ] --START--
INFO: Run Behavior\BuildLiteBehavior [ RunTime:0.000024s ]
INFO: [ app_init ] --END-- [ RunTime:0.000519s ]
ERR: 无法加载模块:Public

[ 2017-05-26T10:45:33+08:00 ] 113.4.139.55 /Public/css/fonts/slick.ttf
INFO: [ app_init ] --START--
INFO: Run Behavior\BuildLiteBehavior [ RunTime:0.000025s ]
INFO: [ app_init ] --END-- [ RunTime:0.000526s ]
ERR: 无法加载模块:Public

[ 2017-05-26T10:45:39+08:00 ] 113.4.139.55 /Public/css/ajax-loader.gif
INFO: [ app_init ] --START--
INFO: Run Behavior\BuildLiteBehavior [ RunTime:0.000025s ]
INFO: [ app_init ] --END-- [ RunTime:0.000499s ]
ERR: 无法加载模块:Public

[ 2017-05-26T10:45:39+08:00 ] 113.4.139.55 /Public/css/fonts/slick.woff
INFO: [ app_init ] --START--
INFO: Run Behavior\BuildLiteBehavior [ RunTime:0.000028s ]
INFO: [ app_init ] --END-- [ RunTime:0.000517s ]
ERR: 无法加载模块:Public

[ 2017-05-26T10:45:39+08:00 ] 113.4.139.55 /Public/css/fonts/slick.ttf
INFO: [ app_init ] --START--
INFO: Run Behavior\BuildLiteBehavior [ RunTime:0.000028s ]
INFO: [ app_init ] --END-- [ RunTime:0.000504s ]
ERR: 无法加载模块:Public

[ 2017-05-26T10:45:39+08:00 ] 113.4.139.55 /Public/css/fonts/slick.svg
INFO: [ app_init ] --START--
INFO: Run Behavior\BuildLiteBehavior [ RunTime:0.000025s ]
INFO: [ app_init ] --END-- [ RunTime:0.000508s ]
ERR: 无法加载模块:Public

[ 2017-05-26T10:45:52+08:00 ] 101.226.33.223 /Public/css/fonts/slick.woff
INFO: [ app_init ] --START--
INFO: Run Behavior\BuildLiteBehavior [ RunTime:0.000043s ]
INFO: [ app_init ] --END-- [ RunTime:0.000760s ]
ERR: 无法加载模块:Public

[ 2017-05-26T10:45:52+08:00 ] 101.226.33.223 /Public/css/fonts/slick.ttf
INFO: [ app_init ] --START--
INFO: Run Behavior\BuildLiteBehavior [ RunTime:0.000097s ]
INFO: [ app_init ] --END-- [ RunTime:0.000650s ]
ERR: 无法加载模块:Public

[ 2017-05-26T10:45:52+08:00 ] 101.226.33.223 /Public/css/fonts/slick.svg
INFO: [ app_init ] --START--
INFO: Run Behavior\BuildLiteBehavior [ RunTime:0.000030s ]
INFO: [ app_init ] --END-- [ RunTime:0.000627s ]
ERR: 无法加载模块:Public

[ 2017-05-26T10:46:18+08:00 ] 113.4.139.55 /Public/css/ajax-loader.gif
INFO: [ app_init ] --START--
INFO: Run Behavior\BuildLiteBehavior [ RunTime:0.000025s ]
INFO: [ app_init ] --END-- [ RunTime:0.000496s ]
ERR: 无法加载模块:Public

[ 2017-05-26T10:46:18+08:00 ] 113.4.139.55 /Public/css/fonts/slick.woff
INFO: [ app_init ] --START--
INFO: Run Behavior\BuildLiteBehavior [ RunTime:0.000023s ]
INFO: [ app_init ] --END-- [ RunTime:0.000469s ]
ERR: 无法加载模块:Public

[ 2017-05-26T10:46:18+08:00 ] 113.4.139.55 /Public/css/fonts/slick.ttf
INFO: [ app_init ] --START--
INFO: Run Behavior\BuildLiteBehavior [ RunTime:0.000024s ]
INFO: [ app_init ] --END-- [ RunTime:0.000508s ]
ERR: 无法加载模块:Public

[ 2017-05-26T11:19:43+08:00 ] 113.4.139.55 /favicon.ico
INFO: [ app_init ] --START--
INFO: Run Behavior\BuildLiteBehavior [ RunTime:0.000024s ]
INFO: [ app_init ] --END-- [ RunTime:0.000492s ]
ERR: 无法加载模块:Favicon

[ 2017-05-26T13:24:57+08:00 ] 113.4.139.55 /Public/css/ajax-loader.gif
INFO: [ app_init ] --START--
INFO: Run Behavior\BuildLiteBehavior [ RunTime:0.000029s ]
INFO: [ app_init ] --END-- [ RunTime:0.000545s ]
ERR: 无法加载模块:Public

[ 2017-05-26T13:24:57+08:00 ] 113.4.139.55 /Public/css/fonts/slick.woff
INFO: [ app_init ] --START--
INFO: Run Behavior\BuildLiteBehavior [ RunTime:0.000027s ]
INFO: [ app_init ] --END-- [ RunTime:0.000576s ]
ERR: 无法加载模块:Public

[ 2017-05-26T13:24:57+08:00 ] 113.4.139.55 /Public/css/fonts/slick.ttf
INFO: [ app_init ] --START--
INFO: Run Behavior\BuildLiteBehavior [ RunTime:0.000027s ]
INFO: [ app_init ] --END-- [ RunTime:0.000531s ]
ERR: 无法加载模块:Public

[ 2017-05-26T13:24:58+08:00 ] 113.4.139.55 /Public/css/fonts/slick.svg
INFO: [ app_init ] --START--
INFO: Run Behavior\BuildLiteBehavior [ RunTime:0.000026s ]
INFO: [ app_init ] --END-- [ RunTime:0.000525s ]
ERR: 无法加载模块:Public

[ 2017-05-26T13:34:27+08:00 ] 113.4.139.55 /Public/css/ajax-loader.gif
INFO: [ app_init ] --START--
INFO: Run Behavior\BuildLiteBehavior [ RunTime:0.000026s ]
INFO: [ app_init ] --END-- [ RunTime:0.000521s ]
ERR: 无法加载模块:Public

[ 2017-05-26T13:34:28+08:00 ] 113.4.139.55 /Public/css/fonts/slick.woff
INFO: [ app_init ] --START--
INFO: Run Behavior\BuildLiteBehavior [ RunTime:0.000026s ]
INFO: [ app_init ] --END-- [ RunTime:0.000629s ]
ERR: 无法加载模块:Public

[ 2017-05-26T13:34:28+08:00 ] 113.4.139.55 /Public/css/fonts/slick.ttf
INFO: [ app_init ] --START--
INFO: Run Behavior\BuildLiteBehavior [ RunTime:0.000024s ]
INFO: [ app_init ] --END-- [ RunTime:0.000517s ]
ERR: 无法加载模块:Public

[ 2017-05-26T13:34:28+08:00 ] 113.4.139.55 /Public/css/fonts/slick.svg
INFO: [ app_init ] --START--
INFO: Run Behavior\BuildLiteBehavior [ RunTime:0.000026s ]
INFO: [ app_init ] --END-- [ RunTime:0.000522s ]
ERR: 无法加载模块:Public

[ 2017-05-26T13:39:05+08:00 ] 113.4.139.55 /Public/css/ajax-loader.gif
INFO: [ app_init ] --START--
INFO: Run Behavior\BuildLiteBehavior [ RunTime:0.000026s ]
INFO: [ app_init ] --END-- [ RunTime:0.000564s ]
ERR: 无法加载模块:Public

[ 2017-05-26T13:39:05+08:00 ] 113.4.139.55 /Public/css/fonts/slick.woff
INFO: [ app_init ] --START--
INFO: Run Behavior\BuildLiteBehavior [ RunTime:0.000025s ]
INFO: [ app_init ] --END-- [ RunTime:0.000525s ]
ERR: 无法加载模块:Public

[ 2017-05-26T13:39:05+08:00 ] 113.4.139.55 /Public/css/fonts/slick.ttf
INFO: [ app_init ] --START--
INFO: Run Behavior\BuildLiteBehavior [ RunTime:0.000028s ]
INFO: [ app_init ] --END-- [ RunTime:0.000605s ]
ERR: 无法加载模块:Public

[ 2017-05-26T13:39:06+08:00 ] 113.4.139.55 /Public/css/fonts/slick.svg
INFO: [ app_init ] --START--
INFO: Run Behavior\BuildLiteBehavior [ RunTime:0.000024s ]
INFO: [ app_init ] --END-- [ RunTime:0.000935s ]
ERR: 无法加载模块:Public

[ 2017-05-26T13:42:59+08:00 ] 113.4.139.55 /Public/css/ajax-loader.gif
INFO: [ app_init ] --START--
INFO: Run Behavior\BuildLiteBehavior [ RunTime:0.000026s ]
INFO: [ app_init ] --END-- [ RunTime:0.000538s ]
ERR: 无法加载模块:Public

[ 2017-05-26T13:42:59+08:00 ] 113.4.139.55 /Public/css/fonts/slick.woff
INFO: [ app_init ] --START--
INFO: Run Behavior\BuildLiteBehavior [ RunTime:0.000024s ]
INFO: [ app_init ] --END-- [ RunTime:0.000571s ]
ERR: 无法加载模块:Public

[ 2017-05-26T13:42:59+08:00 ] 113.4.139.55 /Public/css/fonts/slick.ttf
INFO: [ app_init ] --START--
INFO: Run Behavior\BuildLiteBehavior [ RunTime:0.000033s ]
INFO: [ app_init ] --END-- [ RunTime:0.000551s ]
ERR: 无法加载模块:Public

[ 2017-05-26T13:42:59+08:00 ] 113.4.139.55 /Public/css/fonts/slick.svg
INFO: [ app_init ] --START--
INFO: Run Behavior\BuildLiteBehavior [ RunTime:0.000024s ]
INFO: [ app_init ] --END-- [ RunTime:0.000520s ]
ERR: 无法加载模块:Public

[ 2017-05-26T13:57:25+08:00 ] 157.55.39.0 /robots.txt
INFO: [ app_init ] --START--
INFO: Run Behavior\BuildLiteBehavior [ RunTime:0.000026s ]
INFO: [ app_init ] --END-- [ RunTime:0.000729s ]
ERR: 无法加载模块:Robots

[ 2017-05-26T13:57:36+08:00 ] 207.46.13.179 /robots.txt
INFO: [ app_init ] --START--
INFO: Run Behavior\BuildLiteBehavior [ RunTime:0.000029s ]
INFO: [ app_init ] --END-- [ RunTime:0.000552s ]
ERR: 无法加载模块:Robots

[ 2017-05-26T13:57:36+08:00 ] 207.46.13.179 /robots.txt
INFO: [ app_init ] --START--
INFO: Run Behavior\BuildLiteBehavior [ RunTime:0.000025s ]
INFO: [ app_init ] --END-- [ RunTime:0.000516s ]
ERR: 无法加载模块:Robots

[ 2017-05-26T14:04:55+08:00 ] 113.4.139.55 /favicon.ico
INFO: [ app_init ] --START--
INFO: Run Behavior\BuildLiteBehavior [ RunTime:0.000025s ]
INFO: [ app_init ] --END-- [ RunTime:0.000522s ]
ERR: 无法加载模块:Favicon

[ 2017-05-26T14:37:34+08:00 ] 113.4.139.55 /favicon.ico
INFO: [ app_init ] --START--
INFO: Run Behavior\BuildLiteBehavior [ RunTime:0.000026s ]
INFO: [ app_init ] --END-- [ RunTime:0.000531s ]
ERR: 无法加载模块:Favicon

[ 2017-05-26T14:40:19+08:00 ] 113.4.139.55 /favicon.ico
INFO: [ app_init ] --START--
INFO: Run Behavior\BuildLiteBehavior [ RunTime:0.000030s ]
INFO: [ app_init ] --END-- [ RunTime:0.000542s ]
ERR: 无法加载模块:Favicon

[ 2017-05-26T14:40:19+08:00 ] 113.4.139.55 /favicon.ico
INFO: [ app_init ] --START--
INFO: Run Behavior\BuildLiteBehavior [ RunTime:0.000025s ]
INFO: [ app_init ] --END-- [ RunTime:0.000538s ]
ERR: 无法加载模块:Favicon

[ 2017-05-26T14:45:18+08:00 ] 222.137.233.112 /favicon.ico
INFO: [ app_init ] --START--
INFO: Run Behavior\BuildLiteBehavior [ RunTime:0.000025s ]
INFO: [ app_init ] --END-- [ RunTime:0.000757s ]
ERR: 无法加载模块:Favicon

[ 2017-05-26T15:11:53+08:00 ] 113.4.139.55 /favicon.ico
INFO: [ app_init ] --START--
INFO: Run Behavior\BuildLiteBehavior [ RunTime:0.000027s ]
INFO: [ app_init ] --END-- [ RunTime:0.000526s ]
ERR: 无法加载模块:Favicon

[ 2017-05-26T15:42:43+08:00 ] 1.58.196.204 /favicon.ico
INFO: [ app_init ] --START--
INFO: Run Behavior\BuildLiteBehavior [ RunTime:0.000034s ]
INFO: [ app_init ] --END-- [ RunTime:0.000973s ]
ERR: 无法加载模块:Favicon

[ 2017-05-26T18:46:34+08:00 ] 113.128.80.4 /Public/css/fonts/slick.woff
INFO: [ app_init ] --START--
INFO: Run Behavior\BuildLiteBehavior [ RunTime:0.000025s ]
INFO: [ app_init ] --END-- [ RunTime:0.000703s ]
ERR: 无法加载模块:Public

[ 2017-05-26T18:46:36+08:00 ] 113.128.80.4 /Public/css/fonts/slick.ttf
INFO: [ app_init ] --START--
INFO: Run Behavior\BuildLiteBehavior [ RunTime:0.000030s ]
INFO: [ app_init ] --END-- [ RunTime:0.000737s ]
ERR: 无法加载模块:Public

[ 2017-05-26T18:46:38+08:00 ] 113.128.80.4 /Public/css/fonts/slick.svg
INFO: [ app_init ] --START--
INFO: Run Behavior\BuildLiteBehavior [ RunTime:0.000026s ]
INFO: [ app_init ] --END-- [ RunTime:0.000534s ]
ERR: 无法加载模块:Public

[ 2017-05-26T18:46:38+08:00 ] 113.128.80.4 /Public/css/ajax-loader.gif
INFO: [ app_init ] --START--
INFO: Run Behavior\BuildLiteBehavior [ RunTime:0.000025s ]
INFO: [ app_init ] --END-- [ RunTime:0.000439s ]
ERR: 无法加载模块:Public

[ 2017-05-26T18:46:50+08:00 ] 113.128.80.4 /Public/css/fonts/slick.woff
INFO: [ app_init ] --START--
INFO: Run Behavior\BuildLiteBehavior [ RunTime:0.000027s ]
INFO: [ app_init ] --END-- [ RunTime:0.000510s ]
ERR: 无法加载模块:Public

[ 2017-05-26T18:46:51+08:00 ] 113.128.80.4 /Public/css/ajax-loader.gif
INFO: [ app_init ] --START--
INFO: Run Behavior\BuildLiteBehavior [ RunTime:0.000031s ]
INFO: [ app_init ] --END-- [ RunTime:0.000810s ]
ERR: 无法加载模块:Public

[ 2017-05-26T18:46:51+08:00 ] 113.128.80.4 /Public/css/fonts/slick.ttf
INFO: [ app_init ] --START--
INFO: Run Behavior\BuildLiteBehavior [ RunTime:0.000024s ]
INFO: [ app_init ] --END-- [ RunTime:0.000524s ]
ERR: 无法加载模块:Public

[ 2017-05-26T18:46:51+08:00 ] 113.128.80.4 /Public/css/fonts/slick.svg
INFO: [ app_init ] --START--
INFO: Run Behavior\BuildLiteBehavior [ RunTime:0.000025s ]
INFO: [ app_init ] --END-- [ RunTime:0.000507s ]
ERR: 无法加载模块:Public

[ 2017-05-26T19:58:08+08:00 ] 1.58.196.204 /favicon.ico
INFO: [ app_init ] --START--
INFO: Run Behavior\BuildLiteBehavior [ RunTime:0.000025s ]
INFO: [ app_init ] --END-- [ RunTime:0.000698s ]
ERR: 无法加载模块:Favicon

