[ 2017-04-25T10:33:58+08:00 ] ::1 /yy/Public/data/20170424/58fd4b72947b3.jpg
ERR: 无法加载模块:Public

[ 2017-04-25T10:34:00+08:00 ] ::1 /yy/Public/data/20170424/58fd4b72947b3.jpg
ERR: 无法加载模块:Public

[ 2017-04-25T10:36:51+08:00 ] ::1 /yy/Public/js/jquery-1.8.3.min.js
ERR: 无法加载模块:Public

[ 2017-04-25T10:36:51+08:00 ] ::1 /yy/Public/img/nav1.png
ERR: 无法加载模块:Public

[ 2017-04-25T10:36:51+08:00 ] ::1 /yy/Public/img/yue.png
ERR: 无法加载模块:Public

[ 2017-04-25T10:36:51+08:00 ] ::1 /yy/Public/img/nav3.png
ERR: 无法加载模块:Public

[ 2017-04-25T10:36:51+08:00 ] ::1 /yy/Public/img/nav4.png
ERR: 无法加载模块:Public

[ 2017-04-25T10:36:51+08:00 ] ::1 /yy/Public/img/nav2.png
ERR: 无法加载模块:Public

[ 2017-04-25T10:36:51+08:00 ] ::1 /yy/Public/img/di2.png
ERR: 无法加载模块:Public

[ 2017-04-25T10:36:51+08:00 ] ::1 /yy/Public/img/di3.png
ERR: 无法加载模块:Public

[ 2017-04-25T10:36:51+08:00 ] ::1 /yy/Public/img/yun2.png
ERR: 无法加载模块:Public

[ 2017-04-25T10:36:51+08:00 ] ::1 /yy/Public/img/yun3.png
ERR: 无法加载模块:Public

[ 2017-04-25T10:36:51+08:00 ] ::1 /yy/Public/img/jiankong.png
ERR: 无法加载模块:Public

[ 2017-04-25T10:36:51+08:00 ] ::1 /yy/Public/img/shan.png
ERR: 无法加载模块:Public

[ 2017-04-25T10:36:51+08:00 ] ::1 /yy/Public/img/zhalan.png
ERR: 无法加载模块:Public

[ 2017-04-25T10:36:51+08:00 ] ::1 /yy/Public/img/yun1.png
ERR: 无法加载模块:Public

[ 2017-04-25T10:36:51+08:00 ] ::1 /yy/Public/img/yanglan2.png
ERR: 无法加载模块:Public

[ 2017-04-25T10:36:51+08:00 ] ::1 /yy/Public/img/di1.png
ERR: 无法加载模块:Public

[ 2017-04-25T10:36:51+08:00 ] ::1 /yy/Public/img/fengche1.png
ERR: 无法加载模块:Public

[ 2017-04-25T10:36:51+08:00 ] ::1 /yy/Public/img/shu.png
ERR: 无法加载模块:Public

[ 2017-04-25T10:36:51+08:00 ] ::1 /yy/Public/img/yang.png
ERR: 无法加载模块:Public

[ 2017-04-25T10:36:51+08:00 ] ::1 /yy/Public/img/rqq.png
ERR: 无法加载模块:Public

[ 2017-04-25T10:36:51+08:00 ] ::1 /yy/Public/img/yanglan.png
ERR: 无法加载模块:Public

[ 2017-04-25T10:36:51+08:00 ] ::1 /yy/Public/img/fengche2.png
ERR: 无法加载模块:Public

[ 2017-04-25T10:38:32+08:00 ] ::1 /yy/Public/js/jquery-1.8.3.min.js
ERR: 无法加载模块:Public

[ 2017-04-25T10:38:32+08:00 ] ::1 /yy/Public/img/nav1.png
ERR: 无法加载模块:Public

[ 2017-04-25T10:38:32+08:00 ] ::1 /yy/Public/img/di1.png
ERR: 无法加载模块:Public

[ 2017-04-25T10:38:32+08:00 ] ::1 /yy/Public/img/di2.png
ERR: 无法加载模块:Public

[ 2017-04-25T10:38:32+08:00 ] ::1 /yy/Public/img/di3.png
ERR: 无法加载模块:Public

[ 2017-04-25T10:38:32+08:00 ] ::1 /yy/Public/img/yue.png
ERR: 无法加载模块:Public

[ 2017-04-25T10:38:32+08:00 ] ::1 /yy/Public/img/shan.png
ERR: 无法加载模块:Public

[ 2017-04-25T10:38:32+08:00 ] ::1 /yy/Public/img/yun1.png
ERR: 无法加载模块:Public

[ 2017-04-25T10:38:32+08:00 ] ::1 /yy/Public/img/nav4.png
ERR: 无法加载模块:Public

[ 2017-04-25T10:38:32+08:00 ] ::1 /yy/Public/img/yun2.png
ERR: 无法加载模块:Public

[ 2017-04-25T10:38:32+08:00 ] ::1 /yy/Public/img/jiankong.png
ERR: 无法加载模块:Public

[ 2017-04-25T10:38:32+08:00 ] ::1 /yy/Public/img/nav2.png
ERR: 无法加载模块:Public

[ 2017-04-25T10:38:32+08:00 ] ::1 /yy/Public/img/zhalan.png
ERR: 无法加载模块:Public

[ 2017-04-25T10:38:32+08:00 ] ::1 /yy/Public/img/yanglan.png
ERR: 无法加载模块:Public

[ 2017-04-25T10:38:32+08:00 ] ::1 /yy/Public/img/nav3.png
ERR: 无法加载模块:Public

[ 2017-04-25T10:38:32+08:00 ] ::1 /yy/Public/img/xinwen.png
ERR: 无法加载模块:Public

[ 2017-04-25T10:38:32+08:00 ] ::1 /yy/Public/img/shu.png
ERR: 无法加载模块:Public

[ 2017-04-25T10:38:32+08:00 ] ::1 /yy/Public/img/yun3.png
ERR: 无法加载模块:Public

[ 2017-04-25T10:38:32+08:00 ] ::1 /yy/Public/img/yanglan2.png
ERR: 无法加载模块:Public

[ 2017-04-25T10:38:32+08:00 ] ::1 /yy/Public/img/fengche2.png
ERR: 无法加载模块:Public

[ 2017-04-25T10:38:32+08:00 ] ::1 /yy/Public/img/rqq.png
ERR: 无法加载模块:Public

[ 2017-04-25T10:38:32+08:00 ] ::1 /yy/Public/img/yang.png
ERR: 无法加载模块:Public

[ 2017-04-25T10:38:32+08:00 ] ::1 /yy/Public/img/fengche1.png
ERR: 无法加载模块:Public

[ 2017-04-25T15:47:00+08:00 ] ::1 /yy/Public/css/fonts/slick.woff
ERR: 无法加载模块:Public

[ 2017-04-25T15:47:00+08:00 ] ::1 /yy/Public/css/ajax-loader.gif
ERR: 无法加载模块:Public

[ 2017-04-25T15:47:01+08:00 ] ::1 /yy/Public/css/fonts/slick.ttf
ERR: 无法加载模块:Public

[ 2017-04-25T15:48:37+08:00 ] ::1 /yy/Public/css/ajax-loader.gif
ERR: 无法加载模块:Public

[ 2017-04-25T15:48:37+08:00 ] ::1 /yy/Public/css/fonts/slick.woff
ERR: 无法加载模块:Public

[ 2017-04-25T15:48:37+08:00 ] ::1 /yy/Public/css/fonts/slick.ttf
ERR: 无法加载模块:Public

[ 2017-04-25T15:56:01+08:00 ] ::1 /yy/Public/css/ajax-loader.gif
ERR: 无法加载模块:Public

[ 2017-04-25T15:56:01+08:00 ] ::1 /yy/Public/css/fonts/slick.woff
ERR: 无法加载模块:Public

[ 2017-04-25T15:56:01+08:00 ] ::1 /yy/Public/css/fonts/slick.ttf
ERR: 无法加载模块:Public

[ 2017-04-25T15:56:07+08:00 ] ::1 /yy/Public/css/ajax-loader.gif
ERR: 无法加载模块:Public

[ 2017-04-25T15:56:07+08:00 ] ::1 /yy/Public/css/fonts/slick.woff
ERR: 无法加载模块:Public

[ 2017-04-25T15:56:07+08:00 ] ::1 /yy/Public/css/fonts/slick.ttf
ERR: 无法加载模块:Public

[ 2017-04-25T15:56:31+08:00 ] ::1 /yy/Public/css/ajax-loader.gif
ERR: 无法加载模块:Public

[ 2017-04-25T15:56:31+08:00 ] ::1 /yy/Public/css/fonts/slick.woff
ERR: 无法加载模块:Public

[ 2017-04-25T15:56:31+08:00 ] ::1 /yy/Public/css/fonts/slick.ttf
ERR: 无法加载模块:Public

[ 2017-04-25T15:58:37+08:00 ] ::1 /yy/Public/css/ajax-loader.gif
ERR: 无法加载模块:Public

[ 2017-04-25T15:58:37+08:00 ] ::1 /yy/Public/css/fonts/slick.woff
ERR: 无法加载模块:Public

[ 2017-04-25T15:58:37+08:00 ] ::1 /yy/Public/css/fonts/slick.ttf
ERR: 无法加载模块:Public

[ 2017-04-25T16:02:45+08:00 ] ::1 /yy/Public/css/ajax-loader.gif
ERR: 无法加载模块:Public

[ 2017-04-25T16:02:45+08:00 ] ::1 /yy/Public/css/fonts/slick.woff
ERR: 无法加载模块:Public

[ 2017-04-25T16:02:45+08:00 ] ::1 /yy/Public/css/fonts/slick.ttf
ERR: 无法加载模块:Public

[ 2017-04-25T16:05:52+08:00 ] ::1 /yy/Public/css/ajax-loader.gif
ERR: 无法加载模块:Public

[ 2017-04-25T16:05:58+08:00 ] ::1 /yy/Public/css/ajax-loader.gif
ERR: 无法加载模块:Public

[ 2017-04-25T16:06:00+08:00 ] ::1 /yy/Public/css/ajax-loader.gif
ERR: 无法加载模块:Public

[ 2017-04-25T16:06:00+08:00 ] ::1 /yy/Public/css/fonts/slick.woff
ERR: 无法加载模块:Public

[ 2017-04-25T16:06:01+08:00 ] ::1 /yy/Public/css/fonts/slick.ttf
ERR: 无法加载模块:Public

[ 2017-04-25T16:10:53+08:00 ] ::1 /yy/Public/css/ajax-loader.gif
ERR: 无法加载模块:Public

[ 2017-04-25T16:10:53+08:00 ] ::1 /yy/Public/css/fonts/slick.woff
ERR: 无法加载模块:Public

[ 2017-04-25T16:10:53+08:00 ] ::1 /yy/Public/css/fonts/slick.ttf
ERR: 无法加载模块:Public

[ 2017-04-25T16:17:33+08:00 ] ::1 /yy/Public/css/ajax-loader.gif
ERR: 无法加载模块:Public

[ 2017-04-25T16:17:33+08:00 ] ::1 /yy/Public/css/fonts/slick.woff
ERR: 无法加载模块:Public

[ 2017-04-25T16:17:33+08:00 ] ::1 /yy/Public/css/fonts/slick.ttf
ERR: 无法加载模块:Public

[ 2017-04-25T16:17:42+08:00 ] ::1 /yy/Public/css/fonts/slick.woff
ERR: 无法加载模块:Public

[ 2017-04-25T16:17:42+08:00 ] ::1 /yy/Public/css/ajax-loader.gif
ERR: 无法加载模块:Public

[ 2017-04-25T16:17:42+08:00 ] ::1 /yy/Public/css/fonts/slick.ttf
ERR: 无法加载模块:Public

[ 2017-04-25T16:25:44+08:00 ] ::1 /yy/Public/css/ajax-loader.gif
ERR: 无法加载模块:Public

[ 2017-04-25T16:25:44+08:00 ] ::1 /yy/Public/css/fonts/slick.woff
ERR: 无法加载模块:Public

[ 2017-04-25T16:25:44+08:00 ] ::1 /yy/Public/css/fonts/slick.ttf
ERR: 无法加载模块:Public

[ 2017-04-25T16:57:33+08:00 ] ::1 /yy/Public/css/ajax-loader.gif
ERR: 无法加载模块:Public

[ 2017-04-25T16:57:33+08:00 ] ::1 /yy/Public/css/fonts/slick.woff
ERR: 无法加载模块:Public

[ 2017-04-25T16:57:34+08:00 ] ::1 /yy/Public/css/fonts/slick.ttf
ERR: 无法加载模块:Public

[ 2017-04-25T16:59:35+08:00 ] ::1 /yy/Public/css/ajax-loader.gif
ERR: 无法加载模块:Public

