[ 2017-05-08T09:12:35+08:00 ] ::1 /yy/Public/css/ajax-loader.gif
ERR: 无法加载模块:Public

[ 2017-05-08T09:28:47+08:00 ] ::1 /yy/Public/css/ajax-loader.gif
ERR: 无法加载模块:Public

[ 2017-05-08T09:28:47+08:00 ] ::1 /yy/Public/css/fonts/slick.woff
ERR: 无法加载模块:Public

[ 2017-05-08T09:28:48+08:00 ] ::1 /yy/Public/css/fonts/slick.ttf
ERR: 无法加载模块:Public

[ 2017-05-08T09:31:07+08:00 ] ::1 /yy/Public/css/ajax-loader.gif
ERR: 无法加载模块:Public

[ 2017-05-08T09:31:07+08:00 ] ::1 /yy/Public/css/fonts/slick.woff
ERR: 无法加载模块:Public

[ 2017-05-08T09:31:07+08:00 ] ::1 /yy/Public/css/fonts/slick.ttf
ERR: 无法加载模块:Public

[ 2017-05-08T09:34:21+08:00 ] ::1 /yy/Public/css/ajax-loader.gif
ERR: 无法加载模块:Public

[ 2017-05-08T09:34:21+08:00 ] ::1 /yy/Public/css/fonts/slick.woff
ERR: 无法加载模块:Public

[ 2017-05-08T09:34:21+08:00 ] ::1 /yy/Public/css/fonts/slick.ttf
ERR: 无法加载模块:Public

[ 2017-05-08T09:35:04+08:00 ] ::1 /yy/Public/css/ajax-loader.gif
ERR: 无法加载模块:Public

[ 2017-05-08T09:35:05+08:00 ] ::1 /yy/Public/css/fonts/slick.woff
ERR: 无法加载模块:Public

[ 2017-05-08T09:35:05+08:00 ] ::1 /yy/Public/css/fonts/slick.ttf
ERR: 无法加载模块:Public

[ 2017-05-08T09:37:10+08:00 ] ::1 /yy/Public/css/ajax-loader.gif
ERR: 无法加载模块:Public

[ 2017-05-08T09:37:10+08:00 ] ::1 /yy/Public/css/fonts/slick.woff
ERR: 无法加载模块:Public

[ 2017-05-08T09:37:10+08:00 ] ::1 /yy/Public/css/fonts/slick.ttf
ERR: 无法加载模块:Public

[ 2017-05-08T09:37:47+08:00 ] ::1 /yy/Public/css/ajax-loader.gif
ERR: 无法加载模块:Public

[ 2017-05-08T09:37:47+08:00 ] ::1 /yy/Public/css/fonts/slick.woff
ERR: 无法加载模块:Public

[ 2017-05-08T09:37:47+08:00 ] ::1 /yy/Public/css/fonts/slick.ttf
ERR: 无法加载模块:Public

[ 2017-05-08T09:38:14+08:00 ] ::1 /yy/Public/css/ajax-loader.gif
ERR: 无法加载模块:Public

[ 2017-05-08T09:38:14+08:00 ] ::1 /yy/Public/css/fonts/slick.woff
ERR: 无法加载模块:Public

[ 2017-05-08T09:38:14+08:00 ] ::1 /yy/Public/css/fonts/slick.ttf
ERR: 无法加载模块:Public

[ 2017-05-08T09:38:36+08:00 ] ::1 /yy/Public/css/ajax-loader.gif
ERR: 无法加载模块:Public

[ 2017-05-08T09:38:36+08:00 ] ::1 /yy/Public/css/fonts/slick.woff
ERR: 无法加载模块:Public

[ 2017-05-08T09:38:36+08:00 ] ::1 /yy/Public/css/fonts/slick.ttf
ERR: 无法加载模块:Public

[ 2017-05-08T09:42:04+08:00 ] ::1 /yy/Public/css/ajax-loader.gif
ERR: 无法加载模块:Public

[ 2017-05-08T09:42:04+08:00 ] ::1 /yy/Public/css/fonts/slick.woff
ERR: 无法加载模块:Public

[ 2017-05-08T09:42:04+08:00 ] ::1 /yy/Public/css/fonts/slick.ttf
ERR: 无法加载模块:Public

[ 2017-05-08T09:42:49+08:00 ] ::1 /yy/Public/css/ajax-loader.gif
ERR: 无法加载模块:Public

[ 2017-05-08T09:42:49+08:00 ] ::1 /yy/Public/css/fonts/slick.woff
ERR: 无法加载模块:Public

[ 2017-05-08T09:42:49+08:00 ] ::1 /yy/Public/css/fonts/slick.ttf
ERR: 无法加载模块:Public

[ 2017-05-08T10:16:42+08:00 ] ::1 /yy/Public/css/ajax-loader.gif
ERR: 无法加载模块:Public

[ 2017-05-08T10:16:42+08:00 ] ::1 /yy/Public/css/fonts/slick.woff
ERR: 无法加载模块:Public

[ 2017-05-08T10:16:43+08:00 ] ::1 /yy/Public/css/fonts/slick.ttf
ERR: 无法加载模块:Public

[ 2017-05-08T10:17:57+08:00 ] ::1 /yy/Public/css/ajax-loader.gif
ERR: 无法加载模块:Public

[ 2017-05-08T10:17:57+08:00 ] ::1 /yy/Public/css/fonts/slick.woff
ERR: 无法加载模块:Public

[ 2017-05-08T10:17:57+08:00 ] ::1 /yy/Public/css/fonts/slick.ttf
ERR: 无法加载模块:Public

[ 2017-05-08T10:20:18+08:00 ] ::1 /yy/Public/css/fonts/slick.woff
ERR: 无法加载模块:Public

[ 2017-05-08T10:20:18+08:00 ] ::1 /yy/Public/css/ajax-loader.gif
ERR: 无法加载模块:Public

[ 2017-05-08T10:20:18+08:00 ] ::1 /yy/Public/css/fonts/slick.ttf
ERR: 无法加载模块:Public

[ 2017-05-08T10:25:40+08:00 ] ::1 /yy/Public/css/ajax-loader.gif
ERR: 无法加载模块:Public

[ 2017-05-08T10:25:40+08:00 ] ::1 /yy/Public/css/fonts/slick.woff
ERR: 无法加载模块:Public

[ 2017-05-08T10:25:40+08:00 ] ::1 /yy/Public/css/fonts/slick.ttf
ERR: 无法加载模块:Public

[ 2017-05-08T10:26:05+08:00 ] ::1 /yy/Public/css/fonts/slick.woff
ERR: 无法加载模块:Public

[ 2017-05-08T10:26:05+08:00 ] ::1 /yy/Public/css/ajax-loader.gif
ERR: 无法加载模块:Public

[ 2017-05-08T10:26:05+08:00 ] ::1 /yy/Public/css/fonts/slick.ttf
ERR: 无法加载模块:Public

[ 2017-05-08T10:26:52+08:00 ] ::1 /yy/Public/css/ajax-loader.gif
ERR: 无法加载模块:Public

[ 2017-05-08T10:26:52+08:00 ] ::1 /yy/Public/css/fonts/slick.woff
ERR: 无法加载模块:Public

[ 2017-05-08T10:26:52+08:00 ] ::1 /yy/Public/css/fonts/slick.ttf
ERR: 无法加载模块:Public

[ 2017-05-08T10:29:49+08:00 ] ::1 /yy/Public/css/ajax-loader.gif
ERR: 无法加载模块:Public

[ 2017-05-08T10:29:49+08:00 ] ::1 /yy/Public/css/fonts/slick.woff
ERR: 无法加载模块:Public

[ 2017-05-08T10:29:49+08:00 ] ::1 /yy/Public/css/fonts/slick.ttf
ERR: 无法加载模块:Public

[ 2017-05-08T10:31:28+08:00 ] ::1 /yy/Public/css/ajax-loader.gif
ERR: 无法加载模块:Public

[ 2017-05-08T10:31:28+08:00 ] ::1 /yy/Public/css/fonts/slick.woff
ERR: 无法加载模块:Public

[ 2017-05-08T10:31:28+08:00 ] ::1 /yy/Public/css/fonts/slick.ttf
ERR: 无法加载模块:Public

[ 2017-05-08T10:33:41+08:00 ] ::1 /yy/Public/css/ajax-loader.gif
ERR: 无法加载模块:Public

[ 2017-05-08T10:33:41+08:00 ] ::1 /yy/Public/css/fonts/slick.woff
ERR: 无法加载模块:Public

[ 2017-05-08T10:33:41+08:00 ] ::1 /yy/Public/css/fonts/slick.ttf
ERR: 无法加载模块:Public

[ 2017-05-08T10:34:47+08:00 ] ::1 /yy/Public/css/ajax-loader.gif
ERR: 无法加载模块:Public

[ 2017-05-08T10:34:47+08:00 ] ::1 /yy/Public/css/fonts/slick.woff
ERR: 无法加载模块:Public

[ 2017-05-08T10:34:47+08:00 ] ::1 /yy/Public/css/fonts/slick.ttf
ERR: 无法加载模块:Public

[ 2017-05-08T10:38:19+08:00 ] ::1 /yy/Public/css/ajax-loader.gif
ERR: 无法加载模块:Public

[ 2017-05-08T10:38:19+08:00 ] ::1 /yy/Public/css/fonts/slick.woff
ERR: 无法加载模块:Public

[ 2017-05-08T10:38:19+08:00 ] ::1 /yy/Public/css/fonts/slick.ttf
ERR: 无法加载模块:Public

[ 2017-05-08T10:47:45+08:00 ] ::1 /yy/Public/css/ajax-loader.gif
ERR: 无法加载模块:Public

[ 2017-05-08T10:47:45+08:00 ] ::1 /yy/Public/css/fonts/slick.woff
ERR: 无法加载模块:Public

[ 2017-05-08T10:47:45+08:00 ] ::1 /yy/Public/css/fonts/slick.ttf
ERR: 无法加载模块:Public

[ 2017-05-08T13:40:45+08:00 ] ::1 /yy/Public/css/ajax-loader.gif
ERR: 无法加载模块:Public

[ 2017-05-08T13:40:45+08:00 ] ::1 /yy/Public/css/fonts/slick.woff
ERR: 无法加载模块:Public

[ 2017-05-08T13:40:46+08:00 ] ::1 /yy/Public/css/fonts/slick.ttf
ERR: 无法加载模块:Public

[ 2017-05-08T13:41:10+08:00 ] ::1 /yy/Public/css/ajax-loader.gif
ERR: 无法加载模块:Public

[ 2017-05-08T13:41:10+08:00 ] ::1 /yy/Public/css/fonts/slick.woff
ERR: 无法加载模块:Public

[ 2017-05-08T13:41:10+08:00 ] ::1 /yy/Public/css/fonts/slick.ttf
ERR: 无法加载模块:Public

[ 2017-05-08T13:59:00+08:00 ] ::1 /yy/Public/css/ajax-loader.gif
ERR: 无法加载模块:Public

[ 2017-05-08T14:00:33+08:00 ] ::1 /yy/Public/css/fonts/slick.woff
ERR: 无法加载模块:Public

[ 2017-05-08T14:00:33+08:00 ] ::1 /yy/Public/css/ajax-loader.gif
ERR: 无法加载模块:Public

[ 2017-05-08T14:00:33+08:00 ] ::1 /yy/Public/css/fonts/slick.ttf
ERR: 无法加载模块:Public

[ 2017-05-08T14:00:53+08:00 ] ::1 /yy/Public/css/ajax-loader.gif
ERR: 无法加载模块:Public

[ 2017-05-08T14:00:53+08:00 ] ::1 /yy/Public/css/fonts/slick.woff
ERR: 无法加载模块:Public

[ 2017-05-08T14:00:53+08:00 ] ::1 /yy/Public/css/fonts/slick.ttf
ERR: 无法加载模块:Public

[ 2017-05-08T14:30:29+08:00 ] ::1 /yy/Public/css/ajax-loader.gif
ERR: 无法加载模块:Public

[ 2017-05-08T14:30:29+08:00 ] ::1 /yy/Public/css/fonts/slick.woff
ERR: 无法加载模块:Public

[ 2017-05-08T14:30:29+08:00 ] ::1 /yy/Public/css/fonts/slick.ttf
ERR: 无法加载模块:Public

[ 2017-05-08T14:51:37+08:00 ] ::1 /yy/index.php/ds
ERR: 无法加载模块:Ds

[ 2017-05-08T14:52:33+08:00 ] ::1 /yy/Public/css/ajax-loader.gif
ERR: 无法加载模块:Public

[ 2017-05-08T14:52:33+08:00 ] ::1 /yy/Public/css/fonts/slick.woff
ERR: 无法加载模块:Public

[ 2017-05-08T14:52:33+08:00 ] ::1 /yy/Public/css/fonts/slick.ttf
ERR: 无法加载模块:Public

[ 2017-05-08T14:58:19+08:00 ] ::1 /yy/Public/css/fonts/slick.woff
ERR: 无法加载模块:Public

[ 2017-05-08T14:58:19+08:00 ] ::1 /yy/Public/css/ajax-loader.gif
ERR: 无法加载模块:Public

[ 2017-05-08T14:58:19+08:00 ] ::1 /yy/Public/css/fonts/slick.ttf
ERR: 无法加载模块:Public

[ 2017-05-08T14:58:54+08:00 ] ::1 /yy/Public/css/ajax-loader.gif
ERR: 无法加载模块:Public

[ 2017-05-08T14:58:54+08:00 ] ::1 /yy/Public/css/fonts/slick.woff
ERR: 无法加载模块:Public

[ 2017-05-08T14:58:54+08:00 ] ::1 /yy/Public/css/fonts/slick.ttf
ERR: 无法加载模块:Public

[ 2017-05-08T15:01:38+08:00 ] ::1 /yy/Public/css/ajax-loader.gif
ERR: 无法加载模块:Public

[ 2017-05-08T15:01:38+08:00 ] ::1 /yy/Public/css/fonts/slick.woff
ERR: 无法加载模块:Public

[ 2017-05-08T15:01:38+08:00 ] ::1 /yy/Public/css/fonts/slick.ttf
ERR: 无法加载模块:Public

[ 2017-05-08T15:02:11+08:00 ] ::1 /yy/Public/css/fonts/slick.woff
ERR: 无法加载模块:Public

[ 2017-05-08T15:02:11+08:00 ] ::1 /yy/Public/css/ajax-loader.gif
ERR: 无法加载模块:Public

[ 2017-05-08T15:02:11+08:00 ] ::1 /yy/Public/css/fonts/slick.ttf
ERR: 无法加载模块:Public

[ 2017-05-08T15:05:49+08:00 ] ::1 /yy/Public/css/ajax-loader.gif
ERR: 无法加载模块:Public


[ 2017-05-08T15:05:49+08:00 ] ::1 /yy/Public/css/fonts/slick.ttf
ERR: 无法加载模块:Public

[ 2017-05-08T15:11:21+08:00 ] ::1 /yy/Public/css/ajax-loader.gif
ERR: 无法加载模块:Public

[ 2017-05-08T15:11:21+08:00 ] ::1 /yy/Public/css/fonts/slick.woff
ERR: 无法加载模块:Public

[ 2017-05-08T15:11:21+08:00 ] ::1 /yy/Public/css/fonts/slick.ttf
ERR: 无法加载模块:Public

[ 2017-05-08T15:12:38+08:00 ] ::1 /yy/Public/css/ajax-loader.gif
ERR: 无法加载模块:Public

[ 2017-05-08T15:12:38+08:00 ] ::1 /yy/Public/css/fonts/slick.woff
ERR: 无法加载模块:Public

[ 2017-05-08T15:12:38+08:00 ] ::1 /yy/Public/css/fonts/slick.ttf
ERR: 无法加载模块:Public

[ 2017-05-08T15:13:34+08:00 ] ::1 /yy/Public/css/ajax-loader.gif
ERR: 无法加载模块:Public

[ 2017-05-08T15:13:34+08:00 ] ::1 /yy/Public/css/fonts/slick.woff
ERR: 无法加载模块:Public

[ 2017-05-08T15:13:34+08:00 ] ::1 /yy/Public/css/fonts/slick.ttf
ERR: 无法加载模块:Public

[ 2017-05-08T15:14:24+08:00 ] ::1 /yy/Public/css/ajax-loader.gif
ERR: 无法加载模块:Public

[ 2017-05-08T15:14:24+08:00 ] ::1 /yy/Public/css/fonts/slick.woff
ERR: 无法加载模块:Public

[ 2017-05-08T15:14:24+08:00 ] ::1 /yy/Public/css/fonts/slick.ttf
ERR: 无法加载模块:Public

[ 2017-05-08T15:14:39+08:00 ] ::1 /yy/Public/css/ajax-loader.gif
ERR: 无法加载模块:Public

[ 2017-05-08T15:14:39+08:00 ] ::1 /yy/Public/css/fonts/slick.woff
ERR: 无法加载模块:Public

[ 2017-05-08T15:14:40+08:00 ] ::1 /yy/Public/css/fonts/slick.ttf
ERR: 无法加载模块:Public

[ 2017-05-08T15:19:00+08:00 ] ::1 /yy/Public/css/ajax-loader.gif
ERR: 无法加载模块:Public

[ 2017-05-08T15:19:00+08:00 ] ::1 /yy/Public/css/fonts/slick.woff
ERR: 无法加载模块:Public

[ 2017-05-08T15:19:01+08:00 ] ::1 /yy/Public/css/fonts/slick.ttf
ERR: 无法加载模块:Public

[ 2017-05-08T15:19:19+08:00 ] ::1 /yy/Public/css/ajax-loader.gif
ERR: 无法加载模块:Public

[ 2017-05-08T15:19:19+08:00 ] ::1 /yy/Public/css/fonts/slick.woff
ERR: 无法加载模块:Public

[ 2017-05-08T15:19:20+08:00 ] ::1 /yy/Public/css/fonts/slick.ttf
ERR: 无法加载模块:Public

[ 2017-05-08T15:34:39+08:00 ] ::1 /yy/Public/css/ajax-loader.gif
ERR: 无法加载模块:Public

[ 2017-05-08T15:34:39+08:00 ] ::1 /yy/Public/css/fonts/slick.woff
ERR: 无法加载模块:Public

[ 2017-05-08T15:34:39+08:00 ] ::1 /yy/Public/css/fonts/slick.ttf
ERR: 无法加载模块:Public

[ 2017-05-08T15:36:19+08:00 ] ::1 /yy/Public/css/ajax-loader.gif
ERR: 无法加载模块:Public

[ 2017-05-08T15:36:19+08:00 ] ::1 /yy/Public/css/fonts/slick.woff
ERR: 无法加载模块:Public

[ 2017-05-08T15:36:19+08:00 ] ::1 /yy/Public/css/fonts/slick.ttf
ERR: 无法加载模块:Public

[ 2017-05-08T15:36:37+08:00 ] ::1 /yy/Public/css/ajax-loader.gif
ERR: 无法加载模块:Public

[ 2017-05-08T15:36:37+08:00 ] ::1 /yy/Public/css/fonts/slick.woff
ERR: 无法加载模块:Public

[ 2017-05-08T15:36:37+08:00 ] ::1 /yy/Public/css/fonts/slick.ttf
ERR: 无法加载模块:Public

