[ 2017-06-10T10:11:27+08:00 ] 113.4.157.52 /index.php/WapPay/index
INFO: [ app_init ] --START--
INFO: Run Behavior\BuildLiteBehavior [ RunTime:0.000024s ]
INFO: [ app_init ] --END-- [ RunTime:0.000675s ]
ERR: 无法加载模块:WapPay

[ 2017-06-10T10:11:34+08:00 ] 113.4.157.52 /index.php/Wappay/index
INFO: [ app_init ] --START--
INFO: Run Behavior\BuildLiteBehavior [ RunTime:0.000022s ]
INFO: [ app_init ] --END-- [ RunTime:0.000644s ]
ERR: 无法加载模块:Wappay

[ 2017-06-10T10:11:36+08:00 ] 140.207.185.107 /index.php/WapPay/index
INFO: [ app_init ] --START--
INFO: Run Behavior\BuildLiteBehavior [ RunTime:0.000027s ]
INFO: [ app_init ] --END-- [ RunTime:0.000682s ]
ERR: 无法加载模块:WapPay

[ 2017-06-10T10:12:22+08:00 ] 113.4.157.52 /index.php/WapPay/index
INFO: [ app_init ] --START--
INFO: Run Behavior\BuildLiteBehavior [ RunTime:0.000022s ]
INFO: [ app_init ] --END-- [ RunTime:0.000652s ]
ERR: 无法加载模块:WapPay

[ 2017-06-10T10:17:42+08:00 ] 101.226.89.122 /index.php/WapPay/index
INFO: [ app_init ] --START--
INFO: Run Behavior\BuildLiteBehavior [ RunTime:0.000023s ]
INFO: [ app_init ] --END-- [ RunTime:0.000553s ]
ERR: 无法加载模块:WapPay

